<?xml version="1.0" encoding="UTF-8"?>
<testsuite xmlns:xsi="http://www.w3.org/2001/XMLSchema-instance" xsi:noNamespaceSchemaLocation="https://maven.apache.org/surefire/maven-surefire-plugin/xsd/surefire-test-report-3.0.xsd" version="3.0" name="karate.ExamplesTest" time="55.934" tests="1" errors="0" skipped="0" failures="0">
  <properties>
    <property name="java.specification.version" value="17"/>
    <property name="sun.cpu.isalist" value="amd64"/>
    <property name="sun.jnu.encoding" value="Cp1252"/>
    <property name="java.class.path" value="C:\Users\USER\Documents\framework-Karate\myproject-Karate-Cookies\target\test-classes;C:\Users\USER\Documents\framework-Karate\myproject-Karate-Cookies\target\classes;C:\Users\USER\.m2\repository\com\intuit\karate\karate-junit5\1.4.1\karate-junit5-1.4.1.jar;C:\Users\USER\.m2\repository\com\intuit\karate\karate-core\1.4.1\karate-core-1.4.1.jar;C:\Users\USER\.m2\repository\org\graalvm\js\js-scriptengine\22.3.3\js-scriptengine-22.3.3.jar;C:\Users\USER\.m2\repository\org\graalvm\sdk\graal-sdk\22.3.3\graal-sdk-22.3.3.jar;C:\Users\USER\.m2\repository\org\graalvm\js\js\22.3.3\js-22.3.3.jar;C:\Users\USER\.m2\repository\org\graalvm\regex\regex\22.3.3\regex-22.3.3.jar;C:\Users\USER\.m2\repository\org\graalvm\truffle\truffle-api\22.3.3\truffle-api-22.3.3.jar;C:\Users\USER\.m2\repository\com\ibm\icu\icu4j\71.1\icu4j-71.1.jar;C:\Users\USER\.m2\repository\org\thymeleaf\thymeleaf\3.1.2.RELEASE\thymeleaf-3.1.2.RELEASE.jar;C:\Users\USER\.m2\repository\ognl\ognl\3.3.4\ognl-3.3.4.jar;C:\Users\USER\.m2\repository\org\javassist\javassist\3.29.0-GA\javassist-3.29.0-GA.jar;C:\Users\USER\.m2\repository\org\attoparser\attoparser\2.0.7.RELEASE\attoparser-2.0.7.RELEASE.jar;C:\Users\USER\.m2\repository\org\unbescape\unbescape\1.1.6.RELEASE\unbescape-1.1.6.RELEASE.jar;C:\Users\USER\.m2\repository\org\slf4j\slf4j-api\2.0.7\slf4j-api-2.0.7.jar;C:\Users\USER\.m2\repository\com\linecorp\armeria\armeria\1.25.2\armeria-1.25.2.jar;C:\Users\USER\.m2\repository\com\fasterxml\jackson\core\jackson-core\2.15.2\jackson-core-2.15.2.jar;C:\Users\USER\.m2\repository\com\fasterxml\jackson\core\jackson-annotations\2.15.2\jackson-annotations-2.15.2.jar;C:\Users\USER\.m2\repository\com\fasterxml\jackson\core\jackson-databind\2.15.2\jackson-databind-2.15.2.jar;C:\Users\USER\.m2\repository\com\fasterxml\jackson\datatype\jackson-datatype-jdk8\2.15.2\jackson-datatype-jdk8-2.15.2.jar;C:\Users\USER\.m2\repository\com\fasterxml\jackson\datatype\jackson-datatype-jsr310\2.15.2\jackson-datatype-jsr310-2.15.2.jar;C:\Users\USER\.m2\repository\io\micrometer\micrometer-core\1.11.3\micrometer-core-1.11.3.jar;C:\Users\USER\.m2\repository\io\micrometer\micrometer-commons\1.11.3\micrometer-commons-1.11.3.jar;C:\Users\USER\.m2\repository\io\micrometer\micrometer-observation\1.11.3\micrometer-observation-1.11.3.jar;C:\Users\USER\.m2\repository\org\hdrhistogram\HdrHistogram\2.1.12\HdrHistogram-2.1.12.jar;C:\Users\USER\.m2\repository\org\latencyutils\LatencyUtils\2.0.3\LatencyUtils-2.0.3.jar;C:\Users\USER\.m2\repository\io\netty\netty-transport\4.1.96.Final\netty-transport-4.1.96.Final.jar;C:\Users\USER\.m2\repository\io\netty\netty-common\4.1.96.Final\netty-common-4.1.96.Final.jar;C:\Users\USER\.m2\repository\io\netty\netty-buffer\4.1.96.Final\netty-buffer-4.1.96.Final.jar;C:\Users\USER\.m2\repository\io\netty\netty-resolver\4.1.96.Final\netty-resolver-4.1.96.Final.jar;C:\Users\USER\.m2\repository\io\netty\netty-codec-haproxy\4.1.96.Final\netty-codec-haproxy-4.1.96.Final.jar;C:\Users\USER\.m2\repository\io\netty\netty-codec\4.1.96.Final\netty-codec-4.1.96.Final.jar;C:\Users\USER\.m2\repository\io\netty\netty-codec-http2\4.1.96.Final\netty-codec-http2-4.1.96.Final.jar;C:\Users\USER\.m2\repository\io\netty\netty-handler\4.1.96.Final\netty-handler-4.1.96.Final.jar;C:\Users\USER\.m2\repository\io\netty\netty-codec-http\4.1.96.Final\netty-codec-http-4.1.96.Final.jar;C:\Users\USER\.m2\repository\io\netty\netty-resolver-dns\4.1.96.Final\netty-resolver-dns-4.1.96.Final.jar;C:\Users\USER\.m2\repository\io\netty\netty-codec-dns\4.1.96.Final\netty-codec-dns-4.1.96.Final.jar;C:\Users\USER\.m2\repository\org\reactivestreams\reactive-streams\1.0.4\reactive-streams-1.0.4.jar;C:\Users\USER\.m2\repository\com\google\code\findbugs\jsr305\3.0.2\jsr305-3.0.2.jar;C:\Users\USER\.m2\repository\io\netty\netty-handler-proxy\4.1.96.Final\netty-handler-proxy-4.1.96.Final.jar;C:\Users\USER\.m2\repository\io\netty\netty-codec-socks\4.1.96.Final\netty-codec-socks-4.1.96.Final.jar;C:\Users\USER\.m2\repository\io\netty\netty-transport-native-unix-common\4.1.96.Final\netty-transport-native-unix-common-4.1.96.Final-linux-x86_64.jar;C:\Users\USER\.m2\repository\io\netty\netty-transport-native-epoll\4.1.96.Final\netty-transport-native-epoll-4.1.96.Final-linux-x86_64.jar;C:\Users\USER\.m2\repository\io\netty\netty-transport-native-unix-common\4.1.96.Final\netty-transport-native-unix-common-4.1.96.Final.jar;C:\Users\USER\.m2\repository\io\netty\netty-transport-classes-epoll\4.1.96.Final\netty-transport-classes-epoll-4.1.96.Final.jar;C:\Users\USER\.m2\repository\io\netty\netty-transport-native-unix-common\4.1.96.Final\netty-transport-native-unix-common-4.1.96.Final-linux-aarch_64.jar;C:\Users\USER\.m2\repository\io\netty\netty-transport-native-epoll\4.1.96.Final\netty-transport-native-epoll-4.1.96.Final-linux-aarch_64.jar;C:\Users\USER\.m2\repository\io\netty\netty-transport-native-unix-common\4.1.96.Final\netty-transport-native-unix-common-4.1.96.Final-osx-x86_64.jar;C:\Users\USER\.m2\repository\io\netty\netty-transport-native-kqueue\4.1.96.Final\netty-transport-native-kqueue-4.1.96.Final-osx-x86_64.jar;C:\Users\USER\.m2\repository\io\netty\netty-transport-classes-kqueue\4.1.96.Final\netty-transport-classes-kqueue-4.1.96.Final.jar;C:\Users\USER\.m2\repository\io\netty\netty-resolver-dns-native-macos\4.1.96.Final\netty-resolver-dns-native-macos-4.1.96.Final-osx-x86_64.jar;C:\Users\USER\.m2\repository\io\netty\netty-resolver-dns-classes-macos\4.1.96.Final\netty-resolver-dns-classes-macos-4.1.96.Final.jar;C:\Users\USER\.m2\repository\io\netty\netty-transport-native-unix-common\4.1.96.Final\netty-transport-native-unix-common-4.1.96.Final-osx-aarch_64.jar;C:\Users\USER\.m2\repository\io\netty\netty-transport-native-kqueue\4.1.96.Final\netty-transport-native-kqueue-4.1.96.Final-osx-aarch_64.jar;C:\Users\USER\.m2\repository\io\netty\netty-resolver-dns-native-macos\4.1.96.Final\netty-resolver-dns-native-macos-4.1.96.Final-osx-aarch_64.jar;C:\Users\USER\.m2\repository\io\netty\netty-tcnative-boringssl-static\2.0.61.Final\netty-tcnative-boringssl-static-2.0.61.Final-linux-x86_64.jar;C:\Users\USER\.m2\repository\io\netty\netty-tcnative-classes\2.0.61.Final\netty-tcnative-classes-2.0.61.Final.jar;C:\Users\USER\.m2\repository\io\netty\netty-tcnative-boringssl-static\2.0.61.Final\netty-tcnative-boringssl-static-2.0.61.Final-linux-aarch_64.jar;C:\Users\USER\.m2\repository\io\netty\netty-tcnative-boringssl-static\2.0.61.Final\netty-tcnative-boringssl-static-2.0.61.Final-osx-x86_64.jar;C:\Users\USER\.m2\repository\io\netty\netty-tcnative-boringssl-static\2.0.61.Final\netty-tcnative-boringssl-static-2.0.61.Final-osx-aarch_64.jar;C:\Users\USER\.m2\repository\io\netty\netty-tcnative-boringssl-static\2.0.61.Final\netty-tcnative-boringssl-static-2.0.61.Final-windows-x86_64.jar;C:\Users\USER\.m2\repository\com\aayushatharva\brotli4j\brotli4j\1.12.0\brotli4j-1.12.0.jar;C:\Users\USER\.m2\repository\com\aayushatharva\brotli4j\service\1.12.0\service-1.12.0.jar;C:\Users\USER\.m2\repository\com\aayushatharva\brotli4j\native-windows-x86_64\1.12.0\native-windows-x86_64-1.12.0.jar;C:\Users\USER\.m2\repository\org\apache\httpcomponents\httpclient\4.5.14\httpclient-4.5.14.jar;C:\Users\USER\.m2\repository\org\apache\httpcomponents\httpcore\4.4.16\httpcore-4.4.16.jar;C:\Users\USER\.m2\repository\commons-codec\commons-codec\1.16.0\commons-codec-1.16.0.jar;C:\Users\USER\.m2\repository\ch\qos\logback\logback-classic\1.4.11\logback-classic-1.4.11.jar;C:\Users\USER\.m2\repository\ch\qos\logback\logback-core\1.4.11\logback-core-1.4.11.jar;C:\Users\USER\.m2\repository\org\slf4j\jcl-over-slf4j\2.0.9\jcl-over-slf4j-2.0.9.jar;C:\Users\USER\.m2\repository\org\antlr\antlr4-runtime\4.11.1\antlr4-runtime-4.11.1.jar;C:\Users\USER\.m2\repository\com\jayway\jsonpath\json-path\2.8.0\json-path-2.8.0.jar;C:\Users\USER\.m2\repository\net\minidev\json-smart\2.4.10\json-smart-2.4.10.jar;C:\Users\USER\.m2\repository\net\minidev\accessors-smart\2.4.9\accessors-smart-2.4.9.jar;C:\Users\USER\.m2\repository\org\ow2\asm\asm\9.3\asm-9.3.jar;C:\Users\USER\.m2\repository\org\yaml\snakeyaml\2.0\snakeyaml-2.0.jar;C:\Users\USER\.m2\repository\de\siegmar\fastcsv\2.2.1\fastcsv-2.2.1.jar;C:\Users\USER\.m2\repository\info\picocli\picocli\4.7.1\picocli-4.7.1.jar;C:\Users\USER\.m2\repository\io\github\classgraph\classgraph\4.8.160\classgraph-4.8.160.jar;C:\Users\USER\.m2\repository\io\github\t12y\resemble\1.0.2\resemble-1.0.2.jar;C:\Users\USER\.m2\repository\io\github\t12y\ssim\1.0.0\ssim-1.0.0.jar;C:\Users\USER\.m2\repository\org\junit\jupiter\junit-jupiter-api\5.9.3\junit-jupiter-api-5.9.3.jar;C:\Users\USER\.m2\repository\org\opentest4j\opentest4j\1.2.0\opentest4j-1.2.0.jar;C:\Users\USER\.m2\repository\org\junit\platform\junit-platform-commons\1.9.3\junit-platform-commons-1.9.3.jar;C:\Users\USER\.m2\repository\org\apiguardian\apiguardian-api\1.1.2\apiguardian-api-1.1.2.jar;C:\Users\USER\.m2\repository\org\junit\jupiter\junit-jupiter-engine\5.9.3\junit-jupiter-engine-5.9.3.jar;C:\Users\USER\.m2\repository\org\junit\platform\junit-platform-engine\1.9.3\junit-platform-engine-1.9.3.jar;"/>
    <property name="java.vm.vendor" value="Oracle Corporation"/>
    <property name="sun.arch.data.model" value="64"/>
    <property name="karate.env" value="desa"/>
    <property name="user.variant" value=""/>
    <property name="java.vendor.url" value="https://java.oracle.com/"/>
    <property name="user.timezone" value="America/Lima"/>
    <property name="os.name" value="Windows 11"/>
    <property name="java.vm.specification.version" value="17"/>
    <property name="sun.java.launcher" value="SUN_STANDARD"/>
    <property name="user.country" value="PE"/>
    <property name="sun.boot.library.path" value="C:\Program Files\Java\jdk-17\bin"/>
    <property name="sun.java.command" value="C:\Users\USER\AppData\Local\Temp\surefire6794901361688336170\surefirebooter-20250708015621444_3.jar C:\Users\USER\AppData\Local\Temp\surefire6794901361688336170 2025-07-08T01-56-21_219-jvmRun1 surefire-20250708015621444_1tmp surefire_0-20250708015621444_2tmp"/>
    <property name="jdk.debug" value="release"/>
    <property name="surefire.test.class.path" value="C:\Users\USER\Documents\framework-Karate\myproject-Karate-Cookies\target\test-classes;C:\Users\USER\Documents\framework-Karate\myproject-Karate-Cookies\target\classes;C:\Users\USER\.m2\repository\com\intuit\karate\karate-junit5\1.4.1\karate-junit5-1.4.1.jar;C:\Users\USER\.m2\repository\com\intuit\karate\karate-core\1.4.1\karate-core-1.4.1.jar;C:\Users\USER\.m2\repository\org\graalvm\js\js-scriptengine\22.3.3\js-scriptengine-22.3.3.jar;C:\Users\USER\.m2\repository\org\graalvm\sdk\graal-sdk\22.3.3\graal-sdk-22.3.3.jar;C:\Users\USER\.m2\repository\org\graalvm\js\js\22.3.3\js-22.3.3.jar;C:\Users\USER\.m2\repository\org\graalvm\regex\regex\22.3.3\regex-22.3.3.jar;C:\Users\USER\.m2\repository\org\graalvm\truffle\truffle-api\22.3.3\truffle-api-22.3.3.jar;C:\Users\USER\.m2\repository\com\ibm\icu\icu4j\71.1\icu4j-71.1.jar;C:\Users\USER\.m2\repository\org\thymeleaf\thymeleaf\3.1.2.RELEASE\thymeleaf-3.1.2.RELEASE.jar;C:\Users\USER\.m2\repository\ognl\ognl\3.3.4\ognl-3.3.4.jar;C:\Users\USER\.m2\repository\org\javassist\javassist\3.29.0-GA\javassist-3.29.0-GA.jar;C:\Users\USER\.m2\repository\org\attoparser\attoparser\2.0.7.RELEASE\attoparser-2.0.7.RELEASE.jar;C:\Users\USER\.m2\repository\org\unbescape\unbescape\1.1.6.RELEASE\unbescape-1.1.6.RELEASE.jar;C:\Users\USER\.m2\repository\org\slf4j\slf4j-api\2.0.7\slf4j-api-2.0.7.jar;C:\Users\USER\.m2\repository\com\linecorp\armeria\armeria\1.25.2\armeria-1.25.2.jar;C:\Users\USER\.m2\repository\com\fasterxml\jackson\core\jackson-core\2.15.2\jackson-core-2.15.2.jar;C:\Users\USER\.m2\repository\com\fasterxml\jackson\core\jackson-annotations\2.15.2\jackson-annotations-2.15.2.jar;C:\Users\USER\.m2\repository\com\fasterxml\jackson\core\jackson-databind\2.15.2\jackson-databind-2.15.2.jar;C:\Users\USER\.m2\repository\com\fasterxml\jackson\datatype\jackson-datatype-jdk8\2.15.2\jackson-datatype-jdk8-2.15.2.jar;C:\Users\USER\.m2\repository\com\fasterxml\jackson\datatype\jackson-datatype-jsr310\2.15.2\jackson-datatype-jsr310-2.15.2.jar;C:\Users\USER\.m2\repository\io\micrometer\micrometer-core\1.11.3\micrometer-core-1.11.3.jar;C:\Users\USER\.m2\repository\io\micrometer\micrometer-commons\1.11.3\micrometer-commons-1.11.3.jar;C:\Users\USER\.m2\repository\io\micrometer\micrometer-observation\1.11.3\micrometer-observation-1.11.3.jar;C:\Users\USER\.m2\repository\org\hdrhistogram\HdrHistogram\2.1.12\HdrHistogram-2.1.12.jar;C:\Users\USER\.m2\repository\org\latencyutils\LatencyUtils\2.0.3\LatencyUtils-2.0.3.jar;C:\Users\USER\.m2\repository\io\netty\netty-transport\4.1.96.Final\netty-transport-4.1.96.Final.jar;C:\Users\USER\.m2\repository\io\netty\netty-common\4.1.96.Final\netty-common-4.1.96.Final.jar;C:\Users\USER\.m2\repository\io\netty\netty-buffer\4.1.96.Final\netty-buffer-4.1.96.Final.jar;C:\Users\USER\.m2\repository\io\netty\netty-resolver\4.1.96.Final\netty-resolver-4.1.96.Final.jar;C:\Users\USER\.m2\repository\io\netty\netty-codec-haproxy\4.1.96.Final\netty-codec-haproxy-4.1.96.Final.jar;C:\Users\USER\.m2\repository\io\netty\netty-codec\4.1.96.Final\netty-codec-4.1.96.Final.jar;C:\Users\USER\.m2\repository\io\netty\netty-codec-http2\4.1.96.Final\netty-codec-http2-4.1.96.Final.jar;C:\Users\USER\.m2\repository\io\netty\netty-handler\4.1.96.Final\netty-handler-4.1.96.Final.jar;C:\Users\USER\.m2\repository\io\netty\netty-codec-http\4.1.96.Final\netty-codec-http-4.1.96.Final.jar;C:\Users\USER\.m2\repository\io\netty\netty-resolver-dns\4.1.96.Final\netty-resolver-dns-4.1.96.Final.jar;C:\Users\USER\.m2\repository\io\netty\netty-codec-dns\4.1.96.Final\netty-codec-dns-4.1.96.Final.jar;C:\Users\USER\.m2\repository\org\reactivestreams\reactive-streams\1.0.4\reactive-streams-1.0.4.jar;C:\Users\USER\.m2\repository\com\google\code\findbugs\jsr305\3.0.2\jsr305-3.0.2.jar;C:\Users\USER\.m2\repository\io\netty\netty-handler-proxy\4.1.96.Final\netty-handler-proxy-4.1.96.Final.jar;C:\Users\USER\.m2\repository\io\netty\netty-codec-socks\4.1.96.Final\netty-codec-socks-4.1.96.Final.jar;C:\Users\USER\.m2\repository\io\netty\netty-transport-native-unix-common\4.1.96.Final\netty-transport-native-unix-common-4.1.96.Final-linux-x86_64.jar;C:\Users\USER\.m2\repository\io\netty\netty-transport-native-epoll\4.1.96.Final\netty-transport-native-epoll-4.1.96.Final-linux-x86_64.jar;C:\Users\USER\.m2\repository\io\netty\netty-transport-native-unix-common\4.1.96.Final\netty-transport-native-unix-common-4.1.96.Final.jar;C:\Users\USER\.m2\repository\io\netty\netty-transport-classes-epoll\4.1.96.Final\netty-transport-classes-epoll-4.1.96.Final.jar;C:\Users\USER\.m2\repository\io\netty\netty-transport-native-unix-common\4.1.96.Final\netty-transport-native-unix-common-4.1.96.Final-linux-aarch_64.jar;C:\Users\USER\.m2\repository\io\netty\netty-transport-native-epoll\4.1.96.Final\netty-transport-native-epoll-4.1.96.Final-linux-aarch_64.jar;C:\Users\USER\.m2\repository\io\netty\netty-transport-native-unix-common\4.1.96.Final\netty-transport-native-unix-common-4.1.96.Final-osx-x86_64.jar;C:\Users\USER\.m2\repository\io\netty\netty-transport-native-kqueue\4.1.96.Final\netty-transport-native-kqueue-4.1.96.Final-osx-x86_64.jar;C:\Users\USER\.m2\repository\io\netty\netty-transport-classes-kqueue\4.1.96.Final\netty-transport-classes-kqueue-4.1.96.Final.jar;C:\Users\USER\.m2\repository\io\netty\netty-resolver-dns-native-macos\4.1.96.Final\netty-resolver-dns-native-macos-4.1.96.Final-osx-x86_64.jar;C:\Users\USER\.m2\repository\io\netty\netty-resolver-dns-classes-macos\4.1.96.Final\netty-resolver-dns-classes-macos-4.1.96.Final.jar;C:\Users\USER\.m2\repository\io\netty\netty-transport-native-unix-common\4.1.96.Final\netty-transport-native-unix-common-4.1.96.Final-osx-aarch_64.jar;C:\Users\USER\.m2\repository\io\netty\netty-transport-native-kqueue\4.1.96.Final\netty-transport-native-kqueue-4.1.96.Final-osx-aarch_64.jar;C:\Users\USER\.m2\repository\io\netty\netty-resolver-dns-native-macos\4.1.96.Final\netty-resolver-dns-native-macos-4.1.96.Final-osx-aarch_64.jar;C:\Users\USER\.m2\repository\io\netty\netty-tcnative-boringssl-static\2.0.61.Final\netty-tcnative-boringssl-static-2.0.61.Final-linux-x86_64.jar;C:\Users\USER\.m2\repository\io\netty\netty-tcnative-classes\2.0.61.Final\netty-tcnative-classes-2.0.61.Final.jar;C:\Users\USER\.m2\repository\io\netty\netty-tcnative-boringssl-static\2.0.61.Final\netty-tcnative-boringssl-static-2.0.61.Final-linux-aarch_64.jar;C:\Users\USER\.m2\repository\io\netty\netty-tcnative-boringssl-static\2.0.61.Final\netty-tcnative-boringssl-static-2.0.61.Final-osx-x86_64.jar;C:\Users\USER\.m2\repository\io\netty\netty-tcnative-boringssl-static\2.0.61.Final\netty-tcnative-boringssl-static-2.0.61.Final-osx-aarch_64.jar;C:\Users\USER\.m2\repository\io\netty\netty-tcnative-boringssl-static\2.0.61.Final\netty-tcnative-boringssl-static-2.0.61.Final-windows-x86_64.jar;C:\Users\USER\.m2\repository\com\aayushatharva\brotli4j\brotli4j\1.12.0\brotli4j-1.12.0.jar;C:\Users\USER\.m2\repository\com\aayushatharva\brotli4j\service\1.12.0\service-1.12.0.jar;C:\Users\USER\.m2\repository\com\aayushatharva\brotli4j\native-windows-x86_64\1.12.0\native-windows-x86_64-1.12.0.jar;C:\Users\USER\.m2\repository\org\apache\httpcomponents\httpclient\4.5.14\httpclient-4.5.14.jar;C:\Users\USER\.m2\repository\org\apache\httpcomponents\httpcore\4.4.16\httpcore-4.4.16.jar;C:\Users\USER\.m2\repository\commons-codec\commons-codec\1.16.0\commons-codec-1.16.0.jar;C:\Users\USER\.m2\repository\ch\qos\logback\logback-classic\1.4.11\logback-classic-1.4.11.jar;C:\Users\USER\.m2\repository\ch\qos\logback\logback-core\1.4.11\logback-core-1.4.11.jar;C:\Users\USER\.m2\repository\org\slf4j\jcl-over-slf4j\2.0.9\jcl-over-slf4j-2.0.9.jar;C:\Users\USER\.m2\repository\org\antlr\antlr4-runtime\4.11.1\antlr4-runtime-4.11.1.jar;C:\Users\USER\.m2\repository\com\jayway\jsonpath\json-path\2.8.0\json-path-2.8.0.jar;C:\Users\USER\.m2\repository\net\minidev\json-smart\2.4.10\json-smart-2.4.10.jar;C:\Users\USER\.m2\repository\net\minidev\accessors-smart\2.4.9\accessors-smart-2.4.9.jar;C:\Users\USER\.m2\repository\org\ow2\asm\asm\9.3\asm-9.3.jar;C:\Users\USER\.m2\repository\org\yaml\snakeyaml\2.0\snakeyaml-2.0.jar;C:\Users\USER\.m2\repository\de\siegmar\fastcsv\2.2.1\fastcsv-2.2.1.jar;C:\Users\USER\.m2\repository\info\picocli\picocli\4.7.1\picocli-4.7.1.jar;C:\Users\USER\.m2\repository\io\github\classgraph\classgraph\4.8.160\classgraph-4.8.160.jar;C:\Users\USER\.m2\repository\io\github\t12y\resemble\1.0.2\resemble-1.0.2.jar;C:\Users\USER\.m2\repository\io\github\t12y\ssim\1.0.0\ssim-1.0.0.jar;C:\Users\USER\.m2\repository\org\junit\jupiter\junit-jupiter-api\5.9.3\junit-jupiter-api-5.9.3.jar;C:\Users\USER\.m2\repository\org\opentest4j\opentest4j\1.2.0\opentest4j-1.2.0.jar;C:\Users\USER\.m2\repository\org\junit\platform\junit-platform-commons\1.9.3\junit-platform-commons-1.9.3.jar;C:\Users\USER\.m2\repository\org\apiguardian\apiguardian-api\1.1.2\apiguardian-api-1.1.2.jar;C:\Users\USER\.m2\repository\org\junit\jupiter\junit-jupiter-engine\5.9.3\junit-jupiter-engine-5.9.3.jar;C:\Users\USER\.m2\repository\org\junit\platform\junit-platform-engine\1.9.3\junit-platform-engine-1.9.3.jar;"/>
    <property name="sun.cpu.endian" value="little"/>
    <property name="user.home" value="C:\Users\USER"/>
    <property name="user.language" value="es"/>
    <property name="java.specification.vendor" value="Oracle Corporation"/>
    <property name="java.version.date" value="2024-07-16"/>
    <property name="java.home" value="C:\Program Files\Java\jdk-17"/>
    <property name="file.separator" value="\"/>
    <property name="basedir" value="C:\Users\USER\Documents\framework-Karate\myproject-Karate-Cookies"/>
    <property name="java.vm.compressedOopsMode" value="Zero based"/>
    <property name="line.separator" value="&#10;"/>
    <property name="java.vm.specification.vendor" value="Oracle Corporation"/>
    <property name="java.specification.name" value="Java Platform API Specification"/>
    <property name="surefire.real.class.path" value="C:\Users\USER\AppData\Local\Temp\surefire6794901361688336170\surefirebooter-20250708015621444_3.jar"/>
    <property name="user.script" value=""/>
    <property name="sun.management.compiler" value="HotSpot 64-Bit Tiered Compilers"/>
    <property name="java.runtime.version" value="17.0.12+8-LTS-286"/>
    <property name="user.name" value="USER"/>
    <property name="path.separator" value=";"/>
    <property name="os.version" value="10.0"/>
    <property name="java.runtime.name" value="Java(TM) SE Runtime Environment"/>
    <property name="file.encoding" value="UTF-8"/>
    <property name="java.vm.name" value="Java HotSpot(TM) 64-Bit Server VM"/>
    <property name="localRepository" value="C:\Users\USER\.m2\repository"/>
    <property name="java.vendor.url.bug" value="https://bugreport.java.com/bugreport/"/>
    <property name="java.io.tmpdir" value="C:\Users\USER\AppData\Local\Temp\"/>
    <property name="java.version" value="17.0.12"/>
    <property name="user.dir" value="C:\Users\USER\Documents\framework-Karate\myproject-Karate-Cookies"/>
    <property name="os.arch" value="amd64"/>
    <property name="java.vm.specification.name" value="Java Virtual Machine Specification"/>
    <property name="sun.os.patch.level" value=""/>
    <property name="native.encoding" value="Cp1252"/>
    <property name="java.library.path" value="C:\Program Files\Java\jdk-17\bin;C:\WINDOWS\Sun\Java\bin;C:\WINDOWS\system32;C:\WINDOWS;C:\Python313\Scripts\;C:\Python313\;C:\Program Files\Common Files\Oracle\Java\javapath;C:\WINDOWS\system32;C:\WINDOWS;C:\WINDOWS\System32\Wbem;C:\WINDOWS\System32\WindowsPowerShell\v1.0\;C:\WINDOWS\System32\OpenSSH\;C:\Program Files\Git\cmd;C:\Program Files\nodejs\;C:\ProgramData\chocolatey\bin;C:\Program Files\dotnet\;C:\Program Files\Docker\Docker\resources\bin;C:\Program Files\Graphviz\bin;C:\Users\USER\AppData\Local\Microsoft\WindowsApps;C:\Users\USER\AppData\Local\Programs\Azure Data Studio\bin;C:\Users\USER\AppData\Local\Programs\Microsoft VS Code\bin;C:\Program Files\apache-maven\bin;C:\Program Files\Java\jdk-17\bin;C:\Users\USER\AppData\Roaming\npm;C:\Program Files\JetBrains\IntelliJ IDEA Community Edition 2024.3.5\bin;;C:\Program Files\Graphviz\bin;C:\Program Files (x86)\Microsoft\Edge\Application;;c:\Users\USER\AppData\Roaming\Code\User\globalStorage\github.copilot-chat\debugCommand;."/>
    <property name="java.vm.info" value="mixed mode, sharing"/>
    <property name="java.vendor" value="Oracle Corporation"/>
    <property name="java.vm.version" value="17.0.12+8-LTS-286"/>
    <property name="sun.io.unicode.encoding" value="UnicodeLittle"/>
    <property name="java.class.version" value="61.0"/>
  </properties>
  <testcase name="testParallel" classname="karate.ExamplesTest" time="55.911">
    <system-out><![CDATA[01:56:22.563 [main] INFO  com.intuit.karate.Runner - using system property 'karate.env': desa
01:56:23.461 [main] DEBUG com.intuit.karate.Suite - [config] classpath:karate-config.js
01:56:23.473 [main] WARN  com.intuit.karate.Suite - failed to backup existing dir: target\karate-reports
01:56:23.484 [main] DEBUG com.intuit.karate.Suite - waiting for 20 features to complete
01:56:25.870 [pool-2-thread-2] DEBUG com.intuit.karate - request:
1 > POST https://api01-siasis-dev.vercel.app/api/login/directivo
1 > Content-Type: application/json; charset=UTF-8
1 > Content-Length: 64
1 > Host: api01-siasis-dev.vercel.app
1 > Connection: Keep-Alive
1 > User-Agent: Apache-HttpClient/4.5.14 (Java/17.0.12)
1 > Accept-Encoding: gzip,deflate
{
  "Nombre_Usuario": "director.asuncion8",
  "Contraseña": "15430124"
}


01:56:25.870 [pool-2-thread-5] DEBUG com.intuit.karate - request:
1 > POST https://api01-siasis-dev.vercel.app/api/login/directivo
1 > Content-Type: application/json; charset=UTF-8
1 > Content-Length: 64
1 > Host: api01-siasis-dev.vercel.app
1 > Connection: Keep-Alive
1 > User-Agent: Apache-HttpClient/4.5.14 (Java/17.0.12)
1 > Accept-Encoding: gzip,deflate
{
  "Nombre_Usuario": "director.asuncion8",
  "Contraseña": "15430124"
}


01:56:25.870 [pool-2-thread-4] DEBUG com.intuit.karate - request:
1 > POST https://api01-siasis-dev.vercel.app/api/login/directivo
1 > Content-Type: application/json; charset=UTF-8
1 > Content-Length: 64
1 > Host: api01-siasis-dev.vercel.app
1 > Connection: Keep-Alive
1 > User-Agent: Apache-HttpClient/4.5.14 (Java/17.0.12)
1 > Accept-Encoding: gzip,deflate
{
  "Nombre_Usuario": "director.asuncion8",
  "Contraseña": "15430124"
}


01:56:25.870 [pool-2-thread-3] DEBUG com.intuit.karate - request:
1 > POST https://api01-siasis-dev.vercel.app/api/login/directivo
1 > Content-Type: application/json; charset=UTF-8
1 > Content-Length: 64
1 > Host: api01-siasis-dev.vercel.app
1 > Connection: Keep-Alive
1 > User-Agent: Apache-HttpClient/4.5.14 (Java/17.0.12)
1 > Accept-Encoding: gzip,deflate
{
  "Nombre_Usuario": "director.asuncion8",
  "Contraseña": "15430124"
}


01:56:25.870 [pool-2-thread-1] DEBUG com.intuit.karate - request:
1 > POST https://api01-siasis-dev.vercel.app/api/login/directivo
1 > Content-Type: application/json; charset=UTF-8
1 > Content-Length: 64
1 > Host: api01-siasis-dev.vercel.app
1 > Connection: Keep-Alive
1 > User-Agent: Apache-HttpClient/4.5.14 (Java/17.0.12)
1 > Accept-Encoding: gzip,deflate
{
  "Nombre_Usuario": "director.asuncion8",
  "Contraseña": "15430124"
}


01:56:27.618 [pool-2-thread-5] DEBUG com.intuit.karate - response time in milliseconds: 1741
1 < 200
1 < Access-Control-Allow-Origin: *
1 < Cache-Control: public, max-age=0, must-revalidate
1 < Content-Length: 509
1 < Content-Type: application/json; charset=utf-8
1 < Date: Tue, 08 Jul 2025 06:56:18 GMT
1 < Etag: W/"1fd-maY3GRCmpYmSnuYVGn6wPW5eogg"
1 < Server: Vercel
1 < Strict-Transport-Security: max-age=63072000; includeSubDomains; preload
1 < X-Powered-By: Express
1 < X-Vercel-Cache: MISS
1 < X-Vercel-Id: gru1::iad1::lrpdm-1751957776990-1d52c3fb7b7b
{
  "success": true,
  "message": "Inicio de sesión exitoso",
  "data": {
    "Apellidos": "Cullanco Espilco",
    "Nombres": "Elena Serafina",
    "Rol": "D",
    "token": "eyJhbGciOiJIUzI1NiIsInR5cCI6IkpXVCJ9.eyJJRF9Vc3VhcmlvIjoiMSIsIk5vbWJyZV9Vc3VhcmlvIjoiZGlyZWN0b3IuYXN1bmNpb244IiwiUkRQMDJfSU5TVEFOQ0UiOiJSRFAwMl9JTlMzIiwiUkRQMDNfSU5TVEFOQ0UiOiJSRFAwM19JTlMxIiwiUm9sIjoiRCIsImlhdCI6MTc1MTk1Nzc3OCwiZXhwIjoxNzUxOTc1Nzc4fQ.zgiMk5F975DPeJHbZbutUWokgz3NCaykbTowj4bUGSk",
    "Google_Drive_Foto_ID": "1pMkv-ba_T2mBKxjp_zBTZtgWEjwxPxdu",
    "Genero": "F"
  }
}


01:56:27.655 [pool-2-thread-5] INFO  com.intuit.karate - [print] eyJhbGciOiJIUzI1NiIsInR5cCI6IkpXVCJ9.eyJJRF9Vc3VhcmlvIjoiMSIsIk5vbWJyZV9Vc3VhcmlvIjoiZGlyZWN0b3IuYXN1bmNpb244IiwiUkRQMDJfSU5TVEFOQ0UiOiJSRFAwMl9JTlMzIiwiUkRQMDNfSU5TVEFOQ0UiOiJSRFAwM19JTlMxIiwiUm9sIjoiRCIsImlhdCI6MTc1MTk1Nzc3OCwiZXhwIjoxNzUxOTc1Nzc4fQ.zgiMk5F975DPeJHbZbutUWokgz3NCaykbTowj4bUGSk 
01:56:27.660 [pool-2-thread-5] INFO  com.intuit.karate - [print] D 
01:56:27.673 [pool-2-thread-5] DEBUG com.intuit.karate - request:
1 > POST https://siasis-dev.vercel.app/api/auth/login
1 > Content-Type: application/json; charset=UTF-8
1 > Content-Length: 447
1 > Host: siasis-dev.vercel.app
1 > Connection: Keep-Alive
1 > User-Agent: Apache-HttpClient/4.5.14 (Java/17.0.12)
1 > Accept-Encoding: gzip,deflate
{
  "Nombres": "Elena Serafina",
  "Apellidos": "Cullanco Espilco",
  "token": "eyJhbGciOiJIUzI1NiIsInR5cCI6IkpXVCJ9.eyJJRF9Vc3VhcmlvIjoiMSIsIk5vbWJyZV9Vc3VhcmlvIjoiZGlyZWN0b3IuYXN1bmNpb244IiwiUkRQMDJfSU5TVEFOQ0UiOiJSRFAwMl9JTlMzIiwiUkRQMDNfSU5TVEFOQ0UiOiJSRFAwM19JTlMxIiwiUm9sIjoiRCIsImlhdCI6MTc1MTk1Nzc3OCwiZXhwIjoxNzUxOTc1Nzc4fQ.zgiMk5F975DPeJHbZbutUWokgz3NCaykbTowj4bUGSk",
  "Genero": "F",
  "Google_Drive_Foto_ID": "1pMkv-ba_T2mBKxjp_zBTZtgWEjwxPxdu",
  "Rol": "D"
}


01:56:28.229 [pool-2-thread-5] DEBUG com.intuit.karate - response time in milliseconds: 549
1 < 201
1 < Cache-Control: public, max-age=0, must-revalidate
1 < Content-Length: 0
1 < Date: Tue, 08 Jul 2025 06:56:18 GMT
1 < Server: Vercel
1 < Set-Cookie: Nombres=Elena%20Serafina; Max-Age=18000; Path=/; HttpOnly; Secure; SameSite=Lax
1 < Set-Cookie: Apellidos=Cullanco%20Espilco; Max-Age=18000; Path=/; HttpOnly; Secure; SameSite=Lax
1 < Set-Cookie: Rol=D; Max-Age=18000; Path=/; HttpOnly; Secure; SameSite=Lax
1 < Set-Cookie: token=eyJhbGciOiJIUzI1NiIsInR5cCI6IkpXVCJ9.eyJJRF9Vc3VhcmlvIjoiMSIsIk5vbWJyZV9Vc3VhcmlvIjoiZGlyZWN0b3IuYXN1bmNpb244IiwiUkRQMDJfSU5TVEFOQ0UiOiJSRFAwMl9JTlMzIiwiUkRQMDNfSU5TVEFOQ0UiOiJSRFAwM19JTlMxIiwiUm9sIjoiRCIsImlhdCI6MTc1MTk1Nzc3OCwiZXhwIjoxNzUxOTc1Nzc4fQ.zgiMk5F975DPeJHbZbutUWokgz3NCaykbTowj4bUGSk; Max-Age=18000; Path=/; HttpOnly; Secure; SameSite=Lax
1 < Set-Cookie: Genero=F; Max-Age=18000; Path=/; HttpOnly; Secure; SameSite=Lax
1 < Set-Cookie: Google_Drive_Foto_ID=1pMkv-ba_T2mBKxjp_zBTZtgWEjwxPxdu; Max-Age=18000; Path=/; HttpOnly; Secure; SameSite=Lax
1 < Strict-Transport-Security: max-age=63072000; includeSubDomains; preload
1 < Vary: RSC, Next-Router-State-Tree, Next-Router-Prefetch, Next-Router-Segment-Prefetch
1 < X-Matched-Path: /api/auth/login
1 < X-Vercel-Cache: MISS
1 < X-Vercel-Id: gru1::iad1::bdvft-1751957778548-641c13d49a62


01:56:28.440 [pool-2-thread-5] DEBUG com.intuit.karate - request:
1 > POST https://siasis-dev.vercel.app/api/asistencia-hoy/marcar
1 > Cookie: Apellidos=Cullanco%20Espilco; Google_Drive_Foto_ID=1pMkv-ba_T2mBKxjp_zBTZtgWEjwxPxdu; Nombres=Elena%20Serafina; Genero=F; Rol=D; token=eyJhbGciOiJIUzI1NiIsInR5cCI6IkpXVCJ9.eyJJRF9Vc3VhcmlvIjoiMSIsIk5vbWJyZV9Vc3VhcmlvIjoiZGlyZWN0b3IuYXN1bmNpb244IiwiUkRQMDJfSU5TVEFOQ0UiOiJSRFAwMl9JTlMzIiwiUkRQMDNfSU5TVEFOQ0UiOiJSRFAwM19JTlMxIiwiUm9sIjoiRCIsImlhdCI6MTc1MTk1Nzc3OCwiZXhwIjoxNzUxOTc1Nzc4fQ.zgiMk5F975DPeJHbZbutUWokgz3NCaykbTowj4bUGSk
1 > Content-Type: application/json; charset=UTF-8
1 > Content-Length: 70
1 > Host: siasis-dev.vercel.app
1 > Connection: Keep-Alive
1 > User-Agent: Apache-HttpClient/4.5.14 (Java/17.0.12)
1 > Accept-Encoding: gzip,deflate
{
  "ModoRegistro": "E",
  "FechaHoraEsperadaISO": "2025-07-08T05:56:28.248Z"
}


01:56:29.242 [pool-2-thread-2] DEBUG com.intuit.karate - response time in milliseconds: 3369
1 < 200
1 < Access-Control-Allow-Origin: *
1 < Cache-Control: public, max-age=0, must-revalidate
1 < Content-Length: 509
1 < Content-Type: application/json; charset=utf-8
1 < Date: Tue, 08 Jul 2025 06:56:19 GMT
1 < Etag: W/"1fd-R0BDVEJKGlyGRKgiIVzIvCcxkS8"
1 < Server: Vercel
1 < Strict-Transport-Security: max-age=63072000; includeSubDomains; preload
1 < X-Powered-By: Express
1 < X-Vercel-Cache: MISS
1 < X-Vercel-Id: gru1::iad1::zpjsk-1751957776990-385a9d101494
{
  "success": true,
  "message": "Inicio de sesión exitoso",
  "data": {
    "Apellidos": "Cullanco Espilco",
    "Nombres": "Elena Serafina",
    "Rol": "D",
    "token": "eyJhbGciOiJIUzI1NiIsInR5cCI6IkpXVCJ9.eyJJRF9Vc3VhcmlvIjoiMSIsIk5vbWJyZV9Vc3VhcmlvIjoiZGlyZWN0b3IuYXN1bmNpb244IiwiUkRQMDJfSU5TVEFOQ0UiOiJSRFAwMl9JTlMyIiwiUkRQMDNfSU5TVEFOQ0UiOiJSRFAwM19JTlMzIiwiUm9sIjoiRCIsImlhdCI6MTc1MTk1Nzc3OSwiZXhwIjoxNzUxOTc1Nzc5fQ.-KwSFRBdxet8m6YNqxD7lXrm-fxxM6sFvXEUc7p8Ze4",
    "Google_Drive_Foto_ID": "1pMkv-ba_T2mBKxjp_zBTZtgWEjwxPxdu",
    "Genero": "F"
  }
}


01:56:29.257 [pool-2-thread-2] INFO  com.intuit.karate - [print] eyJhbGciOiJIUzI1NiIsInR5cCI6IkpXVCJ9.eyJJRF9Vc3VhcmlvIjoiMSIsIk5vbWJyZV9Vc3VhcmlvIjoiZGlyZWN0b3IuYXN1bmNpb244IiwiUkRQMDJfSU5TVEFOQ0UiOiJSRFAwMl9JTlMyIiwiUkRQMDNfSU5TVEFOQ0UiOiJSRFAwM19JTlMzIiwiUm9sIjoiRCIsImlhdCI6MTc1MTk1Nzc3OSwiZXhwIjoxNzUxOTc1Nzc5fQ.-KwSFRBdxet8m6YNqxD7lXrm-fxxM6sFvXEUc7p8Ze4 
01:56:29.258 [pool-2-thread-2] INFO  com.intuit.karate - [print] D 
01:56:29.265 [pool-2-thread-2] DEBUG com.intuit.karate - request:
1 > POST https://siasis-dev.vercel.app/api/auth/login
1 > Content-Type: application/json; charset=UTF-8
1 > Content-Length: 447
1 > Host: siasis-dev.vercel.app
1 > Connection: Keep-Alive
1 > User-Agent: Apache-HttpClient/4.5.14 (Java/17.0.12)
1 > Accept-Encoding: gzip,deflate
{
  "Nombres": "Elena Serafina",
  "Apellidos": "Cullanco Espilco",
  "token": "eyJhbGciOiJIUzI1NiIsInR5cCI6IkpXVCJ9.eyJJRF9Vc3VhcmlvIjoiMSIsIk5vbWJyZV9Vc3VhcmlvIjoiZGlyZWN0b3IuYXN1bmNpb244IiwiUkRQMDJfSU5TVEFOQ0UiOiJSRFAwMl9JTlMyIiwiUkRQMDNfSU5TVEFOQ0UiOiJSRFAwM19JTlMzIiwiUm9sIjoiRCIsImlhdCI6MTc1MTk1Nzc3OSwiZXhwIjoxNzUxOTc1Nzc5fQ.-KwSFRBdxet8m6YNqxD7lXrm-fxxM6sFvXEUc7p8Ze4",
  "Genero": "F",
  "Google_Drive_Foto_ID": "1pMkv-ba_T2mBKxjp_zBTZtgWEjwxPxdu",
  "Rol": "D"
}


01:56:29.289 [pool-2-thread-1] DEBUG com.intuit.karate - response time in milliseconds: 3415
1 < 200
1 < Access-Control-Allow-Origin: *
1 < Cache-Control: public, max-age=0, must-revalidate
1 < Content-Length: 509
1 < Content-Type: application/json; charset=utf-8
1 < Date: Tue, 08 Jul 2025 06:56:19 GMT
1 < Etag: W/"1fd-drsPui9p9Apm0wthR3gNwj4T/2o"
1 < Server: Vercel
1 < Strict-Transport-Security: max-age=63072000; includeSubDomains; preload
1 < X-Powered-By: Express
1 < X-Vercel-Cache: MISS
1 < X-Vercel-Id: gru1::iad1::cmdlq-1751957776990-9cc8bc479f2f
{
  "success": true,
  "message": "Inicio de sesión exitoso",
  "data": {
    "Apellidos": "Cullanco Espilco",
    "Nombres": "Elena Serafina",
    "Rol": "D",
    "token": "eyJhbGciOiJIUzI1NiIsInR5cCI6IkpXVCJ9.eyJJRF9Vc3VhcmlvIjoiMSIsIk5vbWJyZV9Vc3VhcmlvIjoiZGlyZWN0b3IuYXN1bmNpb244IiwiUkRQMDJfSU5TVEFOQ0UiOiJSRFAwMl9JTlMxIiwiUkRQMDNfSU5TVEFOQ0UiOiJSRFAwM19JTlM0IiwiUm9sIjoiRCIsImlhdCI6MTc1MTk1Nzc3OSwiZXhwIjoxNzUxOTc1Nzc5fQ.9YbeiMgVUHk6JaFmx5IgfOnWrrIcuCCPE1hgyu-4v30",
    "Google_Drive_Foto_ID": "1pMkv-ba_T2mBKxjp_zBTZtgWEjwxPxdu",
    "Genero": "F"
  }
}


01:56:29.293 [pool-2-thread-4] DEBUG com.intuit.karate - response time in milliseconds: 3420
1 < 200
1 < Access-Control-Allow-Origin: *
1 < Cache-Control: public, max-age=0, must-revalidate
1 < Content-Length: 509
1 < Content-Type: application/json; charset=utf-8
1 < Date: Tue, 08 Jul 2025 06:56:19 GMT
1 < Etag: W/"1fd-R0BDVEJKGlyGRKgiIVzIvCcxkS8"
1 < Server: Vercel
1 < Strict-Transport-Security: max-age=63072000; includeSubDomains; preload
1 < X-Powered-By: Express
1 < X-Vercel-Cache: MISS
1 < X-Vercel-Id: gru1::iad1::lf27c-1751957776990-b0e876ca1a24
{
  "success": true,
  "message": "Inicio de sesión exitoso",
  "data": {
    "Apellidos": "Cullanco Espilco",
    "Nombres": "Elena Serafina",
    "Rol": "D",
    "token": "eyJhbGciOiJIUzI1NiIsInR5cCI6IkpXVCJ9.eyJJRF9Vc3VhcmlvIjoiMSIsIk5vbWJyZV9Vc3VhcmlvIjoiZGlyZWN0b3IuYXN1bmNpb244IiwiUkRQMDJfSU5TVEFOQ0UiOiJSRFAwMl9JTlMyIiwiUkRQMDNfSU5TVEFOQ0UiOiJSRFAwM19JTlMzIiwiUm9sIjoiRCIsImlhdCI6MTc1MTk1Nzc3OSwiZXhwIjoxNzUxOTc1Nzc5fQ.-KwSFRBdxet8m6YNqxD7lXrm-fxxM6sFvXEUc7p8Ze4",
    "Google_Drive_Foto_ID": "1pMkv-ba_T2mBKxjp_zBTZtgWEjwxPxdu",
    "Genero": "F"
  }
}


01:56:29.294 [pool-2-thread-1] INFO  com.intuit.karate - [print] eyJhbGciOiJIUzI1NiIsInR5cCI6IkpXVCJ9.eyJJRF9Vc3VhcmlvIjoiMSIsIk5vbWJyZV9Vc3VhcmlvIjoiZGlyZWN0b3IuYXN1bmNpb244IiwiUkRQMDJfSU5TVEFOQ0UiOiJSRFAwMl9JTlMxIiwiUkRQMDNfSU5TVEFOQ0UiOiJSRFAwM19JTlM0IiwiUm9sIjoiRCIsImlhdCI6MTc1MTk1Nzc3OSwiZXhwIjoxNzUxOTc1Nzc5fQ.9YbeiMgVUHk6JaFmx5IgfOnWrrIcuCCPE1hgyu-4v30 
01:56:29.295 [pool-2-thread-1] INFO  com.intuit.karate - [print] D 
01:56:29.298 [pool-2-thread-4] INFO  com.intuit.karate - [print] eyJhbGciOiJIUzI1NiIsInR5cCI6IkpXVCJ9.eyJJRF9Vc3VhcmlvIjoiMSIsIk5vbWJyZV9Vc3VhcmlvIjoiZGlyZWN0b3IuYXN1bmNpb244IiwiUkRQMDJfSU5TVEFOQ0UiOiJSRFAwMl9JTlMyIiwiUkRQMDNfSU5TVEFOQ0UiOiJSRFAwM19JTlMzIiwiUm9sIjoiRCIsImlhdCI6MTc1MTk1Nzc3OSwiZXhwIjoxNzUxOTc1Nzc5fQ.-KwSFRBdxet8m6YNqxD7lXrm-fxxM6sFvXEUc7p8Ze4 
01:56:29.300 [pool-2-thread-4] INFO  com.intuit.karate - [print] D 
01:56:29.300 [pool-2-thread-1] DEBUG com.intuit.karate - request:
1 > POST https://siasis-dev.vercel.app/api/auth/login
1 > Content-Type: application/json; charset=UTF-8
1 > Content-Length: 447
1 > Host: siasis-dev.vercel.app
1 > Connection: Keep-Alive
1 > User-Agent: Apache-HttpClient/4.5.14 (Java/17.0.12)
1 > Accept-Encoding: gzip,deflate
{
  "Nombres": "Elena Serafina",
  "Apellidos": "Cullanco Espilco",
  "token": "eyJhbGciOiJIUzI1NiIsInR5cCI6IkpXVCJ9.eyJJRF9Vc3VhcmlvIjoiMSIsIk5vbWJyZV9Vc3VhcmlvIjoiZGlyZWN0b3IuYXN1bmNpb244IiwiUkRQMDJfSU5TVEFOQ0UiOiJSRFAwMl9JTlMxIiwiUkRQMDNfSU5TVEFOQ0UiOiJSRFAwM19JTlM0IiwiUm9sIjoiRCIsImlhdCI6MTc1MTk1Nzc3OSwiZXhwIjoxNzUxOTc1Nzc5fQ.9YbeiMgVUHk6JaFmx5IgfOnWrrIcuCCPE1hgyu-4v30",
  "Genero": "F",
  "Google_Drive_Foto_ID": "1pMkv-ba_T2mBKxjp_zBTZtgWEjwxPxdu",
  "Rol": "D"
}


01:56:29.306 [pool-2-thread-4] DEBUG com.intuit.karate - request:
1 > POST https://siasis-dev.vercel.app/api/auth/login
1 > Content-Type: application/json; charset=UTF-8
1 > Content-Length: 447
1 > Host: siasis-dev.vercel.app
1 > Connection: Keep-Alive
1 > User-Agent: Apache-HttpClient/4.5.14 (Java/17.0.12)
1 > Accept-Encoding: gzip,deflate
{
  "Nombres": "Elena Serafina",
  "Apellidos": "Cullanco Espilco",
  "token": "eyJhbGciOiJIUzI1NiIsInR5cCI6IkpXVCJ9.eyJJRF9Vc3VhcmlvIjoiMSIsIk5vbWJyZV9Vc3VhcmlvIjoiZGlyZWN0b3IuYXN1bmNpb244IiwiUkRQMDJfSU5TVEFOQ0UiOiJSRFAwMl9JTlMyIiwiUkRQMDNfSU5TVEFOQ0UiOiJSRFAwM19JTlMzIiwiUm9sIjoiRCIsImlhdCI6MTc1MTk1Nzc3OSwiZXhwIjoxNzUxOTc1Nzc5fQ.-KwSFRBdxet8m6YNqxD7lXrm-fxxM6sFvXEUc7p8Ze4",
  "Genero": "F",
  "Google_Drive_Foto_ID": "1pMkv-ba_T2mBKxjp_zBTZtgWEjwxPxdu",
  "Rol": "D"
}


01:56:29.335 [pool-2-thread-5] DEBUG com.intuit.karate - response time in milliseconds: 893
1 < 200
1 < Cache-Control: public, max-age=0, must-revalidate
1 < Content-Type: application/json
1 < Date: Tue, 08 Jul 2025 06:56:19 GMT
1 < Server: Vercel
1 < Strict-Transport-Security: max-age=63072000; includeSubDomains; preload
1 < Vary: RSC, Next-Router-State-Tree, Next-Router-Prefetch, Next-Router-Segment-Prefetch
1 < X-Matched-Path: /api/asistencia-hoy/marcar
1 < X-Vercel-Cache: MISS
1 < X-Vercel-Id: gru1::iad1::lw4h4-1751957779256-bda76d963c8e
1 < Transfer-Encoding: chunked
{
  "success": true,
  "message": "La asistencia ya había sido registrada anteriormente",
  "data": {
    "timestamp": 1751957779394,
    "desfaseSegundos": 3591,
    "esNuevoRegistro": false,
    "esRegistroPropio": false,
    "actorRegistrado": "D",
    "tipoAsistencia": "personal"
  }
}


01:56:29.343 [pool-2-thread-5] DEBUG c.intuit.karate.core.ScenarioEngine - over-writing existing variable 'loginFeature' with new value: 'classpath:resources/features/login/Auxiliar.feature'
01:56:29.350 [pool-2-thread-5] DEBUG c.intuit.karate.core.ScenarioEngine - over-writing existing variable 'loginResponse' with new value: call read(loginFeature)
01:56:29.359 [pool-2-thread-5] DEBUG com.intuit.karate - request:
1 > POST https://api01-siasis-dev.vercel.app/api/login/auxiliar
1 > Cookie: Apellidos=Cullanco%20Espilco; Google_Drive_Foto_ID=1pMkv-ba_T2mBKxjp_zBTZtgWEjwxPxdu; Nombres=Elena%20Serafina; Genero=F; Rol=D; token=eyJhbGciOiJIUzI1NiIsInR5cCI6IkpXVCJ9.eyJJRF9Vc3VhcmlvIjoiMSIsIk5vbWJyZV9Vc3VhcmlvIjoiZGlyZWN0b3IuYXN1bmNpb244IiwiUkRQMDJfSU5TVEFOQ0UiOiJSRFAwMl9JTlMzIiwiUkRQMDNfSU5TVEFOQ0UiOiJSRFAwM19JTlMxIiwiUm9sIjoiRCIsImlhdCI6MTc1MTk1Nzc3OCwiZXhwIjoxNzUxOTc1Nzc4fQ.zgiMk5F975DPeJHbZbutUWokgz3NCaykbTowj4bUGSk
1 > Content-Type: application/json; charset=UTF-8
1 > Content-Length: 67
1 > Host: api01-siasis-dev.vercel.app
1 > Connection: Keep-Alive
1 > User-Agent: Apache-HttpClient/4.5.14 (Java/17.0.12)
1 > Accept-Encoding: gzip,deflate
{
  "Nombre_Usuario": "brigida_gonzales_1535",
  "Contraseña": "15357278"
}


01:56:29.497 [pool-2-thread-3] DEBUG com.intuit.karate - response time in milliseconds: 3622
1 < 200
1 < Access-Control-Allow-Origin: *
1 < Cache-Control: public, max-age=0, must-revalidate
1 < Content-Length: 509
1 < Content-Type: application/json; charset=utf-8
1 < Date: Tue, 08 Jul 2025 06:56:19 GMT
1 < Etag: W/"1fd-7dr+DBJTEpXAiUn4QXAjF5NtbWU"
1 < Server: Vercel
1 < Strict-Transport-Security: max-age=63072000; includeSubDomains; preload
1 < X-Powered-By: Express
1 < X-Vercel-Cache: MISS
1 < X-Vercel-Id: gru1::iad1::9l8f7-1751957776990-cd4f6fdd7481
{
  "success": true,
  "message": "Inicio de sesión exitoso",
  "data": {
    "Apellidos": "Cullanco Espilco",
    "Nombres": "Elena Serafina",
    "Rol": "D",
    "token": "eyJhbGciOiJIUzI1NiIsInR5cCI6IkpXVCJ9.eyJJRF9Vc3VhcmlvIjoiMSIsIk5vbWJyZV9Vc3VhcmlvIjoiZGlyZWN0b3IuYXN1bmNpb244IiwiUkRQMDJfSU5TVEFOQ0UiOiJSRFAwMl9JTlMzIiwiUkRQMDNfSU5TVEFOQ0UiOiJSRFAwM19JTlMyIiwiUm9sIjoiRCIsImlhdCI6MTc1MTk1Nzc3OSwiZXhwIjoxNzUxOTc1Nzc5fQ.g711wxr5tV5MSLMFVXKQdUpUwg3df40Odivb46hbxgE",
    "Google_Drive_Foto_ID": "1pMkv-ba_T2mBKxjp_zBTZtgWEjwxPxdu",
    "Genero": "F"
  }
}


01:56:29.505 [pool-2-thread-3] INFO  com.intuit.karate - [print] eyJhbGciOiJIUzI1NiIsInR5cCI6IkpXVCJ9.eyJJRF9Vc3VhcmlvIjoiMSIsIk5vbWJyZV9Vc3VhcmlvIjoiZGlyZWN0b3IuYXN1bmNpb244IiwiUkRQMDJfSU5TVEFOQ0UiOiJSRFAwMl9JTlMzIiwiUkRQMDNfSU5TVEFOQ0UiOiJSRFAwM19JTlMyIiwiUm9sIjoiRCIsImlhdCI6MTc1MTk1Nzc3OSwiZXhwIjoxNzUxOTc1Nzc5fQ.g711wxr5tV5MSLMFVXKQdUpUwg3df40Odivb46hbxgE 
01:56:29.506 [pool-2-thread-3] INFO  com.intuit.karate - [print] D 
01:56:29.512 [pool-2-thread-3] DEBUG com.intuit.karate - request:
1 > POST https://siasis-dev.vercel.app/api/auth/login
1 > Content-Type: application/json; charset=UTF-8
1 > Content-Length: 447
1 > Host: siasis-dev.vercel.app
1 > Connection: Keep-Alive
1 > User-Agent: Apache-HttpClient/4.5.14 (Java/17.0.12)
1 > Accept-Encoding: gzip,deflate
{
  "Nombres": "Elena Serafina",
  "Apellidos": "Cullanco Espilco",
  "token": "eyJhbGciOiJIUzI1NiIsInR5cCI6IkpXVCJ9.eyJJRF9Vc3VhcmlvIjoiMSIsIk5vbWJyZV9Vc3VhcmlvIjoiZGlyZWN0b3IuYXN1bmNpb244IiwiUkRQMDJfSU5TVEFOQ0UiOiJSRFAwMl9JTlMzIiwiUkRQMDNfSU5TVEFOQ0UiOiJSRFAwM19JTlMyIiwiUm9sIjoiRCIsImlhdCI6MTc1MTk1Nzc3OSwiZXhwIjoxNzUxOTc1Nzc5fQ.g711wxr5tV5MSLMFVXKQdUpUwg3df40Odivb46hbxgE",
  "Genero": "F",
  "Google_Drive_Foto_ID": "1pMkv-ba_T2mBKxjp_zBTZtgWEjwxPxdu",
  "Rol": "D"
}


01:56:29.760 [pool-2-thread-2] DEBUG com.intuit.karate - response time in milliseconds: 493
1 < 201
1 < Cache-Control: public, max-age=0, must-revalidate
1 < Content-Length: 0
1 < Date: Tue, 08 Jul 2025 06:56:20 GMT
1 < Server: Vercel
1 < Set-Cookie: Nombres=Elena%20Serafina; Max-Age=18000; Path=/; HttpOnly; Secure; SameSite=Lax
1 < Set-Cookie: Apellidos=Cullanco%20Espilco; Max-Age=18000; Path=/; HttpOnly; Secure; SameSite=Lax
1 < Set-Cookie: Rol=D; Max-Age=18000; Path=/; HttpOnly; Secure; SameSite=Lax
1 < Set-Cookie: token=eyJhbGciOiJIUzI1NiIsInR5cCI6IkpXVCJ9.eyJJRF9Vc3VhcmlvIjoiMSIsIk5vbWJyZV9Vc3VhcmlvIjoiZGlyZWN0b3IuYXN1bmNpb244IiwiUkRQMDJfSU5TVEFOQ0UiOiJSRFAwMl9JTlMyIiwiUkRQMDNfSU5TVEFOQ0UiOiJSRFAwM19JTlMzIiwiUm9sIjoiRCIsImlhdCI6MTc1MTk1Nzc3OSwiZXhwIjoxNzUxOTc1Nzc5fQ.-KwSFRBdxet8m6YNqxD7lXrm-fxxM6sFvXEUc7p8Ze4; Max-Age=18000; Path=/; HttpOnly; Secure; SameSite=Lax
1 < Set-Cookie: Genero=F; Max-Age=18000; Path=/; HttpOnly; Secure; SameSite=Lax
1 < Set-Cookie: Google_Drive_Foto_ID=1pMkv-ba_T2mBKxjp_zBTZtgWEjwxPxdu; Max-Age=18000; Path=/; HttpOnly; Secure; SameSite=Lax
1 < Strict-Transport-Security: max-age=63072000; includeSubDomains; preload
1 < Vary: RSC, Next-Router-State-Tree, Next-Router-Prefetch, Next-Router-Segment-Prefetch
1 < X-Matched-Path: /api/auth/login
1 < X-Vercel-Cache: MISS
1 < X-Vercel-Id: gru1::iad1::cq8gr-1751957780065-1e101605d9e1


01:56:29.761 [pool-2-thread-4] DEBUG com.intuit.karate - response time in milliseconds: 453
1 < 201
1 < Cache-Control: public, max-age=0, must-revalidate
1 < Content-Length: 0
1 < Date: Tue, 08 Jul 2025 06:56:20 GMT
1 < Server: Vercel
1 < Set-Cookie: Nombres=Elena%20Serafina; Max-Age=18000; Path=/; HttpOnly; Secure; SameSite=Lax
1 < Set-Cookie: Apellidos=Cullanco%20Espilco; Max-Age=18000; Path=/; HttpOnly; Secure; SameSite=Lax
1 < Set-Cookie: Rol=D; Max-Age=18000; Path=/; HttpOnly; Secure; SameSite=Lax
1 < Set-Cookie: token=eyJhbGciOiJIUzI1NiIsInR5cCI6IkpXVCJ9.eyJJRF9Vc3VhcmlvIjoiMSIsIk5vbWJyZV9Vc3VhcmlvIjoiZGlyZWN0b3IuYXN1bmNpb244IiwiUkRQMDJfSU5TVEFOQ0UiOiJSRFAwMl9JTlMyIiwiUkRQMDNfSU5TVEFOQ0UiOiJSRFAwM19JTlMzIiwiUm9sIjoiRCIsImlhdCI6MTc1MTk1Nzc3OSwiZXhwIjoxNzUxOTc1Nzc5fQ.-KwSFRBdxet8m6YNqxD7lXrm-fxxM6sFvXEUc7p8Ze4; Max-Age=18000; Path=/; HttpOnly; Secure; SameSite=Lax
1 < Set-Cookie: Genero=F; Max-Age=18000; Path=/; HttpOnly; Secure; SameSite=Lax
1 < Set-Cookie: Google_Drive_Foto_ID=1pMkv-ba_T2mBKxjp_zBTZtgWEjwxPxdu; Max-Age=18000; Path=/; HttpOnly; Secure; SameSite=Lax
1 < Strict-Transport-Security: max-age=63072000; includeSubDomains; preload
1 < Vary: RSC, Next-Router-State-Tree, Next-Router-Prefetch, Next-Router-Segment-Prefetch
1 < X-Matched-Path: /api/auth/login
1 < X-Vercel-Cache: MISS
1 < X-Vercel-Id: gru1::iad1::zdj87-1751957780114-c7cb220f38dd


01:56:29.762 [pool-2-thread-1] DEBUG com.intuit.karate - response time in milliseconds: 459
1 < 201
1 < Cache-Control: public, max-age=0, must-revalidate
1 < Content-Length: 0
1 < Date: Tue, 08 Jul 2025 06:56:20 GMT
1 < Server: Vercel
1 < Set-Cookie: Nombres=Elena%20Serafina; Max-Age=18000; Path=/; HttpOnly; Secure; SameSite=Lax
1 < Set-Cookie: Apellidos=Cullanco%20Espilco; Max-Age=18000; Path=/; HttpOnly; Secure; SameSite=Lax
1 < Set-Cookie: Rol=D; Max-Age=18000; Path=/; HttpOnly; Secure; SameSite=Lax
1 < Set-Cookie: token=eyJhbGciOiJIUzI1NiIsInR5cCI6IkpXVCJ9.eyJJRF9Vc3VhcmlvIjoiMSIsIk5vbWJyZV9Vc3VhcmlvIjoiZGlyZWN0b3IuYXN1bmNpb244IiwiUkRQMDJfSU5TVEFOQ0UiOiJSRFAwMl9JTlMxIiwiUkRQMDNfSU5TVEFOQ0UiOiJSRFAwM19JTlM0IiwiUm9sIjoiRCIsImlhdCI6MTc1MTk1Nzc3OSwiZXhwIjoxNzUxOTc1Nzc5fQ.9YbeiMgVUHk6JaFmx5IgfOnWrrIcuCCPE1hgyu-4v30; Max-Age=18000; Path=/; HttpOnly; Secure; SameSite=Lax
1 < Set-Cookie: Genero=F; Max-Age=18000; Path=/; HttpOnly; Secure; SameSite=Lax
1 < Set-Cookie: Google_Drive_Foto_ID=1pMkv-ba_T2mBKxjp_zBTZtgWEjwxPxdu; Max-Age=18000; Path=/; HttpOnly; Secure; SameSite=Lax
1 < Strict-Transport-Security: max-age=63072000; includeSubDomains; preload
1 < Vary: RSC, Next-Router-State-Tree, Next-Router-Prefetch, Next-Router-Segment-Prefetch
1 < X-Matched-Path: /api/auth/login
1 < X-Vercel-Cache: MISS
1 < X-Vercel-Id: gru1::iad1::2cxpp-1751957780109-29c63de8ae11


01:56:29.772 [pool-2-thread-1] DEBUG com.intuit.karate - request:
1 > POST https://siasis-dev.vercel.app/api/asistencia-hoy/marcar
1 > Cookie: Apellidos=Cullanco%20Espilco; Google_Drive_Foto_ID=1pMkv-ba_T2mBKxjp_zBTZtgWEjwxPxdu; Nombres=Elena%20Serafina; Genero=F; Rol=D; token=eyJhbGciOiJIUzI1NiIsInR5cCI6IkpXVCJ9.eyJJRF9Vc3VhcmlvIjoiMSIsIk5vbWJyZV9Vc3VhcmlvIjoiZGlyZWN0b3IuYXN1bmNpb244IiwiUkRQMDJfSU5TVEFOQ0UiOiJSRFAwMl9JTlMxIiwiUkRQMDNfSU5TVEFOQ0UiOiJSRFAwM19JTlM0IiwiUm9sIjoiRCIsImlhdCI6MTc1MTk1Nzc3OSwiZXhwIjoxNzUxOTc1Nzc5fQ.9YbeiMgVUHk6JaFmx5IgfOnWrrIcuCCPE1hgyu-4v30
1 > Content-Type: application/json; charset=UTF-8
1 > Content-Length: 70
1 > Host: siasis-dev.vercel.app
1 > Connection: Keep-Alive
1 > User-Agent: Apache-HttpClient/4.5.14 (Java/17.0.12)
1 > Accept-Encoding: gzip,deflate
{
  "ModoRegistro": "E",
  "FechaHoraEsperadaISO": "2025-07-08T05:56:29.767Z"
}


01:56:29.774 [pool-2-thread-2] DEBUG com.intuit.karate - request:
1 > POST https://siasis-dev.vercel.app/api/asistencia-hoy/marcar
1 > Cookie: Apellidos=Cullanco%20Espilco; Google_Drive_Foto_ID=1pMkv-ba_T2mBKxjp_zBTZtgWEjwxPxdu; Nombres=Elena%20Serafina; Genero=F; Rol=D; token=eyJhbGciOiJIUzI1NiIsInR5cCI6IkpXVCJ9.eyJJRF9Vc3VhcmlvIjoiMSIsIk5vbWJyZV9Vc3VhcmlvIjoiZGlyZWN0b3IuYXN1bmNpb244IiwiUkRQMDJfSU5TVEFOQ0UiOiJSRFAwMl9JTlMyIiwiUkRQMDNfSU5TVEFOQ0UiOiJSRFAwM19JTlMzIiwiUm9sIjoiRCIsImlhdCI6MTc1MTk1Nzc3OSwiZXhwIjoxNzUxOTc1Nzc5fQ.-KwSFRBdxet8m6YNqxD7lXrm-fxxM6sFvXEUc7p8Ze4
1 > Content-Type: application/json; charset=UTF-8
1 > Content-Length: 70
1 > Host: siasis-dev.vercel.app
1 > Connection: Keep-Alive
1 > User-Agent: Apache-HttpClient/4.5.14 (Java/17.0.12)
1 > Accept-Encoding: gzip,deflate
{
  "ModoRegistro": "E",
  "FechaHoraEsperadaISO": "2025-07-08T05:56:29.766Z"
}


01:56:29.772 [pool-2-thread-4] DEBUG com.intuit.karate - request:
1 > POST https://siasis-dev.vercel.app/api/asistencia-hoy/marcar
1 > Cookie: Apellidos=Cullanco%20Espilco; Google_Drive_Foto_ID=1pMkv-ba_T2mBKxjp_zBTZtgWEjwxPxdu; Nombres=Elena%20Serafina; Genero=F; Rol=D; token=eyJhbGciOiJIUzI1NiIsInR5cCI6IkpXVCJ9.eyJJRF9Vc3VhcmlvIjoiMSIsIk5vbWJyZV9Vc3VhcmlvIjoiZGlyZWN0b3IuYXN1bmNpb244IiwiUkRQMDJfSU5TVEFOQ0UiOiJSRFAwMl9JTlMyIiwiUkRQMDNfSU5TVEFOQ0UiOiJSRFAwM19JTlMzIiwiUm9sIjoiRCIsImlhdCI6MTc1MTk1Nzc3OSwiZXhwIjoxNzUxOTc1Nzc5fQ.-KwSFRBdxet8m6YNqxD7lXrm-fxxM6sFvXEUc7p8Ze4
1 > Content-Type: application/json; charset=UTF-8
1 > Content-Length: 70
1 > Host: siasis-dev.vercel.app
1 > Connection: Keep-Alive
1 > User-Agent: Apache-HttpClient/4.5.14 (Java/17.0.12)
1 > Accept-Encoding: gzip,deflate
{
  "ModoRegistro": "E",
  "FechaHoraEsperadaISO": "2025-07-08T05:56:29.766Z"
}


01:56:30.003 [pool-2-thread-3] DEBUG com.intuit.karate - response time in milliseconds: 490
1 < 201
1 < Cache-Control: public, max-age=0, must-revalidate
1 < Content-Length: 0
1 < Date: Tue, 08 Jul 2025 06:56:20 GMT
1 < Server: Vercel
1 < Set-Cookie: Nombres=Elena%20Serafina; Max-Age=18000; Path=/; HttpOnly; Secure; SameSite=Lax
1 < Set-Cookie: Apellidos=Cullanco%20Espilco; Max-Age=18000; Path=/; HttpOnly; Secure; SameSite=Lax
1 < Set-Cookie: Rol=D; Max-Age=18000; Path=/; HttpOnly; Secure; SameSite=Lax
1 < Set-Cookie: token=eyJhbGciOiJIUzI1NiIsInR5cCI6IkpXVCJ9.eyJJRF9Vc3VhcmlvIjoiMSIsIk5vbWJyZV9Vc3VhcmlvIjoiZGlyZWN0b3IuYXN1bmNpb244IiwiUkRQMDJfSU5TVEFOQ0UiOiJSRFAwMl9JTlMzIiwiUkRQMDNfSU5TVEFOQ0UiOiJSRFAwM19JTlMyIiwiUm9sIjoiRCIsImlhdCI6MTc1MTk1Nzc3OSwiZXhwIjoxNzUxOTc1Nzc5fQ.g711wxr5tV5MSLMFVXKQdUpUwg3df40Odivb46hbxgE; Max-Age=18000; Path=/; HttpOnly; Secure; SameSite=Lax
1 < Set-Cookie: Genero=F; Max-Age=18000; Path=/; HttpOnly; Secure; SameSite=Lax
1 < Set-Cookie: Google_Drive_Foto_ID=1pMkv-ba_T2mBKxjp_zBTZtgWEjwxPxdu; Max-Age=18000; Path=/; HttpOnly; Secure; SameSite=Lax
1 < Strict-Transport-Security: max-age=63072000; includeSubDomains; preload
1 < Vary: RSC, Next-Router-State-Tree, Next-Router-Prefetch, Next-Router-Segment-Prefetch
1 < X-Matched-Path: /api/auth/login
1 < X-Vercel-Cache: MISS
1 < X-Vercel-Id: gru1::iad1::2cxpp-1751957780379-78c58dab579c


01:56:30.011 [pool-2-thread-3] DEBUG com.intuit.karate - request:
1 > POST https://siasis-dev.vercel.app/api/asistencia-hoy/marcar
1 > Cookie: Apellidos=Cullanco%20Espilco; Google_Drive_Foto_ID=1pMkv-ba_T2mBKxjp_zBTZtgWEjwxPxdu; Nombres=Elena%20Serafina; Genero=F; Rol=D; token=eyJhbGciOiJIUzI1NiIsInR5cCI6IkpXVCJ9.eyJJRF9Vc3VhcmlvIjoiMSIsIk5vbWJyZV9Vc3VhcmlvIjoiZGlyZWN0b3IuYXN1bmNpb244IiwiUkRQMDJfSU5TVEFOQ0UiOiJSRFAwMl9JTlMzIiwiUkRQMDNfSU5TVEFOQ0UiOiJSRFAwM19JTlMyIiwiUm9sIjoiRCIsImlhdCI6MTc1MTk1Nzc3OSwiZXhwIjoxNzUxOTc1Nzc5fQ.g711wxr5tV5MSLMFVXKQdUpUwg3df40Odivb46hbxgE
1 > Content-Type: application/json; charset=UTF-8
1 > Content-Length: 70
1 > Host: siasis-dev.vercel.app
1 > Connection: Keep-Alive
1 > User-Agent: Apache-HttpClient/4.5.14 (Java/17.0.12)
1 > Accept-Encoding: gzip,deflate
{
  "ModoRegistro": "E",
  "FechaHoraEsperadaISO": "2025-07-08T05:56:30.006Z"
}


01:56:30.299 [pool-2-thread-5] DEBUG com.intuit.karate - response time in milliseconds: 938
1 < 200
1 < Access-Control-Allow-Origin: *
1 < Cache-Control: public, max-age=0, must-revalidate
1 < Content-Length: 515
1 < Content-Type: application/json; charset=utf-8
1 < Date: Tue, 08 Jul 2025 06:56:20 GMT
1 < Etag: W/"203-2MUTQPu12X4v5u8eaCGgCvaN+BQ"
1 < Server: Vercel
1 < Strict-Transport-Security: max-age=63072000; includeSubDomains; preload
1 < X-Powered-By: Express
1 < X-Vercel-Cache: MISS
1 < X-Vercel-Id: gru1::iad1::9l8f7-1751957780159-86cbe7b3be50
{
  "success": true,
  "message": "Inicio de sesión exitoso",
  "data": {
    "Apellidos": "Gonzales Morales",
    "Nombres": "Brigida",
    "Rol": "A",
    "token": "eyJhbGciOiJIUzI1NiIsInR5cCI6IkpXVCJ9.eyJJRF9Vc3VhcmlvIjoiMTUzNTcyNzgiLCJSRFAwMl9JTlNUQU5DRSI6IlJEUDAyX0lOUzEiLCJSRFAwM19JTlNUQU5DRSI6IlJEUDAzX0lOUzIiLCJOb21icmVfVXN1YXJpbyI6ImJyaWdpZGFfZ29uemFsZXNfMTUzNSIsIlJvbCI6IkEiLCJpYXQiOjE3NTE5NTc3ODAsImV4cCI6MTc1MTk3NTc4MH0.VXyQKGB3ugwhx_E5MJ4vhCQf3cZeXW5YXAKohd_Idhk",
    "Google_Drive_Foto_ID": "1zMyKrzbyqYhCZX-7usVpUfzuwOvRpQtA",
    "Genero": "F"
  }
}


01:56:30.313 [pool-2-thread-5] INFO  com.intuit.karate - [print] eyJhbGciOiJIUzI1NiIsInR5cCI6IkpXVCJ9.eyJJRF9Vc3VhcmlvIjoiMTUzNTcyNzgiLCJSRFAwMl9JTlNUQU5DRSI6IlJEUDAyX0lOUzEiLCJSRFAwM19JTlNUQU5DRSI6IlJEUDAzX0lOUzIiLCJOb21icmVfVXN1YXJpbyI6ImJyaWdpZGFfZ29uemFsZXNfMTUzNSIsIlJvbCI6IkEiLCJpYXQiOjE3NTE5NTc3ODAsImV4cCI6MTc1MTk3NTc4MH0.VXyQKGB3ugwhx_E5MJ4vhCQf3cZeXW5YXAKohd_Idhk 
01:56:30.315 [pool-2-thread-5] INFO  com.intuit.karate - [print] A 
01:56:30.326 [pool-2-thread-5] DEBUG com.intuit.karate - request:
1 > POST https://siasis-dev.vercel.app/api/auth/login
1 > Cookie: Apellidos=Cullanco%20Espilco; Google_Drive_Foto_ID=1pMkv-ba_T2mBKxjp_zBTZtgWEjwxPxdu; Nombres=Elena%20Serafina; Genero=F; Rol=D; token=eyJhbGciOiJIUzI1NiIsInR5cCI6IkpXVCJ9.eyJJRF9Vc3VhcmlvIjoiMSIsIk5vbWJyZV9Vc3VhcmlvIjoiZGlyZWN0b3IuYXN1bmNpb244IiwiUkRQMDJfSU5TVEFOQ0UiOiJSRFAwMl9JTlMzIiwiUkRQMDNfSU5TVEFOQ0UiOiJSRFAwM19JTlMxIiwiUm9sIjoiRCIsImlhdCI6MTc1MTk1Nzc3OCwiZXhwIjoxNzUxOTc1Nzc4fQ.zgiMk5F975DPeJHbZbutUWokgz3NCaykbTowj4bUGSk
1 > Content-Type: application/json; charset=UTF-8
1 > Content-Length: 453
1 > Host: siasis-dev.vercel.app
1 > Connection: Keep-Alive
1 > User-Agent: Apache-HttpClient/4.5.14 (Java/17.0.12)
1 > Accept-Encoding: gzip,deflate
{
  "Nombres": "Brigida",
  "Apellidos": "Gonzales Morales",
  "token": "eyJhbGciOiJIUzI1NiIsInR5cCI6IkpXVCJ9.eyJJRF9Vc3VhcmlvIjoiMTUzNTcyNzgiLCJSRFAwMl9JTlNUQU5DRSI6IlJEUDAyX0lOUzEiLCJSRFAwM19JTlNUQU5DRSI6IlJEUDAzX0lOUzIiLCJOb21icmVfVXN1YXJpbyI6ImJyaWdpZGFfZ29uemFsZXNfMTUzNSIsIlJvbCI6IkEiLCJpYXQiOjE3NTE5NTc3ODAsImV4cCI6MTc1MTk3NTc4MH0.VXyQKGB3ugwhx_E5MJ4vhCQf3cZeXW5YXAKohd_Idhk",
  "Genero": "F",
  "Google_Drive_Foto_ID": "1zMyKrzbyqYhCZX-7usVpUfzuwOvRpQtA",
  "Rol": "A"
}


01:56:30.367 [pool-2-thread-1] DEBUG com.intuit.karate - response time in milliseconds: 591
1 < 200
1 < Cache-Control: public, max-age=0, must-revalidate
1 < Content-Type: application/json
1 < Date: Tue, 08 Jul 2025 06:56:20 GMT
1 < Server: Vercel
1 < Strict-Transport-Security: max-age=63072000; includeSubDomains; preload
1 < Vary: RSC, Next-Router-State-Tree, Next-Router-Prefetch, Next-Router-Segment-Prefetch
1 < X-Matched-Path: /api/asistencia-hoy/marcar
1 < X-Vercel-Cache: MISS
1 < X-Vercel-Id: gru1::iad1::2cxpp-1751957780578-ab978f86bf3f
1 < Transfer-Encoding: chunked
{
  "success": true,
  "message": "La asistencia ya había sido registrada anteriormente",
  "data": {
    "timestamp": 1751957780692,
    "desfaseSegundos": 3590,
    "esNuevoRegistro": false,
    "esRegistroPropio": false,
    "actorRegistrado": "D",
    "tipoAsistencia": "personal"
  }
}


01:56:30.386 [pool-2-thread-1] DEBUG c.intuit.karate.core.ScenarioEngine - over-writing existing variable 'loginFeature' with new value: 'classpath:resources/features/login/Auxiliar.feature'
01:56:30.399 [pool-2-thread-1] DEBUG c.intuit.karate.core.ScenarioEngine - over-writing existing variable 'loginResponse' with new value: call read(loginFeature)
01:56:30.416 [pool-2-thread-1] DEBUG com.intuit.karate - request:
1 > POST https://api01-siasis-dev.vercel.app/api/login/auxiliar
1 > Cookie: Apellidos=Cullanco%20Espilco; Google_Drive_Foto_ID=1pMkv-ba_T2mBKxjp_zBTZtgWEjwxPxdu; Nombres=Elena%20Serafina; Genero=F; Rol=D; token=eyJhbGciOiJIUzI1NiIsInR5cCI6IkpXVCJ9.eyJJRF9Vc3VhcmlvIjoiMSIsIk5vbWJyZV9Vc3VhcmlvIjoiZGlyZWN0b3IuYXN1bmNpb244IiwiUkRQMDJfSU5TVEFOQ0UiOiJSRFAwMl9JTlMxIiwiUkRQMDNfSU5TVEFOQ0UiOiJSRFAwM19JTlM0IiwiUm9sIjoiRCIsImlhdCI6MTc1MTk1Nzc3OSwiZXhwIjoxNzUxOTc1Nzc5fQ.9YbeiMgVUHk6JaFmx5IgfOnWrrIcuCCPE1hgyu-4v30
1 > Content-Type: application/json; charset=UTF-8
1 > Content-Length: 67
1 > Host: api01-siasis-dev.vercel.app
1 > Connection: Keep-Alive
1 > User-Agent: Apache-HttpClient/4.5.14 (Java/17.0.12)
1 > Accept-Encoding: gzip,deflate
{
  "Nombre_Usuario": "brigida_gonzales_1535",
  "Contraseña": "15357278"
}


01:56:30.532 [pool-2-thread-2] DEBUG com.intuit.karate - response time in milliseconds: 755
1 < 200
1 < Cache-Control: public, max-age=0, must-revalidate
1 < Content-Type: application/json
1 < Date: Tue, 08 Jul 2025 06:56:21 GMT
1 < Server: Vercel
1 < Strict-Transport-Security: max-age=63072000; includeSubDomains; preload
1 < Vary: RSC, Next-Router-State-Tree, Next-Router-Prefetch, Next-Router-Segment-Prefetch
1 < X-Matched-Path: /api/asistencia-hoy/marcar
1 < X-Vercel-Cache: MISS
1 < X-Vercel-Id: gru1::iad1::cq8gr-1751957780580-f121a2d5d91a
1 < Transfer-Encoding: chunked
{
  "success": true,
  "message": "La asistencia ya había sido registrada anteriormente",
  "data": {
    "timestamp": 1751957780850,
    "desfaseSegundos": 3591,
    "esNuevoRegistro": false,
    "esRegistroPropio": false,
    "actorRegistrado": "D",
    "tipoAsistencia": "personal"
  }
}


01:56:30.541 [pool-2-thread-2] DEBUG c.intuit.karate.core.ScenarioEngine - over-writing existing variable 'loginFeature' with new value: 'classpath:resources/features/login/Auxiliar.feature'
01:56:30.551 [pool-2-thread-2] DEBUG c.intuit.karate.core.ScenarioEngine - over-writing existing variable 'loginResponse' with new value: call read(loginFeature)
01:56:30.574 [pool-2-thread-2] DEBUG com.intuit.karate - request:
1 > POST https://api01-siasis-dev.vercel.app/api/login/auxiliar
1 > Cookie: Apellidos=Cullanco%20Espilco; Google_Drive_Foto_ID=1pMkv-ba_T2mBKxjp_zBTZtgWEjwxPxdu; Nombres=Elena%20Serafina; Genero=F; Rol=D; token=eyJhbGciOiJIUzI1NiIsInR5cCI6IkpXVCJ9.eyJJRF9Vc3VhcmlvIjoiMSIsIk5vbWJyZV9Vc3VhcmlvIjoiZGlyZWN0b3IuYXN1bmNpb244IiwiUkRQMDJfSU5TVEFOQ0UiOiJSRFAwMl9JTlMyIiwiUkRQMDNfSU5TVEFOQ0UiOiJSRFAwM19JTlMzIiwiUm9sIjoiRCIsImlhdCI6MTc1MTk1Nzc3OSwiZXhwIjoxNzUxOTc1Nzc5fQ.-KwSFRBdxet8m6YNqxD7lXrm-fxxM6sFvXEUc7p8Ze4
1 > Content-Type: application/json; charset=UTF-8
1 > Content-Length: 67
1 > Host: api01-siasis-dev.vercel.app
1 > Connection: Keep-Alive
1 > User-Agent: Apache-HttpClient/4.5.14 (Java/17.0.12)
1 > Accept-Encoding: gzip,deflate
{
  "Nombre_Usuario": "brigida_gonzales_1535",
  "Contraseña": "15357278"
}


01:56:30.680 [pool-2-thread-3] DEBUG com.intuit.karate - response time in milliseconds: 668
1 < 200
1 < Cache-Control: public, max-age=0, must-revalidate
1 < Content-Type: application/json
1 < Date: Tue, 08 Jul 2025 06:56:21 GMT
1 < Server: Vercel
1 < Strict-Transport-Security: max-age=63072000; includeSubDomains; preload
1 < Vary: RSC, Next-Router-State-Tree, Next-Router-Prefetch, Next-Router-Segment-Prefetch
1 < X-Matched-Path: /api/asistencia-hoy/marcar
1 < X-Vercel-Cache: MISS
1 < X-Vercel-Id: gru1::iad1::lpfpj-1751957780894-6bfd6ca0005c
1 < Transfer-Encoding: chunked
{
  "success": true,
  "message": "La asistencia ya había sido registrada anteriormente",
  "data": {
    "timestamp": 1751957781003,
    "desfaseSegundos": 3590,
    "esNuevoRegistro": false,
    "esRegistroPropio": false,
    "actorRegistrado": "D",
    "tipoAsistencia": "personal"
  }
}


01:56:30.691 [pool-2-thread-3] DEBUG c.intuit.karate.core.ScenarioEngine - over-writing existing variable 'loginFeature' with new value: 'classpath:resources/features/login/Auxiliar.feature'
01:56:30.700 [pool-2-thread-3] DEBUG c.intuit.karate.core.ScenarioEngine - over-writing existing variable 'loginResponse' with new value: call read(loginFeature)
01:56:30.710 [pool-2-thread-3] DEBUG com.intuit.karate - request:
1 > POST https://api01-siasis-dev.vercel.app/api/login/auxiliar
1 > Cookie: Apellidos=Cullanco%20Espilco; Google_Drive_Foto_ID=1pMkv-ba_T2mBKxjp_zBTZtgWEjwxPxdu; Nombres=Elena%20Serafina; Genero=F; Rol=D; token=eyJhbGciOiJIUzI1NiIsInR5cCI6IkpXVCJ9.eyJJRF9Vc3VhcmlvIjoiMSIsIk5vbWJyZV9Vc3VhcmlvIjoiZGlyZWN0b3IuYXN1bmNpb244IiwiUkRQMDJfSU5TVEFOQ0UiOiJSRFAwMl9JTlMzIiwiUkRQMDNfSU5TVEFOQ0UiOiJSRFAwM19JTlMyIiwiUm9sIjoiRCIsImlhdCI6MTc1MTk1Nzc3OSwiZXhwIjoxNzUxOTc1Nzc5fQ.g711wxr5tV5MSLMFVXKQdUpUwg3df40Odivb46hbxgE
1 > Content-Type: application/json; charset=UTF-8
1 > Content-Length: 67
1 > Host: api01-siasis-dev.vercel.app
1 > Connection: Keep-Alive
1 > User-Agent: Apache-HttpClient/4.5.14 (Java/17.0.12)
1 > Accept-Encoding: gzip,deflate
{
  "Nombre_Usuario": "brigida_gonzales_1535",
  "Contraseña": "15357278"
}


01:56:30.762 [pool-2-thread-5] DEBUG com.intuit.karate - response time in milliseconds: 433
1 < 201
1 < Cache-Control: public, max-age=0, must-revalidate
1 < Content-Length: 0
1 < Date: Tue, 08 Jul 2025 06:56:21 GMT
1 < Server: Vercel
1 < Set-Cookie: Nombres=Brigida; Max-Age=18000; Path=/; HttpOnly; Secure; SameSite=Lax
1 < Set-Cookie: Apellidos=Gonzales%20Morales; Max-Age=18000; Path=/; HttpOnly; Secure; SameSite=Lax
1 < Set-Cookie: Rol=A; Max-Age=18000; Path=/; HttpOnly; Secure; SameSite=Lax
1 < Set-Cookie: token=eyJhbGciOiJIUzI1NiIsInR5cCI6IkpXVCJ9.eyJJRF9Vc3VhcmlvIjoiMTUzNTcyNzgiLCJSRFAwMl9JTlNUQU5DRSI6IlJEUDAyX0lOUzEiLCJSRFAwM19JTlNUQU5DRSI6IlJEUDAzX0lOUzIiLCJOb21icmVfVXN1YXJpbyI6ImJyaWdpZGFfZ29uemFsZXNfMTUzNSIsIlJvbCI6IkEiLCJpYXQiOjE3NTE5NTc3ODAsImV4cCI6MTc1MTk3NTc4MH0.VXyQKGB3ugwhx_E5MJ4vhCQf3cZeXW5YXAKohd_Idhk; Max-Age=18000; Path=/; HttpOnly; Secure; SameSite=Lax
1 < Set-Cookie: Genero=F; Max-Age=18000; Path=/; HttpOnly; Secure; SameSite=Lax
1 < Set-Cookie: Google_Drive_Foto_ID=1zMyKrzbyqYhCZX-7usVpUfzuwOvRpQtA; Max-Age=18000; Path=/; HttpOnly; Secure; SameSite=Lax
1 < Strict-Transport-Security: max-age=63072000; includeSubDomains; preload
1 < Vary: RSC, Next-Router-State-Tree, Next-Router-Prefetch, Next-Router-Segment-Prefetch
1 < X-Matched-Path: /api/auth/login
1 < X-Vercel-Cache: MISS
1 < X-Vercel-Id: gru1::iad1::kr4zd-1751957781133-a358152ea471


01:56:30.766 [pool-2-thread-5] DEBUG c.intuit.karate.core.ScenarioEngine - over-writing existing variable 'fechaHoraEsperadaISO' with new value: getAdjustedTime()
01:56:30.770 [pool-2-thread-5] DEBUG com.intuit.karate - request:
1 > POST https://siasis-dev.vercel.app/api/asistencia-hoy/marcar
1 > Cookie: Apellidos=Gonzales%20Morales; Google_Drive_Foto_ID=1zMyKrzbyqYhCZX-7usVpUfzuwOvRpQtA; Nombres=Brigida; Genero=F; Rol=A; token=eyJhbGciOiJIUzI1NiIsInR5cCI6IkpXVCJ9.eyJJRF9Vc3VhcmlvIjoiMTUzNTcyNzgiLCJSRFAwMl9JTlNUQU5DRSI6IlJEUDAyX0lOUzEiLCJSRFAwM19JTlNUQU5DRSI6IlJEUDAzX0lOUzIiLCJOb21icmVfVXN1YXJpbyI6ImJyaWdpZGFfZ29uemFsZXNfMTUzNSIsIlJvbCI6IkEiLCJpYXQiOjE3NTE5NTc3ODAsImV4cCI6MTc1MTk3NTc4MH0.VXyQKGB3ugwhx_E5MJ4vhCQf3cZeXW5YXAKohd_Idhk
1 > Content-Type: application/json; charset=UTF-8
1 > Content-Length: 70
1 > Host: siasis-dev.vercel.app
1 > Connection: Keep-Alive
1 > User-Agent: Apache-HttpClient/4.5.14 (Java/17.0.12)
1 > Accept-Encoding: gzip,deflate
{
  "ModoRegistro": "E",
  "FechaHoraEsperadaISO": "2025-07-08T05:56:30.766Z"
}


01:56:30.871 [pool-2-thread-4] DEBUG com.intuit.karate - response time in milliseconds: 1096
1 < 200
1 < Cache-Control: public, max-age=0, must-revalidate
1 < Content-Type: application/json
1 < Date: Tue, 08 Jul 2025 06:56:21 GMT
1 < Server: Vercel
1 < Strict-Transport-Security: max-age=63072000; includeSubDomains; preload
1 < Vary: RSC, Next-Router-State-Tree, Next-Router-Prefetch, Next-Router-Segment-Prefetch
1 < X-Matched-Path: /api/asistencia-hoy/marcar
1 < X-Vercel-Cache: MISS
1 < X-Vercel-Id: gru1::iad1::bdvft-1751957780580-b036ae1df22b
1 < Transfer-Encoding: chunked
{
  "success": true,
  "message": "La asistencia ya había sido registrada anteriormente",
  "data": {
    "timestamp": 1751957780893,
    "desfaseSegundos": 3591,
    "esNuevoRegistro": false,
    "esRegistroPropio": false,
    "actorRegistrado": "D",
    "tipoAsistencia": "personal"
  }
}


01:56:30.875 [pool-2-thread-4] DEBUG c.intuit.karate.core.ScenarioEngine - over-writing existing variable 'loginFeature' with new value: 'classpath:resources/features/login/Auxiliar.feature'
01:56:30.880 [pool-2-thread-4] DEBUG c.intuit.karate.core.ScenarioEngine - over-writing existing variable 'loginResponse' with new value: call read(loginFeature)
01:56:30.890 [pool-2-thread-4] DEBUG com.intuit.karate - request:
1 > POST https://api01-siasis-dev.vercel.app/api/login/auxiliar
1 > Cookie: Apellidos=Cullanco%20Espilco; Google_Drive_Foto_ID=1pMkv-ba_T2mBKxjp_zBTZtgWEjwxPxdu; Nombres=Elena%20Serafina; Genero=F; Rol=D; token=eyJhbGciOiJIUzI1NiIsInR5cCI6IkpXVCJ9.eyJJRF9Vc3VhcmlvIjoiMSIsIk5vbWJyZV9Vc3VhcmlvIjoiZGlyZWN0b3IuYXN1bmNpb244IiwiUkRQMDJfSU5TVEFOQ0UiOiJSRFAwMl9JTlMyIiwiUkRQMDNfSU5TVEFOQ0UiOiJSRFAwM19JTlMzIiwiUm9sIjoiRCIsImlhdCI6MTc1MTk1Nzc3OSwiZXhwIjoxNzUxOTc1Nzc5fQ.-KwSFRBdxet8m6YNqxD7lXrm-fxxM6sFvXEUc7p8Ze4
1 > Content-Type: application/json; charset=UTF-8
1 > Content-Length: 67
1 > Host: api01-siasis-dev.vercel.app
1 > Connection: Keep-Alive
1 > User-Agent: Apache-HttpClient/4.5.14 (Java/17.0.12)
1 > Accept-Encoding: gzip,deflate
{
  "Nombre_Usuario": "brigida_gonzales_1535",
  "Contraseña": "15357278"
}


01:56:30.952 [pool-2-thread-1] DEBUG com.intuit.karate - response time in milliseconds: 535
1 < 200
1 < Access-Control-Allow-Origin: *
1 < Cache-Control: public, max-age=0, must-revalidate
1 < Content-Length: 515
1 < Content-Type: application/json; charset=utf-8
1 < Date: Tue, 08 Jul 2025 06:56:21 GMT
1 < Etag: W/"203-MEejCSzJFeOIipFIyZrzIJXKbk8"
1 < Server: Vercel
1 < Strict-Transport-Security: max-age=63072000; includeSubDomains; preload
1 < X-Powered-By: Express
1 < X-Vercel-Cache: MISS
1 < X-Vercel-Id: gru1::iad1::lrpdm-1751957781216-1a4f8142152c
{
  "success": true,
  "message": "Inicio de sesión exitoso",
  "data": {
    "Apellidos": "Gonzales Morales",
    "Nombres": "Brigida",
    "Rol": "A",
    "token": "eyJhbGciOiJIUzI1NiIsInR5cCI6IkpXVCJ9.eyJJRF9Vc3VhcmlvIjoiMTUzNTcyNzgiLCJSRFAwMl9JTlNUQU5DRSI6IlJEUDAyX0lOUzMiLCJSRFAwM19JTlNUQU5DRSI6IlJEUDAzX0lOUzUiLCJOb21icmVfVXN1YXJpbyI6ImJyaWdpZGFfZ29uemFsZXNfMTUzNSIsIlJvbCI6IkEiLCJpYXQiOjE3NTE5NTc3ODEsImV4cCI6MTc1MTk3NTc4MX0.4bt6Gv9oyyiEX29tMLhn9qd16VJxHFnVrc5OIPTEQuY",
    "Google_Drive_Foto_ID": "12CrZ2Z8qd2FGzo0UeOURh3turASgkZ-8",
    "Genero": "F"
  }
}


01:56:30.955 [pool-2-thread-1] INFO  com.intuit.karate - [print] eyJhbGciOiJIUzI1NiIsInR5cCI6IkpXVCJ9.eyJJRF9Vc3VhcmlvIjoiMTUzNTcyNzgiLCJSRFAwMl9JTlNUQU5DRSI6IlJEUDAyX0lOUzMiLCJSRFAwM19JTlNUQU5DRSI6IlJEUDAzX0lOUzUiLCJOb21icmVfVXN1YXJpbyI6ImJyaWdpZGFfZ29uemFsZXNfMTUzNSIsIlJvbCI6IkEiLCJpYXQiOjE3NTE5NTc3ODEsImV4cCI6MTc1MTk3NTc4MX0.4bt6Gv9oyyiEX29tMLhn9qd16VJxHFnVrc5OIPTEQuY 
01:56:30.956 [pool-2-thread-1] INFO  com.intuit.karate - [print] A 
01:56:30.959 [pool-2-thread-1] DEBUG com.intuit.karate - request:
1 > POST https://siasis-dev.vercel.app/api/auth/login
1 > Cookie: Apellidos=Cullanco%20Espilco; Google_Drive_Foto_ID=1pMkv-ba_T2mBKxjp_zBTZtgWEjwxPxdu; Nombres=Elena%20Serafina; Genero=F; Rol=D; token=eyJhbGciOiJIUzI1NiIsInR5cCI6IkpXVCJ9.eyJJRF9Vc3VhcmlvIjoiMSIsIk5vbWJyZV9Vc3VhcmlvIjoiZGlyZWN0b3IuYXN1bmNpb244IiwiUkRQMDJfSU5TVEFOQ0UiOiJSRFAwMl9JTlMxIiwiUkRQMDNfSU5TVEFOQ0UiOiJSRFAwM19JTlM0IiwiUm9sIjoiRCIsImlhdCI6MTc1MTk1Nzc3OSwiZXhwIjoxNzUxOTc1Nzc5fQ.9YbeiMgVUHk6JaFmx5IgfOnWrrIcuCCPE1hgyu-4v30
1 > Content-Type: application/json; charset=UTF-8
1 > Content-Length: 453
1 > Host: siasis-dev.vercel.app
1 > Connection: Keep-Alive
1 > User-Agent: Apache-HttpClient/4.5.14 (Java/17.0.12)
1 > Accept-Encoding: gzip,deflate
{
  "Nombres": "Brigida",
  "Apellidos": "Gonzales Morales",
  "token": "eyJhbGciOiJIUzI1NiIsInR5cCI6IkpXVCJ9.eyJJRF9Vc3VhcmlvIjoiMTUzNTcyNzgiLCJSRFAwMl9JTlNUQU5DRSI6IlJEUDAyX0lOUzMiLCJSRFAwM19JTlNUQU5DRSI6IlJEUDAzX0lOUzUiLCJOb21icmVfVXN1YXJpbyI6ImJyaWdpZGFfZ29uemFsZXNfMTUzNSIsIlJvbCI6IkEiLCJpYXQiOjE3NTE5NTc3ODEsImV4cCI6MTc1MTk3NTc4MX0.4bt6Gv9oyyiEX29tMLhn9qd16VJxHFnVrc5OIPTEQuY",
  "Genero": "F",
  "Google_Drive_Foto_ID": "12CrZ2Z8qd2FGzo0UeOURh3turASgkZ-8",
  "Rol": "A"
}


01:56:31.131 [pool-2-thread-2] DEBUG com.intuit.karate - response time in milliseconds: 554
1 < 200
1 < Access-Control-Allow-Origin: *
1 < Cache-Control: public, max-age=0, must-revalidate
1 < Content-Length: 515
1 < Content-Type: application/json; charset=utf-8
1 < Date: Tue, 08 Jul 2025 06:56:21 GMT
1 < Etag: W/"203-MEejCSzJFeOIipFIyZrzIJXKbk8"
1 < Server: Vercel
1 < Strict-Transport-Security: max-age=63072000; includeSubDomains; preload
1 < X-Powered-By: Express
1 < X-Vercel-Cache: MISS
1 < X-Vercel-Id: gru1::iad1::kpjfh-1751957781386-5ca063dd99a4
{
  "success": true,
  "message": "Inicio de sesión exitoso",
  "data": {
    "Apellidos": "Gonzales Morales",
    "Nombres": "Brigida",
    "Rol": "A",
    "token": "eyJhbGciOiJIUzI1NiIsInR5cCI6IkpXVCJ9.eyJJRF9Vc3VhcmlvIjoiMTUzNTcyNzgiLCJSRFAwMl9JTlNUQU5DRSI6IlJEUDAyX0lOUzMiLCJSRFAwM19JTlNUQU5DRSI6IlJEUDAzX0lOUzUiLCJOb21icmVfVXN1YXJpbyI6ImJyaWdpZGFfZ29uemFsZXNfMTUzNSIsIlJvbCI6IkEiLCJpYXQiOjE3NTE5NTc3ODEsImV4cCI6MTc1MTk3NTc4MX0.4bt6Gv9oyyiEX29tMLhn9qd16VJxHFnVrc5OIPTEQuY",
    "Google_Drive_Foto_ID": "12CrZ2Z8qd2FGzo0UeOURh3turASgkZ-8",
    "Genero": "F"
  }
}


01:56:31.134 [pool-2-thread-2] INFO  com.intuit.karate - [print] eyJhbGciOiJIUzI1NiIsInR5cCI6IkpXVCJ9.eyJJRF9Vc3VhcmlvIjoiMTUzNTcyNzgiLCJSRFAwMl9JTlNUQU5DRSI6IlJEUDAyX0lOUzMiLCJSRFAwM19JTlNUQU5DRSI6IlJEUDAzX0lOUzUiLCJOb21icmVfVXN1YXJpbyI6ImJyaWdpZGFfZ29uemFsZXNfMTUzNSIsIlJvbCI6IkEiLCJpYXQiOjE3NTE5NTc3ODEsImV4cCI6MTc1MTk3NTc4MX0.4bt6Gv9oyyiEX29tMLhn9qd16VJxHFnVrc5OIPTEQuY 
01:56:31.136 [pool-2-thread-2] INFO  com.intuit.karate - [print] A 
01:56:31.139 [pool-2-thread-2] DEBUG com.intuit.karate - request:
1 > POST https://siasis-dev.vercel.app/api/auth/login
1 > Cookie: Apellidos=Cullanco%20Espilco; Google_Drive_Foto_ID=1pMkv-ba_T2mBKxjp_zBTZtgWEjwxPxdu; Nombres=Elena%20Serafina; Genero=F; Rol=D; token=eyJhbGciOiJIUzI1NiIsInR5cCI6IkpXVCJ9.eyJJRF9Vc3VhcmlvIjoiMSIsIk5vbWJyZV9Vc3VhcmlvIjoiZGlyZWN0b3IuYXN1bmNpb244IiwiUkRQMDJfSU5TVEFOQ0UiOiJSRFAwMl9JTlMyIiwiUkRQMDNfSU5TVEFOQ0UiOiJSRFAwM19JTlMzIiwiUm9sIjoiRCIsImlhdCI6MTc1MTk1Nzc3OSwiZXhwIjoxNzUxOTc1Nzc5fQ.-KwSFRBdxet8m6YNqxD7lXrm-fxxM6sFvXEUc7p8Ze4
1 > Content-Type: application/json; charset=UTF-8
1 > Content-Length: 453
1 > Host: siasis-dev.vercel.app
1 > Connection: Keep-Alive
1 > User-Agent: Apache-HttpClient/4.5.14 (Java/17.0.12)
1 > Accept-Encoding: gzip,deflate
{
  "Nombres": "Brigida",
  "Apellidos": "Gonzales Morales",
  "token": "eyJhbGciOiJIUzI1NiIsInR5cCI6IkpXVCJ9.eyJJRF9Vc3VhcmlvIjoiMTUzNTcyNzgiLCJSRFAwMl9JTlNUQU5DRSI6IlJEUDAyX0lOUzMiLCJSRFAwM19JTlNUQU5DRSI6IlJEUDAzX0lOUzUiLCJOb21icmVfVXN1YXJpbyI6ImJyaWdpZGFfZ29uemFsZXNfMTUzNSIsIlJvbCI6IkEiLCJpYXQiOjE3NTE5NTc3ODEsImV4cCI6MTc1MTk3NTc4MX0.4bt6Gv9oyyiEX29tMLhn9qd16VJxHFnVrc5OIPTEQuY",
  "Genero": "F",
  "Google_Drive_Foto_ID": "12CrZ2Z8qd2FGzo0UeOURh3turASgkZ-8",
  "Rol": "A"
}


01:56:31.233 [pool-2-thread-3] DEBUG com.intuit.karate - response time in milliseconds: 520
1 < 200
1 < Access-Control-Allow-Origin: *
1 < Cache-Control: public, max-age=0, must-revalidate
1 < Content-Length: 515
1 < Content-Type: application/json; charset=utf-8
1 < Date: Tue, 08 Jul 2025 06:56:21 GMT
1 < Etag: W/"203-qGtlUh9ZBXcSakekH1vZa9ovVVM"
1 < Server: Vercel
1 < Strict-Transport-Security: max-age=63072000; includeSubDomains; preload
1 < X-Powered-By: Express
1 < X-Vercel-Cache: MISS
1 < X-Vercel-Id: gru1::iad1::hxpww-1751957781510-de493ec00026
{
  "success": true,
  "message": "Inicio de sesión exitoso",
  "data": {
    "Apellidos": "Gonzales Morales",
    "Nombres": "Brigida",
    "Rol": "A",
    "token": "eyJhbGciOiJIUzI1NiIsInR5cCI6IkpXVCJ9.eyJJRF9Vc3VhcmlvIjoiMTUzNTcyNzgiLCJSRFAwMl9JTlNUQU5DRSI6IlJEUDAyX0lOUzIiLCJSRFAwM19JTlNUQU5DRSI6IlJEUDAzX0lOUzIiLCJOb21icmVfVXN1YXJpbyI6ImJyaWdpZGFfZ29uemFsZXNfMTUzNSIsIlJvbCI6IkEiLCJpYXQiOjE3NTE5NTc3ODEsImV4cCI6MTc1MTk3NTc4MX0.QynInCs7gXrj_LnR5-7aQzF_WxeKnkuRd_bPQWyQ2fM",
    "Google_Drive_Foto_ID": "12CrZ2Z8qd2FGzo0UeOURh3turASgkZ-8",
    "Genero": "F"
  }
}


01:56:31.237 [pool-2-thread-3] INFO  com.intuit.karate - [print] eyJhbGciOiJIUzI1NiIsInR5cCI6IkpXVCJ9.eyJJRF9Vc3VhcmlvIjoiMTUzNTcyNzgiLCJSRFAwMl9JTlNUQU5DRSI6IlJEUDAyX0lOUzIiLCJSRFAwM19JTlNUQU5DRSI6IlJEUDAzX0lOUzIiLCJOb21icmVfVXN1YXJpbyI6ImJyaWdpZGFfZ29uemFsZXNfMTUzNSIsIlJvbCI6IkEiLCJpYXQiOjE3NTE5NTc3ODEsImV4cCI6MTc1MTk3NTc4MX0.QynInCs7gXrj_LnR5-7aQzF_WxeKnkuRd_bPQWyQ2fM 
01:56:31.239 [pool-2-thread-3] INFO  com.intuit.karate - [print] A 
01:56:31.242 [pool-2-thread-3] DEBUG com.intuit.karate - request:
1 > POST https://siasis-dev.vercel.app/api/auth/login
1 > Cookie: Apellidos=Cullanco%20Espilco; Google_Drive_Foto_ID=1pMkv-ba_T2mBKxjp_zBTZtgWEjwxPxdu; Nombres=Elena%20Serafina; Genero=F; Rol=D; token=eyJhbGciOiJIUzI1NiIsInR5cCI6IkpXVCJ9.eyJJRF9Vc3VhcmlvIjoiMSIsIk5vbWJyZV9Vc3VhcmlvIjoiZGlyZWN0b3IuYXN1bmNpb244IiwiUkRQMDJfSU5TVEFOQ0UiOiJSRFAwMl9JTlMzIiwiUkRQMDNfSU5TVEFOQ0UiOiJSRFAwM19JTlMyIiwiUm9sIjoiRCIsImlhdCI6MTc1MTk1Nzc3OSwiZXhwIjoxNzUxOTc1Nzc5fQ.g711wxr5tV5MSLMFVXKQdUpUwg3df40Odivb46hbxgE
1 > Content-Type: application/json; charset=UTF-8
1 > Content-Length: 453
1 > Host: siasis-dev.vercel.app
1 > Connection: Keep-Alive
1 > User-Agent: Apache-HttpClient/4.5.14 (Java/17.0.12)
1 > Accept-Encoding: gzip,deflate
{
  "Nombres": "Brigida",
  "Apellidos": "Gonzales Morales",
  "token": "eyJhbGciOiJIUzI1NiIsInR5cCI6IkpXVCJ9.eyJJRF9Vc3VhcmlvIjoiMTUzNTcyNzgiLCJSRFAwMl9JTlNUQU5DRSI6IlJEUDAyX0lOUzIiLCJSRFAwM19JTlNUQU5DRSI6IlJEUDAzX0lOUzIiLCJOb21icmVfVXN1YXJpbyI6ImJyaWdpZGFfZ29uemFsZXNfMTUzNSIsIlJvbCI6IkEiLCJpYXQiOjE3NTE5NTc3ODEsImV4cCI6MTc1MTk3NTc4MX0.QynInCs7gXrj_LnR5-7aQzF_WxeKnkuRd_bPQWyQ2fM",
  "Genero": "F",
  "Google_Drive_Foto_ID": "12CrZ2Z8qd2FGzo0UeOURh3turASgkZ-8",
  "Rol": "A"
}


01:56:31.368 [pool-2-thread-5] DEBUG com.intuit.karate - response time in milliseconds: 594
1 < 200
1 < Cache-Control: public, max-age=0, must-revalidate
1 < Content-Type: application/json
1 < Date: Tue, 08 Jul 2025 06:56:21 GMT
1 < Server: Vercel
1 < Strict-Transport-Security: max-age=63072000; includeSubDomains; preload
1 < Vary: RSC, Next-Router-State-Tree, Next-Router-Prefetch, Next-Router-Segment-Prefetch
1 < X-Matched-Path: /api/asistencia-hoy/marcar
1 < X-Vercel-Cache: MISS
1 < X-Vercel-Id: gru1::iad1::zdj87-1751957781569-08935929c5d8
1 < Transfer-Encoding: chunked
{
  "success": true,
  "message": "La asistencia ya había sido registrada anteriormente",
  "data": {
    "timestamp": 1751957781687,
    "desfaseSegundos": 3590,
    "esNuevoRegistro": false,
    "esRegistroPropio": false,
    "actorRegistrado": "A",
    "tipoAsistencia": "personal"
  }
}


01:56:31.373 [pool-2-thread-1] DEBUG com.intuit.karate - response time in milliseconds: 412
1 < 201
1 < Cache-Control: public, max-age=0, must-revalidate
1 < Content-Length: 0
1 < Date: Tue, 08 Jul 2025 06:56:21 GMT
1 < Server: Vercel
1 < Set-Cookie: Nombres=Brigida; Max-Age=18000; Path=/; HttpOnly; Secure; SameSite=Lax
1 < Set-Cookie: Apellidos=Gonzales%20Morales; Max-Age=18000; Path=/; HttpOnly; Secure; SameSite=Lax
1 < Set-Cookie: Rol=A; Max-Age=18000; Path=/; HttpOnly; Secure; SameSite=Lax
1 < Set-Cookie: token=eyJhbGciOiJIUzI1NiIsInR5cCI6IkpXVCJ9.eyJJRF9Vc3VhcmlvIjoiMTUzNTcyNzgiLCJSRFAwMl9JTlNUQU5DRSI6IlJEUDAyX0lOUzMiLCJSRFAwM19JTlNUQU5DRSI6IlJEUDAzX0lOUzUiLCJOb21icmVfVXN1YXJpbyI6ImJyaWdpZGFfZ29uemFsZXNfMTUzNSIsIlJvbCI6IkEiLCJpYXQiOjE3NTE5NTc3ODEsImV4cCI6MTc1MTk3NTc4MX0.4bt6Gv9oyyiEX29tMLhn9qd16VJxHFnVrc5OIPTEQuY; Max-Age=18000; Path=/; HttpOnly; Secure; SameSite=Lax
1 < Set-Cookie: Genero=F; Max-Age=18000; Path=/; HttpOnly; Secure; SameSite=Lax
1 < Set-Cookie: Google_Drive_Foto_ID=12CrZ2Z8qd2FGzo0UeOURh3turASgkZ-8; Max-Age=18000; Path=/; HttpOnly; Secure; SameSite=Lax
1 < Strict-Transport-Security: max-age=63072000; includeSubDomains; preload
1 < Vary: RSC, Next-Router-State-Tree, Next-Router-Prefetch, Next-Router-Segment-Prefetch
1 < X-Matched-Path: /api/auth/login
1 < X-Vercel-Cache: MISS
1 < X-Vercel-Id: gru1::iad1::cq8gr-1751957781757-58d40c7d0773


01:56:31.376 [pool-2-thread-1] DEBUG c.intuit.karate.core.ScenarioEngine - over-writing existing variable 'fechaHoraEsperadaISO' with new value: getAdjustedTime()
01:56:31.377 [pool-2-thread-5] DEBUG c.intuit.karate.core.ScenarioEngine - over-writing existing variable 'loginFeature' with new value: 'classpath:resources/features/login/CasoTutorSecundaria.feature'
01:56:31.381 [pool-2-thread-1] DEBUG com.intuit.karate - request:
1 > POST https://siasis-dev.vercel.app/api/asistencia-hoy/marcar
1 > Cookie: Apellidos=Gonzales%20Morales; Google_Drive_Foto_ID=12CrZ2Z8qd2FGzo0UeOURh3turASgkZ-8; Nombres=Brigida; Genero=F; Rol=A; token=eyJhbGciOiJIUzI1NiIsInR5cCI6IkpXVCJ9.eyJJRF9Vc3VhcmlvIjoiMTUzNTcyNzgiLCJSRFAwMl9JTlNUQU5DRSI6IlJEUDAyX0lOUzMiLCJSRFAwM19JTlNUQU5DRSI6IlJEUDAzX0lOUzUiLCJOb21icmVfVXN1YXJpbyI6ImJyaWdpZGFfZ29uemFsZXNfMTUzNSIsIlJvbCI6IkEiLCJpYXQiOjE3NTE5NTc3ODEsImV4cCI6MTc1MTk3NTc4MX0.4bt6Gv9oyyiEX29tMLhn9qd16VJxHFnVrc5OIPTEQuY
1 > Content-Type: application/json; charset=UTF-8
1 > Content-Length: 70
1 > Host: siasis-dev.vercel.app
1 > Connection: Keep-Alive
1 > User-Agent: Apache-HttpClient/4.5.14 (Java/17.0.12)
1 > Accept-Encoding: gzip,deflate
{
  "ModoRegistro": "E",
  "FechaHoraEsperadaISO": "2025-07-08T05:56:31.376Z"
}


01:56:31.388 [pool-2-thread-5] DEBUG c.intuit.karate.core.ScenarioEngine - over-writing existing variable 'loginResponse' with new value: call read(loginFeature)
01:56:31.395 [pool-2-thread-5] DEBUG com.intuit.karate - request:
1 > POST https://api01-siasis-dev.vercel.app/api/login/profesor-tutor-secundaria
1 > Cookie: Apellidos=Gonzales%20Morales; Google_Drive_Foto_ID=1zMyKrzbyqYhCZX-7usVpUfzuwOvRpQtA; Nombres=Brigida; Genero=F; Rol=A; token=eyJhbGciOiJIUzI1NiIsInR5cCI6IkpXVCJ9.eyJJRF9Vc3VhcmlvIjoiMTUzNTcyNzgiLCJSRFAwMl9JTlNUQU5DRSI6IlJEUDAyX0lOUzEiLCJSRFAwM19JTlNUQU5DRSI6IlJEUDAzX0lOUzIiLCJOb21icmVfVXN1YXJpbyI6ImJyaWdpZGFfZ29uemFsZXNfMTUzNSIsIlJvbCI6IkEiLCJpYXQiOjE3NTE5NTc3ODAsImV4cCI6MTc1MTk3NTc4MH0.VXyQKGB3ugwhx_E5MJ4vhCQf3cZeXW5YXAKohd_Idhk
1 > Content-Type: application/json; charset=UTF-8
1 > Content-Length: 65
1 > Host: api01-siasis-dev.vercel.app
1 > Connection: Keep-Alive
1 > User-Agent: Apache-HttpClient/4.5.14 (Java/17.0.12)
1 > Accept-Encoding: gzip,deflate
{
  "Nombre_Usuario": "daniel_sanchez_1542",
  "Contraseña": "15420745"
}


01:56:31.422 [pool-2-thread-4] DEBUG com.intuit.karate - response time in milliseconds: 531
1 < 200
1 < Access-Control-Allow-Origin: *
1 < Cache-Control: public, max-age=0, must-revalidate
1 < Content-Length: 515
1 < Content-Type: application/json; charset=utf-8
1 < Date: Tue, 08 Jul 2025 06:56:21 GMT
1 < Etag: W/"203-Cp2qequL7rWE6m8PaIxDo6VRm60"
1 < Server: Vercel
1 < Strict-Transport-Security: max-age=63072000; includeSubDomains; preload
1 < X-Powered-By: Express
1 < X-Vercel-Cache: MISS
1 < X-Vercel-Id: gru1::iad1::cmdlq-1751957781686-18de8ab90f2f
{
  "success": true,
  "message": "Inicio de sesión exitoso",
  "data": {
    "Apellidos": "Gonzales Morales",
    "Nombres": "Brigida",
    "Rol": "A",
    "token": "eyJhbGciOiJIUzI1NiIsInR5cCI6IkpXVCJ9.eyJJRF9Vc3VhcmlvIjoiMTUzNTcyNzgiLCJSRFAwMl9JTlNUQU5DRSI6IlJEUDAyX0lOUzIiLCJSRFAwM19JTlNUQU5DRSI6IlJEUDAzX0lOUzEiLCJOb21icmVfVXN1YXJpbyI6ImJyaWdpZGFfZ29uemFsZXNfMTUzNSIsIlJvbCI6IkEiLCJpYXQiOjE3NTE5NTc3ODEsImV4cCI6MTc1MTk3NTc4MX0.fASpI_MqNHp2RweWL5Z4aTipf0YpR_DIbVO-gfmr4jo",
    "Google_Drive_Foto_ID": "12CrZ2Z8qd2FGzo0UeOURh3turASgkZ-8",
    "Genero": "F"
  }
}


01:56:31.425 [pool-2-thread-4] INFO  com.intuit.karate - [print] eyJhbGciOiJIUzI1NiIsInR5cCI6IkpXVCJ9.eyJJRF9Vc3VhcmlvIjoiMTUzNTcyNzgiLCJSRFAwMl9JTlNUQU5DRSI6IlJEUDAyX0lOUzIiLCJSRFAwM19JTlNUQU5DRSI6IlJEUDAzX0lOUzEiLCJOb21icmVfVXN1YXJpbyI6ImJyaWdpZGFfZ29uemFsZXNfMTUzNSIsIlJvbCI6IkEiLCJpYXQiOjE3NTE5NTc3ODEsImV4cCI6MTc1MTk3NTc4MX0.fASpI_MqNHp2RweWL5Z4aTipf0YpR_DIbVO-gfmr4jo 
01:56:31.426 [pool-2-thread-4] INFO  com.intuit.karate - [print] A 
01:56:31.429 [pool-2-thread-4] DEBUG com.intuit.karate - request:
1 > POST https://siasis-dev.vercel.app/api/auth/login
1 > Cookie: Apellidos=Cullanco%20Espilco; Google_Drive_Foto_ID=1pMkv-ba_T2mBKxjp_zBTZtgWEjwxPxdu; Nombres=Elena%20Serafina; Genero=F; Rol=D; token=eyJhbGciOiJIUzI1NiIsInR5cCI6IkpXVCJ9.eyJJRF9Vc3VhcmlvIjoiMSIsIk5vbWJyZV9Vc3VhcmlvIjoiZGlyZWN0b3IuYXN1bmNpb244IiwiUkRQMDJfSU5TVEFOQ0UiOiJSRFAwMl9JTlMyIiwiUkRQMDNfSU5TVEFOQ0UiOiJSRFAwM19JTlMzIiwiUm9sIjoiRCIsImlhdCI6MTc1MTk1Nzc3OSwiZXhwIjoxNzUxOTc1Nzc5fQ.-KwSFRBdxet8m6YNqxD7lXrm-fxxM6sFvXEUc7p8Ze4
1 > Content-Type: application/json; charset=UTF-8
1 > Content-Length: 453
1 > Host: siasis-dev.vercel.app
1 > Connection: Keep-Alive
1 > User-Agent: Apache-HttpClient/4.5.14 (Java/17.0.12)
1 > Accept-Encoding: gzip,deflate
{
  "Nombres": "Brigida",
  "Apellidos": "Gonzales Morales",
  "token": "eyJhbGciOiJIUzI1NiIsInR5cCI6IkpXVCJ9.eyJJRF9Vc3VhcmlvIjoiMTUzNTcyNzgiLCJSRFAwMl9JTlNUQU5DRSI6IlJEUDAyX0lOUzIiLCJSRFAwM19JTlNUQU5DRSI6IlJEUDAzX0lOUzEiLCJOb21icmVfVXN1YXJpbyI6ImJyaWdpZGFfZ29uemFsZXNfMTUzNSIsIlJvbCI6IkEiLCJpYXQiOjE3NTE5NTc3ODEsImV4cCI6MTc1MTk3NTc4MX0.fASpI_MqNHp2RweWL5Z4aTipf0YpR_DIbVO-gfmr4jo",
  "Genero": "F",
  "Google_Drive_Foto_ID": "12CrZ2Z8qd2FGzo0UeOURh3turASgkZ-8",
  "Rol": "A"
}


01:56:31.599 [pool-2-thread-2] DEBUG com.intuit.karate - response time in milliseconds: 457
1 < 201
1 < Cache-Control: public, max-age=0, must-revalidate
1 < Content-Length: 0
1 < Date: Tue, 08 Jul 2025 06:56:22 GMT
1 < Server: Vercel
1 < Set-Cookie: Nombres=Brigida; Max-Age=18000; Path=/; HttpOnly; Secure; SameSite=Lax
1 < Set-Cookie: Apellidos=Gonzales%20Morales; Max-Age=18000; Path=/; HttpOnly; Secure; SameSite=Lax
1 < Set-Cookie: Rol=A; Max-Age=18000; Path=/; HttpOnly; Secure; SameSite=Lax
1 < Set-Cookie: token=eyJhbGciOiJIUzI1NiIsInR5cCI6IkpXVCJ9.eyJJRF9Vc3VhcmlvIjoiMTUzNTcyNzgiLCJSRFAwMl9JTlNUQU5DRSI6IlJEUDAyX0lOUzMiLCJSRFAwM19JTlNUQU5DRSI6IlJEUDAzX0lOUzUiLCJOb21icmVfVXN1YXJpbyI6ImJyaWdpZGFfZ29uemFsZXNfMTUzNSIsIlJvbCI6IkEiLCJpYXQiOjE3NTE5NTc3ODEsImV4cCI6MTc1MTk3NTc4MX0.4bt6Gv9oyyiEX29tMLhn9qd16VJxHFnVrc5OIPTEQuY; Max-Age=18000; Path=/; HttpOnly; Secure; SameSite=Lax
1 < Set-Cookie: Genero=F; Max-Age=18000; Path=/; HttpOnly; Secure; SameSite=Lax
1 < Set-Cookie: Google_Drive_Foto_ID=12CrZ2Z8qd2FGzo0UeOURh3turASgkZ-8; Max-Age=18000; Path=/; HttpOnly; Secure; SameSite=Lax
1 < Strict-Transport-Security: max-age=63072000; includeSubDomains; preload
1 < Vary: RSC, Next-Router-State-Tree, Next-Router-Prefetch, Next-Router-Segment-Prefetch
1 < X-Matched-Path: /api/auth/login
1 < X-Vercel-Cache: MISS
1 < X-Vercel-Id: gru1::iad1::cq8gr-1751957781939-c94cc6ed004b


01:56:31.602 [pool-2-thread-2] DEBUG c.intuit.karate.core.ScenarioEngine - over-writing existing variable 'fechaHoraEsperadaISO' with new value: getAdjustedTime()
01:56:31.606 [pool-2-thread-2] DEBUG com.intuit.karate - request:
1 > POST https://siasis-dev.vercel.app/api/asistencia-hoy/marcar
1 > Cookie: Apellidos=Gonzales%20Morales; Google_Drive_Foto_ID=12CrZ2Z8qd2FGzo0UeOURh3turASgkZ-8; Nombres=Brigida; Genero=F; Rol=A; token=eyJhbGciOiJIUzI1NiIsInR5cCI6IkpXVCJ9.eyJJRF9Vc3VhcmlvIjoiMTUzNTcyNzgiLCJSRFAwMl9JTlNUQU5DRSI6IlJEUDAyX0lOUzMiLCJSRFAwM19JTlNUQU5DRSI6IlJEUDAzX0lOUzUiLCJOb21icmVfVXN1YXJpbyI6ImJyaWdpZGFfZ29uemFsZXNfMTUzNSIsIlJvbCI6IkEiLCJpYXQiOjE3NTE5NTc3ODEsImV4cCI6MTc1MTk3NTc4MX0.4bt6Gv9oyyiEX29tMLhn9qd16VJxHFnVrc5OIPTEQuY
1 > Content-Type: application/json; charset=UTF-8
1 > Content-Length: 70
1 > Host: siasis-dev.vercel.app
1 > Connection: Keep-Alive
1 > User-Agent: Apache-HttpClient/4.5.14 (Java/17.0.12)
1 > Accept-Encoding: gzip,deflate
{
  "ModoRegistro": "E",
  "FechaHoraEsperadaISO": "2025-07-08T05:56:31.602Z"
}


01:56:31.673 [pool-2-thread-3] DEBUG com.intuit.karate - response time in milliseconds: 429
1 < 201
1 < Cache-Control: public, max-age=0, must-revalidate
1 < Content-Length: 0
1 < Date: Tue, 08 Jul 2025 06:56:22 GMT
1 < Server: Vercel
1 < Set-Cookie: Nombres=Brigida; Max-Age=18000; Path=/; HttpOnly; Secure; SameSite=Lax
1 < Set-Cookie: Apellidos=Gonzales%20Morales; Max-Age=18000; Path=/; HttpOnly; Secure; SameSite=Lax
1 < Set-Cookie: Rol=A; Max-Age=18000; Path=/; HttpOnly; Secure; SameSite=Lax
1 < Set-Cookie: token=eyJhbGciOiJIUzI1NiIsInR5cCI6IkpXVCJ9.eyJJRF9Vc3VhcmlvIjoiMTUzNTcyNzgiLCJSRFAwMl9JTlNUQU5DRSI6IlJEUDAyX0lOUzIiLCJSRFAwM19JTlNUQU5DRSI6IlJEUDAzX0lOUzIiLCJOb21icmVfVXN1YXJpbyI6ImJyaWdpZGFfZ29uemFsZXNfMTUzNSIsIlJvbCI6IkEiLCJpYXQiOjE3NTE5NTc3ODEsImV4cCI6MTc1MTk3NTc4MX0.QynInCs7gXrj_LnR5-7aQzF_WxeKnkuRd_bPQWyQ2fM; Max-Age=18000; Path=/; HttpOnly; Secure; SameSite=Lax
1 < Set-Cookie: Genero=F; Max-Age=18000; Path=/; HttpOnly; Secure; SameSite=Lax
1 < Set-Cookie: Google_Drive_Foto_ID=12CrZ2Z8qd2FGzo0UeOURh3turASgkZ-8; Max-Age=18000; Path=/; HttpOnly; Secure; SameSite=Lax
1 < Strict-Transport-Security: max-age=63072000; includeSubDomains; preload
1 < Vary: RSC, Next-Router-State-Tree, Next-Router-Prefetch, Next-Router-Segment-Prefetch
1 < X-Matched-Path: /api/auth/login
1 < X-Vercel-Cache: MISS
1 < X-Vercel-Id: gru1::iad1::kr4zd-1751957782041-08a784561c96


01:56:31.675 [pool-2-thread-3] DEBUG c.intuit.karate.core.ScenarioEngine - over-writing existing variable 'fechaHoraEsperadaISO' with new value: getAdjustedTime()
01:56:31.680 [pool-2-thread-3] DEBUG com.intuit.karate - request:
1 > POST https://siasis-dev.vercel.app/api/asistencia-hoy/marcar
1 > Cookie: Apellidos=Gonzales%20Morales; Google_Drive_Foto_ID=12CrZ2Z8qd2FGzo0UeOURh3turASgkZ-8; Nombres=Brigida; Genero=F; Rol=A; token=eyJhbGciOiJIUzI1NiIsInR5cCI6IkpXVCJ9.eyJJRF9Vc3VhcmlvIjoiMTUzNTcyNzgiLCJSRFAwMl9JTlNUQU5DRSI6IlJEUDAyX0lOUzIiLCJSRFAwM19JTlNUQU5DRSI6IlJEUDAzX0lOUzIiLCJOb21icmVfVXN1YXJpbyI6ImJyaWdpZGFfZ29uemFsZXNfMTUzNSIsIlJvbCI6IkEiLCJpYXQiOjE3NTE5NTc3ODEsImV4cCI6MTc1MTk3NTc4MX0.QynInCs7gXrj_LnR5-7aQzF_WxeKnkuRd_bPQWyQ2fM
1 > Content-Type: application/json; charset=UTF-8
1 > Content-Length: 70
1 > Host: siasis-dev.vercel.app
1 > Connection: Keep-Alive
1 > User-Agent: Apache-HttpClient/4.5.14 (Java/17.0.12)
1 > Accept-Encoding: gzip,deflate
{
  "ModoRegistro": "E",
  "FechaHoraEsperadaISO": "2025-07-08T05:56:31.677Z"
}


01:56:31.874 [pool-2-thread-4] DEBUG com.intuit.karate - response time in milliseconds: 443
1 < 201
1 < Cache-Control: public, max-age=0, must-revalidate
1 < Content-Length: 0
1 < Date: Tue, 08 Jul 2025 06:56:22 GMT
1 < Server: Vercel
1 < Set-Cookie: Nombres=Brigida; Max-Age=18000; Path=/; HttpOnly; Secure; SameSite=Lax
1 < Set-Cookie: Apellidos=Gonzales%20Morales; Max-Age=18000; Path=/; HttpOnly; Secure; SameSite=Lax
1 < Set-Cookie: Rol=A; Max-Age=18000; Path=/; HttpOnly; Secure; SameSite=Lax
1 < Set-Cookie: token=eyJhbGciOiJIUzI1NiIsInR5cCI6IkpXVCJ9.eyJJRF9Vc3VhcmlvIjoiMTUzNTcyNzgiLCJSRFAwMl9JTlNUQU5DRSI6IlJEUDAyX0lOUzIiLCJSRFAwM19JTlNUQU5DRSI6IlJEUDAzX0lOUzEiLCJOb21icmVfVXN1YXJpbyI6ImJyaWdpZGFfZ29uemFsZXNfMTUzNSIsIlJvbCI6IkEiLCJpYXQiOjE3NTE5NTc3ODEsImV4cCI6MTc1MTk3NTc4MX0.fASpI_MqNHp2RweWL5Z4aTipf0YpR_DIbVO-gfmr4jo; Max-Age=18000; Path=/; HttpOnly; Secure; SameSite=Lax
1 < Set-Cookie: Genero=F; Max-Age=18000; Path=/; HttpOnly; Secure; SameSite=Lax
1 < Set-Cookie: Google_Drive_Foto_ID=12CrZ2Z8qd2FGzo0UeOURh3turASgkZ-8; Max-Age=18000; Path=/; HttpOnly; Secure; SameSite=Lax
1 < Strict-Transport-Security: max-age=63072000; includeSubDomains; preload
1 < Vary: RSC, Next-Router-State-Tree, Next-Router-Prefetch, Next-Router-Segment-Prefetch
1 < X-Matched-Path: /api/auth/login
1 < X-Vercel-Cache: MISS
1 < X-Vercel-Id: gru1::iad1::zh6qw-1751957782228-fc6f44c58f02


01:56:31.875 [pool-2-thread-4] DEBUG c.intuit.karate.core.ScenarioEngine - over-writing existing variable 'fechaHoraEsperadaISO' with new value: getAdjustedTime()
01:56:31.879 [pool-2-thread-4] DEBUG com.intuit.karate - request:
1 > POST https://siasis-dev.vercel.app/api/asistencia-hoy/marcar
1 > Cookie: Apellidos=Gonzales%20Morales; Google_Drive_Foto_ID=12CrZ2Z8qd2FGzo0UeOURh3turASgkZ-8; Nombres=Brigida; Genero=F; Rol=A; token=eyJhbGciOiJIUzI1NiIsInR5cCI6IkpXVCJ9.eyJJRF9Vc3VhcmlvIjoiMTUzNTcyNzgiLCJSRFAwMl9JTlNUQU5DRSI6IlJEUDAyX0lOUzIiLCJSRFAwM19JTlNUQU5DRSI6IlJEUDAzX0lOUzEiLCJOb21icmVfVXN1YXJpbyI6ImJyaWdpZGFfZ29uemFsZXNfMTUzNSIsIlJvbCI6IkEiLCJpYXQiOjE3NTE5NTc3ODEsImV4cCI6MTc1MTk3NTc4MX0.fASpI_MqNHp2RweWL5Z4aTipf0YpR_DIbVO-gfmr4jo
1 > Content-Type: application/json; charset=UTF-8
1 > Content-Length: 70
1 > Host: siasis-dev.vercel.app
1 > Connection: Keep-Alive
1 > User-Agent: Apache-HttpClient/4.5.14 (Java/17.0.12)
1 > Accept-Encoding: gzip,deflate
{
  "ModoRegistro": "E",
  "FechaHoraEsperadaISO": "2025-07-08T05:56:31.876Z"
}


01:56:32.041 [pool-2-thread-1] DEBUG com.intuit.karate - response time in milliseconds: 658
1 < 200
1 < Cache-Control: public, max-age=0, must-revalidate
1 < Content-Type: application/json
1 < Date: Tue, 08 Jul 2025 06:56:22 GMT
1 < Server: Vercel
1 < Strict-Transport-Security: max-age=63072000; includeSubDomains; preload
1 < Vary: RSC, Next-Router-State-Tree, Next-Router-Prefetch, Next-Router-Segment-Prefetch
1 < X-Matched-Path: /api/asistencia-hoy/marcar
1 < X-Vercel-Cache: MISS
1 < X-Vercel-Id: gru1::iad1::knbp6-1751957782221-357dcfdd18d3
1 < Transfer-Encoding: chunked
{
  "success": true,
  "message": "La asistencia ya había sido registrada anteriormente",
  "data": {
    "timestamp": 1751957782356,
    "desfaseSegundos": 3590,
    "esNuevoRegistro": false,
    "esRegistroPropio": false,
    "actorRegistrado": "A",
    "tipoAsistencia": "personal"
  }
}


01:56:32.047 [pool-2-thread-1] DEBUG c.intuit.karate.core.ScenarioEngine - over-writing existing variable 'loginFeature' with new value: 'classpath:resources/features/login/CasoTutorSecundaria.feature'
01:56:32.056 [pool-2-thread-1] DEBUG c.intuit.karate.core.ScenarioEngine - over-writing existing variable 'loginResponse' with new value: call read(loginFeature)
01:56:32.066 [pool-2-thread-1] DEBUG com.intuit.karate - request:
1 > POST https://api01-siasis-dev.vercel.app/api/login/profesor-tutor-secundaria
1 > Cookie: Apellidos=Gonzales%20Morales; Google_Drive_Foto_ID=12CrZ2Z8qd2FGzo0UeOURh3turASgkZ-8; Nombres=Brigida; Genero=F; Rol=A; token=eyJhbGciOiJIUzI1NiIsInR5cCI6IkpXVCJ9.eyJJRF9Vc3VhcmlvIjoiMTUzNTcyNzgiLCJSRFAwMl9JTlNUQU5DRSI6IlJEUDAyX0lOUzMiLCJSRFAwM19JTlNUQU5DRSI6IlJEUDAzX0lOUzUiLCJOb21icmVfVXN1YXJpbyI6ImJyaWdpZGFfZ29uemFsZXNfMTUzNSIsIlJvbCI6IkEiLCJpYXQiOjE3NTE5NTc3ODEsImV4cCI6MTc1MTk3NTc4MX0.4bt6Gv9oyyiEX29tMLhn9qd16VJxHFnVrc5OIPTEQuY
1 > Content-Type: application/json; charset=UTF-8
1 > Content-Length: 65
1 > Host: api01-siasis-dev.vercel.app
1 > Connection: Keep-Alive
1 > User-Agent: Apache-HttpClient/4.5.14 (Java/17.0.12)
1 > Accept-Encoding: gzip,deflate
{
  "Nombre_Usuario": "daniel_sanchez_1542",
  "Contraseña": "15420745"
}


01:56:32.090 [pool-2-thread-5] DEBUG com.intuit.karate - response time in milliseconds: 693
1 < 200
1 < Access-Control-Allow-Origin: *
1 < Cache-Control: public, max-age=0, must-revalidate
1 < Content-Length: 519
1 < Content-Type: application/json; charset=utf-8
1 < Date: Tue, 08 Jul 2025 06:56:22 GMT
1 < Etag: W/"207-VhuZM6+o2Wsa1TsiSKyLUVLww/I"
1 < Server: Vercel
1 < Strict-Transport-Security: max-age=63072000; includeSubDomains; preload
1 < X-Powered-By: Express
1 < X-Vercel-Cache: MISS
1 < X-Vercel-Id: gru1::iad1::zh6qw-1751957782221-db4429d18a48
{
  "success": true,
  "message": "Inicio de sesión exitoso",
  "data": {
    "Apellidos": "Sanchez Gonzales",
    "Nombres": "Daniel Enrique",
    "Rol": "T",
    "token": "eyJhbGciOiJIUzI1NiIsInR5cCI6IkpXVCJ9.eyJJRF9Vc3VhcmlvIjoiMTU0MjA3NDUiLCJOb21icmVfVXN1YXJpbyI6ImRhbmllbF9zYW5jaGV6XzE1NDIiLCJSRFAwMl9JTlNUQU5DRSI6IlJEUDAyX0lOUzIiLCJSRFAwM19JTlNUQU5DRSI6IlJEUDAzX0lOUzQiLCJSb2wiOiJUIiwiaWF0IjoxNzUxOTU3NzgyLCJleHAiOjE3NTE5NzU3ODJ9.F88NzLMODztG3hHmPX_pzjNZu9cpBAPi8CDR06QX0ok",
    "Google_Drive_Foto_ID": "14aAaksU7TNE6kOiFsRt4m5y2LSvnat1b",
    "Genero": "M"
  }
}


01:56:32.094 [pool-2-thread-5] INFO  com.intuit.karate - [print] eyJhbGciOiJIUzI1NiIsInR5cCI6IkpXVCJ9.eyJJRF9Vc3VhcmlvIjoiMTU0MjA3NDUiLCJOb21icmVfVXN1YXJpbyI6ImRhbmllbF9zYW5jaGV6XzE1NDIiLCJSRFAwMl9JTlNUQU5DRSI6IlJEUDAyX0lOUzIiLCJSRFAwM19JTlNUQU5DRSI6IlJEUDAzX0lOUzQiLCJSb2wiOiJUIiwiaWF0IjoxNzUxOTU3NzgyLCJleHAiOjE3NTE5NzU3ODJ9.F88NzLMODztG3hHmPX_pzjNZu9cpBAPi8CDR06QX0ok 
01:56:32.095 [pool-2-thread-5] INFO  com.intuit.karate - [print] T 
01:56:32.098 [pool-2-thread-5] DEBUG com.intuit.karate - request:
1 > POST https://siasis-dev.vercel.app/api/auth/login
1 > Cookie: Apellidos=Gonzales%20Morales; Google_Drive_Foto_ID=1zMyKrzbyqYhCZX-7usVpUfzuwOvRpQtA; Nombres=Brigida; Genero=F; Rol=A; token=eyJhbGciOiJIUzI1NiIsInR5cCI6IkpXVCJ9.eyJJRF9Vc3VhcmlvIjoiMTUzNTcyNzgiLCJSRFAwMl9JTlNUQU5DRSI6IlJEUDAyX0lOUzEiLCJSRFAwM19JTlNUQU5DRSI6IlJEUDAzX0lOUzIiLCJOb21icmVfVXN1YXJpbyI6ImJyaWdpZGFfZ29uemFsZXNfMTUzNSIsIlJvbCI6IkEiLCJpYXQiOjE3NTE5NTc3ODAsImV4cCI6MTc1MTk3NTc4MH0.VXyQKGB3ugwhx_E5MJ4vhCQf3cZeXW5YXAKohd_Idhk
1 > Content-Type: application/json; charset=UTF-8
1 > Content-Length: 457
1 > Host: siasis-dev.vercel.app
1 > Connection: Keep-Alive
1 > User-Agent: Apache-HttpClient/4.5.14 (Java/17.0.12)
1 > Accept-Encoding: gzip,deflate
{
  "Nombres": "Daniel Enrique",
  "Apellidos": "Sanchez Gonzales",
  "token": "eyJhbGciOiJIUzI1NiIsInR5cCI6IkpXVCJ9.eyJJRF9Vc3VhcmlvIjoiMTU0MjA3NDUiLCJOb21icmVfVXN1YXJpbyI6ImRhbmllbF9zYW5jaGV6XzE1NDIiLCJSRFAwMl9JTlNUQU5DRSI6IlJEUDAyX0lOUzIiLCJSRFAwM19JTlNUQU5DRSI6IlJEUDAzX0lOUzQiLCJSb2wiOiJUIiwiaWF0IjoxNzUxOTU3NzgyLCJleHAiOjE3NTE5NzU3ODJ9.F88NzLMODztG3hHmPX_pzjNZu9cpBAPi8CDR06QX0ok",
  "Genero": "M",
  "Google_Drive_Foto_ID": "14aAaksU7TNE6kOiFsRt4m5y2LSvnat1b",
  "Rol": "T"
}


01:56:32.190 [pool-2-thread-2] DEBUG com.intuit.karate - response time in milliseconds: 583
1 < 200
1 < Cache-Control: public, max-age=0, must-revalidate
1 < Content-Type: application/json
1 < Date: Tue, 08 Jul 2025 06:56:22 GMT
1 < Server: Vercel
1 < Strict-Transport-Security: max-age=63072000; includeSubDomains; preload
1 < Vary: RSC, Next-Router-State-Tree, Next-Router-Prefetch, Next-Router-Segment-Prefetch
1 < X-Matched-Path: /api/asistencia-hoy/marcar
1 < X-Vercel-Cache: MISS
1 < X-Vercel-Id: gru1::iad1::zpjsk-1751957782405-106bbd5fa949
1 < Transfer-Encoding: chunked
{
  "success": true,
  "message": "La asistencia ya había sido registrada anteriormente",
  "data": {
    "timestamp": 1751957782513,
    "desfaseSegundos": 3590,
    "esNuevoRegistro": false,
    "esRegistroPropio": false,
    "actorRegistrado": "A",
    "tipoAsistencia": "personal"
  }
}


01:56:32.194 [pool-2-thread-2] DEBUG c.intuit.karate.core.ScenarioEngine - over-writing existing variable 'loginFeature' with new value: 'classpath:resources/features/login/CasoTutorSecundaria.feature'
01:56:32.203 [pool-2-thread-2] DEBUG c.intuit.karate.core.ScenarioEngine - over-writing existing variable 'loginResponse' with new value: call read(loginFeature)
01:56:32.209 [pool-2-thread-2] DEBUG com.intuit.karate - request:
1 > POST https://api01-siasis-dev.vercel.app/api/login/profesor-tutor-secundaria
1 > Cookie: Apellidos=Gonzales%20Morales; Google_Drive_Foto_ID=12CrZ2Z8qd2FGzo0UeOURh3turASgkZ-8; Nombres=Brigida; Genero=F; Rol=A; token=eyJhbGciOiJIUzI1NiIsInR5cCI6IkpXVCJ9.eyJJRF9Vc3VhcmlvIjoiMTUzNTcyNzgiLCJSRFAwMl9JTlNUQU5DRSI6IlJEUDAyX0lOUzMiLCJSRFAwM19JTlNUQU5DRSI6IlJEUDAzX0lOUzUiLCJOb21icmVfVXN1YXJpbyI6ImJyaWdpZGFfZ29uemFsZXNfMTUzNSIsIlJvbCI6IkEiLCJpYXQiOjE3NTE5NTc3ODEsImV4cCI6MTc1MTk3NTc4MX0.4bt6Gv9oyyiEX29tMLhn9qd16VJxHFnVrc5OIPTEQuY
1 > Content-Type: application/json; charset=UTF-8
1 > Content-Length: 65
1 > Host: api01-siasis-dev.vercel.app
1 > Connection: Keep-Alive
1 > User-Agent: Apache-HttpClient/4.5.14 (Java/17.0.12)
1 > Accept-Encoding: gzip,deflate
{
  "Nombre_Usuario": "daniel_sanchez_1542",
  "Contraseña": "15420745"
}


01:56:32.420 [pool-2-thread-3] DEBUG com.intuit.karate - response time in milliseconds: 738
1 < 200
1 < Cache-Control: public, max-age=0, must-revalidate
1 < Content-Type: application/json
1 < Date: Tue, 08 Jul 2025 06:56:22 GMT
1 < Server: Vercel
1 < Strict-Transport-Security: max-age=63072000; includeSubDomains; preload
1 < Vary: RSC, Next-Router-State-Tree, Next-Router-Prefetch, Next-Router-Segment-Prefetch
1 < X-Matched-Path: /api/asistencia-hoy/marcar
1 < X-Vercel-Cache: MISS
1 < X-Vercel-Id: gru1::iad1::zdj87-1751957782489-80e4277c3431
1 < Transfer-Encoding: chunked
{
  "success": true,
  "message": "La asistencia ya había sido registrada anteriormente",
  "data": {
    "timestamp": 1751957782604,
    "desfaseSegundos": 3590,
    "esNuevoRegistro": false,
    "esRegistroPropio": false,
    "actorRegistrado": "A",
    "tipoAsistencia": "personal"
  }
}


01:56:32.426 [pool-2-thread-3] DEBUG c.intuit.karate.core.ScenarioEngine - over-writing existing variable 'loginFeature' with new value: 'classpath:resources/features/login/CasoTutorSecundaria.feature'
01:56:32.432 [pool-2-thread-3] DEBUG c.intuit.karate.core.ScenarioEngine - over-writing existing variable 'loginResponse' with new value: call read(loginFeature)
01:56:32.441 [pool-2-thread-3] DEBUG com.intuit.karate - request:
1 > POST https://api01-siasis-dev.vercel.app/api/login/profesor-tutor-secundaria
1 > Cookie: Apellidos=Gonzales%20Morales; Google_Drive_Foto_ID=12CrZ2Z8qd2FGzo0UeOURh3turASgkZ-8; Nombres=Brigida; Genero=F; Rol=A; token=eyJhbGciOiJIUzI1NiIsInR5cCI6IkpXVCJ9.eyJJRF9Vc3VhcmlvIjoiMTUzNTcyNzgiLCJSRFAwMl9JTlNUQU5DRSI6IlJEUDAyX0lOUzIiLCJSRFAwM19JTlNUQU5DRSI6IlJEUDAzX0lOUzIiLCJOb21icmVfVXN1YXJpbyI6ImJyaWdpZGFfZ29uemFsZXNfMTUzNSIsIlJvbCI6IkEiLCJpYXQiOjE3NTE5NTc3ODEsImV4cCI6MTc1MTk3NTc4MX0.QynInCs7gXrj_LnR5-7aQzF_WxeKnkuRd_bPQWyQ2fM
1 > Content-Type: application/json; charset=UTF-8
1 > Content-Length: 65
1 > Host: api01-siasis-dev.vercel.app
1 > Connection: Keep-Alive
1 > User-Agent: Apache-HttpClient/4.5.14 (Java/17.0.12)
1 > Accept-Encoding: gzip,deflate
{
  "Nombre_Usuario": "daniel_sanchez_1542",
  "Contraseña": "15420745"
}


01:56:32.458 [pool-2-thread-4] DEBUG com.intuit.karate - response time in milliseconds: 577
1 < 200
1 < Cache-Control: public, max-age=0, must-revalidate
1 < Content-Type: application/json
1 < Date: Tue, 08 Jul 2025 06:56:22 GMT
1 < Server: Vercel
1 < Strict-Transport-Security: max-age=63072000; includeSubDomains; preload
1 < Vary: RSC, Next-Router-State-Tree, Next-Router-Prefetch, Next-Router-Segment-Prefetch
1 < X-Matched-Path: /api/asistencia-hoy/marcar
1 < X-Vercel-Cache: MISS
1 < X-Vercel-Id: gru1::iad1::kr4zd-1751957782678-046f1b9e921a
1 < Transfer-Encoding: chunked
{
  "success": true,
  "message": "La asistencia ya había sido registrada anteriormente",
  "data": {
    "timestamp": 1751957782783,
    "desfaseSegundos": 3590,
    "esNuevoRegistro": false,
    "esRegistroPropio": false,
    "actorRegistrado": "A",
    "tipoAsistencia": "personal"
  }
}


01:56:32.463 [pool-2-thread-4] DEBUG c.intuit.karate.core.ScenarioEngine - over-writing existing variable 'loginFeature' with new value: 'classpath:resources/features/login/CasoTutorSecundaria.feature'
01:56:32.469 [pool-2-thread-4] DEBUG c.intuit.karate.core.ScenarioEngine - over-writing existing variable 'loginResponse' with new value: call read(loginFeature)
01:56:32.474 [pool-2-thread-4] DEBUG com.intuit.karate - request:
1 > POST https://api01-siasis-dev.vercel.app/api/login/profesor-tutor-secundaria
1 > Cookie: Apellidos=Gonzales%20Morales; Google_Drive_Foto_ID=12CrZ2Z8qd2FGzo0UeOURh3turASgkZ-8; Nombres=Brigida; Genero=F; Rol=A; token=eyJhbGciOiJIUzI1NiIsInR5cCI6IkpXVCJ9.eyJJRF9Vc3VhcmlvIjoiMTUzNTcyNzgiLCJSRFAwMl9JTlNUQU5DRSI6IlJEUDAyX0lOUzIiLCJSRFAwM19JTlNUQU5DRSI6IlJEUDAzX0lOUzEiLCJOb21icmVfVXN1YXJpbyI6ImJyaWdpZGFfZ29uemFsZXNfMTUzNSIsIlJvbCI6IkEiLCJpYXQiOjE3NTE5NTc3ODEsImV4cCI6MTc1MTk3NTc4MX0.fASpI_MqNHp2RweWL5Z4aTipf0YpR_DIbVO-gfmr4jo
1 > Content-Type: application/json; charset=UTF-8
1 > Content-Length: 65
1 > Host: api01-siasis-dev.vercel.app
1 > Connection: Keep-Alive
1 > User-Agent: Apache-HttpClient/4.5.14 (Java/17.0.12)
1 > Accept-Encoding: gzip,deflate
{
  "Nombre_Usuario": "daniel_sanchez_1542",
  "Contraseña": "15420745"
}


01:56:32.523 [pool-2-thread-5] DEBUG com.intuit.karate - response time in milliseconds: 424
1 < 201
1 < Cache-Control: public, max-age=0, must-revalidate
1 < Content-Length: 0
1 < Date: Tue, 08 Jul 2025 06:56:22 GMT
1 < Server: Vercel
1 < Set-Cookie: Nombres=Daniel%20Enrique; Max-Age=18000; Path=/; HttpOnly; Secure; SameSite=Lax
1 < Set-Cookie: Apellidos=Sanchez%20Gonzales; Max-Age=18000; Path=/; HttpOnly; Secure; SameSite=Lax
1 < Set-Cookie: Rol=T; Max-Age=18000; Path=/; HttpOnly; Secure; SameSite=Lax
1 < Set-Cookie: token=eyJhbGciOiJIUzI1NiIsInR5cCI6IkpXVCJ9.eyJJRF9Vc3VhcmlvIjoiMTU0MjA3NDUiLCJOb21icmVfVXN1YXJpbyI6ImRhbmllbF9zYW5jaGV6XzE1NDIiLCJSRFAwMl9JTlNUQU5DRSI6IlJEUDAyX0lOUzIiLCJSRFAwM19JTlNUQU5DRSI6IlJEUDAzX0lOUzQiLCJSb2wiOiJUIiwiaWF0IjoxNzUxOTU3NzgyLCJleHAiOjE3NTE5NzU3ODJ9.F88NzLMODztG3hHmPX_pzjNZu9cpBAPi8CDR06QX0ok; Max-Age=18000; Path=/; HttpOnly; Secure; SameSite=Lax
1 < Set-Cookie: Genero=M; Max-Age=18000; Path=/; HttpOnly; Secure; SameSite=Lax
1 < Set-Cookie: Google_Drive_Foto_ID=14aAaksU7TNE6kOiFsRt4m5y2LSvnat1b; Max-Age=18000; Path=/; HttpOnly; Secure; SameSite=Lax
1 < Strict-Transport-Security: max-age=63072000; includeSubDomains; preload
1 < Vary: RSC, Next-Router-State-Tree, Next-Router-Prefetch, Next-Router-Segment-Prefetch
1 < X-Matched-Path: /api/auth/login
1 < X-Vercel-Cache: MISS
1 < X-Vercel-Id: gru1::iad1::hxpww-1751957782895-aa4145e8650f


01:56:32.524 [pool-2-thread-5] DEBUG c.intuit.karate.core.ScenarioEngine - over-writing existing variable 'fechaHoraEsperadaISO' with new value: getAdjustedTime()
01:56:32.528 [pool-2-thread-5] DEBUG com.intuit.karate - request:
1 > POST https://siasis-dev.vercel.app/api/asistencia-hoy/marcar
1 > Cookie: Apellidos=Sanchez%20Gonzales; Google_Drive_Foto_ID=14aAaksU7TNE6kOiFsRt4m5y2LSvnat1b; Nombres=Daniel%20Enrique; Genero=M; Rol=T; token=eyJhbGciOiJIUzI1NiIsInR5cCI6IkpXVCJ9.eyJJRF9Vc3VhcmlvIjoiMTU0MjA3NDUiLCJOb21icmVfVXN1YXJpbyI6ImRhbmllbF9zYW5jaGV6XzE1NDIiLCJSRFAwMl9JTlNUQU5DRSI6IlJEUDAyX0lOUzIiLCJSRFAwM19JTlNUQU5DRSI6IlJEUDAzX0lOUzQiLCJSb2wiOiJUIiwiaWF0IjoxNzUxOTU3NzgyLCJleHAiOjE3NTE5NzU3ODJ9.F88NzLMODztG3hHmPX_pzjNZu9cpBAPi8CDR06QX0ok
1 > Content-Type: application/json; charset=UTF-8
1 > Content-Length: 70
1 > Host: siasis-dev.vercel.app
1 > Connection: Keep-Alive
1 > User-Agent: Apache-HttpClient/4.5.14 (Java/17.0.12)
1 > Accept-Encoding: gzip,deflate
{
  "ModoRegistro": "E",
  "FechaHoraEsperadaISO": "2025-07-08T05:56:32.525Z"
}


01:56:32.722 [pool-2-thread-1] DEBUG com.intuit.karate - response time in milliseconds: 656
1 < 200
1 < Access-Control-Allow-Origin: *
1 < Cache-Control: public, max-age=0, must-revalidate
1 < Content-Length: 519
1 < Content-Type: application/json; charset=utf-8
1 < Date: Tue, 08 Jul 2025 06:56:23 GMT
1 < Etag: W/"207-OynOeq8nCKphf8ALF/YexeUHR10"
1 < Server: Vercel
1 < Strict-Transport-Security: max-age=63072000; includeSubDomains; preload
1 < X-Powered-By: Express
1 < X-Vercel-Cache: MISS
1 < X-Vercel-Id: gru1::iad1::zh6qw-1751957782862-46a3d1138d0b
{
  "success": true,
  "message": "Inicio de sesión exitoso",
  "data": {
    "Apellidos": "Sanchez Gonzales",
    "Nombres": "Daniel Enrique",
    "Rol": "T",
    "token": "eyJhbGciOiJIUzI1NiIsInR5cCI6IkpXVCJ9.eyJJRF9Vc3VhcmlvIjoiMTU0MjA3NDUiLCJOb21icmVfVXN1YXJpbyI6ImRhbmllbF9zYW5jaGV6XzE1NDIiLCJSRFAwMl9JTlNUQU5DRSI6IlJEUDAyX0lOUzIiLCJSRFAwM19JTlNUQU5DRSI6IlJEUDAzX0lOUzUiLCJSb2wiOiJUIiwiaWF0IjoxNzUxOTU3NzgzLCJleHAiOjE3NTE5NzU3ODN9.HjfYiAtbQm5nnMDaxcyHRIgHSco4glkwNKKo4BzEhSQ",
    "Google_Drive_Foto_ID": "14aAaksU7TNE6kOiFsRt4m5y2LSvnat1b",
    "Genero": "M"
  }
}


01:56:32.726 [pool-2-thread-1] INFO  com.intuit.karate - [print] eyJhbGciOiJIUzI1NiIsInR5cCI6IkpXVCJ9.eyJJRF9Vc3VhcmlvIjoiMTU0MjA3NDUiLCJOb21icmVfVXN1YXJpbyI6ImRhbmllbF9zYW5jaGV6XzE1NDIiLCJSRFAwMl9JTlNUQU5DRSI6IlJEUDAyX0lOUzIiLCJSRFAwM19JTlNUQU5DRSI6IlJEUDAzX0lOUzUiLCJSb2wiOiJUIiwiaWF0IjoxNzUxOTU3NzgzLCJleHAiOjE3NTE5NzU3ODN9.HjfYiAtbQm5nnMDaxcyHRIgHSco4glkwNKKo4BzEhSQ 
01:56:32.726 [pool-2-thread-1] INFO  com.intuit.karate - [print] T 
01:56:32.730 [pool-2-thread-1] DEBUG com.intuit.karate - request:
1 > POST https://siasis-dev.vercel.app/api/auth/login
1 > Cookie: Apellidos=Gonzales%20Morales; Google_Drive_Foto_ID=12CrZ2Z8qd2FGzo0UeOURh3turASgkZ-8; Nombres=Brigida; Genero=F; Rol=A; token=eyJhbGciOiJIUzI1NiIsInR5cCI6IkpXVCJ9.eyJJRF9Vc3VhcmlvIjoiMTUzNTcyNzgiLCJSRFAwMl9JTlNUQU5DRSI6IlJEUDAyX0lOUzMiLCJSRFAwM19JTlNUQU5DRSI6IlJEUDAzX0lOUzUiLCJOb21icmVfVXN1YXJpbyI6ImJyaWdpZGFfZ29uemFsZXNfMTUzNSIsIlJvbCI6IkEiLCJpYXQiOjE3NTE5NTc3ODEsImV4cCI6MTc1MTk3NTc4MX0.4bt6Gv9oyyiEX29tMLhn9qd16VJxHFnVrc5OIPTEQuY
1 > Content-Type: application/json; charset=UTF-8
1 > Content-Length: 457
1 > Host: siasis-dev.vercel.app
1 > Connection: Keep-Alive
1 > User-Agent: Apache-HttpClient/4.5.14 (Java/17.0.12)
1 > Accept-Encoding: gzip,deflate
{
  "Nombres": "Daniel Enrique",
  "Apellidos": "Sanchez Gonzales",
  "token": "eyJhbGciOiJIUzI1NiIsInR5cCI6IkpXVCJ9.eyJJRF9Vc3VhcmlvIjoiMTU0MjA3NDUiLCJOb21icmVfVXN1YXJpbyI6ImRhbmllbF9zYW5jaGV6XzE1NDIiLCJSRFAwMl9JTlNUQU5DRSI6IlJEUDAyX0lOUzIiLCJSRFAwM19JTlNUQU5DRSI6IlJEUDAzX0lOUzUiLCJSb2wiOiJUIiwiaWF0IjoxNzUxOTU3NzgzLCJleHAiOjE3NTE5NzU3ODN9.HjfYiAtbQm5nnMDaxcyHRIgHSco4glkwNKKo4BzEhSQ",
  "Genero": "M",
  "Google_Drive_Foto_ID": "14aAaksU7TNE6kOiFsRt4m5y2LSvnat1b",
  "Rol": "T"
}


01:56:33.092 [pool-2-thread-3] DEBUG com.intuit.karate - response time in milliseconds: 650
1 < 200
1 < Access-Control-Allow-Origin: *
1 < Cache-Control: public, max-age=0, must-revalidate
1 < Content-Length: 519
1 < Content-Type: application/json; charset=utf-8
1 < Date: Tue, 08 Jul 2025 06:56:23 GMT
1 < Etag: W/"207-8bjfVsL54UfLG4sQLkPvZw4Lk00"
1 < Server: Vercel
1 < Strict-Transport-Security: max-age=63072000; includeSubDomains; preload
1 < X-Powered-By: Express
1 < X-Vercel-Cache: MISS
1 < X-Vercel-Id: gru1::iad1::lrpdm-1751957783238-5cc145fef36a
{
  "success": true,
  "message": "Inicio de sesión exitoso",
  "data": {
    "Apellidos": "Sanchez Gonzales",
    "Nombres": "Daniel Enrique",
    "Rol": "T",
    "token": "eyJhbGciOiJIUzI1NiIsInR5cCI6IkpXVCJ9.eyJJRF9Vc3VhcmlvIjoiMTU0MjA3NDUiLCJOb21icmVfVXN1YXJpbyI6ImRhbmllbF9zYW5jaGV6XzE1NDIiLCJSRFAwMl9JTlNUQU5DRSI6IlJEUDAyX0lOUzEiLCJSRFAwM19JTlNUQU5DRSI6IlJEUDAzX0lOUzMiLCJSb2wiOiJUIiwiaWF0IjoxNzUxOTU3NzgzLCJleHAiOjE3NTE5NzU3ODN9.NbF5klhKJSEupP4MQngTnfjGftgB4ajQvNqp5XN8uoI",
    "Google_Drive_Foto_ID": "14aAaksU7TNE6kOiFsRt4m5y2LSvnat1b",
    "Genero": "M"
  }
}


01:56:33.097 [pool-2-thread-3] INFO  com.intuit.karate - [print] eyJhbGciOiJIUzI1NiIsInR5cCI6IkpXVCJ9.eyJJRF9Vc3VhcmlvIjoiMTU0MjA3NDUiLCJOb21icmVfVXN1YXJpbyI6ImRhbmllbF9zYW5jaGV6XzE1NDIiLCJSRFAwMl9JTlNUQU5DRSI6IlJEUDAyX0lOUzEiLCJSRFAwM19JTlNUQU5DRSI6IlJEUDAzX0lOUzMiLCJSb2wiOiJUIiwiaWF0IjoxNzUxOTU3NzgzLCJleHAiOjE3NTE5NzU3ODN9.NbF5klhKJSEupP4MQngTnfjGftgB4ajQvNqp5XN8uoI 
01:56:33.097 [pool-2-thread-3] INFO  com.intuit.karate - [print] T 
01:56:33.100 [pool-2-thread-3] DEBUG com.intuit.karate - request:
1 > POST https://siasis-dev.vercel.app/api/auth/login
1 > Cookie: Apellidos=Gonzales%20Morales; Google_Drive_Foto_ID=12CrZ2Z8qd2FGzo0UeOURh3turASgkZ-8; Nombres=Brigida; Genero=F; Rol=A; token=eyJhbGciOiJIUzI1NiIsInR5cCI6IkpXVCJ9.eyJJRF9Vc3VhcmlvIjoiMTUzNTcyNzgiLCJSRFAwMl9JTlNUQU5DRSI6IlJEUDAyX0lOUzIiLCJSRFAwM19JTlNUQU5DRSI6IlJEUDAzX0lOUzIiLCJOb21icmVfVXN1YXJpbyI6ImJyaWdpZGFfZ29uemFsZXNfMTUzNSIsIlJvbCI6IkEiLCJpYXQiOjE3NTE5NTc3ODEsImV4cCI6MTc1MTk3NTc4MX0.QynInCs7gXrj_LnR5-7aQzF_WxeKnkuRd_bPQWyQ2fM
1 > Content-Type: application/json; charset=UTF-8
1 > Content-Length: 457
1 > Host: siasis-dev.vercel.app
1 > Connection: Keep-Alive
1 > User-Agent: Apache-HttpClient/4.5.14 (Java/17.0.12)
1 > Accept-Encoding: gzip,deflate
{
  "Nombres": "Daniel Enrique",
  "Apellidos": "Sanchez Gonzales",
  "token": "eyJhbGciOiJIUzI1NiIsInR5cCI6IkpXVCJ9.eyJJRF9Vc3VhcmlvIjoiMTU0MjA3NDUiLCJOb21icmVfVXN1YXJpbyI6ImRhbmllbF9zYW5jaGV6XzE1NDIiLCJSRFAwMl9JTlNUQU5DRSI6IlJEUDAyX0lOUzEiLCJSRFAwM19JTlNUQU5DRSI6IlJEUDAzX0lOUzMiLCJSb2wiOiJUIiwiaWF0IjoxNzUxOTU3NzgzLCJleHAiOjE3NTE5NzU3ODN9.NbF5klhKJSEupP4MQngTnfjGftgB4ajQvNqp5XN8uoI",
  "Genero": "M",
  "Google_Drive_Foto_ID": "14aAaksU7TNE6kOiFsRt4m5y2LSvnat1b",
  "Rol": "T"
}


01:56:33.135 [pool-2-thread-5] DEBUG com.intuit.karate - response time in milliseconds: 606
1 < 200
1 < Cache-Control: public, max-age=0, must-revalidate
1 < Content-Type: application/json
1 < Date: Tue, 08 Jul 2025 06:56:23 GMT
1 < Server: Vercel
1 < Strict-Transport-Security: max-age=63072000; includeSubDomains; preload
1 < Vary: RSC, Next-Router-State-Tree, Next-Router-Prefetch, Next-Router-Segment-Prefetch
1 < X-Matched-Path: /api/asistencia-hoy/marcar
1 < X-Vercel-Cache: MISS
1 < X-Vercel-Id: gru1::iad1::bsmv9-1751957783326-69c5d3ffa8f6
1 < Transfer-Encoding: chunked
{
  "success": true,
  "message": "La asistencia ya había sido registrada anteriormente",
  "data": {
    "timestamp": 1751957783462,
    "desfaseSegundos": 3590,
    "esNuevoRegistro": false,
    "esRegistroPropio": false,
    "actorRegistrado": "PS",
    "tipoAsistencia": "personal"
  }
}


01:56:33.140 [pool-2-thread-5] DEBUG c.intuit.karate.core.ScenarioEngine - over-writing existing variable 'loginFeature' with new value: 'classpath:resources/features/login/CasoNoTutor.feature'
01:56:33.146 [pool-2-thread-5] DEBUG c.intuit.karate.core.ScenarioEngine - over-writing existing variable 'loginResponse' with new value: call read(loginFeature)
01:56:33.155 [pool-2-thread-5] DEBUG com.intuit.karate - request:
1 > POST https://api01-siasis-dev.vercel.app/api/login/profesor-tutor-secundaria
1 > Cookie: Apellidos=Sanchez%20Gonzales; Google_Drive_Foto_ID=14aAaksU7TNE6kOiFsRt4m5y2LSvnat1b; Nombres=Daniel%20Enrique; Genero=M; Rol=T; token=eyJhbGciOiJIUzI1NiIsInR5cCI6IkpXVCJ9.eyJJRF9Vc3VhcmlvIjoiMTU0MjA3NDUiLCJOb21icmVfVXN1YXJpbyI6ImRhbmllbF9zYW5jaGV6XzE1NDIiLCJSRFAwMl9JTlNUQU5DRSI6IlJEUDAyX0lOUzIiLCJSRFAwM19JTlNUQU5DRSI6IlJEUDAzX0lOUzQiLCJSb2wiOiJUIiwiaWF0IjoxNzUxOTU3NzgyLCJleHAiOjE3NTE5NzU3ODJ9.F88NzLMODztG3hHmPX_pzjNZu9cpBAPi8CDR06QX0ok
1 > Content-Type: application/json; charset=UTF-8
1 > Content-Length: 67
1 > Host: api01-siasis-dev.vercel.app
1 > Connection: Keep-Alive
1 > User-Agent: Apache-HttpClient/4.5.14 (Java/17.0.12)
1 > Accept-Encoding: gzip,deflate
{
  "Nombre_Usuario": "david_apolinario_1537",
  "Contraseña": "15371028"
}


01:56:33.176 [pool-2-thread-1] DEBUG com.intuit.karate - response time in milliseconds: 445
1 < 201
1 < Cache-Control: public, max-age=0, must-revalidate
1 < Content-Length: 0
1 < Date: Tue, 08 Jul 2025 06:56:23 GMT
1 < Server: Vercel
1 < Set-Cookie: Nombres=Daniel%20Enrique; Max-Age=18000; Path=/; HttpOnly; Secure; SameSite=Lax
1 < Set-Cookie: Apellidos=Sanchez%20Gonzales; Max-Age=18000; Path=/; HttpOnly; Secure; SameSite=Lax
1 < Set-Cookie: Rol=T; Max-Age=18000; Path=/; HttpOnly; Secure; SameSite=Lax
1 < Set-Cookie: token=eyJhbGciOiJIUzI1NiIsInR5cCI6IkpXVCJ9.eyJJRF9Vc3VhcmlvIjoiMTU0MjA3NDUiLCJOb21icmVfVXN1YXJpbyI6ImRhbmllbF9zYW5jaGV6XzE1NDIiLCJSRFAwMl9JTlNUQU5DRSI6IlJEUDAyX0lOUzIiLCJSRFAwM19JTlNUQU5DRSI6IlJEUDAzX0lOUzUiLCJSb2wiOiJUIiwiaWF0IjoxNzUxOTU3NzgzLCJleHAiOjE3NTE5NzU3ODN9.HjfYiAtbQm5nnMDaxcyHRIgHSco4glkwNKKo4BzEhSQ; Max-Age=18000; Path=/; HttpOnly; Secure; SameSite=Lax
1 < Set-Cookie: Genero=M; Max-Age=18000; Path=/; HttpOnly; Secure; SameSite=Lax
1 < Set-Cookie: Google_Drive_Foto_ID=14aAaksU7TNE6kOiFsRt4m5y2LSvnat1b; Max-Age=18000; Path=/; HttpOnly; Secure; SameSite=Lax
1 < Strict-Transport-Security: max-age=63072000; includeSubDomains; preload
1 < Vary: RSC, Next-Router-State-Tree, Next-Router-Prefetch, Next-Router-Segment-Prefetch
1 < X-Matched-Path: /api/auth/login
1 < X-Vercel-Cache: MISS
1 < X-Vercel-Id: gru1::iad1::zpjsk-1751957783549-fb3fbd5573cd


01:56:33.177 [pool-2-thread-1] DEBUG c.intuit.karate.core.ScenarioEngine - over-writing existing variable 'fechaHoraEsperadaISO' with new value: getAdjustedTime()
01:56:33.179 [pool-2-thread-1] DEBUG com.intuit.karate - request:
1 > POST https://siasis-dev.vercel.app/api/asistencia-hoy/marcar
1 > Cookie: Apellidos=Sanchez%20Gonzales; Google_Drive_Foto_ID=14aAaksU7TNE6kOiFsRt4m5y2LSvnat1b; Nombres=Daniel%20Enrique; Genero=M; Rol=T; token=eyJhbGciOiJIUzI1NiIsInR5cCI6IkpXVCJ9.eyJJRF9Vc3VhcmlvIjoiMTU0MjA3NDUiLCJOb21icmVfVXN1YXJpbyI6ImRhbmllbF9zYW5jaGV6XzE1NDIiLCJSRFAwMl9JTlNUQU5DRSI6IlJEUDAyX0lOUzIiLCJSRFAwM19JTlNUQU5DRSI6IlJEUDAzX0lOUzUiLCJSb2wiOiJUIiwiaWF0IjoxNzUxOTU3NzgzLCJleHAiOjE3NTE5NzU3ODN9.HjfYiAtbQm5nnMDaxcyHRIgHSco4glkwNKKo4BzEhSQ
1 > Content-Type: application/json; charset=UTF-8
1 > Content-Length: 70
1 > Host: siasis-dev.vercel.app
1 > Connection: Keep-Alive
1 > User-Agent: Apache-HttpClient/4.5.14 (Java/17.0.12)
1 > Accept-Encoding: gzip,deflate
{
  "ModoRegistro": "E",
  "FechaHoraEsperadaISO": "2025-07-08T05:56:33.177Z"
}


01:56:33.332 [pool-2-thread-2] DEBUG com.intuit.karate - response time in milliseconds: 1122
1 < 200
1 < Access-Control-Allow-Origin: *
1 < Cache-Control: public, max-age=0, must-revalidate
1 < Content-Length: 519
1 < Content-Type: application/json; charset=utf-8
1 < Date: Tue, 08 Jul 2025 06:56:23 GMT
1 < Etag: W/"207-X1aPcMFkSdC+dSVbbLb4C5UNh3Y"
1 < Server: Vercel
1 < Strict-Transport-Security: max-age=63072000; includeSubDomains; preload
1 < X-Powered-By: Express
1 < X-Vercel-Cache: MISS
1 < X-Vercel-Id: gru1::iad1::kpjfh-1751957783041-0f8057924d74
{
  "success": true,
  "message": "Inicio de sesión exitoso",
  "data": {
    "Apellidos": "Sanchez Gonzales",
    "Nombres": "Daniel Enrique",
    "Rol": "T",
    "token": "eyJhbGciOiJIUzI1NiIsInR5cCI6IkpXVCJ9.eyJJRF9Vc3VhcmlvIjoiMTU0MjA3NDUiLCJOb21icmVfVXN1YXJpbyI6ImRhbmllbF9zYW5jaGV6XzE1NDIiLCJSRFAwMl9JTlNUQU5DRSI6IlJEUDAyX0lOUzMiLCJSRFAwM19JTlNUQU5DRSI6IlJEUDAzX0lOUzIiLCJSb2wiOiJUIiwiaWF0IjoxNzUxOTU3NzgzLCJleHAiOjE3NTE5NzU3ODN9.OmTQ9R1VW0lZCBDhplFZreQFumsoyQzG9Rc--i2uqb0",
    "Google_Drive_Foto_ID": "14aAaksU7TNE6kOiFsRt4m5y2LSvnat1b",
    "Genero": "M"
  }
}


01:56:33.335 [pool-2-thread-2] INFO  com.intuit.karate - [print] eyJhbGciOiJIUzI1NiIsInR5cCI6IkpXVCJ9.eyJJRF9Vc3VhcmlvIjoiMTU0MjA3NDUiLCJOb21icmVfVXN1YXJpbyI6ImRhbmllbF9zYW5jaGV6XzE1NDIiLCJSRFAwMl9JTlNUQU5DRSI6IlJEUDAyX0lOUzMiLCJSRFAwM19JTlNUQU5DRSI6IlJEUDAzX0lOUzIiLCJSb2wiOiJUIiwiaWF0IjoxNzUxOTU3NzgzLCJleHAiOjE3NTE5NzU3ODN9.OmTQ9R1VW0lZCBDhplFZreQFumsoyQzG9Rc--i2uqb0 
01:56:33.336 [pool-2-thread-2] INFO  com.intuit.karate - [print] T 
01:56:33.339 [pool-2-thread-2] DEBUG com.intuit.karate - request:
1 > POST https://siasis-dev.vercel.app/api/auth/login
1 > Cookie: Apellidos=Gonzales%20Morales; Google_Drive_Foto_ID=12CrZ2Z8qd2FGzo0UeOURh3turASgkZ-8; Nombres=Brigida; Genero=F; Rol=A; token=eyJhbGciOiJIUzI1NiIsInR5cCI6IkpXVCJ9.eyJJRF9Vc3VhcmlvIjoiMTUzNTcyNzgiLCJSRFAwMl9JTlNUQU5DRSI6IlJEUDAyX0lOUzMiLCJSRFAwM19JTlNUQU5DRSI6IlJEUDAzX0lOUzUiLCJOb21icmVfVXN1YXJpbyI6ImJyaWdpZGFfZ29uemFsZXNfMTUzNSIsIlJvbCI6IkEiLCJpYXQiOjE3NTE5NTc3ODEsImV4cCI6MTc1MTk3NTc4MX0.4bt6Gv9oyyiEX29tMLhn9qd16VJxHFnVrc5OIPTEQuY
1 > Content-Type: application/json; charset=UTF-8
1 > Content-Length: 457
1 > Host: siasis-dev.vercel.app
1 > Connection: Keep-Alive
1 > User-Agent: Apache-HttpClient/4.5.14 (Java/17.0.12)
1 > Accept-Encoding: gzip,deflate
{
  "Nombres": "Daniel Enrique",
  "Apellidos": "Sanchez Gonzales",
  "token": "eyJhbGciOiJIUzI1NiIsInR5cCI6IkpXVCJ9.eyJJRF9Vc3VhcmlvIjoiMTU0MjA3NDUiLCJOb21icmVfVXN1YXJpbyI6ImRhbmllbF9zYW5jaGV6XzE1NDIiLCJSRFAwMl9JTlNUQU5DRSI6IlJEUDAyX0lOUzMiLCJSRFAwM19JTlNUQU5DRSI6IlJEUDAzX0lOUzIiLCJSb2wiOiJUIiwiaWF0IjoxNzUxOTU3NzgzLCJleHAiOjE3NTE5NzU3ODN9.OmTQ9R1VW0lZCBDhplFZreQFumsoyQzG9Rc--i2uqb0",
  "Genero": "M",
  "Google_Drive_Foto_ID": "14aAaksU7TNE6kOiFsRt4m5y2LSvnat1b",
  "Rol": "T"
}


01:56:33.542 [pool-2-thread-4] DEBUG com.intuit.karate - response time in milliseconds: 1066
1 < 200
1 < Access-Control-Allow-Origin: *
1 < Cache-Control: public, max-age=0, must-revalidate
1 < Content-Length: 519
1 < Content-Type: application/json; charset=utf-8
1 < Date: Tue, 08 Jul 2025 06:56:24 GMT
1 < Etag: W/"207-aPdPwefdMgPu6FFSr5FSSOJgVQM"
1 < Server: Vercel
1 < Strict-Transport-Security: max-age=63072000; includeSubDomains; preload
1 < X-Powered-By: Express
1 < X-Vercel-Cache: MISS
1 < X-Vercel-Id: gru1::iad1::zh6qw-1751957783276-a6a7ae9bb288
{
  "success": true,
  "message": "Inicio de sesión exitoso",
  "data": {
    "Apellidos": "Sanchez Gonzales",
    "Nombres": "Daniel Enrique",
    "Rol": "T",
    "token": "eyJhbGciOiJIUzI1NiIsInR5cCI6IkpXVCJ9.eyJJRF9Vc3VhcmlvIjoiMTU0MjA3NDUiLCJOb21icmVfVXN1YXJpbyI6ImRhbmllbF9zYW5jaGV6XzE1NDIiLCJSRFAwMl9JTlNUQU5DRSI6IlJEUDAyX0lOUzIiLCJSRFAwM19JTlNUQU5DRSI6IlJEUDAzX0lOUzMiLCJSb2wiOiJUIiwiaWF0IjoxNzUxOTU3Nzg0LCJleHAiOjE3NTE5NzU3ODR9.sYOhsxwhGger-XjEzY-LjCx_NUIOLifMOquqskHT9Ag",
    "Google_Drive_Foto_ID": "14aAaksU7TNE6kOiFsRt4m5y2LSvnat1b",
    "Genero": "M"
  }
}


01:56:33.543 [pool-2-thread-3] DEBUG com.intuit.karate - response time in milliseconds: 439
1 < 201
1 < Cache-Control: public, max-age=0, must-revalidate
1 < Content-Length: 0
1 < Date: Tue, 08 Jul 2025 06:56:24 GMT
1 < Server: Vercel
1 < Set-Cookie: Nombres=Daniel%20Enrique; Max-Age=18000; Path=/; HttpOnly; Secure; SameSite=Lax
1 < Set-Cookie: Apellidos=Sanchez%20Gonzales; Max-Age=18000; Path=/; HttpOnly; Secure; SameSite=Lax
1 < Set-Cookie: Rol=T; Max-Age=18000; Path=/; HttpOnly; Secure; SameSite=Lax
1 < Set-Cookie: token=eyJhbGciOiJIUzI1NiIsInR5cCI6IkpXVCJ9.eyJJRF9Vc3VhcmlvIjoiMTU0MjA3NDUiLCJOb21icmVfVXN1YXJpbyI6ImRhbmllbF9zYW5jaGV6XzE1NDIiLCJSRFAwMl9JTlNUQU5DRSI6IlJEUDAyX0lOUzEiLCJSRFAwM19JTlNUQU5DRSI6IlJEUDAzX0lOUzMiLCJSb2wiOiJUIiwiaWF0IjoxNzUxOTU3NzgzLCJleHAiOjE3NTE5NzU3ODN9.NbF5klhKJSEupP4MQngTnfjGftgB4ajQvNqp5XN8uoI; Max-Age=18000; Path=/; HttpOnly; Secure; SameSite=Lax
1 < Set-Cookie: Genero=M; Max-Age=18000; Path=/; HttpOnly; Secure; SameSite=Lax
1 < Set-Cookie: Google_Drive_Foto_ID=14aAaksU7TNE6kOiFsRt4m5y2LSvnat1b; Max-Age=18000; Path=/; HttpOnly; Secure; SameSite=Lax
1 < Strict-Transport-Security: max-age=63072000; includeSubDomains; preload
1 < Vary: RSC, Next-Router-State-Tree, Next-Router-Prefetch, Next-Router-Segment-Prefetch
1 < X-Matched-Path: /api/auth/login
1 < X-Vercel-Cache: MISS
1 < X-Vercel-Id: gru1::iad1::bdvft-1751957783905-74b317e764f5


01:56:33.545 [pool-2-thread-3] DEBUG c.intuit.karate.core.ScenarioEngine - over-writing existing variable 'fechaHoraEsperadaISO' with new value: getAdjustedTime()
01:56:33.546 [pool-2-thread-4] INFO  com.intuit.karate - [print] eyJhbGciOiJIUzI1NiIsInR5cCI6IkpXVCJ9.eyJJRF9Vc3VhcmlvIjoiMTU0MjA3NDUiLCJOb21icmVfVXN1YXJpbyI6ImRhbmllbF9zYW5jaGV6XzE1NDIiLCJSRFAwMl9JTlNUQU5DRSI6IlJEUDAyX0lOUzIiLCJSRFAwM19JTlNUQU5DRSI6IlJEUDAzX0lOUzMiLCJSb2wiOiJUIiwiaWF0IjoxNzUxOTU3Nzg0LCJleHAiOjE3NTE5NzU3ODR9.sYOhsxwhGger-XjEzY-LjCx_NUIOLifMOquqskHT9Ag 
01:56:33.547 [pool-2-thread-4] INFO  com.intuit.karate - [print] T 
01:56:33.549 [pool-2-thread-3] DEBUG com.intuit.karate - request:
1 > POST https://siasis-dev.vercel.app/api/asistencia-hoy/marcar
1 > Cookie: Apellidos=Sanchez%20Gonzales; Google_Drive_Foto_ID=14aAaksU7TNE6kOiFsRt4m5y2LSvnat1b; Nombres=Daniel%20Enrique; Genero=M; Rol=T; token=eyJhbGciOiJIUzI1NiIsInR5cCI6IkpXVCJ9.eyJJRF9Vc3VhcmlvIjoiMTU0MjA3NDUiLCJOb21icmVfVXN1YXJpbyI6ImRhbmllbF9zYW5jaGV6XzE1NDIiLCJSRFAwMl9JTlNUQU5DRSI6IlJEUDAyX0lOUzEiLCJSRFAwM19JTlNUQU5DRSI6IlJEUDAzX0lOUzMiLCJSb2wiOiJUIiwiaWF0IjoxNzUxOTU3NzgzLCJleHAiOjE3NTE5NzU3ODN9.NbF5klhKJSEupP4MQngTnfjGftgB4ajQvNqp5XN8uoI
1 > Content-Type: application/json; charset=UTF-8
1 > Content-Length: 70
1 > Host: siasis-dev.vercel.app
1 > Connection: Keep-Alive
1 > User-Agent: Apache-HttpClient/4.5.14 (Java/17.0.12)
1 > Accept-Encoding: gzip,deflate
{
  "ModoRegistro": "E",
  "FechaHoraEsperadaISO": "2025-07-08T05:56:33.545Z"
}


01:56:33.551 [pool-2-thread-4] DEBUG com.intuit.karate - request:
1 > POST https://siasis-dev.vercel.app/api/auth/login
1 > Cookie: Apellidos=Gonzales%20Morales; Google_Drive_Foto_ID=12CrZ2Z8qd2FGzo0UeOURh3turASgkZ-8; Nombres=Brigida; Genero=F; Rol=A; token=eyJhbGciOiJIUzI1NiIsInR5cCI6IkpXVCJ9.eyJJRF9Vc3VhcmlvIjoiMTUzNTcyNzgiLCJSRFAwMl9JTlNUQU5DRSI6IlJEUDAyX0lOUzIiLCJSRFAwM19JTlNUQU5DRSI6IlJEUDAzX0lOUzEiLCJOb21icmVfVXN1YXJpbyI6ImJyaWdpZGFfZ29uemFsZXNfMTUzNSIsIlJvbCI6IkEiLCJpYXQiOjE3NTE5NTc3ODEsImV4cCI6MTc1MTk3NTc4MX0.fASpI_MqNHp2RweWL5Z4aTipf0YpR_DIbVO-gfmr4jo
1 > Content-Type: application/json; charset=UTF-8
1 > Content-Length: 457
1 > Host: siasis-dev.vercel.app
1 > Connection: Keep-Alive
1 > User-Agent: Apache-HttpClient/4.5.14 (Java/17.0.12)
1 > Accept-Encoding: gzip,deflate
{
  "Nombres": "Daniel Enrique",
  "Apellidos": "Sanchez Gonzales",
  "token": "eyJhbGciOiJIUzI1NiIsInR5cCI6IkpXVCJ9.eyJJRF9Vc3VhcmlvIjoiMTU0MjA3NDUiLCJOb21icmVfVXN1YXJpbyI6ImRhbmllbF9zYW5jaGV6XzE1NDIiLCJSRFAwMl9JTlNUQU5DRSI6IlJEUDAyX0lOUzIiLCJSRFAwM19JTlNUQU5DRSI6IlJEUDAzX0lOUzMiLCJSb2wiOiJUIiwiaWF0IjoxNzUxOTU3Nzg0LCJleHAiOjE3NTE5NzU3ODR9.sYOhsxwhGger-XjEzY-LjCx_NUIOLifMOquqskHT9Ag",
  "Genero": "M",
  "Google_Drive_Foto_ID": "14aAaksU7TNE6kOiFsRt4m5y2LSvnat1b",
  "Rol": "T"
}


01:56:33.790 [pool-2-thread-1] DEBUG com.intuit.karate - response time in milliseconds: 609
1 < 200
1 < Cache-Control: public, max-age=0, must-revalidate
1 < Content-Type: application/json
1 < Date: Tue, 08 Jul 2025 06:56:24 GMT
1 < Server: Vercel
1 < Strict-Transport-Security: max-age=63072000; includeSubDomains; preload
1 < Vary: RSC, Next-Router-State-Tree, Next-Router-Prefetch, Next-Router-Segment-Prefetch
1 < X-Matched-Path: /api/asistencia-hoy/marcar
1 < X-Vercel-Cache: MISS
1 < X-Vercel-Id: gru1::iad1::zh6qw-1751957783978-33a95112e420
1 < Transfer-Encoding: chunked
{
  "success": true,
  "message": "La asistencia ya había sido registrada anteriormente",
  "data": {
    "timestamp": 1751957784101,
    "desfaseSegundos": 3590,
    "esNuevoRegistro": false,
    "esRegistroPropio": false,
    "actorRegistrado": "PS",
    "tipoAsistencia": "personal"
  }
}


01:56:33.791 [pool-2-thread-2] DEBUG com.intuit.karate - response time in milliseconds: 450
1 < 201
1 < Cache-Control: public, max-age=0, must-revalidate
1 < Content-Length: 0
1 < Date: Tue, 08 Jul 2025 06:56:24 GMT
1 < Server: Vercel
1 < Set-Cookie: Nombres=Daniel%20Enrique; Max-Age=18000; Path=/; HttpOnly; Secure; SameSite=Lax
1 < Set-Cookie: Apellidos=Sanchez%20Gonzales; Max-Age=18000; Path=/; HttpOnly; Secure; SameSite=Lax
1 < Set-Cookie: Rol=T; Max-Age=18000; Path=/; HttpOnly; Secure; SameSite=Lax
1 < Set-Cookie: token=eyJhbGciOiJIUzI1NiIsInR5cCI6IkpXVCJ9.eyJJRF9Vc3VhcmlvIjoiMTU0MjA3NDUiLCJOb21icmVfVXN1YXJpbyI6ImRhbmllbF9zYW5jaGV6XzE1NDIiLCJSRFAwMl9JTlNUQU5DRSI6IlJEUDAyX0lOUzMiLCJSRFAwM19JTlNUQU5DRSI6IlJEUDAzX0lOUzIiLCJSb2wiOiJUIiwiaWF0IjoxNzUxOTU3NzgzLCJleHAiOjE3NTE5NzU3ODN9.OmTQ9R1VW0lZCBDhplFZreQFumsoyQzG9Rc--i2uqb0; Max-Age=18000; Path=/; HttpOnly; Secure; SameSite=Lax
1 < Set-Cookie: Genero=M; Max-Age=18000; Path=/; HttpOnly; Secure; SameSite=Lax
1 < Set-Cookie: Google_Drive_Foto_ID=14aAaksU7TNE6kOiFsRt4m5y2LSvnat1b; Max-Age=18000; Path=/; HttpOnly; Secure; SameSite=Lax
1 < Strict-Transport-Security: max-age=63072000; includeSubDomains; preload
1 < Vary: RSC, Next-Router-State-Tree, Next-Router-Prefetch, Next-Router-Segment-Prefetch
1 < X-Matched-Path: /api/auth/login
1 < X-Vercel-Cache: MISS
1 < X-Vercel-Id: gru1::iad1::cq8gr-1751957784165-33fb125ff54c


01:56:33.792 [pool-2-thread-2] DEBUG c.intuit.karate.core.ScenarioEngine - over-writing existing variable 'fechaHoraEsperadaISO' with new value: getAdjustedTime()
01:56:33.802 [pool-2-thread-1] DEBUG c.intuit.karate.core.ScenarioEngine - over-writing existing variable 'loginFeature' with new value: 'classpath:resources/features/login/CasoNoTutor.feature'
01:56:33.805 [pool-2-thread-2] DEBUG com.intuit.karate - request:
1 > POST https://siasis-dev.vercel.app/api/asistencia-hoy/marcar
1 > Cookie: Apellidos=Sanchez%20Gonzales; Google_Drive_Foto_ID=14aAaksU7TNE6kOiFsRt4m5y2LSvnat1b; Nombres=Daniel%20Enrique; Genero=M; Rol=T; token=eyJhbGciOiJIUzI1NiIsInR5cCI6IkpXVCJ9.eyJJRF9Vc3VhcmlvIjoiMTU0MjA3NDUiLCJOb21icmVfVXN1YXJpbyI6ImRhbmllbF9zYW5jaGV6XzE1NDIiLCJSRFAwMl9JTlNUQU5DRSI6IlJEUDAyX0lOUzMiLCJSRFAwM19JTlNUQU5DRSI6IlJEUDAzX0lOUzIiLCJSb2wiOiJUIiwiaWF0IjoxNzUxOTU3NzgzLCJleHAiOjE3NTE5NzU3ODN9.OmTQ9R1VW0lZCBDhplFZreQFumsoyQzG9Rc--i2uqb0
1 > Content-Type: application/json; charset=UTF-8
1 > Content-Length: 70
1 > Host: siasis-dev.vercel.app
1 > Connection: Keep-Alive
1 > User-Agent: Apache-HttpClient/4.5.14 (Java/17.0.12)
1 > Accept-Encoding: gzip,deflate
{
  "ModoRegistro": "E",
  "FechaHoraEsperadaISO": "2025-07-08T05:56:33.792Z"
}


01:56:33.808 [pool-2-thread-1] DEBUG c.intuit.karate.core.ScenarioEngine - over-writing existing variable 'loginResponse' with new value: call read(loginFeature)
01:56:33.814 [pool-2-thread-1] DEBUG com.intuit.karate - request:
1 > POST https://api01-siasis-dev.vercel.app/api/login/profesor-tutor-secundaria
1 > Cookie: Apellidos=Sanchez%20Gonzales; Google_Drive_Foto_ID=14aAaksU7TNE6kOiFsRt4m5y2LSvnat1b; Nombres=Daniel%20Enrique; Genero=M; Rol=T; token=eyJhbGciOiJIUzI1NiIsInR5cCI6IkpXVCJ9.eyJJRF9Vc3VhcmlvIjoiMTU0MjA3NDUiLCJOb21icmVfVXN1YXJpbyI6ImRhbmllbF9zYW5jaGV6XzE1NDIiLCJSRFAwMl9JTlNUQU5DRSI6IlJEUDAyX0lOUzIiLCJSRFAwM19JTlNUQU5DRSI6IlJEUDAzX0lOUzUiLCJSb2wiOiJUIiwiaWF0IjoxNzUxOTU3NzgzLCJleHAiOjE3NTE5NzU3ODN9.HjfYiAtbQm5nnMDaxcyHRIgHSco4glkwNKKo4BzEhSQ
1 > Content-Type: application/json; charset=UTF-8
1 > Content-Length: 67
1 > Host: api01-siasis-dev.vercel.app
1 > Connection: Keep-Alive
1 > User-Agent: Apache-HttpClient/4.5.14 (Java/17.0.12)
1 > Accept-Encoding: gzip,deflate
{
  "Nombre_Usuario": "david_apolinario_1537",
  "Contraseña": "15371028"
}


01:56:33.825 [pool-2-thread-5] DEBUG com.intuit.karate - response time in milliseconds: 670
1 < 200
1 < Access-Control-Allow-Origin: *
1 < Cache-Control: public, max-age=0, must-revalidate
1 < Content-Length: 523
1 < Content-Type: application/json; charset=utf-8
1 < Date: Tue, 08 Jul 2025 06:56:24 GMT
1 < Etag: W/"20b-WwdY90kbmSLQaW7vDDx6c8tkkvc"
1 < Server: Vercel
1 < Strict-Transport-Security: max-age=63072000; includeSubDomains; preload
1 < X-Powered-By: Express
1 < X-Vercel-Cache: MISS
1 < X-Vercel-Id: gru1::iad1::lrpdm-1751957783954-b00b1fe73f26
{
  "success": true,
  "message": "Inicio de sesión exitoso",
  "data": {
    "Apellidos": "Apolinario Quispe",
    "Nombres": "David Julian",
    "Rol": "PS",
    "token": "eyJhbGciOiJIUzI1NiIsInR5cCI6IkpXVCJ9.eyJJRF9Vc3VhcmlvIjoiMTUzNzEwMjgiLCJOb21icmVfVXN1YXJpbyI6ImRhdmlkX2Fwb2xpbmFyaW9fMTUzNyIsIlJEUDAyX0lOU1RBTkNFIjoiUkRQMDJfSU5TMiIsIlJEUDAzX0lOU1RBTkNFIjoiUkRQMDNfSU5TNCIsIlJvbCI6IlBTIiwiaWF0IjoxNzUxOTU3Nzg0LCJleHAiOjE3NTE5NzU3ODR9.4S3qO5JJj8VoqkHJ3IXQzc37z3ky2iJNgEVdkH25Ecw",
    "Google_Drive_Foto_ID": "1zGZuWnkBA59hSHlTgGVXrduC8eBgrKi1",
    "Genero": "M"
  }
}


01:56:33.828 [pool-2-thread-5] INFO  com.intuit.karate - [print] eyJhbGciOiJIUzI1NiIsInR5cCI6IkpXVCJ9.eyJJRF9Vc3VhcmlvIjoiMTUzNzEwMjgiLCJOb21icmVfVXN1YXJpbyI6ImRhdmlkX2Fwb2xpbmFyaW9fMTUzNyIsIlJEUDAyX0lOU1RBTkNFIjoiUkRQMDJfSU5TMiIsIlJEUDAzX0lOU1RBTkNFIjoiUkRQMDNfSU5TNCIsIlJvbCI6IlBTIiwiaWF0IjoxNzUxOTU3Nzg0LCJleHAiOjE3NTE5NzU3ODR9.4S3qO5JJj8VoqkHJ3IXQzc37z3ky2iJNgEVdkH25Ecw 
01:56:33.829 [pool-2-thread-5] INFO  com.intuit.karate - [print] PS 
01:56:33.832 [pool-2-thread-5] DEBUG com.intuit.karate - request:
1 > POST https://siasis-dev.vercel.app/api/auth/login
1 > Cookie: Apellidos=Sanchez%20Gonzales; Google_Drive_Foto_ID=14aAaksU7TNE6kOiFsRt4m5y2LSvnat1b; Nombres=Daniel%20Enrique; Genero=M; Rol=T; token=eyJhbGciOiJIUzI1NiIsInR5cCI6IkpXVCJ9.eyJJRF9Vc3VhcmlvIjoiMTU0MjA3NDUiLCJOb21icmVfVXN1YXJpbyI6ImRhbmllbF9zYW5jaGV6XzE1NDIiLCJSRFAwMl9JTlNUQU5DRSI6IlJEUDAyX0lOUzIiLCJSRFAwM19JTlNUQU5DRSI6IlJEUDAzX0lOUzQiLCJSb2wiOiJUIiwiaWF0IjoxNzUxOTU3NzgyLCJleHAiOjE3NTE5NzU3ODJ9.F88NzLMODztG3hHmPX_pzjNZu9cpBAPi8CDR06QX0ok
1 > Content-Type: application/json; charset=UTF-8
1 > Content-Length: 461
1 > Host: siasis-dev.vercel.app
1 > Connection: Keep-Alive
1 > User-Agent: Apache-HttpClient/4.5.14 (Java/17.0.12)
1 > Accept-Encoding: gzip,deflate
{
  "Nombres": "David Julian",
  "Apellidos": "Apolinario Quispe",
  "token": "eyJhbGciOiJIUzI1NiIsInR5cCI6IkpXVCJ9.eyJJRF9Vc3VhcmlvIjoiMTUzNzEwMjgiLCJOb21icmVfVXN1YXJpbyI6ImRhdmlkX2Fwb2xpbmFyaW9fMTUzNyIsIlJEUDAyX0lOU1RBTkNFIjoiUkRQMDJfSU5TMiIsIlJEUDAzX0lOU1RBTkNFIjoiUkRQMDNfSU5TNCIsIlJvbCI6IlBTIiwiaWF0IjoxNzUxOTU3Nzg0LCJleHAiOjE3NTE5NzU3ODR9.4S3qO5JJj8VoqkHJ3IXQzc37z3ky2iJNgEVdkH25Ecw",
  "Genero": "M",
  "Google_Drive_Foto_ID": "1zGZuWnkBA59hSHlTgGVXrduC8eBgrKi1",
  "Rol": "PS"
}


01:56:34.053 [pool-2-thread-4] DEBUG com.intuit.karate - response time in milliseconds: 501
1 < 201
1 < Cache-Control: public, max-age=0, must-revalidate
1 < Content-Length: 0
1 < Date: Tue, 08 Jul 2025 06:56:24 GMT
1 < Server: Vercel
1 < Set-Cookie: Nombres=Daniel%20Enrique; Max-Age=18000; Path=/; HttpOnly; Secure; SameSite=Lax
1 < Set-Cookie: Apellidos=Sanchez%20Gonzales; Max-Age=18000; Path=/; HttpOnly; Secure; SameSite=Lax
1 < Set-Cookie: Rol=T; Max-Age=18000; Path=/; HttpOnly; Secure; SameSite=Lax
1 < Set-Cookie: token=eyJhbGciOiJIUzI1NiIsInR5cCI6IkpXVCJ9.eyJJRF9Vc3VhcmlvIjoiMTU0MjA3NDUiLCJOb21icmVfVXN1YXJpbyI6ImRhbmllbF9zYW5jaGV6XzE1NDIiLCJSRFAwMl9JTlNUQU5DRSI6IlJEUDAyX0lOUzIiLCJSRFAwM19JTlNUQU5DRSI6IlJEUDAzX0lOUzMiLCJSb2wiOiJUIiwiaWF0IjoxNzUxOTU3Nzg0LCJleHAiOjE3NTE5NzU3ODR9.sYOhsxwhGger-XjEzY-LjCx_NUIOLifMOquqskHT9Ag; Max-Age=18000; Path=/; HttpOnly; Secure; SameSite=Lax
1 < Set-Cookie: Genero=M; Max-Age=18000; Path=/; HttpOnly; Secure; SameSite=Lax
1 < Set-Cookie: Google_Drive_Foto_ID=14aAaksU7TNE6kOiFsRt4m5y2LSvnat1b; Max-Age=18000; Path=/; HttpOnly; Secure; SameSite=Lax
1 < Strict-Transport-Security: max-age=63072000; includeSubDomains; preload
1 < Vary: RSC, Next-Router-State-Tree, Next-Router-Prefetch, Next-Router-Segment-Prefetch
1 < X-Matched-Path: /api/auth/login
1 < X-Vercel-Cache: MISS
1 < X-Vercel-Id: gru1::iad1::lw4h4-1751957784375-9350cd031a46


01:56:34.054 [pool-2-thread-4] DEBUG c.intuit.karate.core.ScenarioEngine - over-writing existing variable 'fechaHoraEsperadaISO' with new value: getAdjustedTime()
01:56:34.058 [pool-2-thread-4] DEBUG com.intuit.karate - request:
1 > POST https://siasis-dev.vercel.app/api/asistencia-hoy/marcar
1 > Cookie: Apellidos=Sanchez%20Gonzales; Google_Drive_Foto_ID=14aAaksU7TNE6kOiFsRt4m5y2LSvnat1b; Nombres=Daniel%20Enrique; Genero=M; Rol=T; token=eyJhbGciOiJIUzI1NiIsInR5cCI6IkpXVCJ9.eyJJRF9Vc3VhcmlvIjoiMTU0MjA3NDUiLCJOb21icmVfVXN1YXJpbyI6ImRhbmllbF9zYW5jaGV6XzE1NDIiLCJSRFAwMl9JTlNUQU5DRSI6IlJEUDAyX0lOUzIiLCJSRFAwM19JTlNUQU5DRSI6IlJEUDAzX0lOUzMiLCJSb2wiOiJUIiwiaWF0IjoxNzUxOTU3Nzg0LCJleHAiOjE3NTE5NzU3ODR9.sYOhsxwhGger-XjEzY-LjCx_NUIOLifMOquqskHT9Ag
1 > Content-Type: application/json; charset=UTF-8
1 > Content-Length: 70
1 > Host: siasis-dev.vercel.app
1 > Connection: Keep-Alive
1 > User-Agent: Apache-HttpClient/4.5.14 (Java/17.0.12)
1 > Accept-Encoding: gzip,deflate
{
  "ModoRegistro": "E",
  "FechaHoraEsperadaISO": "2025-07-08T05:56:34.055Z"
}


01:56:34.160 [pool-2-thread-3] DEBUG com.intuit.karate - response time in milliseconds: 610
1 < 200
1 < Cache-Control: public, max-age=0, must-revalidate
1 < Content-Type: application/json
1 < Date: Tue, 08 Jul 2025 06:56:24 GMT
1 < Server: Vercel
1 < Strict-Transport-Security: max-age=63072000; includeSubDomains; preload
1 < Vary: RSC, Next-Router-State-Tree, Next-Router-Prefetch, Next-Router-Segment-Prefetch
1 < X-Matched-Path: /api/asistencia-hoy/marcar
1 < X-Vercel-Cache: MISS
1 < X-Vercel-Id: gru1::iad1::zh6qw-1751957784370-c9aa5c9501ad
1 < Transfer-Encoding: chunked
{
  "success": true,
  "message": "La asistencia ya había sido registrada anteriormente",
  "data": {
    "timestamp": 1751957784487,
    "desfaseSegundos": 3590,
    "esNuevoRegistro": false,
    "esRegistroPropio": false,
    "actorRegistrado": "PS",
    "tipoAsistencia": "personal"
  }
}


01:56:34.166 [pool-2-thread-3] DEBUG c.intuit.karate.core.ScenarioEngine - over-writing existing variable 'loginFeature' with new value: 'classpath:resources/features/login/CasoNoTutor.feature'
01:56:34.173 [pool-2-thread-3] DEBUG c.intuit.karate.core.ScenarioEngine - over-writing existing variable 'loginResponse' with new value: call read(loginFeature)
01:56:34.192 [pool-2-thread-3] DEBUG com.intuit.karate - request:
1 > POST https://api01-siasis-dev.vercel.app/api/login/profesor-tutor-secundaria
1 > Cookie: Apellidos=Sanchez%20Gonzales; Google_Drive_Foto_ID=14aAaksU7TNE6kOiFsRt4m5y2LSvnat1b; Nombres=Daniel%20Enrique; Genero=M; Rol=T; token=eyJhbGciOiJIUzI1NiIsInR5cCI6IkpXVCJ9.eyJJRF9Vc3VhcmlvIjoiMTU0MjA3NDUiLCJOb21icmVfVXN1YXJpbyI6ImRhbmllbF9zYW5jaGV6XzE1NDIiLCJSRFAwMl9JTlNUQU5DRSI6IlJEUDAyX0lOUzEiLCJSRFAwM19JTlNUQU5DRSI6IlJEUDAzX0lOUzMiLCJSb2wiOiJUIiwiaWF0IjoxNzUxOTU3NzgzLCJleHAiOjE3NTE5NzU3ODN9.NbF5klhKJSEupP4MQngTnfjGftgB4ajQvNqp5XN8uoI
1 > Content-Type: application/json; charset=UTF-8
1 > Content-Length: 67
1 > Host: api01-siasis-dev.vercel.app
1 > Connection: Keep-Alive
1 > User-Agent: Apache-HttpClient/4.5.14 (Java/17.0.12)
1 > Accept-Encoding: gzip,deflate
{
  "Nombre_Usuario": "david_apolinario_1537",
  "Contraseña": "15371028"
}


01:56:34.294 [pool-2-thread-5] DEBUG com.intuit.karate - response time in milliseconds: 461
1 < 201
1 < Cache-Control: public, max-age=0, must-revalidate
1 < Content-Length: 0
1 < Date: Tue, 08 Jul 2025 06:56:24 GMT
1 < Server: Vercel
1 < Set-Cookie: Nombres=David%20Julian; Max-Age=18000; Path=/; HttpOnly; Secure; SameSite=Lax
1 < Set-Cookie: Apellidos=Apolinario%20Quispe; Max-Age=18000; Path=/; HttpOnly; Secure; SameSite=Lax
1 < Set-Cookie: Rol=PS; Max-Age=18000; Path=/; HttpOnly; Secure; SameSite=Lax
1 < Set-Cookie: token=eyJhbGciOiJIUzI1NiIsInR5cCI6IkpXVCJ9.eyJJRF9Vc3VhcmlvIjoiMTUzNzEwMjgiLCJOb21icmVfVXN1YXJpbyI6ImRhdmlkX2Fwb2xpbmFyaW9fMTUzNyIsIlJEUDAyX0lOU1RBTkNFIjoiUkRQMDJfSU5TMiIsIlJEUDAzX0lOU1RBTkNFIjoiUkRQMDNfSU5TNCIsIlJvbCI6IlBTIiwiaWF0IjoxNzUxOTU3Nzg0LCJleHAiOjE3NTE5NzU3ODR9.4S3qO5JJj8VoqkHJ3IXQzc37z3ky2iJNgEVdkH25Ecw; Max-Age=18000; Path=/; HttpOnly; Secure; SameSite=Lax
1 < Set-Cookie: Genero=M; Max-Age=18000; Path=/; HttpOnly; Secure; SameSite=Lax
1 < Set-Cookie: Google_Drive_Foto_ID=1zGZuWnkBA59hSHlTgGVXrduC8eBgrKi1; Max-Age=18000; Path=/; HttpOnly; Secure; SameSite=Lax
1 < Strict-Transport-Security: max-age=63072000; includeSubDomains; preload
1 < Vary: RSC, Next-Router-State-Tree, Next-Router-Prefetch, Next-Router-Segment-Prefetch
1 < X-Matched-Path: /api/auth/login
1 < X-Vercel-Cache: MISS
1 < X-Vercel-Id: gru1::iad1::zpjsk-1751957784675-6eeef9aa2638


01:56:34.295 [pool-2-thread-5] DEBUG c.intuit.karate.core.ScenarioEngine - over-writing existing variable 'fechaHoraEsperadaISO' with new value: getAdjustedTime()
01:56:34.302 [pool-2-thread-5] DEBUG com.intuit.karate - request:
1 > POST https://siasis-dev.vercel.app/api/asistencia-hoy/marcar
1 > Cookie: Apellidos=Apolinario%20Quispe; Google_Drive_Foto_ID=1zGZuWnkBA59hSHlTgGVXrduC8eBgrKi1; Nombres=David%20Julian; Genero=M; Rol=PS; token=eyJhbGciOiJIUzI1NiIsInR5cCI6IkpXVCJ9.eyJJRF9Vc3VhcmlvIjoiMTUzNzEwMjgiLCJOb21icmVfVXN1YXJpbyI6ImRhdmlkX2Fwb2xpbmFyaW9fMTUzNyIsIlJEUDAyX0lOU1RBTkNFIjoiUkRQMDJfSU5TMiIsIlJEUDAzX0lOU1RBTkNFIjoiUkRQMDNfSU5TNCIsIlJvbCI6IlBTIiwiaWF0IjoxNzUxOTU3Nzg0LCJleHAiOjE3NTE5NzU3ODR9.4S3qO5JJj8VoqkHJ3IXQzc37z3ky2iJNgEVdkH25Ecw
1 > Content-Type: application/json; charset=UTF-8
1 > Content-Length: 70
1 > Host: siasis-dev.vercel.app
1 > Connection: Keep-Alive
1 > User-Agent: Apache-HttpClient/4.5.14 (Java/17.0.12)
1 > Accept-Encoding: gzip,deflate
{
  "ModoRegistro": "E",
  "FechaHoraEsperadaISO": "2025-07-08T05:56:34.296Z"
}


01:56:34.475 [pool-2-thread-2] DEBUG com.intuit.karate - response time in milliseconds: 668
1 < 200
1 < Cache-Control: public, max-age=0, must-revalidate
1 < Content-Type: application/json
1 < Date: Tue, 08 Jul 2025 06:56:24 GMT
1 < Server: Vercel
1 < Strict-Transport-Security: max-age=63072000; includeSubDomains; preload
1 < Vary: RSC, Next-Router-State-Tree, Next-Router-Prefetch, Next-Router-Segment-Prefetch
1 < X-Matched-Path: /api/asistencia-hoy/marcar
1 < X-Vercel-Cache: MISS
1 < X-Vercel-Id: gru1::iad1::lw4h4-1751957784671-d148ad7707fd
1 < Transfer-Encoding: chunked
{
  "success": true,
  "message": "La asistencia ya había sido registrada anteriormente",
  "data": {
    "timestamp": 1751957784799,
    "desfaseSegundos": 3591,
    "esNuevoRegistro": false,
    "esRegistroPropio": false,
    "actorRegistrado": "PS",
    "tipoAsistencia": "personal"
  }
}


01:56:34.482 [pool-2-thread-2] DEBUG c.intuit.karate.core.ScenarioEngine - over-writing existing variable 'loginFeature' with new value: 'classpath:resources/features/login/CasoNoTutor.feature'
01:56:34.490 [pool-2-thread-2] DEBUG c.intuit.karate.core.ScenarioEngine - over-writing existing variable 'loginResponse' with new value: call read(loginFeature)
01:56:34.499 [pool-2-thread-2] DEBUG com.intuit.karate - request:
1 > POST https://api01-siasis-dev.vercel.app/api/login/profesor-tutor-secundaria
1 > Cookie: Apellidos=Sanchez%20Gonzales; Google_Drive_Foto_ID=14aAaksU7TNE6kOiFsRt4m5y2LSvnat1b; Nombres=Daniel%20Enrique; Genero=M; Rol=T; token=eyJhbGciOiJIUzI1NiIsInR5cCI6IkpXVCJ9.eyJJRF9Vc3VhcmlvIjoiMTU0MjA3NDUiLCJOb21icmVfVXN1YXJpbyI6ImRhbmllbF9zYW5jaGV6XzE1NDIiLCJSRFAwMl9JTlNUQU5DRSI6IlJEUDAyX0lOUzMiLCJSRFAwM19JTlNUQU5DRSI6IlJEUDAzX0lOUzIiLCJSb2wiOiJUIiwiaWF0IjoxNzUxOTU3NzgzLCJleHAiOjE3NTE5NzU3ODN9.OmTQ9R1VW0lZCBDhplFZreQFumsoyQzG9Rc--i2uqb0
1 > Content-Type: application/json; charset=UTF-8
1 > Content-Length: 67
1 > Host: api01-siasis-dev.vercel.app
1 > Connection: Keep-Alive
1 > User-Agent: Apache-HttpClient/4.5.14 (Java/17.0.12)
1 > Accept-Encoding: gzip,deflate
{
  "Nombre_Usuario": "david_apolinario_1537",
  "Contraseña": "15371028"
}


01:56:34.539 [pool-2-thread-1] DEBUG com.intuit.karate - response time in milliseconds: 724
1 < 200
1 < Access-Control-Allow-Origin: *
1 < Cache-Control: public, max-age=0, must-revalidate
1 < Content-Length: 523
1 < Content-Type: application/json; charset=utf-8
1 < Date: Tue, 08 Jul 2025 06:56:25 GMT
1 < Etag: W/"20b-fVvlHtrl8QrkJ0mmz/PLWF777kQ"
1 < Server: Vercel
1 < Strict-Transport-Security: max-age=63072000; includeSubDomains; preload
1 < X-Powered-By: Express
1 < X-Vercel-Cache: MISS
1 < X-Vercel-Id: gru1::iad1::lrpdm-1751957784671-1e9856de117a
{
  "success": true,
  "message": "Inicio de sesión exitoso",
  "data": {
    "Apellidos": "Apolinario Quispe",
    "Nombres": "David Julian",
    "Rol": "PS",
    "token": "eyJhbGciOiJIUzI1NiIsInR5cCI6IkpXVCJ9.eyJJRF9Vc3VhcmlvIjoiMTUzNzEwMjgiLCJOb21icmVfVXN1YXJpbyI6ImRhdmlkX2Fwb2xpbmFyaW9fMTUzNyIsIlJEUDAyX0lOU1RBTkNFIjoiUkRQMDJfSU5TMyIsIlJEUDAzX0lOU1RBTkNFIjoiUkRQMDNfSU5TMSIsIlJvbCI6IlBTIiwiaWF0IjoxNzUxOTU3Nzg1LCJleHAiOjE3NTE5NzU3ODV9.ft1hjkW5KQ6pXlxUb0W1UGqy7VzK-xTSn-HWR37PoTk",
    "Google_Drive_Foto_ID": "1zGZuWnkBA59hSHlTgGVXrduC8eBgrKi1",
    "Genero": "M"
  }
}


01:56:34.545 [pool-2-thread-1] INFO  com.intuit.karate - [print] eyJhbGciOiJIUzI1NiIsInR5cCI6IkpXVCJ9.eyJJRF9Vc3VhcmlvIjoiMTUzNzEwMjgiLCJOb21icmVfVXN1YXJpbyI6ImRhdmlkX2Fwb2xpbmFyaW9fMTUzNyIsIlJEUDAyX0lOU1RBTkNFIjoiUkRQMDJfSU5TMyIsIlJEUDAzX0lOU1RBTkNFIjoiUkRQMDNfSU5TMSIsIlJvbCI6IlBTIiwiaWF0IjoxNzUxOTU3Nzg1LCJleHAiOjE3NTE5NzU3ODV9.ft1hjkW5KQ6pXlxUb0W1UGqy7VzK-xTSn-HWR37PoTk 
01:56:34.546 [pool-2-thread-1] INFO  com.intuit.karate - [print] PS 
01:56:34.553 [pool-2-thread-1] DEBUG com.intuit.karate - request:
1 > POST https://siasis-dev.vercel.app/api/auth/login
1 > Cookie: Apellidos=Sanchez%20Gonzales; Google_Drive_Foto_ID=14aAaksU7TNE6kOiFsRt4m5y2LSvnat1b; Nombres=Daniel%20Enrique; Genero=M; Rol=T; token=eyJhbGciOiJIUzI1NiIsInR5cCI6IkpXVCJ9.eyJJRF9Vc3VhcmlvIjoiMTU0MjA3NDUiLCJOb21icmVfVXN1YXJpbyI6ImRhbmllbF9zYW5jaGV6XzE1NDIiLCJSRFAwMl9JTlNUQU5DRSI6IlJEUDAyX0lOUzIiLCJSRFAwM19JTlNUQU5DRSI6IlJEUDAzX0lOUzUiLCJSb2wiOiJUIiwiaWF0IjoxNzUxOTU3NzgzLCJleHAiOjE3NTE5NzU3ODN9.HjfYiAtbQm5nnMDaxcyHRIgHSco4glkwNKKo4BzEhSQ
1 > Content-Type: application/json; charset=UTF-8
1 > Content-Length: 461
1 > Host: siasis-dev.vercel.app
1 > Connection: Keep-Alive
1 > User-Agent: Apache-HttpClient/4.5.14 (Java/17.0.12)
1 > Accept-Encoding: gzip,deflate
{
  "Nombres": "David Julian",
  "Apellidos": "Apolinario Quispe",
  "token": "eyJhbGciOiJIUzI1NiIsInR5cCI6IkpXVCJ9.eyJJRF9Vc3VhcmlvIjoiMTUzNzEwMjgiLCJOb21icmVfVXN1YXJpbyI6ImRhdmlkX2Fwb2xpbmFyaW9fMTUzNyIsIlJEUDAyX0lOU1RBTkNFIjoiUkRQMDJfSU5TMyIsIlJEUDAzX0lOU1RBTkNFIjoiUkRQMDNfSU5TMSIsIlJvbCI6IlBTIiwiaWF0IjoxNzUxOTU3Nzg1LCJleHAiOjE3NTE5NzU3ODV9.ft1hjkW5KQ6pXlxUb0W1UGqy7VzK-xTSn-HWR37PoTk",
  "Genero": "M",
  "Google_Drive_Foto_ID": "1zGZuWnkBA59hSHlTgGVXrduC8eBgrKi1",
  "Rol": "PS"
}


01:56:34.646 [pool-2-thread-4] DEBUG com.intuit.karate - response time in milliseconds: 587
1 < 200
1 < Cache-Control: public, max-age=0, must-revalidate
1 < Content-Type: application/json
1 < Date: Tue, 08 Jul 2025 06:56:25 GMT
1 < Server: Vercel
1 < Strict-Transport-Security: max-age=63072000; includeSubDomains; preload
1 < Vary: RSC, Next-Router-State-Tree, Next-Router-Prefetch, Next-Router-Segment-Prefetch
1 < X-Matched-Path: /api/asistencia-hoy/marcar
1 < X-Vercel-Cache: MISS
1 < X-Vercel-Id: gru1::iad1::6p887-1751957784855-5a8c3ae4eb02
1 < Transfer-Encoding: chunked
{
  "success": true,
  "message": "La asistencia ya había sido registrada anteriormente",
  "data": {
    "timestamp": 1751957784970,
    "desfaseSegundos": 3590,
    "esNuevoRegistro": false,
    "esRegistroPropio": false,
    "actorRegistrado": "PS",
    "tipoAsistencia": "personal"
  }
}


01:56:34.651 [pool-2-thread-4] DEBUG c.intuit.karate.core.ScenarioEngine - over-writing existing variable 'loginFeature' with new value: 'classpath:resources/features/login/CasoNoTutor.feature'
01:56:34.660 [pool-2-thread-4] DEBUG c.intuit.karate.core.ScenarioEngine - over-writing existing variable 'loginResponse' with new value: call read(loginFeature)
01:56:34.667 [pool-2-thread-4] DEBUG com.intuit.karate - request:
1 > POST https://api01-siasis-dev.vercel.app/api/login/profesor-tutor-secundaria
1 > Cookie: Apellidos=Sanchez%20Gonzales; Google_Drive_Foto_ID=14aAaksU7TNE6kOiFsRt4m5y2LSvnat1b; Nombres=Daniel%20Enrique; Genero=M; Rol=T; token=eyJhbGciOiJIUzI1NiIsInR5cCI6IkpXVCJ9.eyJJRF9Vc3VhcmlvIjoiMTU0MjA3NDUiLCJOb21icmVfVXN1YXJpbyI6ImRhbmllbF9zYW5jaGV6XzE1NDIiLCJSRFAwMl9JTlNUQU5DRSI6IlJEUDAyX0lOUzIiLCJSRFAwM19JTlNUQU5DRSI6IlJEUDAzX0lOUzMiLCJSb2wiOiJUIiwiaWF0IjoxNzUxOTU3Nzg0LCJleHAiOjE3NTE5NzU3ODR9.sYOhsxwhGger-XjEzY-LjCx_NUIOLifMOquqskHT9Ag
1 > Content-Type: application/json; charset=UTF-8
1 > Content-Length: 67
1 > Host: api01-siasis-dev.vercel.app
1 > Connection: Keep-Alive
1 > User-Agent: Apache-HttpClient/4.5.14 (Java/17.0.12)
1 > Accept-Encoding: gzip,deflate
{
  "Nombre_Usuario": "david_apolinario_1537",
  "Contraseña": "15371028"
}


01:56:34.872 [pool-2-thread-3] DEBUG com.intuit.karate - response time in milliseconds: 679
1 < 200
1 < Access-Control-Allow-Origin: *
1 < Cache-Control: public, max-age=0, must-revalidate
1 < Content-Length: 523
1 < Content-Type: application/json; charset=utf-8
1 < Date: Tue, 08 Jul 2025 06:56:25 GMT
1 < Etag: W/"20b-ocMB5m9nGhaOHltRXGyzneIc5Kc"
1 < Server: Vercel
1 < Strict-Transport-Security: max-age=63072000; includeSubDomains; preload
1 < X-Powered-By: Express
1 < X-Vercel-Cache: MISS
1 < X-Vercel-Id: gru1::iad1::9zltt-1751957784989-de7b80b91bd5
{
  "success": true,
  "message": "Inicio de sesión exitoso",
  "data": {
    "Apellidos": "Apolinario Quispe",
    "Nombres": "David Julian",
    "Rol": "PS",
    "token": "eyJhbGciOiJIUzI1NiIsInR5cCI6IkpXVCJ9.eyJJRF9Vc3VhcmlvIjoiMTUzNzEwMjgiLCJOb21icmVfVXN1YXJpbyI6ImRhdmlkX2Fwb2xpbmFyaW9fMTUzNyIsIlJEUDAyX0lOU1RBTkNFIjoiUkRQMDJfSU5TMyIsIlJEUDAzX0lOU1RBTkNFIjoiUkRQMDNfSU5TNCIsIlJvbCI6IlBTIiwiaWF0IjoxNzUxOTU3Nzg1LCJleHAiOjE3NTE5NzU3ODV9.7-d7XnrTN4ilW3QQh_-krQzNo3s1FEALu4xawRfoV7A",
    "Google_Drive_Foto_ID": "1zGZuWnkBA59hSHlTgGVXrduC8eBgrKi1",
    "Genero": "M"
  }
}


01:56:34.876 [pool-2-thread-3] INFO  com.intuit.karate - [print] eyJhbGciOiJIUzI1NiIsInR5cCI6IkpXVCJ9.eyJJRF9Vc3VhcmlvIjoiMTUzNzEwMjgiLCJOb21icmVfVXN1YXJpbyI6ImRhdmlkX2Fwb2xpbmFyaW9fMTUzNyIsIlJEUDAyX0lOU1RBTkNFIjoiUkRQMDJfSU5TMyIsIlJEUDAzX0lOU1RBTkNFIjoiUkRQMDNfSU5TNCIsIlJvbCI6IlBTIiwiaWF0IjoxNzUxOTU3Nzg1LCJleHAiOjE3NTE5NzU3ODV9.7-d7XnrTN4ilW3QQh_-krQzNo3s1FEALu4xawRfoV7A 
01:56:34.878 [pool-2-thread-3] INFO  com.intuit.karate - [print] PS 
01:56:34.884 [pool-2-thread-3] DEBUG com.intuit.karate - request:
1 > POST https://siasis-dev.vercel.app/api/auth/login
1 > Cookie: Apellidos=Sanchez%20Gonzales; Google_Drive_Foto_ID=14aAaksU7TNE6kOiFsRt4m5y2LSvnat1b; Nombres=Daniel%20Enrique; Genero=M; Rol=T; token=eyJhbGciOiJIUzI1NiIsInR5cCI6IkpXVCJ9.eyJJRF9Vc3VhcmlvIjoiMTU0MjA3NDUiLCJOb21icmVfVXN1YXJpbyI6ImRhbmllbF9zYW5jaGV6XzE1NDIiLCJSRFAwMl9JTlNUQU5DRSI6IlJEUDAyX0lOUzEiLCJSRFAwM19JTlNUQU5DRSI6IlJEUDAzX0lOUzMiLCJSb2wiOiJUIiwiaWF0IjoxNzUxOTU3NzgzLCJleHAiOjE3NTE5NzU3ODN9.NbF5klhKJSEupP4MQngTnfjGftgB4ajQvNqp5XN8uoI
1 > Content-Type: application/json; charset=UTF-8
1 > Content-Length: 461
1 > Host: siasis-dev.vercel.app
1 > Connection: Keep-Alive
1 > User-Agent: Apache-HttpClient/4.5.14 (Java/17.0.12)
1 > Accept-Encoding: gzip,deflate
{
  "Nombres": "David Julian",
  "Apellidos": "Apolinario Quispe",
  "token": "eyJhbGciOiJIUzI1NiIsInR5cCI6IkpXVCJ9.eyJJRF9Vc3VhcmlvIjoiMTUzNzEwMjgiLCJOb21icmVfVXN1YXJpbyI6ImRhdmlkX2Fwb2xpbmFyaW9fMTUzNyIsIlJEUDAyX0lOU1RBTkNFIjoiUkRQMDJfSU5TMyIsIlJEUDAzX0lOU1RBTkNFIjoiUkRQMDNfSU5TNCIsIlJvbCI6IlBTIiwiaWF0IjoxNzUxOTU3Nzg1LCJleHAiOjE3NTE5NzU3ODV9.7-d7XnrTN4ilW3QQh_-krQzNo3s1FEALu4xawRfoV7A",
  "Genero": "M",
  "Google_Drive_Foto_ID": "1zGZuWnkBA59hSHlTgGVXrduC8eBgrKi1",
  "Rol": "PS"
}


01:56:34.890 [pool-2-thread-5] DEBUG com.intuit.karate - response time in milliseconds: 587
1 < 200
1 < Cache-Control: public, max-age=0, must-revalidate
1 < Content-Type: application/json
1 < Date: Tue, 08 Jul 2025 06:56:25 GMT
1 < Server: Vercel
1 < Strict-Transport-Security: max-age=63072000; includeSubDomains; preload
1 < Vary: RSC, Next-Router-State-Tree, Next-Router-Prefetch, Next-Router-Segment-Prefetch
1 < X-Matched-Path: /api/asistencia-hoy/marcar
1 < X-Vercel-Cache: MISS
1 < X-Vercel-Id: gru1::iad1::cq8gr-1751957785098-5e77282d1764
1 < Transfer-Encoding: chunked
{
  "success": true,
  "message": "La asistencia ya había sido registrada anteriormente",
  "data": {
    "timestamp": 1751957785211,
    "desfaseSegundos": 3590,
    "esNuevoRegistro": false,
    "esRegistroPropio": false,
    "actorRegistrado": "PS",
    "tipoAsistencia": "personal"
  }
}


01:56:34.894 [pool-2-thread-5] DEBUG c.intuit.karate.core.ScenarioEngine - over-writing existing variable 'loginFeature' with new value: 'classpath:resources/features/login/ProfesorPrimaria.feature'
01:56:34.900 [pool-2-thread-5] DEBUG c.intuit.karate.core.ScenarioEngine - over-writing existing variable 'loginResponse' with new value: call read(loginFeature)
01:56:34.906 [pool-2-thread-5] DEBUG com.intuit.karate - request:
1 > POST https://api01-siasis-dev.vercel.app/api/login/profesor-primaria
1 > Cookie: Apellidos=Apolinario%20Quispe; Google_Drive_Foto_ID=1zGZuWnkBA59hSHlTgGVXrduC8eBgrKi1; Nombres=David%20Julian; Genero=M; Rol=PS; token=eyJhbGciOiJIUzI1NiIsInR5cCI6IkpXVCJ9.eyJJRF9Vc3VhcmlvIjoiMTUzNzEwMjgiLCJOb21icmVfVXN1YXJpbyI6ImRhdmlkX2Fwb2xpbmFyaW9fMTUzNyIsIlJEUDAyX0lOU1RBTkNFIjoiUkRQMDJfSU5TMiIsIlJEUDAzX0lOU1RBTkNFIjoiUkRQMDNfSU5TNCIsIlJvbCI6IlBTIiwiaWF0IjoxNzUxOTU3Nzg0LCJleHAiOjE3NTE5NzU3ODR9.4S3qO5JJj8VoqkHJ3IXQzc37z3ky2iJNgEVdkH25Ecw
1 > Content-Type: application/json; charset=UTF-8
1 > Content-Length: 64
1 > Host: api01-siasis-dev.vercel.app
1 > Connection: Keep-Alive
1 > User-Agent: Apache-HttpClient/4.5.14 (Java/17.0.12)
1 > Accept-Encoding: gzip,deflate
{
  "Nombre_Usuario": "marisol_godoy_1537",
  "Contraseña": "15378317"
}


01:56:35.003 [pool-2-thread-1] DEBUG com.intuit.karate - response time in milliseconds: 449
1 < 201
1 < Cache-Control: public, max-age=0, must-revalidate
1 < Content-Length: 0
1 < Date: Tue, 08 Jul 2025 06:56:25 GMT
1 < Server: Vercel
1 < Set-Cookie: Nombres=David%20Julian; Max-Age=18000; Path=/; HttpOnly; Secure; SameSite=Lax
1 < Set-Cookie: Apellidos=Apolinario%20Quispe; Max-Age=18000; Path=/; HttpOnly; Secure; SameSite=Lax
1 < Set-Cookie: Rol=PS; Max-Age=18000; Path=/; HttpOnly; Secure; SameSite=Lax
1 < Set-Cookie: token=eyJhbGciOiJIUzI1NiIsInR5cCI6IkpXVCJ9.eyJJRF9Vc3VhcmlvIjoiMTUzNzEwMjgiLCJOb21icmVfVXN1YXJpbyI6ImRhdmlkX2Fwb2xpbmFyaW9fMTUzNyIsIlJEUDAyX0lOU1RBTkNFIjoiUkRQMDJfSU5TMyIsIlJEUDAzX0lOU1RBTkNFIjoiUkRQMDNfSU5TMSIsIlJvbCI6IlBTIiwiaWF0IjoxNzUxOTU3Nzg1LCJleHAiOjE3NTE5NzU3ODV9.ft1hjkW5KQ6pXlxUb0W1UGqy7VzK-xTSn-HWR37PoTk; Max-Age=18000; Path=/; HttpOnly; Secure; SameSite=Lax
1 < Set-Cookie: Genero=M; Max-Age=18000; Path=/; HttpOnly; Secure; SameSite=Lax
1 < Set-Cookie: Google_Drive_Foto_ID=1zGZuWnkBA59hSHlTgGVXrduC8eBgrKi1; Max-Age=18000; Path=/; HttpOnly; Secure; SameSite=Lax
1 < Strict-Transport-Security: max-age=63072000; includeSubDomains; preload
1 < Vary: RSC, Next-Router-State-Tree, Next-Router-Prefetch, Next-Router-Segment-Prefetch
1 < X-Matched-Path: /api/auth/login
1 < X-Vercel-Cache: MISS
1 < X-Vercel-Id: gru1::iad1::lf27c-1751957785352-0ab5d54639ac


01:56:35.005 [pool-2-thread-1] DEBUG c.intuit.karate.core.ScenarioEngine - over-writing existing variable 'fechaHoraEsperadaISO' with new value: getAdjustedTime()
01:56:35.011 [pool-2-thread-1] DEBUG com.intuit.karate - request:
1 > POST https://siasis-dev.vercel.app/api/asistencia-hoy/marcar
1 > Cookie: Apellidos=Apolinario%20Quispe; Google_Drive_Foto_ID=1zGZuWnkBA59hSHlTgGVXrduC8eBgrKi1; Nombres=David%20Julian; Genero=M; Rol=PS; token=eyJhbGciOiJIUzI1NiIsInR5cCI6IkpXVCJ9.eyJJRF9Vc3VhcmlvIjoiMTUzNzEwMjgiLCJOb21icmVfVXN1YXJpbyI6ImRhdmlkX2Fwb2xpbmFyaW9fMTUzNyIsIlJEUDAyX0lOU1RBTkNFIjoiUkRQMDJfSU5TMyIsIlJEUDAzX0lOU1RBTkNFIjoiUkRQMDNfSU5TMSIsIlJvbCI6IlBTIiwiaWF0IjoxNzUxOTU3Nzg1LCJleHAiOjE3NTE5NzU3ODV9.ft1hjkW5KQ6pXlxUb0W1UGqy7VzK-xTSn-HWR37PoTk
1 > Content-Type: application/json; charset=UTF-8
1 > Content-Length: 70
1 > Host: siasis-dev.vercel.app
1 > Connection: Keep-Alive
1 > User-Agent: Apache-HttpClient/4.5.14 (Java/17.0.12)
1 > Accept-Encoding: gzip,deflate
{
  "ModoRegistro": "E",
  "FechaHoraEsperadaISO": "2025-07-08T05:56:35.007Z"
}


01:56:35.312 [pool-2-thread-3] DEBUG com.intuit.karate - response time in milliseconds: 426
1 < 201
1 < Cache-Control: public, max-age=0, must-revalidate
1 < Content-Length: 0
1 < Date: Tue, 08 Jul 2025 06:56:25 GMT
1 < Server: Vercel
1 < Set-Cookie: Nombres=David%20Julian; Max-Age=18000; Path=/; HttpOnly; Secure; SameSite=Lax
1 < Set-Cookie: Apellidos=Apolinario%20Quispe; Max-Age=18000; Path=/; HttpOnly; Secure; SameSite=Lax
1 < Set-Cookie: Rol=PS; Max-Age=18000; Path=/; HttpOnly; Secure; SameSite=Lax
1 < Set-Cookie: token=eyJhbGciOiJIUzI1NiIsInR5cCI6IkpXVCJ9.eyJJRF9Vc3VhcmlvIjoiMTUzNzEwMjgiLCJOb21icmVfVXN1YXJpbyI6ImRhdmlkX2Fwb2xpbmFyaW9fMTUzNyIsIlJEUDAyX0lOU1RBTkNFIjoiUkRQMDJfSU5TMyIsIlJEUDAzX0lOU1RBTkNFIjoiUkRQMDNfSU5TNCIsIlJvbCI6IlBTIiwiaWF0IjoxNzUxOTU3Nzg1LCJleHAiOjE3NTE5NzU3ODV9.7-d7XnrTN4ilW3QQh_-krQzNo3s1FEALu4xawRfoV7A; Max-Age=18000; Path=/; HttpOnly; Secure; SameSite=Lax
1 < Set-Cookie: Genero=M; Max-Age=18000; Path=/; HttpOnly; Secure; SameSite=Lax
1 < Set-Cookie: Google_Drive_Foto_ID=1zGZuWnkBA59hSHlTgGVXrduC8eBgrKi1; Max-Age=18000; Path=/; HttpOnly; Secure; SameSite=Lax
1 < Strict-Transport-Security: max-age=63072000; includeSubDomains; preload
1 < Vary: RSC, Next-Router-State-Tree, Next-Router-Prefetch, Next-Router-Segment-Prefetch
1 < X-Matched-Path: /api/auth/login
1 < X-Vercel-Cache: MISS
1 < X-Vercel-Id: gru1::iad1::9l8f7-1751957785689-e9435d795b33


01:56:35.314 [pool-2-thread-3] DEBUG c.intuit.karate.core.ScenarioEngine - over-writing existing variable 'fechaHoraEsperadaISO' with new value: getAdjustedTime()
01:56:35.322 [pool-2-thread-3] DEBUG com.intuit.karate - request:
1 > POST https://siasis-dev.vercel.app/api/asistencia-hoy/marcar
1 > Cookie: Apellidos=Apolinario%20Quispe; Google_Drive_Foto_ID=1zGZuWnkBA59hSHlTgGVXrduC8eBgrKi1; Nombres=David%20Julian; Genero=M; Rol=PS; token=eyJhbGciOiJIUzI1NiIsInR5cCI6IkpXVCJ9.eyJJRF9Vc3VhcmlvIjoiMTUzNzEwMjgiLCJOb21icmVfVXN1YXJpbyI6ImRhdmlkX2Fwb2xpbmFyaW9fMTUzNyIsIlJEUDAyX0lOU1RBTkNFIjoiUkRQMDJfSU5TMyIsIlJEUDAzX0lOU1RBTkNFIjoiUkRQMDNfSU5TNCIsIlJvbCI6IlBTIiwiaWF0IjoxNzUxOTU3Nzg1LCJleHAiOjE3NTE5NzU3ODV9.7-d7XnrTN4ilW3QQh_-krQzNo3s1FEALu4xawRfoV7A
1 > Content-Type: application/json; charset=UTF-8
1 > Content-Length: 70
1 > Host: siasis-dev.vercel.app
1 > Connection: Keep-Alive
1 > User-Agent: Apache-HttpClient/4.5.14 (Java/17.0.12)
1 > Accept-Encoding: gzip,deflate
{
  "ModoRegistro": "E",
  "FechaHoraEsperadaISO": "2025-07-08T05:56:35.317Z"
}


01:56:35.424 [pool-2-thread-5] DEBUG com.intuit.karate - response time in milliseconds: 517
1 < 200
1 < Access-Control-Allow-Origin: *
1 < Cache-Control: public, max-age=0, must-revalidate
1 < Content-Length: 522
1 < Content-Type: application/json; charset=utf-8
1 < Date: Tue, 08 Jul 2025 06:56:25 GMT
1 < Etag: W/"20a-WhMMIEbb2E18AHAw8DDqQKNHyik"
1 < Server: Vercel
1 < Strict-Transport-Security: max-age=63072000; includeSubDomains; preload
1 < X-Powered-By: Express
1 < X-Vercel-Cache: MISS
1 < X-Vercel-Id: gru1::iad1::lrpdm-1751957785703-4f5ac6e1732b
{
  "success": true,
  "message": "Inicio de sesión exitoso",
  "data": {
    "Apellidos": "Godoy Villarubia",
    "Nombres": "Marisol Ceferina",
    "Rol": "PP",
    "token": "eyJhbGciOiJIUzI1NiIsInR5cCI6IkpXVCJ9.eyJJRF9Vc3VhcmlvIjoiMTUzNzgzMTciLCJOb21icmVfVXN1YXJpbyI6Im1hcmlzb2xfZ29kb3lfMTUzNyIsIlJEUDAyX0lOU1RBTkNFIjoiUkRQMDJfSU5TMSIsIlJEUDAzX0lOU1RBTkNFIjoiUkRQMDNfSU5TMyIsIlJvbCI6IlBQIiwiaWF0IjoxNzUxOTU3Nzg1LCJleHAiOjE3NTE5NzU3ODV9.qBMozTBi8Sxcym7WPebR-de8vaI_F_G4k9NdohDw74s",
    "Google_Drive_Foto_ID": "1p8FC3py693IjnMTa4uINq5lVSb9P3LBc",
    "Genero": "F"
  }
}


01:56:35.430 [pool-2-thread-5] INFO  com.intuit.karate - [print] eyJhbGciOiJIUzI1NiIsInR5cCI6IkpXVCJ9.eyJJRF9Vc3VhcmlvIjoiMTUzNzgzMTciLCJOb21icmVfVXN1YXJpbyI6Im1hcmlzb2xfZ29kb3lfMTUzNyIsIlJEUDAyX0lOU1RBTkNFIjoiUkRQMDJfSU5TMSIsIlJEUDAzX0lOU1RBTkNFIjoiUkRQMDNfSU5TMyIsIlJvbCI6IlBQIiwiaWF0IjoxNzUxOTU3Nzg1LCJleHAiOjE3NTE5NzU3ODV9.qBMozTBi8Sxcym7WPebR-de8vaI_F_G4k9NdohDw74s 
01:56:35.432 [pool-2-thread-5] INFO  com.intuit.karate - [print] PP 
01:56:35.438 [pool-2-thread-5] DEBUG com.intuit.karate - request:
1 > POST https://siasis-dev.vercel.app/api/auth/login
1 > Cookie: Apellidos=Apolinario%20Quispe; Google_Drive_Foto_ID=1zGZuWnkBA59hSHlTgGVXrduC8eBgrKi1; Nombres=David%20Julian; Genero=M; Rol=PS; token=eyJhbGciOiJIUzI1NiIsInR5cCI6IkpXVCJ9.eyJJRF9Vc3VhcmlvIjoiMTUzNzEwMjgiLCJOb21icmVfVXN1YXJpbyI6ImRhdmlkX2Fwb2xpbmFyaW9fMTUzNyIsIlJEUDAyX0lOU1RBTkNFIjoiUkRQMDJfSU5TMiIsIlJEUDAzX0lOU1RBTkNFIjoiUkRQMDNfSU5TNCIsIlJvbCI6IlBTIiwiaWF0IjoxNzUxOTU3Nzg0LCJleHAiOjE3NTE5NzU3ODR9.4S3qO5JJj8VoqkHJ3IXQzc37z3ky2iJNgEVdkH25Ecw
1 > Content-Type: application/json; charset=UTF-8
1 > Content-Length: 460
1 > Host: siasis-dev.vercel.app
1 > Connection: Keep-Alive
1 > User-Agent: Apache-HttpClient/4.5.14 (Java/17.0.12)
1 > Accept-Encoding: gzip,deflate
{
  "Nombres": "Marisol Ceferina",
  "Apellidos": "Godoy Villarubia",
  "token": "eyJhbGciOiJIUzI1NiIsInR5cCI6IkpXVCJ9.eyJJRF9Vc3VhcmlvIjoiMTUzNzgzMTciLCJOb21icmVfVXN1YXJpbyI6Im1hcmlzb2xfZ29kb3lfMTUzNyIsIlJEUDAyX0lOU1RBTkNFIjoiUkRQMDJfSU5TMSIsIlJEUDAzX0lOU1RBTkNFIjoiUkRQMDNfSU5TMyIsIlJvbCI6IlBQIiwiaWF0IjoxNzUxOTU3Nzg1LCJleHAiOjE3NTE5NzU3ODV9.qBMozTBi8Sxcym7WPebR-de8vaI_F_G4k9NdohDw74s",
  "Genero": "F",
  "Google_Drive_Foto_ID": "1p8FC3py693IjnMTa4uINq5lVSb9P3LBc",
  "Rol": "PP"
}


01:56:35.560 [pool-2-thread-2] DEBUG com.intuit.karate - response time in milliseconds: 1060
1 < 200
1 < Access-Control-Allow-Origin: *
1 < Cache-Control: public, max-age=0, must-revalidate
1 < Content-Length: 523
1 < Content-Type: application/json; charset=utf-8
1 < Date: Tue, 08 Jul 2025 06:56:26 GMT
1 < Etag: W/"20b-9/pdljPrTOkGtfa4a4xzmz8po0E"
1 < Server: Vercel
1 < Strict-Transport-Security: max-age=63072000; includeSubDomains; preload
1 < X-Powered-By: Express
1 < X-Vercel-Cache: MISS
1 < X-Vercel-Id: gru1::iad1::bdvft-1751957785296-0765d31c5bca
{
  "success": true,
  "message": "Inicio de sesión exitoso",
  "data": {
    "Apellidos": "Apolinario Quispe",
    "Nombres": "David Julian",
    "Rol": "PS",
    "token": "eyJhbGciOiJIUzI1NiIsInR5cCI6IkpXVCJ9.eyJJRF9Vc3VhcmlvIjoiMTUzNzEwMjgiLCJOb21icmVfVXN1YXJpbyI6ImRhdmlkX2Fwb2xpbmFyaW9fMTUzNyIsIlJEUDAyX0lOU1RBTkNFIjoiUkRQMDJfSU5TMiIsIlJEUDAzX0lOU1RBTkNFIjoiUkRQMDNfSU5TNCIsIlJvbCI6IlBTIiwiaWF0IjoxNzUxOTU3Nzg2LCJleHAiOjE3NTE5NzU3ODZ9.JW85n-louBPeP6cbLZxh7dTbxrMV1J87rVNYgR6aJqg",
    "Google_Drive_Foto_ID": "1zGZuWnkBA59hSHlTgGVXrduC8eBgrKi1",
    "Genero": "M"
  }
}


01:56:35.567 [pool-2-thread-2] INFO  com.intuit.karate - [print] eyJhbGciOiJIUzI1NiIsInR5cCI6IkpXVCJ9.eyJJRF9Vc3VhcmlvIjoiMTUzNzEwMjgiLCJOb21icmVfVXN1YXJpbyI6ImRhdmlkX2Fwb2xpbmFyaW9fMTUzNyIsIlJEUDAyX0lOU1RBTkNFIjoiUkRQMDJfSU5TMiIsIlJEUDAzX0lOU1RBTkNFIjoiUkRQMDNfSU5TNCIsIlJvbCI6IlBTIiwiaWF0IjoxNzUxOTU3Nzg2LCJleHAiOjE3NTE5NzU3ODZ9.JW85n-louBPeP6cbLZxh7dTbxrMV1J87rVNYgR6aJqg 
01:56:35.568 [pool-2-thread-2] INFO  com.intuit.karate - [print] PS 
01:56:35.574 [pool-2-thread-2] DEBUG com.intuit.karate - request:
1 > POST https://siasis-dev.vercel.app/api/auth/login
1 > Cookie: Apellidos=Sanchez%20Gonzales; Google_Drive_Foto_ID=14aAaksU7TNE6kOiFsRt4m5y2LSvnat1b; Nombres=Daniel%20Enrique; Genero=M; Rol=T; token=eyJhbGciOiJIUzI1NiIsInR5cCI6IkpXVCJ9.eyJJRF9Vc3VhcmlvIjoiMTU0MjA3NDUiLCJOb21icmVfVXN1YXJpbyI6ImRhbmllbF9zYW5jaGV6XzE1NDIiLCJSRFAwMl9JTlNUQU5DRSI6IlJEUDAyX0lOUzMiLCJSRFAwM19JTlNUQU5DRSI6IlJEUDAzX0lOUzIiLCJSb2wiOiJUIiwiaWF0IjoxNzUxOTU3NzgzLCJleHAiOjE3NTE5NzU3ODN9.OmTQ9R1VW0lZCBDhplFZreQFumsoyQzG9Rc--i2uqb0
1 > Content-Type: application/json; charset=UTF-8
1 > Content-Length: 461
1 > Host: siasis-dev.vercel.app
1 > Connection: Keep-Alive
1 > User-Agent: Apache-HttpClient/4.5.14 (Java/17.0.12)
1 > Accept-Encoding: gzip,deflate
{
  "Nombres": "David Julian",
  "Apellidos": "Apolinario Quispe",
  "token": "eyJhbGciOiJIUzI1NiIsInR5cCI6IkpXVCJ9.eyJJRF9Vc3VhcmlvIjoiMTUzNzEwMjgiLCJOb21icmVfVXN1YXJpbyI6ImRhdmlkX2Fwb2xpbmFyaW9fMTUzNyIsIlJEUDAyX0lOU1RBTkNFIjoiUkRQMDJfSU5TMiIsIlJEUDAzX0lOU1RBTkNFIjoiUkRQMDNfSU5TNCIsIlJvbCI6IlBTIiwiaWF0IjoxNzUxOTU3Nzg2LCJleHAiOjE3NTE5NzU3ODZ9.JW85n-louBPeP6cbLZxh7dTbxrMV1J87rVNYgR6aJqg",
  "Genero": "M",
  "Google_Drive_Foto_ID": "1zGZuWnkBA59hSHlTgGVXrduC8eBgrKi1",
  "Rol": "PS"
}


01:56:35.595 [pool-2-thread-1] DEBUG com.intuit.karate - response time in milliseconds: 583
1 < 200
1 < Cache-Control: public, max-age=0, must-revalidate
1 < Content-Type: application/json
1 < Date: Tue, 08 Jul 2025 06:56:26 GMT
1 < Server: Vercel
1 < Strict-Transport-Security: max-age=63072000; includeSubDomains; preload
1 < Vary: RSC, Next-Router-State-Tree, Next-Router-Prefetch, Next-Router-Segment-Prefetch
1 < X-Matched-Path: /api/asistencia-hoy/marcar
1 < X-Vercel-Cache: MISS
1 < X-Vercel-Id: gru1::iad1::2cxpp-1751957785810-5165bf689988
1 < Transfer-Encoding: chunked
{
  "success": true,
  "message": "La asistencia ya había sido registrada anteriormente",
  "data": {
    "timestamp": 1751957785924,
    "desfaseSegundos": 3590,
    "esNuevoRegistro": false,
    "esRegistroPropio": false,
    "actorRegistrado": "PS",
    "tipoAsistencia": "personal"
  }
}


01:56:35.601 [pool-2-thread-1] DEBUG c.intuit.karate.core.ScenarioEngine - over-writing existing variable 'loginFeature' with new value: 'classpath:resources/features/login/ProfesorPrimaria.feature'
01:56:35.608 [pool-2-thread-1] DEBUG c.intuit.karate.core.ScenarioEngine - over-writing existing variable 'loginResponse' with new value: call read(loginFeature)
01:56:35.613 [pool-2-thread-1] DEBUG com.intuit.karate - request:
1 > POST https://api01-siasis-dev.vercel.app/api/login/profesor-primaria
1 > Cookie: Apellidos=Apolinario%20Quispe; Google_Drive_Foto_ID=1zGZuWnkBA59hSHlTgGVXrduC8eBgrKi1; Nombres=David%20Julian; Genero=M; Rol=PS; token=eyJhbGciOiJIUzI1NiIsInR5cCI6IkpXVCJ9.eyJJRF9Vc3VhcmlvIjoiMTUzNzEwMjgiLCJOb21icmVfVXN1YXJpbyI6ImRhdmlkX2Fwb2xpbmFyaW9fMTUzNyIsIlJEUDAyX0lOU1RBTkNFIjoiUkRQMDJfSU5TMyIsIlJEUDAzX0lOU1RBTkNFIjoiUkRQMDNfSU5TMSIsIlJvbCI6IlBTIiwiaWF0IjoxNzUxOTU3Nzg1LCJleHAiOjE3NTE5NzU3ODV9.ft1hjkW5KQ6pXlxUb0W1UGqy7VzK-xTSn-HWR37PoTk
1 > Content-Type: application/json; charset=UTF-8
1 > Content-Length: 64
1 > Host: api01-siasis-dev.vercel.app
1 > Connection: Keep-Alive
1 > User-Agent: Apache-HttpClient/4.5.14 (Java/17.0.12)
1 > Accept-Encoding: gzip,deflate
{
  "Nombre_Usuario": "marisol_godoy_1537",
  "Contraseña": "15378317"
}


01:56:35.794 [pool-2-thread-4] DEBUG com.intuit.karate - response time in milliseconds: 1126
1 < 200
1 < Access-Control-Allow-Origin: *
1 < Cache-Control: public, max-age=0, must-revalidate
1 < Content-Length: 523
1 < Content-Type: application/json; charset=utf-8
1 < Date: Tue, 08 Jul 2025 06:56:26 GMT
1 < Etag: W/"20b-+O9gbMqymt5ZGwiE1tDvdDXjwkQ"
1 < Server: Vercel
1 < Strict-Transport-Security: max-age=63072000; includeSubDomains; preload
1 < X-Powered-By: Express
1 < X-Vercel-Cache: MISS
1 < X-Vercel-Id: gru1::iad1::bsmv9-1751957785510-df3a85ac3760
{
  "success": true,
  "message": "Inicio de sesión exitoso",
  "data": {
    "Apellidos": "Apolinario Quispe",
    "Nombres": "David Julian",
    "Rol": "PS",
    "token": "eyJhbGciOiJIUzI1NiIsInR5cCI6IkpXVCJ9.eyJJRF9Vc3VhcmlvIjoiMTUzNzEwMjgiLCJOb21icmVfVXN1YXJpbyI6ImRhdmlkX2Fwb2xpbmFyaW9fMTUzNyIsIlJEUDAyX0lOU1RBTkNFIjoiUkRQMDJfSU5TMyIsIlJEUDAzX0lOU1RBTkNFIjoiUkRQMDNfSU5TMiIsIlJvbCI6IlBTIiwiaWF0IjoxNzUxOTU3Nzg2LCJleHAiOjE3NTE5NzU3ODZ9.svNaQrJuJIQzXorbrwxFBa3vda8NNFQdFiRPXAnyCcY",
    "Google_Drive_Foto_ID": "1zGZuWnkBA59hSHlTgGVXrduC8eBgrKi1",
    "Genero": "M"
  }
}


01:56:35.801 [pool-2-thread-4] INFO  com.intuit.karate - [print] eyJhbGciOiJIUzI1NiIsInR5cCI6IkpXVCJ9.eyJJRF9Vc3VhcmlvIjoiMTUzNzEwMjgiLCJOb21icmVfVXN1YXJpbyI6ImRhdmlkX2Fwb2xpbmFyaW9fMTUzNyIsIlJEUDAyX0lOU1RBTkNFIjoiUkRQMDJfSU5TMyIsIlJEUDAzX0lOU1RBTkNFIjoiUkRQMDNfSU5TMiIsIlJvbCI6IlBTIiwiaWF0IjoxNzUxOTU3Nzg2LCJleHAiOjE3NTE5NzU3ODZ9.svNaQrJuJIQzXorbrwxFBa3vda8NNFQdFiRPXAnyCcY 
01:56:35.802 [pool-2-thread-4] INFO  com.intuit.karate - [print] PS 
01:56:35.808 [pool-2-thread-4] DEBUG com.intuit.karate - request:
1 > POST https://siasis-dev.vercel.app/api/auth/login
1 > Cookie: Apellidos=Sanchez%20Gonzales; Google_Drive_Foto_ID=14aAaksU7TNE6kOiFsRt4m5y2LSvnat1b; Nombres=Daniel%20Enrique; Genero=M; Rol=T; token=eyJhbGciOiJIUzI1NiIsInR5cCI6IkpXVCJ9.eyJJRF9Vc3VhcmlvIjoiMTU0MjA3NDUiLCJOb21icmVfVXN1YXJpbyI6ImRhbmllbF9zYW5jaGV6XzE1NDIiLCJSRFAwMl9JTlNUQU5DRSI6IlJEUDAyX0lOUzIiLCJSRFAwM19JTlNUQU5DRSI6IlJEUDAzX0lOUzMiLCJSb2wiOiJUIiwiaWF0IjoxNzUxOTU3Nzg0LCJleHAiOjE3NTE5NzU3ODR9.sYOhsxwhGger-XjEzY-LjCx_NUIOLifMOquqskHT9Ag
1 > Content-Type: application/json; charset=UTF-8
1 > Content-Length: 461
1 > Host: siasis-dev.vercel.app
1 > Connection: Keep-Alive
1 > User-Agent: Apache-HttpClient/4.5.14 (Java/17.0.12)
1 > Accept-Encoding: gzip,deflate
{
  "Nombres": "David Julian",
  "Apellidos": "Apolinario Quispe",
  "token": "eyJhbGciOiJIUzI1NiIsInR5cCI6IkpXVCJ9.eyJJRF9Vc3VhcmlvIjoiMTUzNzEwMjgiLCJOb21icmVfVXN1YXJpbyI6ImRhdmlkX2Fwb2xpbmFyaW9fMTUzNyIsIlJEUDAyX0lOU1RBTkNFIjoiUkRQMDJfSU5TMyIsIlJEUDAzX0lOU1RBTkNFIjoiUkRQMDNfSU5TMiIsIlJvbCI6IlBTIiwiaWF0IjoxNzUxOTU3Nzg2LCJleHAiOjE3NTE5NzU3ODZ9.svNaQrJuJIQzXorbrwxFBa3vda8NNFQdFiRPXAnyCcY",
  "Genero": "M",
  "Google_Drive_Foto_ID": "1zGZuWnkBA59hSHlTgGVXrduC8eBgrKi1",
  "Rol": "PS"
}


01:56:35.850 [pool-2-thread-5] DEBUG com.intuit.karate - response time in milliseconds: 410
1 < 201
1 < Cache-Control: public, max-age=0, must-revalidate
1 < Content-Length: 0
1 < Date: Tue, 08 Jul 2025 06:56:26 GMT
1 < Server: Vercel
1 < Set-Cookie: Nombres=Marisol%20Ceferina; Max-Age=18000; Path=/; HttpOnly; Secure; SameSite=Lax
1 < Set-Cookie: Apellidos=Godoy%20Villarubia; Max-Age=18000; Path=/; HttpOnly; Secure; SameSite=Lax
1 < Set-Cookie: Rol=PP; Max-Age=18000; Path=/; HttpOnly; Secure; SameSite=Lax
1 < Set-Cookie: token=eyJhbGciOiJIUzI1NiIsInR5cCI6IkpXVCJ9.eyJJRF9Vc3VhcmlvIjoiMTUzNzgzMTciLCJOb21icmVfVXN1YXJpbyI6Im1hcmlzb2xfZ29kb3lfMTUzNyIsIlJEUDAyX0lOU1RBTkNFIjoiUkRQMDJfSU5TMSIsIlJEUDAzX0lOU1RBTkNFIjoiUkRQMDNfSU5TMyIsIlJvbCI6IlBQIiwiaWF0IjoxNzUxOTU3Nzg1LCJleHAiOjE3NTE5NzU3ODV9.qBMozTBi8Sxcym7WPebR-de8vaI_F_G4k9NdohDw74s; Max-Age=18000; Path=/; HttpOnly; Secure; SameSite=Lax
1 < Set-Cookie: Genero=F; Max-Age=18000; Path=/; HttpOnly; Secure; SameSite=Lax
1 < Set-Cookie: Google_Drive_Foto_ID=1p8FC3py693IjnMTa4uINq5lVSb9P3LBc; Max-Age=18000; Path=/; HttpOnly; Secure; SameSite=Lax
1 < Strict-Transport-Security: max-age=63072000; includeSubDomains; preload
1 < Vary: RSC, Next-Router-State-Tree, Next-Router-Prefetch, Next-Router-Segment-Prefetch
1 < X-Matched-Path: /api/auth/login
1 < X-Vercel-Cache: MISS
1 < X-Vercel-Id: gru1::iad1::zh6qw-1751957786239-f56ea0fdeaad


01:56:35.852 [pool-2-thread-5] DEBUG c.intuit.karate.core.ScenarioEngine - over-writing existing variable 'fechaHoraEsperadaISO' with new value: getAdjustedTime()
01:56:35.855 [pool-2-thread-5] DEBUG com.intuit.karate - request:
1 > POST https://siasis-dev.vercel.app/api/asistencia-hoy/marcar
1 > Cookie: Apellidos=Godoy%20Villarubia; Google_Drive_Foto_ID=1p8FC3py693IjnMTa4uINq5lVSb9P3LBc; Nombres=Marisol%20Ceferina; Genero=F; Rol=PP; token=eyJhbGciOiJIUzI1NiIsInR5cCI6IkpXVCJ9.eyJJRF9Vc3VhcmlvIjoiMTUzNzgzMTciLCJOb21icmVfVXN1YXJpbyI6Im1hcmlzb2xfZ29kb3lfMTUzNyIsIlJEUDAyX0lOU1RBTkNFIjoiUkRQMDJfSU5TMSIsIlJEUDAzX0lOU1RBTkNFIjoiUkRQMDNfSU5TMyIsIlJvbCI6IlBQIiwiaWF0IjoxNzUxOTU3Nzg1LCJleHAiOjE3NTE5NzU3ODV9.qBMozTBi8Sxcym7WPebR-de8vaI_F_G4k9NdohDw74s
1 > Content-Type: application/json; charset=UTF-8
1 > Content-Length: 70
1 > Host: siasis-dev.vercel.app
1 > Connection: Keep-Alive
1 > User-Agent: Apache-HttpClient/4.5.14 (Java/17.0.12)
1 > Accept-Encoding: gzip,deflate
{
  "ModoRegistro": "E",
  "FechaHoraEsperadaISO": "2025-07-08T05:56:35.852Z"
}


01:56:35.960 [pool-2-thread-3] DEBUG com.intuit.karate - response time in milliseconds: 637
1 < 200
1 < Cache-Control: public, max-age=0, must-revalidate
1 < Content-Type: application/json
1 < Date: Tue, 08 Jul 2025 06:56:26 GMT
1 < Server: Vercel
1 < Strict-Transport-Security: max-age=63072000; includeSubDomains; preload
1 < Vary: RSC, Next-Router-State-Tree, Next-Router-Prefetch, Next-Router-Segment-Prefetch
1 < X-Matched-Path: /api/asistencia-hoy/marcar
1 < X-Vercel-Cache: MISS
1 < X-Vercel-Id: gru1::iad1::cq8gr-1751957786119-65796f55bbc4
1 < Transfer-Encoding: chunked
{
  "success": true,
  "message": "La asistencia ya había sido registrada anteriormente",
  "data": {
    "timestamp": 1751957786283,
    "desfaseSegundos": 3590,
    "esNuevoRegistro": false,
    "esRegistroPropio": false,
    "actorRegistrado": "PS",
    "tipoAsistencia": "personal"
  }
}


01:56:35.964 [pool-2-thread-3] DEBUG c.intuit.karate.core.ScenarioEngine - over-writing existing variable 'loginFeature' with new value: 'classpath:resources/features/login/ProfesorPrimaria.feature'
01:56:35.972 [pool-2-thread-3] DEBUG c.intuit.karate.core.ScenarioEngine - over-writing existing variable 'loginResponse' with new value: call read(loginFeature)
01:56:35.979 [pool-2-thread-3] DEBUG com.intuit.karate - request:
1 > POST https://api01-siasis-dev.vercel.app/api/login/profesor-primaria
1 > Cookie: Apellidos=Apolinario%20Quispe; Google_Drive_Foto_ID=1zGZuWnkBA59hSHlTgGVXrduC8eBgrKi1; Nombres=David%20Julian; Genero=M; Rol=PS; token=eyJhbGciOiJIUzI1NiIsInR5cCI6IkpXVCJ9.eyJJRF9Vc3VhcmlvIjoiMTUzNzEwMjgiLCJOb21icmVfVXN1YXJpbyI6ImRhdmlkX2Fwb2xpbmFyaW9fMTUzNyIsIlJEUDAyX0lOU1RBTkNFIjoiUkRQMDJfSU5TMyIsIlJEUDAzX0lOU1RBTkNFIjoiUkRQMDNfSU5TNCIsIlJvbCI6IlBTIiwiaWF0IjoxNzUxOTU3Nzg1LCJleHAiOjE3NTE5NzU3ODV9.7-d7XnrTN4ilW3QQh_-krQzNo3s1FEALu4xawRfoV7A
1 > Content-Type: application/json; charset=UTF-8
1 > Content-Length: 64
1 > Host: api01-siasis-dev.vercel.app
1 > Connection: Keep-Alive
1 > User-Agent: Apache-HttpClient/4.5.14 (Java/17.0.12)
1 > Accept-Encoding: gzip,deflate
{
  "Nombre_Usuario": "marisol_godoy_1537",
  "Contraseña": "15378317"
}


01:56:36.036 [pool-2-thread-2] DEBUG com.intuit.karate - response time in milliseconds: 462
1 < 201
1 < Cache-Control: public, max-age=0, must-revalidate
1 < Content-Length: 0
1 < Date: Tue, 08 Jul 2025 06:56:26 GMT
1 < Server: Vercel
1 < Set-Cookie: Nombres=David%20Julian; Max-Age=18000; Path=/; HttpOnly; Secure; SameSite=Lax
1 < Set-Cookie: Apellidos=Apolinario%20Quispe; Max-Age=18000; Path=/; HttpOnly; Secure; SameSite=Lax
1 < Set-Cookie: Rol=PS; Max-Age=18000; Path=/; HttpOnly; Secure; SameSite=Lax
1 < Set-Cookie: token=eyJhbGciOiJIUzI1NiIsInR5cCI6IkpXVCJ9.eyJJRF9Vc3VhcmlvIjoiMTUzNzEwMjgiLCJOb21icmVfVXN1YXJpbyI6ImRhdmlkX2Fwb2xpbmFyaW9fMTUzNyIsIlJEUDAyX0lOU1RBTkNFIjoiUkRQMDJfSU5TMiIsIlJEUDAzX0lOU1RBTkNFIjoiUkRQMDNfSU5TNCIsIlJvbCI6IlBTIiwiaWF0IjoxNzUxOTU3Nzg2LCJleHAiOjE3NTE5NzU3ODZ9.JW85n-louBPeP6cbLZxh7dTbxrMV1J87rVNYgR6aJqg; Max-Age=18000; Path=/; HttpOnly; Secure; SameSite=Lax
1 < Set-Cookie: Genero=M; Max-Age=18000; Path=/; HttpOnly; Secure; SameSite=Lax
1 < Set-Cookie: Google_Drive_Foto_ID=1zGZuWnkBA59hSHlTgGVXrduC8eBgrKi1; Max-Age=18000; Path=/; HttpOnly; Secure; SameSite=Lax
1 < Strict-Transport-Security: max-age=63072000; includeSubDomains; preload
1 < Vary: RSC, Next-Router-State-Tree, Next-Router-Prefetch, Next-Router-Segment-Prefetch
1 < X-Matched-Path: /api/auth/login
1 < X-Vercel-Cache: MISS
1 < X-Vercel-Id: gru1::iad1::bsmv9-1751957786418-0d4ce20fa693


01:56:36.038 [pool-2-thread-2] DEBUG c.intuit.karate.core.ScenarioEngine - over-writing existing variable 'fechaHoraEsperadaISO' with new value: getAdjustedTime()
01:56:36.045 [pool-2-thread-2] DEBUG com.intuit.karate - request:
1 > POST https://siasis-dev.vercel.app/api/asistencia-hoy/marcar
1 > Cookie: Apellidos=Apolinario%20Quispe; Google_Drive_Foto_ID=1zGZuWnkBA59hSHlTgGVXrduC8eBgrKi1; Nombres=David%20Julian; Genero=M; Rol=PS; token=eyJhbGciOiJIUzI1NiIsInR5cCI6IkpXVCJ9.eyJJRF9Vc3VhcmlvIjoiMTUzNzEwMjgiLCJOb21icmVfVXN1YXJpbyI6ImRhdmlkX2Fwb2xpbmFyaW9fMTUzNyIsIlJEUDAyX0lOU1RBTkNFIjoiUkRQMDJfSU5TMiIsIlJEUDAzX0lOU1RBTkNFIjoiUkRQMDNfSU5TNCIsIlJvbCI6IlBTIiwiaWF0IjoxNzUxOTU3Nzg2LCJleHAiOjE3NTE5NzU3ODZ9.JW85n-louBPeP6cbLZxh7dTbxrMV1J87rVNYgR6aJqg
1 > Content-Type: application/json; charset=UTF-8
1 > Content-Length: 70
1 > Host: siasis-dev.vercel.app
1 > Connection: Keep-Alive
1 > User-Agent: Apache-HttpClient/4.5.14 (Java/17.0.12)
1 > Accept-Encoding: gzip,deflate
{
  "ModoRegistro": "E",
  "FechaHoraEsperadaISO": "2025-07-08T05:56:36.040Z"
}


01:56:36.154 [pool-2-thread-1] DEBUG com.intuit.karate - response time in milliseconds: 538
1 < 200
1 < Access-Control-Allow-Origin: *
1 < Cache-Control: public, max-age=0, must-revalidate
1 < Content-Length: 522
1 < Content-Type: application/json; charset=utf-8
1 < Date: Tue, 08 Jul 2025 06:56:26 GMT
1 < Etag: W/"20a-VyKtUQbFOMMckTnBmuTi//wIun8"
1 < Server: Vercel
1 < Strict-Transport-Security: max-age=63072000; includeSubDomains; preload
1 < X-Powered-By: Express
1 < X-Vercel-Cache: MISS
1 < X-Vercel-Id: gru1::iad1::lrpdm-1751957786419-c790d504f6fe
{
  "success": true,
  "message": "Inicio de sesión exitoso",
  "data": {
    "Apellidos": "Godoy Villarubia",
    "Nombres": "Marisol Ceferina",
    "Rol": "PP",
    "token": "eyJhbGciOiJIUzI1NiIsInR5cCI6IkpXVCJ9.eyJJRF9Vc3VhcmlvIjoiMTUzNzgzMTciLCJOb21icmVfVXN1YXJpbyI6Im1hcmlzb2xfZ29kb3lfMTUzNyIsIlJEUDAyX0lOU1RBTkNFIjoiUkRQMDJfSU5TMSIsIlJEUDAzX0lOU1RBTkNFIjoiUkRQMDNfSU5TMSIsIlJvbCI6IlBQIiwiaWF0IjoxNzUxOTU3Nzg2LCJleHAiOjE3NTE5NzU3ODZ9.NQztMHr3PqGp8_eqjq9N_MrAHVbFb7W9BNq0kdYftac",
    "Google_Drive_Foto_ID": "1p8FC3py693IjnMTa4uINq5lVSb9P3LBc",
    "Genero": "F"
  }
}


01:56:36.156 [pool-2-thread-1] INFO  com.intuit.karate - [print] eyJhbGciOiJIUzI1NiIsInR5cCI6IkpXVCJ9.eyJJRF9Vc3VhcmlvIjoiMTUzNzgzMTciLCJOb21icmVfVXN1YXJpbyI6Im1hcmlzb2xfZ29kb3lfMTUzNyIsIlJEUDAyX0lOU1RBTkNFIjoiUkRQMDJfSU5TMSIsIlJEUDAzX0lOU1RBTkNFIjoiUkRQMDNfSU5TMSIsIlJvbCI6IlBQIiwiaWF0IjoxNzUxOTU3Nzg2LCJleHAiOjE3NTE5NzU3ODZ9.NQztMHr3PqGp8_eqjq9N_MrAHVbFb7W9BNq0kdYftac 
01:56:36.158 [pool-2-thread-1] INFO  com.intuit.karate - [print] PP 
01:56:36.161 [pool-2-thread-1] DEBUG com.intuit.karate - request:
1 > POST https://siasis-dev.vercel.app/api/auth/login
1 > Cookie: Apellidos=Apolinario%20Quispe; Google_Drive_Foto_ID=1zGZuWnkBA59hSHlTgGVXrduC8eBgrKi1; Nombres=David%20Julian; Genero=M; Rol=PS; token=eyJhbGciOiJIUzI1NiIsInR5cCI6IkpXVCJ9.eyJJRF9Vc3VhcmlvIjoiMTUzNzEwMjgiLCJOb21icmVfVXN1YXJpbyI6ImRhdmlkX2Fwb2xpbmFyaW9fMTUzNyIsIlJEUDAyX0lOU1RBTkNFIjoiUkRQMDJfSU5TMyIsIlJEUDAzX0lOU1RBTkNFIjoiUkRQMDNfSU5TMSIsIlJvbCI6IlBTIiwiaWF0IjoxNzUxOTU3Nzg1LCJleHAiOjE3NTE5NzU3ODV9.ft1hjkW5KQ6pXlxUb0W1UGqy7VzK-xTSn-HWR37PoTk
1 > Content-Type: application/json; charset=UTF-8
1 > Content-Length: 460
1 > Host: siasis-dev.vercel.app
1 > Connection: Keep-Alive
1 > User-Agent: Apache-HttpClient/4.5.14 (Java/17.0.12)
1 > Accept-Encoding: gzip,deflate
{
  "Nombres": "Marisol Ceferina",
  "Apellidos": "Godoy Villarubia",
  "token": "eyJhbGciOiJIUzI1NiIsInR5cCI6IkpXVCJ9.eyJJRF9Vc3VhcmlvIjoiMTUzNzgzMTciLCJOb21icmVfVXN1YXJpbyI6Im1hcmlzb2xfZ29kb3lfMTUzNyIsIlJEUDAyX0lOU1RBTkNFIjoiUkRQMDJfSU5TMSIsIlJEUDAzX0lOU1RBTkNFIjoiUkRQMDNfSU5TMSIsIlJvbCI6IlBQIiwiaWF0IjoxNzUxOTU3Nzg2LCJleHAiOjE3NTE5NzU3ODZ9.NQztMHr3PqGp8_eqjq9N_MrAHVbFb7W9BNq0kdYftac",
  "Genero": "F",
  "Google_Drive_Foto_ID": "1p8FC3py693IjnMTa4uINq5lVSb9P3LBc",
  "Rol": "PP"
}


01:56:36.250 [pool-2-thread-4] DEBUG com.intuit.karate - response time in milliseconds: 441
1 < 201
1 < Cache-Control: public, max-age=0, must-revalidate
1 < Content-Length: 0
1 < Date: Tue, 08 Jul 2025 06:56:26 GMT
1 < Server: Vercel
1 < Set-Cookie: Nombres=David%20Julian; Max-Age=18000; Path=/; HttpOnly; Secure; SameSite=Lax
1 < Set-Cookie: Apellidos=Apolinario%20Quispe; Max-Age=18000; Path=/; HttpOnly; Secure; SameSite=Lax
1 < Set-Cookie: Rol=PS; Max-Age=18000; Path=/; HttpOnly; Secure; SameSite=Lax
1 < Set-Cookie: token=eyJhbGciOiJIUzI1NiIsInR5cCI6IkpXVCJ9.eyJJRF9Vc3VhcmlvIjoiMTUzNzEwMjgiLCJOb21icmVfVXN1YXJpbyI6ImRhdmlkX2Fwb2xpbmFyaW9fMTUzNyIsIlJEUDAyX0lOU1RBTkNFIjoiUkRQMDJfSU5TMyIsIlJEUDAzX0lOU1RBTkNFIjoiUkRQMDNfSU5TMiIsIlJvbCI6IlBTIiwiaWF0IjoxNzUxOTU3Nzg2LCJleHAiOjE3NTE5NzU3ODZ9.svNaQrJuJIQzXorbrwxFBa3vda8NNFQdFiRPXAnyCcY; Max-Age=18000; Path=/; HttpOnly; Secure; SameSite=Lax
1 < Set-Cookie: Genero=M; Max-Age=18000; Path=/; HttpOnly; Secure; SameSite=Lax
1 < Set-Cookie: Google_Drive_Foto_ID=1zGZuWnkBA59hSHlTgGVXrduC8eBgrKi1; Max-Age=18000; Path=/; HttpOnly; Secure; SameSite=Lax
1 < Strict-Transport-Security: max-age=63072000; includeSubDomains; preload
1 < Vary: RSC, Next-Router-State-Tree, Next-Router-Prefetch, Next-Router-Segment-Prefetch
1 < X-Matched-Path: /api/auth/login
1 < X-Vercel-Cache: MISS
1 < X-Vercel-Id: gru1::iad1::zdj87-1751957786604-b2c1193c1fbd


01:56:36.251 [pool-2-thread-4] DEBUG c.intuit.karate.core.ScenarioEngine - over-writing existing variable 'fechaHoraEsperadaISO' with new value: getAdjustedTime()
01:56:36.258 [pool-2-thread-4] DEBUG com.intuit.karate - request:
1 > POST https://siasis-dev.vercel.app/api/asistencia-hoy/marcar
1 > Cookie: Apellidos=Apolinario%20Quispe; Google_Drive_Foto_ID=1zGZuWnkBA59hSHlTgGVXrduC8eBgrKi1; Nombres=David%20Julian; Genero=M; Rol=PS; token=eyJhbGciOiJIUzI1NiIsInR5cCI6IkpXVCJ9.eyJJRF9Vc3VhcmlvIjoiMTUzNzEwMjgiLCJOb21icmVfVXN1YXJpbyI6ImRhdmlkX2Fwb2xpbmFyaW9fMTUzNyIsIlJEUDAyX0lOU1RBTkNFIjoiUkRQMDJfSU5TMyIsIlJEUDAzX0lOU1RBTkNFIjoiUkRQMDNfSU5TMiIsIlJvbCI6IlBTIiwiaWF0IjoxNzUxOTU3Nzg2LCJleHAiOjE3NTE5NzU3ODZ9.svNaQrJuJIQzXorbrwxFBa3vda8NNFQdFiRPXAnyCcY
1 > Content-Type: application/json; charset=UTF-8
1 > Content-Length: 70
1 > Host: siasis-dev.vercel.app
1 > Connection: Keep-Alive
1 > User-Agent: Apache-HttpClient/4.5.14 (Java/17.0.12)
1 > Accept-Encoding: gzip,deflate
{
  "ModoRegistro": "E",
  "FechaHoraEsperadaISO": "2025-07-08T05:56:36.253Z"
}


01:56:36.474 [pool-2-thread-5] DEBUG com.intuit.karate - response time in milliseconds: 617
1 < 200
1 < Cache-Control: public, max-age=0, must-revalidate
1 < Content-Type: application/json
1 < Date: Tue, 08 Jul 2025 06:56:26 GMT
1 < Server: Vercel
1 < Strict-Transport-Security: max-age=63072000; includeSubDomains; preload
1 < Vary: RSC, Next-Router-State-Tree, Next-Router-Prefetch, Next-Router-Segment-Prefetch
1 < X-Matched-Path: /api/asistencia-hoy/marcar
1 < X-Vercel-Cache: MISS
1 < X-Vercel-Id: gru1::iad1::9l8f7-1751957786654-3a6df7d8589a
1 < Transfer-Encoding: chunked
{
  "success": true,
  "message": "La asistencia ya había sido registrada anteriormente",
  "data": {
    "timestamp": 1751957786781,
    "desfaseSegundos": 3590,
    "esNuevoRegistro": false,
    "esRegistroPropio": false,
    "actorRegistrado": "PP",
    "tipoAsistencia": "personal"
  }
}


01:56:36.480 [pool-2-thread-5] DEBUG c.intuit.karate.core.ScenarioEngine - over-writing existing variable 'loginFeature' with new value: 'classpath:resources/features/login/PersonalAdmin.feature'
01:56:36.487 [pool-2-thread-5] DEBUG c.intuit.karate.core.ScenarioEngine - over-writing existing variable 'loginResponse' with new value: call read(loginFeature)
01:56:36.493 [pool-2-thread-5] DEBUG com.intuit.karate - request:
1 > POST https://api01-siasis-dev.vercel.app/api/login/personal-administrativo
1 > Cookie: Apellidos=Godoy%20Villarubia; Google_Drive_Foto_ID=1p8FC3py693IjnMTa4uINq5lVSb9P3LBc; Nombres=Marisol%20Ceferina; Genero=F; Rol=PP; token=eyJhbGciOiJIUzI1NiIsInR5cCI6IkpXVCJ9.eyJJRF9Vc3VhcmlvIjoiMTUzNzgzMTciLCJOb21icmVfVXN1YXJpbyI6Im1hcmlzb2xfZ29kb3lfMTUzNyIsIlJEUDAyX0lOU1RBTkNFIjoiUkRQMDJfSU5TMSIsIlJEUDAzX0lOU1RBTkNFIjoiUkRQMDNfSU5TMyIsIlJvbCI6IlBQIiwiaWF0IjoxNzUxOTU3Nzg1LCJleHAiOjE3NTE5NzU3ODV9.qBMozTBi8Sxcym7WPebR-de8vaI_F_G4k9NdohDw74s
1 > Content-Type: application/json; charset=UTF-8
1 > Content-Length: 63
1 > Host: api01-siasis-dev.vercel.app
1 > Connection: Keep-Alive
1 > User-Agent: Apache-HttpClient/4.5.14 (Java/17.0.12)
1 > Accept-Encoding: gzip,deflate
{
  "Nombre_Usuario": "jose_centeno_4180",
  "Contraseña": "41809910"
}


01:56:36.513 [pool-2-thread-3] DEBUG com.intuit.karate - response time in milliseconds: 532
1 < 200
1 < Access-Control-Allow-Origin: *
1 < Cache-Control: public, max-age=0, must-revalidate
1 < Content-Length: 522
1 < Content-Type: application/json; charset=utf-8
1 < Date: Tue, 08 Jul 2025 06:56:26 GMT
1 < Etag: W/"20a-XxBw8OHKduxqK5jV7HYv+RW5BfQ"
1 < Server: Vercel
1 < Strict-Transport-Security: max-age=63072000; includeSubDomains; preload
1 < X-Powered-By: Express
1 < X-Vercel-Cache: MISS
1 < X-Vercel-Id: gru1::iad1::4mjfc-1751957786776-07ba4d9d1a0b
{
  "success": true,
  "message": "Inicio de sesión exitoso",
  "data": {
    "Apellidos": "Godoy Villarubia",
    "Nombres": "Marisol Ceferina",
    "Rol": "PP",
    "token": "eyJhbGciOiJIUzI1NiIsInR5cCI6IkpXVCJ9.eyJJRF9Vc3VhcmlvIjoiMTUzNzgzMTciLCJOb21icmVfVXN1YXJpbyI6Im1hcmlzb2xfZ29kb3lfMTUzNyIsIlJEUDAyX0lOU1RBTkNFIjoiUkRQMDJfSU5TMSIsIlJEUDAzX0lOU1RBTkNFIjoiUkRQMDNfSU5TNSIsIlJvbCI6IlBQIiwiaWF0IjoxNzUxOTU3Nzg2LCJleHAiOjE3NTE5NzU3ODZ9.DavZMXlp5JcZLujOEa9rmkXpz3K8pYO6zvU-ad9dcmE",
    "Google_Drive_Foto_ID": "1p8FC3py693IjnMTa4uINq5lVSb9P3LBc",
    "Genero": "F"
  }
}


01:56:36.514 [pool-2-thread-3] INFO  com.intuit.karate - [print] eyJhbGciOiJIUzI1NiIsInR5cCI6IkpXVCJ9.eyJJRF9Vc3VhcmlvIjoiMTUzNzgzMTciLCJOb21icmVfVXN1YXJpbyI6Im1hcmlzb2xfZ29kb3lfMTUzNyIsIlJEUDAyX0lOU1RBTkNFIjoiUkRQMDJfSU5TMSIsIlJEUDAzX0lOU1RBTkNFIjoiUkRQMDNfSU5TNSIsIlJvbCI6IlBQIiwiaWF0IjoxNzUxOTU3Nzg2LCJleHAiOjE3NTE5NzU3ODZ9.DavZMXlp5JcZLujOEa9rmkXpz3K8pYO6zvU-ad9dcmE 
01:56:36.515 [pool-2-thread-3] INFO  com.intuit.karate - [print] PP 
01:56:36.516 [pool-2-thread-3] DEBUG com.intuit.karate - request:
1 > POST https://siasis-dev.vercel.app/api/auth/login
1 > Cookie: Apellidos=Apolinario%20Quispe; Google_Drive_Foto_ID=1zGZuWnkBA59hSHlTgGVXrduC8eBgrKi1; Nombres=David%20Julian; Genero=M; Rol=PS; token=eyJhbGciOiJIUzI1NiIsInR5cCI6IkpXVCJ9.eyJJRF9Vc3VhcmlvIjoiMTUzNzEwMjgiLCJOb21icmVfVXN1YXJpbyI6ImRhdmlkX2Fwb2xpbmFyaW9fMTUzNyIsIlJEUDAyX0lOU1RBTkNFIjoiUkRQMDJfSU5TMyIsIlJEUDAzX0lOU1RBTkNFIjoiUkRQMDNfSU5TNCIsIlJvbCI6IlBTIiwiaWF0IjoxNzUxOTU3Nzg1LCJleHAiOjE3NTE5NzU3ODV9.7-d7XnrTN4ilW3QQh_-krQzNo3s1FEALu4xawRfoV7A
1 > Content-Type: application/json; charset=UTF-8
1 > Content-Length: 460
1 > Host: siasis-dev.vercel.app
1 > Connection: Keep-Alive
1 > User-Agent: Apache-HttpClient/4.5.14 (Java/17.0.12)
1 > Accept-Encoding: gzip,deflate
{
  "Nombres": "Marisol Ceferina",
  "Apellidos": "Godoy Villarubia",
  "token": "eyJhbGciOiJIUzI1NiIsInR5cCI6IkpXVCJ9.eyJJRF9Vc3VhcmlvIjoiMTUzNzgzMTciLCJOb21icmVfVXN1YXJpbyI6Im1hcmlzb2xfZ29kb3lfMTUzNyIsIlJEUDAyX0lOU1RBTkNFIjoiUkRQMDJfSU5TMSIsIlJEUDAzX0lOU1RBTkNFIjoiUkRQMDNfSU5TNSIsIlJvbCI6IlBQIiwiaWF0IjoxNzUxOTU3Nzg2LCJleHAiOjE3NTE5NzU3ODZ9.DavZMXlp5JcZLujOEa9rmkXpz3K8pYO6zvU-ad9dcmE",
  "Genero": "F",
  "Google_Drive_Foto_ID": "1p8FC3py693IjnMTa4uINq5lVSb9P3LBc",
  "Rol": "PP"
}


01:56:36.572 [pool-2-thread-1] DEBUG com.intuit.karate - response time in milliseconds: 409
1 < 201
1 < Cache-Control: public, max-age=0, must-revalidate
1 < Content-Length: 0
1 < Date: Tue, 08 Jul 2025 06:56:27 GMT
1 < Server: Vercel
1 < Set-Cookie: Nombres=Marisol%20Ceferina; Max-Age=18000; Path=/; HttpOnly; Secure; SameSite=Lax
1 < Set-Cookie: Apellidos=Godoy%20Villarubia; Max-Age=18000; Path=/; HttpOnly; Secure; SameSite=Lax
1 < Set-Cookie: Rol=PP; Max-Age=18000; Path=/; HttpOnly; Secure; SameSite=Lax
1 < Set-Cookie: token=eyJhbGciOiJIUzI1NiIsInR5cCI6IkpXVCJ9.eyJJRF9Vc3VhcmlvIjoiMTUzNzgzMTciLCJOb21icmVfVXN1YXJpbyI6Im1hcmlzb2xfZ29kb3lfMTUzNyIsIlJEUDAyX0lOU1RBTkNFIjoiUkRQMDJfSU5TMSIsIlJEUDAzX0lOU1RBTkNFIjoiUkRQMDNfSU5TMSIsIlJvbCI6IlBQIiwiaWF0IjoxNzUxOTU3Nzg2LCJleHAiOjE3NTE5NzU3ODZ9.NQztMHr3PqGp8_eqjq9N_MrAHVbFb7W9BNq0kdYftac; Max-Age=18000; Path=/; HttpOnly; Secure; SameSite=Lax
1 < Set-Cookie: Genero=F; Max-Age=18000; Path=/; HttpOnly; Secure; SameSite=Lax
1 < Set-Cookie: Google_Drive_Foto_ID=1p8FC3py693IjnMTa4uINq5lVSb9P3LBc; Max-Age=18000; Path=/; HttpOnly; Secure; SameSite=Lax
1 < Strict-Transport-Security: max-age=63072000; includeSubDomains; preload
1 < Vary: RSC, Next-Router-State-Tree, Next-Router-Prefetch, Next-Router-Segment-Prefetch
1 < X-Matched-Path: /api/auth/login
1 < X-Vercel-Cache: MISS
1 < X-Vercel-Id: gru1::iad1::zdj87-1751957786962-69f5d298eacd


01:56:36.574 [pool-2-thread-1] DEBUG c.intuit.karate.core.ScenarioEngine - over-writing existing variable 'fechaHoraEsperadaISO' with new value: getAdjustedTime()
01:56:36.578 [pool-2-thread-1] DEBUG com.intuit.karate - request:
1 > POST https://siasis-dev.vercel.app/api/asistencia-hoy/marcar
1 > Cookie: Apellidos=Godoy%20Villarubia; Google_Drive_Foto_ID=1p8FC3py693IjnMTa4uINq5lVSb9P3LBc; Nombres=Marisol%20Ceferina; Genero=F; Rol=PP; token=eyJhbGciOiJIUzI1NiIsInR5cCI6IkpXVCJ9.eyJJRF9Vc3VhcmlvIjoiMTUzNzgzMTciLCJOb21icmVfVXN1YXJpbyI6Im1hcmlzb2xfZ29kb3lfMTUzNyIsIlJEUDAyX0lOU1RBTkNFIjoiUkRQMDJfSU5TMSIsIlJEUDAzX0lOU1RBTkNFIjoiUkRQMDNfSU5TMSIsIlJvbCI6IlBQIiwiaWF0IjoxNzUxOTU3Nzg2LCJleHAiOjE3NTE5NzU3ODZ9.NQztMHr3PqGp8_eqjq9N_MrAHVbFb7W9BNq0kdYftac
1 > Content-Type: application/json; charset=UTF-8
1 > Content-Length: 70
1 > Host: siasis-dev.vercel.app
1 > Connection: Keep-Alive
1 > User-Agent: Apache-HttpClient/4.5.14 (Java/17.0.12)
1 > Accept-Encoding: gzip,deflate
{
  "ModoRegistro": "E",
  "FechaHoraEsperadaISO": "2025-07-08T05:56:36.575Z"
}


01:56:36.631 [pool-2-thread-2] DEBUG com.intuit.karate - response time in milliseconds: 585
1 < 200
1 < Cache-Control: public, max-age=0, must-revalidate
1 < Content-Type: application/json
1 < Date: Tue, 08 Jul 2025 06:56:27 GMT
1 < Server: Vercel
1 < Strict-Transport-Security: max-age=63072000; includeSubDomains; preload
1 < Vary: RSC, Next-Router-State-Tree, Next-Router-Prefetch, Next-Router-Segment-Prefetch
1 < X-Matched-Path: /api/asistencia-hoy/marcar
1 < X-Vercel-Cache: MISS
1 < X-Vercel-Id: gru1::iad1::4mjfc-1751957786841-d40addcc338d
1 < Transfer-Encoding: chunked
{
  "success": true,
  "message": "La asistencia ya había sido registrada anteriormente",
  "data": {
    "timestamp": 1751957786949,
    "desfaseSegundos": 3590,
    "esNuevoRegistro": false,
    "esRegistroPropio": false,
    "actorRegistrado": "PS",
    "tipoAsistencia": "personal"
  }
}


01:56:36.637 [pool-2-thread-2] DEBUG c.intuit.karate.core.ScenarioEngine - over-writing existing variable 'loginFeature' with new value: 'classpath:resources/features/login/ProfesorPrimaria.feature'
01:56:36.644 [pool-2-thread-2] DEBUG c.intuit.karate.core.ScenarioEngine - over-writing existing variable 'loginResponse' with new value: call read(loginFeature)
01:56:36.653 [pool-2-thread-2] DEBUG com.intuit.karate - request:
1 > POST https://api01-siasis-dev.vercel.app/api/login/profesor-primaria
1 > Cookie: Apellidos=Apolinario%20Quispe; Google_Drive_Foto_ID=1zGZuWnkBA59hSHlTgGVXrduC8eBgrKi1; Nombres=David%20Julian; Genero=M; Rol=PS; token=eyJhbGciOiJIUzI1NiIsInR5cCI6IkpXVCJ9.eyJJRF9Vc3VhcmlvIjoiMTUzNzEwMjgiLCJOb21icmVfVXN1YXJpbyI6ImRhdmlkX2Fwb2xpbmFyaW9fMTUzNyIsIlJEUDAyX0lOU1RBTkNFIjoiUkRQMDJfSU5TMiIsIlJEUDAzX0lOU1RBTkNFIjoiUkRQMDNfSU5TNCIsIlJvbCI6IlBTIiwiaWF0IjoxNzUxOTU3Nzg2LCJleHAiOjE3NTE5NzU3ODZ9.JW85n-louBPeP6cbLZxh7dTbxrMV1J87rVNYgR6aJqg
1 > Content-Type: application/json; charset=UTF-8
1 > Content-Length: 64
1 > Host: api01-siasis-dev.vercel.app
1 > Connection: Keep-Alive
1 > User-Agent: Apache-HttpClient/4.5.14 (Java/17.0.12)
1 > Accept-Encoding: gzip,deflate
{
  "Nombre_Usuario": "marisol_godoy_1537",
  "Contraseña": "15378317"
}


01:56:36.840 [pool-2-thread-4] DEBUG com.intuit.karate - response time in milliseconds: 581
1 < 200
1 < Cache-Control: public, max-age=0, must-revalidate
1 < Content-Type: application/json
1 < Date: Tue, 08 Jul 2025 06:56:27 GMT
1 < Server: Vercel
1 < Strict-Transport-Security: max-age=63072000; includeSubDomains; preload
1 < Vary: RSC, Next-Router-State-Tree, Next-Router-Prefetch, Next-Router-Segment-Prefetch
1 < X-Matched-Path: /api/asistencia-hoy/marcar
1 < X-Vercel-Cache: MISS
1 < X-Vercel-Id: gru1::iad1::zdj87-1751957787055-8371baba2c7a
1 < Transfer-Encoding: chunked
{
  "success": true,
  "message": "La asistencia ya había sido registrada anteriormente",
  "data": {
    "timestamp": 1751957787168,
    "desfaseSegundos": 3590,
    "esNuevoRegistro": false,
    "esRegistroPropio": false,
    "actorRegistrado": "PS",
    "tipoAsistencia": "personal"
  }
}


01:56:36.845 [pool-2-thread-4] DEBUG c.intuit.karate.core.ScenarioEngine - over-writing existing variable 'loginFeature' with new value: 'classpath:resources/features/login/ProfesorPrimaria.feature'
01:56:36.851 [pool-2-thread-4] DEBUG c.intuit.karate.core.ScenarioEngine - over-writing existing variable 'loginResponse' with new value: call read(loginFeature)
01:56:36.857 [pool-2-thread-4] DEBUG com.intuit.karate - request:
1 > POST https://api01-siasis-dev.vercel.app/api/login/profesor-primaria
1 > Cookie: Apellidos=Apolinario%20Quispe; Google_Drive_Foto_ID=1zGZuWnkBA59hSHlTgGVXrduC8eBgrKi1; Nombres=David%20Julian; Genero=M; Rol=PS; token=eyJhbGciOiJIUzI1NiIsInR5cCI6IkpXVCJ9.eyJJRF9Vc3VhcmlvIjoiMTUzNzEwMjgiLCJOb21icmVfVXN1YXJpbyI6ImRhdmlkX2Fwb2xpbmFyaW9fMTUzNyIsIlJEUDAyX0lOU1RBTkNFIjoiUkRQMDJfSU5TMyIsIlJEUDAzX0lOU1RBTkNFIjoiUkRQMDNfSU5TMiIsIlJvbCI6IlBTIiwiaWF0IjoxNzUxOTU3Nzg2LCJleHAiOjE3NTE5NzU3ODZ9.svNaQrJuJIQzXorbrwxFBa3vda8NNFQdFiRPXAnyCcY
1 > Content-Type: application/json; charset=UTF-8
1 > Content-Length: 64
1 > Host: api01-siasis-dev.vercel.app
1 > Connection: Keep-Alive
1 > User-Agent: Apache-HttpClient/4.5.14 (Java/17.0.12)
1 > Accept-Encoding: gzip,deflate
{
  "Nombre_Usuario": "marisol_godoy_1537",
  "Contraseña": "15378317"
}


01:56:36.936 [pool-2-thread-3] DEBUG com.intuit.karate - response time in milliseconds: 419
1 < 201
1 < Cache-Control: public, max-age=0, must-revalidate
1 < Content-Length: 0
1 < Date: Tue, 08 Jul 2025 06:56:27 GMT
1 < Server: Vercel
1 < Set-Cookie: Nombres=Marisol%20Ceferina; Max-Age=18000; Path=/; HttpOnly; Secure; SameSite=Lax
1 < Set-Cookie: Apellidos=Godoy%20Villarubia; Max-Age=18000; Path=/; HttpOnly; Secure; SameSite=Lax
1 < Set-Cookie: Rol=PP; Max-Age=18000; Path=/; HttpOnly; Secure; SameSite=Lax
1 < Set-Cookie: token=eyJhbGciOiJIUzI1NiIsInR5cCI6IkpXVCJ9.eyJJRF9Vc3VhcmlvIjoiMTUzNzgzMTciLCJOb21icmVfVXN1YXJpbyI6Im1hcmlzb2xfZ29kb3lfMTUzNyIsIlJEUDAyX0lOU1RBTkNFIjoiUkRQMDJfSU5TMSIsIlJEUDAzX0lOU1RBTkNFIjoiUkRQMDNfSU5TNSIsIlJvbCI6IlBQIiwiaWF0IjoxNzUxOTU3Nzg2LCJleHAiOjE3NTE5NzU3ODZ9.DavZMXlp5JcZLujOEa9rmkXpz3K8pYO6zvU-ad9dcmE; Max-Age=18000; Path=/; HttpOnly; Secure; SameSite=Lax
1 < Set-Cookie: Genero=F; Max-Age=18000; Path=/; HttpOnly; Secure; SameSite=Lax
1 < Set-Cookie: Google_Drive_Foto_ID=1p8FC3py693IjnMTa4uINq5lVSb9P3LBc; Max-Age=18000; Path=/; HttpOnly; Secure; SameSite=Lax
1 < Strict-Transport-Security: max-age=63072000; includeSubDomains; preload
1 < Vary: RSC, Next-Router-State-Tree, Next-Router-Prefetch, Next-Router-Segment-Prefetch
1 < X-Matched-Path: /api/auth/login
1 < X-Vercel-Cache: MISS
1 < X-Vercel-Id: gru1::iad1::hxpww-1751957787314-c47e1f2ee88c


01:56:36.938 [pool-2-thread-3] DEBUG c.intuit.karate.core.ScenarioEngine - over-writing existing variable 'fechaHoraEsperadaISO' with new value: getAdjustedTime()
01:56:36.942 [pool-2-thread-3] DEBUG com.intuit.karate - request:
1 > POST https://siasis-dev.vercel.app/api/asistencia-hoy/marcar
1 > Cookie: Apellidos=Godoy%20Villarubia; Google_Drive_Foto_ID=1p8FC3py693IjnMTa4uINq5lVSb9P3LBc; Nombres=Marisol%20Ceferina; Genero=F; Rol=PP; token=eyJhbGciOiJIUzI1NiIsInR5cCI6IkpXVCJ9.eyJJRF9Vc3VhcmlvIjoiMTUzNzgzMTciLCJOb21icmVfVXN1YXJpbyI6Im1hcmlzb2xfZ29kb3lfMTUzNyIsIlJEUDAyX0lOU1RBTkNFIjoiUkRQMDJfSU5TMSIsIlJEUDAzX0lOU1RBTkNFIjoiUkRQMDNfSU5TNSIsIlJvbCI6IlBQIiwiaWF0IjoxNzUxOTU3Nzg2LCJleHAiOjE3NTE5NzU3ODZ9.DavZMXlp5JcZLujOEa9rmkXpz3K8pYO6zvU-ad9dcmE
1 > Content-Type: application/json; charset=UTF-8
1 > Content-Length: 70
1 > Host: siasis-dev.vercel.app
1 > Connection: Keep-Alive
1 > User-Agent: Apache-HttpClient/4.5.14 (Java/17.0.12)
1 > Accept-Encoding: gzip,deflate
{
  "ModoRegistro": "E",
  "FechaHoraEsperadaISO": "2025-07-08T05:56:36.938Z"
}


01:56:37.052 [pool-2-thread-5] DEBUG com.intuit.karate - response time in milliseconds: 556
1 < 200
1 < Access-Control-Allow-Origin: *
1 < Cache-Control: public, max-age=0, must-revalidate
1 < Content-Length: 505
1 < Content-Type: application/json; charset=utf-8
1 < Date: Tue, 08 Jul 2025 06:56:27 GMT
1 < Etag: W/"1f9-9FPXpPrH/81VrAQ+7bX4NWZjUig"
1 < Server: Vercel
1 < Strict-Transport-Security: max-age=63072000; includeSubDomains; preload
1 < X-Powered-By: Express
1 < X-Vercel-Cache: MISS
1 < X-Vercel-Id: gru1::iad1::4mjfc-1751957787298-1fd1bc630edc
{
  "success": true,
  "message": "Inicio de sesión exitoso",
  "data": {
    "Apellidos": "Centeno Diaz",
    "Nombres": "Jose",
    "Rol": "PA",
    "token": "eyJhbGciOiJIUzI1NiIsInR5cCI6IkpXVCJ9.eyJJRF9Vc3VhcmlvIjoiNDE4MDk5MTAiLCJOb21icmVfVXN1YXJpbyI6Impvc2VfY2VudGVub180MTgwIiwiUkRQMDJfSU5TVEFOQ0UiOiJSRFAwMl9JTlMzIiwiUkRQMDNfSU5TVEFOQ0UiOiJSRFAwM19JTlM0IiwiUm9sIjoiUEEiLCJpYXQiOjE3NTE5NTc3ODcsImV4cCI6MTc1MTk3NTc4N30.eTYtF2wdz4M-pr_YgELdbdBZDj7uAU82agejh1VBMwk",
    "Google_Drive_Foto_ID": "1Jv0B596JMyZMRO7MFcdXW0nN8AI7hFIe",
    "Genero": "M"
  }
}


01:56:37.055 [pool-2-thread-5] INFO  com.intuit.karate - [print] eyJhbGciOiJIUzI1NiIsInR5cCI6IkpXVCJ9.eyJJRF9Vc3VhcmlvIjoiNDE4MDk5MTAiLCJOb21icmVfVXN1YXJpbyI6Impvc2VfY2VudGVub180MTgwIiwiUkRQMDJfSU5TVEFOQ0UiOiJSRFAwMl9JTlMzIiwiUkRQMDNfSU5TVEFOQ0UiOiJSRFAwM19JTlM0IiwiUm9sIjoiUEEiLCJpYXQiOjE3NTE5NTc3ODcsImV4cCI6MTc1MTk3NTc4N30.eTYtF2wdz4M-pr_YgELdbdBZDj7uAU82agejh1VBMwk 
01:56:37.056 [pool-2-thread-5] INFO  com.intuit.karate - [print] PA 
01:56:37.058 [pool-2-thread-5] DEBUG com.intuit.karate - request:
1 > POST https://siasis-dev.vercel.app/api/auth/login
1 > Cookie: Apellidos=Godoy%20Villarubia; Google_Drive_Foto_ID=1p8FC3py693IjnMTa4uINq5lVSb9P3LBc; Nombres=Marisol%20Ceferina; Genero=F; Rol=PP; token=eyJhbGciOiJIUzI1NiIsInR5cCI6IkpXVCJ9.eyJJRF9Vc3VhcmlvIjoiMTUzNzgzMTciLCJOb21icmVfVXN1YXJpbyI6Im1hcmlzb2xfZ29kb3lfMTUzNyIsIlJEUDAyX0lOU1RBTkNFIjoiUkRQMDJfSU5TMSIsIlJEUDAzX0lOU1RBTkNFIjoiUkRQMDNfSU5TMyIsIlJvbCI6IlBQIiwiaWF0IjoxNzUxOTU3Nzg1LCJleHAiOjE3NTE5NzU3ODV9.qBMozTBi8Sxcym7WPebR-de8vaI_F_G4k9NdohDw74s
1 > Content-Type: application/json; charset=UTF-8
1 > Content-Length: 443
1 > Host: siasis-dev.vercel.app
1 > Connection: Keep-Alive
1 > User-Agent: Apache-HttpClient/4.5.14 (Java/17.0.12)
1 > Accept-Encoding: gzip,deflate
{
  "Nombres": "Jose",
  "Apellidos": "Centeno Diaz",
  "token": "eyJhbGciOiJIUzI1NiIsInR5cCI6IkpXVCJ9.eyJJRF9Vc3VhcmlvIjoiNDE4MDk5MTAiLCJOb21icmVfVXN1YXJpbyI6Impvc2VfY2VudGVub180MTgwIiwiUkRQMDJfSU5TVEFOQ0UiOiJSRFAwMl9JTlMzIiwiUkRQMDNfSU5TVEFOQ0UiOiJSRFAwM19JTlM0IiwiUm9sIjoiUEEiLCJpYXQiOjE3NTE5NTc3ODcsImV4cCI6MTc1MTk3NTc4N30.eTYtF2wdz4M-pr_YgELdbdBZDj7uAU82agejh1VBMwk",
  "Genero": "M",
  "Google_Drive_Foto_ID": "1Jv0B596JMyZMRO7MFcdXW0nN8AI7hFIe",
  "Rol": "PA"
}


01:56:37.175 [pool-2-thread-2] DEBUG com.intuit.karate - response time in milliseconds: 521
1 < 200
1 < Access-Control-Allow-Origin: *
1 < Cache-Control: public, max-age=0, must-revalidate
1 < Content-Length: 522
1 < Content-Type: application/json; charset=utf-8
1 < Date: Tue, 08 Jul 2025 06:56:27 GMT
1 < Etag: W/"20a-4ByWkMDko4ejg0WQfBjXTjwcq2w"
1 < Server: Vercel
1 < Strict-Transport-Security: max-age=63072000; includeSubDomains; preload
1 < X-Powered-By: Express
1 < X-Vercel-Cache: MISS
1 < X-Vercel-Id: gru1::iad1::4mjfc-1751957787454-9af7e0e1c947
{
  "success": true,
  "message": "Inicio de sesión exitoso",
  "data": {
    "Apellidos": "Godoy Villarubia",
    "Nombres": "Marisol Ceferina",
    "Rol": "PP",
    "token": "eyJhbGciOiJIUzI1NiIsInR5cCI6IkpXVCJ9.eyJJRF9Vc3VhcmlvIjoiMTUzNzgzMTciLCJOb21icmVfVXN1YXJpbyI6Im1hcmlzb2xfZ29kb3lfMTUzNyIsIlJEUDAyX0lOU1RBTkNFIjoiUkRQMDJfSU5TMyIsIlJEUDAzX0lOU1RBTkNFIjoiUkRQMDNfSU5TMiIsIlJvbCI6IlBQIiwiaWF0IjoxNzUxOTU3Nzg3LCJleHAiOjE3NTE5NzU3ODd9.KwIz3cYr_bReNtb36BVNMdg-VMO9YRmaAE76QsdsYJI",
    "Google_Drive_Foto_ID": "1p8FC3py693IjnMTa4uINq5lVSb9P3LBc",
    "Genero": "F"
  }
}


01:56:37.179 [pool-2-thread-2] INFO  com.intuit.karate - [print] eyJhbGciOiJIUzI1NiIsInR5cCI6IkpXVCJ9.eyJJRF9Vc3VhcmlvIjoiMTUzNzgzMTciLCJOb21icmVfVXN1YXJpbyI6Im1hcmlzb2xfZ29kb3lfMTUzNyIsIlJEUDAyX0lOU1RBTkNFIjoiUkRQMDJfSU5TMyIsIlJEUDAzX0lOU1RBTkNFIjoiUkRQMDNfSU5TMiIsIlJvbCI6IlBQIiwiaWF0IjoxNzUxOTU3Nzg3LCJleHAiOjE3NTE5NzU3ODd9.KwIz3cYr_bReNtb36BVNMdg-VMO9YRmaAE76QsdsYJI 
01:56:37.179 [pool-2-thread-2] INFO  com.intuit.karate - [print] PP 
01:56:37.183 [pool-2-thread-2] DEBUG com.intuit.karate - request:
1 > POST https://siasis-dev.vercel.app/api/auth/login
1 > Cookie: Apellidos=Apolinario%20Quispe; Google_Drive_Foto_ID=1zGZuWnkBA59hSHlTgGVXrduC8eBgrKi1; Nombres=David%20Julian; Genero=M; Rol=PS; token=eyJhbGciOiJIUzI1NiIsInR5cCI6IkpXVCJ9.eyJJRF9Vc3VhcmlvIjoiMTUzNzEwMjgiLCJOb21icmVfVXN1YXJpbyI6ImRhdmlkX2Fwb2xpbmFyaW9fMTUzNyIsIlJEUDAyX0lOU1RBTkNFIjoiUkRQMDJfSU5TMiIsIlJEUDAzX0lOU1RBTkNFIjoiUkRQMDNfSU5TNCIsIlJvbCI6IlBTIiwiaWF0IjoxNzUxOTU3Nzg2LCJleHAiOjE3NTE5NzU3ODZ9.JW85n-louBPeP6cbLZxh7dTbxrMV1J87rVNYgR6aJqg
1 > Content-Type: application/json; charset=UTF-8
1 > Content-Length: 460
1 > Host: siasis-dev.vercel.app
1 > Connection: Keep-Alive
1 > User-Agent: Apache-HttpClient/4.5.14 (Java/17.0.12)
1 > Accept-Encoding: gzip,deflate
{
  "Nombres": "Marisol Ceferina",
  "Apellidos": "Godoy Villarubia",
  "token": "eyJhbGciOiJIUzI1NiIsInR5cCI6IkpXVCJ9.eyJJRF9Vc3VhcmlvIjoiMTUzNzgzMTciLCJOb21icmVfVXN1YXJpbyI6Im1hcmlzb2xfZ29kb3lfMTUzNyIsIlJEUDAyX0lOU1RBTkNFIjoiUkRQMDJfSU5TMyIsIlJEUDAzX0lOU1RBTkNFIjoiUkRQMDNfSU5TMiIsIlJvbCI6IlBQIiwiaWF0IjoxNzUxOTU3Nzg3LCJleHAiOjE3NTE5NzU3ODd9.KwIz3cYr_bReNtb36BVNMdg-VMO9YRmaAE76QsdsYJI",
  "Genero": "F",
  "Google_Drive_Foto_ID": "1p8FC3py693IjnMTa4uINq5lVSb9P3LBc",
  "Rol": "PP"
}


01:56:37.183 [pool-2-thread-1] DEBUG com.intuit.karate - response time in milliseconds: 604
1 < 200
1 < Cache-Control: public, max-age=0, must-revalidate
1 < Content-Type: application/json
1 < Date: Tue, 08 Jul 2025 06:56:27 GMT
1 < Server: Vercel
1 < Strict-Transport-Security: max-age=63072000; includeSubDomains; preload
1 < Vary: RSC, Next-Router-State-Tree, Next-Router-Prefetch, Next-Router-Segment-Prefetch
1 < X-Matched-Path: /api/asistencia-hoy/marcar
1 < X-Vercel-Cache: MISS
1 < X-Vercel-Id: gru1::iad1::cq8gr-1751957787379-bcf823a7ebd8
1 < Transfer-Encoding: chunked
{
  "success": true,
  "message": "La asistencia ya había sido registrada anteriormente",
  "data": {
    "timestamp": 1751957787514,
    "desfaseSegundos": 3590,
    "esNuevoRegistro": false,
    "esRegistroPropio": false,
    "actorRegistrado": "PP",
    "tipoAsistencia": "personal"
  }
}


01:56:37.188 [pool-2-thread-1] DEBUG c.intuit.karate.core.ScenarioEngine - over-writing existing variable 'loginFeature' with new value: 'classpath:resources/features/login/PersonalAdmin.feature'
01:56:37.196 [pool-2-thread-1] DEBUG c.intuit.karate.core.ScenarioEngine - over-writing existing variable 'loginResponse' with new value: call read(loginFeature)
01:56:37.205 [pool-2-thread-1] DEBUG com.intuit.karate - request:
1 > POST https://api01-siasis-dev.vercel.app/api/login/personal-administrativo
1 > Cookie: Apellidos=Godoy%20Villarubia; Google_Drive_Foto_ID=1p8FC3py693IjnMTa4uINq5lVSb9P3LBc; Nombres=Marisol%20Ceferina; Genero=F; Rol=PP; token=eyJhbGciOiJIUzI1NiIsInR5cCI6IkpXVCJ9.eyJJRF9Vc3VhcmlvIjoiMTUzNzgzMTciLCJOb21icmVfVXN1YXJpbyI6Im1hcmlzb2xfZ29kb3lfMTUzNyIsIlJEUDAyX0lOU1RBTkNFIjoiUkRQMDJfSU5TMSIsIlJEUDAzX0lOU1RBTkNFIjoiUkRQMDNfSU5TMSIsIlJvbCI6IlBQIiwiaWF0IjoxNzUxOTU3Nzg2LCJleHAiOjE3NTE5NzU3ODZ9.NQztMHr3PqGp8_eqjq9N_MrAHVbFb7W9BNq0kdYftac
1 > Content-Type: application/json; charset=UTF-8
1 > Content-Length: 63
1 > Host: api01-siasis-dev.vercel.app
1 > Connection: Keep-Alive
1 > User-Agent: Apache-HttpClient/4.5.14 (Java/17.0.12)
1 > Accept-Encoding: gzip,deflate
{
  "Nombre_Usuario": "jose_centeno_4180",
  "Contraseña": "41809910"
}


01:56:37.390 [pool-2-thread-4] DEBUG com.intuit.karate - response time in milliseconds: 532
1 < 200
1 < Access-Control-Allow-Origin: *
1 < Cache-Control: public, max-age=0, must-revalidate
1 < Content-Length: 522
1 < Content-Type: application/json; charset=utf-8
1 < Date: Tue, 08 Jul 2025 06:56:27 GMT
1 < Etag: W/"20a-LHtnjU6iBi56Mn8DJjsVlamXi/Q"
1 < Server: Vercel
1 < Strict-Transport-Security: max-age=63072000; includeSubDomains; preload
1 < X-Powered-By: Express
1 < X-Vercel-Cache: MISS
1 < X-Vercel-Id: gru1::iad1::lw4h4-1751957787656-12b43afdb6aa
{
  "success": true,
  "message": "Inicio de sesión exitoso",
  "data": {
    "Apellidos": "Godoy Villarubia",
    "Nombres": "Marisol Ceferina",
    "Rol": "PP",
    "token": "eyJhbGciOiJIUzI1NiIsInR5cCI6IkpXVCJ9.eyJJRF9Vc3VhcmlvIjoiMTUzNzgzMTciLCJOb21icmVfVXN1YXJpbyI6Im1hcmlzb2xfZ29kb3lfMTUzNyIsIlJEUDAyX0lOU1RBTkNFIjoiUkRQMDJfSU5TMSIsIlJEUDAzX0lOU1RBTkNFIjoiUkRQMDNfSU5TMyIsIlJvbCI6IlBQIiwiaWF0IjoxNzUxOTU3Nzg3LCJleHAiOjE3NTE5NzU3ODd9.NCPcjGmw92dXAXP-bTaab2nCbVT_WD9cNMy1sdXNux0",
    "Google_Drive_Foto_ID": "1p8FC3py693IjnMTa4uINq5lVSb9P3LBc",
    "Genero": "F"
  }
}


01:56:37.393 [pool-2-thread-4] INFO  com.intuit.karate - [print] eyJhbGciOiJIUzI1NiIsInR5cCI6IkpXVCJ9.eyJJRF9Vc3VhcmlvIjoiMTUzNzgzMTciLCJOb21icmVfVXN1YXJpbyI6Im1hcmlzb2xfZ29kb3lfMTUzNyIsIlJEUDAyX0lOU1RBTkNFIjoiUkRQMDJfSU5TMSIsIlJEUDAzX0lOU1RBTkNFIjoiUkRQMDNfSU5TMyIsIlJvbCI6IlBQIiwiaWF0IjoxNzUxOTU3Nzg3LCJleHAiOjE3NTE5NzU3ODd9.NCPcjGmw92dXAXP-bTaab2nCbVT_WD9cNMy1sdXNux0 
01:56:37.393 [pool-2-thread-4] INFO  com.intuit.karate - [print] PP 
01:56:37.395 [pool-2-thread-4] DEBUG com.intuit.karate - request:
1 > POST https://siasis-dev.vercel.app/api/auth/login
1 > Cookie: Apellidos=Apolinario%20Quispe; Google_Drive_Foto_ID=1zGZuWnkBA59hSHlTgGVXrduC8eBgrKi1; Nombres=David%20Julian; Genero=M; Rol=PS; token=eyJhbGciOiJIUzI1NiIsInR5cCI6IkpXVCJ9.eyJJRF9Vc3VhcmlvIjoiMTUzNzEwMjgiLCJOb21icmVfVXN1YXJpbyI6ImRhdmlkX2Fwb2xpbmFyaW9fMTUzNyIsIlJEUDAyX0lOU1RBTkNFIjoiUkRQMDJfSU5TMyIsIlJEUDAzX0lOU1RBTkNFIjoiUkRQMDNfSU5TMiIsIlJvbCI6IlBTIiwiaWF0IjoxNzUxOTU3Nzg2LCJleHAiOjE3NTE5NzU3ODZ9.svNaQrJuJIQzXorbrwxFBa3vda8NNFQdFiRPXAnyCcY
1 > Content-Type: application/json; charset=UTF-8
1 > Content-Length: 460
1 > Host: siasis-dev.vercel.app
1 > Connection: Keep-Alive
1 > User-Agent: Apache-HttpClient/4.5.14 (Java/17.0.12)
1 > Accept-Encoding: gzip,deflate
{
  "Nombres": "Marisol Ceferina",
  "Apellidos": "Godoy Villarubia",
  "token": "eyJhbGciOiJIUzI1NiIsInR5cCI6IkpXVCJ9.eyJJRF9Vc3VhcmlvIjoiMTUzNzgzMTciLCJOb21icmVfVXN1YXJpbyI6Im1hcmlzb2xfZ29kb3lfMTUzNyIsIlJEUDAyX0lOU1RBTkNFIjoiUkRQMDJfSU5TMSIsIlJEUDAzX0lOU1RBTkNFIjoiUkRQMDNfSU5TMyIsIlJvbCI6IlBQIiwiaWF0IjoxNzUxOTU3Nzg3LCJleHAiOjE3NTE5NzU3ODd9.NCPcjGmw92dXAXP-bTaab2nCbVT_WD9cNMy1sdXNux0",
  "Genero": "F",
  "Google_Drive_Foto_ID": "1p8FC3py693IjnMTa4uINq5lVSb9P3LBc",
  "Rol": "PP"
}


01:56:37.475 [pool-2-thread-5] DEBUG com.intuit.karate - response time in milliseconds: 416
1 < 201
1 < Cache-Control: public, max-age=0, must-revalidate
1 < Content-Length: 0
1 < Date: Tue, 08 Jul 2025 06:56:27 GMT
1 < Server: Vercel
1 < Set-Cookie: Nombres=Jose; Max-Age=18000; Path=/; HttpOnly; Secure; SameSite=Lax
1 < Set-Cookie: Apellidos=Centeno%20Diaz; Max-Age=18000; Path=/; HttpOnly; Secure; SameSite=Lax
1 < Set-Cookie: Rol=PA; Max-Age=18000; Path=/; HttpOnly; Secure; SameSite=Lax
1 < Set-Cookie: token=eyJhbGciOiJIUzI1NiIsInR5cCI6IkpXVCJ9.eyJJRF9Vc3VhcmlvIjoiNDE4MDk5MTAiLCJOb21icmVfVXN1YXJpbyI6Impvc2VfY2VudGVub180MTgwIiwiUkRQMDJfSU5TVEFOQ0UiOiJSRFAwMl9JTlMzIiwiUkRQMDNfSU5TVEFOQ0UiOiJSRFAwM19JTlM0IiwiUm9sIjoiUEEiLCJpYXQiOjE3NTE5NTc3ODcsImV4cCI6MTc1MTk3NTc4N30.eTYtF2wdz4M-pr_YgELdbdBZDj7uAU82agejh1VBMwk; Max-Age=18000; Path=/; HttpOnly; Secure; SameSite=Lax
1 < Set-Cookie: Genero=M; Max-Age=18000; Path=/; HttpOnly; Secure; SameSite=Lax
1 < Set-Cookie: Google_Drive_Foto_ID=1Jv0B596JMyZMRO7MFcdXW0nN8AI7hFIe; Max-Age=18000; Path=/; HttpOnly; Secure; SameSite=Lax
1 < Strict-Transport-Security: max-age=63072000; includeSubDomains; preload
1 < Vary: RSC, Next-Router-State-Tree, Next-Router-Prefetch, Next-Router-Segment-Prefetch
1 < X-Matched-Path: /api/auth/login
1 < X-Vercel-Cache: MISS
1 < X-Vercel-Id: gru1::iad1::9l8f7-1751957787859-ef18ad4f03f5


01:56:37.476 [pool-2-thread-5] DEBUG c.intuit.karate.core.ScenarioEngine - over-writing existing variable 'fechaHoraEsperadaISO' with new value: getAdjustedTime()
01:56:37.480 [pool-2-thread-5] DEBUG com.intuit.karate - request:
1 > POST https://siasis-dev.vercel.app/api/asistencia-hoy/marcar
1 > Cookie: Apellidos=Centeno%20Diaz; Google_Drive_Foto_ID=1Jv0B596JMyZMRO7MFcdXW0nN8AI7hFIe; Nombres=Jose; Genero=M; Rol=PA; token=eyJhbGciOiJIUzI1NiIsInR5cCI6IkpXVCJ9.eyJJRF9Vc3VhcmlvIjoiNDE4MDk5MTAiLCJOb21icmVfVXN1YXJpbyI6Impvc2VfY2VudGVub180MTgwIiwiUkRQMDJfSU5TVEFOQ0UiOiJSRFAwMl9JTlMzIiwiUkRQMDNfSU5TVEFOQ0UiOiJSRFAwM19JTlM0IiwiUm9sIjoiUEEiLCJpYXQiOjE3NTE5NTc3ODcsImV4cCI6MTc1MTk3NTc4N30.eTYtF2wdz4M-pr_YgELdbdBZDj7uAU82agejh1VBMwk
1 > Content-Type: application/json; charset=UTF-8
1 > Content-Length: 70
1 > Host: siasis-dev.vercel.app
1 > Connection: Keep-Alive
1 > User-Agent: Apache-HttpClient/4.5.14 (Java/17.0.12)
1 > Accept-Encoding: gzip,deflate
{
  "ModoRegistro": "E",
  "FechaHoraEsperadaISO": "2025-07-08T05:56:37.477Z"
}


01:56:37.526 [pool-2-thread-3] DEBUG com.intuit.karate - response time in milliseconds: 583
1 < 200
1 < Cache-Control: public, max-age=0, must-revalidate
1 < Content-Type: application/json
1 < Date: Tue, 08 Jul 2025 06:56:27 GMT
1 < Server: Vercel
1 < Strict-Transport-Security: max-age=63072000; includeSubDomains; preload
1 < Vary: RSC, Next-Router-State-Tree, Next-Router-Prefetch, Next-Router-Segment-Prefetch
1 < X-Matched-Path: /api/asistencia-hoy/marcar
1 < X-Vercel-Cache: MISS
1 < X-Vercel-Id: gru1::iad1::knbp6-1751957787741-ff308793a820
1 < Transfer-Encoding: chunked
{
  "success": true,
  "message": "La asistencia ya había sido registrada anteriormente",
  "data": {
    "timestamp": 1751957787861,
    "desfaseSegundos": 3590,
    "esNuevoRegistro": false,
    "esRegistroPropio": false,
    "actorRegistrado": "PP",
    "tipoAsistencia": "personal"
  }
}


01:56:37.532 [pool-2-thread-3] DEBUG c.intuit.karate.core.ScenarioEngine - over-writing existing variable 'loginFeature' with new value: 'classpath:resources/features/login/PersonalAdmin.feature'
01:56:37.541 [pool-2-thread-3] DEBUG c.intuit.karate.core.ScenarioEngine - over-writing existing variable 'loginResponse' with new value: call read(loginFeature)
01:56:37.549 [pool-2-thread-3] DEBUG com.intuit.karate - request:
1 > POST https://api01-siasis-dev.vercel.app/api/login/personal-administrativo
1 > Cookie: Apellidos=Godoy%20Villarubia; Google_Drive_Foto_ID=1p8FC3py693IjnMTa4uINq5lVSb9P3LBc; Nombres=Marisol%20Ceferina; Genero=F; Rol=PP; token=eyJhbGciOiJIUzI1NiIsInR5cCI6IkpXVCJ9.eyJJRF9Vc3VhcmlvIjoiMTUzNzgzMTciLCJOb21icmVfVXN1YXJpbyI6Im1hcmlzb2xfZ29kb3lfMTUzNyIsIlJEUDAyX0lOU1RBTkNFIjoiUkRQMDJfSU5TMSIsIlJEUDAzX0lOU1RBTkNFIjoiUkRQMDNfSU5TNSIsIlJvbCI6IlBQIiwiaWF0IjoxNzUxOTU3Nzg2LCJleHAiOjE3NTE5NzU3ODZ9.DavZMXlp5JcZLujOEa9rmkXpz3K8pYO6zvU-ad9dcmE
1 > Content-Type: application/json; charset=UTF-8
1 > Content-Length: 63
1 > Host: api01-siasis-dev.vercel.app
1 > Connection: Keep-Alive
1 > User-Agent: Apache-HttpClient/4.5.14 (Java/17.0.12)
1 > Accept-Encoding: gzip,deflate
{
  "Nombre_Usuario": "jose_centeno_4180",
  "Contraseña": "41809910"
}


01:56:37.609 [pool-2-thread-2] DEBUG com.intuit.karate - response time in milliseconds: 425
1 < 201
1 < Cache-Control: public, max-age=0, must-revalidate
1 < Content-Length: 0
1 < Date: Tue, 08 Jul 2025 06:56:28 GMT
1 < Server: Vercel
1 < Set-Cookie: Nombres=Marisol%20Ceferina; Max-Age=18000; Path=/; HttpOnly; Secure; SameSite=Lax
1 < Set-Cookie: Apellidos=Godoy%20Villarubia; Max-Age=18000; Path=/; HttpOnly; Secure; SameSite=Lax
1 < Set-Cookie: Rol=PP; Max-Age=18000; Path=/; HttpOnly; Secure; SameSite=Lax
1 < Set-Cookie: token=eyJhbGciOiJIUzI1NiIsInR5cCI6IkpXVCJ9.eyJJRF9Vc3VhcmlvIjoiMTUzNzgzMTciLCJOb21icmVfVXN1YXJpbyI6Im1hcmlzb2xfZ29kb3lfMTUzNyIsIlJEUDAyX0lOU1RBTkNFIjoiUkRQMDJfSU5TMyIsIlJEUDAzX0lOU1RBTkNFIjoiUkRQMDNfSU5TMiIsIlJvbCI6IlBQIiwiaWF0IjoxNzUxOTU3Nzg3LCJleHAiOjE3NTE5NzU3ODd9.KwIz3cYr_bReNtb36BVNMdg-VMO9YRmaAE76QsdsYJI; Max-Age=18000; Path=/; HttpOnly; Secure; SameSite=Lax
1 < Set-Cookie: Genero=F; Max-Age=18000; Path=/; HttpOnly; Secure; SameSite=Lax
1 < Set-Cookie: Google_Drive_Foto_ID=1p8FC3py693IjnMTa4uINq5lVSb9P3LBc; Max-Age=18000; Path=/; HttpOnly; Secure; SameSite=Lax
1 < Strict-Transport-Security: max-age=63072000; includeSubDomains; preload
1 < Vary: RSC, Next-Router-State-Tree, Next-Router-Prefetch, Next-Router-Segment-Prefetch
1 < X-Matched-Path: /api/auth/login
1 < X-Vercel-Cache: MISS
1 < X-Vercel-Id: gru1::iad1::2cxpp-1751957787984-64b09b85abc2


01:56:37.611 [pool-2-thread-2] DEBUG c.intuit.karate.core.ScenarioEngine - over-writing existing variable 'fechaHoraEsperadaISO' with new value: getAdjustedTime()
01:56:37.614 [pool-2-thread-2] DEBUG com.intuit.karate - request:
1 > POST https://siasis-dev.vercel.app/api/asistencia-hoy/marcar
1 > Cookie: Apellidos=Godoy%20Villarubia; Google_Drive_Foto_ID=1p8FC3py693IjnMTa4uINq5lVSb9P3LBc; Nombres=Marisol%20Ceferina; Genero=F; Rol=PP; token=eyJhbGciOiJIUzI1NiIsInR5cCI6IkpXVCJ9.eyJJRF9Vc3VhcmlvIjoiMTUzNzgzMTciLCJOb21icmVfVXN1YXJpbyI6Im1hcmlzb2xfZ29kb3lfMTUzNyIsIlJEUDAyX0lOU1RBTkNFIjoiUkRQMDJfSU5TMyIsIlJEUDAzX0lOU1RBTkNFIjoiUkRQMDNfSU5TMiIsIlJvbCI6IlBQIiwiaWF0IjoxNzUxOTU3Nzg3LCJleHAiOjE3NTE5NzU3ODd9.KwIz3cYr_bReNtb36BVNMdg-VMO9YRmaAE76QsdsYJI
1 > Content-Type: application/json; charset=UTF-8
1 > Content-Length: 70
1 > Host: siasis-dev.vercel.app
1 > Connection: Keep-Alive
1 > User-Agent: Apache-HttpClient/4.5.14 (Java/17.0.12)
1 > Accept-Encoding: gzip,deflate
{
  "ModoRegistro": "E",
  "FechaHoraEsperadaISO": "2025-07-08T05:56:37.611Z"
}


01:56:37.742 [pool-2-thread-1] DEBUG com.intuit.karate - response time in milliseconds: 534
1 < 200
1 < Access-Control-Allow-Origin: *
1 < Cache-Control: public, max-age=0, must-revalidate
1 < Content-Length: 505
1 < Content-Type: application/json; charset=utf-8
1 < Date: Tue, 08 Jul 2025 06:56:28 GMT
1 < Etag: W/"1f9-1PaUglyGOQlnR/YwfyF6FcmDm6o"
1 < Server: Vercel
1 < Strict-Transport-Security: max-age=63072000; includeSubDomains; preload
1 < X-Powered-By: Express
1 < X-Vercel-Cache: MISS
1 < X-Vercel-Id: gru1::iad1::lrpdm-1751957788004-f4898a052c72
{
  "success": true,
  "message": "Inicio de sesión exitoso",
  "data": {
    "Apellidos": "Centeno Diaz",
    "Nombres": "Jose",
    "Rol": "PA",
    "token": "eyJhbGciOiJIUzI1NiIsInR5cCI6IkpXVCJ9.eyJJRF9Vc3VhcmlvIjoiNDE4MDk5MTAiLCJOb21icmVfVXN1YXJpbyI6Impvc2VfY2VudGVub180MTgwIiwiUkRQMDJfSU5TVEFOQ0UiOiJSRFAwMl9JTlMyIiwiUkRQMDNfSU5TVEFOQ0UiOiJSRFAwM19JTlM1IiwiUm9sIjoiUEEiLCJpYXQiOjE3NTE5NTc3ODgsImV4cCI6MTc1MTk3NTc4OH0.oF8HPmIgVgdUA9JGrnvw0V32Nr12PWhGY8ppLDsyO_I",
    "Google_Drive_Foto_ID": "1Jv0B596JMyZMRO7MFcdXW0nN8AI7hFIe",
    "Genero": "M"
  }
}


01:56:37.744 [pool-2-thread-1] INFO  com.intuit.karate - [print] eyJhbGciOiJIUzI1NiIsInR5cCI6IkpXVCJ9.eyJJRF9Vc3VhcmlvIjoiNDE4MDk5MTAiLCJOb21icmVfVXN1YXJpbyI6Impvc2VfY2VudGVub180MTgwIiwiUkRQMDJfSU5TVEFOQ0UiOiJSRFAwMl9JTlMyIiwiUkRQMDNfSU5TVEFOQ0UiOiJSRFAwM19JTlM1IiwiUm9sIjoiUEEiLCJpYXQiOjE3NTE5NTc3ODgsImV4cCI6MTc1MTk3NTc4OH0.oF8HPmIgVgdUA9JGrnvw0V32Nr12PWhGY8ppLDsyO_I 
01:56:37.744 [pool-2-thread-1] INFO  com.intuit.karate - [print] PA 
01:56:37.746 [pool-2-thread-1] DEBUG com.intuit.karate - request:
1 > POST https://siasis-dev.vercel.app/api/auth/login
1 > Cookie: Apellidos=Godoy%20Villarubia; Google_Drive_Foto_ID=1p8FC3py693IjnMTa4uINq5lVSb9P3LBc; Nombres=Marisol%20Ceferina; Genero=F; Rol=PP; token=eyJhbGciOiJIUzI1NiIsInR5cCI6IkpXVCJ9.eyJJRF9Vc3VhcmlvIjoiMTUzNzgzMTciLCJOb21icmVfVXN1YXJpbyI6Im1hcmlzb2xfZ29kb3lfMTUzNyIsIlJEUDAyX0lOU1RBTkNFIjoiUkRQMDJfSU5TMSIsIlJEUDAzX0lOU1RBTkNFIjoiUkRQMDNfSU5TMSIsIlJvbCI6IlBQIiwiaWF0IjoxNzUxOTU3Nzg2LCJleHAiOjE3NTE5NzU3ODZ9.NQztMHr3PqGp8_eqjq9N_MrAHVbFb7W9BNq0kdYftac
1 > Content-Type: application/json; charset=UTF-8
1 > Content-Length: 443
1 > Host: siasis-dev.vercel.app
1 > Connection: Keep-Alive
1 > User-Agent: Apache-HttpClient/4.5.14 (Java/17.0.12)
1 > Accept-Encoding: gzip,deflate
{
  "Nombres": "Jose",
  "Apellidos": "Centeno Diaz",
  "token": "eyJhbGciOiJIUzI1NiIsInR5cCI6IkpXVCJ9.eyJJRF9Vc3VhcmlvIjoiNDE4MDk5MTAiLCJOb21icmVfVXN1YXJpbyI6Impvc2VfY2VudGVub180MTgwIiwiUkRQMDJfSU5TVEFOQ0UiOiJSRFAwMl9JTlMyIiwiUkRQMDNfSU5TVEFOQ0UiOiJSRFAwM19JTlM1IiwiUm9sIjoiUEEiLCJpYXQiOjE3NTE5NTc3ODgsImV4cCI6MTc1MTk3NTc4OH0.oF8HPmIgVgdUA9JGrnvw0V32Nr12PWhGY8ppLDsyO_I",
  "Genero": "M",
  "Google_Drive_Foto_ID": "1Jv0B596JMyZMRO7MFcdXW0nN8AI7hFIe",
  "Rol": "PA"
}


01:56:37.814 [pool-2-thread-4] DEBUG com.intuit.karate - response time in milliseconds: 417
1 < 201
1 < Cache-Control: public, max-age=0, must-revalidate
1 < Content-Length: 0
1 < Date: Tue, 08 Jul 2025 06:56:28 GMT
1 < Server: Vercel
1 < Set-Cookie: Nombres=Marisol%20Ceferina; Max-Age=18000; Path=/; HttpOnly; Secure; SameSite=Lax
1 < Set-Cookie: Apellidos=Godoy%20Villarubia; Max-Age=18000; Path=/; HttpOnly; Secure; SameSite=Lax
1 < Set-Cookie: Rol=PP; Max-Age=18000; Path=/; HttpOnly; Secure; SameSite=Lax
1 < Set-Cookie: token=eyJhbGciOiJIUzI1NiIsInR5cCI6IkpXVCJ9.eyJJRF9Vc3VhcmlvIjoiMTUzNzgzMTciLCJOb21icmVfVXN1YXJpbyI6Im1hcmlzb2xfZ29kb3lfMTUzNyIsIlJEUDAyX0lOU1RBTkNFIjoiUkRQMDJfSU5TMSIsIlJEUDAzX0lOU1RBTkNFIjoiUkRQMDNfSU5TMyIsIlJvbCI6IlBQIiwiaWF0IjoxNzUxOTU3Nzg3LCJleHAiOjE3NTE5NzU3ODd9.NCPcjGmw92dXAXP-bTaab2nCbVT_WD9cNMy1sdXNux0; Max-Age=18000; Path=/; HttpOnly; Secure; SameSite=Lax
1 < Set-Cookie: Genero=F; Max-Age=18000; Path=/; HttpOnly; Secure; SameSite=Lax
1 < Set-Cookie: Google_Drive_Foto_ID=1p8FC3py693IjnMTa4uINq5lVSb9P3LBc; Max-Age=18000; Path=/; HttpOnly; Secure; SameSite=Lax
1 < Strict-Transport-Security: max-age=63072000; includeSubDomains; preload
1 < Vary: RSC, Next-Router-State-Tree, Next-Router-Prefetch, Next-Router-Segment-Prefetch
1 < X-Matched-Path: /api/auth/login
1 < X-Vercel-Cache: MISS
1 < X-Vercel-Id: gru1::iad1::cq8gr-1751957788195-ecf95df7bb31


01:56:37.815 [pool-2-thread-4] DEBUG c.intuit.karate.core.ScenarioEngine - over-writing existing variable 'fechaHoraEsperadaISO' with new value: getAdjustedTime()
01:56:37.818 [pool-2-thread-4] DEBUG com.intuit.karate - request:
1 > POST https://siasis-dev.vercel.app/api/asistencia-hoy/marcar
1 > Cookie: Apellidos=Godoy%20Villarubia; Google_Drive_Foto_ID=1p8FC3py693IjnMTa4uINq5lVSb9P3LBc; Nombres=Marisol%20Ceferina; Genero=F; Rol=PP; token=eyJhbGciOiJIUzI1NiIsInR5cCI6IkpXVCJ9.eyJJRF9Vc3VhcmlvIjoiMTUzNzgzMTciLCJOb21icmVfVXN1YXJpbyI6Im1hcmlzb2xfZ29kb3lfMTUzNyIsIlJEUDAyX0lOU1RBTkNFIjoiUkRQMDJfSU5TMSIsIlJEUDAzX0lOU1RBTkNFIjoiUkRQMDNfSU5TMyIsIlJvbCI6IlBQIiwiaWF0IjoxNzUxOTU3Nzg3LCJleHAiOjE3NTE5NzU3ODd9.NCPcjGmw92dXAXP-bTaab2nCbVT_WD9cNMy1sdXNux0
1 > Content-Type: application/json; charset=UTF-8
1 > Content-Length: 70
1 > Host: siasis-dev.vercel.app
1 > Connection: Keep-Alive
1 > User-Agent: Apache-HttpClient/4.5.14 (Java/17.0.12)
1 > Accept-Encoding: gzip,deflate
{
  "ModoRegistro": "E",
  "FechaHoraEsperadaISO": "2025-07-08T05:56:37.815Z"
}


01:56:38.083 [pool-2-thread-3] DEBUG com.intuit.karate - response time in milliseconds: 533
1 < 200
1 < Access-Control-Allow-Origin: *
1 < Cache-Control: public, max-age=0, must-revalidate
1 < Content-Length: 505
1 < Content-Type: application/json; charset=utf-8
1 < Date: Tue, 08 Jul 2025 06:56:28 GMT
1 < Etag: W/"1f9-vx4dOYnUnegSkXQcDUiZoxrom4k"
1 < Server: Vercel
1 < Strict-Transport-Security: max-age=63072000; includeSubDomains; preload
1 < X-Powered-By: Express
1 < X-Vercel-Cache: MISS
1 < X-Vercel-Id: gru1::iad1::zpjsk-1751957788347-be02130c567e
{
  "success": true,
  "message": "Inicio de sesión exitoso",
  "data": {
    "Apellidos": "Centeno Diaz",
    "Nombres": "Jose",
    "Rol": "PA",
    "token": "eyJhbGciOiJIUzI1NiIsInR5cCI6IkpXVCJ9.eyJJRF9Vc3VhcmlvIjoiNDE4MDk5MTAiLCJOb21icmVfVXN1YXJpbyI6Impvc2VfY2VudGVub180MTgwIiwiUkRQMDJfSU5TVEFOQ0UiOiJSRFAwMl9JTlMyIiwiUkRQMDNfSU5TVEFOQ0UiOiJSRFAwM19JTlM0IiwiUm9sIjoiUEEiLCJpYXQiOjE3NTE5NTc3ODgsImV4cCI6MTc1MTk3NTc4OH0.m-JEfYy9aeLgVzvLkmBM0WpczznLoRRxb-JovjziLWo",
    "Google_Drive_Foto_ID": "1sU6Vjh0xUDJ3oT2Za_t41Q1QqUte2bHy",
    "Genero": "M"
  }
}


01:56:38.086 [pool-2-thread-3] INFO  com.intuit.karate - [print] eyJhbGciOiJIUzI1NiIsInR5cCI6IkpXVCJ9.eyJJRF9Vc3VhcmlvIjoiNDE4MDk5MTAiLCJOb21icmVfVXN1YXJpbyI6Impvc2VfY2VudGVub180MTgwIiwiUkRQMDJfSU5TVEFOQ0UiOiJSRFAwMl9JTlMyIiwiUkRQMDNfSU5TVEFOQ0UiOiJSRFAwM19JTlM0IiwiUm9sIjoiUEEiLCJpYXQiOjE3NTE5NTc3ODgsImV4cCI6MTc1MTk3NTc4OH0.m-JEfYy9aeLgVzvLkmBM0WpczznLoRRxb-JovjziLWo 
01:56:38.086 [pool-2-thread-3] INFO  com.intuit.karate - [print] PA 
01:56:38.090 [pool-2-thread-3] DEBUG com.intuit.karate - request:
1 > POST https://siasis-dev.vercel.app/api/auth/login
1 > Cookie: Apellidos=Godoy%20Villarubia; Google_Drive_Foto_ID=1p8FC3py693IjnMTa4uINq5lVSb9P3LBc; Nombres=Marisol%20Ceferina; Genero=F; Rol=PP; token=eyJhbGciOiJIUzI1NiIsInR5cCI6IkpXVCJ9.eyJJRF9Vc3VhcmlvIjoiMTUzNzgzMTciLCJOb21icmVfVXN1YXJpbyI6Im1hcmlzb2xfZ29kb3lfMTUzNyIsIlJEUDAyX0lOU1RBTkNFIjoiUkRQMDJfSU5TMSIsIlJEUDAzX0lOU1RBTkNFIjoiUkRQMDNfSU5TNSIsIlJvbCI6IlBQIiwiaWF0IjoxNzUxOTU3Nzg2LCJleHAiOjE3NTE5NzU3ODZ9.DavZMXlp5JcZLujOEa9rmkXpz3K8pYO6zvU-ad9dcmE
1 > Content-Type: application/json; charset=UTF-8
1 > Content-Length: 443
1 > Host: siasis-dev.vercel.app
1 > Connection: Keep-Alive
1 > User-Agent: Apache-HttpClient/4.5.14 (Java/17.0.12)
1 > Accept-Encoding: gzip,deflate
{
  "Nombres": "Jose",
  "Apellidos": "Centeno Diaz",
  "token": "eyJhbGciOiJIUzI1NiIsInR5cCI6IkpXVCJ9.eyJJRF9Vc3VhcmlvIjoiNDE4MDk5MTAiLCJOb21icmVfVXN1YXJpbyI6Impvc2VfY2VudGVub180MTgwIiwiUkRQMDJfSU5TVEFOQ0UiOiJSRFAwMl9JTlMyIiwiUkRQMDNfSU5TVEFOQ0UiOiJSRFAwM19JTlM0IiwiUm9sIjoiUEEiLCJpYXQiOjE3NTE5NTc3ODgsImV4cCI6MTc1MTk3NTc4OH0.m-JEfYy9aeLgVzvLkmBM0WpczznLoRRxb-JovjziLWo",
  "Genero": "M",
  "Google_Drive_Foto_ID": "1sU6Vjh0xUDJ3oT2Za_t41Q1QqUte2bHy",
  "Rol": "PA"
}


01:56:38.113 [pool-2-thread-5] DEBUG com.intuit.karate - response time in milliseconds: 631
1 < 200
1 < Cache-Control: public, max-age=0, must-revalidate
1 < Content-Type: application/json
1 < Date: Tue, 08 Jul 2025 06:56:28 GMT
1 < Server: Vercel
1 < Strict-Transport-Security: max-age=63072000; includeSubDomains; preload
1 < Vary: RSC, Next-Router-State-Tree, Next-Router-Prefetch, Next-Router-Segment-Prefetch
1 < X-Matched-Path: /api/asistencia-hoy/marcar
1 < X-Vercel-Cache: MISS
1 < X-Vercel-Id: gru1::iad1::9l8f7-1751957788284-b1b34ea1458e
1 < Transfer-Encoding: chunked
{
  "success": true,
  "message": "La asistencia ya había sido registrada anteriormente",
  "data": {
    "timestamp": 1751957788435,
    "desfaseSegundos": 3590,
    "esNuevoRegistro": false,
    "esRegistroPropio": false,
    "actorRegistrado": "PA",
    "tipoAsistencia": "personal"
  }
}


01:56:38.115 [pool-2-thread-5] DEBUG c.intuit.karate.core.ScenarioEngine - over-writing existing variable 'loginFeature' with new value: 'classpath:resources/features/login/Directivo.feature'
01:56:38.124 [pool-2-thread-5] DEBUG c.intuit.karate.core.ScenarioEngine - over-writing existing variable 'loginResponse' with new value: call read(loginFeature)
01:56:38.133 [pool-2-thread-5] DEBUG com.intuit.karate - request:
1 > POST https://api01-siasis-dev.vercel.app/api/login/directivo
1 > Cookie: Apellidos=Centeno%20Diaz; Google_Drive_Foto_ID=1Jv0B596JMyZMRO7MFcdXW0nN8AI7hFIe; Nombres=Jose; Genero=M; Rol=PA; token=eyJhbGciOiJIUzI1NiIsInR5cCI6IkpXVCJ9.eyJJRF9Vc3VhcmlvIjoiNDE4MDk5MTAiLCJOb21icmVfVXN1YXJpbyI6Impvc2VfY2VudGVub180MTgwIiwiUkRQMDJfSU5TVEFOQ0UiOiJSRFAwMl9JTlMzIiwiUkRQMDNfSU5TVEFOQ0UiOiJSRFAwM19JTlM0IiwiUm9sIjoiUEEiLCJpYXQiOjE3NTE5NTc3ODcsImV4cCI6MTc1MTk3NTc4N30.eTYtF2wdz4M-pr_YgELdbdBZDj7uAU82agejh1VBMwk
1 > Content-Type: application/json; charset=UTF-8
1 > Content-Length: 64
1 > Host: api01-siasis-dev.vercel.app
1 > Connection: Keep-Alive
1 > User-Agent: Apache-HttpClient/4.5.14 (Java/17.0.12)
1 > Accept-Encoding: gzip,deflate
{
  "Nombre_Usuario": "director.asuncion8",
  "Contraseña": "15430124"
}


01:56:38.151 [pool-2-thread-1] DEBUG com.intuit.karate - response time in milliseconds: 404
1 < 201
1 < Cache-Control: public, max-age=0, must-revalidate
1 < Content-Length: 0
1 < Date: Tue, 08 Jul 2025 06:56:28 GMT
1 < Server: Vercel
1 < Set-Cookie: Nombres=Jose; Max-Age=18000; Path=/; HttpOnly; Secure; SameSite=Lax
1 < Set-Cookie: Apellidos=Centeno%20Diaz; Max-Age=18000; Path=/; HttpOnly; Secure; SameSite=Lax
1 < Set-Cookie: Rol=PA; Max-Age=18000; Path=/; HttpOnly; Secure; SameSite=Lax
1 < Set-Cookie: token=eyJhbGciOiJIUzI1NiIsInR5cCI6IkpXVCJ9.eyJJRF9Vc3VhcmlvIjoiNDE4MDk5MTAiLCJOb21icmVfVXN1YXJpbyI6Impvc2VfY2VudGVub180MTgwIiwiUkRQMDJfSU5TVEFOQ0UiOiJSRFAwMl9JTlMyIiwiUkRQMDNfSU5TVEFOQ0UiOiJSRFAwM19JTlM1IiwiUm9sIjoiUEEiLCJpYXQiOjE3NTE5NTc3ODgsImV4cCI6MTc1MTk3NTc4OH0.oF8HPmIgVgdUA9JGrnvw0V32Nr12PWhGY8ppLDsyO_I; Max-Age=18000; Path=/; HttpOnly; Secure; SameSite=Lax
1 < Set-Cookie: Genero=M; Max-Age=18000; Path=/; HttpOnly; Secure; SameSite=Lax
1 < Set-Cookie: Google_Drive_Foto_ID=1Jv0B596JMyZMRO7MFcdXW0nN8AI7hFIe; Max-Age=18000; Path=/; HttpOnly; Secure; SameSite=Lax
1 < Strict-Transport-Security: max-age=63072000; includeSubDomains; preload
1 < Vary: RSC, Next-Router-State-Tree, Next-Router-Prefetch, Next-Router-Segment-Prefetch
1 < X-Matched-Path: /api/auth/login
1 < X-Vercel-Cache: MISS
1 < X-Vercel-Id: gru1::iad1::cq8gr-1751957788544-e124a0dea256


01:56:38.151 [pool-2-thread-1] DEBUG c.intuit.karate.core.ScenarioEngine - over-writing existing variable 'fechaHoraEsperadaISO' with new value: getAdjustedTime()
01:56:38.154 [pool-2-thread-1] DEBUG com.intuit.karate - request:
1 > POST https://siasis-dev.vercel.app/api/asistencia-hoy/marcar
1 > Cookie: Apellidos=Centeno%20Diaz; Google_Drive_Foto_ID=1Jv0B596JMyZMRO7MFcdXW0nN8AI7hFIe; Nombres=Jose; Genero=M; Rol=PA; token=eyJhbGciOiJIUzI1NiIsInR5cCI6IkpXVCJ9.eyJJRF9Vc3VhcmlvIjoiNDE4MDk5MTAiLCJOb21icmVfVXN1YXJpbyI6Impvc2VfY2VudGVub180MTgwIiwiUkRQMDJfSU5TVEFOQ0UiOiJSRFAwMl9JTlMyIiwiUkRQMDNfSU5TVEFOQ0UiOiJSRFAwM19JTlM1IiwiUm9sIjoiUEEiLCJpYXQiOjE3NTE5NTc3ODgsImV4cCI6MTc1MTk3NTc4OH0.oF8HPmIgVgdUA9JGrnvw0V32Nr12PWhGY8ppLDsyO_I
1 > Content-Type: application/json; charset=UTF-8
1 > Content-Length: 70
1 > Host: siasis-dev.vercel.app
1 > Connection: Keep-Alive
1 > User-Agent: Apache-HttpClient/4.5.14 (Java/17.0.12)
1 > Accept-Encoding: gzip,deflate
{
  "ModoRegistro": "E",
  "FechaHoraEsperadaISO": "2025-07-08T05:56:38.152Z"
}


01:56:38.227 [pool-2-thread-2] DEBUG com.intuit.karate - response time in milliseconds: 612
1 < 200
1 < Cache-Control: public, max-age=0, must-revalidate
1 < Content-Type: application/json
1 < Date: Tue, 08 Jul 2025 06:56:28 GMT
1 < Server: Vercel
1 < Strict-Transport-Security: max-age=63072000; includeSubDomains; preload
1 < Vary: RSC, Next-Router-State-Tree, Next-Router-Prefetch, Next-Router-Segment-Prefetch
1 < X-Matched-Path: /api/asistencia-hoy/marcar
1 < X-Vercel-Cache: MISS
1 < X-Vercel-Id: gru1::iad1::lw4h4-1751957788409-874a27eac690
1 < Transfer-Encoding: chunked
{
  "success": true,
  "message": "La asistencia ya había sido registrada anteriormente",
  "data": {
    "timestamp": 1751957788514,
    "desfaseSegundos": 3590,
    "esNuevoRegistro": false,
    "esRegistroPropio": false,
    "actorRegistrado": "PP",
    "tipoAsistencia": "personal"
  }
}


01:56:38.232 [pool-2-thread-2] DEBUG c.intuit.karate.core.ScenarioEngine - over-writing existing variable 'loginFeature' with new value: 'classpath:resources/features/login/PersonalAdmin.feature'
01:56:38.240 [pool-2-thread-2] DEBUG c.intuit.karate.core.ScenarioEngine - over-writing existing variable 'loginResponse' with new value: call read(loginFeature)
01:56:38.249 [pool-2-thread-2] DEBUG com.intuit.karate - request:
1 > POST https://api01-siasis-dev.vercel.app/api/login/personal-administrativo
1 > Cookie: Apellidos=Godoy%20Villarubia; Google_Drive_Foto_ID=1p8FC3py693IjnMTa4uINq5lVSb9P3LBc; Nombres=Marisol%20Ceferina; Genero=F; Rol=PP; token=eyJhbGciOiJIUzI1NiIsInR5cCI6IkpXVCJ9.eyJJRF9Vc3VhcmlvIjoiMTUzNzgzMTciLCJOb21icmVfVXN1YXJpbyI6Im1hcmlzb2xfZ29kb3lfMTUzNyIsIlJEUDAyX0lOU1RBTkNFIjoiUkRQMDJfSU5TMyIsIlJEUDAzX0lOU1RBTkNFIjoiUkRQMDNfSU5TMiIsIlJvbCI6IlBQIiwiaWF0IjoxNzUxOTU3Nzg3LCJleHAiOjE3NTE5NzU3ODd9.KwIz3cYr_bReNtb36BVNMdg-VMO9YRmaAE76QsdsYJI
1 > Content-Type: application/json; charset=UTF-8
1 > Content-Length: 63
1 > Host: api01-siasis-dev.vercel.app
1 > Connection: Keep-Alive
1 > User-Agent: Apache-HttpClient/4.5.14 (Java/17.0.12)
1 > Accept-Encoding: gzip,deflate
{
  "Nombre_Usuario": "jose_centeno_4180",
  "Contraseña": "41809910"
}


01:56:38.400 [pool-2-thread-4] DEBUG com.intuit.karate - response time in milliseconds: 581
1 < 200
1 < Cache-Control: public, max-age=0, must-revalidate
1 < Content-Type: application/json
1 < Date: Tue, 08 Jul 2025 06:56:28 GMT
1 < Server: Vercel
1 < Strict-Transport-Security: max-age=63072000; includeSubDomains; preload
1 < Vary: RSC, Next-Router-State-Tree, Next-Router-Prefetch, Next-Router-Segment-Prefetch
1 < X-Matched-Path: /api/asistencia-hoy/marcar
1 < X-Vercel-Cache: MISS
1 < X-Vercel-Id: gru1::iad1::2cxpp-1751957788615-ee7eed3b7fc9
1 < Transfer-Encoding: chunked
{
  "success": true,
  "message": "La asistencia ya había sido registrada anteriormente",
  "data": {
    "timestamp": 1751957788725,
    "desfaseSegundos": 3590,
    "esNuevoRegistro": false,
    "esRegistroPropio": false,
    "actorRegistrado": "PP",
    "tipoAsistencia": "personal"
  }
}


01:56:38.405 [pool-2-thread-4] DEBUG c.intuit.karate.core.ScenarioEngine - over-writing existing variable 'loginFeature' with new value: 'classpath:resources/features/login/PersonalAdmin.feature'
01:56:38.411 [pool-2-thread-4] DEBUG c.intuit.karate.core.ScenarioEngine - over-writing existing variable 'loginResponse' with new value: call read(loginFeature)
01:56:38.420 [pool-2-thread-4] DEBUG com.intuit.karate - request:
1 > POST https://api01-siasis-dev.vercel.app/api/login/personal-administrativo
1 > Cookie: Apellidos=Godoy%20Villarubia; Google_Drive_Foto_ID=1p8FC3py693IjnMTa4uINq5lVSb9P3LBc; Nombres=Marisol%20Ceferina; Genero=F; Rol=PP; token=eyJhbGciOiJIUzI1NiIsInR5cCI6IkpXVCJ9.eyJJRF9Vc3VhcmlvIjoiMTUzNzgzMTciLCJOb21icmVfVXN1YXJpbyI6Im1hcmlzb2xfZ29kb3lfMTUzNyIsIlJEUDAyX0lOU1RBTkNFIjoiUkRQMDJfSU5TMSIsIlJEUDAzX0lOU1RBTkNFIjoiUkRQMDNfSU5TMyIsIlJvbCI6IlBQIiwiaWF0IjoxNzUxOTU3Nzg3LCJleHAiOjE3NTE5NzU3ODd9.NCPcjGmw92dXAXP-bTaab2nCbVT_WD9cNMy1sdXNux0
1 > Content-Type: application/json; charset=UTF-8
1 > Content-Length: 63
1 > Host: api01-siasis-dev.vercel.app
1 > Connection: Keep-Alive
1 > User-Agent: Apache-HttpClient/4.5.14 (Java/17.0.12)
1 > Accept-Encoding: gzip,deflate
{
  "Nombre_Usuario": "jose_centeno_4180",
  "Contraseña": "41809910"
}


01:56:38.509 [pool-2-thread-3] DEBUG com.intuit.karate - response time in milliseconds: 418
1 < 201
1 < Cache-Control: public, max-age=0, must-revalidate
1 < Content-Length: 0
1 < Date: Tue, 08 Jul 2025 06:56:28 GMT
1 < Server: Vercel
1 < Set-Cookie: Nombres=Jose; Max-Age=18000; Path=/; HttpOnly; Secure; SameSite=Lax
1 < Set-Cookie: Apellidos=Centeno%20Diaz; Max-Age=18000; Path=/; HttpOnly; Secure; SameSite=Lax
1 < Set-Cookie: Rol=PA; Max-Age=18000; Path=/; HttpOnly; Secure; SameSite=Lax
1 < Set-Cookie: token=eyJhbGciOiJIUzI1NiIsInR5cCI6IkpXVCJ9.eyJJRF9Vc3VhcmlvIjoiNDE4MDk5MTAiLCJOb21icmVfVXN1YXJpbyI6Impvc2VfY2VudGVub180MTgwIiwiUkRQMDJfSU5TVEFOQ0UiOiJSRFAwMl9JTlMyIiwiUkRQMDNfSU5TVEFOQ0UiOiJSRFAwM19JTlM0IiwiUm9sIjoiUEEiLCJpYXQiOjE3NTE5NTc3ODgsImV4cCI6MTc1MTk3NTc4OH0.m-JEfYy9aeLgVzvLkmBM0WpczznLoRRxb-JovjziLWo; Max-Age=18000; Path=/; HttpOnly; Secure; SameSite=Lax
1 < Set-Cookie: Genero=M; Max-Age=18000; Path=/; HttpOnly; Secure; SameSite=Lax
1 < Set-Cookie: Google_Drive_Foto_ID=1sU6Vjh0xUDJ3oT2Za_t41Q1QqUte2bHy; Max-Age=18000; Path=/; HttpOnly; Secure; SameSite=Lax
1 < Strict-Transport-Security: max-age=63072000; includeSubDomains; preload
1 < Vary: RSC, Next-Router-State-Tree, Next-Router-Prefetch, Next-Router-Segment-Prefetch
1 < X-Matched-Path: /api/auth/login
1 < X-Vercel-Cache: MISS
1 < X-Vercel-Id: gru1::iad1::zh6qw-1751957788886-8d7ba4b835a4


01:56:38.510 [pool-2-thread-3] DEBUG c.intuit.karate.core.ScenarioEngine - over-writing existing variable 'fechaHoraEsperadaISO' with new value: getAdjustedTime()
01:56:38.513 [pool-2-thread-3] DEBUG com.intuit.karate - request:
1 > POST https://siasis-dev.vercel.app/api/asistencia-hoy/marcar
1 > Cookie: Apellidos=Centeno%20Diaz; Google_Drive_Foto_ID=1sU6Vjh0xUDJ3oT2Za_t41Q1QqUte2bHy; Nombres=Jose; Genero=M; Rol=PA; token=eyJhbGciOiJIUzI1NiIsInR5cCI6IkpXVCJ9.eyJJRF9Vc3VhcmlvIjoiNDE4MDk5MTAiLCJOb21icmVfVXN1YXJpbyI6Impvc2VfY2VudGVub180MTgwIiwiUkRQMDJfSU5TVEFOQ0UiOiJSRFAwMl9JTlMyIiwiUkRQMDNfSU5TVEFOQ0UiOiJSRFAwM19JTlM0IiwiUm9sIjoiUEEiLCJpYXQiOjE3NTE5NTc3ODgsImV4cCI6MTc1MTk3NTc4OH0.m-JEfYy9aeLgVzvLkmBM0WpczznLoRRxb-JovjziLWo
1 > Content-Type: application/json; charset=UTF-8
1 > Content-Length: 70
1 > Host: siasis-dev.vercel.app
1 > Connection: Keep-Alive
1 > User-Agent: Apache-HttpClient/4.5.14 (Java/17.0.12)
1 > Accept-Encoding: gzip,deflate
{
  "ModoRegistro": "E",
  "FechaHoraEsperadaISO": "2025-07-08T05:56:38.510Z"
}


01:56:38.670 [pool-2-thread-5] DEBUG com.intuit.karate - response time in milliseconds: 534
1 < 200
1 < Access-Control-Allow-Origin: *
1 < Cache-Control: public, max-age=0, must-revalidate
1 < Content-Length: 509
1 < Content-Type: application/json; charset=utf-8
1 < Date: Tue, 08 Jul 2025 06:56:29 GMT
1 < Etag: W/"1fd-TShulqsN5u8znGrE11h/LTgKEOA"
1 < Server: Vercel
1 < Strict-Transport-Security: max-age=63072000; includeSubDomains; preload
1 < X-Powered-By: Express
1 < X-Vercel-Cache: MISS
1 < X-Vercel-Id: gru1::iad1::4mjfc-1751957788930-411294625ca9
{
  "success": true,
  "message": "Inicio de sesión exitoso",
  "data": {
    "Apellidos": "Cullanco Espilco",
    "Nombres": "Elena Serafina",
    "Rol": "D",
    "token": "eyJhbGciOiJIUzI1NiIsInR5cCI6IkpXVCJ9.eyJJRF9Vc3VhcmlvIjoiMSIsIk5vbWJyZV9Vc3VhcmlvIjoiZGlyZWN0b3IuYXN1bmNpb244IiwiUkRQMDJfSU5TVEFOQ0UiOiJSRFAwMl9JTlMzIiwiUkRQMDNfSU5TVEFOQ0UiOiJSRFAwM19JTlMzIiwiUm9sIjoiRCIsImlhdCI6MTc1MTk1Nzc4OSwiZXhwIjoxNzUxOTc1Nzg5fQ.DYM-5V2ZKuqz1zxTwdv31qkyRzxaS5diQdmgioaW1qc",
    "Google_Drive_Foto_ID": "1pMkv-ba_T2mBKxjp_zBTZtgWEjwxPxdu",
    "Genero": "F"
  }
}


01:56:38.672 [pool-2-thread-5] INFO  com.intuit.karate - [print] eyJhbGciOiJIUzI1NiIsInR5cCI6IkpXVCJ9.eyJJRF9Vc3VhcmlvIjoiMSIsIk5vbWJyZV9Vc3VhcmlvIjoiZGlyZWN0b3IuYXN1bmNpb244IiwiUkRQMDJfSU5TVEFOQ0UiOiJSRFAwMl9JTlMzIiwiUkRQMDNfSU5TVEFOQ0UiOiJSRFAwM19JTlMzIiwiUm9sIjoiRCIsImlhdCI6MTc1MTk1Nzc4OSwiZXhwIjoxNzUxOTc1Nzg5fQ.DYM-5V2ZKuqz1zxTwdv31qkyRzxaS5diQdmgioaW1qc 
01:56:38.673 [pool-2-thread-5] INFO  com.intuit.karate - [print] D 
01:56:38.675 [pool-2-thread-5] DEBUG com.intuit.karate - request:
1 > POST https://siasis-dev.vercel.app/api/auth/login
1 > Cookie: Apellidos=Centeno%20Diaz; Google_Drive_Foto_ID=1Jv0B596JMyZMRO7MFcdXW0nN8AI7hFIe; Nombres=Jose; Genero=M; Rol=PA; token=eyJhbGciOiJIUzI1NiIsInR5cCI6IkpXVCJ9.eyJJRF9Vc3VhcmlvIjoiNDE4MDk5MTAiLCJOb21icmVfVXN1YXJpbyI6Impvc2VfY2VudGVub180MTgwIiwiUkRQMDJfSU5TVEFOQ0UiOiJSRFAwMl9JTlMzIiwiUkRQMDNfSU5TVEFOQ0UiOiJSRFAwM19JTlM0IiwiUm9sIjoiUEEiLCJpYXQiOjE3NTE5NTc3ODcsImV4cCI6MTc1MTk3NTc4N30.eTYtF2wdz4M-pr_YgELdbdBZDj7uAU82agejh1VBMwk
1 > Content-Type: application/json; charset=UTF-8
1 > Content-Length: 447
1 > Host: siasis-dev.vercel.app
1 > Connection: Keep-Alive
1 > User-Agent: Apache-HttpClient/4.5.14 (Java/17.0.12)
1 > Accept-Encoding: gzip,deflate
{
  "Nombres": "Elena Serafina",
  "Apellidos": "Cullanco Espilco",
  "token": "eyJhbGciOiJIUzI1NiIsInR5cCI6IkpXVCJ9.eyJJRF9Vc3VhcmlvIjoiMSIsIk5vbWJyZV9Vc3VhcmlvIjoiZGlyZWN0b3IuYXN1bmNpb244IiwiUkRQMDJfSU5TVEFOQ0UiOiJSRFAwMl9JTlMzIiwiUkRQMDNfSU5TVEFOQ0UiOiJSRFAwM19JTlMzIiwiUm9sIjoiRCIsImlhdCI6MTc1MTk1Nzc4OSwiZXhwIjoxNzUxOTc1Nzg5fQ.DYM-5V2ZKuqz1zxTwdv31qkyRzxaS5diQdmgioaW1qc",
  "Genero": "F",
  "Google_Drive_Foto_ID": "1pMkv-ba_T2mBKxjp_zBTZtgWEjwxPxdu",
  "Rol": "D"
}


01:56:38.741 [pool-2-thread-1] DEBUG com.intuit.karate - response time in milliseconds: 587
1 < 200
1 < Cache-Control: public, max-age=0, must-revalidate
1 < Content-Type: application/json
1 < Date: Tue, 08 Jul 2025 06:56:29 GMT
1 < Server: Vercel
1 < Strict-Transport-Security: max-age=63072000; includeSubDomains; preload
1 < Vary: RSC, Next-Router-State-Tree, Next-Router-Prefetch, Next-Router-Segment-Prefetch
1 < X-Matched-Path: /api/asistencia-hoy/marcar
1 < X-Vercel-Cache: MISS
1 < X-Vercel-Id: gru1::iad1::kpjfh-1751957788952-4688be4e5948
1 < Transfer-Encoding: chunked
{
  "success": true,
  "message": "La asistencia ya había sido registrada anteriormente",
  "data": {
    "timestamp": 1751957789065,
    "desfaseSegundos": 3590,
    "esNuevoRegistro": false,
    "esRegistroPropio": false,
    "actorRegistrado": "PA",
    "tipoAsistencia": "personal"
  }
}


01:56:38.742 [pool-2-thread-1] DEBUG c.intuit.karate.core.ScenarioEngine - over-writing existing variable 'loginFeature' with new value: 'classpath:resources/features/login/Directivo.feature'
01:56:38.747 [pool-2-thread-1] DEBUG c.intuit.karate.core.ScenarioEngine - over-writing existing variable 'loginResponse' with new value: call read(loginFeature)
01:56:38.752 [pool-2-thread-1] DEBUG com.intuit.karate - request:
1 > POST https://api01-siasis-dev.vercel.app/api/login/directivo
1 > Cookie: Apellidos=Centeno%20Diaz; Google_Drive_Foto_ID=1Jv0B596JMyZMRO7MFcdXW0nN8AI7hFIe; Nombres=Jose; Genero=M; Rol=PA; token=eyJhbGciOiJIUzI1NiIsInR5cCI6IkpXVCJ9.eyJJRF9Vc3VhcmlvIjoiNDE4MDk5MTAiLCJOb21icmVfVXN1YXJpbyI6Impvc2VfY2VudGVub180MTgwIiwiUkRQMDJfSU5TVEFOQ0UiOiJSRFAwMl9JTlMyIiwiUkRQMDNfSU5TVEFOQ0UiOiJSRFAwM19JTlM1IiwiUm9sIjoiUEEiLCJpYXQiOjE3NTE5NTc3ODgsImV4cCI6MTc1MTk3NTc4OH0.oF8HPmIgVgdUA9JGrnvw0V32Nr12PWhGY8ppLDsyO_I
1 > Content-Type: application/json; charset=UTF-8
1 > Content-Length: 64
1 > Host: api01-siasis-dev.vercel.app
1 > Connection: Keep-Alive
1 > User-Agent: Apache-HttpClient/4.5.14 (Java/17.0.12)
1 > Accept-Encoding: gzip,deflate
{
  "Nombre_Usuario": "director.asuncion8",
  "Contraseña": "15430124"
}


01:56:38.769 [pool-2-thread-2] DEBUG com.intuit.karate - response time in milliseconds: 518
1 < 200
1 < Access-Control-Allow-Origin: *
1 < Cache-Control: public, max-age=0, must-revalidate
1 < Content-Length: 505
1 < Content-Type: application/json; charset=utf-8
1 < Date: Tue, 08 Jul 2025 06:56:29 GMT
1 < Etag: W/"1f9-CAtN1C2QN+o9gpgw19sOVEyrTMU"
1 < Server: Vercel
1 < Strict-Transport-Security: max-age=63072000; includeSubDomains; preload
1 < X-Powered-By: Express
1 < X-Vercel-Cache: MISS
1 < X-Vercel-Id: gru1::iad1::lrpdm-1751957789050-4b5035b837ed
{
  "success": true,
  "message": "Inicio de sesión exitoso",
  "data": {
    "Apellidos": "Centeno Diaz",
    "Nombres": "Jose",
    "Rol": "PA",
    "token": "eyJhbGciOiJIUzI1NiIsInR5cCI6IkpXVCJ9.eyJJRF9Vc3VhcmlvIjoiNDE4MDk5MTAiLCJOb21icmVfVXN1YXJpbyI6Impvc2VfY2VudGVub180MTgwIiwiUkRQMDJfSU5TVEFOQ0UiOiJSRFAwMl9JTlMyIiwiUkRQMDNfSU5TVEFOQ0UiOiJSRFAwM19JTlMzIiwiUm9sIjoiUEEiLCJpYXQiOjE3NTE5NTc3ODksImV4cCI6MTc1MTk3NTc4OX0.J7VZt3PUmqIgvd6bB2fNZMl5_FYGK9cJQoNDM4EnyTk",
    "Google_Drive_Foto_ID": "1sU6Vjh0xUDJ3oT2Za_t41Q1QqUte2bHy",
    "Genero": "M"
  }
}


01:56:38.770 [pool-2-thread-2] INFO  com.intuit.karate - [print] eyJhbGciOiJIUzI1NiIsInR5cCI6IkpXVCJ9.eyJJRF9Vc3VhcmlvIjoiNDE4MDk5MTAiLCJOb21icmVfVXN1YXJpbyI6Impvc2VfY2VudGVub180MTgwIiwiUkRQMDJfSU5TVEFOQ0UiOiJSRFAwMl9JTlMyIiwiUkRQMDNfSU5TVEFOQ0UiOiJSRFAwM19JTlMzIiwiUm9sIjoiUEEiLCJpYXQiOjE3NTE5NTc3ODksImV4cCI6MTc1MTk3NTc4OX0.J7VZt3PUmqIgvd6bB2fNZMl5_FYGK9cJQoNDM4EnyTk 
01:56:38.770 [pool-2-thread-2] INFO  com.intuit.karate - [print] PA 
01:56:38.772 [pool-2-thread-2] DEBUG com.intuit.karate - request:
1 > POST https://siasis-dev.vercel.app/api/auth/login
1 > Cookie: Apellidos=Godoy%20Villarubia; Google_Drive_Foto_ID=1p8FC3py693IjnMTa4uINq5lVSb9P3LBc; Nombres=Marisol%20Ceferina; Genero=F; Rol=PP; token=eyJhbGciOiJIUzI1NiIsInR5cCI6IkpXVCJ9.eyJJRF9Vc3VhcmlvIjoiMTUzNzgzMTciLCJOb21icmVfVXN1YXJpbyI6Im1hcmlzb2xfZ29kb3lfMTUzNyIsIlJEUDAyX0lOU1RBTkNFIjoiUkRQMDJfSU5TMyIsIlJEUDAzX0lOU1RBTkNFIjoiUkRQMDNfSU5TMiIsIlJvbCI6IlBQIiwiaWF0IjoxNzUxOTU3Nzg3LCJleHAiOjE3NTE5NzU3ODd9.KwIz3cYr_bReNtb36BVNMdg-VMO9YRmaAE76QsdsYJI
1 > Content-Type: application/json; charset=UTF-8
1 > Content-Length: 443
1 > Host: siasis-dev.vercel.app
1 > Connection: Keep-Alive
1 > User-Agent: Apache-HttpClient/4.5.14 (Java/17.0.12)
1 > Accept-Encoding: gzip,deflate
{
  "Nombres": "Jose",
  "Apellidos": "Centeno Diaz",
  "token": "eyJhbGciOiJIUzI1NiIsInR5cCI6IkpXVCJ9.eyJJRF9Vc3VhcmlvIjoiNDE4MDk5MTAiLCJOb21icmVfVXN1YXJpbyI6Impvc2VfY2VudGVub180MTgwIiwiUkRQMDJfSU5TVEFOQ0UiOiJSRFAwMl9JTlMyIiwiUkRQMDNfSU5TVEFOQ0UiOiJSRFAwM19JTlMzIiwiUm9sIjoiUEEiLCJpYXQiOjE3NTE5NTc3ODksImV4cCI6MTc1MTk3NTc4OX0.J7VZt3PUmqIgvd6bB2fNZMl5_FYGK9cJQoNDM4EnyTk",
  "Genero": "M",
  "Google_Drive_Foto_ID": "1sU6Vjh0xUDJ3oT2Za_t41Q1QqUte2bHy",
  "Rol": "PA"
}


01:56:38.949 [pool-2-thread-4] DEBUG com.intuit.karate - response time in milliseconds: 528
1 < 200
1 < Access-Control-Allow-Origin: *
1 < Cache-Control: public, max-age=0, must-revalidate
1 < Content-Length: 505
1 < Content-Type: application/json; charset=utf-8
1 < Date: Tue, 08 Jul 2025 06:56:29 GMT
1 < Etag: W/"1f9-O6+AFCw82401+y22RdW9rRMvx0c"
1 < Server: Vercel
1 < Strict-Transport-Security: max-age=63072000; includeSubDomains; preload
1 < X-Powered-By: Express
1 < X-Vercel-Cache: MISS
1 < X-Vercel-Id: gru1::iad1::zpjsk-1751957789222-b75494c4997c
{
  "success": true,
  "message": "Inicio de sesión exitoso",
  "data": {
    "Apellidos": "Centeno Diaz",
    "Nombres": "Jose",
    "Rol": "PA",
    "token": "eyJhbGciOiJIUzI1NiIsInR5cCI6IkpXVCJ9.eyJJRF9Vc3VhcmlvIjoiNDE4MDk5MTAiLCJOb21icmVfVXN1YXJpbyI6Impvc2VfY2VudGVub180MTgwIiwiUkRQMDJfSU5TVEFOQ0UiOiJSRFAwMl9JTlMzIiwiUkRQMDNfSU5TVEFOQ0UiOiJSRFAwM19JTlMxIiwiUm9sIjoiUEEiLCJpYXQiOjE3NTE5NTc3ODksImV4cCI6MTc1MTk3NTc4OX0.9an_NW9QKaLXixdnKUZoQ4vkXqwxVSHR976VQsvZWoI",
    "Google_Drive_Foto_ID": "1Jv0B596JMyZMRO7MFcdXW0nN8AI7hFIe",
    "Genero": "M"
  }
}


01:56:38.950 [pool-2-thread-4] INFO  com.intuit.karate - [print] eyJhbGciOiJIUzI1NiIsInR5cCI6IkpXVCJ9.eyJJRF9Vc3VhcmlvIjoiNDE4MDk5MTAiLCJOb21icmVfVXN1YXJpbyI6Impvc2VfY2VudGVub180MTgwIiwiUkRQMDJfSU5TVEFOQ0UiOiJSRFAwMl9JTlMzIiwiUkRQMDNfSU5TVEFOQ0UiOiJSRFAwM19JTlMxIiwiUm9sIjoiUEEiLCJpYXQiOjE3NTE5NTc3ODksImV4cCI6MTc1MTk3NTc4OX0.9an_NW9QKaLXixdnKUZoQ4vkXqwxVSHR976VQsvZWoI 
01:56:38.950 [pool-2-thread-4] INFO  com.intuit.karate - [print] PA 
01:56:38.952 [pool-2-thread-4] DEBUG com.intuit.karate - request:
1 > POST https://siasis-dev.vercel.app/api/auth/login
1 > Cookie: Apellidos=Godoy%20Villarubia; Google_Drive_Foto_ID=1p8FC3py693IjnMTa4uINq5lVSb9P3LBc; Nombres=Marisol%20Ceferina; Genero=F; Rol=PP; token=eyJhbGciOiJIUzI1NiIsInR5cCI6IkpXVCJ9.eyJJRF9Vc3VhcmlvIjoiMTUzNzgzMTciLCJOb21icmVfVXN1YXJpbyI6Im1hcmlzb2xfZ29kb3lfMTUzNyIsIlJEUDAyX0lOU1RBTkNFIjoiUkRQMDJfSU5TMSIsIlJEUDAzX0lOU1RBTkNFIjoiUkRQMDNfSU5TMyIsIlJvbCI6IlBQIiwiaWF0IjoxNzUxOTU3Nzg3LCJleHAiOjE3NTE5NzU3ODd9.NCPcjGmw92dXAXP-bTaab2nCbVT_WD9cNMy1sdXNux0
1 > Content-Type: application/json; charset=UTF-8
1 > Content-Length: 443
1 > Host: siasis-dev.vercel.app
1 > Connection: Keep-Alive
1 > User-Agent: Apache-HttpClient/4.5.14 (Java/17.0.12)
1 > Accept-Encoding: gzip,deflate
{
  "Nombres": "Jose",
  "Apellidos": "Centeno Diaz",
  "token": "eyJhbGciOiJIUzI1NiIsInR5cCI6IkpXVCJ9.eyJJRF9Vc3VhcmlvIjoiNDE4MDk5MTAiLCJOb21icmVfVXN1YXJpbyI6Impvc2VfY2VudGVub180MTgwIiwiUkRQMDJfSU5TVEFOQ0UiOiJSRFAwMl9JTlMzIiwiUkRQMDNfSU5TVEFOQ0UiOiJSRFAwM19JTlMxIiwiUm9sIjoiUEEiLCJpYXQiOjE3NTE5NTc3ODksImV4cCI6MTc1MTk3NTc4OX0.9an_NW9QKaLXixdnKUZoQ4vkXqwxVSHR976VQsvZWoI",
  "Genero": "M",
  "Google_Drive_Foto_ID": "1Jv0B596JMyZMRO7MFcdXW0nN8AI7hFIe",
  "Rol": "PA"
}


01:56:39.120 [pool-2-thread-5] DEBUG com.intuit.karate - response time in milliseconds: 444
1 < 201
1 < Cache-Control: public, max-age=0, must-revalidate
1 < Content-Length: 0
1 < Date: Tue, 08 Jul 2025 06:56:29 GMT
1 < Server: Vercel
1 < Set-Cookie: Nombres=Elena%20Serafina; Max-Age=18000; Path=/; HttpOnly; Secure; SameSite=Lax
1 < Set-Cookie: Apellidos=Cullanco%20Espilco; Max-Age=18000; Path=/; HttpOnly; Secure; SameSite=Lax
1 < Set-Cookie: Rol=D; Max-Age=18000; Path=/; HttpOnly; Secure; SameSite=Lax
1 < Set-Cookie: token=eyJhbGciOiJIUzI1NiIsInR5cCI6IkpXVCJ9.eyJJRF9Vc3VhcmlvIjoiMSIsIk5vbWJyZV9Vc3VhcmlvIjoiZGlyZWN0b3IuYXN1bmNpb244IiwiUkRQMDJfSU5TVEFOQ0UiOiJSRFAwMl9JTlMzIiwiUkRQMDNfSU5TVEFOQ0UiOiJSRFAwM19JTlMzIiwiUm9sIjoiRCIsImlhdCI6MTc1MTk1Nzc4OSwiZXhwIjoxNzUxOTc1Nzg5fQ.DYM-5V2ZKuqz1zxTwdv31qkyRzxaS5diQdmgioaW1qc; Max-Age=18000; Path=/; HttpOnly; Secure; SameSite=Lax
1 < Set-Cookie: Genero=F; Max-Age=18000; Path=/; HttpOnly; Secure; SameSite=Lax
1 < Set-Cookie: Google_Drive_Foto_ID=1pMkv-ba_T2mBKxjp_zBTZtgWEjwxPxdu; Max-Age=18000; Path=/; HttpOnly; Secure; SameSite=Lax
1 < Strict-Transport-Security: max-age=63072000; includeSubDomains; preload
1 < Vary: RSC, Next-Router-State-Tree, Next-Router-Prefetch, Next-Router-Segment-Prefetch
1 < X-Matched-Path: /api/auth/login
1 < X-Vercel-Cache: MISS
1 < X-Vercel-Id: gru1::iad1::zjqsx-1751957789474-829da0aebd86


01:56:39.130 [pool-2-thread-5] DEBUG com.intuit.karate - request:
1 > GET https://siasis-dev.vercel.app/api/asistencia-hoy/consultar-asistencias-tomadas?Actor=PA&TipoAsistencia=personal&ID_o_DNI=41809910&ModoRegistro=E
1 > Cookie: Apellidos=Cullanco%20Espilco; Google_Drive_Foto_ID=1pMkv-ba_T2mBKxjp_zBTZtgWEjwxPxdu; Nombres=Elena%20Serafina; Genero=F; Rol=D; token=eyJhbGciOiJIUzI1NiIsInR5cCI6IkpXVCJ9.eyJJRF9Vc3VhcmlvIjoiMSIsIk5vbWJyZV9Vc3VhcmlvIjoiZGlyZWN0b3IuYXN1bmNpb244IiwiUkRQMDJfSU5TVEFOQ0UiOiJSRFAwMl9JTlMzIiwiUkRQMDNfSU5TVEFOQ0UiOiJSRFAwM19JTlMzIiwiUm9sIjoiRCIsImlhdCI6MTc1MTk1Nzc4OSwiZXhwIjoxNzUxOTc1Nzg5fQ.DYM-5V2ZKuqz1zxTwdv31qkyRzxaS5diQdmgioaW1qc
1 > Host: siasis-dev.vercel.app
1 > Connection: Keep-Alive
1 > User-Agent: Apache-HttpClient/4.5.14 (Java/17.0.12)
1 > Accept-Encoding: gzip,deflate


01:56:39.133 [pool-2-thread-3] DEBUG com.intuit.karate - response time in milliseconds: 620
1 < 200
1 < Cache-Control: public, max-age=0, must-revalidate
1 < Content-Type: application/json
1 < Date: Tue, 08 Jul 2025 06:56:29 GMT
1 < Server: Vercel
1 < Strict-Transport-Security: max-age=63072000; includeSubDomains; preload
1 < Vary: RSC, Next-Router-State-Tree, Next-Router-Prefetch, Next-Router-Segment-Prefetch
1 < X-Matched-Path: /api/asistencia-hoy/marcar
1 < X-Vercel-Cache: MISS
1 < X-Vercel-Id: gru1::iad1::4mjfc-1751957789309-d5009e4a399c
1 < Transfer-Encoding: chunked
{
  "success": true,
  "message": "La asistencia ya había sido registrada anteriormente",
  "data": {
    "timestamp": 1751957789433,
    "desfaseSegundos": 3590,
    "esNuevoRegistro": false,
    "esRegistroPropio": false,
    "actorRegistrado": "PA",
    "tipoAsistencia": "personal"
  }
}


01:56:39.135 [pool-2-thread-3] DEBUG c.intuit.karate.core.ScenarioEngine - over-writing existing variable 'loginFeature' with new value: 'classpath:resources/features/login/Directivo.feature'
01:56:39.142 [pool-2-thread-3] DEBUG c.intuit.karate.core.ScenarioEngine - over-writing existing variable 'loginResponse' with new value: call read(loginFeature)
01:56:39.148 [pool-2-thread-3] DEBUG com.intuit.karate - request:
1 > POST https://api01-siasis-dev.vercel.app/api/login/directivo
1 > Cookie: Apellidos=Centeno%20Diaz; Google_Drive_Foto_ID=1sU6Vjh0xUDJ3oT2Za_t41Q1QqUte2bHy; Nombres=Jose; Genero=M; Rol=PA; token=eyJhbGciOiJIUzI1NiIsInR5cCI6IkpXVCJ9.eyJJRF9Vc3VhcmlvIjoiNDE4MDk5MTAiLCJOb21icmVfVXN1YXJpbyI6Impvc2VfY2VudGVub180MTgwIiwiUkRQMDJfSU5TVEFOQ0UiOiJSRFAwMl9JTlMyIiwiUkRQMDNfSU5TVEFOQ0UiOiJSRFAwM19JTlM0IiwiUm9sIjoiUEEiLCJpYXQiOjE3NTE5NTc3ODgsImV4cCI6MTc1MTk3NTc4OH0.m-JEfYy9aeLgVzvLkmBM0WpczznLoRRxb-JovjziLWo
1 > Content-Type: application/json; charset=UTF-8
1 > Content-Length: 64
1 > Host: api01-siasis-dev.vercel.app
1 > Connection: Keep-Alive
1 > User-Agent: Apache-HttpClient/4.5.14 (Java/17.0.12)
1 > Accept-Encoding: gzip,deflate
{
  "Nombre_Usuario": "director.asuncion8",
  "Contraseña": "15430124"
}


01:56:39.183 [pool-2-thread-2] DEBUG com.intuit.karate - response time in milliseconds: 410
1 < 201
1 < Cache-Control: public, max-age=0, must-revalidate
1 < Content-Length: 0
1 < Date: Tue, 08 Jul 2025 06:56:29 GMT
1 < Server: Vercel
1 < Set-Cookie: Nombres=Jose; Max-Age=18000; Path=/; HttpOnly; Secure; SameSite=Lax
1 < Set-Cookie: Apellidos=Centeno%20Diaz; Max-Age=18000; Path=/; HttpOnly; Secure; SameSite=Lax
1 < Set-Cookie: Rol=PA; Max-Age=18000; Path=/; HttpOnly; Secure; SameSite=Lax
1 < Set-Cookie: token=eyJhbGciOiJIUzI1NiIsInR5cCI6IkpXVCJ9.eyJJRF9Vc3VhcmlvIjoiNDE4MDk5MTAiLCJOb21icmVfVXN1YXJpbyI6Impvc2VfY2VudGVub180MTgwIiwiUkRQMDJfSU5TVEFOQ0UiOiJSRFAwMl9JTlMyIiwiUkRQMDNfSU5TVEFOQ0UiOiJSRFAwM19JTlMzIiwiUm9sIjoiUEEiLCJpYXQiOjE3NTE5NTc3ODksImV4cCI6MTc1MTk3NTc4OX0.J7VZt3PUmqIgvd6bB2fNZMl5_FYGK9cJQoNDM4EnyTk; Max-Age=18000; Path=/; HttpOnly; Secure; SameSite=Lax
1 < Set-Cookie: Genero=M; Max-Age=18000; Path=/; HttpOnly; Secure; SameSite=Lax
1 < Set-Cookie: Google_Drive_Foto_ID=1sU6Vjh0xUDJ3oT2Za_t41Q1QqUte2bHy; Max-Age=18000; Path=/; HttpOnly; Secure; SameSite=Lax
1 < Strict-Transport-Security: max-age=63072000; includeSubDomains; preload
1 < Vary: RSC, Next-Router-State-Tree, Next-Router-Prefetch, Next-Router-Segment-Prefetch
1 < X-Matched-Path: /api/auth/login
1 < X-Vercel-Cache: MISS
1 < X-Vercel-Id: gru1::iad1::bsmv9-1751957789567-f5e97cae25e5


01:56:39.183 [pool-2-thread-2] DEBUG c.intuit.karate.core.ScenarioEngine - over-writing existing variable 'fechaHoraEsperadaISO' with new value: getAdjustedTime()
01:56:39.185 [pool-2-thread-2] DEBUG com.intuit.karate - request:
1 > POST https://siasis-dev.vercel.app/api/asistencia-hoy/marcar
1 > Cookie: Apellidos=Centeno%20Diaz; Google_Drive_Foto_ID=1sU6Vjh0xUDJ3oT2Za_t41Q1QqUte2bHy; Nombres=Jose; Genero=M; Rol=PA; token=eyJhbGciOiJIUzI1NiIsInR5cCI6IkpXVCJ9.eyJJRF9Vc3VhcmlvIjoiNDE4MDk5MTAiLCJOb21icmVfVXN1YXJpbyI6Impvc2VfY2VudGVub180MTgwIiwiUkRQMDJfSU5TVEFOQ0UiOiJSRFAwMl9JTlMyIiwiUkRQMDNfSU5TVEFOQ0UiOiJSRFAwM19JTlMzIiwiUm9sIjoiUEEiLCJpYXQiOjE3NTE5NTc3ODksImV4cCI6MTc1MTk3NTc4OX0.J7VZt3PUmqIgvd6bB2fNZMl5_FYGK9cJQoNDM4EnyTk
1 > Content-Type: application/json; charset=UTF-8
1 > Content-Length: 70
1 > Host: siasis-dev.vercel.app
1 > Connection: Keep-Alive
1 > User-Agent: Apache-HttpClient/4.5.14 (Java/17.0.12)
1 > Accept-Encoding: gzip,deflate
{
  "ModoRegistro": "E",
  "FechaHoraEsperadaISO": "2025-07-08T05:56:39.183Z"
}


01:56:39.287 [pool-2-thread-1] DEBUG com.intuit.karate - response time in milliseconds: 534
1 < 200
1 < Access-Control-Allow-Origin: *
1 < Cache-Control: public, max-age=0, must-revalidate
1 < Content-Length: 509
1 < Content-Type: application/json; charset=utf-8
1 < Date: Tue, 08 Jul 2025 06:56:29 GMT
1 < Etag: W/"1fd-XpvA/6Nbr31Zzrcd4TGP9794sgQ"
1 < Server: Vercel
1 < Strict-Transport-Security: max-age=63072000; includeSubDomains; preload
1 < X-Powered-By: Express
1 < X-Vercel-Cache: MISS
1 < X-Vercel-Id: gru1::iad1::bdvft-1751957789550-abb2b8134fff
{
  "success": true,
  "message": "Inicio de sesión exitoso",
  "data": {
    "Apellidos": "Cullanco Espilco",
    "Nombres": "Elena Serafina",
    "Rol": "D",
    "token": "eyJhbGciOiJIUzI1NiIsInR5cCI6IkpXVCJ9.eyJJRF9Vc3VhcmlvIjoiMSIsIk5vbWJyZV9Vc3VhcmlvIjoiZGlyZWN0b3IuYXN1bmNpb244IiwiUkRQMDJfSU5TVEFOQ0UiOiJSRFAwMl9JTlMyIiwiUkRQMDNfSU5TVEFOQ0UiOiJSRFAwM19JTlMxIiwiUm9sIjoiRCIsImlhdCI6MTc1MTk1Nzc4OSwiZXhwIjoxNzUxOTc1Nzg5fQ.hubD-Mug5z6oZSKNdDYa87YePZ-FXpqqIDWeEg7RmIU",
    "Google_Drive_Foto_ID": "1pMkv-ba_T2mBKxjp_zBTZtgWEjwxPxdu",
    "Genero": "F"
  }
}


01:56:39.291 [pool-2-thread-1] INFO  com.intuit.karate - [print] eyJhbGciOiJIUzI1NiIsInR5cCI6IkpXVCJ9.eyJJRF9Vc3VhcmlvIjoiMSIsIk5vbWJyZV9Vc3VhcmlvIjoiZGlyZWN0b3IuYXN1bmNpb244IiwiUkRQMDJfSU5TVEFOQ0UiOiJSRFAwMl9JTlMyIiwiUkRQMDNfSU5TVEFOQ0UiOiJSRFAwM19JTlMxIiwiUm9sIjoiRCIsImlhdCI6MTc1MTk1Nzc4OSwiZXhwIjoxNzUxOTc1Nzg5fQ.hubD-Mug5z6oZSKNdDYa87YePZ-FXpqqIDWeEg7RmIU 
01:56:39.291 [pool-2-thread-1] INFO  com.intuit.karate - [print] D 
01:56:39.294 [pool-2-thread-1] DEBUG com.intuit.karate - request:
1 > POST https://siasis-dev.vercel.app/api/auth/login
1 > Cookie: Apellidos=Centeno%20Diaz; Google_Drive_Foto_ID=1Jv0B596JMyZMRO7MFcdXW0nN8AI7hFIe; Nombres=Jose; Genero=M; Rol=PA; token=eyJhbGciOiJIUzI1NiIsInR5cCI6IkpXVCJ9.eyJJRF9Vc3VhcmlvIjoiNDE4MDk5MTAiLCJOb21icmVfVXN1YXJpbyI6Impvc2VfY2VudGVub180MTgwIiwiUkRQMDJfSU5TVEFOQ0UiOiJSRFAwMl9JTlMyIiwiUkRQMDNfSU5TVEFOQ0UiOiJSRFAwM19JTlM1IiwiUm9sIjoiUEEiLCJpYXQiOjE3NTE5NTc3ODgsImV4cCI6MTc1MTk3NTc4OH0.oF8HPmIgVgdUA9JGrnvw0V32Nr12PWhGY8ppLDsyO_I
1 > Content-Type: application/json; charset=UTF-8
1 > Content-Length: 447
1 > Host: siasis-dev.vercel.app
1 > Connection: Keep-Alive
1 > User-Agent: Apache-HttpClient/4.5.14 (Java/17.0.12)
1 > Accept-Encoding: gzip,deflate
{
  "Nombres": "Elena Serafina",
  "Apellidos": "Cullanco Espilco",
  "token": "eyJhbGciOiJIUzI1NiIsInR5cCI6IkpXVCJ9.eyJJRF9Vc3VhcmlvIjoiMSIsIk5vbWJyZV9Vc3VhcmlvIjoiZGlyZWN0b3IuYXN1bmNpb244IiwiUkRQMDJfSU5TVEFOQ0UiOiJSRFAwMl9JTlMyIiwiUkRQMDNfSU5TVEFOQ0UiOiJSRFAwM19JTlMxIiwiUm9sIjoiRCIsImlhdCI6MTc1MTk1Nzc4OSwiZXhwIjoxNzUxOTc1Nzg5fQ.hubD-Mug5z6oZSKNdDYa87YePZ-FXpqqIDWeEg7RmIU",
  "Genero": "F",
  "Google_Drive_Foto_ID": "1pMkv-ba_T2mBKxjp_zBTZtgWEjwxPxdu",
  "Rol": "D"
}


01:56:39.374 [pool-2-thread-4] DEBUG com.intuit.karate - response time in milliseconds: 421
1 < 201
1 < Cache-Control: public, max-age=0, must-revalidate
1 < Content-Length: 0
1 < Date: Tue, 08 Jul 2025 06:56:29 GMT
1 < Server: Vercel
1 < Set-Cookie: Nombres=Jose; Max-Age=18000; Path=/; HttpOnly; Secure; SameSite=Lax
1 < Set-Cookie: Apellidos=Centeno%20Diaz; Max-Age=18000; Path=/; HttpOnly; Secure; SameSite=Lax
1 < Set-Cookie: Rol=PA; Max-Age=18000; Path=/; HttpOnly; Secure; SameSite=Lax
1 < Set-Cookie: token=eyJhbGciOiJIUzI1NiIsInR5cCI6IkpXVCJ9.eyJJRF9Vc3VhcmlvIjoiNDE4MDk5MTAiLCJOb21icmVfVXN1YXJpbyI6Impvc2VfY2VudGVub180MTgwIiwiUkRQMDJfSU5TVEFOQ0UiOiJSRFAwMl9JTlMzIiwiUkRQMDNfSU5TVEFOQ0UiOiJSRFAwM19JTlMxIiwiUm9sIjoiUEEiLCJpYXQiOjE3NTE5NTc3ODksImV4cCI6MTc1MTk3NTc4OX0.9an_NW9QKaLXixdnKUZoQ4vkXqwxVSHR976VQsvZWoI; Max-Age=18000; Path=/; HttpOnly; Secure; SameSite=Lax
1 < Set-Cookie: Genero=M; Max-Age=18000; Path=/; HttpOnly; Secure; SameSite=Lax
1 < Set-Cookie: Google_Drive_Foto_ID=1Jv0B596JMyZMRO7MFcdXW0nN8AI7hFIe; Max-Age=18000; Path=/; HttpOnly; Secure; SameSite=Lax
1 < Strict-Transport-Security: max-age=63072000; includeSubDomains; preload
1 < Vary: RSC, Next-Router-State-Tree, Next-Router-Prefetch, Next-Router-Segment-Prefetch
1 < X-Matched-Path: /api/auth/login
1 < X-Vercel-Cache: MISS
1 < X-Vercel-Id: gru1::iad1::zh6qw-1751957789755-7c0081c1dfe4


01:56:39.376 [pool-2-thread-4] DEBUG c.intuit.karate.core.ScenarioEngine - over-writing existing variable 'fechaHoraEsperadaISO' with new value: getAdjustedTime()
01:56:39.378 [pool-2-thread-4] DEBUG com.intuit.karate - request:
1 > POST https://siasis-dev.vercel.app/api/asistencia-hoy/marcar
1 > Cookie: Apellidos=Centeno%20Diaz; Google_Drive_Foto_ID=1Jv0B596JMyZMRO7MFcdXW0nN8AI7hFIe; Nombres=Jose; Genero=M; Rol=PA; token=eyJhbGciOiJIUzI1NiIsInR5cCI6IkpXVCJ9.eyJJRF9Vc3VhcmlvIjoiNDE4MDk5MTAiLCJOb21icmVfVXN1YXJpbyI6Impvc2VfY2VudGVub180MTgwIiwiUkRQMDJfSU5TVEFOQ0UiOiJSRFAwMl9JTlMzIiwiUkRQMDNfSU5TVEFOQ0UiOiJSRFAwM19JTlMxIiwiUm9sIjoiUEEiLCJpYXQiOjE3NTE5NTc3ODksImV4cCI6MTc1MTk3NTc4OX0.9an_NW9QKaLXixdnKUZoQ4vkXqwxVSHR976VQsvZWoI
1 > Content-Type: application/json; charset=UTF-8
1 > Content-Length: 70
1 > Host: siasis-dev.vercel.app
1 > Connection: Keep-Alive
1 > User-Agent: Apache-HttpClient/4.5.14 (Java/17.0.12)
1 > Accept-Encoding: gzip,deflate
{
  "ModoRegistro": "E",
  "FechaHoraEsperadaISO": "2025-07-08T05:56:39.375Z"
}


01:56:39.685 [pool-2-thread-3] DEBUG com.intuit.karate - response time in milliseconds: 536
1 < 200
1 < Access-Control-Allow-Origin: *
1 < Cache-Control: public, max-age=0, must-revalidate
1 < Content-Length: 509
1 < Content-Type: application/json; charset=utf-8
1 < Date: Tue, 08 Jul 2025 06:56:30 GMT
1 < Etag: W/"1fd-veeOOuiSe5CsGip/87rhYR2Ma+E"
1 < Server: Vercel
1 < Strict-Transport-Security: max-age=63072000; includeSubDomains; preload
1 < X-Powered-By: Express
1 < X-Vercel-Cache: MISS
1 < X-Vercel-Id: gru1::iad1::bsmv9-1751957789943-133b8037ba0f
{
  "success": true,
  "message": "Inicio de sesión exitoso",
  "data": {
    "Apellidos": "Cullanco Espilco",
    "Nombres": "Elena Serafina",
    "Rol": "D",
    "token": "eyJhbGciOiJIUzI1NiIsInR5cCI6IkpXVCJ9.eyJJRF9Vc3VhcmlvIjoiMSIsIk5vbWJyZV9Vc3VhcmlvIjoiZGlyZWN0b3IuYXN1bmNpb244IiwiUkRQMDJfSU5TVEFOQ0UiOiJSRFAwMl9JTlMzIiwiUkRQMDNfSU5TVEFOQ0UiOiJSRFAwM19JTlMxIiwiUm9sIjoiRCIsImlhdCI6MTc1MTk1Nzc5MCwiZXhwIjoxNzUxOTc1NzkwfQ.proRaEN8WzVyaFrCLlL2sCP4p9TdTB7nA8W4PqQnaCQ",
    "Google_Drive_Foto_ID": "1pMkv-ba_T2mBKxjp_zBTZtgWEjwxPxdu",
    "Genero": "F"
  }
}


01:56:39.687 [pool-2-thread-3] INFO  com.intuit.karate - [print] eyJhbGciOiJIUzI1NiIsInR5cCI6IkpXVCJ9.eyJJRF9Vc3VhcmlvIjoiMSIsIk5vbWJyZV9Vc3VhcmlvIjoiZGlyZWN0b3IuYXN1bmNpb244IiwiUkRQMDJfSU5TVEFOQ0UiOiJSRFAwMl9JTlMzIiwiUkRQMDNfSU5TVEFOQ0UiOiJSRFAwM19JTlMxIiwiUm9sIjoiRCIsImlhdCI6MTc1MTk1Nzc5MCwiZXhwIjoxNzUxOTc1NzkwfQ.proRaEN8WzVyaFrCLlL2sCP4p9TdTB7nA8W4PqQnaCQ 
01:56:39.687 [pool-2-thread-3] INFO  com.intuit.karate - [print] D 
01:56:39.689 [pool-2-thread-3] DEBUG com.intuit.karate - request:
1 > POST https://siasis-dev.vercel.app/api/auth/login
1 > Cookie: Apellidos=Centeno%20Diaz; Google_Drive_Foto_ID=1sU6Vjh0xUDJ3oT2Za_t41Q1QqUte2bHy; Nombres=Jose; Genero=M; Rol=PA; token=eyJhbGciOiJIUzI1NiIsInR5cCI6IkpXVCJ9.eyJJRF9Vc3VhcmlvIjoiNDE4MDk5MTAiLCJOb21icmVfVXN1YXJpbyI6Impvc2VfY2VudGVub180MTgwIiwiUkRQMDJfSU5TVEFOQ0UiOiJSRFAwMl9JTlMyIiwiUkRQMDNfSU5TVEFOQ0UiOiJSRFAwM19JTlM0IiwiUm9sIjoiUEEiLCJpYXQiOjE3NTE5NTc3ODgsImV4cCI6MTc1MTk3NTc4OH0.m-JEfYy9aeLgVzvLkmBM0WpczznLoRRxb-JovjziLWo
1 > Content-Type: application/json; charset=UTF-8
1 > Content-Length: 447
1 > Host: siasis-dev.vercel.app
1 > Connection: Keep-Alive
1 > User-Agent: Apache-HttpClient/4.5.14 (Java/17.0.12)
1 > Accept-Encoding: gzip,deflate
{
  "Nombres": "Elena Serafina",
  "Apellidos": "Cullanco Espilco",
  "token": "eyJhbGciOiJIUzI1NiIsInR5cCI6IkpXVCJ9.eyJJRF9Vc3VhcmlvIjoiMSIsIk5vbWJyZV9Vc3VhcmlvIjoiZGlyZWN0b3IuYXN1bmNpb244IiwiUkRQMDJfSU5TVEFOQ0UiOiJSRFAwMl9JTlMzIiwiUkRQMDNfSU5TVEFOQ0UiOiJSRFAwM19JTlMxIiwiUm9sIjoiRCIsImlhdCI6MTc1MTk1Nzc5MCwiZXhwIjoxNzUxOTc1NzkwfQ.proRaEN8WzVyaFrCLlL2sCP4p9TdTB7nA8W4PqQnaCQ",
  "Genero": "F",
  "Google_Drive_Foto_ID": "1pMkv-ba_T2mBKxjp_zBTZtgWEjwxPxdu",
  "Rol": "D"
}


01:56:39.704 [pool-2-thread-1] DEBUG com.intuit.karate - response time in milliseconds: 409
1 < 201
1 < Cache-Control: public, max-age=0, must-revalidate
1 < Content-Length: 0
1 < Date: Tue, 08 Jul 2025 06:56:30 GMT
1 < Server: Vercel
1 < Set-Cookie: Nombres=Elena%20Serafina; Max-Age=18000; Path=/; HttpOnly; Secure; SameSite=Lax
1 < Set-Cookie: Apellidos=Cullanco%20Espilco; Max-Age=18000; Path=/; HttpOnly; Secure; SameSite=Lax
1 < Set-Cookie: Rol=D; Max-Age=18000; Path=/; HttpOnly; Secure; SameSite=Lax
1 < Set-Cookie: token=eyJhbGciOiJIUzI1NiIsInR5cCI6IkpXVCJ9.eyJJRF9Vc3VhcmlvIjoiMSIsIk5vbWJyZV9Vc3VhcmlvIjoiZGlyZWN0b3IuYXN1bmNpb244IiwiUkRQMDJfSU5TVEFOQ0UiOiJSRFAwMl9JTlMyIiwiUkRQMDNfSU5TVEFOQ0UiOiJSRFAwM19JTlMxIiwiUm9sIjoiRCIsImlhdCI6MTc1MTk1Nzc4OSwiZXhwIjoxNzUxOTc1Nzg5fQ.hubD-Mug5z6oZSKNdDYa87YePZ-FXpqqIDWeEg7RmIU; Max-Age=18000; Path=/; HttpOnly; Secure; SameSite=Lax
1 < Set-Cookie: Genero=F; Max-Age=18000; Path=/; HttpOnly; Secure; SameSite=Lax
1 < Set-Cookie: Google_Drive_Foto_ID=1pMkv-ba_T2mBKxjp_zBTZtgWEjwxPxdu; Max-Age=18000; Path=/; HttpOnly; Secure; SameSite=Lax
1 < Strict-Transport-Security: max-age=63072000; includeSubDomains; preload
1 < Vary: RSC, Next-Router-State-Tree, Next-Router-Prefetch, Next-Router-Segment-Prefetch
1 < X-Matched-Path: /api/auth/login
1 < X-Vercel-Cache: MISS
1 < X-Vercel-Id: gru1::iad1::zdj87-1751957790093-478a0571f915


01:56:39.709 [pool-2-thread-1] DEBUG com.intuit.karate - request:
1 > GET https://siasis-dev.vercel.app/api/asistencia-hoy/consultar-asistencias-tomadas?Actor=D&TipoAsistencia=personal&ID_o_DNI=15430124&ModoRegistro=E
1 > Cookie: Apellidos=Cullanco%20Espilco; Google_Drive_Foto_ID=1pMkv-ba_T2mBKxjp_zBTZtgWEjwxPxdu; Nombres=Elena%20Serafina; Genero=F; Rol=D; token=eyJhbGciOiJIUzI1NiIsInR5cCI6IkpXVCJ9.eyJJRF9Vc3VhcmlvIjoiMSIsIk5vbWJyZV9Vc3VhcmlvIjoiZGlyZWN0b3IuYXN1bmNpb244IiwiUkRQMDJfSU5TVEFOQ0UiOiJSRFAwMl9JTlMyIiwiUkRQMDNfSU5TVEFOQ0UiOiJSRFAwM19JTlMxIiwiUm9sIjoiRCIsImlhdCI6MTc1MTk1Nzc4OSwiZXhwIjoxNzUxOTc1Nzg5fQ.hubD-Mug5z6oZSKNdDYa87YePZ-FXpqqIDWeEg7RmIU
1 > Host: siasis-dev.vercel.app
1 > Connection: Keep-Alive
1 > User-Agent: Apache-HttpClient/4.5.14 (Java/17.0.12)
1 > Accept-Encoding: gzip,deflate


01:56:39.890 [pool-2-thread-2] DEBUG com.intuit.karate - response time in milliseconds: 704
1 < 200
1 < Cache-Control: public, max-age=0, must-revalidate
1 < Content-Type: application/json
1 < Date: Tue, 08 Jul 2025 06:56:30 GMT
1 < Server: Vercel
1 < Strict-Transport-Security: max-age=63072000; includeSubDomains; preload
1 < Vary: RSC, Next-Router-State-Tree, Next-Router-Prefetch, Next-Router-Segment-Prefetch
1 < X-Matched-Path: /api/asistencia-hoy/marcar
1 < X-Vercel-Cache: MISS
1 < X-Vercel-Id: gru1::iad1::6p887-1751957789984-16afd1457776
1 < Transfer-Encoding: chunked
{
  "success": true,
  "message": "La asistencia ya había sido registrada anteriormente",
  "data": {
    "timestamp": 1751957790084,
    "desfaseSegundos": 3590,
    "esNuevoRegistro": false,
    "esRegistroPropio": false,
    "actorRegistrado": "PA",
    "tipoAsistencia": "personal"
  }
}


01:56:39.891 [pool-2-thread-2] DEBUG c.intuit.karate.core.ScenarioEngine - over-writing existing variable 'loginFeature' with new value: 'classpath:resources/features/login/Directivo.feature'
01:56:39.899 [pool-2-thread-2] DEBUG c.intuit.karate.core.ScenarioEngine - over-writing existing variable 'loginResponse' with new value: call read(loginFeature)
01:56:39.908 [pool-2-thread-2] DEBUG com.intuit.karate - request:
1 > POST https://api01-siasis-dev.vercel.app/api/login/directivo
1 > Cookie: Apellidos=Centeno%20Diaz; Google_Drive_Foto_ID=1sU6Vjh0xUDJ3oT2Za_t41Q1QqUte2bHy; Nombres=Jose; Genero=M; Rol=PA; token=eyJhbGciOiJIUzI1NiIsInR5cCI6IkpXVCJ9.eyJJRF9Vc3VhcmlvIjoiNDE4MDk5MTAiLCJOb21icmVfVXN1YXJpbyI6Impvc2VfY2VudGVub180MTgwIiwiUkRQMDJfSU5TVEFOQ0UiOiJSRFAwMl9JTlMyIiwiUkRQMDNfSU5TVEFOQ0UiOiJSRFAwM19JTlMzIiwiUm9sIjoiUEEiLCJpYXQiOjE3NTE5NTc3ODksImV4cCI6MTc1MTk3NTc4OX0.J7VZt3PUmqIgvd6bB2fNZMl5_FYGK9cJQoNDM4EnyTk
1 > Content-Type: application/json; charset=UTF-8
1 > Content-Length: 64
1 > Host: api01-siasis-dev.vercel.app
1 > Connection: Keep-Alive
1 > User-Agent: Apache-HttpClient/4.5.14 (Java/17.0.12)
1 > Accept-Encoding: gzip,deflate
{
  "Nombre_Usuario": "director.asuncion8",
  "Contraseña": "15430124"
}


01:56:39.937 [pool-2-thread-5] DEBUG com.intuit.karate - response time in milliseconds: 806
1 < 200
1 < Age: 0
1 < Cache-Control: public, max-age=0, must-revalidate
1 < Content-Type: application/json
1 < Date: Tue, 08 Jul 2025 06:56:30 GMT
1 < Server: Vercel
1 < Strict-Transport-Security: max-age=63072000; includeSubDomains; preload
1 < Vary: RSC, Next-Router-State-Tree, Next-Router-Prefetch, Next-Router-Segment-Prefetch
1 < X-Matched-Path: /api/asistencia-hoy/consultar-asistencias-tomadas
1 < X-Vercel-Cache: MISS
1 < X-Vercel-Id: gru1::iad1::lw4h4-1751957789929-bbea605191fc
1 < Transfer-Encoding: chunked
{
  "Actor": "PA",
  "Dia": 8,
  "Mes": 7,
  "ModoRegistro": "E",
  "TipoAsistencia": "personal",
  "Resultados": {
    "ID_o_DNI": "41809910",
    "AsistenciaMarcada": true,
    "Detalles": {
      "Timestamp": 1751952320275,
      "DesfaseSegundos": 3590
    }
  }
}


01:56:39.971 [pool-2-thread-5] DEBUG com.intuit.karate - request:
1 > POST https://api01-siasis-dev.vercel.app/api/login/directivo
1 > Content-Type: application/json; charset=UTF-8
1 > Content-Length: 64
1 > Host: api01-siasis-dev.vercel.app
1 > Connection: Keep-Alive
1 > User-Agent: Apache-HttpClient/4.5.14 (Java/17.0.12)
1 > Accept-Encoding: gzip,deflate
{
  "Nombre_Usuario": "director.asuncion8",
  "Contraseña": "15430124"
}


01:56:40.131 [pool-2-thread-3] DEBUG com.intuit.karate - response time in milliseconds: 440
1 < 201
1 < Cache-Control: public, max-age=0, must-revalidate
1 < Content-Length: 0
1 < Date: Tue, 08 Jul 2025 06:56:30 GMT
1 < Server: Vercel
1 < Set-Cookie: Nombres=Elena%20Serafina; Max-Age=18000; Path=/; HttpOnly; Secure; SameSite=Lax
1 < Set-Cookie: Apellidos=Cullanco%20Espilco; Max-Age=18000; Path=/; HttpOnly; Secure; SameSite=Lax
1 < Set-Cookie: Rol=D; Max-Age=18000; Path=/; HttpOnly; Secure; SameSite=Lax
1 < Set-Cookie: token=eyJhbGciOiJIUzI1NiIsInR5cCI6IkpXVCJ9.eyJJRF9Vc3VhcmlvIjoiMSIsIk5vbWJyZV9Vc3VhcmlvIjoiZGlyZWN0b3IuYXN1bmNpb244IiwiUkRQMDJfSU5TVEFOQ0UiOiJSRFAwMl9JTlMzIiwiUkRQMDNfSU5TVEFOQ0UiOiJSRFAwM19JTlMxIiwiUm9sIjoiRCIsImlhdCI6MTc1MTk1Nzc5MCwiZXhwIjoxNzUxOTc1NzkwfQ.proRaEN8WzVyaFrCLlL2sCP4p9TdTB7nA8W4PqQnaCQ; Max-Age=18000; Path=/; HttpOnly; Secure; SameSite=Lax
1 < Set-Cookie: Genero=F; Max-Age=18000; Path=/; HttpOnly; Secure; SameSite=Lax
1 < Set-Cookie: Google_Drive_Foto_ID=1pMkv-ba_T2mBKxjp_zBTZtgWEjwxPxdu; Max-Age=18000; Path=/; HttpOnly; Secure; SameSite=Lax
1 < Strict-Transport-Security: max-age=63072000; includeSubDomains; preload
1 < Vary: RSC, Next-Router-State-Tree, Next-Router-Prefetch, Next-Router-Segment-Prefetch
1 < X-Matched-Path: /api/auth/login
1 < X-Vercel-Cache: MISS
1 < X-Vercel-Id: gru1::iad1::cq8gr-1751957790512-6557504c1110


01:56:40.136 [pool-2-thread-3] DEBUG com.intuit.karate - request:
1 > GET https://siasis-dev.vercel.app/api/asistencia-hoy/consultar-asistencias-tomadas?Actor=PP&TipoAsistencia=personal&ID_o_DNI=15378317&ModoRegistro=E
1 > Cookie: Apellidos=Cullanco%20Espilco; Google_Drive_Foto_ID=1pMkv-ba_T2mBKxjp_zBTZtgWEjwxPxdu; Nombres=Elena%20Serafina; Genero=F; Rol=D; token=eyJhbGciOiJIUzI1NiIsInR5cCI6IkpXVCJ9.eyJJRF9Vc3VhcmlvIjoiMSIsIk5vbWJyZV9Vc3VhcmlvIjoiZGlyZWN0b3IuYXN1bmNpb244IiwiUkRQMDJfSU5TVEFOQ0UiOiJSRFAwMl9JTlMzIiwiUkRQMDNfSU5TVEFOQ0UiOiJSRFAwM19JTlMxIiwiUm9sIjoiRCIsImlhdCI6MTc1MTk1Nzc5MCwiZXhwIjoxNzUxOTc1NzkwfQ.proRaEN8WzVyaFrCLlL2sCP4p9TdTB7nA8W4PqQnaCQ
1 > Host: siasis-dev.vercel.app
1 > Connection: Keep-Alive
1 > User-Agent: Apache-HttpClient/4.5.14 (Java/17.0.12)
1 > Accept-Encoding: gzip,deflate


01:56:40.223 [pool-2-thread-4] DEBUG com.intuit.karate - response time in milliseconds: 844
1 < 200
1 < Cache-Control: public, max-age=0, must-revalidate
1 < Content-Type: application/json
1 < Date: Tue, 08 Jul 2025 06:56:30 GMT
1 < Server: Vercel
1 < Strict-Transport-Security: max-age=63072000; includeSubDomains; preload
1 < Vary: RSC, Next-Router-State-Tree, Next-Router-Prefetch, Next-Router-Segment-Prefetch
1 < X-Matched-Path: /api/asistencia-hoy/marcar
1 < X-Vercel-Cache: MISS
1 < X-Vercel-Id: gru1::iad1::zpjsk-1751957790175-8f0075ee96ed
1 < Transfer-Encoding: chunked
{
  "success": true,
  "message": "La asistencia ya había sido registrada anteriormente",
  "data": {
    "timestamp": 1751957790283,
    "desfaseSegundos": 3590,
    "esNuevoRegistro": false,
    "esRegistroPropio": false,
    "actorRegistrado": "PA",
    "tipoAsistencia": "personal"
  }
}


01:56:40.224 [pool-2-thread-4] DEBUG c.intuit.karate.core.ScenarioEngine - over-writing existing variable 'loginFeature' with new value: 'classpath:resources/features/login/Directivo.feature'
01:56:40.231 [pool-2-thread-4] DEBUG c.intuit.karate.core.ScenarioEngine - over-writing existing variable 'loginResponse' with new value: call read(loginFeature)
01:56:40.240 [pool-2-thread-4] DEBUG com.intuit.karate - request:
1 > POST https://api01-siasis-dev.vercel.app/api/login/directivo
1 > Cookie: Apellidos=Centeno%20Diaz; Google_Drive_Foto_ID=1Jv0B596JMyZMRO7MFcdXW0nN8AI7hFIe; Nombres=Jose; Genero=M; Rol=PA; token=eyJhbGciOiJIUzI1NiIsInR5cCI6IkpXVCJ9.eyJJRF9Vc3VhcmlvIjoiNDE4MDk5MTAiLCJOb21icmVfVXN1YXJpbyI6Impvc2VfY2VudGVub180MTgwIiwiUkRQMDJfSU5TVEFOQ0UiOiJSRFAwMl9JTlMzIiwiUkRQMDNfSU5TVEFOQ0UiOiJSRFAwM19JTlMxIiwiUm9sIjoiUEEiLCJpYXQiOjE3NTE5NTc3ODksImV4cCI6MTc1MTk3NTc4OX0.9an_NW9QKaLXixdnKUZoQ4vkXqwxVSHR976VQsvZWoI
1 > Content-Type: application/json; charset=UTF-8
1 > Content-Length: 64
1 > Host: api01-siasis-dev.vercel.app
1 > Connection: Keep-Alive
1 > User-Agent: Apache-HttpClient/4.5.14 (Java/17.0.12)
1 > Accept-Encoding: gzip,deflate
{
  "Nombre_Usuario": "director.asuncion8",
  "Contraseña": "15430124"
}


01:56:40.414 [pool-2-thread-1] DEBUG com.intuit.karate - response time in milliseconds: 702
1 < 200
1 < Age: 0
1 < Cache-Control: public, max-age=0, must-revalidate
1 < Content-Type: application/json
1 < Date: Tue, 08 Jul 2025 06:56:30 GMT
1 < Server: Vercel
1 < Strict-Transport-Security: max-age=63072000; includeSubDomains; preload
1 < Vary: RSC, Next-Router-State-Tree, Next-Router-Prefetch, Next-Router-Segment-Prefetch
1 < X-Matched-Path: /api/asistencia-hoy/consultar-asistencias-tomadas
1 < X-Vercel-Cache: MISS
1 < X-Vercel-Id: gru1::iad1::zdj87-1751957790513-916e9a345b92
1 < Transfer-Encoding: chunked
{
  "Actor": "D",
  "Dia": 8,
  "Mes": 7,
  "ModoRegistro": "E",
  "TipoAsistencia": "personal",
  "Resultados": {
    "ID_o_DNI": "15430124",
    "AsistenciaMarcada": true,
    "Detalles": {
      "Timestamp": 1751955819922,
      "DesfaseSegundos": 3590
    }
  }
}


01:56:40.436 [pool-2-thread-2] DEBUG com.intuit.karate - response time in milliseconds: 527
1 < 200
1 < Access-Control-Allow-Origin: *
1 < Cache-Control: public, max-age=0, must-revalidate
1 < Content-Length: 509
1 < Content-Type: application/json; charset=utf-8
1 < Date: Tue, 08 Jul 2025 06:56:30 GMT
1 < Etag: W/"1fd-ksk5Snh/kv+kP+/orwx50K/OL6s"
1 < Server: Vercel
1 < Strict-Transport-Security: max-age=63072000; includeSubDomains; preload
1 < X-Powered-By: Express
1 < X-Vercel-Cache: MISS
1 < X-Vercel-Id: gru1::iad1::2cxpp-1751957790706-48744af9f29d
{
  "success": true,
  "message": "Inicio de sesión exitoso",
  "data": {
    "Apellidos": "Cullanco Espilco",
    "Nombres": "Elena Serafina",
    "Rol": "D",
    "token": "eyJhbGciOiJIUzI1NiIsInR5cCI6IkpXVCJ9.eyJJRF9Vc3VhcmlvIjoiMSIsIk5vbWJyZV9Vc3VhcmlvIjoiZGlyZWN0b3IuYXN1bmNpb244IiwiUkRQMDJfSU5TVEFOQ0UiOiJSRFAwMl9JTlMyIiwiUkRQMDNfSU5TVEFOQ0UiOiJSRFAwM19JTlMyIiwiUm9sIjoiRCIsImlhdCI6MTc1MTk1Nzc5MCwiZXhwIjoxNzUxOTc1NzkwfQ.9gJ_NtKqpnMixRftGZm-CExXL-nafmeAMAWWe4iTc4o",
    "Google_Drive_Foto_ID": "1pMkv-ba_T2mBKxjp_zBTZtgWEjwxPxdu",
    "Genero": "F"
  }
}


01:56:40.442 [pool-2-thread-2] INFO  com.intuit.karate - [print] eyJhbGciOiJIUzI1NiIsInR5cCI6IkpXVCJ9.eyJJRF9Vc3VhcmlvIjoiMSIsIk5vbWJyZV9Vc3VhcmlvIjoiZGlyZWN0b3IuYXN1bmNpb244IiwiUkRQMDJfSU5TVEFOQ0UiOiJSRFAwMl9JTlMyIiwiUkRQMDNfSU5TVEFOQ0UiOiJSRFAwM19JTlMyIiwiUm9sIjoiRCIsImlhdCI6MTc1MTk1Nzc5MCwiZXhwIjoxNzUxOTc1NzkwfQ.9gJ_NtKqpnMixRftGZm-CExXL-nafmeAMAWWe4iTc4o 
01:56:40.443 [pool-2-thread-2] INFO  com.intuit.karate - [print] D 
01:56:40.446 [pool-2-thread-2] DEBUG com.intuit.karate - request:
1 > POST https://siasis-dev.vercel.app/api/auth/login
1 > Cookie: Apellidos=Centeno%20Diaz; Google_Drive_Foto_ID=1sU6Vjh0xUDJ3oT2Za_t41Q1QqUte2bHy; Nombres=Jose; Genero=M; Rol=PA; token=eyJhbGciOiJIUzI1NiIsInR5cCI6IkpXVCJ9.eyJJRF9Vc3VhcmlvIjoiNDE4MDk5MTAiLCJOb21icmVfVXN1YXJpbyI6Impvc2VfY2VudGVub180MTgwIiwiUkRQMDJfSU5TVEFOQ0UiOiJSRFAwMl9JTlMyIiwiUkRQMDNfSU5TVEFOQ0UiOiJSRFAwM19JTlMzIiwiUm9sIjoiUEEiLCJpYXQiOjE3NTE5NTc3ODksImV4cCI6MTc1MTk3NTc4OX0.J7VZt3PUmqIgvd6bB2fNZMl5_FYGK9cJQoNDM4EnyTk
1 > Content-Type: application/json; charset=UTF-8
1 > Content-Length: 447
1 > Host: siasis-dev.vercel.app
1 > Connection: Keep-Alive
1 > User-Agent: Apache-HttpClient/4.5.14 (Java/17.0.12)
1 > Accept-Encoding: gzip,deflate
{
  "Nombres": "Elena Serafina",
  "Apellidos": "Cullanco Espilco",
  "token": "eyJhbGciOiJIUzI1NiIsInR5cCI6IkpXVCJ9.eyJJRF9Vc3VhcmlvIjoiMSIsIk5vbWJyZV9Vc3VhcmlvIjoiZGlyZWN0b3IuYXN1bmNpb244IiwiUkRQMDJfSU5TVEFOQ0UiOiJSRFAwMl9JTlMyIiwiUkRQMDNfSU5TVEFOQ0UiOiJSRFAwM19JTlMyIiwiUm9sIjoiRCIsImlhdCI6MTc1MTk1Nzc5MCwiZXhwIjoxNzUxOTc1NzkwfQ.9gJ_NtKqpnMixRftGZm-CExXL-nafmeAMAWWe4iTc4o",
  "Genero": "F",
  "Google_Drive_Foto_ID": "1pMkv-ba_T2mBKxjp_zBTZtgWEjwxPxdu",
  "Rol": "D"
}


01:56:40.451 [pool-2-thread-1] DEBUG com.intuit.karate - request:
1 > POST https://api01-siasis-dev.vercel.app/api/login/directivo
1 > Content-Type: application/json; charset=UTF-8
1 > Content-Length: 64
1 > Host: api01-siasis-dev.vercel.app
1 > Connection: Keep-Alive
1 > User-Agent: Apache-HttpClient/4.5.14 (Java/17.0.12)
1 > Accept-Encoding: gzip,deflate
{
  "Nombre_Usuario": "director.asuncion8",
  "Contraseña": "15430124"
}


01:56:40.490 [pool-2-thread-5] DEBUG com.intuit.karate - response time in milliseconds: 517
1 < 200
1 < Access-Control-Allow-Origin: *
1 < Cache-Control: public, max-age=0, must-revalidate
1 < Content-Length: 509
1 < Content-Type: application/json; charset=utf-8
1 < Date: Tue, 08 Jul 2025 06:56:30 GMT
1 < Etag: W/"1fd-vbWK9PLYGnk/PKzpXvmGBrtK/Uc"
1 < Server: Vercel
1 < Strict-Transport-Security: max-age=63072000; includeSubDomains; preload
1 < X-Powered-By: Express
1 < X-Vercel-Cache: MISS
1 < X-Vercel-Id: gru1::iad1::zpjsk-1751957790772-e703ff8dfa9c
{
  "success": true,
  "message": "Inicio de sesión exitoso",
  "data": {
    "Apellidos": "Cullanco Espilco",
    "Nombres": "Elena Serafina",
    "Rol": "D",
    "token": "eyJhbGciOiJIUzI1NiIsInR5cCI6IkpXVCJ9.eyJJRF9Vc3VhcmlvIjoiMSIsIk5vbWJyZV9Vc3VhcmlvIjoiZGlyZWN0b3IuYXN1bmNpb244IiwiUkRQMDJfSU5TVEFOQ0UiOiJSRFAwMl9JTlMyIiwiUkRQMDNfSU5TVEFOQ0UiOiJSRFAwM19JTlMxIiwiUm9sIjoiRCIsImlhdCI6MTc1MTk1Nzc5MCwiZXhwIjoxNzUxOTc1NzkwfQ.ltbrwoiz30xu-LMlE2MPPvLzkPh_ok4TQR2UZJvIDZ8",
    "Google_Drive_Foto_ID": "1pMkv-ba_T2mBKxjp_zBTZtgWEjwxPxdu",
    "Genero": "F"
  }
}


01:56:40.495 [pool-2-thread-5] INFO  com.intuit.karate - [print] eyJhbGciOiJIUzI1NiIsInR5cCI6IkpXVCJ9.eyJJRF9Vc3VhcmlvIjoiMSIsIk5vbWJyZV9Vc3VhcmlvIjoiZGlyZWN0b3IuYXN1bmNpb244IiwiUkRQMDJfSU5TVEFOQ0UiOiJSRFAwMl9JTlMyIiwiUkRQMDNfSU5TVEFOQ0UiOiJSRFAwM19JTlMxIiwiUm9sIjoiRCIsImlhdCI6MTc1MTk1Nzc5MCwiZXhwIjoxNzUxOTc1NzkwfQ.ltbrwoiz30xu-LMlE2MPPvLzkPh_ok4TQR2UZJvIDZ8 
01:56:40.496 [pool-2-thread-5] INFO  com.intuit.karate - [print] D 
01:56:40.499 [pool-2-thread-5] DEBUG com.intuit.karate - request:
1 > POST https://siasis-dev.vercel.app/api/auth/login
1 > Content-Type: application/json; charset=UTF-8
1 > Content-Length: 447
1 > Host: siasis-dev.vercel.app
1 > Connection: Keep-Alive
1 > User-Agent: Apache-HttpClient/4.5.14 (Java/17.0.12)
1 > Accept-Encoding: gzip,deflate
{
  "Nombres": "Elena Serafina",
  "Apellidos": "Cullanco Espilco",
  "token": "eyJhbGciOiJIUzI1NiIsInR5cCI6IkpXVCJ9.eyJJRF9Vc3VhcmlvIjoiMSIsIk5vbWJyZV9Vc3VhcmlvIjoiZGlyZWN0b3IuYXN1bmNpb244IiwiUkRQMDJfSU5TVEFOQ0UiOiJSRFAwMl9JTlMyIiwiUkRQMDNfSU5TVEFOQ0UiOiJSRFAwM19JTlMxIiwiUm9sIjoiRCIsImlhdCI6MTc1MTk1Nzc5MCwiZXhwIjoxNzUxOTc1NzkwfQ.ltbrwoiz30xu-LMlE2MPPvLzkPh_ok4TQR2UZJvIDZ8",
  "Genero": "F",
  "Google_Drive_Foto_ID": "1pMkv-ba_T2mBKxjp_zBTZtgWEjwxPxdu",
  "Rol": "D"
}


01:56:40.771 [pool-2-thread-4] DEBUG com.intuit.karate - response time in milliseconds: 530
1 < 200
1 < Access-Control-Allow-Origin: *
1 < Cache-Control: public, max-age=0, must-revalidate
1 < Content-Length: 509
1 < Content-Type: application/json; charset=utf-8
1 < Date: Tue, 08 Jul 2025 06:56:31 GMT
1 < Etag: W/"1fd-925gWK8Llxb7urxfNj9KL3beGiI"
1 < Server: Vercel
1 < Strict-Transport-Security: max-age=63072000; includeSubDomains; preload
1 < X-Powered-By: Express
1 < X-Vercel-Cache: MISS
1 < X-Vercel-Id: gru1::iad1::zdj87-1751957791037-127ccb3bbf94
{
  "success": true,
  "message": "Inicio de sesión exitoso",
  "data": {
    "Apellidos": "Cullanco Espilco",
    "Nombres": "Elena Serafina",
    "Rol": "D",
    "token": "eyJhbGciOiJIUzI1NiIsInR5cCI6IkpXVCJ9.eyJJRF9Vc3VhcmlvIjoiMSIsIk5vbWJyZV9Vc3VhcmlvIjoiZGlyZWN0b3IuYXN1bmNpb244IiwiUkRQMDJfSU5TVEFOQ0UiOiJSRFAwMl9JTlMxIiwiUkRQMDNfSU5TVEFOQ0UiOiJSRFAwM19JTlMyIiwiUm9sIjoiRCIsImlhdCI6MTc1MTk1Nzc5MSwiZXhwIjoxNzUxOTc1NzkxfQ.J02g29mUP4DwhNWh4HkHydvqmP1i-JLx_LNTirc0T_g",
    "Google_Drive_Foto_ID": "1pMkv-ba_T2mBKxjp_zBTZtgWEjwxPxdu",
    "Genero": "F"
  }
}


01:56:40.774 [pool-2-thread-4] INFO  com.intuit.karate - [print] eyJhbGciOiJIUzI1NiIsInR5cCI6IkpXVCJ9.eyJJRF9Vc3VhcmlvIjoiMSIsIk5vbWJyZV9Vc3VhcmlvIjoiZGlyZWN0b3IuYXN1bmNpb244IiwiUkRQMDJfSU5TVEFOQ0UiOiJSRFAwMl9JTlMxIiwiUkRQMDNfSU5TVEFOQ0UiOiJSRFAwM19JTlMyIiwiUm9sIjoiRCIsImlhdCI6MTc1MTk1Nzc5MSwiZXhwIjoxNzUxOTc1NzkxfQ.J02g29mUP4DwhNWh4HkHydvqmP1i-JLx_LNTirc0T_g 
01:56:40.776 [pool-2-thread-4] INFO  com.intuit.karate - [print] D 
01:56:40.782 [pool-2-thread-4] DEBUG com.intuit.karate - request:
1 > POST https://siasis-dev.vercel.app/api/auth/login
1 > Cookie: Apellidos=Centeno%20Diaz; Google_Drive_Foto_ID=1Jv0B596JMyZMRO7MFcdXW0nN8AI7hFIe; Nombres=Jose; Genero=M; Rol=PA; token=eyJhbGciOiJIUzI1NiIsInR5cCI6IkpXVCJ9.eyJJRF9Vc3VhcmlvIjoiNDE4MDk5MTAiLCJOb21icmVfVXN1YXJpbyI6Impvc2VfY2VudGVub180MTgwIiwiUkRQMDJfSU5TVEFOQ0UiOiJSRFAwMl9JTlMzIiwiUkRQMDNfSU5TVEFOQ0UiOiJSRFAwM19JTlMxIiwiUm9sIjoiUEEiLCJpYXQiOjE3NTE5NTc3ODksImV4cCI6MTc1MTk3NTc4OX0.9an_NW9QKaLXixdnKUZoQ4vkXqwxVSHR976VQsvZWoI
1 > Content-Type: application/json; charset=UTF-8
1 > Content-Length: 447
1 > Host: siasis-dev.vercel.app
1 > Connection: Keep-Alive
1 > User-Agent: Apache-HttpClient/4.5.14 (Java/17.0.12)
1 > Accept-Encoding: gzip,deflate
{
  "Nombres": "Elena Serafina",
  "Apellidos": "Cullanco Espilco",
  "token": "eyJhbGciOiJIUzI1NiIsInR5cCI6IkpXVCJ9.eyJJRF9Vc3VhcmlvIjoiMSIsIk5vbWJyZV9Vc3VhcmlvIjoiZGlyZWN0b3IuYXN1bmNpb244IiwiUkRQMDJfSU5TVEFOQ0UiOiJSRFAwMl9JTlMxIiwiUkRQMDNfSU5TVEFOQ0UiOiJSRFAwM19JTlMyIiwiUm9sIjoiRCIsImlhdCI6MTc1MTk1Nzc5MSwiZXhwIjoxNzUxOTc1NzkxfQ.J02g29mUP4DwhNWh4HkHydvqmP1i-JLx_LNTirc0T_g",
  "Genero": "F",
  "Google_Drive_Foto_ID": "1pMkv-ba_T2mBKxjp_zBTZtgWEjwxPxdu",
  "Rol": "D"
}


01:56:40.829 [pool-2-thread-3] DEBUG com.intuit.karate - response time in milliseconds: 692
1 < 200
1 < Age: 0
1 < Cache-Control: public, max-age=0, must-revalidate
1 < Content-Type: application/json
1 < Date: Tue, 08 Jul 2025 06:56:31 GMT
1 < Server: Vercel
1 < Strict-Transport-Security: max-age=63072000; includeSubDomains; preload
1 < Vary: RSC, Next-Router-State-Tree, Next-Router-Prefetch, Next-Router-Segment-Prefetch
1 < X-Matched-Path: /api/asistencia-hoy/consultar-asistencias-tomadas
1 < X-Vercel-Cache: MISS
1 < X-Vercel-Id: gru1::iad1::kr4zd-1751957790937-81ec9208d451
1 < Transfer-Encoding: chunked
{
  "Actor": "PP",
  "Dia": 8,
  "Mes": 7,
  "ModoRegistro": "E",
  "TipoAsistencia": "personal",
  "Resultados": {
    "ID_o_DNI": "15378317",
    "AsistenciaMarcada": true,
    "Detalles": {
      "Timestamp": 1751949827308,
      "DesfaseSegundos": 21590
    }
  }
}


01:56:40.860 [pool-2-thread-3] DEBUG com.intuit.karate - request:
1 > POST https://api01-siasis-dev.vercel.app/api/login/directivo
1 > Content-Type: application/json; charset=UTF-8
1 > Content-Length: 64
1 > Host: api01-siasis-dev.vercel.app
1 > Connection: Keep-Alive
1 > User-Agent: Apache-HttpClient/4.5.14 (Java/17.0.12)
1 > Accept-Encoding: gzip,deflate
{
  "Nombre_Usuario": "director.asuncion8",
  "Contraseña": "15430124"
}


01:56:40.874 [pool-2-thread-2] DEBUG com.intuit.karate - response time in milliseconds: 427
1 < 201
1 < Cache-Control: public, max-age=0, must-revalidate
1 < Content-Length: 0
1 < Date: Tue, 08 Jul 2025 06:56:31 GMT
1 < Server: Vercel
1 < Set-Cookie: Nombres=Elena%20Serafina; Max-Age=18000; Path=/; HttpOnly; Secure; SameSite=Lax
1 < Set-Cookie: Apellidos=Cullanco%20Espilco; Max-Age=18000; Path=/; HttpOnly; Secure; SameSite=Lax
1 < Set-Cookie: Rol=D; Max-Age=18000; Path=/; HttpOnly; Secure; SameSite=Lax
1 < Set-Cookie: token=eyJhbGciOiJIUzI1NiIsInR5cCI6IkpXVCJ9.eyJJRF9Vc3VhcmlvIjoiMSIsIk5vbWJyZV9Vc3VhcmlvIjoiZGlyZWN0b3IuYXN1bmNpb244IiwiUkRQMDJfSU5TVEFOQ0UiOiJSRFAwMl9JTlMyIiwiUkRQMDNfSU5TVEFOQ0UiOiJSRFAwM19JTlMyIiwiUm9sIjoiRCIsImlhdCI6MTc1MTk1Nzc5MCwiZXhwIjoxNzUxOTc1NzkwfQ.9gJ_NtKqpnMixRftGZm-CExXL-nafmeAMAWWe4iTc4o; Max-Age=18000; Path=/; HttpOnly; Secure; SameSite=Lax
1 < Set-Cookie: Genero=F; Max-Age=18000; Path=/; HttpOnly; Secure; SameSite=Lax
1 < Set-Cookie: Google_Drive_Foto_ID=1pMkv-ba_T2mBKxjp_zBTZtgWEjwxPxdu; Max-Age=18000; Path=/; HttpOnly; Secure; SameSite=Lax
1 < Strict-Transport-Security: max-age=63072000; includeSubDomains; preload
1 < Vary: RSC, Next-Router-State-Tree, Next-Router-Prefetch, Next-Router-Segment-Prefetch
1 < X-Matched-Path: /api/auth/login
1 < X-Vercel-Cache: MISS
1 < X-Vercel-Id: gru1::iad1::bdvft-1751957791241-8a8b3b0c0a4d


01:56:40.879 [pool-2-thread-2] DEBUG com.intuit.karate - request:
1 > GET https://siasis-dev.vercel.app/api/asistencia-hoy/consultar-asistencias-tomadas?Actor=A&TipoAsistencia=personal&ID_o_DNI=15357278&ModoRegistro=E
1 > Cookie: Apellidos=Cullanco%20Espilco; Google_Drive_Foto_ID=1pMkv-ba_T2mBKxjp_zBTZtgWEjwxPxdu; Nombres=Elena%20Serafina; Genero=F; Rol=D; token=eyJhbGciOiJIUzI1NiIsInR5cCI6IkpXVCJ9.eyJJRF9Vc3VhcmlvIjoiMSIsIk5vbWJyZV9Vc3VhcmlvIjoiZGlyZWN0b3IuYXN1bmNpb244IiwiUkRQMDJfSU5TVEFOQ0UiOiJSRFAwMl9JTlMyIiwiUkRQMDNfSU5TVEFOQ0UiOiJSRFAwM19JTlMyIiwiUm9sIjoiRCIsImlhdCI6MTc1MTk1Nzc5MCwiZXhwIjoxNzUxOTc1NzkwfQ.9gJ_NtKqpnMixRftGZm-CExXL-nafmeAMAWWe4iTc4o
1 > Host: siasis-dev.vercel.app
1 > Connection: Keep-Alive
1 > User-Agent: Apache-HttpClient/4.5.14 (Java/17.0.12)
1 > Accept-Encoding: gzip,deflate


01:56:40.924 [pool-2-thread-5] DEBUG com.intuit.karate - response time in milliseconds: 424
1 < 201
1 < Cache-Control: public, max-age=0, must-revalidate
1 < Content-Length: 0
1 < Date: Tue, 08 Jul 2025 06:56:31 GMT
1 < Server: Vercel
1 < Set-Cookie: Nombres=Elena%20Serafina; Max-Age=18000; Path=/; HttpOnly; Secure; SameSite=Lax
1 < Set-Cookie: Apellidos=Cullanco%20Espilco; Max-Age=18000; Path=/; HttpOnly; Secure; SameSite=Lax
1 < Set-Cookie: Rol=D; Max-Age=18000; Path=/; HttpOnly; Secure; SameSite=Lax
1 < Set-Cookie: token=eyJhbGciOiJIUzI1NiIsInR5cCI6IkpXVCJ9.eyJJRF9Vc3VhcmlvIjoiMSIsIk5vbWJyZV9Vc3VhcmlvIjoiZGlyZWN0b3IuYXN1bmNpb244IiwiUkRQMDJfSU5TVEFOQ0UiOiJSRFAwMl9JTlMyIiwiUkRQMDNfSU5TVEFOQ0UiOiJSRFAwM19JTlMxIiwiUm9sIjoiRCIsImlhdCI6MTc1MTk1Nzc5MCwiZXhwIjoxNzUxOTc1NzkwfQ.ltbrwoiz30xu-LMlE2MPPvLzkPh_ok4TQR2UZJvIDZ8; Max-Age=18000; Path=/; HttpOnly; Secure; SameSite=Lax
1 < Set-Cookie: Genero=F; Max-Age=18000; Path=/; HttpOnly; Secure; SameSite=Lax
1 < Set-Cookie: Google_Drive_Foto_ID=1pMkv-ba_T2mBKxjp_zBTZtgWEjwxPxdu; Max-Age=18000; Path=/; HttpOnly; Secure; SameSite=Lax
1 < Strict-Transport-Security: max-age=63072000; includeSubDomains; preload
1 < Vary: RSC, Next-Router-State-Tree, Next-Router-Prefetch, Next-Router-Segment-Prefetch
1 < X-Matched-Path: /api/auth/login
1 < X-Vercel-Cache: MISS
1 < X-Vercel-Id: gru1::iad1::2cxpp-1751957791306-a33bf0a07b67


01:56:40.930 [pool-2-thread-5] DEBUG com.intuit.karate - request:
1 > POST https://siasis-dev.vercel.app/api/asistencia-hoy/marcar
1 > Cookie: Apellidos=Cullanco%20Espilco; Google_Drive_Foto_ID=1pMkv-ba_T2mBKxjp_zBTZtgWEjwxPxdu; Nombres=Elena%20Serafina; Genero=F; Rol=D; token=eyJhbGciOiJIUzI1NiIsInR5cCI6IkpXVCJ9.eyJJRF9Vc3VhcmlvIjoiMSIsIk5vbWJyZV9Vc3VhcmlvIjoiZGlyZWN0b3IuYXN1bmNpb244IiwiUkRQMDJfSU5TVEFOQ0UiOiJSRFAwMl9JTlMyIiwiUkRQMDNfSU5TVEFOQ0UiOiJSRFAwM19JTlMxIiwiUm9sIjoiRCIsImlhdCI6MTc1MTk1Nzc5MCwiZXhwIjoxNzUxOTc1NzkwfQ.ltbrwoiz30xu-LMlE2MPPvLzkPh_ok4TQR2UZJvIDZ8
1 > Content-Type: application/json; charset=UTF-8
1 > Content-Length: 70
1 > Host: siasis-dev.vercel.app
1 > Connection: Keep-Alive
1 > User-Agent: Apache-HttpClient/4.5.14 (Java/17.0.12)
1 > Accept-Encoding: gzip,deflate
{
  "ModoRegistro": "E",
  "FechaHoraEsperadaISO": "2025-07-08T05:56:40.927Z"
}


01:56:40.985 [pool-2-thread-1] DEBUG com.intuit.karate - response time in milliseconds: 533
1 < 200
1 < Access-Control-Allow-Origin: *
1 < Cache-Control: public, max-age=0, must-revalidate
1 < Content-Length: 509
1 < Content-Type: application/json; charset=utf-8
1 < Date: Tue, 08 Jul 2025 06:56:31 GMT
1 < Etag: W/"1fd-317r/Ku6UYEaC5S2IPsVZIbTMVk"
1 < Server: Vercel
1 < Strict-Transport-Security: max-age=63072000; includeSubDomains; preload
1 < X-Powered-By: Express
1 < X-Vercel-Cache: MISS
1 < X-Vercel-Id: gru1::iad1::kpjfh-1751957791247-67fa473758e6
{
  "success": true,
  "message": "Inicio de sesión exitoso",
  "data": {
    "Apellidos": "Cullanco Espilco",
    "Nombres": "Elena Serafina",
    "Rol": "D",
    "token": "eyJhbGciOiJIUzI1NiIsInR5cCI6IkpXVCJ9.eyJJRF9Vc3VhcmlvIjoiMSIsIk5vbWJyZV9Vc3VhcmlvIjoiZGlyZWN0b3IuYXN1bmNpb244IiwiUkRQMDJfSU5TVEFOQ0UiOiJSRFAwMl9JTlMyIiwiUkRQMDNfSU5TVEFOQ0UiOiJSRFAwM19JTlMzIiwiUm9sIjoiRCIsImlhdCI6MTc1MTk1Nzc5MSwiZXhwIjoxNzUxOTc1NzkxfQ.esU14oLfzDuRGt7ntdLgQN0MNsu_5DiSUMkx2-HBSsw",
    "Google_Drive_Foto_ID": "1pMkv-ba_T2mBKxjp_zBTZtgWEjwxPxdu",
    "Genero": "F"
  }
}


01:56:40.990 [pool-2-thread-1] INFO  com.intuit.karate - [print] eyJhbGciOiJIUzI1NiIsInR5cCI6IkpXVCJ9.eyJJRF9Vc3VhcmlvIjoiMSIsIk5vbWJyZV9Vc3VhcmlvIjoiZGlyZWN0b3IuYXN1bmNpb244IiwiUkRQMDJfSU5TVEFOQ0UiOiJSRFAwMl9JTlMyIiwiUkRQMDNfSU5TVEFOQ0UiOiJSRFAwM19JTlMzIiwiUm9sIjoiRCIsImlhdCI6MTc1MTk1Nzc5MSwiZXhwIjoxNzUxOTc1NzkxfQ.esU14oLfzDuRGt7ntdLgQN0MNsu_5DiSUMkx2-HBSsw 
01:56:40.991 [pool-2-thread-1] INFO  com.intuit.karate - [print] D 
01:56:40.995 [pool-2-thread-1] DEBUG com.intuit.karate - request:
1 > POST https://siasis-dev.vercel.app/api/auth/login
1 > Content-Type: application/json; charset=UTF-8
1 > Content-Length: 447
1 > Host: siasis-dev.vercel.app
1 > Connection: Keep-Alive
1 > User-Agent: Apache-HttpClient/4.5.14 (Java/17.0.12)
1 > Accept-Encoding: gzip,deflate
{
  "Nombres": "Elena Serafina",
  "Apellidos": "Cullanco Espilco",
  "token": "eyJhbGciOiJIUzI1NiIsInR5cCI6IkpXVCJ9.eyJJRF9Vc3VhcmlvIjoiMSIsIk5vbWJyZV9Vc3VhcmlvIjoiZGlyZWN0b3IuYXN1bmNpb244IiwiUkRQMDJfSU5TVEFOQ0UiOiJSRFAwMl9JTlMyIiwiUkRQMDNfSU5TVEFOQ0UiOiJSRFAwM19JTlMzIiwiUm9sIjoiRCIsImlhdCI6MTc1MTk1Nzc5MSwiZXhwIjoxNzUxOTc1NzkxfQ.esU14oLfzDuRGt7ntdLgQN0MNsu_5DiSUMkx2-HBSsw",
  "Genero": "F",
  "Google_Drive_Foto_ID": "1pMkv-ba_T2mBKxjp_zBTZtgWEjwxPxdu",
  "Rol": "D"
}


01:56:41.214 [pool-2-thread-4] DEBUG com.intuit.karate - response time in milliseconds: 430
1 < 201
1 < Cache-Control: public, max-age=0, must-revalidate
1 < Content-Length: 0
1 < Date: Tue, 08 Jul 2025 06:56:31 GMT
1 < Server: Vercel
1 < Set-Cookie: Nombres=Elena%20Serafina; Max-Age=18000; Path=/; HttpOnly; Secure; SameSite=Lax
1 < Set-Cookie: Apellidos=Cullanco%20Espilco; Max-Age=18000; Path=/; HttpOnly; Secure; SameSite=Lax
1 < Set-Cookie: Rol=D; Max-Age=18000; Path=/; HttpOnly; Secure; SameSite=Lax
1 < Set-Cookie: token=eyJhbGciOiJIUzI1NiIsInR5cCI6IkpXVCJ9.eyJJRF9Vc3VhcmlvIjoiMSIsIk5vbWJyZV9Vc3VhcmlvIjoiZGlyZWN0b3IuYXN1bmNpb244IiwiUkRQMDJfSU5TVEFOQ0UiOiJSRFAwMl9JTlMxIiwiUkRQMDNfSU5TVEFOQ0UiOiJSRFAwM19JTlMyIiwiUm9sIjoiRCIsImlhdCI6MTc1MTk1Nzc5MSwiZXhwIjoxNzUxOTc1NzkxfQ.J02g29mUP4DwhNWh4HkHydvqmP1i-JLx_LNTirc0T_g; Max-Age=18000; Path=/; HttpOnly; Secure; SameSite=Lax
1 < Set-Cookie: Genero=F; Max-Age=18000; Path=/; HttpOnly; Secure; SameSite=Lax
1 < Set-Cookie: Google_Drive_Foto_ID=1pMkv-ba_T2mBKxjp_zBTZtgWEjwxPxdu; Max-Age=18000; Path=/; HttpOnly; Secure; SameSite=Lax
1 < Strict-Transport-Security: max-age=63072000; includeSubDomains; preload
1 < Vary: RSC, Next-Router-State-Tree, Next-Router-Prefetch, Next-Router-Segment-Prefetch
1 < X-Matched-Path: /api/auth/login
1 < X-Vercel-Cache: MISS
1 < X-Vercel-Id: gru1::iad1::kpjfh-1751957791579-76d587d53c58


01:56:41.219 [pool-2-thread-4] DEBUG com.intuit.karate - request:
1 > GET https://siasis-dev.vercel.app/api/asistencia-hoy/consultar-asistencias-tomadas?Actor=PS&TipoAsistencia=personal&ID_o_DNI=15371028&ModoRegistro=E
1 > Cookie: Apellidos=Cullanco%20Espilco; Google_Drive_Foto_ID=1pMkv-ba_T2mBKxjp_zBTZtgWEjwxPxdu; Nombres=Elena%20Serafina; Genero=F; Rol=D; token=eyJhbGciOiJIUzI1NiIsInR5cCI6IkpXVCJ9.eyJJRF9Vc3VhcmlvIjoiMSIsIk5vbWJyZV9Vc3VhcmlvIjoiZGlyZWN0b3IuYXN1bmNpb244IiwiUkRQMDJfSU5TVEFOQ0UiOiJSRFAwMl9JTlMxIiwiUkRQMDNfSU5TVEFOQ0UiOiJSRFAwM19JTlMyIiwiUm9sIjoiRCIsImlhdCI6MTc1MTk1Nzc5MSwiZXhwIjoxNzUxOTc1NzkxfQ.J02g29mUP4DwhNWh4HkHydvqmP1i-JLx_LNTirc0T_g
1 > Host: siasis-dev.vercel.app
1 > Connection: Keep-Alive
1 > User-Agent: Apache-HttpClient/4.5.14 (Java/17.0.12)
1 > Accept-Encoding: gzip,deflate


01:56:41.386 [pool-2-thread-3] DEBUG com.intuit.karate - response time in milliseconds: 526
1 < 200
1 < Access-Control-Allow-Origin: *
1 < Cache-Control: public, max-age=0, must-revalidate
1 < Content-Length: 509
1 < Content-Type: application/json; charset=utf-8
1 < Date: Tue, 08 Jul 2025 06:56:31 GMT
1 < Etag: W/"1fd-317r/Ku6UYEaC5S2IPsVZIbTMVk"
1 < Server: Vercel
1 < Strict-Transport-Security: max-age=63072000; includeSubDomains; preload
1 < X-Powered-By: Express
1 < X-Vercel-Cache: MISS
1 < X-Vercel-Id: gru1::iad1::bsmv9-1751957791655-5b8475a501ce
{
  "success": true,
  "message": "Inicio de sesión exitoso",
  "data": {
    "Apellidos": "Cullanco Espilco",
    "Nombres": "Elena Serafina",
    "Rol": "D",
    "token": "eyJhbGciOiJIUzI1NiIsInR5cCI6IkpXVCJ9.eyJJRF9Vc3VhcmlvIjoiMSIsIk5vbWJyZV9Vc3VhcmlvIjoiZGlyZWN0b3IuYXN1bmNpb244IiwiUkRQMDJfSU5TVEFOQ0UiOiJSRFAwMl9JTlMyIiwiUkRQMDNfSU5TVEFOQ0UiOiJSRFAwM19JTlMzIiwiUm9sIjoiRCIsImlhdCI6MTc1MTk1Nzc5MSwiZXhwIjoxNzUxOTc1NzkxfQ.esU14oLfzDuRGt7ntdLgQN0MNsu_5DiSUMkx2-HBSsw",
    "Google_Drive_Foto_ID": "1pMkv-ba_T2mBKxjp_zBTZtgWEjwxPxdu",
    "Genero": "F"
  }
}


01:56:41.392 [pool-2-thread-3] INFO  com.intuit.karate - [print] eyJhbGciOiJIUzI1NiIsInR5cCI6IkpXVCJ9.eyJJRF9Vc3VhcmlvIjoiMSIsIk5vbWJyZV9Vc3VhcmlvIjoiZGlyZWN0b3IuYXN1bmNpb244IiwiUkRQMDJfSU5TVEFOQ0UiOiJSRFAwMl9JTlMyIiwiUkRQMDNfSU5TVEFOQ0UiOiJSRFAwM19JTlMzIiwiUm9sIjoiRCIsImlhdCI6MTc1MTk1Nzc5MSwiZXhwIjoxNzUxOTc1NzkxfQ.esU14oLfzDuRGt7ntdLgQN0MNsu_5DiSUMkx2-HBSsw 
01:56:41.394 [pool-2-thread-3] INFO  com.intuit.karate - [print] D 
01:56:41.398 [pool-2-thread-3] DEBUG com.intuit.karate - request:
1 > POST https://siasis-dev.vercel.app/api/auth/login
1 > Content-Type: application/json; charset=UTF-8
1 > Content-Length: 447
1 > Host: siasis-dev.vercel.app
1 > Connection: Keep-Alive
1 > User-Agent: Apache-HttpClient/4.5.14 (Java/17.0.12)
1 > Accept-Encoding: gzip,deflate
{
  "Nombres": "Elena Serafina",
  "Apellidos": "Cullanco Espilco",
  "token": "eyJhbGciOiJIUzI1NiIsInR5cCI6IkpXVCJ9.eyJJRF9Vc3VhcmlvIjoiMSIsIk5vbWJyZV9Vc3VhcmlvIjoiZGlyZWN0b3IuYXN1bmNpb244IiwiUkRQMDJfSU5TVEFOQ0UiOiJSRFAwMl9JTlMyIiwiUkRQMDNfSU5TVEFOQ0UiOiJSRFAwM19JTlMzIiwiUm9sIjoiRCIsImlhdCI6MTc1MTk1Nzc5MSwiZXhwIjoxNzUxOTc1NzkxfQ.esU14oLfzDuRGt7ntdLgQN0MNsu_5DiSUMkx2-HBSsw",
  "Genero": "F",
  "Google_Drive_Foto_ID": "1pMkv-ba_T2mBKxjp_zBTZtgWEjwxPxdu",
  "Rol": "D"
}


01:56:41.405 [pool-2-thread-1] DEBUG com.intuit.karate - response time in milliseconds: 408
1 < 201
1 < Cache-Control: public, max-age=0, must-revalidate
1 < Content-Length: 0
1 < Date: Tue, 08 Jul 2025 06:56:31 GMT
1 < Server: Vercel
1 < Set-Cookie: Nombres=Elena%20Serafina; Max-Age=18000; Path=/; HttpOnly; Secure; SameSite=Lax
1 < Set-Cookie: Apellidos=Cullanco%20Espilco; Max-Age=18000; Path=/; HttpOnly; Secure; SameSite=Lax
1 < Set-Cookie: Rol=D; Max-Age=18000; Path=/; HttpOnly; Secure; SameSite=Lax
1 < Set-Cookie: token=eyJhbGciOiJIUzI1NiIsInR5cCI6IkpXVCJ9.eyJJRF9Vc3VhcmlvIjoiMSIsIk5vbWJyZV9Vc3VhcmlvIjoiZGlyZWN0b3IuYXN1bmNpb244IiwiUkRQMDJfSU5TVEFOQ0UiOiJSRFAwMl9JTlMyIiwiUkRQMDNfSU5TVEFOQ0UiOiJSRFAwM19JTlMzIiwiUm9sIjoiRCIsImlhdCI6MTc1MTk1Nzc5MSwiZXhwIjoxNzUxOTc1NzkxfQ.esU14oLfzDuRGt7ntdLgQN0MNsu_5DiSUMkx2-HBSsw; Max-Age=18000; Path=/; HttpOnly; Secure; SameSite=Lax
1 < Set-Cookie: Genero=F; Max-Age=18000; Path=/; HttpOnly; Secure; SameSite=Lax
1 < Set-Cookie: Google_Drive_Foto_ID=1pMkv-ba_T2mBKxjp_zBTZtgWEjwxPxdu; Max-Age=18000; Path=/; HttpOnly; Secure; SameSite=Lax
1 < Strict-Transport-Security: max-age=63072000; includeSubDomains; preload
1 < Vary: RSC, Next-Router-State-Tree, Next-Router-Prefetch, Next-Router-Segment-Prefetch
1 < X-Matched-Path: /api/auth/login
1 < X-Vercel-Cache: MISS
1 < X-Vercel-Id: gru1::iad1::bsmv9-1751957791793-a831d1e6cfd9


01:56:41.409 [pool-2-thread-1] DEBUG com.intuit.karate - request:
1 > POST https://siasis-dev.vercel.app/api/asistencia-hoy/marcar
1 > Cookie: Apellidos=Cullanco%20Espilco; Google_Drive_Foto_ID=1pMkv-ba_T2mBKxjp_zBTZtgWEjwxPxdu; Nombres=Elena%20Serafina; Genero=F; Rol=D; token=eyJhbGciOiJIUzI1NiIsInR5cCI6IkpXVCJ9.eyJJRF9Vc3VhcmlvIjoiMSIsIk5vbWJyZV9Vc3VhcmlvIjoiZGlyZWN0b3IuYXN1bmNpb244IiwiUkRQMDJfSU5TVEFOQ0UiOiJSRFAwMl9JTlMyIiwiUkRQMDNfSU5TVEFOQ0UiOiJSRFAwM19JTlMzIiwiUm9sIjoiRCIsImlhdCI6MTc1MTk1Nzc5MSwiZXhwIjoxNzUxOTc1NzkxfQ.esU14oLfzDuRGt7ntdLgQN0MNsu_5DiSUMkx2-HBSsw
1 > Content-Type: application/json; charset=UTF-8
1 > Content-Length: 70
1 > Host: siasis-dev.vercel.app
1 > Connection: Keep-Alive
1 > User-Agent: Apache-HttpClient/4.5.14 (Java/17.0.12)
1 > Accept-Encoding: gzip,deflate
{
  "ModoRegistro": "E",
  "FechaHoraEsperadaISO": "2025-07-08T05:56:41.405Z"
}


01:56:41.499 [pool-2-thread-5] DEBUG com.intuit.karate - response time in milliseconds: 567
1 < 200
1 < Cache-Control: public, max-age=0, must-revalidate
1 < Content-Type: application/json
1 < Date: Tue, 08 Jul 2025 06:56:31 GMT
1 < Server: Vercel
1 < Strict-Transport-Security: max-age=63072000; includeSubDomains; preload
1 < Vary: RSC, Next-Router-State-Tree, Next-Router-Prefetch, Next-Router-Segment-Prefetch
1 < X-Matched-Path: /api/asistencia-hoy/marcar
1 < X-Vercel-Cache: MISS
1 < X-Vercel-Id: gru1::iad1::zh6qw-1751957791729-b334adc43ea9
1 < Transfer-Encoding: chunked
{
  "success": true,
  "message": "La asistencia ya había sido registrada anteriormente",
  "data": {
    "timestamp": 1751957791834,
    "desfaseSegundos": 3590,
    "esNuevoRegistro": false,
    "esRegistroPropio": false,
    "actorRegistrado": "D",
    "tipoAsistencia": "personal"
  }
}


01:56:41.504 [pool-2-thread-5] DEBUG c.intuit.karate.core.ScenarioEngine - over-writing existing variable 'loginFeature' with new value: 'classpath:resources/features/login/Auxiliar.feature'
01:56:41.511 [pool-2-thread-5] DEBUG c.intuit.karate.core.ScenarioEngine - over-writing existing variable 'loginResponse' with new value: call read(loginFeature)
01:56:41.521 [pool-2-thread-5] DEBUG com.intuit.karate - request:
1 > POST https://api01-siasis-dev.vercel.app/api/login/auxiliar
1 > Cookie: Apellidos=Cullanco%20Espilco; Google_Drive_Foto_ID=1pMkv-ba_T2mBKxjp_zBTZtgWEjwxPxdu; Nombres=Elena%20Serafina; Genero=F; Rol=D; token=eyJhbGciOiJIUzI1NiIsInR5cCI6IkpXVCJ9.eyJJRF9Vc3VhcmlvIjoiMSIsIk5vbWJyZV9Vc3VhcmlvIjoiZGlyZWN0b3IuYXN1bmNpb244IiwiUkRQMDJfSU5TVEFOQ0UiOiJSRFAwMl9JTlMyIiwiUkRQMDNfSU5TVEFOQ0UiOiJSRFAwM19JTlMxIiwiUm9sIjoiRCIsImlhdCI6MTc1MTk1Nzc5MCwiZXhwIjoxNzUxOTc1NzkwfQ.ltbrwoiz30xu-LMlE2MPPvLzkPh_ok4TQR2UZJvIDZ8
1 > Content-Type: application/json; charset=UTF-8
1 > Content-Length: 67
1 > Host: api01-siasis-dev.vercel.app
1 > Connection: Keep-Alive
1 > User-Agent: Apache-HttpClient/4.5.14 (Java/17.0.12)
1 > Accept-Encoding: gzip,deflate
{
  "Nombre_Usuario": "brigida_gonzales_1535",
  "Contraseña": "15357278"
}


01:56:41.555 [pool-2-thread-2] DEBUG com.intuit.karate - response time in milliseconds: 675
1 < 200
1 < Age: 0
1 < Cache-Control: public, max-age=0, must-revalidate
1 < Content-Type: application/json
1 < Date: Tue, 08 Jul 2025 06:56:32 GMT
1 < Server: Vercel
1 < Strict-Transport-Security: max-age=63072000; includeSubDomains; preload
1 < Vary: RSC, Next-Router-State-Tree, Next-Router-Prefetch, Next-Router-Segment-Prefetch
1 < X-Matched-Path: /api/asistencia-hoy/consultar-asistencias-tomadas
1 < X-Vercel-Cache: MISS
1 < X-Vercel-Id: gru1::iad1::kr4zd-1751957791678-e7dd145994b1
1 < Transfer-Encoding: chunked
{
  "Actor": "A",
  "Dia": 8,
  "Mes": 7,
  "ModoRegistro": "E",
  "TipoAsistencia": "personal",
  "Resultados": {
    "ID_o_DNI": "15357278",
    "AsistenciaMarcada": true,
    "Detalles": {
      "Timestamp": 1751949179640,
      "DesfaseSegundos": 21590
    }
  }
}


01:56:41.582 [pool-2-thread-2] DEBUG com.intuit.karate - request:
1 > POST https://api01-siasis-dev.vercel.app/api/login/directivo
1 > Content-Type: application/json; charset=UTF-8
1 > Content-Length: 64
1 > Host: api01-siasis-dev.vercel.app
1 > Connection: Keep-Alive
1 > User-Agent: Apache-HttpClient/4.5.14 (Java/17.0.12)
1 > Accept-Encoding: gzip,deflate
{
  "Nombre_Usuario": "director.asuncion8",
  "Contraseña": "15430124"
}


01:56:41.810 [pool-2-thread-3] DEBUG com.intuit.karate - response time in milliseconds: 410
1 < 201
1 < Cache-Control: public, max-age=0, must-revalidate
1 < Content-Length: 0
1 < Date: Tue, 08 Jul 2025 06:56:32 GMT
1 < Server: Vercel
1 < Set-Cookie: Nombres=Elena%20Serafina; Max-Age=18000; Path=/; HttpOnly; Secure; SameSite=Lax
1 < Set-Cookie: Apellidos=Cullanco%20Espilco; Max-Age=18000; Path=/; HttpOnly; Secure; SameSite=Lax
1 < Set-Cookie: Rol=D; Max-Age=18000; Path=/; HttpOnly; Secure; SameSite=Lax
1 < Set-Cookie: token=eyJhbGciOiJIUzI1NiIsInR5cCI6IkpXVCJ9.eyJJRF9Vc3VhcmlvIjoiMSIsIk5vbWJyZV9Vc3VhcmlvIjoiZGlyZWN0b3IuYXN1bmNpb244IiwiUkRQMDJfSU5TVEFOQ0UiOiJSRFAwMl9JTlMyIiwiUkRQMDNfSU5TVEFOQ0UiOiJSRFAwM19JTlMzIiwiUm9sIjoiRCIsImlhdCI6MTc1MTk1Nzc5MSwiZXhwIjoxNzUxOTc1NzkxfQ.esU14oLfzDuRGt7ntdLgQN0MNsu_5DiSUMkx2-HBSsw; Max-Age=18000; Path=/; HttpOnly; Secure; SameSite=Lax
1 < Set-Cookie: Genero=F; Max-Age=18000; Path=/; HttpOnly; Secure; SameSite=Lax
1 < Set-Cookie: Google_Drive_Foto_ID=1pMkv-ba_T2mBKxjp_zBTZtgWEjwxPxdu; Max-Age=18000; Path=/; HttpOnly; Secure; SameSite=Lax
1 < Strict-Transport-Security: max-age=63072000; includeSubDomains; preload
1 < Vary: RSC, Next-Router-State-Tree, Next-Router-Prefetch, Next-Router-Segment-Prefetch
1 < X-Matched-Path: /api/auth/login
1 < X-Vercel-Cache: MISS
1 < X-Vercel-Id: gru1::iad1::bsmv9-1751957792197-60918358bff0


01:56:41.814 [pool-2-thread-3] DEBUG com.intuit.karate - request:
1 > POST https://siasis-dev.vercel.app/api/asistencia-hoy/marcar
1 > Cookie: Apellidos=Cullanco%20Espilco; Google_Drive_Foto_ID=1pMkv-ba_T2mBKxjp_zBTZtgWEjwxPxdu; Nombres=Elena%20Serafina; Genero=F; Rol=D; token=eyJhbGciOiJIUzI1NiIsInR5cCI6IkpXVCJ9.eyJJRF9Vc3VhcmlvIjoiMSIsIk5vbWJyZV9Vc3VhcmlvIjoiZGlyZWN0b3IuYXN1bmNpb244IiwiUkRQMDJfSU5TVEFOQ0UiOiJSRFAwMl9JTlMyIiwiUkRQMDNfSU5TVEFOQ0UiOiJSRFAwM19JTlMzIiwiUm9sIjoiRCIsImlhdCI6MTc1MTk1Nzc5MSwiZXhwIjoxNzUxOTc1NzkxfQ.esU14oLfzDuRGt7ntdLgQN0MNsu_5DiSUMkx2-HBSsw
1 > Content-Type: application/json; charset=UTF-8
1 > Content-Length: 70
1 > Host: siasis-dev.vercel.app
1 > Connection: Keep-Alive
1 > User-Agent: Apache-HttpClient/4.5.14 (Java/17.0.12)
1 > Accept-Encoding: gzip,deflate
{
  "ModoRegistro": "E",
  "FechaHoraEsperadaISO": "2025-07-08T05:56:41.811Z"
}


01:56:41.891 [pool-2-thread-4] DEBUG com.intuit.karate - response time in milliseconds: 671
1 < 200
1 < Age: 0
1 < Cache-Control: public, max-age=0, must-revalidate
1 < Content-Type: application/json
1 < Date: Tue, 08 Jul 2025 06:56:32 GMT
1 < Server: Vercel
1 < Strict-Transport-Security: max-age=63072000; includeSubDomains; preload
1 < Vary: RSC, Next-Router-State-Tree, Next-Router-Prefetch, Next-Router-Segment-Prefetch
1 < X-Matched-Path: /api/asistencia-hoy/consultar-asistencias-tomadas
1 < X-Vercel-Cache: MISS
1 < X-Vercel-Id: gru1::iad1::zjqsx-1751957792016-e64ae2209aa4
1 < Transfer-Encoding: chunked
{
  "Actor": "PS",
  "Dia": 8,
  "Mes": 7,
  "ModoRegistro": "E",
  "TipoAsistencia": "personal",
  "Resultados": {
    "ID_o_DNI": "15371028",
    "AsistenciaMarcada": true,
    "Detalles": {
      "Timestamp": 1751951362103,
      "DesfaseSegundos": 21591
    }
  }
}


01:56:41.921 [pool-2-thread-4] DEBUG com.intuit.karate - request:
1 > POST https://api01-siasis-dev.vercel.app/api/login/directivo
1 > Content-Type: application/json; charset=UTF-8
1 > Content-Length: 64
1 > Host: api01-siasis-dev.vercel.app
1 > Connection: Keep-Alive
1 > User-Agent: Apache-HttpClient/4.5.14 (Java/17.0.12)
1 > Accept-Encoding: gzip,deflate
{
  "Nombre_Usuario": "director.asuncion8",
  "Contraseña": "15430124"
}


01:56:42.048 [pool-2-thread-5] DEBUG com.intuit.karate - response time in milliseconds: 526
1 < 200
1 < Access-Control-Allow-Origin: *
1 < Cache-Control: public, max-age=0, must-revalidate
1 < Content-Length: 515
1 < Content-Type: application/json; charset=utf-8
1 < Date: Tue, 08 Jul 2025 06:56:32 GMT
1 < Etag: W/"203-NilXNAL5QAFvTBoQ16jcRhaqQF4"
1 < Server: Vercel
1 < Strict-Transport-Security: max-age=63072000; includeSubDomains; preload
1 < X-Powered-By: Express
1 < X-Vercel-Cache: MISS
1 < X-Vercel-Id: gru1::iad1::bsmv9-1751957792317-21de4731ff40
{
  "success": true,
  "message": "Inicio de sesión exitoso",
  "data": {
    "Apellidos": "Gonzales Morales",
    "Nombres": "Brigida",
    "Rol": "A",
    "token": "eyJhbGciOiJIUzI1NiIsInR5cCI6IkpXVCJ9.eyJJRF9Vc3VhcmlvIjoiMTUzNTcyNzgiLCJSRFAwMl9JTlNUQU5DRSI6IlJEUDAyX0lOUzIiLCJSRFAwM19JTlNUQU5DRSI6IlJEUDAzX0lOUzQiLCJOb21icmVfVXN1YXJpbyI6ImJyaWdpZGFfZ29uemFsZXNfMTUzNSIsIlJvbCI6IkEiLCJpYXQiOjE3NTE5NTc3OTIsImV4cCI6MTc1MTk3NTc5Mn0.LPF3yc0k6PYZTKu8lxK4vKGX2_IAQFTrPrxqpyPmdaM",
    "Google_Drive_Foto_ID": "12CrZ2Z8qd2FGzo0UeOURh3turASgkZ-8",
    "Genero": "F"
  }
}


01:56:42.050 [pool-2-thread-5] INFO  com.intuit.karate - [print] eyJhbGciOiJIUzI1NiIsInR5cCI6IkpXVCJ9.eyJJRF9Vc3VhcmlvIjoiMTUzNTcyNzgiLCJSRFAwMl9JTlNUQU5DRSI6IlJEUDAyX0lOUzIiLCJSRFAwM19JTlNUQU5DRSI6IlJEUDAzX0lOUzQiLCJOb21icmVfVXN1YXJpbyI6ImJyaWdpZGFfZ29uemFsZXNfMTUzNSIsIlJvbCI6IkEiLCJpYXQiOjE3NTE5NTc3OTIsImV4cCI6MTc1MTk3NTc5Mn0.LPF3yc0k6PYZTKu8lxK4vKGX2_IAQFTrPrxqpyPmdaM 
01:56:42.051 [pool-2-thread-5] INFO  com.intuit.karate - [print] A 
01:56:42.052 [pool-2-thread-5] DEBUG com.intuit.karate - request:
1 > POST https://siasis-dev.vercel.app/api/auth/login
1 > Cookie: Apellidos=Cullanco%20Espilco; Google_Drive_Foto_ID=1pMkv-ba_T2mBKxjp_zBTZtgWEjwxPxdu; Nombres=Elena%20Serafina; Genero=F; Rol=D; token=eyJhbGciOiJIUzI1NiIsInR5cCI6IkpXVCJ9.eyJJRF9Vc3VhcmlvIjoiMSIsIk5vbWJyZV9Vc3VhcmlvIjoiZGlyZWN0b3IuYXN1bmNpb244IiwiUkRQMDJfSU5TVEFOQ0UiOiJSRFAwMl9JTlMyIiwiUkRQMDNfSU5TVEFOQ0UiOiJSRFAwM19JTlMxIiwiUm9sIjoiRCIsImlhdCI6MTc1MTk1Nzc5MCwiZXhwIjoxNzUxOTc1NzkwfQ.ltbrwoiz30xu-LMlE2MPPvLzkPh_ok4TQR2UZJvIDZ8
1 > Content-Type: application/json; charset=UTF-8
1 > Content-Length: 453
1 > Host: siasis-dev.vercel.app
1 > Connection: Keep-Alive
1 > User-Agent: Apache-HttpClient/4.5.14 (Java/17.0.12)
1 > Accept-Encoding: gzip,deflate
{
  "Nombres": "Brigida",
  "Apellidos": "Gonzales Morales",
  "token": "eyJhbGciOiJIUzI1NiIsInR5cCI6IkpXVCJ9.eyJJRF9Vc3VhcmlvIjoiMTUzNTcyNzgiLCJSRFAwMl9JTlNUQU5DRSI6IlJEUDAyX0lOUzIiLCJSRFAwM19JTlNUQU5DRSI6IlJEUDAzX0lOUzQiLCJOb21icmVfVXN1YXJpbyI6ImJyaWdpZGFfZ29uemFsZXNfMTUzNSIsIlJvbCI6IkEiLCJpYXQiOjE3NTE5NTc3OTIsImV4cCI6MTc1MTk3NTc5Mn0.LPF3yc0k6PYZTKu8lxK4vKGX2_IAQFTrPrxqpyPmdaM",
  "Genero": "F",
  "Google_Drive_Foto_ID": "12CrZ2Z8qd2FGzo0UeOURh3turASgkZ-8",
  "Rol": "A"
}


01:56:42.106 [pool-2-thread-2] DEBUG com.intuit.karate - response time in milliseconds: 523
1 < 200
1 < Access-Control-Allow-Origin: *
1 < Cache-Control: public, max-age=0, must-revalidate
1 < Content-Length: 509
1 < Content-Type: application/json; charset=utf-8
1 < Date: Tue, 08 Jul 2025 06:56:32 GMT
1 < Etag: W/"1fd-PIZZsDuDZuHwnAdi77qcvp2LYXc"
1 < Server: Vercel
1 < Strict-Transport-Security: max-age=63072000; includeSubDomains; preload
1 < X-Powered-By: Express
1 < X-Vercel-Cache: MISS
1 < X-Vercel-Id: gru1::iad1::zpjsk-1751957792381-9a8c8246bf96
{
  "success": true,
  "message": "Inicio de sesión exitoso",
  "data": {
    "Apellidos": "Cullanco Espilco",
    "Nombres": "Elena Serafina",
    "Rol": "D",
    "token": "eyJhbGciOiJIUzI1NiIsInR5cCI6IkpXVCJ9.eyJJRF9Vc3VhcmlvIjoiMSIsIk5vbWJyZV9Vc3VhcmlvIjoiZGlyZWN0b3IuYXN1bmNpb244IiwiUkRQMDJfSU5TVEFOQ0UiOiJSRFAwMl9JTlMzIiwiUkRQMDNfSU5TVEFOQ0UiOiJSRFAwM19JTlM1IiwiUm9sIjoiRCIsImlhdCI6MTc1MTk1Nzc5MiwiZXhwIjoxNzUxOTc1NzkyfQ.2YZHDcqiMLq8PN8pdFMnVPeF3HH5Gr3bALBHZ8yhmtI",
    "Google_Drive_Foto_ID": "1pMkv-ba_T2mBKxjp_zBTZtgWEjwxPxdu",
    "Genero": "F"
  }
}


01:56:42.110 [pool-2-thread-2] INFO  com.intuit.karate - [print] eyJhbGciOiJIUzI1NiIsInR5cCI6IkpXVCJ9.eyJJRF9Vc3VhcmlvIjoiMSIsIk5vbWJyZV9Vc3VhcmlvIjoiZGlyZWN0b3IuYXN1bmNpb244IiwiUkRQMDJfSU5TVEFOQ0UiOiJSRFAwMl9JTlMzIiwiUkRQMDNfSU5TVEFOQ0UiOiJSRFAwM19JTlM1IiwiUm9sIjoiRCIsImlhdCI6MTc1MTk1Nzc5MiwiZXhwIjoxNzUxOTc1NzkyfQ.2YZHDcqiMLq8PN8pdFMnVPeF3HH5Gr3bALBHZ8yhmtI 
01:56:42.111 [pool-2-thread-2] INFO  com.intuit.karate - [print] D 
01:56:42.115 [pool-2-thread-2] DEBUG com.intuit.karate - request:
1 > POST https://siasis-dev.vercel.app/api/auth/login
1 > Content-Type: application/json; charset=UTF-8
1 > Content-Length: 447
1 > Host: siasis-dev.vercel.app
1 > Connection: Keep-Alive
1 > User-Agent: Apache-HttpClient/4.5.14 (Java/17.0.12)
1 > Accept-Encoding: gzip,deflate
{
  "Nombres": "Elena Serafina",
  "Apellidos": "Cullanco Espilco",
  "token": "eyJhbGciOiJIUzI1NiIsInR5cCI6IkpXVCJ9.eyJJRF9Vc3VhcmlvIjoiMSIsIk5vbWJyZV9Vc3VhcmlvIjoiZGlyZWN0b3IuYXN1bmNpb244IiwiUkRQMDJfSU5TVEFOQ0UiOiJSRFAwMl9JTlMzIiwiUkRQMDNfSU5TVEFOQ0UiOiJSRFAwM19JTlM1IiwiUm9sIjoiRCIsImlhdCI6MTc1MTk1Nzc5MiwiZXhwIjoxNzUxOTc1NzkyfQ.2YZHDcqiMLq8PN8pdFMnVPeF3HH5Gr3bALBHZ8yhmtI",
  "Genero": "F",
  "Google_Drive_Foto_ID": "1pMkv-ba_T2mBKxjp_zBTZtgWEjwxPxdu",
  "Rol": "D"
}


01:56:42.171 [pool-2-thread-1] DEBUG com.intuit.karate - response time in milliseconds: 761
1 < 200
1 < Cache-Control: public, max-age=0, must-revalidate
1 < Content-Type: application/json
1 < Date: Tue, 08 Jul 2025 06:56:32 GMT
1 < Server: Vercel
1 < Strict-Transport-Security: max-age=63072000; includeSubDomains; preload
1 < Vary: RSC, Next-Router-State-Tree, Next-Router-Prefetch, Next-Router-Segment-Prefetch
1 < X-Matched-Path: /api/asistencia-hoy/marcar
1 < X-Vercel-Cache: MISS
1 < X-Vercel-Id: gru1::iad1::zh6qw-1751957792206-75f477195c50
1 < Transfer-Encoding: chunked
{
  "success": true,
  "message": "La asistencia ya había sido registrada anteriormente",
  "data": {
    "timestamp": 1751957792337,
    "desfaseSegundos": 3590,
    "esNuevoRegistro": false,
    "esRegistroPropio": false,
    "actorRegistrado": "D",
    "tipoAsistencia": "personal"
  }
}


01:56:42.175 [pool-2-thread-1] DEBUG c.intuit.karate.core.ScenarioEngine - over-writing existing variable 'loginFeature' with new value: 'classpath:resources/features/login/Auxiliar.feature'
01:56:42.182 [pool-2-thread-1] DEBUG c.intuit.karate.core.ScenarioEngine - over-writing existing variable 'loginResponse' with new value: call read(loginFeature)
01:56:42.190 [pool-2-thread-1] DEBUG com.intuit.karate - request:
1 > POST https://api01-siasis-dev.vercel.app/api/login/auxiliar
1 > Cookie: Apellidos=Cullanco%20Espilco; Google_Drive_Foto_ID=1pMkv-ba_T2mBKxjp_zBTZtgWEjwxPxdu; Nombres=Elena%20Serafina; Genero=F; Rol=D; token=eyJhbGciOiJIUzI1NiIsInR5cCI6IkpXVCJ9.eyJJRF9Vc3VhcmlvIjoiMSIsIk5vbWJyZV9Vc3VhcmlvIjoiZGlyZWN0b3IuYXN1bmNpb244IiwiUkRQMDJfSU5TVEFOQ0UiOiJSRFAwMl9JTlMyIiwiUkRQMDNfSU5TVEFOQ0UiOiJSRFAwM19JTlMzIiwiUm9sIjoiRCIsImlhdCI6MTc1MTk1Nzc5MSwiZXhwIjoxNzUxOTc1NzkxfQ.esU14oLfzDuRGt7ntdLgQN0MNsu_5DiSUMkx2-HBSsw
1 > Content-Type: application/json; charset=UTF-8
1 > Content-Length: 67
1 > Host: api01-siasis-dev.vercel.app
1 > Connection: Keep-Alive
1 > User-Agent: Apache-HttpClient/4.5.14 (Java/17.0.12)
1 > Accept-Encoding: gzip,deflate
{
  "Nombre_Usuario": "brigida_gonzales_1535",
  "Contraseña": "15357278"
}


01:56:42.397 [pool-2-thread-3] DEBUG com.intuit.karate - response time in milliseconds: 581
1 < 200
1 < Cache-Control: public, max-age=0, must-revalidate
1 < Content-Type: application/json
1 < Date: Tue, 08 Jul 2025 06:56:32 GMT
1 < Server: Vercel
1 < Strict-Transport-Security: max-age=63072000; includeSubDomains; preload
1 < Vary: RSC, Next-Router-State-Tree, Next-Router-Prefetch, Next-Router-Segment-Prefetch
1 < X-Matched-Path: /api/asistencia-hoy/marcar
1 < X-Vercel-Cache: MISS
1 < X-Vercel-Id: gru1::iad1::kpjfh-1751957792608-9dd51a270511
1 < Transfer-Encoding: chunked
{
  "success": true,
  "message": "La asistencia ya había sido registrada anteriormente",
  "data": {
    "timestamp": 1751957792720,
    "desfaseSegundos": 3590,
    "esNuevoRegistro": false,
    "esRegistroPropio": false,
    "actorRegistrado": "D",
    "tipoAsistencia": "personal"
  }
}


01:56:42.401 [pool-2-thread-3] DEBUG c.intuit.karate.core.ScenarioEngine - over-writing existing variable 'loginFeature' with new value: 'classpath:resources/features/login/Auxiliar.feature'
01:56:42.406 [pool-2-thread-3] DEBUG c.intuit.karate.core.ScenarioEngine - over-writing existing variable 'loginResponse' with new value: call read(loginFeature)
01:56:42.411 [pool-2-thread-3] DEBUG com.intuit.karate - request:
1 > POST https://api01-siasis-dev.vercel.app/api/login/auxiliar
1 > Cookie: Apellidos=Cullanco%20Espilco; Google_Drive_Foto_ID=1pMkv-ba_T2mBKxjp_zBTZtgWEjwxPxdu; Nombres=Elena%20Serafina; Genero=F; Rol=D; token=eyJhbGciOiJIUzI1NiIsInR5cCI6IkpXVCJ9.eyJJRF9Vc3VhcmlvIjoiMSIsIk5vbWJyZV9Vc3VhcmlvIjoiZGlyZWN0b3IuYXN1bmNpb244IiwiUkRQMDJfSU5TVEFOQ0UiOiJSRFAwMl9JTlMyIiwiUkRQMDNfSU5TVEFOQ0UiOiJSRFAwM19JTlMzIiwiUm9sIjoiRCIsImlhdCI6MTc1MTk1Nzc5MSwiZXhwIjoxNzUxOTc1NzkxfQ.esU14oLfzDuRGt7ntdLgQN0MNsu_5DiSUMkx2-HBSsw
1 > Content-Type: application/json; charset=UTF-8
1 > Content-Length: 67
1 > Host: api01-siasis-dev.vercel.app
1 > Connection: Keep-Alive
1 > User-Agent: Apache-HttpClient/4.5.14 (Java/17.0.12)
1 > Accept-Encoding: gzip,deflate
{
  "Nombre_Usuario": "brigida_gonzales_1535",
  "Contraseña": "15357278"
}


01:56:42.473 [pool-2-thread-5] DEBUG com.intuit.karate - response time in milliseconds: 420
1 < 201
1 < Cache-Control: public, max-age=0, must-revalidate
1 < Content-Length: 0
1 < Date: Tue, 08 Jul 2025 06:56:32 GMT
1 < Server: Vercel
1 < Set-Cookie: Nombres=Brigida; Max-Age=18000; Path=/; HttpOnly; Secure; SameSite=Lax
1 < Set-Cookie: Apellidos=Gonzales%20Morales; Max-Age=18000; Path=/; HttpOnly; Secure; SameSite=Lax
1 < Set-Cookie: Rol=A; Max-Age=18000; Path=/; HttpOnly; Secure; SameSite=Lax
1 < Set-Cookie: token=eyJhbGciOiJIUzI1NiIsInR5cCI6IkpXVCJ9.eyJJRF9Vc3VhcmlvIjoiMTUzNTcyNzgiLCJSRFAwMl9JTlNUQU5DRSI6IlJEUDAyX0lOUzIiLCJSRFAwM19JTlNUQU5DRSI6IlJEUDAzX0lOUzQiLCJOb21icmVfVXN1YXJpbyI6ImJyaWdpZGFfZ29uemFsZXNfMTUzNSIsIlJvbCI6IkEiLCJpYXQiOjE3NTE5NTc3OTIsImV4cCI6MTc1MTk3NTc5Mn0.LPF3yc0k6PYZTKu8lxK4vKGX2_IAQFTrPrxqpyPmdaM; Max-Age=18000; Path=/; HttpOnly; Secure; SameSite=Lax
1 < Set-Cookie: Genero=F; Max-Age=18000; Path=/; HttpOnly; Secure; SameSite=Lax
1 < Set-Cookie: Google_Drive_Foto_ID=12CrZ2Z8qd2FGzo0UeOURh3turASgkZ-8; Max-Age=18000; Path=/; HttpOnly; Secure; SameSite=Lax
1 < Strict-Transport-Security: max-age=63072000; includeSubDomains; preload
1 < Vary: RSC, Next-Router-State-Tree, Next-Router-Prefetch, Next-Router-Segment-Prefetch
1 < X-Matched-Path: /api/auth/login
1 < X-Vercel-Cache: MISS
1 < X-Vercel-Id: gru1::iad1::zh6qw-1751957792851-659d391ea79a


01:56:42.474 [pool-2-thread-5] DEBUG c.intuit.karate.core.ScenarioEngine - over-writing existing variable 'fechaHoraEsperadaISO' with new value: getAdjustedTime()
01:56:42.476 [pool-2-thread-5] DEBUG com.intuit.karate - request:
1 > POST https://siasis-dev.vercel.app/api/asistencia-hoy/marcar
1 > Cookie: Apellidos=Gonzales%20Morales; Google_Drive_Foto_ID=12CrZ2Z8qd2FGzo0UeOURh3turASgkZ-8; Nombres=Brigida; Genero=F; Rol=A; token=eyJhbGciOiJIUzI1NiIsInR5cCI6IkpXVCJ9.eyJJRF9Vc3VhcmlvIjoiMTUzNTcyNzgiLCJSRFAwMl9JTlNUQU5DRSI6IlJEUDAyX0lOUzIiLCJSRFAwM19JTlNUQU5DRSI6IlJEUDAzX0lOUzQiLCJOb21icmVfVXN1YXJpbyI6ImJyaWdpZGFfZ29uemFsZXNfMTUzNSIsIlJvbCI6IkEiLCJpYXQiOjE3NTE5NTc3OTIsImV4cCI6MTc1MTk3NTc5Mn0.LPF3yc0k6PYZTKu8lxK4vKGX2_IAQFTrPrxqpyPmdaM
1 > Content-Type: application/json; charset=UTF-8
1 > Content-Length: 70
1 > Host: siasis-dev.vercel.app
1 > Connection: Keep-Alive
1 > User-Agent: Apache-HttpClient/4.5.14 (Java/17.0.12)
1 > Accept-Encoding: gzip,deflate
{
  "ModoRegistro": "E",
  "FechaHoraEsperadaISO": "2025-07-08T05:56:42.474Z"
}


01:56:42.490 [pool-2-thread-4] DEBUG com.intuit.karate - response time in milliseconds: 569
1 < 200
1 < Access-Control-Allow-Origin: *
1 < Cache-Control: public, max-age=0, must-revalidate
1 < Content-Length: 509
1 < Content-Type: application/json; charset=utf-8
1 < Date: Tue, 08 Jul 2025 06:56:32 GMT
1 < Etag: W/"1fd-PIZZsDuDZuHwnAdi77qcvp2LYXc"
1 < Server: Vercel
1 < Strict-Transport-Security: max-age=63072000; includeSubDomains; preload
1 < X-Powered-By: Express
1 < X-Vercel-Cache: MISS
1 < X-Vercel-Id: gru1::iad1::zpjsk-1751957792755-1b58d8f8958f
{
  "success": true,
  "message": "Inicio de sesión exitoso",
  "data": {
    "Apellidos": "Cullanco Espilco",
    "Nombres": "Elena Serafina",
    "Rol": "D",
    "token": "eyJhbGciOiJIUzI1NiIsInR5cCI6IkpXVCJ9.eyJJRF9Vc3VhcmlvIjoiMSIsIk5vbWJyZV9Vc3VhcmlvIjoiZGlyZWN0b3IuYXN1bmNpb244IiwiUkRQMDJfSU5TVEFOQ0UiOiJSRFAwMl9JTlMzIiwiUkRQMDNfSU5TVEFOQ0UiOiJSRFAwM19JTlM1IiwiUm9sIjoiRCIsImlhdCI6MTc1MTk1Nzc5MiwiZXhwIjoxNzUxOTc1NzkyfQ.2YZHDcqiMLq8PN8pdFMnVPeF3HH5Gr3bALBHZ8yhmtI",
    "Google_Drive_Foto_ID": "1pMkv-ba_T2mBKxjp_zBTZtgWEjwxPxdu",
    "Genero": "F"
  }
}


01:56:42.491 [pool-2-thread-4] INFO  com.intuit.karate - [print] eyJhbGciOiJIUzI1NiIsInR5cCI6IkpXVCJ9.eyJJRF9Vc3VhcmlvIjoiMSIsIk5vbWJyZV9Vc3VhcmlvIjoiZGlyZWN0b3IuYXN1bmNpb244IiwiUkRQMDJfSU5TVEFOQ0UiOiJSRFAwMl9JTlMzIiwiUkRQMDNfSU5TVEFOQ0UiOiJSRFAwM19JTlM1IiwiUm9sIjoiRCIsImlhdCI6MTc1MTk1Nzc5MiwiZXhwIjoxNzUxOTc1NzkyfQ.2YZHDcqiMLq8PN8pdFMnVPeF3HH5Gr3bALBHZ8yhmtI 
01:56:42.492 [pool-2-thread-4] INFO  com.intuit.karate - [print] D 
01:56:42.493 [pool-2-thread-4] DEBUG com.intuit.karate - request:
1 > POST https://siasis-dev.vercel.app/api/auth/login
1 > Content-Type: application/json; charset=UTF-8
1 > Content-Length: 447
1 > Host: siasis-dev.vercel.app
1 > Connection: Keep-Alive
1 > User-Agent: Apache-HttpClient/4.5.14 (Java/17.0.12)
1 > Accept-Encoding: gzip,deflate
{
  "Nombres": "Elena Serafina",
  "Apellidos": "Cullanco Espilco",
  "token": "eyJhbGciOiJIUzI1NiIsInR5cCI6IkpXVCJ9.eyJJRF9Vc3VhcmlvIjoiMSIsIk5vbWJyZV9Vc3VhcmlvIjoiZGlyZWN0b3IuYXN1bmNpb244IiwiUkRQMDJfSU5TVEFOQ0UiOiJSRFAwMl9JTlMzIiwiUkRQMDNfSU5TVEFOQ0UiOiJSRFAwM19JTlM1IiwiUm9sIjoiRCIsImlhdCI6MTc1MTk1Nzc5MiwiZXhwIjoxNzUxOTc1NzkyfQ.2YZHDcqiMLq8PN8pdFMnVPeF3HH5Gr3bALBHZ8yhmtI",
  "Genero": "F",
  "Google_Drive_Foto_ID": "1pMkv-ba_T2mBKxjp_zBTZtgWEjwxPxdu",
  "Rol": "D"
}


01:56:42.542 [pool-2-thread-2] DEBUG com.intuit.karate - response time in milliseconds: 427
1 < 201
1 < Cache-Control: public, max-age=0, must-revalidate
1 < Content-Length: 0
1 < Date: Tue, 08 Jul 2025 06:56:33 GMT
1 < Server: Vercel
1 < Set-Cookie: Nombres=Elena%20Serafina; Max-Age=18000; Path=/; HttpOnly; Secure; SameSite=Lax
1 < Set-Cookie: Apellidos=Cullanco%20Espilco; Max-Age=18000; Path=/; HttpOnly; Secure; SameSite=Lax
1 < Set-Cookie: Rol=D; Max-Age=18000; Path=/; HttpOnly; Secure; SameSite=Lax
1 < Set-Cookie: token=eyJhbGciOiJIUzI1NiIsInR5cCI6IkpXVCJ9.eyJJRF9Vc3VhcmlvIjoiMSIsIk5vbWJyZV9Vc3VhcmlvIjoiZGlyZWN0b3IuYXN1bmNpb244IiwiUkRQMDJfSU5TVEFOQ0UiOiJSRFAwMl9JTlMzIiwiUkRQMDNfSU5TVEFOQ0UiOiJSRFAwM19JTlM1IiwiUm9sIjoiRCIsImlhdCI6MTc1MTk1Nzc5MiwiZXhwIjoxNzUxOTc1NzkyfQ.2YZHDcqiMLq8PN8pdFMnVPeF3HH5Gr3bALBHZ8yhmtI; Max-Age=18000; Path=/; HttpOnly; Secure; SameSite=Lax
1 < Set-Cookie: Genero=F; Max-Age=18000; Path=/; HttpOnly; Secure; SameSite=Lax
1 < Set-Cookie: Google_Drive_Foto_ID=1pMkv-ba_T2mBKxjp_zBTZtgWEjwxPxdu; Max-Age=18000; Path=/; HttpOnly; Secure; SameSite=Lax
1 < Strict-Transport-Security: max-age=63072000; includeSubDomains; preload
1 < Vary: RSC, Next-Router-State-Tree, Next-Router-Prefetch, Next-Router-Segment-Prefetch
1 < X-Matched-Path: /api/auth/login
1 < X-Vercel-Cache: MISS
1 < X-Vercel-Id: gru1::iad1::z422j-1751957792920-2f977c56308c


01:56:42.545 [pool-2-thread-2] DEBUG com.intuit.karate - request:
1 > POST https://siasis-dev.vercel.app/api/asistencia-hoy/marcar
1 > Cookie: Apellidos=Cullanco%20Espilco; Google_Drive_Foto_ID=1pMkv-ba_T2mBKxjp_zBTZtgWEjwxPxdu; Nombres=Elena%20Serafina; Genero=F; Rol=D; token=eyJhbGciOiJIUzI1NiIsInR5cCI6IkpXVCJ9.eyJJRF9Vc3VhcmlvIjoiMSIsIk5vbWJyZV9Vc3VhcmlvIjoiZGlyZWN0b3IuYXN1bmNpb244IiwiUkRQMDJfSU5TVEFOQ0UiOiJSRFAwMl9JTlMzIiwiUkRQMDNfSU5TVEFOQ0UiOiJSRFAwM19JTlM1IiwiUm9sIjoiRCIsImlhdCI6MTc1MTk1Nzc5MiwiZXhwIjoxNzUxOTc1NzkyfQ.2YZHDcqiMLq8PN8pdFMnVPeF3HH5Gr3bALBHZ8yhmtI
1 > Content-Type: application/json; charset=UTF-8
1 > Content-Length: 70
1 > Host: siasis-dev.vercel.app
1 > Connection: Keep-Alive
1 > User-Agent: Apache-HttpClient/4.5.14 (Java/17.0.12)
1 > Accept-Encoding: gzip,deflate
{
  "ModoRegistro": "E",
  "FechaHoraEsperadaISO": "2025-07-08T05:56:42.543Z"
}


01:56:42.733 [pool-2-thread-1] DEBUG com.intuit.karate - response time in milliseconds: 543
1 < 200
1 < Access-Control-Allow-Origin: *
1 < Cache-Control: public, max-age=0, must-revalidate
1 < Content-Length: 515
1 < Content-Type: application/json; charset=utf-8
1 < Date: Tue, 08 Jul 2025 06:56:33 GMT
1 < Etag: W/"203-JQd3C+O8DveEkACSkgFR5x5fo9Y"
1 < Server: Vercel
1 < Strict-Transport-Security: max-age=63072000; includeSubDomains; preload
1 < X-Powered-By: Express
1 < X-Vercel-Cache: MISS
1 < X-Vercel-Id: gru1::iad1::bdvft-1751957792985-e62bb2b45b27
{
  "success": true,
  "message": "Inicio de sesión exitoso",
  "data": {
    "Apellidos": "Gonzales Morales",
    "Nombres": "Brigida",
    "Rol": "A",
    "token": "eyJhbGciOiJIUzI1NiIsInR5cCI6IkpXVCJ9.eyJJRF9Vc3VhcmlvIjoiMTUzNTcyNzgiLCJSRFAwMl9JTlNUQU5DRSI6IlJEUDAyX0lOUzEiLCJSRFAwM19JTlNUQU5DRSI6IlJEUDAzX0lOUzUiLCJOb21icmVfVXN1YXJpbyI6ImJyaWdpZGFfZ29uemFsZXNfMTUzNSIsIlJvbCI6IkEiLCJpYXQiOjE3NTE5NTc3OTMsImV4cCI6MTc1MTk3NTc5M30.WGurRd7xNwN305eFRogtiD62Azf3ADUjARu1HXHOE5I",
    "Google_Drive_Foto_ID": "12CrZ2Z8qd2FGzo0UeOURh3turASgkZ-8",
    "Genero": "F"
  }
}


01:56:42.736 [pool-2-thread-1] INFO  com.intuit.karate - [print] eyJhbGciOiJIUzI1NiIsInR5cCI6IkpXVCJ9.eyJJRF9Vc3VhcmlvIjoiMTUzNTcyNzgiLCJSRFAwMl9JTlNUQU5DRSI6IlJEUDAyX0lOUzEiLCJSRFAwM19JTlNUQU5DRSI6IlJEUDAzX0lOUzUiLCJOb21icmVfVXN1YXJpbyI6ImJyaWdpZGFfZ29uemFsZXNfMTUzNSIsIlJvbCI6IkEiLCJpYXQiOjE3NTE5NTc3OTMsImV4cCI6MTc1MTk3NTc5M30.WGurRd7xNwN305eFRogtiD62Azf3ADUjARu1HXHOE5I 
01:56:42.736 [pool-2-thread-1] INFO  com.intuit.karate - [print] A 
01:56:42.740 [pool-2-thread-1] DEBUG com.intuit.karate - request:
1 > POST https://siasis-dev.vercel.app/api/auth/login
1 > Cookie: Apellidos=Cullanco%20Espilco; Google_Drive_Foto_ID=1pMkv-ba_T2mBKxjp_zBTZtgWEjwxPxdu; Nombres=Elena%20Serafina; Genero=F; Rol=D; token=eyJhbGciOiJIUzI1NiIsInR5cCI6IkpXVCJ9.eyJJRF9Vc3VhcmlvIjoiMSIsIk5vbWJyZV9Vc3VhcmlvIjoiZGlyZWN0b3IuYXN1bmNpb244IiwiUkRQMDJfSU5TVEFOQ0UiOiJSRFAwMl9JTlMyIiwiUkRQMDNfSU5TVEFOQ0UiOiJSRFAwM19JTlMzIiwiUm9sIjoiRCIsImlhdCI6MTc1MTk1Nzc5MSwiZXhwIjoxNzUxOTc1NzkxfQ.esU14oLfzDuRGt7ntdLgQN0MNsu_5DiSUMkx2-HBSsw
1 > Content-Type: application/json; charset=UTF-8
1 > Content-Length: 453
1 > Host: siasis-dev.vercel.app
1 > Connection: Keep-Alive
1 > User-Agent: Apache-HttpClient/4.5.14 (Java/17.0.12)
1 > Accept-Encoding: gzip,deflate
{
  "Nombres": "Brigida",
  "Apellidos": "Gonzales Morales",
  "token": "eyJhbGciOiJIUzI1NiIsInR5cCI6IkpXVCJ9.eyJJRF9Vc3VhcmlvIjoiMTUzNTcyNzgiLCJSRFAwMl9JTlNUQU5DRSI6IlJEUDAyX0lOUzEiLCJSRFAwM19JTlNUQU5DRSI6IlJEUDAzX0lOUzUiLCJOb21icmVfVXN1YXJpbyI6ImJyaWdpZGFfZ29uemFsZXNfMTUzNSIsIlJvbCI6IkEiLCJpYXQiOjE3NTE5NTc3OTMsImV4cCI6MTc1MTk3NTc5M30.WGurRd7xNwN305eFRogtiD62Azf3ADUjARu1HXHOE5I",
  "Genero": "F",
  "Google_Drive_Foto_ID": "12CrZ2Z8qd2FGzo0UeOURh3turASgkZ-8",
  "Rol": "A"
}


01:56:42.962 [pool-2-thread-3] DEBUG com.intuit.karate - response time in milliseconds: 550
1 < 200
1 < Access-Control-Allow-Origin: *
1 < Cache-Control: public, max-age=0, must-revalidate
1 < Content-Length: 515
1 < Content-Type: application/json; charset=utf-8
1 < Date: Tue, 08 Jul 2025 06:56:33 GMT
1 < Etag: W/"203-qyymnNy3JUIRz/ct6PvPafIOg1w"
1 < Server: Vercel
1 < Strict-Transport-Security: max-age=63072000; includeSubDomains; preload
1 < X-Powered-By: Express
1 < X-Vercel-Cache: MISS
1 < X-Vercel-Id: gru1::iad1::zdj87-1751957793206-cb14b08a38ef
{
  "success": true,
  "message": "Inicio de sesión exitoso",
  "data": {
    "Apellidos": "Gonzales Morales",
    "Nombres": "Brigida",
    "Rol": "A",
    "token": "eyJhbGciOiJIUzI1NiIsInR5cCI6IkpXVCJ9.eyJJRF9Vc3VhcmlvIjoiMTUzNTcyNzgiLCJSRFAwMl9JTlNUQU5DRSI6IlJEUDAyX0lOUzEiLCJSRFAwM19JTlNUQU5DRSI6IlJEUDAzX0lOUzEiLCJOb21icmVfVXN1YXJpbyI6ImJyaWdpZGFfZ29uemFsZXNfMTUzNSIsIlJvbCI6IkEiLCJpYXQiOjE3NTE5NTc3OTMsImV4cCI6MTc1MTk3NTc5M30.nW5mBdKMLpCGFlqO74pS26B-vpWJOWuBhdTM9PEnt7Q",
    "Google_Drive_Foto_ID": "12CrZ2Z8qd2FGzo0UeOURh3turASgkZ-8",
    "Genero": "F"
  }
}


01:56:42.962 [pool-2-thread-4] DEBUG com.intuit.karate - response time in milliseconds: 469
1 < 201
1 < Cache-Control: public, max-age=0, must-revalidate
1 < Content-Length: 0
1 < Date: Tue, 08 Jul 2025 06:56:33 GMT
1 < Server: Vercel
1 < Set-Cookie: Nombres=Elena%20Serafina; Max-Age=18000; Path=/; HttpOnly; Secure; SameSite=Lax
1 < Set-Cookie: Apellidos=Cullanco%20Espilco; Max-Age=18000; Path=/; HttpOnly; Secure; SameSite=Lax
1 < Set-Cookie: Rol=D; Max-Age=18000; Path=/; HttpOnly; Secure; SameSite=Lax
1 < Set-Cookie: token=eyJhbGciOiJIUzI1NiIsInR5cCI6IkpXVCJ9.eyJJRF9Vc3VhcmlvIjoiMSIsIk5vbWJyZV9Vc3VhcmlvIjoiZGlyZWN0b3IuYXN1bmNpb244IiwiUkRQMDJfSU5TVEFOQ0UiOiJSRFAwMl9JTlMzIiwiUkRQMDNfSU5TVEFOQ0UiOiJSRFAwM19JTlM1IiwiUm9sIjoiRCIsImlhdCI6MTc1MTk1Nzc5MiwiZXhwIjoxNzUxOTc1NzkyfQ.2YZHDcqiMLq8PN8pdFMnVPeF3HH5Gr3bALBHZ8yhmtI; Max-Age=18000; Path=/; HttpOnly; Secure; SameSite=Lax
1 < Set-Cookie: Genero=F; Max-Age=18000; Path=/; HttpOnly; Secure; SameSite=Lax
1 < Set-Cookie: Google_Drive_Foto_ID=1pMkv-ba_T2mBKxjp_zBTZtgWEjwxPxdu; Max-Age=18000; Path=/; HttpOnly; Secure; SameSite=Lax
1 < Strict-Transport-Security: max-age=63072000; includeSubDomains; preload
1 < Vary: RSC, Next-Router-State-Tree, Next-Router-Prefetch, Next-Router-Segment-Prefetch
1 < X-Matched-Path: /api/auth/login
1 < X-Vercel-Cache: MISS
1 < X-Vercel-Id: gru1::iad1::bsmv9-1751957793291-f4f6552d20a0


01:56:42.965 [pool-2-thread-3] INFO  com.intuit.karate - [print] eyJhbGciOiJIUzI1NiIsInR5cCI6IkpXVCJ9.eyJJRF9Vc3VhcmlvIjoiMTUzNTcyNzgiLCJSRFAwMl9JTlNUQU5DRSI6IlJEUDAyX0lOUzEiLCJSRFAwM19JTlNUQU5DRSI6IlJEUDAzX0lOUzEiLCJOb21icmVfVXN1YXJpbyI6ImJyaWdpZGFfZ29uemFsZXNfMTUzNSIsIlJvbCI6IkEiLCJpYXQiOjE3NTE5NTc3OTMsImV4cCI6MTc1MTk3NTc5M30.nW5mBdKMLpCGFlqO74pS26B-vpWJOWuBhdTM9PEnt7Q 
01:56:42.965 [pool-2-thread-3] INFO  com.intuit.karate - [print] A 
01:56:42.968 [pool-2-thread-3] DEBUG com.intuit.karate - request:
1 > POST https://siasis-dev.vercel.app/api/auth/login
1 > Cookie: Apellidos=Cullanco%20Espilco; Google_Drive_Foto_ID=1pMkv-ba_T2mBKxjp_zBTZtgWEjwxPxdu; Nombres=Elena%20Serafina; Genero=F; Rol=D; token=eyJhbGciOiJIUzI1NiIsInR5cCI6IkpXVCJ9.eyJJRF9Vc3VhcmlvIjoiMSIsIk5vbWJyZV9Vc3VhcmlvIjoiZGlyZWN0b3IuYXN1bmNpb244IiwiUkRQMDJfSU5TVEFOQ0UiOiJSRFAwMl9JTlMyIiwiUkRQMDNfSU5TVEFOQ0UiOiJSRFAwM19JTlMzIiwiUm9sIjoiRCIsImlhdCI6MTc1MTk1Nzc5MSwiZXhwIjoxNzUxOTc1NzkxfQ.esU14oLfzDuRGt7ntdLgQN0MNsu_5DiSUMkx2-HBSsw
1 > Content-Type: application/json; charset=UTF-8
1 > Content-Length: 453
1 > Host: siasis-dev.vercel.app
1 > Connection: Keep-Alive
1 > User-Agent: Apache-HttpClient/4.5.14 (Java/17.0.12)
1 > Accept-Encoding: gzip,deflate
{
  "Nombres": "Brigida",
  "Apellidos": "Gonzales Morales",
  "token": "eyJhbGciOiJIUzI1NiIsInR5cCI6IkpXVCJ9.eyJJRF9Vc3VhcmlvIjoiMTUzNTcyNzgiLCJSRFAwMl9JTlNUQU5DRSI6IlJEUDAyX0lOUzEiLCJSRFAwM19JTlNUQU5DRSI6IlJEUDAzX0lOUzEiLCJOb21icmVfVXN1YXJpbyI6ImJyaWdpZGFfZ29uemFsZXNfMTUzNSIsIlJvbCI6IkEiLCJpYXQiOjE3NTE5NTc3OTMsImV4cCI6MTc1MTk3NTc5M30.nW5mBdKMLpCGFlqO74pS26B-vpWJOWuBhdTM9PEnt7Q",
  "Genero": "F",
  "Google_Drive_Foto_ID": "12CrZ2Z8qd2FGzo0UeOURh3turASgkZ-8",
  "Rol": "A"
}


01:56:42.968 [pool-2-thread-4] DEBUG com.intuit.karate - request:
1 > POST https://siasis-dev.vercel.app/api/asistencia-hoy/marcar
1 > Cookie: Apellidos=Cullanco%20Espilco; Google_Drive_Foto_ID=1pMkv-ba_T2mBKxjp_zBTZtgWEjwxPxdu; Nombres=Elena%20Serafina; Genero=F; Rol=D; token=eyJhbGciOiJIUzI1NiIsInR5cCI6IkpXVCJ9.eyJJRF9Vc3VhcmlvIjoiMSIsIk5vbWJyZV9Vc3VhcmlvIjoiZGlyZWN0b3IuYXN1bmNpb244IiwiUkRQMDJfSU5TVEFOQ0UiOiJSRFAwMl9JTlMzIiwiUkRQMDNfSU5TVEFOQ0UiOiJSRFAwM19JTlM1IiwiUm9sIjoiRCIsImlhdCI6MTc1MTk1Nzc5MiwiZXhwIjoxNzUxOTc1NzkyfQ.2YZHDcqiMLq8PN8pdFMnVPeF3HH5Gr3bALBHZ8yhmtI
1 > Content-Type: application/json; charset=UTF-8
1 > Content-Length: 70
1 > Host: siasis-dev.vercel.app
1 > Connection: Keep-Alive
1 > User-Agent: Apache-HttpClient/4.5.14 (Java/17.0.12)
1 > Accept-Encoding: gzip,deflate
{
  "ModoRegistro": "E",
  "FechaHoraEsperadaISO": "2025-07-08T05:56:42.964Z"
}


01:56:43.058 [pool-2-thread-5] DEBUG com.intuit.karate - response time in milliseconds: 580
1 < 200
1 < Cache-Control: public, max-age=0, must-revalidate
1 < Content-Type: application/json
1 < Date: Tue, 08 Jul 2025 06:56:33 GMT
1 < Server: Vercel
1 < Strict-Transport-Security: max-age=63072000; includeSubDomains; preload
1 < Vary: RSC, Next-Router-State-Tree, Next-Router-Prefetch, Next-Router-Segment-Prefetch
1 < X-Matched-Path: /api/asistencia-hoy/marcar
1 < X-Vercel-Cache: MISS
1 < X-Vercel-Id: gru1::iad1::cq8gr-1751957793273-f2ca3ba665f6
1 < Transfer-Encoding: chunked
{
  "success": true,
  "message": "La asistencia ya había sido registrada anteriormente",
  "data": {
    "timestamp": 1751957793383,
    "desfaseSegundos": 3590,
    "esNuevoRegistro": false,
    "esRegistroPropio": false,
    "actorRegistrado": "A",
    "tipoAsistencia": "personal"
  }
}


01:56:43.061 [pool-2-thread-5] DEBUG c.intuit.karate.core.ScenarioEngine - over-writing existing variable 'loginFeature' with new value: 'classpath:resources/features/login/CasoTutorSecundaria.feature'
01:56:43.066 [pool-2-thread-5] DEBUG c.intuit.karate.core.ScenarioEngine - over-writing existing variable 'loginResponse' with new value: call read(loginFeature)
01:56:43.073 [pool-2-thread-5] DEBUG com.intuit.karate - request:
1 > POST https://api01-siasis-dev.vercel.app/api/login/profesor-tutor-secundaria
1 > Cookie: Apellidos=Gonzales%20Morales; Google_Drive_Foto_ID=12CrZ2Z8qd2FGzo0UeOURh3turASgkZ-8; Nombres=Brigida; Genero=F; Rol=A; token=eyJhbGciOiJIUzI1NiIsInR5cCI6IkpXVCJ9.eyJJRF9Vc3VhcmlvIjoiMTUzNTcyNzgiLCJSRFAwMl9JTlNUQU5DRSI6IlJEUDAyX0lOUzIiLCJSRFAwM19JTlNUQU5DRSI6IlJEUDAzX0lOUzQiLCJOb21icmVfVXN1YXJpbyI6ImJyaWdpZGFfZ29uemFsZXNfMTUzNSIsIlJvbCI6IkEiLCJpYXQiOjE3NTE5NTc3OTIsImV4cCI6MTc1MTk3NTc5Mn0.LPF3yc0k6PYZTKu8lxK4vKGX2_IAQFTrPrxqpyPmdaM
1 > Content-Type: application/json; charset=UTF-8
1 > Content-Length: 65
1 > Host: api01-siasis-dev.vercel.app
1 > Connection: Keep-Alive
1 > User-Agent: Apache-HttpClient/4.5.14 (Java/17.0.12)
1 > Accept-Encoding: gzip,deflate
{
  "Nombre_Usuario": "daniel_sanchez_1542",
  "Contraseña": "15420745"
}


01:56:43.191 [pool-2-thread-1] DEBUG com.intuit.karate - response time in milliseconds: 450
1 < 201
1 < Cache-Control: public, max-age=0, must-revalidate
1 < Content-Length: 0
1 < Date: Tue, 08 Jul 2025 06:56:33 GMT
1 < Server: Vercel
1 < Set-Cookie: Nombres=Brigida; Max-Age=18000; Path=/; HttpOnly; Secure; SameSite=Lax
1 < Set-Cookie: Apellidos=Gonzales%20Morales; Max-Age=18000; Path=/; HttpOnly; Secure; SameSite=Lax
1 < Set-Cookie: Rol=A; Max-Age=18000; Path=/; HttpOnly; Secure; SameSite=Lax
1 < Set-Cookie: token=eyJhbGciOiJIUzI1NiIsInR5cCI6IkpXVCJ9.eyJJRF9Vc3VhcmlvIjoiMTUzNTcyNzgiLCJSRFAwMl9JTlNUQU5DRSI6IlJEUDAyX0lOUzEiLCJSRFAwM19JTlNUQU5DRSI6IlJEUDAzX0lOUzUiLCJOb21icmVfVXN1YXJpbyI6ImJyaWdpZGFfZ29uemFsZXNfMTUzNSIsIlJvbCI6IkEiLCJpYXQiOjE3NTE5NTc3OTMsImV4cCI6MTc1MTk3NTc5M30.WGurRd7xNwN305eFRogtiD62Azf3ADUjARu1HXHOE5I; Max-Age=18000; Path=/; HttpOnly; Secure; SameSite=Lax
1 < Set-Cookie: Genero=F; Max-Age=18000; Path=/; HttpOnly; Secure; SameSite=Lax
1 < Set-Cookie: Google_Drive_Foto_ID=12CrZ2Z8qd2FGzo0UeOURh3turASgkZ-8; Max-Age=18000; Path=/; HttpOnly; Secure; SameSite=Lax
1 < Strict-Transport-Security: max-age=63072000; includeSubDomains; preload
1 < Vary: RSC, Next-Router-State-Tree, Next-Router-Prefetch, Next-Router-Segment-Prefetch
1 < X-Matched-Path: /api/auth/login
1 < X-Vercel-Cache: MISS
1 < X-Vercel-Id: gru1::iad1::lw4h4-1751957793582-e9effc78f6aa


01:56:43.192 [pool-2-thread-1] DEBUG c.intuit.karate.core.ScenarioEngine - over-writing existing variable 'fechaHoraEsperadaISO' with new value: getAdjustedTime()
01:56:43.195 [pool-2-thread-1] DEBUG com.intuit.karate - request:
1 > POST https://siasis-dev.vercel.app/api/asistencia-hoy/marcar
1 > Cookie: Apellidos=Gonzales%20Morales; Google_Drive_Foto_ID=12CrZ2Z8qd2FGzo0UeOURh3turASgkZ-8; Nombres=Brigida; Genero=F; Rol=A; token=eyJhbGciOiJIUzI1NiIsInR5cCI6IkpXVCJ9.eyJJRF9Vc3VhcmlvIjoiMTUzNTcyNzgiLCJSRFAwMl9JTlNUQU5DRSI6IlJEUDAyX0lOUzEiLCJSRFAwM19JTlNUQU5DRSI6IlJEUDAzX0lOUzUiLCJOb21icmVfVXN1YXJpbyI6ImJyaWdpZGFfZ29uemFsZXNfMTUzNSIsIlJvbCI6IkEiLCJpYXQiOjE3NTE5NTc3OTMsImV4cCI6MTc1MTk3NTc5M30.WGurRd7xNwN305eFRogtiD62Azf3ADUjARu1HXHOE5I
1 > Content-Type: application/json; charset=UTF-8
1 > Content-Length: 70
1 > Host: siasis-dev.vercel.app
1 > Connection: Keep-Alive
1 > User-Agent: Apache-HttpClient/4.5.14 (Java/17.0.12)
1 > Accept-Encoding: gzip,deflate
{
  "ModoRegistro": "E",
  "FechaHoraEsperadaISO": "2025-07-08T05:56:43.193Z"
}


01:56:43.240 [pool-2-thread-2] DEBUG com.intuit.karate - response time in milliseconds: 694
1 < 200
1 < Cache-Control: public, max-age=0, must-revalidate
1 < Content-Type: application/json
1 < Date: Tue, 08 Jul 2025 06:56:33 GMT
1 < Server: Vercel
1 < Strict-Transport-Security: max-age=63072000; includeSubDomains; preload
1 < Vary: RSC, Next-Router-State-Tree, Next-Router-Prefetch, Next-Router-Segment-Prefetch
1 < X-Matched-Path: /api/asistencia-hoy/marcar
1 < X-Vercel-Cache: MISS
1 < X-Vercel-Id: gru1::iad1::bsmv9-1751957793343-949eefbd93cf
1 < Transfer-Encoding: chunked
{
  "success": true,
  "message": "La asistencia ya había sido registrada anteriormente",
  "data": {
    "timestamp": 1751957793441,
    "desfaseSegundos": 3590,
    "esNuevoRegistro": false,
    "esRegistroPropio": false,
    "actorRegistrado": "D",
    "tipoAsistencia": "personal"
  }
}


01:56:43.244 [pool-2-thread-2] DEBUG c.intuit.karate.core.ScenarioEngine - over-writing existing variable 'loginFeature' with new value: 'classpath:resources/features/login/Auxiliar.feature'
01:56:43.253 [pool-2-thread-2] DEBUG c.intuit.karate.core.ScenarioEngine - over-writing existing variable 'loginResponse' with new value: call read(loginFeature)
01:56:43.259 [pool-2-thread-2] DEBUG com.intuit.karate - request:
1 > POST https://api01-siasis-dev.vercel.app/api/login/auxiliar
1 > Cookie: Apellidos=Cullanco%20Espilco; Google_Drive_Foto_ID=1pMkv-ba_T2mBKxjp_zBTZtgWEjwxPxdu; Nombres=Elena%20Serafina; Genero=F; Rol=D; token=eyJhbGciOiJIUzI1NiIsInR5cCI6IkpXVCJ9.eyJJRF9Vc3VhcmlvIjoiMSIsIk5vbWJyZV9Vc3VhcmlvIjoiZGlyZWN0b3IuYXN1bmNpb244IiwiUkRQMDJfSU5TVEFOQ0UiOiJSRFAwMl9JTlMzIiwiUkRQMDNfSU5TVEFOQ0UiOiJSRFAwM19JTlM1IiwiUm9sIjoiRCIsImlhdCI6MTc1MTk1Nzc5MiwiZXhwIjoxNzUxOTc1NzkyfQ.2YZHDcqiMLq8PN8pdFMnVPeF3HH5Gr3bALBHZ8yhmtI
1 > Content-Type: application/json; charset=UTF-8
1 > Content-Length: 67
1 > Host: api01-siasis-dev.vercel.app
1 > Connection: Keep-Alive
1 > User-Agent: Apache-HttpClient/4.5.14 (Java/17.0.12)
1 > Accept-Encoding: gzip,deflate
{
  "Nombre_Usuario": "brigida_gonzales_1535",
  "Contraseña": "15357278"
}


01:56:43.385 [pool-2-thread-3] DEBUG com.intuit.karate - response time in milliseconds: 416
1 < 201
1 < Cache-Control: public, max-age=0, must-revalidate
1 < Content-Length: 0
1 < Date: Tue, 08 Jul 2025 06:56:33 GMT
1 < Server: Vercel
1 < Set-Cookie: Nombres=Brigida; Max-Age=18000; Path=/; HttpOnly; Secure; SameSite=Lax
1 < Set-Cookie: Apellidos=Gonzales%20Morales; Max-Age=18000; Path=/; HttpOnly; Secure; SameSite=Lax
1 < Set-Cookie: Rol=A; Max-Age=18000; Path=/; HttpOnly; Secure; SameSite=Lax
1 < Set-Cookie: token=eyJhbGciOiJIUzI1NiIsInR5cCI6IkpXVCJ9.eyJJRF9Vc3VhcmlvIjoiMTUzNTcyNzgiLCJSRFAwMl9JTlNUQU5DRSI6IlJEUDAyX0lOUzEiLCJSRFAwM19JTlNUQU5DRSI6IlJEUDAzX0lOUzEiLCJOb21icmVfVXN1YXJpbyI6ImJyaWdpZGFfZ29uemFsZXNfMTUzNSIsIlJvbCI6IkEiLCJpYXQiOjE3NTE5NTc3OTMsImV4cCI6MTc1MTk3NTc5M30.nW5mBdKMLpCGFlqO74pS26B-vpWJOWuBhdTM9PEnt7Q; Max-Age=18000; Path=/; HttpOnly; Secure; SameSite=Lax
1 < Set-Cookie: Genero=F; Max-Age=18000; Path=/; HttpOnly; Secure; SameSite=Lax
1 < Set-Cookie: Google_Drive_Foto_ID=12CrZ2Z8qd2FGzo0UeOURh3turASgkZ-8; Max-Age=18000; Path=/; HttpOnly; Secure; SameSite=Lax
1 < Strict-Transport-Security: max-age=63072000; includeSubDomains; preload
1 < Vary: RSC, Next-Router-State-Tree, Next-Router-Prefetch, Next-Router-Segment-Prefetch
1 < X-Matched-Path: /api/auth/login
1 < X-Vercel-Cache: MISS
1 < X-Vercel-Id: gru1::iad1::bdvft-1751957793764-15887266484b


01:56:43.386 [pool-2-thread-3] DEBUG c.intuit.karate.core.ScenarioEngine - over-writing existing variable 'fechaHoraEsperadaISO' with new value: getAdjustedTime()
01:56:43.391 [pool-2-thread-3] DEBUG com.intuit.karate - request:
1 > POST https://siasis-dev.vercel.app/api/asistencia-hoy/marcar
1 > Cookie: Apellidos=Gonzales%20Morales; Google_Drive_Foto_ID=12CrZ2Z8qd2FGzo0UeOURh3turASgkZ-8; Nombres=Brigida; Genero=F; Rol=A; token=eyJhbGciOiJIUzI1NiIsInR5cCI6IkpXVCJ9.eyJJRF9Vc3VhcmlvIjoiMTUzNTcyNzgiLCJSRFAwMl9JTlNUQU5DRSI6IlJEUDAyX0lOUzEiLCJSRFAwM19JTlNUQU5DRSI6IlJEUDAzX0lOUzEiLCJOb21icmVfVXN1YXJpbyI6ImJyaWdpZGFfZ29uemFsZXNfMTUzNSIsIlJvbCI6IkEiLCJpYXQiOjE3NTE5NTc3OTMsImV4cCI6MTc1MTk3NTc5M30.nW5mBdKMLpCGFlqO74pS26B-vpWJOWuBhdTM9PEnt7Q
1 > Content-Type: application/json; charset=UTF-8
1 > Content-Length: 70
1 > Host: siasis-dev.vercel.app
1 > Connection: Keep-Alive
1 > User-Agent: Apache-HttpClient/4.5.14 (Java/17.0.12)
1 > Accept-Encoding: gzip,deflate
{
  "ModoRegistro": "E",
  "FechaHoraEsperadaISO": "2025-07-08T05:56:43.388Z"
}


01:56:43.575 [pool-2-thread-4] DEBUG com.intuit.karate - response time in milliseconds: 606
1 < 200
1 < Cache-Control: public, max-age=0, must-revalidate
1 < Content-Type: application/json
1 < Date: Tue, 08 Jul 2025 06:56:34 GMT
1 < Server: Vercel
1 < Strict-Transport-Security: max-age=63072000; includeSubDomains; preload
1 < Vary: RSC, Next-Router-State-Tree, Next-Router-Prefetch, Next-Router-Segment-Prefetch
1 < X-Matched-Path: /api/asistencia-hoy/marcar
1 < X-Vercel-Cache: MISS
1 < X-Vercel-Id: gru1::iad1::zpjsk-1751957793767-519f2d4ba91c
1 < Transfer-Encoding: chunked
{
  "success": true,
  "message": "La asistencia ya había sido registrada anteriormente",
  "data": {
    "timestamp": 1751957793880,
    "desfaseSegundos": 3590,
    "esNuevoRegistro": false,
    "esRegistroPropio": false,
    "actorRegistrado": "D",
    "tipoAsistencia": "personal"
  }
}


01:56:43.581 [pool-2-thread-4] DEBUG c.intuit.karate.core.ScenarioEngine - over-writing existing variable 'loginFeature' with new value: 'classpath:resources/features/login/Auxiliar.feature'
01:56:43.588 [pool-2-thread-4] DEBUG c.intuit.karate.core.ScenarioEngine - over-writing existing variable 'loginResponse' with new value: call read(loginFeature)
01:56:43.595 [pool-2-thread-4] DEBUG com.intuit.karate - request:
1 > POST https://api01-siasis-dev.vercel.app/api/login/auxiliar
1 > Cookie: Apellidos=Cullanco%20Espilco; Google_Drive_Foto_ID=1pMkv-ba_T2mBKxjp_zBTZtgWEjwxPxdu; Nombres=Elena%20Serafina; Genero=F; Rol=D; token=eyJhbGciOiJIUzI1NiIsInR5cCI6IkpXVCJ9.eyJJRF9Vc3VhcmlvIjoiMSIsIk5vbWJyZV9Vc3VhcmlvIjoiZGlyZWN0b3IuYXN1bmNpb244IiwiUkRQMDJfSU5TVEFOQ0UiOiJSRFAwMl9JTlMzIiwiUkRQMDNfSU5TVEFOQ0UiOiJSRFAwM19JTlM1IiwiUm9sIjoiRCIsImlhdCI6MTc1MTk1Nzc5MiwiZXhwIjoxNzUxOTc1NzkyfQ.2YZHDcqiMLq8PN8pdFMnVPeF3HH5Gr3bALBHZ8yhmtI
1 > Content-Type: application/json; charset=UTF-8
1 > Content-Length: 67
1 > Host: api01-siasis-dev.vercel.app
1 > Connection: Keep-Alive
1 > User-Agent: Apache-HttpClient/4.5.14 (Java/17.0.12)
1 > Accept-Encoding: gzip,deflate
{
  "Nombre_Usuario": "brigida_gonzales_1535",
  "Contraseña": "15357278"
}


01:56:43.776 [pool-2-thread-1] DEBUG com.intuit.karate - response time in milliseconds: 581
1 < 200
1 < Cache-Control: public, max-age=0, must-revalidate
1 < Content-Type: application/json
1 < Date: Tue, 08 Jul 2025 06:56:34 GMT
1 < Server: Vercel
1 < Strict-Transport-Security: max-age=63072000; includeSubDomains; preload
1 < Vary: RSC, Next-Router-State-Tree, Next-Router-Prefetch, Next-Router-Segment-Prefetch
1 < X-Matched-Path: /api/asistencia-hoy/marcar
1 < X-Vercel-Cache: MISS
1 < X-Vercel-Id: gru1::iad1::9zltt-1751957793991-794d7aac5eba
1 < Transfer-Encoding: chunked
{
  "success": true,
  "message": "La asistencia ya había sido registrada anteriormente",
  "data": {
    "timestamp": 1751957794110,
    "desfaseSegundos": 3590,
    "esNuevoRegistro": false,
    "esRegistroPropio": false,
    "actorRegistrado": "A",
    "tipoAsistencia": "personal"
  }
}


01:56:43.782 [pool-2-thread-1] DEBUG c.intuit.karate.core.ScenarioEngine - over-writing existing variable 'loginFeature' with new value: 'classpath:resources/features/login/CasoTutorSecundaria.feature'
01:56:43.789 [pool-2-thread-1] DEBUG c.intuit.karate.core.ScenarioEngine - over-writing existing variable 'loginResponse' with new value: call read(loginFeature)
01:56:43.789 [pool-2-thread-2] DEBUG com.intuit.karate - response time in milliseconds: 529
1 < 200
1 < Access-Control-Allow-Origin: *
1 < Cache-Control: public, max-age=0, must-revalidate
1 < Content-Length: 515
1 < Content-Type: application/json; charset=utf-8
1 < Date: Tue, 08 Jul 2025 06:56:34 GMT
1 < Etag: W/"203-qj0zoIEobJcuSi3r8ngqRgtfIzY"
1 < Server: Vercel
1 < Strict-Transport-Security: max-age=63072000; includeSubDomains; preload
1 < X-Powered-By: Express
1 < X-Vercel-Cache: MISS
1 < X-Vercel-Id: gru1::iad1::bdvft-1751957794056-d599ae136865
{
  "success": true,
  "message": "Inicio de sesión exitoso",
  "data": {
    "Apellidos": "Gonzales Morales",
    "Nombres": "Brigida",
    "Rol": "A",
    "token": "eyJhbGciOiJIUzI1NiIsInR5cCI6IkpXVCJ9.eyJJRF9Vc3VhcmlvIjoiMTUzNTcyNzgiLCJSRFAwMl9JTlNUQU5DRSI6IlJEUDAyX0lOUzIiLCJSRFAwM19JTlNUQU5DRSI6IlJEUDAzX0lOUzQiLCJOb21icmVfVXN1YXJpbyI6ImJyaWdpZGFfZ29uemFsZXNfMTUzNSIsIlJvbCI6IkEiLCJpYXQiOjE3NTE5NTc3OTQsImV4cCI6MTc1MTk3NTc5NH0.FLlJHZMJwATYhsy4tMv6PrM8IPP8kj4iu8yGkthoCmU",
    "Google_Drive_Foto_ID": "12CrZ2Z8qd2FGzo0UeOURh3turASgkZ-8",
    "Genero": "F"
  }
}


01:56:43.792 [pool-2-thread-2] INFO  com.intuit.karate - [print] eyJhbGciOiJIUzI1NiIsInR5cCI6IkpXVCJ9.eyJJRF9Vc3VhcmlvIjoiMTUzNTcyNzgiLCJSRFAwMl9JTlNUQU5DRSI6IlJEUDAyX0lOUzIiLCJSRFAwM19JTlNUQU5DRSI6IlJEUDAzX0lOUzQiLCJOb21icmVfVXN1YXJpbyI6ImJyaWdpZGFfZ29uemFsZXNfMTUzNSIsIlJvbCI6IkEiLCJpYXQiOjE3NTE5NTc3OTQsImV4cCI6MTc1MTk3NTc5NH0.FLlJHZMJwATYhsy4tMv6PrM8IPP8kj4iu8yGkthoCmU 
01:56:43.793 [pool-2-thread-2] INFO  com.intuit.karate - [print] A 
01:56:43.795 [pool-2-thread-2] DEBUG com.intuit.karate - request:
1 > POST https://siasis-dev.vercel.app/api/auth/login
1 > Cookie: Apellidos=Cullanco%20Espilco; Google_Drive_Foto_ID=1pMkv-ba_T2mBKxjp_zBTZtgWEjwxPxdu; Nombres=Elena%20Serafina; Genero=F; Rol=D; token=eyJhbGciOiJIUzI1NiIsInR5cCI6IkpXVCJ9.eyJJRF9Vc3VhcmlvIjoiMSIsIk5vbWJyZV9Vc3VhcmlvIjoiZGlyZWN0b3IuYXN1bmNpb244IiwiUkRQMDJfSU5TVEFOQ0UiOiJSRFAwMl9JTlMzIiwiUkRQMDNfSU5TVEFOQ0UiOiJSRFAwM19JTlM1IiwiUm9sIjoiRCIsImlhdCI6MTc1MTk1Nzc5MiwiZXhwIjoxNzUxOTc1NzkyfQ.2YZHDcqiMLq8PN8pdFMnVPeF3HH5Gr3bALBHZ8yhmtI
1 > Content-Type: application/json; charset=UTF-8
1 > Content-Length: 453
1 > Host: siasis-dev.vercel.app
1 > Connection: Keep-Alive
1 > User-Agent: Apache-HttpClient/4.5.14 (Java/17.0.12)
1 > Accept-Encoding: gzip,deflate
{
  "Nombres": "Brigida",
  "Apellidos": "Gonzales Morales",
  "token": "eyJhbGciOiJIUzI1NiIsInR5cCI6IkpXVCJ9.eyJJRF9Vc3VhcmlvIjoiMTUzNTcyNzgiLCJSRFAwMl9JTlNUQU5DRSI6IlJEUDAyX0lOUzIiLCJSRFAwM19JTlNUQU5DRSI6IlJEUDAzX0lOUzQiLCJOb21icmVfVXN1YXJpbyI6ImJyaWdpZGFfZ29uemFsZXNfMTUzNSIsIlJvbCI6IkEiLCJpYXQiOjE3NTE5NTc3OTQsImV4cCI6MTc1MTk3NTc5NH0.FLlJHZMJwATYhsy4tMv6PrM8IPP8kj4iu8yGkthoCmU",
  "Genero": "F",
  "Google_Drive_Foto_ID": "12CrZ2Z8qd2FGzo0UeOURh3turASgkZ-8",
  "Rol": "A"
}


01:56:43.799 [pool-2-thread-5] DEBUG com.intuit.karate - response time in milliseconds: 724
1 < 200
1 < Access-Control-Allow-Origin: *
1 < Cache-Control: public, max-age=0, must-revalidate
1 < Content-Length: 519
1 < Content-Type: application/json; charset=utf-8
1 < Date: Tue, 08 Jul 2025 06:56:34 GMT
1 < Etag: W/"207-bANNm7RKM9PCWSXozQ4Pqsv7KP4"
1 < Server: Vercel
1 < Strict-Transport-Security: max-age=63072000; includeSubDomains; preload
1 < X-Powered-By: Express
1 < X-Vercel-Cache: MISS
1 < X-Vercel-Id: gru1::iad1::lrpdm-1751957793873-da7d6be7db77
{
  "success": true,
  "message": "Inicio de sesión exitoso",
  "data": {
    "Apellidos": "Sanchez Gonzales",
    "Nombres": "Daniel Enrique",
    "Rol": "T",
    "token": "eyJhbGciOiJIUzI1NiIsInR5cCI6IkpXVCJ9.eyJJRF9Vc3VhcmlvIjoiMTU0MjA3NDUiLCJOb21icmVfVXN1YXJpbyI6ImRhbmllbF9zYW5jaGV6XzE1NDIiLCJSRFAwMl9JTlNUQU5DRSI6IlJEUDAyX0lOUzMiLCJSRFAwM19JTlNUQU5DRSI6IlJEUDAzX0lOUzIiLCJSb2wiOiJUIiwiaWF0IjoxNzUxOTU3Nzk0LCJleHAiOjE3NTE5NzU3OTR9.H53zNNidRVijd5gu9cY_0gkoopjh5mKBR02jzBa41jo",
    "Google_Drive_Foto_ID": "11vFEZVR5o-6mSwWCCy4L6tRuzVilr0i9",
    "Genero": "M"
  }
}


01:56:43.799 [pool-2-thread-1] DEBUG com.intuit.karate - request:
1 > POST https://api01-siasis-dev.vercel.app/api/login/profesor-tutor-secundaria
1 > Cookie: Apellidos=Gonzales%20Morales; Google_Drive_Foto_ID=12CrZ2Z8qd2FGzo0UeOURh3turASgkZ-8; Nombres=Brigida; Genero=F; Rol=A; token=eyJhbGciOiJIUzI1NiIsInR5cCI6IkpXVCJ9.eyJJRF9Vc3VhcmlvIjoiMTUzNTcyNzgiLCJSRFAwMl9JTlNUQU5DRSI6IlJEUDAyX0lOUzEiLCJSRFAwM19JTlNUQU5DRSI6IlJEUDAzX0lOUzUiLCJOb21icmVfVXN1YXJpbyI6ImJyaWdpZGFfZ29uemFsZXNfMTUzNSIsIlJvbCI6IkEiLCJpYXQiOjE3NTE5NTc3OTMsImV4cCI6MTc1MTk3NTc5M30.WGurRd7xNwN305eFRogtiD62Azf3ADUjARu1HXHOE5I
1 > Content-Type: application/json; charset=UTF-8
1 > Content-Length: 65
1 > Host: api01-siasis-dev.vercel.app
1 > Connection: Keep-Alive
1 > User-Agent: Apache-HttpClient/4.5.14 (Java/17.0.12)
1 > Accept-Encoding: gzip,deflate
{
  "Nombre_Usuario": "daniel_sanchez_1542",
  "Contraseña": "15420745"
}


01:56:43.801 [pool-2-thread-5] INFO  com.intuit.karate - [print] eyJhbGciOiJIUzI1NiIsInR5cCI6IkpXVCJ9.eyJJRF9Vc3VhcmlvIjoiMTU0MjA3NDUiLCJOb21icmVfVXN1YXJpbyI6ImRhbmllbF9zYW5jaGV6XzE1NDIiLCJSRFAwMl9JTlNUQU5DRSI6IlJEUDAyX0lOUzMiLCJSRFAwM19JTlNUQU5DRSI6IlJEUDAzX0lOUzIiLCJSb2wiOiJUIiwiaWF0IjoxNzUxOTU3Nzk0LCJleHAiOjE3NTE5NzU3OTR9.H53zNNidRVijd5gu9cY_0gkoopjh5mKBR02jzBa41jo 
01:56:43.802 [pool-2-thread-5] INFO  com.intuit.karate - [print] T 
01:56:43.805 [pool-2-thread-5] DEBUG com.intuit.karate - request:
1 > POST https://siasis-dev.vercel.app/api/auth/login
1 > Cookie: Apellidos=Gonzales%20Morales; Google_Drive_Foto_ID=12CrZ2Z8qd2FGzo0UeOURh3turASgkZ-8; Nombres=Brigida; Genero=F; Rol=A; token=eyJhbGciOiJIUzI1NiIsInR5cCI6IkpXVCJ9.eyJJRF9Vc3VhcmlvIjoiMTUzNTcyNzgiLCJSRFAwMl9JTlNUQU5DRSI6IlJEUDAyX0lOUzIiLCJSRFAwM19JTlNUQU5DRSI6IlJEUDAzX0lOUzQiLCJOb21icmVfVXN1YXJpbyI6ImJyaWdpZGFfZ29uemFsZXNfMTUzNSIsIlJvbCI6IkEiLCJpYXQiOjE3NTE5NTc3OTIsImV4cCI6MTc1MTk3NTc5Mn0.LPF3yc0k6PYZTKu8lxK4vKGX2_IAQFTrPrxqpyPmdaM
1 > Content-Type: application/json; charset=UTF-8
1 > Content-Length: 457
1 > Host: siasis-dev.vercel.app
1 > Connection: Keep-Alive
1 > User-Agent: Apache-HttpClient/4.5.14 (Java/17.0.12)
1 > Accept-Encoding: gzip,deflate
{
  "Nombres": "Daniel Enrique",
  "Apellidos": "Sanchez Gonzales",
  "token": "eyJhbGciOiJIUzI1NiIsInR5cCI6IkpXVCJ9.eyJJRF9Vc3VhcmlvIjoiMTU0MjA3NDUiLCJOb21icmVfVXN1YXJpbyI6ImRhbmllbF9zYW5jaGV6XzE1NDIiLCJSRFAwMl9JTlNUQU5DRSI6IlJEUDAyX0lOUzMiLCJSRFAwM19JTlNUQU5DRSI6IlJEUDAzX0lOUzIiLCJSb2wiOiJUIiwiaWF0IjoxNzUxOTU3Nzk0LCJleHAiOjE3NTE5NzU3OTR9.H53zNNidRVijd5gu9cY_0gkoopjh5mKBR02jzBa41jo",
  "Genero": "M",
  "Google_Drive_Foto_ID": "11vFEZVR5o-6mSwWCCy4L6tRuzVilr0i9",
  "Rol": "T"
}


01:56:43.996 [pool-2-thread-3] DEBUG com.intuit.karate - response time in milliseconds: 603
1 < 200
1 < Cache-Control: public, max-age=0, must-revalidate
1 < Content-Type: application/json
1 < Date: Tue, 08 Jul 2025 06:56:34 GMT
1 < Server: Vercel
1 < Strict-Transport-Security: max-age=63072000; includeSubDomains; preload
1 < Vary: RSC, Next-Router-State-Tree, Next-Router-Prefetch, Next-Router-Segment-Prefetch
1 < X-Matched-Path: /api/asistencia-hoy/marcar
1 < X-Vercel-Cache: MISS
1 < X-Vercel-Id: gru1::iad1::bdvft-1751957794198-5ae525b56f85
1 < Transfer-Encoding: chunked
{
  "success": true,
  "message": "La asistencia ya había sido registrada anteriormente",
  "data": {
    "timestamp": 1751957794310,
    "desfaseSegundos": 3590,
    "esNuevoRegistro": false,
    "esRegistroPropio": false,
    "actorRegistrado": "A",
    "tipoAsistencia": "personal"
  }
}


01:56:44.003 [pool-2-thread-3] DEBUG c.intuit.karate.core.ScenarioEngine - over-writing existing variable 'loginFeature' with new value: 'classpath:resources/features/login/CasoTutorSecundaria.feature'
01:56:44.012 [pool-2-thread-3] DEBUG c.intuit.karate.core.ScenarioEngine - over-writing existing variable 'loginResponse' with new value: call read(loginFeature)
01:56:44.022 [pool-2-thread-3] DEBUG com.intuit.karate - request:
1 > POST https://api01-siasis-dev.vercel.app/api/login/profesor-tutor-secundaria
1 > Cookie: Apellidos=Gonzales%20Morales; Google_Drive_Foto_ID=12CrZ2Z8qd2FGzo0UeOURh3turASgkZ-8; Nombres=Brigida; Genero=F; Rol=A; token=eyJhbGciOiJIUzI1NiIsInR5cCI6IkpXVCJ9.eyJJRF9Vc3VhcmlvIjoiMTUzNTcyNzgiLCJSRFAwMl9JTlNUQU5DRSI6IlJEUDAyX0lOUzEiLCJSRFAwM19JTlNUQU5DRSI6IlJEUDAzX0lOUzEiLCJOb21icmVfVXN1YXJpbyI6ImJyaWdpZGFfZ29uemFsZXNfMTUzNSIsIlJvbCI6IkEiLCJpYXQiOjE3NTE5NTc3OTMsImV4cCI6MTc1MTk3NTc5M30.nW5mBdKMLpCGFlqO74pS26B-vpWJOWuBhdTM9PEnt7Q
1 > Content-Type: application/json; charset=UTF-8
1 > Content-Length: 65
1 > Host: api01-siasis-dev.vercel.app
1 > Connection: Keep-Alive
1 > User-Agent: Apache-HttpClient/4.5.14 (Java/17.0.12)
1 > Accept-Encoding: gzip,deflate
{
  "Nombre_Usuario": "daniel_sanchez_1542",
  "Contraseña": "15420745"
}


01:56:44.137 [pool-2-thread-4] DEBUG com.intuit.karate - response time in milliseconds: 540
1 < 200
1 < Access-Control-Allow-Origin: *
1 < Cache-Control: public, max-age=0, must-revalidate
1 < Content-Length: 515
1 < Content-Type: application/json; charset=utf-8
1 < Date: Tue, 08 Jul 2025 06:56:34 GMT
1 < Etag: W/"203-QpVL8u6SEt5yEa7Wjudrfp8SPSM"
1 < Server: Vercel
1 < Strict-Transport-Security: max-age=63072000; includeSubDomains; preload
1 < X-Powered-By: Express
1 < X-Vercel-Cache: MISS
1 < X-Vercel-Id: gru1::iad1::lrpdm-1751957794406-3b08b50cc813
{
  "success": true,
  "message": "Inicio de sesión exitoso",
  "data": {
    "Apellidos": "Gonzales Morales",
    "Nombres": "Brigida",
    "Rol": "A",
    "token": "eyJhbGciOiJIUzI1NiIsInR5cCI6IkpXVCJ9.eyJJRF9Vc3VhcmlvIjoiMTUzNTcyNzgiLCJSRFAwMl9JTlNUQU5DRSI6IlJEUDAyX0lOUzIiLCJSRFAwM19JTlNUQU5DRSI6IlJEUDAzX0lOUzUiLCJOb21icmVfVXN1YXJpbyI6ImJyaWdpZGFfZ29uemFsZXNfMTUzNSIsIlJvbCI6IkEiLCJpYXQiOjE3NTE5NTc3OTQsImV4cCI6MTc1MTk3NTc5NH0.jlFBov71YyNlfNlyLCNiTR3hXwefnAKcuXe80EaVZhA",
    "Google_Drive_Foto_ID": "12CrZ2Z8qd2FGzo0UeOURh3turASgkZ-8",
    "Genero": "F"
  }
}


01:56:44.140 [pool-2-thread-4] INFO  com.intuit.karate - [print] eyJhbGciOiJIUzI1NiIsInR5cCI6IkpXVCJ9.eyJJRF9Vc3VhcmlvIjoiMTUzNTcyNzgiLCJSRFAwMl9JTlNUQU5DRSI6IlJEUDAyX0lOUzIiLCJSRFAwM19JTlNUQU5DRSI6IlJEUDAzX0lOUzUiLCJOb21icmVfVXN1YXJpbyI6ImJyaWdpZGFfZ29uemFsZXNfMTUzNSIsIlJvbCI6IkEiLCJpYXQiOjE3NTE5NTc3OTQsImV4cCI6MTc1MTk3NTc5NH0.jlFBov71YyNlfNlyLCNiTR3hXwefnAKcuXe80EaVZhA 
01:56:44.141 [pool-2-thread-4] INFO  com.intuit.karate - [print] A 
01:56:44.145 [pool-2-thread-4] DEBUG com.intuit.karate - request:
1 > POST https://siasis-dev.vercel.app/api/auth/login
1 > Cookie: Apellidos=Cullanco%20Espilco; Google_Drive_Foto_ID=1pMkv-ba_T2mBKxjp_zBTZtgWEjwxPxdu; Nombres=Elena%20Serafina; Genero=F; Rol=D; token=eyJhbGciOiJIUzI1NiIsInR5cCI6IkpXVCJ9.eyJJRF9Vc3VhcmlvIjoiMSIsIk5vbWJyZV9Vc3VhcmlvIjoiZGlyZWN0b3IuYXN1bmNpb244IiwiUkRQMDJfSU5TVEFOQ0UiOiJSRFAwMl9JTlMzIiwiUkRQMDNfSU5TVEFOQ0UiOiJSRFAwM19JTlM1IiwiUm9sIjoiRCIsImlhdCI6MTc1MTk1Nzc5MiwiZXhwIjoxNzUxOTc1NzkyfQ.2YZHDcqiMLq8PN8pdFMnVPeF3HH5Gr3bALBHZ8yhmtI
1 > Content-Type: application/json; charset=UTF-8
1 > Content-Length: 453
1 > Host: siasis-dev.vercel.app
1 > Connection: Keep-Alive
1 > User-Agent: Apache-HttpClient/4.5.14 (Java/17.0.12)
1 > Accept-Encoding: gzip,deflate
{
  "Nombres": "Brigida",
  "Apellidos": "Gonzales Morales",
  "token": "eyJhbGciOiJIUzI1NiIsInR5cCI6IkpXVCJ9.eyJJRF9Vc3VhcmlvIjoiMTUzNTcyNzgiLCJSRFAwMl9JTlNUQU5DRSI6IlJEUDAyX0lOUzIiLCJSRFAwM19JTlNUQU5DRSI6IlJEUDAzX0lOUzUiLCJOb21icmVfVXN1YXJpbyI6ImJyaWdpZGFfZ29uemFsZXNfMTUzNSIsIlJvbCI6IkEiLCJpYXQiOjE3NTE5NTc3OTQsImV4cCI6MTc1MTk3NTc5NH0.jlFBov71YyNlfNlyLCNiTR3hXwefnAKcuXe80EaVZhA",
  "Genero": "F",
  "Google_Drive_Foto_ID": "12CrZ2Z8qd2FGzo0UeOURh3turASgkZ-8",
  "Rol": "A"
}


---------------------------------------------------------
feature: classpath:resources/features/AsistenciaHoy/ConsultarAsistencias/DNI-Especifico/Personal/ObtenerPorDni.feature
scenarios:  5 | passed:  5 | failed:  0 | time: 78.5712
---------------------------------------------------------

01:56:44.193 [pool-3-thread-1] INFO  com.intuit.karate.Suite - <<pass>> feature 1 of 20 (19 remaining) classpath:resources/features/AsistenciaHoy/ConsultarAsistencias/DNI-Especifico/Personal/ObtenerPorDni.feature
01:56:44.245 [pool-2-thread-5] DEBUG com.intuit.karate - response time in milliseconds: 439
1 < 201
1 < Cache-Control: public, max-age=0, must-revalidate
1 < Content-Length: 0
1 < Date: Tue, 08 Jul 2025 06:56:34 GMT
1 < Server: Vercel
1 < Set-Cookie: Nombres=Daniel%20Enrique; Max-Age=18000; Path=/; HttpOnly; Secure; SameSite=Lax
1 < Set-Cookie: Apellidos=Sanchez%20Gonzales; Max-Age=18000; Path=/; HttpOnly; Secure; SameSite=Lax
1 < Set-Cookie: Rol=T; Max-Age=18000; Path=/; HttpOnly; Secure; SameSite=Lax
1 < Set-Cookie: token=eyJhbGciOiJIUzI1NiIsInR5cCI6IkpXVCJ9.eyJJRF9Vc3VhcmlvIjoiMTU0MjA3NDUiLCJOb21icmVfVXN1YXJpbyI6ImRhbmllbF9zYW5jaGV6XzE1NDIiLCJSRFAwMl9JTlNUQU5DRSI6IlJEUDAyX0lOUzMiLCJSRFAwM19JTlNUQU5DRSI6IlJEUDAzX0lOUzIiLCJSb2wiOiJUIiwiaWF0IjoxNzUxOTU3Nzk0LCJleHAiOjE3NTE5NzU3OTR9.H53zNNidRVijd5gu9cY_0gkoopjh5mKBR02jzBa41jo; Max-Age=18000; Path=/; HttpOnly; Secure; SameSite=Lax
1 < Set-Cookie: Genero=M; Max-Age=18000; Path=/; HttpOnly; Secure; SameSite=Lax
1 < Set-Cookie: Google_Drive_Foto_ID=11vFEZVR5o-6mSwWCCy4L6tRuzVilr0i9; Max-Age=18000; Path=/; HttpOnly; Secure; SameSite=Lax
1 < Strict-Transport-Security: max-age=63072000; includeSubDomains; preload
1 < Vary: RSC, Next-Router-State-Tree, Next-Router-Prefetch, Next-Router-Segment-Prefetch
1 < X-Matched-Path: /api/auth/login
1 < X-Vercel-Cache: MISS
1 < X-Vercel-Id: gru1::iad1::kpjfh-1751957794621-433e9c15ed9f


01:56:44.246 [pool-2-thread-5] DEBUG c.intuit.karate.core.ScenarioEngine - over-writing existing variable 'fechaHoraEsperadaISO' with new value: getAdjustedTime()
01:56:44.251 [pool-2-thread-5] DEBUG com.intuit.karate - request:
1 > POST https://siasis-dev.vercel.app/api/asistencia-hoy/marcar
1 > Cookie: Apellidos=Sanchez%20Gonzales; Google_Drive_Foto_ID=11vFEZVR5o-6mSwWCCy4L6tRuzVilr0i9; Nombres=Daniel%20Enrique; Genero=M; Rol=T; token=eyJhbGciOiJIUzI1NiIsInR5cCI6IkpXVCJ9.eyJJRF9Vc3VhcmlvIjoiMTU0MjA3NDUiLCJOb21icmVfVXN1YXJpbyI6ImRhbmllbF9zYW5jaGV6XzE1NDIiLCJSRFAwMl9JTlNUQU5DRSI6IlJEUDAyX0lOUzMiLCJSRFAwM19JTlNUQU5DRSI6IlJEUDAzX0lOUzIiLCJSb2wiOiJUIiwiaWF0IjoxNzUxOTU3Nzk0LCJleHAiOjE3NTE5NzU3OTR9.H53zNNidRVijd5gu9cY_0gkoopjh5mKBR02jzBa41jo
1 > Content-Type: application/json; charset=UTF-8
1 > Content-Length: 70
1 > Host: siasis-dev.vercel.app
1 > Connection: Keep-Alive
1 > User-Agent: Apache-HttpClient/4.5.14 (Java/17.0.12)
1 > Accept-Encoding: gzip,deflate
{
  "ModoRegistro": "E",
  "FechaHoraEsperadaISO": "2025-07-08T05:56:44.247Z"
}


01:56:44.354 [pool-2-thread-2] DEBUG com.intuit.karate - response time in milliseconds: 556
1 < 201
1 < Cache-Control: public, max-age=0, must-revalidate
1 < Content-Length: 0
1 < Date: Tue, 08 Jul 2025 06:56:34 GMT
1 < Server: Vercel
1 < Set-Cookie: Nombres=Brigida; Max-Age=18000; Path=/; HttpOnly; Secure; SameSite=Lax
1 < Set-Cookie: Apellidos=Gonzales%20Morales; Max-Age=18000; Path=/; HttpOnly; Secure; SameSite=Lax
1 < Set-Cookie: Rol=A; Max-Age=18000; Path=/; HttpOnly; Secure; SameSite=Lax
1 < Set-Cookie: token=eyJhbGciOiJIUzI1NiIsInR5cCI6IkpXVCJ9.eyJJRF9Vc3VhcmlvIjoiMTUzNTcyNzgiLCJSRFAwMl9JTlNUQU5DRSI6IlJEUDAyX0lOUzIiLCJSRFAwM19JTlNUQU5DRSI6IlJEUDAzX0lOUzQiLCJOb21icmVfVXN1YXJpbyI6ImJyaWdpZGFfZ29uemFsZXNfMTUzNSIsIlJvbCI6IkEiLCJpYXQiOjE3NTE5NTc3OTQsImV4cCI6MTc1MTk3NTc5NH0.FLlJHZMJwATYhsy4tMv6PrM8IPP8kj4iu8yGkthoCmU; Max-Age=18000; Path=/; HttpOnly; Secure; SameSite=Lax
1 < Set-Cookie: Genero=F; Max-Age=18000; Path=/; HttpOnly; Secure; SameSite=Lax
1 < Set-Cookie: Google_Drive_Foto_ID=12CrZ2Z8qd2FGzo0UeOURh3turASgkZ-8; Max-Age=18000; Path=/; HttpOnly; Secure; SameSite=Lax
1 < Strict-Transport-Security: max-age=63072000; includeSubDomains; preload
1 < Vary: RSC, Next-Router-State-Tree, Next-Router-Prefetch, Next-Router-Segment-Prefetch
1 < X-Matched-Path: /api/auth/login
1 < X-Vercel-Cache: MISS
1 < X-Vercel-Id: gru1::iad1::9l8f7-1751957794618-6449cc95b3bc


01:56:44.354 [pool-2-thread-2] DEBUG c.intuit.karate.core.ScenarioEngine - over-writing existing variable 'fechaHoraEsperadaISO' with new value: getAdjustedTime()
01:56:44.358 [pool-2-thread-2] DEBUG com.intuit.karate - request:
1 > POST https://siasis-dev.vercel.app/api/asistencia-hoy/marcar
1 > Cookie: Apellidos=Gonzales%20Morales; Google_Drive_Foto_ID=12CrZ2Z8qd2FGzo0UeOURh3turASgkZ-8; Nombres=Brigida; Genero=F; Rol=A; token=eyJhbGciOiJIUzI1NiIsInR5cCI6IkpXVCJ9.eyJJRF9Vc3VhcmlvIjoiMTUzNTcyNzgiLCJSRFAwMl9JTlNUQU5DRSI6IlJEUDAyX0lOUzIiLCJSRFAwM19JTlNUQU5DRSI6IlJEUDAzX0lOUzQiLCJOb21icmVfVXN1YXJpbyI6ImJyaWdpZGFfZ29uemFsZXNfMTUzNSIsIlJvbCI6IkEiLCJpYXQiOjE3NTE5NTc3OTQsImV4cCI6MTc1MTk3NTc5NH0.FLlJHZMJwATYhsy4tMv6PrM8IPP8kj4iu8yGkthoCmU
1 > Content-Type: application/json; charset=UTF-8
1 > Content-Length: 70
1 > Host: siasis-dev.vercel.app
1 > Connection: Keep-Alive
1 > User-Agent: Apache-HttpClient/4.5.14 (Java/17.0.12)
1 > Accept-Encoding: gzip,deflate
{
  "ModoRegistro": "E",
  "FechaHoraEsperadaISO": "2025-07-08T05:56:44.355Z"
}


01:56:44.583 [pool-2-thread-4] DEBUG com.intuit.karate - response time in milliseconds: 437
1 < 201
1 < Cache-Control: public, max-age=0, must-revalidate
1 < Content-Length: 0
1 < Date: Tue, 08 Jul 2025 06:56:35 GMT
1 < Server: Vercel
1 < Set-Cookie: Nombres=Brigida; Max-Age=18000; Path=/; HttpOnly; Secure; SameSite=Lax
1 < Set-Cookie: Apellidos=Gonzales%20Morales; Max-Age=18000; Path=/; HttpOnly; Secure; SameSite=Lax
1 < Set-Cookie: Rol=A; Max-Age=18000; Path=/; HttpOnly; Secure; SameSite=Lax
1 < Set-Cookie: token=eyJhbGciOiJIUzI1NiIsInR5cCI6IkpXVCJ9.eyJJRF9Vc3VhcmlvIjoiMTUzNTcyNzgiLCJSRFAwMl9JTlNUQU5DRSI6IlJEUDAyX0lOUzIiLCJSRFAwM19JTlNUQU5DRSI6IlJEUDAzX0lOUzUiLCJOb21icmVfVXN1YXJpbyI6ImJyaWdpZGFfZ29uemFsZXNfMTUzNSIsIlJvbCI6IkEiLCJpYXQiOjE3NTE5NTc3OTQsImV4cCI6MTc1MTk3NTc5NH0.jlFBov71YyNlfNlyLCNiTR3hXwefnAKcuXe80EaVZhA; Max-Age=18000; Path=/; HttpOnly; Secure; SameSite=Lax
1 < Set-Cookie: Genero=F; Max-Age=18000; Path=/; HttpOnly; Secure; SameSite=Lax
1 < Set-Cookie: Google_Drive_Foto_ID=12CrZ2Z8qd2FGzo0UeOURh3turASgkZ-8; Max-Age=18000; Path=/; HttpOnly; Secure; SameSite=Lax
1 < Strict-Transport-Security: max-age=63072000; includeSubDomains; preload
1 < Vary: RSC, Next-Router-State-Tree, Next-Router-Prefetch, Next-Router-Segment-Prefetch
1 < X-Matched-Path: /api/auth/login
1 < X-Vercel-Cache: MISS
1 < X-Vercel-Id: gru1::iad1::kr4zd-1751957794954-b904b3133348


01:56:44.583 [pool-2-thread-4] DEBUG c.intuit.karate.core.ScenarioEngine - over-writing existing variable 'fechaHoraEsperadaISO' with new value: getAdjustedTime()
01:56:44.586 [pool-2-thread-4] DEBUG com.intuit.karate - request:
1 > POST https://siasis-dev.vercel.app/api/asistencia-hoy/marcar
1 > Cookie: Apellidos=Gonzales%20Morales; Google_Drive_Foto_ID=12CrZ2Z8qd2FGzo0UeOURh3turASgkZ-8; Nombres=Brigida; Genero=F; Rol=A; token=eyJhbGciOiJIUzI1NiIsInR5cCI6IkpXVCJ9.eyJJRF9Vc3VhcmlvIjoiMTUzNTcyNzgiLCJSRFAwMl9JTlNUQU5DRSI6IlJEUDAyX0lOUzIiLCJSRFAwM19JTlNUQU5DRSI6IlJEUDAzX0lOUzUiLCJOb21icmVfVXN1YXJpbyI6ImJyaWdpZGFfZ29uemFsZXNfMTUzNSIsIlJvbCI6IkEiLCJpYXQiOjE3NTE5NTc3OTQsImV4cCI6MTc1MTk3NTc5NH0.jlFBov71YyNlfNlyLCNiTR3hXwefnAKcuXe80EaVZhA
1 > Content-Type: application/json; charset=UTF-8
1 > Content-Length: 70
1 > Host: siasis-dev.vercel.app
1 > Connection: Keep-Alive
1 > User-Agent: Apache-HttpClient/4.5.14 (Java/17.0.12)
1 > Accept-Encoding: gzip,deflate
{
  "ModoRegistro": "E",
  "FechaHoraEsperadaISO": "2025-07-08T05:56:44.584Z"
}


01:56:44.630 [pool-2-thread-1] DEBUG com.intuit.karate - response time in milliseconds: 830
1 < 200
1 < Access-Control-Allow-Origin: *
1 < Cache-Control: public, max-age=0, must-revalidate
1 < Content-Length: 519
1 < Content-Type: application/json; charset=utf-8
1 < Date: Tue, 08 Jul 2025 06:56:34 GMT
1 < Etag: W/"207-F5Qwp0B5QOAN1WxM3Kmsjgtgof4"
1 < Server: Vercel
1 < Strict-Transport-Security: max-age=63072000; includeSubDomains; preload
1 < X-Powered-By: Express
1 < X-Vercel-Cache: MISS
1 < X-Vercel-Id: gru1::iad1::zpjsk-1751957794618-3ae6c22aa192
{
  "success": true,
  "message": "Inicio de sesión exitoso",
  "data": {
    "Apellidos": "Sanchez Gonzales",
    "Nombres": "Daniel Enrique",
    "Rol": "T",
    "token": "eyJhbGciOiJIUzI1NiIsInR5cCI6IkpXVCJ9.eyJJRF9Vc3VhcmlvIjoiMTU0MjA3NDUiLCJOb21icmVfVXN1YXJpbyI6ImRhbmllbF9zYW5jaGV6XzE1NDIiLCJSRFAwMl9JTlNUQU5DRSI6IlJEUDAyX0lOUzEiLCJSRFAwM19JTlNUQU5DRSI6IlJEUDAzX0lOUzIiLCJSb2wiOiJUIiwiaWF0IjoxNzUxOTU3Nzk0LCJleHAiOjE3NTE5NzU3OTR9.5bXhtWFlxm7BDzKmvFXEDJa7U5PuTUpV5rFQmX5Amok",
    "Google_Drive_Foto_ID": "11vFEZVR5o-6mSwWCCy4L6tRuzVilr0i9",
    "Genero": "M"
  }
}


01:56:44.633 [pool-2-thread-1] INFO  com.intuit.karate - [print] eyJhbGciOiJIUzI1NiIsInR5cCI6IkpXVCJ9.eyJJRF9Vc3VhcmlvIjoiMTU0MjA3NDUiLCJOb21icmVfVXN1YXJpbyI6ImRhbmllbF9zYW5jaGV6XzE1NDIiLCJSRFAwMl9JTlNUQU5DRSI6IlJEUDAyX0lOUzEiLCJSRFAwM19JTlNUQU5DRSI6IlJEUDAzX0lOUzIiLCJSb2wiOiJUIiwiaWF0IjoxNzUxOTU3Nzk0LCJleHAiOjE3NTE5NzU3OTR9.5bXhtWFlxm7BDzKmvFXEDJa7U5PuTUpV5rFQmX5Amok 
01:56:44.634 [pool-2-thread-1] INFO  com.intuit.karate - [print] T 
01:56:44.638 [pool-2-thread-1] DEBUG com.intuit.karate - request:
1 > POST https://siasis-dev.vercel.app/api/auth/login
1 > Cookie: Apellidos=Gonzales%20Morales; Google_Drive_Foto_ID=12CrZ2Z8qd2FGzo0UeOURh3turASgkZ-8; Nombres=Brigida; Genero=F; Rol=A; token=eyJhbGciOiJIUzI1NiIsInR5cCI6IkpXVCJ9.eyJJRF9Vc3VhcmlvIjoiMTUzNTcyNzgiLCJSRFAwMl9JTlNUQU5DRSI6IlJEUDAyX0lOUzEiLCJSRFAwM19JTlNUQU5DRSI6IlJEUDAzX0lOUzUiLCJOb21icmVfVXN1YXJpbyI6ImJyaWdpZGFfZ29uemFsZXNfMTUzNSIsIlJvbCI6IkEiLCJpYXQiOjE3NTE5NTc3OTMsImV4cCI6MTc1MTk3NTc5M30.WGurRd7xNwN305eFRogtiD62Azf3ADUjARu1HXHOE5I
1 > Content-Type: application/json; charset=UTF-8
1 > Content-Length: 457
1 > Host: siasis-dev.vercel.app
1 > Connection: Keep-Alive
1 > User-Agent: Apache-HttpClient/4.5.14 (Java/17.0.12)
1 > Accept-Encoding: gzip,deflate
{
  "Nombres": "Daniel Enrique",
  "Apellidos": "Sanchez Gonzales",
  "token": "eyJhbGciOiJIUzI1NiIsInR5cCI6IkpXVCJ9.eyJJRF9Vc3VhcmlvIjoiMTU0MjA3NDUiLCJOb21icmVfVXN1YXJpbyI6ImRhbmllbF9zYW5jaGV6XzE1NDIiLCJSRFAwMl9JTlNUQU5DRSI6IlJEUDAyX0lOUzEiLCJSRFAwM19JTlNUQU5DRSI6IlJEUDAzX0lOUzIiLCJSb2wiOiJUIiwiaWF0IjoxNzUxOTU3Nzk0LCJleHAiOjE3NTE5NzU3OTR9.5bXhtWFlxm7BDzKmvFXEDJa7U5PuTUpV5rFQmX5Amok",
  "Genero": "M",
  "Google_Drive_Foto_ID": "11vFEZVR5o-6mSwWCCy4L6tRuzVilr0i9",
  "Rol": "T"
}


01:56:44.687 [pool-2-thread-3] DEBUG com.intuit.karate - response time in milliseconds: 665
1 < 200
1 < Access-Control-Allow-Origin: *
1 < Cache-Control: public, max-age=0, must-revalidate
1 < Content-Length: 519
1 < Content-Type: application/json; charset=utf-8
1 < Date: Tue, 08 Jul 2025 06:56:35 GMT
1 < Etag: W/"207-jA5yGem3Pzparct991mc+hjy1bY"
1 < Server: Vercel
1 < Strict-Transport-Security: max-age=63072000; includeSubDomains; preload
1 < X-Powered-By: Express
1 < X-Vercel-Cache: MISS
1 < X-Vercel-Id: gru1::iad1::zpjsk-1751957794821-d976e9c143e9
{
  "success": true,
  "message": "Inicio de sesión exitoso",
  "data": {
    "Apellidos": "Sanchez Gonzales",
    "Nombres": "Daniel Enrique",
    "Rol": "T",
    "token": "eyJhbGciOiJIUzI1NiIsInR5cCI6IkpXVCJ9.eyJJRF9Vc3VhcmlvIjoiMTU0MjA3NDUiLCJOb21icmVfVXN1YXJpbyI6ImRhbmllbF9zYW5jaGV6XzE1NDIiLCJSRFAwMl9JTlNUQU5DRSI6IlJEUDAyX0lOUzIiLCJSRFAwM19JTlNUQU5DRSI6IlJEUDAzX0lOUzIiLCJSb2wiOiJUIiwiaWF0IjoxNzUxOTU3Nzk1LCJleHAiOjE3NTE5NzU3OTV9.Pjn7NmPABXmCEPiNDbb4d7KlvPXlqFTww6cnCyGaC-Y",
    "Google_Drive_Foto_ID": "14aAaksU7TNE6kOiFsRt4m5y2LSvnat1b",
    "Genero": "M"
  }
}


01:56:44.689 [pool-2-thread-3] INFO  com.intuit.karate - [print] eyJhbGciOiJIUzI1NiIsInR5cCI6IkpXVCJ9.eyJJRF9Vc3VhcmlvIjoiMTU0MjA3NDUiLCJOb21icmVfVXN1YXJpbyI6ImRhbmllbF9zYW5jaGV6XzE1NDIiLCJSRFAwMl9JTlNUQU5DRSI6IlJEUDAyX0lOUzIiLCJSRFAwM19JTlNUQU5DRSI6IlJEUDAzX0lOUzIiLCJSb2wiOiJUIiwiaWF0IjoxNzUxOTU3Nzk1LCJleHAiOjE3NTE5NzU3OTV9.Pjn7NmPABXmCEPiNDbb4d7KlvPXlqFTww6cnCyGaC-Y 
01:56:44.690 [pool-2-thread-3] INFO  com.intuit.karate - [print] T 
01:56:44.692 [pool-2-thread-3] DEBUG com.intuit.karate - request:
1 > POST https://siasis-dev.vercel.app/api/auth/login
1 > Cookie: Apellidos=Gonzales%20Morales; Google_Drive_Foto_ID=12CrZ2Z8qd2FGzo0UeOURh3turASgkZ-8; Nombres=Brigida; Genero=F; Rol=A; token=eyJhbGciOiJIUzI1NiIsInR5cCI6IkpXVCJ9.eyJJRF9Vc3VhcmlvIjoiMTUzNTcyNzgiLCJSRFAwMl9JTlNUQU5DRSI6IlJEUDAyX0lOUzEiLCJSRFAwM19JTlNUQU5DRSI6IlJEUDAzX0lOUzEiLCJOb21icmVfVXN1YXJpbyI6ImJyaWdpZGFfZ29uemFsZXNfMTUzNSIsIlJvbCI6IkEiLCJpYXQiOjE3NTE5NTc3OTMsImV4cCI6MTc1MTk3NTc5M30.nW5mBdKMLpCGFlqO74pS26B-vpWJOWuBhdTM9PEnt7Q
1 > Content-Type: application/json; charset=UTF-8
1 > Content-Length: 457
1 > Host: siasis-dev.vercel.app
1 > Connection: Keep-Alive
1 > User-Agent: Apache-HttpClient/4.5.14 (Java/17.0.12)
1 > Accept-Encoding: gzip,deflate
{
  "Nombres": "Daniel Enrique",
  "Apellidos": "Sanchez Gonzales",
  "token": "eyJhbGciOiJIUzI1NiIsInR5cCI6IkpXVCJ9.eyJJRF9Vc3VhcmlvIjoiMTU0MjA3NDUiLCJOb21icmVfVXN1YXJpbyI6ImRhbmllbF9zYW5jaGV6XzE1NDIiLCJSRFAwMl9JTlNUQU5DRSI6IlJEUDAyX0lOUzIiLCJSRFAwM19JTlNUQU5DRSI6IlJEUDAzX0lOUzIiLCJSb2wiOiJUIiwiaWF0IjoxNzUxOTU3Nzk1LCJleHAiOjE3NTE5NzU3OTV9.Pjn7NmPABXmCEPiNDbb4d7KlvPXlqFTww6cnCyGaC-Y",
  "Genero": "M",
  "Google_Drive_Foto_ID": "14aAaksU7TNE6kOiFsRt4m5y2LSvnat1b",
  "Rol": "T"
}


01:56:44.840 [pool-2-thread-5] DEBUG com.intuit.karate - response time in milliseconds: 588
1 < 200
1 < Cache-Control: public, max-age=0, must-revalidate
1 < Content-Type: application/json
1 < Date: Tue, 08 Jul 2025 06:56:35 GMT
1 < Server: Vercel
1 < Strict-Transport-Security: max-age=63072000; includeSubDomains; preload
1 < Vary: RSC, Next-Router-State-Tree, Next-Router-Prefetch, Next-Router-Segment-Prefetch
1 < X-Matched-Path: /api/asistencia-hoy/marcar
1 < X-Vercel-Cache: MISS
1 < X-Vercel-Id: gru1::iad1::z422j-1751957795051-960010a952fc
1 < Transfer-Encoding: chunked
{
  "success": true,
  "message": "La asistencia ya había sido registrada anteriormente",
  "data": {
    "timestamp": 1751957795162,
    "desfaseSegundos": 3590,
    "esNuevoRegistro": false,
    "esRegistroPropio": false,
    "actorRegistrado": "PS",
    "tipoAsistencia": "personal"
  }
}


01:56:44.844 [pool-2-thread-5] DEBUG c.intuit.karate.core.ScenarioEngine - over-writing existing variable 'loginFeature' with new value: 'classpath:resources/features/login/CasoNoTutor.feature'
01:56:44.850 [pool-2-thread-5] DEBUG c.intuit.karate.core.ScenarioEngine - over-writing existing variable 'loginResponse' with new value: call read(loginFeature)
01:56:44.859 [pool-2-thread-5] DEBUG com.intuit.karate - request:
1 > POST https://api01-siasis-dev.vercel.app/api/login/profesor-tutor-secundaria
1 > Cookie: Apellidos=Sanchez%20Gonzales; Google_Drive_Foto_ID=11vFEZVR5o-6mSwWCCy4L6tRuzVilr0i9; Nombres=Daniel%20Enrique; Genero=M; Rol=T; token=eyJhbGciOiJIUzI1NiIsInR5cCI6IkpXVCJ9.eyJJRF9Vc3VhcmlvIjoiMTU0MjA3NDUiLCJOb21icmVfVXN1YXJpbyI6ImRhbmllbF9zYW5jaGV6XzE1NDIiLCJSRFAwMl9JTlNUQU5DRSI6IlJEUDAyX0lOUzMiLCJSRFAwM19JTlNUQU5DRSI6IlJEUDAzX0lOUzIiLCJSb2wiOiJUIiwiaWF0IjoxNzUxOTU3Nzk0LCJleHAiOjE3NTE5NzU3OTR9.H53zNNidRVijd5gu9cY_0gkoopjh5mKBR02jzBa41jo
1 > Content-Type: application/json; charset=UTF-8
1 > Content-Length: 67
1 > Host: api01-siasis-dev.vercel.app
1 > Connection: Keep-Alive
1 > User-Agent: Apache-HttpClient/4.5.14 (Java/17.0.12)
1 > Accept-Encoding: gzip,deflate
{
  "Nombre_Usuario": "david_apolinario_1537",
  "Contraseña": "15371028"
}


01:56:44.924 [pool-2-thread-2] DEBUG com.intuit.karate - response time in milliseconds: 564
1 < 200
1 < Cache-Control: public, max-age=0, must-revalidate
1 < Content-Type: application/json
1 < Date: Tue, 08 Jul 2025 06:56:35 GMT
1 < Server: Vercel
1 < Strict-Transport-Security: max-age=63072000; includeSubDomains; preload
1 < Vary: RSC, Next-Router-State-Tree, Next-Router-Prefetch, Next-Router-Segment-Prefetch
1 < X-Matched-Path: /api/asistencia-hoy/marcar
1 < X-Vercel-Cache: MISS
1 < X-Vercel-Id: gru1::iad1::lw4h4-1751957795152-8ce6274fde46
1 < Transfer-Encoding: chunked
{
  "success": true,
  "message": "La asistencia ya había sido registrada anteriormente",
  "data": {
    "timestamp": 1751957795256,
    "desfaseSegundos": 3590,
    "esNuevoRegistro": false,
    "esRegistroPropio": false,
    "actorRegistrado": "A",
    "tipoAsistencia": "personal"
  }
}


01:56:44.928 [pool-2-thread-2] DEBUG c.intuit.karate.core.ScenarioEngine - over-writing existing variable 'loginFeature' with new value: 'classpath:resources/features/login/CasoTutorSecundaria.feature'
01:56:44.935 [pool-2-thread-2] DEBUG c.intuit.karate.core.ScenarioEngine - over-writing existing variable 'loginResponse' with new value: call read(loginFeature)
01:56:44.943 [pool-2-thread-2] DEBUG com.intuit.karate - request:
1 > POST https://api01-siasis-dev.vercel.app/api/login/profesor-tutor-secundaria
1 > Cookie: Apellidos=Gonzales%20Morales; Google_Drive_Foto_ID=12CrZ2Z8qd2FGzo0UeOURh3turASgkZ-8; Nombres=Brigida; Genero=F; Rol=A; token=eyJhbGciOiJIUzI1NiIsInR5cCI6IkpXVCJ9.eyJJRF9Vc3VhcmlvIjoiMTUzNTcyNzgiLCJSRFAwMl9JTlNUQU5DRSI6IlJEUDAyX0lOUzIiLCJSRFAwM19JTlNUQU5DRSI6IlJEUDAzX0lOUzQiLCJOb21icmVfVXN1YXJpbyI6ImJyaWdpZGFfZ29uemFsZXNfMTUzNSIsIlJvbCI6IkEiLCJpYXQiOjE3NTE5NTc3OTQsImV4cCI6MTc1MTk3NTc5NH0.FLlJHZMJwATYhsy4tMv6PrM8IPP8kj4iu8yGkthoCmU
1 > Content-Type: application/json; charset=UTF-8
1 > Content-Length: 65
1 > Host: api01-siasis-dev.vercel.app
1 > Connection: Keep-Alive
1 > User-Agent: Apache-HttpClient/4.5.14 (Java/17.0.12)
1 > Accept-Encoding: gzip,deflate
{
  "Nombre_Usuario": "daniel_sanchez_1542",
  "Contraseña": "15420745"
}


01:56:45.047 [pool-2-thread-1] DEBUG com.intuit.karate - response time in milliseconds: 408
1 < 201
1 < Cache-Control: public, max-age=0, must-revalidate
1 < Content-Length: 0
1 < Date: Tue, 08 Jul 2025 06:56:35 GMT
1 < Server: Vercel
1 < Set-Cookie: Nombres=Daniel%20Enrique; Max-Age=18000; Path=/; HttpOnly; Secure; SameSite=Lax
1 < Set-Cookie: Apellidos=Sanchez%20Gonzales; Max-Age=18000; Path=/; HttpOnly; Secure; SameSite=Lax
1 < Set-Cookie: Rol=T; Max-Age=18000; Path=/; HttpOnly; Secure; SameSite=Lax
1 < Set-Cookie: token=eyJhbGciOiJIUzI1NiIsInR5cCI6IkpXVCJ9.eyJJRF9Vc3VhcmlvIjoiMTU0MjA3NDUiLCJOb21icmVfVXN1YXJpbyI6ImRhbmllbF9zYW5jaGV6XzE1NDIiLCJSRFAwMl9JTlNUQU5DRSI6IlJEUDAyX0lOUzEiLCJSRFAwM19JTlNUQU5DRSI6IlJEUDAzX0lOUzIiLCJSb2wiOiJUIiwiaWF0IjoxNzUxOTU3Nzk0LCJleHAiOjE3NTE5NzU3OTR9.5bXhtWFlxm7BDzKmvFXEDJa7U5PuTUpV5rFQmX5Amok; Max-Age=18000; Path=/; HttpOnly; Secure; SameSite=Lax
1 < Set-Cookie: Genero=M; Max-Age=18000; Path=/; HttpOnly; Secure; SameSite=Lax
1 < Set-Cookie: Google_Drive_Foto_ID=11vFEZVR5o-6mSwWCCy4L6tRuzVilr0i9; Max-Age=18000; Path=/; HttpOnly; Secure; SameSite=Lax
1 < Strict-Transport-Security: max-age=63072000; includeSubDomains; preload
1 < Vary: RSC, Next-Router-State-Tree, Next-Router-Prefetch, Next-Router-Segment-Prefetch
1 < X-Matched-Path: /api/auth/login
1 < X-Vercel-Cache: MISS
1 < X-Vercel-Id: gru1::iad1::9l8f7-1751957795437-5428c0f38963


01:56:45.048 [pool-2-thread-1] DEBUG c.intuit.karate.core.ScenarioEngine - over-writing existing variable 'fechaHoraEsperadaISO' with new value: getAdjustedTime()
01:56:45.053 [pool-2-thread-1] DEBUG com.intuit.karate - request:
1 > POST https://siasis-dev.vercel.app/api/asistencia-hoy/marcar
1 > Cookie: Apellidos=Sanchez%20Gonzales; Google_Drive_Foto_ID=11vFEZVR5o-6mSwWCCy4L6tRuzVilr0i9; Nombres=Daniel%20Enrique; Genero=M; Rol=T; token=eyJhbGciOiJIUzI1NiIsInR5cCI6IkpXVCJ9.eyJJRF9Vc3VhcmlvIjoiMTU0MjA3NDUiLCJOb21icmVfVXN1YXJpbyI6ImRhbmllbF9zYW5jaGV6XzE1NDIiLCJSRFAwMl9JTlNUQU5DRSI6IlJEUDAyX0lOUzEiLCJSRFAwM19JTlNUQU5DRSI6IlJEUDAzX0lOUzIiLCJSb2wiOiJUIiwiaWF0IjoxNzUxOTU3Nzk0LCJleHAiOjE3NTE5NzU3OTR9.5bXhtWFlxm7BDzKmvFXEDJa7U5PuTUpV5rFQmX5Amok
1 > Content-Type: application/json; charset=UTF-8
1 > Content-Length: 70
1 > Host: siasis-dev.vercel.app
1 > Connection: Keep-Alive
1 > User-Agent: Apache-HttpClient/4.5.14 (Java/17.0.12)
1 > Accept-Encoding: gzip,deflate
{
  "ModoRegistro": "E",
  "FechaHoraEsperadaISO": "2025-07-08T05:56:45.051Z"
}


01:56:45.105 [pool-2-thread-3] DEBUG com.intuit.karate - response time in milliseconds: 413
1 < 201
1 < Cache-Control: public, max-age=0, must-revalidate
1 < Content-Length: 0
1 < Date: Tue, 08 Jul 2025 06:56:35 GMT
1 < Server: Vercel
1 < Set-Cookie: Nombres=Daniel%20Enrique; Max-Age=18000; Path=/; HttpOnly; Secure; SameSite=Lax
1 < Set-Cookie: Apellidos=Sanchez%20Gonzales; Max-Age=18000; Path=/; HttpOnly; Secure; SameSite=Lax
1 < Set-Cookie: Rol=T; Max-Age=18000; Path=/; HttpOnly; Secure; SameSite=Lax
1 < Set-Cookie: token=eyJhbGciOiJIUzI1NiIsInR5cCI6IkpXVCJ9.eyJJRF9Vc3VhcmlvIjoiMTU0MjA3NDUiLCJOb21icmVfVXN1YXJpbyI6ImRhbmllbF9zYW5jaGV6XzE1NDIiLCJSRFAwMl9JTlNUQU5DRSI6IlJEUDAyX0lOUzIiLCJSRFAwM19JTlNUQU5DRSI6IlJEUDAzX0lOUzIiLCJSb2wiOiJUIiwiaWF0IjoxNzUxOTU3Nzk1LCJleHAiOjE3NTE5NzU3OTV9.Pjn7NmPABXmCEPiNDbb4d7KlvPXlqFTww6cnCyGaC-Y; Max-Age=18000; Path=/; HttpOnly; Secure; SameSite=Lax
1 < Set-Cookie: Genero=M; Max-Age=18000; Path=/; HttpOnly; Secure; SameSite=Lax
1 < Set-Cookie: Google_Drive_Foto_ID=14aAaksU7TNE6kOiFsRt4m5y2LSvnat1b; Max-Age=18000; Path=/; HttpOnly; Secure; SameSite=Lax
1 < Strict-Transport-Security: max-age=63072000; includeSubDomains; preload
1 < Vary: RSC, Next-Router-State-Tree, Next-Router-Prefetch, Next-Router-Segment-Prefetch
1 < X-Matched-Path: /api/auth/login
1 < X-Vercel-Cache: MISS
1 < X-Vercel-Id: gru1::iad1::zh6qw-1751957795493-4ec67392645e


01:56:45.106 [pool-2-thread-3] DEBUG c.intuit.karate.core.ScenarioEngine - over-writing existing variable 'fechaHoraEsperadaISO' with new value: getAdjustedTime()
01:56:45.111 [pool-2-thread-3] DEBUG com.intuit.karate - request:
1 > POST https://siasis-dev.vercel.app/api/asistencia-hoy/marcar
1 > Cookie: Apellidos=Sanchez%20Gonzales; Google_Drive_Foto_ID=14aAaksU7TNE6kOiFsRt4m5y2LSvnat1b; Nombres=Daniel%20Enrique; Genero=M; Rol=T; token=eyJhbGciOiJIUzI1NiIsInR5cCI6IkpXVCJ9.eyJJRF9Vc3VhcmlvIjoiMTU0MjA3NDUiLCJOb21icmVfVXN1YXJpbyI6ImRhbmllbF9zYW5jaGV6XzE1NDIiLCJSRFAwMl9JTlNUQU5DRSI6IlJEUDAyX0lOUzIiLCJSRFAwM19JTlNUQU5DRSI6IlJEUDAzX0lOUzIiLCJSb2wiOiJUIiwiaWF0IjoxNzUxOTU3Nzk1LCJleHAiOjE3NTE5NzU3OTV9.Pjn7NmPABXmCEPiNDbb4d7KlvPXlqFTww6cnCyGaC-Y
1 > Content-Type: application/json; charset=UTF-8
1 > Content-Length: 70
1 > Host: siasis-dev.vercel.app
1 > Connection: Keep-Alive
1 > User-Agent: Apache-HttpClient/4.5.14 (Java/17.0.12)
1 > Accept-Encoding: gzip,deflate
{
  "ModoRegistro": "E",
  "FechaHoraEsperadaISO": "2025-07-08T05:56:45.107Z"
}


01:56:45.175 [pool-2-thread-4] DEBUG com.intuit.karate - response time in milliseconds: 586
1 < 200
1 < Cache-Control: public, max-age=0, must-revalidate
1 < Content-Type: application/json
1 < Date: Tue, 08 Jul 2025 06:56:35 GMT
1 < Server: Vercel
1 < Strict-Transport-Security: max-age=63072000; includeSubDomains; preload
1 < Vary: RSC, Next-Router-State-Tree, Next-Router-Prefetch, Next-Router-Segment-Prefetch
1 < X-Matched-Path: /api/asistencia-hoy/marcar
1 < X-Vercel-Cache: MISS
1 < X-Vercel-Id: gru1::iad1::4mjfc-1751957795383-bd06052e1138
1 < Transfer-Encoding: chunked
{
  "success": true,
  "message": "La asistencia ya había sido registrada anteriormente",
  "data": {
    "timestamp": 1751957795504,
    "desfaseSegundos": 3590,
    "esNuevoRegistro": false,
    "esRegistroPropio": false,
    "actorRegistrado": "A",
    "tipoAsistencia": "personal"
  }
}


01:56:45.180 [pool-2-thread-4] DEBUG c.intuit.karate.core.ScenarioEngine - over-writing existing variable 'loginFeature' with new value: 'classpath:resources/features/login/CasoTutorSecundaria.feature'
01:56:45.186 [pool-2-thread-4] DEBUG c.intuit.karate.core.ScenarioEngine - over-writing existing variable 'loginResponse' with new value: call read(loginFeature)
01:56:45.195 [pool-2-thread-4] DEBUG com.intuit.karate - request:
1 > POST https://api01-siasis-dev.vercel.app/api/login/profesor-tutor-secundaria
1 > Cookie: Apellidos=Gonzales%20Morales; Google_Drive_Foto_ID=12CrZ2Z8qd2FGzo0UeOURh3turASgkZ-8; Nombres=Brigida; Genero=F; Rol=A; token=eyJhbGciOiJIUzI1NiIsInR5cCI6IkpXVCJ9.eyJJRF9Vc3VhcmlvIjoiMTUzNTcyNzgiLCJSRFAwMl9JTlNUQU5DRSI6IlJEUDAyX0lOUzIiLCJSRFAwM19JTlNUQU5DRSI6IlJEUDAzX0lOUzUiLCJOb21icmVfVXN1YXJpbyI6ImJyaWdpZGFfZ29uemFsZXNfMTUzNSIsIlJvbCI6IkEiLCJpYXQiOjE3NTE5NTc3OTQsImV4cCI6MTc1MTk3NTc5NH0.jlFBov71YyNlfNlyLCNiTR3hXwefnAKcuXe80EaVZhA
1 > Content-Type: application/json; charset=UTF-8
1 > Content-Length: 65
1 > Host: api01-siasis-dev.vercel.app
1 > Connection: Keep-Alive
1 > User-Agent: Apache-HttpClient/4.5.14 (Java/17.0.12)
1 > Accept-Encoding: gzip,deflate
{
  "Nombre_Usuario": "daniel_sanchez_1542",
  "Contraseña": "15420745"
}


01:56:45.625 [pool-2-thread-5] DEBUG com.intuit.karate - response time in milliseconds: 765
1 < 200
1 < Access-Control-Allow-Origin: *
1 < Cache-Control: public, max-age=0, must-revalidate
1 < Content-Length: 523
1 < Content-Type: application/json; charset=utf-8
1 < Date: Tue, 08 Jul 2025 06:56:36 GMT
1 < Etag: W/"20b-f0vti5vXsy8JIQyJZ1LF49YCabk"
1 < Server: Vercel
1 < Strict-Transport-Security: max-age=63072000; includeSubDomains; preload
1 < X-Powered-By: Express
1 < X-Vercel-Cache: MISS
1 < X-Vercel-Id: gru1::iad1::lrpdm-1751957795657-8f89617d6a64
{
  "success": true,
  "message": "Inicio de sesión exitoso",
  "data": {
    "Apellidos": "Apolinario Quispe",
    "Nombres": "David Julian",
    "Rol": "PS",
    "token": "eyJhbGciOiJIUzI1NiIsInR5cCI6IkpXVCJ9.eyJJRF9Vc3VhcmlvIjoiMTUzNzEwMjgiLCJOb21icmVfVXN1YXJpbyI6ImRhdmlkX2Fwb2xpbmFyaW9fMTUzNyIsIlJEUDAyX0lOU1RBTkNFIjoiUkRQMDJfSU5TMSIsIlJEUDAzX0lOU1RBTkNFIjoiUkRQMDNfSU5TMSIsIlJvbCI6IlBTIiwiaWF0IjoxNzUxOTU3Nzk2LCJleHAiOjE3NTE5NzU3OTZ9.zAc2EAvGbO2ypgOXAmzmordWapAbTOYrsy2IPvnyC6s",
    "Google_Drive_Foto_ID": "1zGZuWnkBA59hSHlTgGVXrduC8eBgrKi1",
    "Genero": "M"
  }
}


01:56:45.629 [pool-2-thread-5] INFO  com.intuit.karate - [print] eyJhbGciOiJIUzI1NiIsInR5cCI6IkpXVCJ9.eyJJRF9Vc3VhcmlvIjoiMTUzNzEwMjgiLCJOb21icmVfVXN1YXJpbyI6ImRhdmlkX2Fwb2xpbmFyaW9fMTUzNyIsIlJEUDAyX0lOU1RBTkNFIjoiUkRQMDJfSU5TMSIsIlJEUDAzX0lOU1RBTkNFIjoiUkRQMDNfSU5TMSIsIlJvbCI6IlBTIiwiaWF0IjoxNzUxOTU3Nzk2LCJleHAiOjE3NTE5NzU3OTZ9.zAc2EAvGbO2ypgOXAmzmordWapAbTOYrsy2IPvnyC6s 
01:56:45.629 [pool-2-thread-5] INFO  com.intuit.karate - [print] PS 
01:56:45.633 [pool-2-thread-5] DEBUG com.intuit.karate - request:
1 > POST https://siasis-dev.vercel.app/api/auth/login
1 > Cookie: Apellidos=Sanchez%20Gonzales; Google_Drive_Foto_ID=11vFEZVR5o-6mSwWCCy4L6tRuzVilr0i9; Nombres=Daniel%20Enrique; Genero=M; Rol=T; token=eyJhbGciOiJIUzI1NiIsInR5cCI6IkpXVCJ9.eyJJRF9Vc3VhcmlvIjoiMTU0MjA3NDUiLCJOb21icmVfVXN1YXJpbyI6ImRhbmllbF9zYW5jaGV6XzE1NDIiLCJSRFAwMl9JTlNUQU5DRSI6IlJEUDAyX0lOUzMiLCJSRFAwM19JTlNUQU5DRSI6IlJEUDAzX0lOUzIiLCJSb2wiOiJUIiwiaWF0IjoxNzUxOTU3Nzk0LCJleHAiOjE3NTE5NzU3OTR9.H53zNNidRVijd5gu9cY_0gkoopjh5mKBR02jzBa41jo
1 > Content-Type: application/json; charset=UTF-8
1 > Content-Length: 461
1 > Host: siasis-dev.vercel.app
1 > Connection: Keep-Alive
1 > User-Agent: Apache-HttpClient/4.5.14 (Java/17.0.12)
1 > Accept-Encoding: gzip,deflate
{
  "Nombres": "David Julian",
  "Apellidos": "Apolinario Quispe",
  "token": "eyJhbGciOiJIUzI1NiIsInR5cCI6IkpXVCJ9.eyJJRF9Vc3VhcmlvIjoiMTUzNzEwMjgiLCJOb21icmVfVXN1YXJpbyI6ImRhdmlkX2Fwb2xpbmFyaW9fMTUzNyIsIlJEUDAyX0lOU1RBTkNFIjoiUkRQMDJfSU5TMSIsIlJEUDAzX0lOU1RBTkNFIjoiUkRQMDNfSU5TMSIsIlJvbCI6IlBTIiwiaWF0IjoxNzUxOTU3Nzk2LCJleHAiOjE3NTE5NzU3OTZ9.zAc2EAvGbO2ypgOXAmzmordWapAbTOYrsy2IPvnyC6s",
  "Genero": "M",
  "Google_Drive_Foto_ID": "1zGZuWnkBA59hSHlTgGVXrduC8eBgrKi1",
  "Rol": "PS"
}


01:56:45.704 [pool-2-thread-1] DEBUG com.intuit.karate - response time in milliseconds: 650
1 < 200
1 < Cache-Control: public, max-age=0, must-revalidate
1 < Content-Type: application/json
1 < Date: Tue, 08 Jul 2025 06:56:36 GMT
1 < Server: Vercel
1 < Strict-Transport-Security: max-age=63072000; includeSubDomains; preload
1 < Vary: RSC, Next-Router-State-Tree, Next-Router-Prefetch, Next-Router-Segment-Prefetch
1 < X-Matched-Path: /api/asistencia-hoy/marcar
1 < X-Vercel-Cache: MISS
1 < X-Vercel-Id: gru1::iad1::kr4zd-1751957795850-6a11a1a75708
1 < Transfer-Encoding: chunked
{
  "success": true,
  "message": "La asistencia ya había sido registrada anteriormente",
  "data": {
    "timestamp": 1751957796012,
    "desfaseSegundos": 3590,
    "esNuevoRegistro": false,
    "esRegistroPropio": false,
    "actorRegistrado": "PS",
    "tipoAsistencia": "personal"
  }
}


01:56:45.709 [pool-2-thread-1] DEBUG c.intuit.karate.core.ScenarioEngine - over-writing existing variable 'loginFeature' with new value: 'classpath:resources/features/login/CasoNoTutor.feature'
01:56:45.716 [pool-2-thread-1] DEBUG c.intuit.karate.core.ScenarioEngine - over-writing existing variable 'loginResponse' with new value: call read(loginFeature)
01:56:45.723 [pool-2-thread-1] DEBUG com.intuit.karate - request:
1 > POST https://api01-siasis-dev.vercel.app/api/login/profesor-tutor-secundaria
1 > Cookie: Apellidos=Sanchez%20Gonzales; Google_Drive_Foto_ID=11vFEZVR5o-6mSwWCCy4L6tRuzVilr0i9; Nombres=Daniel%20Enrique; Genero=M; Rol=T; token=eyJhbGciOiJIUzI1NiIsInR5cCI6IkpXVCJ9.eyJJRF9Vc3VhcmlvIjoiMTU0MjA3NDUiLCJOb21icmVfVXN1YXJpbyI6ImRhbmllbF9zYW5jaGV6XzE1NDIiLCJSRFAwMl9JTlNUQU5DRSI6IlJEUDAyX0lOUzEiLCJSRFAwM19JTlNUQU5DRSI6IlJEUDAzX0lOUzIiLCJSb2wiOiJUIiwiaWF0IjoxNzUxOTU3Nzk0LCJleHAiOjE3NTE5NzU3OTR9.5bXhtWFlxm7BDzKmvFXEDJa7U5PuTUpV5rFQmX5Amok
1 > Content-Type: application/json; charset=UTF-8
1 > Content-Length: 67
1 > Host: api01-siasis-dev.vercel.app
1 > Connection: Keep-Alive
1 > User-Agent: Apache-HttpClient/4.5.14 (Java/17.0.12)
1 > Accept-Encoding: gzip,deflate
{
  "Nombre_Usuario": "david_apolinario_1537",
  "Contraseña": "15371028"
}


01:56:45.841 [pool-2-thread-4] DEBUG com.intuit.karate - response time in milliseconds: 645
1 < 200
1 < Access-Control-Allow-Origin: *
1 < Cache-Control: public, max-age=0, must-revalidate
1 < Content-Length: 519
1 < Content-Type: application/json; charset=utf-8
1 < Date: Tue, 08 Jul 2025 06:56:36 GMT
1 < Etag: W/"207-TGSZtTrPZJ5OEozrwsBK2sGK878"
1 < Server: Vercel
1 < Strict-Transport-Security: max-age=63072000; includeSubDomains; preload
1 < X-Powered-By: Express
1 < X-Vercel-Cache: MISS
1 < X-Vercel-Id: gru1::iad1::kpjfh-1751957795992-fefbda21e457
{
  "success": true,
  "message": "Inicio de sesión exitoso",
  "data": {
    "Apellidos": "Sanchez Gonzales",
    "Nombres": "Daniel Enrique",
    "Rol": "T",
    "token": "eyJhbGciOiJIUzI1NiIsInR5cCI6IkpXVCJ9.eyJJRF9Vc3VhcmlvIjoiMTU0MjA3NDUiLCJOb21icmVfVXN1YXJpbyI6ImRhbmllbF9zYW5jaGV6XzE1NDIiLCJSRFAwMl9JTlNUQU5DRSI6IlJEUDAyX0lOUzEiLCJSRFAwM19JTlNUQU5DRSI6IlJEUDAzX0lOUzQiLCJSb2wiOiJUIiwiaWF0IjoxNzUxOTU3Nzk2LCJleHAiOjE3NTE5NzU3OTZ9.rNyyjLJsN0uZWW_vADKQUQjem1JvmQqiK-tK0_fQc1g",
    "Google_Drive_Foto_ID": "11vFEZVR5o-6mSwWCCy4L6tRuzVilr0i9",
    "Genero": "M"
  }
}


01:56:45.843 [pool-2-thread-4] INFO  com.intuit.karate - [print] eyJhbGciOiJIUzI1NiIsInR5cCI6IkpXVCJ9.eyJJRF9Vc3VhcmlvIjoiMTU0MjA3NDUiLCJOb21icmVfVXN1YXJpbyI6ImRhbmllbF9zYW5jaGV6XzE1NDIiLCJSRFAwMl9JTlNUQU5DRSI6IlJEUDAyX0lOUzEiLCJSRFAwM19JTlNUQU5DRSI6IlJEUDAzX0lOUzQiLCJSb2wiOiJUIiwiaWF0IjoxNzUxOTU3Nzk2LCJleHAiOjE3NTE5NzU3OTZ9.rNyyjLJsN0uZWW_vADKQUQjem1JvmQqiK-tK0_fQc1g 
01:56:45.844 [pool-2-thread-4] INFO  com.intuit.karate - [print] T 
01:56:45.847 [pool-2-thread-4] DEBUG com.intuit.karate - request:
1 > POST https://siasis-dev.vercel.app/api/auth/login
1 > Cookie: Apellidos=Gonzales%20Morales; Google_Drive_Foto_ID=12CrZ2Z8qd2FGzo0UeOURh3turASgkZ-8; Nombres=Brigida; Genero=F; Rol=A; token=eyJhbGciOiJIUzI1NiIsInR5cCI6IkpXVCJ9.eyJJRF9Vc3VhcmlvIjoiMTUzNTcyNzgiLCJSRFAwMl9JTlNUQU5DRSI6IlJEUDAyX0lOUzIiLCJSRFAwM19JTlNUQU5DRSI6IlJEUDAzX0lOUzUiLCJOb21icmVfVXN1YXJpbyI6ImJyaWdpZGFfZ29uemFsZXNfMTUzNSIsIlJvbCI6IkEiLCJpYXQiOjE3NTE5NTc3OTQsImV4cCI6MTc1MTk3NTc5NH0.jlFBov71YyNlfNlyLCNiTR3hXwefnAKcuXe80EaVZhA
1 > Content-Type: application/json; charset=UTF-8
1 > Content-Length: 457
1 > Host: siasis-dev.vercel.app
1 > Connection: Keep-Alive
1 > User-Agent: Apache-HttpClient/4.5.14 (Java/17.0.12)
1 > Accept-Encoding: gzip,deflate
{
  "Nombres": "Daniel Enrique",
  "Apellidos": "Sanchez Gonzales",
  "token": "eyJhbGciOiJIUzI1NiIsInR5cCI6IkpXVCJ9.eyJJRF9Vc3VhcmlvIjoiMTU0MjA3NDUiLCJOb21icmVfVXN1YXJpbyI6ImRhbmllbF9zYW5jaGV6XzE1NDIiLCJSRFAwMl9JTlNUQU5DRSI6IlJEUDAyX0lOUzEiLCJSRFAwM19JTlNUQU5DRSI6IlJEUDAzX0lOUzQiLCJSb2wiOiJUIiwiaWF0IjoxNzUxOTU3Nzk2LCJleHAiOjE3NTE5NzU3OTZ9.rNyyjLJsN0uZWW_vADKQUQjem1JvmQqiK-tK0_fQc1g",
  "Genero": "M",
  "Google_Drive_Foto_ID": "11vFEZVR5o-6mSwWCCy4L6tRuzVilr0i9",
  "Rol": "T"
}


01:56:45.956 [pool-2-thread-3] DEBUG com.intuit.karate - response time in milliseconds: 844
1 < 200
1 < Cache-Control: public, max-age=0, must-revalidate
1 < Content-Type: application/json
1 < Date: Tue, 08 Jul 2025 06:56:36 GMT
1 < Server: Vercel
1 < Strict-Transport-Security: max-age=63072000; includeSubDomains; preload
1 < Vary: RSC, Next-Router-State-Tree, Next-Router-Prefetch, Next-Router-Segment-Prefetch
1 < X-Matched-Path: /api/asistencia-hoy/marcar
1 < X-Vercel-Cache: MISS
1 < X-Vercel-Id: gru1::iad1::knbp6-1751957795908-9faeb6793012
1 < Transfer-Encoding: chunked
{
  "success": true,
  "message": "La asistencia ya había sido registrada anteriormente",
  "data": {
    "timestamp": 1751957796029,
    "desfaseSegundos": 3590,
    "esNuevoRegistro": false,
    "esRegistroPropio": false,
    "actorRegistrado": "PS",
    "tipoAsistencia": "personal"
  }
}


01:56:45.963 [pool-2-thread-3] DEBUG c.intuit.karate.core.ScenarioEngine - over-writing existing variable 'loginFeature' with new value: 'classpath:resources/features/login/CasoNoTutor.feature'
01:56:45.971 [pool-2-thread-3] DEBUG c.intuit.karate.core.ScenarioEngine - over-writing existing variable 'loginResponse' with new value: call read(loginFeature)
01:56:45.976 [pool-2-thread-3] DEBUG com.intuit.karate - request:
1 > POST https://api01-siasis-dev.vercel.app/api/login/profesor-tutor-secundaria
1 > Cookie: Apellidos=Sanchez%20Gonzales; Google_Drive_Foto_ID=14aAaksU7TNE6kOiFsRt4m5y2LSvnat1b; Nombres=Daniel%20Enrique; Genero=M; Rol=T; token=eyJhbGciOiJIUzI1NiIsInR5cCI6IkpXVCJ9.eyJJRF9Vc3VhcmlvIjoiMTU0MjA3NDUiLCJOb21icmVfVXN1YXJpbyI6ImRhbmllbF9zYW5jaGV6XzE1NDIiLCJSRFAwMl9JTlNUQU5DRSI6IlJEUDAyX0lOUzIiLCJSRFAwM19JTlNUQU5DRSI6IlJEUDAzX0lOUzIiLCJSb2wiOiJUIiwiaWF0IjoxNzUxOTU3Nzk1LCJleHAiOjE3NTE5NzU3OTV9.Pjn7NmPABXmCEPiNDbb4d7KlvPXlqFTww6cnCyGaC-Y
1 > Content-Type: application/json; charset=UTF-8
1 > Content-Length: 67
1 > Host: api01-siasis-dev.vercel.app
1 > Connection: Keep-Alive
1 > User-Agent: Apache-HttpClient/4.5.14 (Java/17.0.12)
1 > Accept-Encoding: gzip,deflate
{
  "Nombre_Usuario": "david_apolinario_1537",
  "Contraseña": "15371028"
}


01:56:46.005 [pool-2-thread-2] DEBUG com.intuit.karate - response time in milliseconds: 1060
1 < 200
1 < Access-Control-Allow-Origin: *
1 < Cache-Control: public, max-age=0, must-revalidate
1 < Content-Length: 519
1 < Content-Type: application/json; charset=utf-8
1 < Date: Tue, 08 Jul 2025 06:56:36 GMT
1 < Etag: W/"207-8Ms1hJ8OKstjBnqM5NIkLi8mQsU"
1 < Server: Vercel
1 < Strict-Transport-Security: max-age=63072000; includeSubDomains; preload
1 < X-Powered-By: Express
1 < X-Vercel-Cache: MISS
1 < X-Vercel-Id: gru1::iad1::kr4zd-1751957795746-cd9bc30debf4
{
  "success": true,
  "message": "Inicio de sesión exitoso",
  "data": {
    "Apellidos": "Sanchez Gonzales",
    "Nombres": "Daniel Enrique",
    "Rol": "T",
    "token": "eyJhbGciOiJIUzI1NiIsInR5cCI6IkpXVCJ9.eyJJRF9Vc3VhcmlvIjoiMTU0MjA3NDUiLCJOb21icmVfVXN1YXJpbyI6ImRhbmllbF9zYW5jaGV6XzE1NDIiLCJSRFAwMl9JTlNUQU5DRSI6IlJEUDAyX0lOUzIiLCJSRFAwM19JTlNUQU5DRSI6IlJEUDAzX0lOUzUiLCJSb2wiOiJUIiwiaWF0IjoxNzUxOTU3Nzk2LCJleHAiOjE3NTE5NzU3OTZ9.7cxKVo76i5t1cM0C5eW6RzS7ECLmm85WwC783xXN3lg",
    "Google_Drive_Foto_ID": "11vFEZVR5o-6mSwWCCy4L6tRuzVilr0i9",
    "Genero": "M"
  }
}


01:56:46.007 [pool-2-thread-2] INFO  com.intuit.karate - [print] eyJhbGciOiJIUzI1NiIsInR5cCI6IkpXVCJ9.eyJJRF9Vc3VhcmlvIjoiMTU0MjA3NDUiLCJOb21icmVfVXN1YXJpbyI6ImRhbmllbF9zYW5jaGV6XzE1NDIiLCJSRFAwMl9JTlNUQU5DRSI6IlJEUDAyX0lOUzIiLCJSRFAwM19JTlNUQU5DRSI6IlJEUDAzX0lOUzUiLCJSb2wiOiJUIiwiaWF0IjoxNzUxOTU3Nzk2LCJleHAiOjE3NTE5NzU3OTZ9.7cxKVo76i5t1cM0C5eW6RzS7ECLmm85WwC783xXN3lg 
01:56:46.009 [pool-2-thread-2] INFO  com.intuit.karate - [print] T 
01:56:46.011 [pool-2-thread-2] DEBUG com.intuit.karate - request:
1 > POST https://siasis-dev.vercel.app/api/auth/login
1 > Cookie: Apellidos=Gonzales%20Morales; Google_Drive_Foto_ID=12CrZ2Z8qd2FGzo0UeOURh3turASgkZ-8; Nombres=Brigida; Genero=F; Rol=A; token=eyJhbGciOiJIUzI1NiIsInR5cCI6IkpXVCJ9.eyJJRF9Vc3VhcmlvIjoiMTUzNTcyNzgiLCJSRFAwMl9JTlNUQU5DRSI6IlJEUDAyX0lOUzIiLCJSRFAwM19JTlNUQU5DRSI6IlJEUDAzX0lOUzQiLCJOb21icmVfVXN1YXJpbyI6ImJyaWdpZGFfZ29uemFsZXNfMTUzNSIsIlJvbCI6IkEiLCJpYXQiOjE3NTE5NTc3OTQsImV4cCI6MTc1MTk3NTc5NH0.FLlJHZMJwATYhsy4tMv6PrM8IPP8kj4iu8yGkthoCmU
1 > Content-Type: application/json; charset=UTF-8
1 > Content-Length: 457
1 > Host: siasis-dev.vercel.app
1 > Connection: Keep-Alive
1 > User-Agent: Apache-HttpClient/4.5.14 (Java/17.0.12)
1 > Accept-Encoding: gzip,deflate
{
  "Nombres": "Daniel Enrique",
  "Apellidos": "Sanchez Gonzales",
  "token": "eyJhbGciOiJIUzI1NiIsInR5cCI6IkpXVCJ9.eyJJRF9Vc3VhcmlvIjoiMTU0MjA3NDUiLCJOb21icmVfVXN1YXJpbyI6ImRhbmllbF9zYW5jaGV6XzE1NDIiLCJSRFAwMl9JTlNUQU5DRSI6IlJEUDAyX0lOUzIiLCJSRFAwM19JTlNUQU5DRSI6IlJEUDAzX0lOUzUiLCJSb2wiOiJUIiwiaWF0IjoxNzUxOTU3Nzk2LCJleHAiOjE3NTE5NzU3OTZ9.7cxKVo76i5t1cM0C5eW6RzS7ECLmm85WwC783xXN3lg",
  "Genero": "M",
  "Google_Drive_Foto_ID": "11vFEZVR5o-6mSwWCCy4L6tRuzVilr0i9",
  "Rol": "T"
}


01:56:46.056 [pool-2-thread-5] DEBUG com.intuit.karate - response time in milliseconds: 417
1 < 201
1 < Cache-Control: public, max-age=0, must-revalidate
1 < Content-Length: 0
1 < Date: Tue, 08 Jul 2025 06:56:36 GMT
1 < Server: Vercel
1 < Set-Cookie: Nombres=David%20Julian; Max-Age=18000; Path=/; HttpOnly; Secure; SameSite=Lax
1 < Set-Cookie: Apellidos=Apolinario%20Quispe; Max-Age=18000; Path=/; HttpOnly; Secure; SameSite=Lax
1 < Set-Cookie: Rol=PS; Max-Age=18000; Path=/; HttpOnly; Secure; SameSite=Lax
1 < Set-Cookie: token=eyJhbGciOiJIUzI1NiIsInR5cCI6IkpXVCJ9.eyJJRF9Vc3VhcmlvIjoiMTUzNzEwMjgiLCJOb21icmVfVXN1YXJpbyI6ImRhdmlkX2Fwb2xpbmFyaW9fMTUzNyIsIlJEUDAyX0lOU1RBTkNFIjoiUkRQMDJfSU5TMSIsIlJEUDAzX0lOU1RBTkNFIjoiUkRQMDNfSU5TMSIsIlJvbCI6IlBTIiwiaWF0IjoxNzUxOTU3Nzk2LCJleHAiOjE3NTE5NzU3OTZ9.zAc2EAvGbO2ypgOXAmzmordWapAbTOYrsy2IPvnyC6s; Max-Age=18000; Path=/; HttpOnly; Secure; SameSite=Lax
1 < Set-Cookie: Genero=M; Max-Age=18000; Path=/; HttpOnly; Secure; SameSite=Lax
1 < Set-Cookie: Google_Drive_Foto_ID=1zGZuWnkBA59hSHlTgGVXrduC8eBgrKi1; Max-Age=18000; Path=/; HttpOnly; Secure; SameSite=Lax
1 < Strict-Transport-Security: max-age=63072000; includeSubDomains; preload
1 < Vary: RSC, Next-Router-State-Tree, Next-Router-Prefetch, Next-Router-Segment-Prefetch
1 < X-Matched-Path: /api/auth/login
1 < X-Vercel-Cache: MISS
1 < X-Vercel-Id: gru1::iad1::9l8f7-1751957796435-e4e98564f916


01:56:46.058 [pool-2-thread-5] DEBUG c.intuit.karate.core.ScenarioEngine - over-writing existing variable 'fechaHoraEsperadaISO' with new value: getAdjustedTime()
01:56:46.060 [pool-2-thread-5] DEBUG com.intuit.karate - request:
1 > POST https://siasis-dev.vercel.app/api/asistencia-hoy/marcar
1 > Cookie: Apellidos=Apolinario%20Quispe; Google_Drive_Foto_ID=1zGZuWnkBA59hSHlTgGVXrduC8eBgrKi1; Nombres=David%20Julian; Genero=M; Rol=PS; token=eyJhbGciOiJIUzI1NiIsInR5cCI6IkpXVCJ9.eyJJRF9Vc3VhcmlvIjoiMTUzNzEwMjgiLCJOb21icmVfVXN1YXJpbyI6ImRhdmlkX2Fwb2xpbmFyaW9fMTUzNyIsIlJEUDAyX0lOU1RBTkNFIjoiUkRQMDJfSU5TMSIsIlJEUDAzX0lOU1RBTkNFIjoiUkRQMDNfSU5TMSIsIlJvbCI6IlBTIiwiaWF0IjoxNzUxOTU3Nzk2LCJleHAiOjE3NTE5NzU3OTZ9.zAc2EAvGbO2ypgOXAmzmordWapAbTOYrsy2IPvnyC6s
1 > Content-Type: application/json; charset=UTF-8
1 > Content-Length: 70
1 > Host: siasis-dev.vercel.app
1 > Connection: Keep-Alive
1 > User-Agent: Apache-HttpClient/4.5.14 (Java/17.0.12)
1 > Accept-Encoding: gzip,deflate
{
  "ModoRegistro": "E",
  "FechaHoraEsperadaISO": "2025-07-08T05:56:46.057Z"
}


01:56:46.266 [pool-2-thread-4] DEBUG com.intuit.karate - response time in milliseconds: 418
1 < 201
1 < Cache-Control: public, max-age=0, must-revalidate
1 < Content-Length: 0
1 < Date: Tue, 08 Jul 2025 06:56:36 GMT
1 < Server: Vercel
1 < Set-Cookie: Nombres=Daniel%20Enrique; Max-Age=18000; Path=/; HttpOnly; Secure; SameSite=Lax
1 < Set-Cookie: Apellidos=Sanchez%20Gonzales; Max-Age=18000; Path=/; HttpOnly; Secure; SameSite=Lax
1 < Set-Cookie: Rol=T; Max-Age=18000; Path=/; HttpOnly; Secure; SameSite=Lax
1 < Set-Cookie: token=eyJhbGciOiJIUzI1NiIsInR5cCI6IkpXVCJ9.eyJJRF9Vc3VhcmlvIjoiMTU0MjA3NDUiLCJOb21icmVfVXN1YXJpbyI6ImRhbmllbF9zYW5jaGV6XzE1NDIiLCJSRFAwMl9JTlNUQU5DRSI6IlJEUDAyX0lOUzEiLCJSRFAwM19JTlNUQU5DRSI6IlJEUDAzX0lOUzQiLCJSb2wiOiJUIiwiaWF0IjoxNzUxOTU3Nzk2LCJleHAiOjE3NTE5NzU3OTZ9.rNyyjLJsN0uZWW_vADKQUQjem1JvmQqiK-tK0_fQc1g; Max-Age=18000; Path=/; HttpOnly; Secure; SameSite=Lax
1 < Set-Cookie: Genero=M; Max-Age=18000; Path=/; HttpOnly; Secure; SameSite=Lax
1 < Set-Cookie: Google_Drive_Foto_ID=11vFEZVR5o-6mSwWCCy4L6tRuzVilr0i9; Max-Age=18000; Path=/; HttpOnly; Secure; SameSite=Lax
1 < Strict-Transport-Security: max-age=63072000; includeSubDomains; preload
1 < Vary: RSC, Next-Router-State-Tree, Next-Router-Prefetch, Next-Router-Segment-Prefetch
1 < X-Matched-Path: /api/auth/login
1 < X-Vercel-Cache: MISS
1 < X-Vercel-Id: gru1::iad1::zjqsx-1751957796645-bd3b4efa0be2


01:56:46.267 [pool-2-thread-4] DEBUG c.intuit.karate.core.ScenarioEngine - over-writing existing variable 'fechaHoraEsperadaISO' with new value: getAdjustedTime()
01:56:46.269 [pool-2-thread-4] DEBUG com.intuit.karate - request:
1 > POST https://siasis-dev.vercel.app/api/asistencia-hoy/marcar
1 > Cookie: Apellidos=Sanchez%20Gonzales; Google_Drive_Foto_ID=11vFEZVR5o-6mSwWCCy4L6tRuzVilr0i9; Nombres=Daniel%20Enrique; Genero=M; Rol=T; token=eyJhbGciOiJIUzI1NiIsInR5cCI6IkpXVCJ9.eyJJRF9Vc3VhcmlvIjoiMTU0MjA3NDUiLCJOb21icmVfVXN1YXJpbyI6ImRhbmllbF9zYW5jaGV6XzE1NDIiLCJSRFAwMl9JTlNUQU5DRSI6IlJEUDAyX0lOUzEiLCJSRFAwM19JTlNUQU5DRSI6IlJEUDAzX0lOUzQiLCJSb2wiOiJUIiwiaWF0IjoxNzUxOTU3Nzk2LCJleHAiOjE3NTE5NzU3OTZ9.rNyyjLJsN0uZWW_vADKQUQjem1JvmQqiK-tK0_fQc1g
1 > Content-Type: application/json; charset=UTF-8
1 > Content-Length: 70
1 > Host: siasis-dev.vercel.app
1 > Connection: Keep-Alive
1 > User-Agent: Apache-HttpClient/4.5.14 (Java/17.0.12)
1 > Accept-Encoding: gzip,deflate
{
  "ModoRegistro": "E",
  "FechaHoraEsperadaISO": "2025-07-08T05:56:46.267Z"
}


01:56:46.388 [pool-2-thread-1] DEBUG com.intuit.karate - response time in milliseconds: 664
1 < 200
1 < Access-Control-Allow-Origin: *
1 < Cache-Control: public, max-age=0, must-revalidate
1 < Content-Length: 523
1 < Content-Type: application/json; charset=utf-8
1 < Date: Tue, 08 Jul 2025 06:56:36 GMT
1 < Etag: W/"20b-Zs2milZhTZ+TEaoG8dwF3pVgAeI"
1 < Server: Vercel
1 < Strict-Transport-Security: max-age=63072000; includeSubDomains; preload
1 < X-Powered-By: Express
1 < X-Vercel-Cache: MISS
1 < X-Vercel-Id: gru1::iad1::zdj87-1751957796521-439349674f6e
{
  "success": true,
  "message": "Inicio de sesión exitoso",
  "data": {
    "Apellidos": "Apolinario Quispe",
    "Nombres": "David Julian",
    "Rol": "PS",
    "token": "eyJhbGciOiJIUzI1NiIsInR5cCI6IkpXVCJ9.eyJJRF9Vc3VhcmlvIjoiMTUzNzEwMjgiLCJOb21icmVfVXN1YXJpbyI6ImRhdmlkX2Fwb2xpbmFyaW9fMTUzNyIsIlJEUDAyX0lOU1RBTkNFIjoiUkRQMDJfSU5TMiIsIlJEUDAzX0lOU1RBTkNFIjoiUkRQMDNfSU5TNSIsIlJvbCI6IlBTIiwiaWF0IjoxNzUxOTU3Nzk2LCJleHAiOjE3NTE5NzU3OTZ9.-0pw5BwAQ7P2toGjgJLRLPrsA1B70CQNbGOlQp_t4zY",
    "Google_Drive_Foto_ID": "1zGZuWnkBA59hSHlTgGVXrduC8eBgrKi1",
    "Genero": "M"
  }
}


01:56:46.390 [pool-2-thread-1] INFO  com.intuit.karate - [print] eyJhbGciOiJIUzI1NiIsInR5cCI6IkpXVCJ9.eyJJRF9Vc3VhcmlvIjoiMTUzNzEwMjgiLCJOb21icmVfVXN1YXJpbyI6ImRhdmlkX2Fwb2xpbmFyaW9fMTUzNyIsIlJEUDAyX0lOU1RBTkNFIjoiUkRQMDJfSU5TMiIsIlJEUDAzX0lOU1RBTkNFIjoiUkRQMDNfSU5TNSIsIlJvbCI6IlBTIiwiaWF0IjoxNzUxOTU3Nzk2LCJleHAiOjE3NTE5NzU3OTZ9.-0pw5BwAQ7P2toGjgJLRLPrsA1B70CQNbGOlQp_t4zY 
01:56:46.390 [pool-2-thread-1] INFO  com.intuit.karate - [print] PS 
01:56:46.393 [pool-2-thread-1] DEBUG com.intuit.karate - request:
1 > POST https://siasis-dev.vercel.app/api/auth/login
1 > Cookie: Apellidos=Sanchez%20Gonzales; Google_Drive_Foto_ID=11vFEZVR5o-6mSwWCCy4L6tRuzVilr0i9; Nombres=Daniel%20Enrique; Genero=M; Rol=T; token=eyJhbGciOiJIUzI1NiIsInR5cCI6IkpXVCJ9.eyJJRF9Vc3VhcmlvIjoiMTU0MjA3NDUiLCJOb21icmVfVXN1YXJpbyI6ImRhbmllbF9zYW5jaGV6XzE1NDIiLCJSRFAwMl9JTlNUQU5DRSI6IlJEUDAyX0lOUzEiLCJSRFAwM19JTlNUQU5DRSI6IlJEUDAzX0lOUzIiLCJSb2wiOiJUIiwiaWF0IjoxNzUxOTU3Nzk0LCJleHAiOjE3NTE5NzU3OTR9.5bXhtWFlxm7BDzKmvFXEDJa7U5PuTUpV5rFQmX5Amok
1 > Content-Type: application/json; charset=UTF-8
1 > Content-Length: 461
1 > Host: siasis-dev.vercel.app
1 > Connection: Keep-Alive
1 > User-Agent: Apache-HttpClient/4.5.14 (Java/17.0.12)
1 > Accept-Encoding: gzip,deflate
{
  "Nombres": "David Julian",
  "Apellidos": "Apolinario Quispe",
  "token": "eyJhbGciOiJIUzI1NiIsInR5cCI6IkpXVCJ9.eyJJRF9Vc3VhcmlvIjoiMTUzNzEwMjgiLCJOb21icmVfVXN1YXJpbyI6ImRhdmlkX2Fwb2xpbmFyaW9fMTUzNyIsIlJEUDAyX0lOU1RBTkNFIjoiUkRQMDJfSU5TMiIsIlJEUDAzX0lOU1RBTkNFIjoiUkRQMDNfSU5TNSIsIlJvbCI6IlBTIiwiaWF0IjoxNzUxOTU3Nzk2LCJleHAiOjE3NTE5NzU3OTZ9.-0pw5BwAQ7P2toGjgJLRLPrsA1B70CQNbGOlQp_t4zY",
  "Genero": "M",
  "Google_Drive_Foto_ID": "1zGZuWnkBA59hSHlTgGVXrduC8eBgrKi1",
  "Rol": "PS"
}


01:56:46.438 [pool-2-thread-2] DEBUG com.intuit.karate - response time in milliseconds: 425
1 < 201
1 < Cache-Control: public, max-age=0, must-revalidate
1 < Content-Length: 0
1 < Date: Tue, 08 Jul 2025 06:56:36 GMT
1 < Server: Vercel
1 < Set-Cookie: Nombres=Daniel%20Enrique; Max-Age=18000; Path=/; HttpOnly; Secure; SameSite=Lax
1 < Set-Cookie: Apellidos=Sanchez%20Gonzales; Max-Age=18000; Path=/; HttpOnly; Secure; SameSite=Lax
1 < Set-Cookie: Rol=T; Max-Age=18000; Path=/; HttpOnly; Secure; SameSite=Lax
1 < Set-Cookie: token=eyJhbGciOiJIUzI1NiIsInR5cCI6IkpXVCJ9.eyJJRF9Vc3VhcmlvIjoiMTU0MjA3NDUiLCJOb21icmVfVXN1YXJpbyI6ImRhbmllbF9zYW5jaGV6XzE1NDIiLCJSRFAwMl9JTlNUQU5DRSI6IlJEUDAyX0lOUzIiLCJSRFAwM19JTlNUQU5DRSI6IlJEUDAzX0lOUzUiLCJSb2wiOiJUIiwiaWF0IjoxNzUxOTU3Nzk2LCJleHAiOjE3NTE5NzU3OTZ9.7cxKVo76i5t1cM0C5eW6RzS7ECLmm85WwC783xXN3lg; Max-Age=18000; Path=/; HttpOnly; Secure; SameSite=Lax
1 < Set-Cookie: Genero=M; Max-Age=18000; Path=/; HttpOnly; Secure; SameSite=Lax
1 < Set-Cookie: Google_Drive_Foto_ID=11vFEZVR5o-6mSwWCCy4L6tRuzVilr0i9; Max-Age=18000; Path=/; HttpOnly; Secure; SameSite=Lax
1 < Strict-Transport-Security: max-age=63072000; includeSubDomains; preload
1 < Vary: RSC, Next-Router-State-Tree, Next-Router-Prefetch, Next-Router-Segment-Prefetch
1 < X-Matched-Path: /api/auth/login
1 < X-Vercel-Cache: MISS
1 < X-Vercel-Id: gru1::iad1::cq8gr-1751957796814-26c9073c889d


01:56:46.439 [pool-2-thread-2] DEBUG c.intuit.karate.core.ScenarioEngine - over-writing existing variable 'fechaHoraEsperadaISO' with new value: getAdjustedTime()
01:56:46.441 [pool-2-thread-2] DEBUG com.intuit.karate - request:
1 > POST https://siasis-dev.vercel.app/api/asistencia-hoy/marcar
1 > Cookie: Apellidos=Sanchez%20Gonzales; Google_Drive_Foto_ID=11vFEZVR5o-6mSwWCCy4L6tRuzVilr0i9; Nombres=Daniel%20Enrique; Genero=M; Rol=T; token=eyJhbGciOiJIUzI1NiIsInR5cCI6IkpXVCJ9.eyJJRF9Vc3VhcmlvIjoiMTU0MjA3NDUiLCJOb21icmVfVXN1YXJpbyI6ImRhbmllbF9zYW5jaGV6XzE1NDIiLCJSRFAwMl9JTlNUQU5DRSI6IlJEUDAyX0lOUzIiLCJSRFAwM19JTlNUQU5DRSI6IlJEUDAzX0lOUzUiLCJSb2wiOiJUIiwiaWF0IjoxNzUxOTU3Nzk2LCJleHAiOjE3NTE5NzU3OTZ9.7cxKVo76i5t1cM0C5eW6RzS7ECLmm85WwC783xXN3lg
1 > Content-Type: application/json; charset=UTF-8
1 > Content-Length: 70
1 > Host: siasis-dev.vercel.app
1 > Connection: Keep-Alive
1 > User-Agent: Apache-HttpClient/4.5.14 (Java/17.0.12)
1 > Accept-Encoding: gzip,deflate
{
  "ModoRegistro": "E",
  "FechaHoraEsperadaISO": "2025-07-08T05:56:46.438Z"
}


01:56:46.657 [pool-2-thread-3] DEBUG com.intuit.karate - response time in milliseconds: 679
1 < 200
1 < Access-Control-Allow-Origin: *
1 < Cache-Control: public, max-age=0, must-revalidate
1 < Content-Length: 523
1 < Content-Type: application/json; charset=utf-8
1 < Date: Tue, 08 Jul 2025 06:56:37 GMT
1 < Etag: W/"20b-BBPES0SI6gs4WfyXcM5cC5BxiPM"
1 < Server: Vercel
1 < Strict-Transport-Security: max-age=63072000; includeSubDomains; preload
1 < X-Powered-By: Express
1 < X-Vercel-Cache: MISS
1 < X-Vercel-Id: gru1::iad1::bdvft-1751957796778-2b435d0c6f73
{
  "success": true,
  "message": "Inicio de sesión exitoso",
  "data": {
    "Apellidos": "Apolinario Quispe",
    "Nombres": "David Julian",
    "Rol": "PS",
    "token": "eyJhbGciOiJIUzI1NiIsInR5cCI6IkpXVCJ9.eyJJRF9Vc3VhcmlvIjoiMTUzNzEwMjgiLCJOb21icmVfVXN1YXJpbyI6ImRhdmlkX2Fwb2xpbmFyaW9fMTUzNyIsIlJEUDAyX0lOU1RBTkNFIjoiUkRQMDJfSU5TMSIsIlJEUDAzX0lOU1RBTkNFIjoiUkRQMDNfSU5TMSIsIlJvbCI6IlBTIiwiaWF0IjoxNzUxOTU3Nzk3LCJleHAiOjE3NTE5NzU3OTd9.sY093hy6tXXkmRleWsqnSfjADI1hBngHP3BqGk4qRjE",
    "Google_Drive_Foto_ID": "1Kvyn3lWOxzuURkPFBSGCPHmTshBUXAZg",
    "Genero": "M"
  }
}


01:56:46.659 [pool-2-thread-3] INFO  com.intuit.karate - [print] eyJhbGciOiJIUzI1NiIsInR5cCI6IkpXVCJ9.eyJJRF9Vc3VhcmlvIjoiMTUzNzEwMjgiLCJOb21icmVfVXN1YXJpbyI6ImRhdmlkX2Fwb2xpbmFyaW9fMTUzNyIsIlJEUDAyX0lOU1RBTkNFIjoiUkRQMDJfSU5TMSIsIlJEUDAzX0lOU1RBTkNFIjoiUkRQMDNfSU5TMSIsIlJvbCI6IlBTIiwiaWF0IjoxNzUxOTU3Nzk3LCJleHAiOjE3NTE5NzU3OTd9.sY093hy6tXXkmRleWsqnSfjADI1hBngHP3BqGk4qRjE 
01:56:46.659 [pool-2-thread-3] INFO  com.intuit.karate - [print] PS 
01:56:46.661 [pool-2-thread-3] DEBUG com.intuit.karate - request:
1 > POST https://siasis-dev.vercel.app/api/auth/login
1 > Cookie: Apellidos=Sanchez%20Gonzales; Google_Drive_Foto_ID=14aAaksU7TNE6kOiFsRt4m5y2LSvnat1b; Nombres=Daniel%20Enrique; Genero=M; Rol=T; token=eyJhbGciOiJIUzI1NiIsInR5cCI6IkpXVCJ9.eyJJRF9Vc3VhcmlvIjoiMTU0MjA3NDUiLCJOb21icmVfVXN1YXJpbyI6ImRhbmllbF9zYW5jaGV6XzE1NDIiLCJSRFAwMl9JTlNUQU5DRSI6IlJEUDAyX0lOUzIiLCJSRFAwM19JTlNUQU5DRSI6IlJEUDAzX0lOUzIiLCJSb2wiOiJUIiwiaWF0IjoxNzUxOTU3Nzk1LCJleHAiOjE3NTE5NzU3OTV9.Pjn7NmPABXmCEPiNDbb4d7KlvPXlqFTww6cnCyGaC-Y
1 > Content-Type: application/json; charset=UTF-8
1 > Content-Length: 461
1 > Host: siasis-dev.vercel.app
1 > Connection: Keep-Alive
1 > User-Agent: Apache-HttpClient/4.5.14 (Java/17.0.12)
1 > Accept-Encoding: gzip,deflate
{
  "Nombres": "David Julian",
  "Apellidos": "Apolinario Quispe",
  "token": "eyJhbGciOiJIUzI1NiIsInR5cCI6IkpXVCJ9.eyJJRF9Vc3VhcmlvIjoiMTUzNzEwMjgiLCJOb21icmVfVXN1YXJpbyI6ImRhdmlkX2Fwb2xpbmFyaW9fMTUzNyIsIlJEUDAyX0lOU1RBTkNFIjoiUkRQMDJfSU5TMSIsIlJEUDAzX0lOU1RBTkNFIjoiUkRQMDNfSU5TMSIsIlJvbCI6IlBTIiwiaWF0IjoxNzUxOTU3Nzk3LCJleHAiOjE3NTE5NzU3OTd9.sY093hy6tXXkmRleWsqnSfjADI1hBngHP3BqGk4qRjE",
  "Genero": "M",
  "Google_Drive_Foto_ID": "1Kvyn3lWOxzuURkPFBSGCPHmTshBUXAZg",
  "Rol": "PS"
}


01:56:46.684 [pool-2-thread-5] DEBUG com.intuit.karate - response time in milliseconds: 623
1 < 200
1 < Cache-Control: public, max-age=0, must-revalidate
1 < Content-Type: application/json
1 < Date: Tue, 08 Jul 2025 06:56:37 GMT
1 < Server: Vercel
1 < Strict-Transport-Security: max-age=63072000; includeSubDomains; preload
1 < Vary: RSC, Next-Router-State-Tree, Next-Router-Prefetch, Next-Router-Segment-Prefetch
1 < X-Matched-Path: /api/asistencia-hoy/marcar
1 < X-Vercel-Cache: MISS
1 < X-Vercel-Id: gru1::iad1::lw4h4-1751957796857-fa9579ae5547
1 < Transfer-Encoding: chunked
{
  "success": true,
  "message": "La asistencia ya había sido registrada anteriormente",
  "data": {
    "timestamp": 1751957797000,
    "desfaseSegundos": 3590,
    "esNuevoRegistro": false,
    "esRegistroPropio": false,
    "actorRegistrado": "PS",
    "tipoAsistencia": "personal"
  }
}


01:56:46.688 [pool-2-thread-5] DEBUG c.intuit.karate.core.ScenarioEngine - over-writing existing variable 'loginFeature' with new value: 'classpath:resources/features/login/ProfesorPrimaria.feature'
01:56:46.692 [pool-2-thread-5] DEBUG c.intuit.karate.core.ScenarioEngine - over-writing existing variable 'loginResponse' with new value: call read(loginFeature)
01:56:46.696 [pool-2-thread-5] DEBUG com.intuit.karate - request:
1 > POST https://api01-siasis-dev.vercel.app/api/login/profesor-primaria
1 > Cookie: Apellidos=Apolinario%20Quispe; Google_Drive_Foto_ID=1zGZuWnkBA59hSHlTgGVXrduC8eBgrKi1; Nombres=David%20Julian; Genero=M; Rol=PS; token=eyJhbGciOiJIUzI1NiIsInR5cCI6IkpXVCJ9.eyJJRF9Vc3VhcmlvIjoiMTUzNzEwMjgiLCJOb21icmVfVXN1YXJpbyI6ImRhdmlkX2Fwb2xpbmFyaW9fMTUzNyIsIlJEUDAyX0lOU1RBTkNFIjoiUkRQMDJfSU5TMSIsIlJEUDAzX0lOU1RBTkNFIjoiUkRQMDNfSU5TMSIsIlJvbCI6IlBTIiwiaWF0IjoxNzUxOTU3Nzk2LCJleHAiOjE3NTE5NzU3OTZ9.zAc2EAvGbO2ypgOXAmzmordWapAbTOYrsy2IPvnyC6s
1 > Content-Type: application/json; charset=UTF-8
1 > Content-Length: 64
1 > Host: api01-siasis-dev.vercel.app
1 > Connection: Keep-Alive
1 > User-Agent: Apache-HttpClient/4.5.14 (Java/17.0.12)
1 > Accept-Encoding: gzip,deflate
{
  "Nombre_Usuario": "marisol_godoy_1537",
  "Contraseña": "15378317"
}


01:56:46.861 [pool-2-thread-4] DEBUG com.intuit.karate - response time in milliseconds: 589
1 < 200
1 < Cache-Control: public, max-age=0, must-revalidate
1 < Content-Type: application/json
1 < Date: Tue, 08 Jul 2025 06:56:37 GMT
1 < Server: Vercel
1 < Strict-Transport-Security: max-age=63072000; includeSubDomains; preload
1 < Vary: RSC, Next-Router-State-Tree, Next-Router-Prefetch, Next-Router-Segment-Prefetch
1 < X-Matched-Path: /api/asistencia-hoy/marcar
1 < X-Vercel-Cache: MISS
1 < X-Vercel-Id: gru1::iad1::z422j-1751957797070-8458884b39f2
1 < Transfer-Encoding: chunked
{
  "success": true,
  "message": "La asistencia ya había sido registrada anteriormente",
  "data": {
    "timestamp": 1751957797180,
    "desfaseSegundos": 3590,
    "esNuevoRegistro": false,
    "esRegistroPropio": false,
    "actorRegistrado": "PS",
    "tipoAsistencia": "personal"
  }
}


01:56:46.864 [pool-2-thread-4] DEBUG c.intuit.karate.core.ScenarioEngine - over-writing existing variable 'loginFeature' with new value: 'classpath:resources/features/login/CasoNoTutor.feature'
01:56:46.870 [pool-2-thread-4] DEBUG c.intuit.karate.core.ScenarioEngine - over-writing existing variable 'loginResponse' with new value: call read(loginFeature)
01:56:46.878 [pool-2-thread-4] DEBUG com.intuit.karate - request:
1 > POST https://api01-siasis-dev.vercel.app/api/login/profesor-tutor-secundaria
1 > Cookie: Apellidos=Sanchez%20Gonzales; Google_Drive_Foto_ID=11vFEZVR5o-6mSwWCCy4L6tRuzVilr0i9; Nombres=Daniel%20Enrique; Genero=M; Rol=T; token=eyJhbGciOiJIUzI1NiIsInR5cCI6IkpXVCJ9.eyJJRF9Vc3VhcmlvIjoiMTU0MjA3NDUiLCJOb21icmVfVXN1YXJpbyI6ImRhbmllbF9zYW5jaGV6XzE1NDIiLCJSRFAwMl9JTlNUQU5DRSI6IlJEUDAyX0lOUzEiLCJSRFAwM19JTlNUQU5DRSI6IlJEUDAzX0lOUzQiLCJSb2wiOiJUIiwiaWF0IjoxNzUxOTU3Nzk2LCJleHAiOjE3NTE5NzU3OTZ9.rNyyjLJsN0uZWW_vADKQUQjem1JvmQqiK-tK0_fQc1g
1 > Content-Type: application/json; charset=UTF-8
1 > Content-Length: 67
1 > Host: api01-siasis-dev.vercel.app
1 > Connection: Keep-Alive
1 > User-Agent: Apache-HttpClient/4.5.14 (Java/17.0.12)
1 > Accept-Encoding: gzip,deflate
{
  "Nombre_Usuario": "david_apolinario_1537",
  "Contraseña": "15371028"
}


01:56:46.893 [pool-2-thread-1] DEBUG com.intuit.karate - response time in milliseconds: 499
1 < 201
1 < Cache-Control: public, max-age=0, must-revalidate
1 < Content-Length: 0
1 < Date: Tue, 08 Jul 2025 06:56:37 GMT
1 < Server: Vercel
1 < Set-Cookie: Nombres=David%20Julian; Max-Age=18000; Path=/; HttpOnly; Secure; SameSite=Lax
1 < Set-Cookie: Apellidos=Apolinario%20Quispe; Max-Age=18000; Path=/; HttpOnly; Secure; SameSite=Lax
1 < Set-Cookie: Rol=PS; Max-Age=18000; Path=/; HttpOnly; Secure; SameSite=Lax
1 < Set-Cookie: token=eyJhbGciOiJIUzI1NiIsInR5cCI6IkpXVCJ9.eyJJRF9Vc3VhcmlvIjoiMTUzNzEwMjgiLCJOb21icmVfVXN1YXJpbyI6ImRhdmlkX2Fwb2xpbmFyaW9fMTUzNyIsIlJEUDAyX0lOU1RBTkNFIjoiUkRQMDJfSU5TMiIsIlJEUDAzX0lOU1RBTkNFIjoiUkRQMDNfSU5TNSIsIlJvbCI6IlBTIiwiaWF0IjoxNzUxOTU3Nzk2LCJleHAiOjE3NTE5NzU3OTZ9.-0pw5BwAQ7P2toGjgJLRLPrsA1B70CQNbGOlQp_t4zY; Max-Age=18000; Path=/; HttpOnly; Secure; SameSite=Lax
1 < Set-Cookie: Genero=M; Max-Age=18000; Path=/; HttpOnly; Secure; SameSite=Lax
1 < Set-Cookie: Google_Drive_Foto_ID=1zGZuWnkBA59hSHlTgGVXrduC8eBgrKi1; Max-Age=18000; Path=/; HttpOnly; Secure; SameSite=Lax
1 < Strict-Transport-Security: max-age=63072000; includeSubDomains; preload
1 < Vary: RSC, Next-Router-State-Tree, Next-Router-Prefetch, Next-Router-Segment-Prefetch
1 < X-Matched-Path: /api/auth/login
1 < X-Vercel-Cache: MISS
1 < X-Vercel-Id: gru1::iad1::cq8gr-1751957797272-4e7c2b2b2bfa


01:56:46.894 [pool-2-thread-1] DEBUG c.intuit.karate.core.ScenarioEngine - over-writing existing variable 'fechaHoraEsperadaISO' with new value: getAdjustedTime()
01:56:46.895 [pool-2-thread-1] DEBUG com.intuit.karate - request:
1 > POST https://siasis-dev.vercel.app/api/asistencia-hoy/marcar
1 > Cookie: Apellidos=Apolinario%20Quispe; Google_Drive_Foto_ID=1zGZuWnkBA59hSHlTgGVXrduC8eBgrKi1; Nombres=David%20Julian; Genero=M; Rol=PS; token=eyJhbGciOiJIUzI1NiIsInR5cCI6IkpXVCJ9.eyJJRF9Vc3VhcmlvIjoiMTUzNzEwMjgiLCJOb21icmVfVXN1YXJpbyI6ImRhdmlkX2Fwb2xpbmFyaW9fMTUzNyIsIlJEUDAyX0lOU1RBTkNFIjoiUkRQMDJfSU5TMiIsIlJEUDAzX0lOU1RBTkNFIjoiUkRQMDNfSU5TNSIsIlJvbCI6IlBTIiwiaWF0IjoxNzUxOTU3Nzk2LCJleHAiOjE3NTE5NzU3OTZ9.-0pw5BwAQ7P2toGjgJLRLPrsA1B70CQNbGOlQp_t4zY
1 > Content-Type: application/json; charset=UTF-8
1 > Content-Length: 70
1 > Host: siasis-dev.vercel.app
1 > Connection: Keep-Alive
1 > User-Agent: Apache-HttpClient/4.5.14 (Java/17.0.12)
1 > Accept-Encoding: gzip,deflate
{
  "ModoRegistro": "E",
  "FechaHoraEsperadaISO": "2025-07-08T05:56:46.894Z"
}


01:56:47.082 [pool-2-thread-2] DEBUG com.intuit.karate - response time in milliseconds: 640
1 < 200
1 < Cache-Control: public, max-age=0, must-revalidate
1 < Content-Type: application/json
1 < Date: Tue, 08 Jul 2025 06:56:37 GMT
1 < Server: Vercel
1 < Strict-Transport-Security: max-age=63072000; includeSubDomains; preload
1 < Vary: RSC, Next-Router-State-Tree, Next-Router-Prefetch, Next-Router-Segment-Prefetch
1 < X-Matched-Path: /api/asistencia-hoy/marcar
1 < X-Vercel-Cache: MISS
1 < X-Vercel-Id: gru1::iad1::kr4zd-1751957797278-71c700a88bf8
1 < Transfer-Encoding: chunked
{
  "success": true,
  "message": "La asistencia ya había sido registrada anteriormente",
  "data": {
    "timestamp": 1751957797400,
    "desfaseSegundos": 3590,
    "esNuevoRegistro": false,
    "esRegistroPropio": false,
    "actorRegistrado": "PS",
    "tipoAsistencia": "personal"
  }
}


01:56:47.086 [pool-2-thread-2] DEBUG c.intuit.karate.core.ScenarioEngine - over-writing existing variable 'loginFeature' with new value: 'classpath:resources/features/login/CasoNoTutor.feature'
01:56:47.091 [pool-2-thread-2] DEBUG c.intuit.karate.core.ScenarioEngine - over-writing existing variable 'loginResponse' with new value: call read(loginFeature)
01:56:47.096 [pool-2-thread-2] DEBUG com.intuit.karate - request:
1 > POST https://api01-siasis-dev.vercel.app/api/login/profesor-tutor-secundaria
1 > Cookie: Apellidos=Sanchez%20Gonzales; Google_Drive_Foto_ID=11vFEZVR5o-6mSwWCCy4L6tRuzVilr0i9; Nombres=Daniel%20Enrique; Genero=M; Rol=T; token=eyJhbGciOiJIUzI1NiIsInR5cCI6IkpXVCJ9.eyJJRF9Vc3VhcmlvIjoiMTU0MjA3NDUiLCJOb21icmVfVXN1YXJpbyI6ImRhbmllbF9zYW5jaGV6XzE1NDIiLCJSRFAwMl9JTlNUQU5DRSI6IlJEUDAyX0lOUzIiLCJSRFAwM19JTlNUQU5DRSI6IlJEUDAzX0lOUzUiLCJSb2wiOiJUIiwiaWF0IjoxNzUxOTU3Nzk2LCJleHAiOjE3NTE5NzU3OTZ9.7cxKVo76i5t1cM0C5eW6RzS7ECLmm85WwC783xXN3lg
1 > Content-Type: application/json; charset=UTF-8
1 > Content-Length: 67
1 > Host: api01-siasis-dev.vercel.app
1 > Connection: Keep-Alive
1 > User-Agent: Apache-HttpClient/4.5.14 (Java/17.0.12)
1 > Accept-Encoding: gzip,deflate
{
  "Nombre_Usuario": "david_apolinario_1537",
  "Contraseña": "15371028"
}


01:56:47.097 [pool-2-thread-3] DEBUG com.intuit.karate - response time in milliseconds: 435
1 < 201
1 < Cache-Control: public, max-age=0, must-revalidate
1 < Content-Length: 0
1 < Date: Tue, 08 Jul 2025 06:56:37 GMT
1 < Server: Vercel
1 < Set-Cookie: Nombres=David%20Julian; Max-Age=18000; Path=/; HttpOnly; Secure; SameSite=Lax
1 < Set-Cookie: Apellidos=Apolinario%20Quispe; Max-Age=18000; Path=/; HttpOnly; Secure; SameSite=Lax
1 < Set-Cookie: Rol=PS; Max-Age=18000; Path=/; HttpOnly; Secure; SameSite=Lax
1 < Set-Cookie: token=eyJhbGciOiJIUzI1NiIsInR5cCI6IkpXVCJ9.eyJJRF9Vc3VhcmlvIjoiMTUzNzEwMjgiLCJOb21icmVfVXN1YXJpbyI6ImRhdmlkX2Fwb2xpbmFyaW9fMTUzNyIsIlJEUDAyX0lOU1RBTkNFIjoiUkRQMDJfSU5TMSIsIlJEUDAzX0lOU1RBTkNFIjoiUkRQMDNfSU5TMSIsIlJvbCI6IlBTIiwiaWF0IjoxNzUxOTU3Nzk3LCJleHAiOjE3NTE5NzU3OTd9.sY093hy6tXXkmRleWsqnSfjADI1hBngHP3BqGk4qRjE; Max-Age=18000; Path=/; HttpOnly; Secure; SameSite=Lax
1 < Set-Cookie: Genero=M; Max-Age=18000; Path=/; HttpOnly; Secure; SameSite=Lax
1 < Set-Cookie: Google_Drive_Foto_ID=1Kvyn3lWOxzuURkPFBSGCPHmTshBUXAZg; Max-Age=18000; Path=/; HttpOnly; Secure; SameSite=Lax
1 < Strict-Transport-Security: max-age=63072000; includeSubDomains; preload
1 < Vary: RSC, Next-Router-State-Tree, Next-Router-Prefetch, Next-Router-Segment-Prefetch
1 < X-Matched-Path: /api/auth/login
1 < X-Vercel-Cache: MISS
1 < X-Vercel-Id: gru1::iad1::zdj87-1751957797475-fbbe99076fcc


01:56:47.097 [pool-2-thread-3] DEBUG c.intuit.karate.core.ScenarioEngine - over-writing existing variable 'fechaHoraEsperadaISO' with new value: getAdjustedTime()
01:56:47.098 [pool-2-thread-3] DEBUG com.intuit.karate - request:
1 > POST https://siasis-dev.vercel.app/api/asistencia-hoy/marcar
1 > Cookie: Apellidos=Apolinario%20Quispe; Google_Drive_Foto_ID=1Kvyn3lWOxzuURkPFBSGCPHmTshBUXAZg; Nombres=David%20Julian; Genero=M; Rol=PS; token=eyJhbGciOiJIUzI1NiIsInR5cCI6IkpXVCJ9.eyJJRF9Vc3VhcmlvIjoiMTUzNzEwMjgiLCJOb21icmVfVXN1YXJpbyI6ImRhdmlkX2Fwb2xpbmFyaW9fMTUzNyIsIlJEUDAyX0lOU1RBTkNFIjoiUkRQMDJfSU5TMSIsIlJEUDAzX0lOU1RBTkNFIjoiUkRQMDNfSU5TMSIsIlJvbCI6IlBTIiwiaWF0IjoxNzUxOTU3Nzk3LCJleHAiOjE3NTE5NzU3OTd9.sY093hy6tXXkmRleWsqnSfjADI1hBngHP3BqGk4qRjE
1 > Content-Type: application/json; charset=UTF-8
1 > Content-Length: 70
1 > Host: siasis-dev.vercel.app
1 > Connection: Keep-Alive
1 > User-Agent: Apache-HttpClient/4.5.14 (Java/17.0.12)
1 > Accept-Encoding: gzip,deflate
{
  "ModoRegistro": "E",
  "FechaHoraEsperadaISO": "2025-07-08T05:56:47.097Z"
}


01:56:47.251 [pool-2-thread-5] DEBUG com.intuit.karate - response time in milliseconds: 554
1 < 200
1 < Access-Control-Allow-Origin: *
1 < Cache-Control: public, max-age=0, must-revalidate
1 < Content-Length: 522
1 < Content-Type: application/json; charset=utf-8
1 < Date: Tue, 08 Jul 2025 06:56:37 GMT
1 < Etag: W/"20a-0Nu+9p0rjCbPjzd1Kg/DwyXnO7E"
1 < Server: Vercel
1 < Strict-Transport-Security: max-age=63072000; includeSubDomains; preload
1 < X-Powered-By: Express
1 < X-Vercel-Cache: MISS
1 < X-Vercel-Id: gru1::iad1::zpjsk-1751957797491-343938f3f9c2
{
  "success": true,
  "message": "Inicio de sesión exitoso",
  "data": {
    "Apellidos": "Godoy Villarubia",
    "Nombres": "Marisol Ceferina",
    "Rol": "PP",
    "token": "eyJhbGciOiJIUzI1NiIsInR5cCI6IkpXVCJ9.eyJJRF9Vc3VhcmlvIjoiMTUzNzgzMTciLCJOb21icmVfVXN1YXJpbyI6Im1hcmlzb2xfZ29kb3lfMTUzNyIsIlJEUDAyX0lOU1RBTkNFIjoiUkRQMDJfSU5TMyIsIlJEUDAzX0lOU1RBTkNFIjoiUkRQMDNfSU5TNSIsIlJvbCI6IlBQIiwiaWF0IjoxNzUxOTU3Nzk3LCJleHAiOjE3NTE5NzU3OTd9.BQtriFZl4z9rDxQIjwmYmkF4_sMHWITla_VVOBdcx5o",
    "Google_Drive_Foto_ID": "1p8FC3py693IjnMTa4uINq5lVSb9P3LBc",
    "Genero": "F"
  }
}


01:56:47.252 [pool-2-thread-5] INFO  com.intuit.karate - [print] eyJhbGciOiJIUzI1NiIsInR5cCI6IkpXVCJ9.eyJJRF9Vc3VhcmlvIjoiMTUzNzgzMTciLCJOb21icmVfVXN1YXJpbyI6Im1hcmlzb2xfZ29kb3lfMTUzNyIsIlJEUDAyX0lOU1RBTkNFIjoiUkRQMDJfSU5TMyIsIlJEUDAzX0lOU1RBTkNFIjoiUkRQMDNfSU5TNSIsIlJvbCI6IlBQIiwiaWF0IjoxNzUxOTU3Nzk3LCJleHAiOjE3NTE5NzU3OTd9.BQtriFZl4z9rDxQIjwmYmkF4_sMHWITla_VVOBdcx5o 
01:56:47.253 [pool-2-thread-5] INFO  com.intuit.karate - [print] PP 
01:56:47.255 [pool-2-thread-5] DEBUG com.intuit.karate - request:
1 > POST https://siasis-dev.vercel.app/api/auth/login
1 > Cookie: Apellidos=Apolinario%20Quispe; Google_Drive_Foto_ID=1zGZuWnkBA59hSHlTgGVXrduC8eBgrKi1; Nombres=David%20Julian; Genero=M; Rol=PS; token=eyJhbGciOiJIUzI1NiIsInR5cCI6IkpXVCJ9.eyJJRF9Vc3VhcmlvIjoiMTUzNzEwMjgiLCJOb21icmVfVXN1YXJpbyI6ImRhdmlkX2Fwb2xpbmFyaW9fMTUzNyIsIlJEUDAyX0lOU1RBTkNFIjoiUkRQMDJfSU5TMSIsIlJEUDAzX0lOU1RBTkNFIjoiUkRQMDNfSU5TMSIsIlJvbCI6IlBTIiwiaWF0IjoxNzUxOTU3Nzk2LCJleHAiOjE3NTE5NzU3OTZ9.zAc2EAvGbO2ypgOXAmzmordWapAbTOYrsy2IPvnyC6s
1 > Content-Type: application/json; charset=UTF-8
1 > Content-Length: 460
1 > Host: siasis-dev.vercel.app
1 > Connection: Keep-Alive
1 > User-Agent: Apache-HttpClient/4.5.14 (Java/17.0.12)
1 > Accept-Encoding: gzip,deflate
{
  "Nombres": "Marisol Ceferina",
  "Apellidos": "Godoy Villarubia",
  "token": "eyJhbGciOiJIUzI1NiIsInR5cCI6IkpXVCJ9.eyJJRF9Vc3VhcmlvIjoiMTUzNzgzMTciLCJOb21icmVfVXN1YXJpbyI6Im1hcmlzb2xfZ29kb3lfMTUzNyIsIlJEUDAyX0lOU1RBTkNFIjoiUkRQMDJfSU5TMyIsIlJEUDAzX0lOU1RBTkNFIjoiUkRQMDNfSU5TNSIsIlJvbCI6IlBQIiwiaWF0IjoxNzUxOTU3Nzk3LCJleHAiOjE3NTE5NzU3OTd9.BQtriFZl4z9rDxQIjwmYmkF4_sMHWITla_VVOBdcx5o",
  "Genero": "F",
  "Google_Drive_Foto_ID": "1p8FC3py693IjnMTa4uINq5lVSb9P3LBc",
  "Rol": "PP"
}


01:56:47.548 [pool-2-thread-4] DEBUG com.intuit.karate - response time in milliseconds: 669
1 < 200
1 < Access-Control-Allow-Origin: *
1 < Cache-Control: public, max-age=0, must-revalidate
1 < Content-Length: 523
1 < Content-Type: application/json; charset=utf-8
1 < Date: Tue, 08 Jul 2025 06:56:38 GMT
1 < Etag: W/"20b-F9Ssxi+RZOwJdJ9QxkS6kLHO9Ig"
1 < Server: Vercel
1 < Strict-Transport-Security: max-age=63072000; includeSubDomains; preload
1 < X-Powered-By: Express
1 < X-Vercel-Cache: MISS
1 < X-Vercel-Id: gru1::iad1::hxpww-1751957797680-7f0c62e172ba
{
  "success": true,
  "message": "Inicio de sesión exitoso",
  "data": {
    "Apellidos": "Apolinario Quispe",
    "Nombres": "David Julian",
    "Rol": "PS",
    "token": "eyJhbGciOiJIUzI1NiIsInR5cCI6IkpXVCJ9.eyJJRF9Vc3VhcmlvIjoiMTUzNzEwMjgiLCJOb21icmVfVXN1YXJpbyI6ImRhdmlkX2Fwb2xpbmFyaW9fMTUzNyIsIlJEUDAyX0lOU1RBTkNFIjoiUkRQMDJfSU5TMiIsIlJEUDAzX0lOU1RBTkNFIjoiUkRQMDNfSU5TMyIsIlJvbCI6IlBTIiwiaWF0IjoxNzUxOTU3Nzk4LCJleHAiOjE3NTE5NzU3OTh9.ydgdJt8q2W7IGYnOgvU2JxNRZo-qtdCO37E1b6lk4FQ",
    "Google_Drive_Foto_ID": "1Kvyn3lWOxzuURkPFBSGCPHmTshBUXAZg",
    "Genero": "M"
  }
}


01:56:47.549 [pool-2-thread-4] INFO  com.intuit.karate - [print] eyJhbGciOiJIUzI1NiIsInR5cCI6IkpXVCJ9.eyJJRF9Vc3VhcmlvIjoiMTUzNzEwMjgiLCJOb21icmVfVXN1YXJpbyI6ImRhdmlkX2Fwb2xpbmFyaW9fMTUzNyIsIlJEUDAyX0lOU1RBTkNFIjoiUkRQMDJfSU5TMiIsIlJEUDAzX0lOU1RBTkNFIjoiUkRQMDNfSU5TMyIsIlJvbCI6IlBTIiwiaWF0IjoxNzUxOTU3Nzk4LCJleHAiOjE3NTE5NzU3OTh9.ydgdJt8q2W7IGYnOgvU2JxNRZo-qtdCO37E1b6lk4FQ 
01:56:47.549 [pool-2-thread-4] INFO  com.intuit.karate - [print] PS 
01:56:47.551 [pool-2-thread-4] DEBUG com.intuit.karate - request:
1 > POST https://siasis-dev.vercel.app/api/auth/login
1 > Cookie: Apellidos=Sanchez%20Gonzales; Google_Drive_Foto_ID=11vFEZVR5o-6mSwWCCy4L6tRuzVilr0i9; Nombres=Daniel%20Enrique; Genero=M; Rol=T; token=eyJhbGciOiJIUzI1NiIsInR5cCI6IkpXVCJ9.eyJJRF9Vc3VhcmlvIjoiMTU0MjA3NDUiLCJOb21icmVfVXN1YXJpbyI6ImRhbmllbF9zYW5jaGV6XzE1NDIiLCJSRFAwMl9JTlNUQU5DRSI6IlJEUDAyX0lOUzEiLCJSRFAwM19JTlNUQU5DRSI6IlJEUDAzX0lOUzQiLCJSb2wiOiJUIiwiaWF0IjoxNzUxOTU3Nzk2LCJleHAiOjE3NTE5NzU3OTZ9.rNyyjLJsN0uZWW_vADKQUQjem1JvmQqiK-tK0_fQc1g
1 > Content-Type: application/json; charset=UTF-8
1 > Content-Length: 461
1 > Host: siasis-dev.vercel.app
1 > Connection: Keep-Alive
1 > User-Agent: Apache-HttpClient/4.5.14 (Java/17.0.12)
1 > Accept-Encoding: gzip,deflate
{
  "Nombres": "David Julian",
  "Apellidos": "Apolinario Quispe",
  "token": "eyJhbGciOiJIUzI1NiIsInR5cCI6IkpXVCJ9.eyJJRF9Vc3VhcmlvIjoiMTUzNzEwMjgiLCJOb21icmVfVXN1YXJpbyI6ImRhdmlkX2Fwb2xpbmFyaW9fMTUzNyIsIlJEUDAyX0lOU1RBTkNFIjoiUkRQMDJfSU5TMiIsIlJEUDAzX0lOU1RBTkNFIjoiUkRQMDNfSU5TMyIsIlJvbCI6IlBTIiwiaWF0IjoxNzUxOTU3Nzk4LCJleHAiOjE3NTE5NzU3OTh9.ydgdJt8q2W7IGYnOgvU2JxNRZo-qtdCO37E1b6lk4FQ",
  "Genero": "M",
  "Google_Drive_Foto_ID": "1Kvyn3lWOxzuURkPFBSGCPHmTshBUXAZg",
  "Rol": "PS"
}


01:56:47.665 [pool-2-thread-5] DEBUG com.intuit.karate - response time in milliseconds: 409
1 < 201
1 < Cache-Control: public, max-age=0, must-revalidate
1 < Content-Length: 0
1 < Date: Tue, 08 Jul 2025 06:56:38 GMT
1 < Server: Vercel
1 < Set-Cookie: Nombres=Marisol%20Ceferina; Max-Age=18000; Path=/; HttpOnly; Secure; SameSite=Lax
1 < Set-Cookie: Apellidos=Godoy%20Villarubia; Max-Age=18000; Path=/; HttpOnly; Secure; SameSite=Lax
1 < Set-Cookie: Rol=PP; Max-Age=18000; Path=/; HttpOnly; Secure; SameSite=Lax
1 < Set-Cookie: token=eyJhbGciOiJIUzI1NiIsInR5cCI6IkpXVCJ9.eyJJRF9Vc3VhcmlvIjoiMTUzNzgzMTciLCJOb21icmVfVXN1YXJpbyI6Im1hcmlzb2xfZ29kb3lfMTUzNyIsIlJEUDAyX0lOU1RBTkNFIjoiUkRQMDJfSU5TMyIsIlJEUDAzX0lOU1RBTkNFIjoiUkRQMDNfSU5TNSIsIlJvbCI6IlBQIiwiaWF0IjoxNzUxOTU3Nzk3LCJleHAiOjE3NTE5NzU3OTd9.BQtriFZl4z9rDxQIjwmYmkF4_sMHWITla_VVOBdcx5o; Max-Age=18000; Path=/; HttpOnly; Secure; SameSite=Lax
1 < Set-Cookie: Genero=F; Max-Age=18000; Path=/; HttpOnly; Secure; SameSite=Lax
1 < Set-Cookie: Google_Drive_Foto_ID=1p8FC3py693IjnMTa4uINq5lVSb9P3LBc; Max-Age=18000; Path=/; HttpOnly; Secure; SameSite=Lax
1 < Strict-Transport-Security: max-age=63072000; includeSubDomains; preload
1 < Vary: RSC, Next-Router-State-Tree, Next-Router-Prefetch, Next-Router-Segment-Prefetch
1 < X-Matched-Path: /api/auth/login
1 < X-Vercel-Cache: MISS
1 < X-Vercel-Id: gru1::iad1::lw4h4-1751957798057-e8ded591e421


01:56:47.666 [pool-2-thread-5] DEBUG c.intuit.karate.core.ScenarioEngine - over-writing existing variable 'fechaHoraEsperadaISO' with new value: getAdjustedTime()
01:56:47.668 [pool-2-thread-5] DEBUG com.intuit.karate - request:
1 > POST https://siasis-dev.vercel.app/api/asistencia-hoy/marcar
1 > Cookie: Apellidos=Godoy%20Villarubia; Google_Drive_Foto_ID=1p8FC3py693IjnMTa4uINq5lVSb9P3LBc; Nombres=Marisol%20Ceferina; Genero=F; Rol=PP; token=eyJhbGciOiJIUzI1NiIsInR5cCI6IkpXVCJ9.eyJJRF9Vc3VhcmlvIjoiMTUzNzgzMTciLCJOb21icmVfVXN1YXJpbyI6Im1hcmlzb2xfZ29kb3lfMTUzNyIsIlJEUDAyX0lOU1RBTkNFIjoiUkRQMDJfSU5TMyIsIlJEUDAzX0lOU1RBTkNFIjoiUkRQMDNfSU5TNSIsIlJvbCI6IlBQIiwiaWF0IjoxNzUxOTU3Nzk3LCJleHAiOjE3NTE5NzU3OTd9.BQtriFZl4z9rDxQIjwmYmkF4_sMHWITla_VVOBdcx5o
1 > Content-Type: application/json; charset=UTF-8
1 > Content-Length: 70
1 > Host: siasis-dev.vercel.app
1 > Connection: Keep-Alive
1 > User-Agent: Apache-HttpClient/4.5.14 (Java/17.0.12)
1 > Accept-Encoding: gzip,deflate
{
  "ModoRegistro": "E",
  "FechaHoraEsperadaISO": "2025-07-08T05:56:47.665Z"
}


01:56:47.687 [pool-2-thread-3] DEBUG com.intuit.karate - response time in milliseconds: 588
1 < 200
1 < Cache-Control: public, max-age=0, must-revalidate
1 < Content-Type: application/json
1 < Date: Tue, 08 Jul 2025 06:56:38 GMT
1 < Server: Vercel
1 < Strict-Transport-Security: max-age=63072000; includeSubDomains; preload
1 < Vary: RSC, Next-Router-State-Tree, Next-Router-Prefetch, Next-Router-Segment-Prefetch
1 < X-Matched-Path: /api/asistencia-hoy/marcar
1 < X-Vercel-Cache: MISS
1 < X-Vercel-Id: gru1::iad1::cq8gr-1751957797899-a8bf281ef747
1 < Transfer-Encoding: chunked
{
  "success": true,
  "message": "La asistencia ya había sido registrada anteriormente",
  "data": {
    "timestamp": 1751957798002,
    "desfaseSegundos": 3590,
    "esNuevoRegistro": false,
    "esRegistroPropio": false,
    "actorRegistrado": "PS",
    "tipoAsistencia": "personal"
  }
}


01:56:47.689 [pool-2-thread-3] DEBUG c.intuit.karate.core.ScenarioEngine - over-writing existing variable 'loginFeature' with new value: 'classpath:resources/features/login/ProfesorPrimaria.feature'
01:56:47.694 [pool-2-thread-3] DEBUG c.intuit.karate.core.ScenarioEngine - over-writing existing variable 'loginResponse' with new value: call read(loginFeature)
01:56:47.702 [pool-2-thread-3] DEBUG com.intuit.karate - request:
1 > POST https://api01-siasis-dev.vercel.app/api/login/profesor-primaria
1 > Cookie: Apellidos=Apolinario%20Quispe; Google_Drive_Foto_ID=1Kvyn3lWOxzuURkPFBSGCPHmTshBUXAZg; Nombres=David%20Julian; Genero=M; Rol=PS; token=eyJhbGciOiJIUzI1NiIsInR5cCI6IkpXVCJ9.eyJJRF9Vc3VhcmlvIjoiMTUzNzEwMjgiLCJOb21icmVfVXN1YXJpbyI6ImRhdmlkX2Fwb2xpbmFyaW9fMTUzNyIsIlJEUDAyX0lOU1RBTkNFIjoiUkRQMDJfSU5TMSIsIlJEUDAzX0lOU1RBTkNFIjoiUkRQMDNfSU5TMSIsIlJvbCI6IlBTIiwiaWF0IjoxNzUxOTU3Nzk3LCJleHAiOjE3NTE5NzU3OTd9.sY093hy6tXXkmRleWsqnSfjADI1hBngHP3BqGk4qRjE
1 > Content-Type: application/json; charset=UTF-8
1 > Content-Length: 64
1 > Host: api01-siasis-dev.vercel.app
1 > Connection: Keep-Alive
1 > User-Agent: Apache-HttpClient/4.5.14 (Java/17.0.12)
1 > Accept-Encoding: gzip,deflate
{
  "Nombre_Usuario": "marisol_godoy_1537",
  "Contraseña": "15378317"
}


01:56:47.744 [pool-2-thread-2] DEBUG com.intuit.karate - response time in milliseconds: 647
1 < 200
1 < Access-Control-Allow-Origin: *
1 < Cache-Control: public, max-age=0, must-revalidate
1 < Content-Length: 523
1 < Content-Type: application/json; charset=utf-8
1 < Date: Tue, 08 Jul 2025 06:56:38 GMT
1 < Etag: W/"20b-6umtu7Mc3JInq0EEbMhDe1wUUlM"
1 < Server: Vercel
1 < Strict-Transport-Security: max-age=63072000; includeSubDomains; preload
1 < X-Powered-By: Express
1 < X-Vercel-Cache: MISS
1 < X-Vercel-Id: gru1::iad1::zh6qw-1751957797891-c8cf73d52366
{
  "success": true,
  "message": "Inicio de sesión exitoso",
  "data": {
    "Apellidos": "Apolinario Quispe",
    "Nombres": "David Julian",
    "Rol": "PS",
    "token": "eyJhbGciOiJIUzI1NiIsInR5cCI6IkpXVCJ9.eyJJRF9Vc3VhcmlvIjoiMTUzNzEwMjgiLCJOb21icmVfVXN1YXJpbyI6ImRhdmlkX2Fwb2xpbmFyaW9fMTUzNyIsIlJEUDAyX0lOU1RBTkNFIjoiUkRQMDJfSU5TMyIsIlJEUDAzX0lOU1RBTkNFIjoiUkRQMDNfSU5TMSIsIlJvbCI6IlBTIiwiaWF0IjoxNzUxOTU3Nzk4LCJleHAiOjE3NTE5NzU3OTh9.4krDM_zVPTLvZXe7duYdWD-U4WFgZnNAaXcux4_yeHk",
    "Google_Drive_Foto_ID": "1Kvyn3lWOxzuURkPFBSGCPHmTshBUXAZg",
    "Genero": "M"
  }
}


01:56:47.745 [pool-2-thread-2] INFO  com.intuit.karate - [print] eyJhbGciOiJIUzI1NiIsInR5cCI6IkpXVCJ9.eyJJRF9Vc3VhcmlvIjoiMTUzNzEwMjgiLCJOb21icmVfVXN1YXJpbyI6ImRhdmlkX2Fwb2xpbmFyaW9fMTUzNyIsIlJEUDAyX0lOU1RBTkNFIjoiUkRQMDJfSU5TMyIsIlJEUDAzX0lOU1RBTkNFIjoiUkRQMDNfSU5TMSIsIlJvbCI6IlBTIiwiaWF0IjoxNzUxOTU3Nzk4LCJleHAiOjE3NTE5NzU3OTh9.4krDM_zVPTLvZXe7duYdWD-U4WFgZnNAaXcux4_yeHk 
01:56:47.745 [pool-2-thread-2] INFO  com.intuit.karate - [print] PS 
01:56:47.748 [pool-2-thread-2] DEBUG com.intuit.karate - request:
1 > POST https://siasis-dev.vercel.app/api/auth/login
1 > Cookie: Apellidos=Sanchez%20Gonzales; Google_Drive_Foto_ID=11vFEZVR5o-6mSwWCCy4L6tRuzVilr0i9; Nombres=Daniel%20Enrique; Genero=M; Rol=T; token=eyJhbGciOiJIUzI1NiIsInR5cCI6IkpXVCJ9.eyJJRF9Vc3VhcmlvIjoiMTU0MjA3NDUiLCJOb21icmVfVXN1YXJpbyI6ImRhbmllbF9zYW5jaGV6XzE1NDIiLCJSRFAwMl9JTlNUQU5DRSI6IlJEUDAyX0lOUzIiLCJSRFAwM19JTlNUQU5DRSI6IlJEUDAzX0lOUzUiLCJSb2wiOiJUIiwiaWF0IjoxNzUxOTU3Nzk2LCJleHAiOjE3NTE5NzU3OTZ9.7cxKVo76i5t1cM0C5eW6RzS7ECLmm85WwC783xXN3lg
1 > Content-Type: application/json; charset=UTF-8
1 > Content-Length: 461
1 > Host: siasis-dev.vercel.app
1 > Connection: Keep-Alive
1 > User-Agent: Apache-HttpClient/4.5.14 (Java/17.0.12)
1 > Accept-Encoding: gzip,deflate
{
  "Nombres": "David Julian",
  "Apellidos": "Apolinario Quispe",
  "token": "eyJhbGciOiJIUzI1NiIsInR5cCI6IkpXVCJ9.eyJJRF9Vc3VhcmlvIjoiMTUzNzEwMjgiLCJOb21icmVfVXN1YXJpbyI6ImRhdmlkX2Fwb2xpbmFyaW9fMTUzNyIsIlJEUDAyX0lOU1RBTkNFIjoiUkRQMDJfSU5TMyIsIlJEUDAzX0lOU1RBTkNFIjoiUkRQMDNfSU5TMSIsIlJvbCI6IlBTIiwiaWF0IjoxNzUxOTU3Nzk4LCJleHAiOjE3NTE5NzU3OTh9.4krDM_zVPTLvZXe7duYdWD-U4WFgZnNAaXcux4_yeHk",
  "Genero": "M",
  "Google_Drive_Foto_ID": "1Kvyn3lWOxzuURkPFBSGCPHmTshBUXAZg",
  "Rol": "PS"
}


01:56:47.880 [pool-2-thread-1] DEBUG com.intuit.karate - response time in milliseconds: 985
1 < 200
1 < Cache-Control: public, max-age=0, must-revalidate
1 < Content-Type: application/json
1 < Date: Tue, 08 Jul 2025 06:56:38 GMT
1 < Server: Vercel
1 < Strict-Transport-Security: max-age=63072000; includeSubDomains; preload
1 < Vary: RSC, Next-Router-State-Tree, Next-Router-Prefetch, Next-Router-Segment-Prefetch
1 < X-Matched-Path: /api/asistencia-hoy/marcar
1 < X-Vercel-Cache: MISS
1 < X-Vercel-Id: gru1::iad1::kr4zd-1751957797698-70eff0b30387
1 < Transfer-Encoding: chunked
{
  "success": true,
  "message": "La asistencia ya había sido registrada anteriormente",
  "data": {
    "timestamp": 1751957797823,
    "desfaseSegundos": 3590,
    "esNuevoRegistro": false,
    "esRegistroPropio": false,
    "actorRegistrado": "PS",
    "tipoAsistencia": "personal"
  }
}


01:56:47.885 [pool-2-thread-1] DEBUG c.intuit.karate.core.ScenarioEngine - over-writing existing variable 'loginFeature' with new value: 'classpath:resources/features/login/ProfesorPrimaria.feature'
01:56:47.892 [pool-2-thread-1] DEBUG c.intuit.karate.core.ScenarioEngine - over-writing existing variable 'loginResponse' with new value: call read(loginFeature)
01:56:47.899 [pool-2-thread-1] DEBUG com.intuit.karate - request:
1 > POST https://api01-siasis-dev.vercel.app/api/login/profesor-primaria
1 > Cookie: Apellidos=Apolinario%20Quispe; Google_Drive_Foto_ID=1zGZuWnkBA59hSHlTgGVXrduC8eBgrKi1; Nombres=David%20Julian; Genero=M; Rol=PS; token=eyJhbGciOiJIUzI1NiIsInR5cCI6IkpXVCJ9.eyJJRF9Vc3VhcmlvIjoiMTUzNzEwMjgiLCJOb21icmVfVXN1YXJpbyI6ImRhdmlkX2Fwb2xpbmFyaW9fMTUzNyIsIlJEUDAyX0lOU1RBTkNFIjoiUkRQMDJfSU5TMiIsIlJEUDAzX0lOU1RBTkNFIjoiUkRQMDNfSU5TNSIsIlJvbCI6IlBTIiwiaWF0IjoxNzUxOTU3Nzk2LCJleHAiOjE3NTE5NzU3OTZ9.-0pw5BwAQ7P2toGjgJLRLPrsA1B70CQNbGOlQp_t4zY
1 > Content-Type: application/json; charset=UTF-8
1 > Content-Length: 64
1 > Host: api01-siasis-dev.vercel.app
1 > Connection: Keep-Alive
1 > User-Agent: Apache-HttpClient/4.5.14 (Java/17.0.12)
1 > Accept-Encoding: gzip,deflate
{
  "Nombre_Usuario": "marisol_godoy_1537",
  "Contraseña": "15378317"
}


01:56:47.960 [pool-2-thread-4] DEBUG com.intuit.karate - response time in milliseconds: 408
1 < 201
1 < Cache-Control: public, max-age=0, must-revalidate
1 < Content-Length: 0
1 < Date: Tue, 08 Jul 2025 06:56:38 GMT
1 < Server: Vercel
1 < Set-Cookie: Nombres=David%20Julian; Max-Age=18000; Path=/; HttpOnly; Secure; SameSite=Lax
1 < Set-Cookie: Apellidos=Apolinario%20Quispe; Max-Age=18000; Path=/; HttpOnly; Secure; SameSite=Lax
1 < Set-Cookie: Rol=PS; Max-Age=18000; Path=/; HttpOnly; Secure; SameSite=Lax
1 < Set-Cookie: token=eyJhbGciOiJIUzI1NiIsInR5cCI6IkpXVCJ9.eyJJRF9Vc3VhcmlvIjoiMTUzNzEwMjgiLCJOb21icmVfVXN1YXJpbyI6ImRhdmlkX2Fwb2xpbmFyaW9fMTUzNyIsIlJEUDAyX0lOU1RBTkNFIjoiUkRQMDJfSU5TMiIsIlJEUDAzX0lOU1RBTkNFIjoiUkRQMDNfSU5TMyIsIlJvbCI6IlBTIiwiaWF0IjoxNzUxOTU3Nzk4LCJleHAiOjE3NTE5NzU3OTh9.ydgdJt8q2W7IGYnOgvU2JxNRZo-qtdCO37E1b6lk4FQ; Max-Age=18000; Path=/; HttpOnly; Secure; SameSite=Lax
1 < Set-Cookie: Genero=M; Max-Age=18000; Path=/; HttpOnly; Secure; SameSite=Lax
1 < Set-Cookie: Google_Drive_Foto_ID=1Kvyn3lWOxzuURkPFBSGCPHmTshBUXAZg; Max-Age=18000; Path=/; HttpOnly; Secure; SameSite=Lax
1 < Strict-Transport-Security: max-age=63072000; includeSubDomains; preload
1 < Vary: RSC, Next-Router-State-Tree, Next-Router-Prefetch, Next-Router-Segment-Prefetch
1 < X-Matched-Path: /api/auth/login
1 < X-Vercel-Cache: MISS
1 < X-Vercel-Id: gru1::iad1::kr4zd-1751957798347-6a424255d5ac


01:56:47.960 [pool-2-thread-4] DEBUG c.intuit.karate.core.ScenarioEngine - over-writing existing variable 'fechaHoraEsperadaISO' with new value: getAdjustedTime()
01:56:47.962 [pool-2-thread-4] DEBUG com.intuit.karate - request:
1 > POST https://siasis-dev.vercel.app/api/asistencia-hoy/marcar
1 > Cookie: Apellidos=Apolinario%20Quispe; Google_Drive_Foto_ID=1Kvyn3lWOxzuURkPFBSGCPHmTshBUXAZg; Nombres=David%20Julian; Genero=M; Rol=PS; token=eyJhbGciOiJIUzI1NiIsInR5cCI6IkpXVCJ9.eyJJRF9Vc3VhcmlvIjoiMTUzNzEwMjgiLCJOb21icmVfVXN1YXJpbyI6ImRhdmlkX2Fwb2xpbmFyaW9fMTUzNyIsIlJEUDAyX0lOU1RBTkNFIjoiUkRQMDJfSU5TMiIsIlJEUDAzX0lOU1RBTkNFIjoiUkRQMDNfSU5TMyIsIlJvbCI6IlBTIiwiaWF0IjoxNzUxOTU3Nzk4LCJleHAiOjE3NTE5NzU3OTh9.ydgdJt8q2W7IGYnOgvU2JxNRZo-qtdCO37E1b6lk4FQ
1 > Content-Type: application/json; charset=UTF-8
1 > Content-Length: 70
1 > Host: siasis-dev.vercel.app
1 > Connection: Keep-Alive
1 > User-Agent: Apache-HttpClient/4.5.14 (Java/17.0.12)
1 > Accept-Encoding: gzip,deflate
{
  "ModoRegistro": "E",
  "FechaHoraEsperadaISO": "2025-07-08T05:56:47.961Z"
}


01:56:48.152 [pool-2-thread-2] DEBUG com.intuit.karate - response time in milliseconds: 404
1 < 201
1 < Cache-Control: public, max-age=0, must-revalidate
1 < Content-Length: 0
1 < Date: Tue, 08 Jul 2025 06:56:38 GMT
1 < Server: Vercel
1 < Set-Cookie: Nombres=David%20Julian; Max-Age=18000; Path=/; HttpOnly; Secure; SameSite=Lax
1 < Set-Cookie: Apellidos=Apolinario%20Quispe; Max-Age=18000; Path=/; HttpOnly; Secure; SameSite=Lax
1 < Set-Cookie: Rol=PS; Max-Age=18000; Path=/; HttpOnly; Secure; SameSite=Lax
1 < Set-Cookie: token=eyJhbGciOiJIUzI1NiIsInR5cCI6IkpXVCJ9.eyJJRF9Vc3VhcmlvIjoiMTUzNzEwMjgiLCJOb21icmVfVXN1YXJpbyI6ImRhdmlkX2Fwb2xpbmFyaW9fMTUzNyIsIlJEUDAyX0lOU1RBTkNFIjoiUkRQMDJfSU5TMyIsIlJEUDAzX0lOU1RBTkNFIjoiUkRQMDNfSU5TMSIsIlJvbCI6IlBTIiwiaWF0IjoxNzUxOTU3Nzk4LCJleHAiOjE3NTE5NzU3OTh9.4krDM_zVPTLvZXe7duYdWD-U4WFgZnNAaXcux4_yeHk; Max-Age=18000; Path=/; HttpOnly; Secure; SameSite=Lax
1 < Set-Cookie: Genero=M; Max-Age=18000; Path=/; HttpOnly; Secure; SameSite=Lax
1 < Set-Cookie: Google_Drive_Foto_ID=1Kvyn3lWOxzuURkPFBSGCPHmTshBUXAZg; Max-Age=18000; Path=/; HttpOnly; Secure; SameSite=Lax
1 < Strict-Transport-Security: max-age=63072000; includeSubDomains; preload
1 < Vary: RSC, Next-Router-State-Tree, Next-Router-Prefetch, Next-Router-Segment-Prefetch
1 < X-Matched-Path: /api/auth/login
1 < X-Vercel-Cache: MISS
1 < X-Vercel-Id: gru1::iad1::kr4zd-1751957798544-92e1d1f33f17


01:56:48.153 [pool-2-thread-2] DEBUG c.intuit.karate.core.ScenarioEngine - over-writing existing variable 'fechaHoraEsperadaISO' with new value: getAdjustedTime()
01:56:48.154 [pool-2-thread-2] DEBUG com.intuit.karate - request:
1 > POST https://siasis-dev.vercel.app/api/asistencia-hoy/marcar
1 > Cookie: Apellidos=Apolinario%20Quispe; Google_Drive_Foto_ID=1Kvyn3lWOxzuURkPFBSGCPHmTshBUXAZg; Nombres=David%20Julian; Genero=M; Rol=PS; token=eyJhbGciOiJIUzI1NiIsInR5cCI6IkpXVCJ9.eyJJRF9Vc3VhcmlvIjoiMTUzNzEwMjgiLCJOb21icmVfVXN1YXJpbyI6ImRhdmlkX2Fwb2xpbmFyaW9fMTUzNyIsIlJEUDAyX0lOU1RBTkNFIjoiUkRQMDJfSU5TMyIsIlJEUDAzX0lOU1RBTkNFIjoiUkRQMDNfSU5TMSIsIlJvbCI6IlBTIiwiaWF0IjoxNzUxOTU3Nzk4LCJleHAiOjE3NTE5NzU3OTh9.4krDM_zVPTLvZXe7duYdWD-U4WFgZnNAaXcux4_yeHk
1 > Content-Type: application/json; charset=UTF-8
1 > Content-Length: 70
1 > Host: siasis-dev.vercel.app
1 > Connection: Keep-Alive
1 > User-Agent: Apache-HttpClient/4.5.14 (Java/17.0.12)
1 > Accept-Encoding: gzip,deflate
{
  "ModoRegistro": "E",
  "FechaHoraEsperadaISO": "2025-07-08T05:56:48.152Z"
}


01:56:48.239 [pool-2-thread-3] DEBUG com.intuit.karate - response time in milliseconds: 535
1 < 200
1 < Access-Control-Allow-Origin: *
1 < Cache-Control: public, max-age=0, must-revalidate
1 < Content-Length: 522
1 < Content-Type: application/json; charset=utf-8
1 < Date: Tue, 08 Jul 2025 06:56:38 GMT
1 < Etag: W/"20a-jl5iBezt8C667VOMBGGe9A/NdkA"
1 < Server: Vercel
1 < Strict-Transport-Security: max-age=63072000; includeSubDomains; preload
1 < X-Powered-By: Express
1 < X-Vercel-Cache: MISS
1 < X-Vercel-Id: gru1::iad1::bsmv9-1751957798499-0b85d2ae7232
{
  "success": true,
  "message": "Inicio de sesión exitoso",
  "data": {
    "Apellidos": "Godoy Villarubia",
    "Nombres": "Marisol Ceferina",
    "Rol": "PP",
    "token": "eyJhbGciOiJIUzI1NiIsInR5cCI6IkpXVCJ9.eyJJRF9Vc3VhcmlvIjoiMTUzNzgzMTciLCJOb21icmVfVXN1YXJpbyI6Im1hcmlzb2xfZ29kb3lfMTUzNyIsIlJEUDAyX0lOU1RBTkNFIjoiUkRQMDJfSU5TMSIsIlJEUDAzX0lOU1RBTkNFIjoiUkRQMDNfSU5TNSIsIlJvbCI6IlBQIiwiaWF0IjoxNzUxOTU3Nzk4LCJleHAiOjE3NTE5NzU3OTh9.ywaHu4RIWW7Or6_QxciT9vdjYdaxA3kcsnkDTubL-Lo",
    "Google_Drive_Foto_ID": "1p8FC3py693IjnMTa4uINq5lVSb9P3LBc",
    "Genero": "F"
  }
}


01:56:48.240 [pool-2-thread-3] INFO  com.intuit.karate - [print] eyJhbGciOiJIUzI1NiIsInR5cCI6IkpXVCJ9.eyJJRF9Vc3VhcmlvIjoiMTUzNzgzMTciLCJOb21icmVfVXN1YXJpbyI6Im1hcmlzb2xfZ29kb3lfMTUzNyIsIlJEUDAyX0lOU1RBTkNFIjoiUkRQMDJfSU5TMSIsIlJEUDAzX0lOU1RBTkNFIjoiUkRQMDNfSU5TNSIsIlJvbCI6IlBQIiwiaWF0IjoxNzUxOTU3Nzk4LCJleHAiOjE3NTE5NzU3OTh9.ywaHu4RIWW7Or6_QxciT9vdjYdaxA3kcsnkDTubL-Lo 
01:56:48.241 [pool-2-thread-3] INFO  com.intuit.karate - [print] PP 
01:56:48.244 [pool-2-thread-3] DEBUG com.intuit.karate - request:
1 > POST https://siasis-dev.vercel.app/api/auth/login
1 > Cookie: Apellidos=Apolinario%20Quispe; Google_Drive_Foto_ID=1Kvyn3lWOxzuURkPFBSGCPHmTshBUXAZg; Nombres=David%20Julian; Genero=M; Rol=PS; token=eyJhbGciOiJIUzI1NiIsInR5cCI6IkpXVCJ9.eyJJRF9Vc3VhcmlvIjoiMTUzNzEwMjgiLCJOb21icmVfVXN1YXJpbyI6ImRhdmlkX2Fwb2xpbmFyaW9fMTUzNyIsIlJEUDAyX0lOU1RBTkNFIjoiUkRQMDJfSU5TMSIsIlJEUDAzX0lOU1RBTkNFIjoiUkRQMDNfSU5TMSIsIlJvbCI6IlBTIiwiaWF0IjoxNzUxOTU3Nzk3LCJleHAiOjE3NTE5NzU3OTd9.sY093hy6tXXkmRleWsqnSfjADI1hBngHP3BqGk4qRjE
1 > Content-Type: application/json; charset=UTF-8
1 > Content-Length: 460
1 > Host: siasis-dev.vercel.app
1 > Connection: Keep-Alive
1 > User-Agent: Apache-HttpClient/4.5.14 (Java/17.0.12)
1 > Accept-Encoding: gzip,deflate
{
  "Nombres": "Marisol Ceferina",
  "Apellidos": "Godoy Villarubia",
  "token": "eyJhbGciOiJIUzI1NiIsInR5cCI6IkpXVCJ9.eyJJRF9Vc3VhcmlvIjoiMTUzNzgzMTciLCJOb21icmVfVXN1YXJpbyI6Im1hcmlzb2xfZ29kb3lfMTUzNyIsIlJEUDAyX0lOU1RBTkNFIjoiUkRQMDJfSU5TMSIsIlJEUDAzX0lOU1RBTkNFIjoiUkRQMDNfSU5TNSIsIlJvbCI6IlBQIiwiaWF0IjoxNzUxOTU3Nzk4LCJleHAiOjE3NTE5NzU3OTh9.ywaHu4RIWW7Or6_QxciT9vdjYdaxA3kcsnkDTubL-Lo",
  "Genero": "F",
  "Google_Drive_Foto_ID": "1p8FC3py693IjnMTa4uINq5lVSb9P3LBc",
  "Rol": "PP"
}


01:56:48.270 [pool-2-thread-5] DEBUG com.intuit.karate - response time in milliseconds: 601
1 < 200
1 < Cache-Control: public, max-age=0, must-revalidate
1 < Content-Type: application/json
1 < Date: Tue, 08 Jul 2025 06:56:38 GMT
1 < Server: Vercel
1 < Strict-Transport-Security: max-age=63072000; includeSubDomains; preload
1 < Vary: RSC, Next-Router-State-Tree, Next-Router-Prefetch, Next-Router-Segment-Prefetch
1 < X-Matched-Path: /api/asistencia-hoy/marcar
1 < X-Vercel-Cache: MISS
1 < X-Vercel-Id: gru1::iad1::knbp6-1751957798466-617a913d5585
1 < Transfer-Encoding: chunked
{
  "success": true,
  "message": "La asistencia ya había sido registrada anteriormente",
  "data": {
    "timestamp": 1751957798583,
    "desfaseSegundos": 3590,
    "esNuevoRegistro": false,
    "esRegistroPropio": false,
    "actorRegistrado": "PP",
    "tipoAsistencia": "personal"
  }
}


01:56:48.274 [pool-2-thread-5] DEBUG c.intuit.karate.core.ScenarioEngine - over-writing existing variable 'loginFeature' with new value: 'classpath:resources/features/login/PersonalAdmin.feature'
01:56:48.281 [pool-2-thread-5] DEBUG c.intuit.karate.core.ScenarioEngine - over-writing existing variable 'loginResponse' with new value: call read(loginFeature)
01:56:48.288 [pool-2-thread-5] DEBUG com.intuit.karate - request:
1 > POST https://api01-siasis-dev.vercel.app/api/login/personal-administrativo
1 > Cookie: Apellidos=Godoy%20Villarubia; Google_Drive_Foto_ID=1p8FC3py693IjnMTa4uINq5lVSb9P3LBc; Nombres=Marisol%20Ceferina; Genero=F; Rol=PP; token=eyJhbGciOiJIUzI1NiIsInR5cCI6IkpXVCJ9.eyJJRF9Vc3VhcmlvIjoiMTUzNzgzMTciLCJOb21icmVfVXN1YXJpbyI6Im1hcmlzb2xfZ29kb3lfMTUzNyIsIlJEUDAyX0lOU1RBTkNFIjoiUkRQMDJfSU5TMyIsIlJEUDAzX0lOU1RBTkNFIjoiUkRQMDNfSU5TNSIsIlJvbCI6IlBQIiwiaWF0IjoxNzUxOTU3Nzk3LCJleHAiOjE3NTE5NzU3OTd9.BQtriFZl4z9rDxQIjwmYmkF4_sMHWITla_VVOBdcx5o
1 > Content-Type: application/json; charset=UTF-8
1 > Content-Length: 63
1 > Host: api01-siasis-dev.vercel.app
1 > Connection: Keep-Alive
1 > User-Agent: Apache-HttpClient/4.5.14 (Java/17.0.12)
1 > Accept-Encoding: gzip,deflate
{
  "Nombre_Usuario": "jose_centeno_4180",
  "Contraseña": "41809910"
}


01:56:48.429 [pool-2-thread-1] DEBUG com.intuit.karate - response time in milliseconds: 530
1 < 200
1 < Access-Control-Allow-Origin: *
1 < Cache-Control: public, max-age=0, must-revalidate
1 < Content-Length: 522
1 < Content-Type: application/json; charset=utf-8
1 < Date: Tue, 08 Jul 2025 06:56:38 GMT
1 < Etag: W/"20a-I5lqP80WKk29e3dIir/OO2LxrQ4"
1 < Server: Vercel
1 < Strict-Transport-Security: max-age=63072000; includeSubDomains; preload
1 < X-Powered-By: Express
1 < X-Vercel-Cache: MISS
1 < X-Vercel-Id: gru1::iad1::lw4h4-1751957798694-dc24ca1a522f
{
  "success": true,
  "message": "Inicio de sesión exitoso",
  "data": {
    "Apellidos": "Godoy Villarubia",
    "Nombres": "Marisol Ceferina",
    "Rol": "PP",
    "token": "eyJhbGciOiJIUzI1NiIsInR5cCI6IkpXVCJ9.eyJJRF9Vc3VhcmlvIjoiMTUzNzgzMTciLCJOb21icmVfVXN1YXJpbyI6Im1hcmlzb2xfZ29kb3lfMTUzNyIsIlJEUDAyX0lOU1RBTkNFIjoiUkRQMDJfSU5TMyIsIlJEUDAzX0lOU1RBTkNFIjoiUkRQMDNfSU5TMiIsIlJvbCI6IlBQIiwiaWF0IjoxNzUxOTU3Nzk4LCJleHAiOjE3NTE5NzU3OTh9.uQ9zJf0L3UQUMm7Lx6X9yshER9IWBVLhC0uGjLP3oSk",
    "Google_Drive_Foto_ID": "1p8FC3py693IjnMTa4uINq5lVSb9P3LBc",
    "Genero": "F"
  }
}


01:56:48.430 [pool-2-thread-1] INFO  com.intuit.karate - [print] eyJhbGciOiJIUzI1NiIsInR5cCI6IkpXVCJ9.eyJJRF9Vc3VhcmlvIjoiMTUzNzgzMTciLCJOb21icmVfVXN1YXJpbyI6Im1hcmlzb2xfZ29kb3lfMTUzNyIsIlJEUDAyX0lOU1RBTkNFIjoiUkRQMDJfSU5TMyIsIlJEUDAzX0lOU1RBTkNFIjoiUkRQMDNfSU5TMiIsIlJvbCI6IlBQIiwiaWF0IjoxNzUxOTU3Nzk4LCJleHAiOjE3NTE5NzU3OTh9.uQ9zJf0L3UQUMm7Lx6X9yshER9IWBVLhC0uGjLP3oSk 
01:56:48.431 [pool-2-thread-1] INFO  com.intuit.karate - [print] PP 
01:56:48.432 [pool-2-thread-1] DEBUG com.intuit.karate - request:
1 > POST https://siasis-dev.vercel.app/api/auth/login
1 > Cookie: Apellidos=Apolinario%20Quispe; Google_Drive_Foto_ID=1zGZuWnkBA59hSHlTgGVXrduC8eBgrKi1; Nombres=David%20Julian; Genero=M; Rol=PS; token=eyJhbGciOiJIUzI1NiIsInR5cCI6IkpXVCJ9.eyJJRF9Vc3VhcmlvIjoiMTUzNzEwMjgiLCJOb21icmVfVXN1YXJpbyI6ImRhdmlkX2Fwb2xpbmFyaW9fMTUzNyIsIlJEUDAyX0lOU1RBTkNFIjoiUkRQMDJfSU5TMiIsIlJEUDAzX0lOU1RBTkNFIjoiUkRQMDNfSU5TNSIsIlJvbCI6IlBTIiwiaWF0IjoxNzUxOTU3Nzk2LCJleHAiOjE3NTE5NzU3OTZ9.-0pw5BwAQ7P2toGjgJLRLPrsA1B70CQNbGOlQp_t4zY
1 > Content-Type: application/json; charset=UTF-8
1 > Content-Length: 460
1 > Host: siasis-dev.vercel.app
1 > Connection: Keep-Alive
1 > User-Agent: Apache-HttpClient/4.5.14 (Java/17.0.12)
1 > Accept-Encoding: gzip,deflate
{
  "Nombres": "Marisol Ceferina",
  "Apellidos": "Godoy Villarubia",
  "token": "eyJhbGciOiJIUzI1NiIsInR5cCI6IkpXVCJ9.eyJJRF9Vc3VhcmlvIjoiMTUzNzgzMTciLCJOb21icmVfVXN1YXJpbyI6Im1hcmlzb2xfZ29kb3lfMTUzNyIsIlJEUDAyX0lOU1RBTkNFIjoiUkRQMDJfSU5TMyIsIlJEUDAzX0lOU1RBTkNFIjoiUkRQMDNfSU5TMiIsIlJvbCI6IlBQIiwiaWF0IjoxNzUxOTU3Nzk4LCJleHAiOjE3NTE5NzU3OTh9.uQ9zJf0L3UQUMm7Lx6X9yshER9IWBVLhC0uGjLP3oSk",
  "Genero": "F",
  "Google_Drive_Foto_ID": "1p8FC3py693IjnMTa4uINq5lVSb9P3LBc",
  "Rol": "PP"
}


01:56:48.538 [pool-2-thread-4] DEBUG com.intuit.karate - response time in milliseconds: 575
1 < 200
1 < Cache-Control: public, max-age=0, must-revalidate
1 < Content-Type: application/json
1 < Date: Tue, 08 Jul 2025 06:56:39 GMT
1 < Server: Vercel
1 < Strict-Transport-Security: max-age=63072000; includeSubDomains; preload
1 < Vary: RSC, Next-Router-State-Tree, Next-Router-Prefetch, Next-Router-Segment-Prefetch
1 < X-Matched-Path: /api/asistencia-hoy/marcar
1 < X-Vercel-Cache: MISS
1 < X-Vercel-Id: gru1::iad1::zdj87-1751957798757-59da82c0aa64
1 < Transfer-Encoding: chunked
{
  "success": true,
  "message": "La asistencia ya había sido registrada anteriormente",
  "data": {
    "timestamp": 1751957798873,
    "desfaseSegundos": 3590,
    "esNuevoRegistro": false,
    "esRegistroPropio": false,
    "actorRegistrado": "PS",
    "tipoAsistencia": "personal"
  }
}


01:56:48.541 [pool-2-thread-4] DEBUG c.intuit.karate.core.ScenarioEngine - over-writing existing variable 'loginFeature' with new value: 'classpath:resources/features/login/ProfesorPrimaria.feature'
01:56:48.546 [pool-2-thread-4] DEBUG c.intuit.karate.core.ScenarioEngine - over-writing existing variable 'loginResponse' with new value: call read(loginFeature)
01:56:48.555 [pool-2-thread-4] DEBUG com.intuit.karate - request:
1 > POST https://api01-siasis-dev.vercel.app/api/login/profesor-primaria
1 > Cookie: Apellidos=Apolinario%20Quispe; Google_Drive_Foto_ID=1Kvyn3lWOxzuURkPFBSGCPHmTshBUXAZg; Nombres=David%20Julian; Genero=M; Rol=PS; token=eyJhbGciOiJIUzI1NiIsInR5cCI6IkpXVCJ9.eyJJRF9Vc3VhcmlvIjoiMTUzNzEwMjgiLCJOb21icmVfVXN1YXJpbyI6ImRhdmlkX2Fwb2xpbmFyaW9fMTUzNyIsIlJEUDAyX0lOU1RBTkNFIjoiUkRQMDJfSU5TMiIsIlJEUDAzX0lOU1RBTkNFIjoiUkRQMDNfSU5TMyIsIlJvbCI6IlBTIiwiaWF0IjoxNzUxOTU3Nzk4LCJleHAiOjE3NTE5NzU3OTh9.ydgdJt8q2W7IGYnOgvU2JxNRZo-qtdCO37E1b6lk4FQ
1 > Content-Type: application/json; charset=UTF-8
1 > Content-Length: 64
1 > Host: api01-siasis-dev.vercel.app
1 > Connection: Keep-Alive
1 > User-Agent: Apache-HttpClient/4.5.14 (Java/17.0.12)
1 > Accept-Encoding: gzip,deflate
{
  "Nombre_Usuario": "marisol_godoy_1537",
  "Contraseña": "15378317"
}


01:56:48.649 [pool-2-thread-3] DEBUG com.intuit.karate - response time in milliseconds: 405
1 < 201
1 < Cache-Control: public, max-age=0, must-revalidate
1 < Content-Length: 0
1 < Date: Tue, 08 Jul 2025 06:56:39 GMT
1 < Server: Vercel
1 < Set-Cookie: Nombres=Marisol%20Ceferina; Max-Age=18000; Path=/; HttpOnly; Secure; SameSite=Lax
1 < Set-Cookie: Apellidos=Godoy%20Villarubia; Max-Age=18000; Path=/; HttpOnly; Secure; SameSite=Lax
1 < Set-Cookie: Rol=PP; Max-Age=18000; Path=/; HttpOnly; Secure; SameSite=Lax
1 < Set-Cookie: token=eyJhbGciOiJIUzI1NiIsInR5cCI6IkpXVCJ9.eyJJRF9Vc3VhcmlvIjoiMTUzNzgzMTciLCJOb21icmVfVXN1YXJpbyI6Im1hcmlzb2xfZ29kb3lfMTUzNyIsIlJEUDAyX0lOU1RBTkNFIjoiUkRQMDJfSU5TMSIsIlJEUDAzX0lOU1RBTkNFIjoiUkRQMDNfSU5TNSIsIlJvbCI6IlBQIiwiaWF0IjoxNzUxOTU3Nzk4LCJleHAiOjE3NTE5NzU3OTh9.ywaHu4RIWW7Or6_QxciT9vdjYdaxA3kcsnkDTubL-Lo; Max-Age=18000; Path=/; HttpOnly; Secure; SameSite=Lax
1 < Set-Cookie: Genero=F; Max-Age=18000; Path=/; HttpOnly; Secure; SameSite=Lax
1 < Set-Cookie: Google_Drive_Foto_ID=1p8FC3py693IjnMTa4uINq5lVSb9P3LBc; Max-Age=18000; Path=/; HttpOnly; Secure; SameSite=Lax
1 < Strict-Transport-Security: max-age=63072000; includeSubDomains; preload
1 < Vary: RSC, Next-Router-State-Tree, Next-Router-Prefetch, Next-Router-Segment-Prefetch
1 < X-Matched-Path: /api/auth/login
1 < X-Vercel-Cache: MISS
1 < X-Vercel-Id: gru1::iad1::cq8gr-1751957799043-ab3501beff5f


01:56:48.650 [pool-2-thread-3] DEBUG c.intuit.karate.core.ScenarioEngine - over-writing existing variable 'fechaHoraEsperadaISO' with new value: getAdjustedTime()
01:56:48.652 [pool-2-thread-3] DEBUG com.intuit.karate - request:
1 > POST https://siasis-dev.vercel.app/api/asistencia-hoy/marcar
1 > Cookie: Apellidos=Godoy%20Villarubia; Google_Drive_Foto_ID=1p8FC3py693IjnMTa4uINq5lVSb9P3LBc; Nombres=Marisol%20Ceferina; Genero=F; Rol=PP; token=eyJhbGciOiJIUzI1NiIsInR5cCI6IkpXVCJ9.eyJJRF9Vc3VhcmlvIjoiMTUzNzgzMTciLCJOb21icmVfVXN1YXJpbyI6Im1hcmlzb2xfZ29kb3lfMTUzNyIsIlJEUDAyX0lOU1RBTkNFIjoiUkRQMDJfSU5TMSIsIlJEUDAzX0lOU1RBTkNFIjoiUkRQMDNfSU5TNSIsIlJvbCI6IlBQIiwiaWF0IjoxNzUxOTU3Nzk4LCJleHAiOjE3NTE5NzU3OTh9.ywaHu4RIWW7Or6_QxciT9vdjYdaxA3kcsnkDTubL-Lo
1 > Content-Type: application/json; charset=UTF-8
1 > Content-Length: 70
1 > Host: siasis-dev.vercel.app
1 > Connection: Keep-Alive
1 > User-Agent: Apache-HttpClient/4.5.14 (Java/17.0.12)
1 > Accept-Encoding: gzip,deflate
{
  "ModoRegistro": "E",
  "FechaHoraEsperadaISO": "2025-07-08T05:56:48.649Z"
}


01:56:48.734 [pool-2-thread-2] DEBUG com.intuit.karate - response time in milliseconds: 579
1 < 200
1 < Cache-Control: public, max-age=0, must-revalidate
1 < Content-Type: application/json
1 < Date: Tue, 08 Jul 2025 06:56:39 GMT
1 < Server: Vercel
1 < Strict-Transport-Security: max-age=63072000; includeSubDomains; preload
1 < Vary: RSC, Next-Router-State-Tree, Next-Router-Prefetch, Next-Router-Segment-Prefetch
1 < X-Matched-Path: /api/asistencia-hoy/marcar
1 < X-Vercel-Cache: MISS
1 < X-Vercel-Id: gru1::iad1::knbp6-1751957798950-a3cf43b29c33
1 < Transfer-Encoding: chunked
{
  "success": true,
  "message": "La asistencia ya había sido registrada anteriormente",
  "data": {
    "timestamp": 1751957799062,
    "desfaseSegundos": 3590,
    "esNuevoRegistro": false,
    "esRegistroPropio": false,
    "actorRegistrado": "PS",
    "tipoAsistencia": "personal"
  }
}


01:56:48.738 [pool-2-thread-2] DEBUG c.intuit.karate.core.ScenarioEngine - over-writing existing variable 'loginFeature' with new value: 'classpath:resources/features/login/ProfesorPrimaria.feature'
01:56:48.744 [pool-2-thread-2] DEBUG c.intuit.karate.core.ScenarioEngine - over-writing existing variable 'loginResponse' with new value: call read(loginFeature)
01:56:48.751 [pool-2-thread-2] DEBUG com.intuit.karate - request:
1 > POST https://api01-siasis-dev.vercel.app/api/login/profesor-primaria
1 > Cookie: Apellidos=Apolinario%20Quispe; Google_Drive_Foto_ID=1Kvyn3lWOxzuURkPFBSGCPHmTshBUXAZg; Nombres=David%20Julian; Genero=M; Rol=PS; token=eyJhbGciOiJIUzI1NiIsInR5cCI6IkpXVCJ9.eyJJRF9Vc3VhcmlvIjoiMTUzNzEwMjgiLCJOb21icmVfVXN1YXJpbyI6ImRhdmlkX2Fwb2xpbmFyaW9fMTUzNyIsIlJEUDAyX0lOU1RBTkNFIjoiUkRQMDJfSU5TMyIsIlJEUDAzX0lOU1RBTkNFIjoiUkRQMDNfSU5TMSIsIlJvbCI6IlBTIiwiaWF0IjoxNzUxOTU3Nzk4LCJleHAiOjE3NTE5NzU3OTh9.4krDM_zVPTLvZXe7duYdWD-U4WFgZnNAaXcux4_yeHk
1 > Content-Type: application/json; charset=UTF-8
1 > Content-Length: 64
1 > Host: api01-siasis-dev.vercel.app
1 > Connection: Keep-Alive
1 > User-Agent: Apache-HttpClient/4.5.14 (Java/17.0.12)
1 > Accept-Encoding: gzip,deflate
{
  "Nombre_Usuario": "marisol_godoy_1537",
  "Contraseña": "15378317"
}


01:56:48.823 [pool-2-thread-5] DEBUG com.intuit.karate - response time in milliseconds: 534
1 < 200
1 < Access-Control-Allow-Origin: *
1 < Cache-Control: public, max-age=0, must-revalidate
1 < Content-Length: 505
1 < Content-Type: application/json; charset=utf-8
1 < Date: Tue, 08 Jul 2025 06:56:39 GMT
1 < Etag: W/"1f9-fsrsXXCesk63bMU/gK9NPqOPL9w"
1 < Server: Vercel
1 < Strict-Transport-Security: max-age=63072000; includeSubDomains; preload
1 < X-Powered-By: Express
1 < X-Vercel-Cache: MISS
1 < X-Vercel-Id: gru1::iad1::cq8gr-1751957799090-38968409f732
{
  "success": true,
  "message": "Inicio de sesión exitoso",
  "data": {
    "Apellidos": "Centeno Diaz",
    "Nombres": "Jose",
    "Rol": "PA",
    "token": "eyJhbGciOiJIUzI1NiIsInR5cCI6IkpXVCJ9.eyJJRF9Vc3VhcmlvIjoiNDE4MDk5MTAiLCJOb21icmVfVXN1YXJpbyI6Impvc2VfY2VudGVub180MTgwIiwiUkRQMDJfSU5TVEFOQ0UiOiJSRFAwMl9JTlMzIiwiUkRQMDNfSU5TVEFOQ0UiOiJSRFAwM19JTlMyIiwiUm9sIjoiUEEiLCJpYXQiOjE3NTE5NTc3OTksImV4cCI6MTc1MTk3NTc5OX0.8z7_9KekTocbl6LmZU3jLtmV0qho2fV77QDIzzOQFZE",
    "Google_Drive_Foto_ID": "1Jv0B596JMyZMRO7MFcdXW0nN8AI7hFIe",
    "Genero": "M"
  }
}


01:56:48.824 [pool-2-thread-5] INFO  com.intuit.karate - [print] eyJhbGciOiJIUzI1NiIsInR5cCI6IkpXVCJ9.eyJJRF9Vc3VhcmlvIjoiNDE4MDk5MTAiLCJOb21icmVfVXN1YXJpbyI6Impvc2VfY2VudGVub180MTgwIiwiUkRQMDJfSU5TVEFOQ0UiOiJSRFAwMl9JTlMzIiwiUkRQMDNfSU5TVEFOQ0UiOiJSRFAwM19JTlMyIiwiUm9sIjoiUEEiLCJpYXQiOjE3NTE5NTc3OTksImV4cCI6MTc1MTk3NTc5OX0.8z7_9KekTocbl6LmZU3jLtmV0qho2fV77QDIzzOQFZE 
01:56:48.824 [pool-2-thread-5] INFO  com.intuit.karate - [print] PA 
01:56:48.825 [pool-2-thread-5] DEBUG com.intuit.karate - request:
1 > POST https://siasis-dev.vercel.app/api/auth/login
1 > Cookie: Apellidos=Godoy%20Villarubia; Google_Drive_Foto_ID=1p8FC3py693IjnMTa4uINq5lVSb9P3LBc; Nombres=Marisol%20Ceferina; Genero=F; Rol=PP; token=eyJhbGciOiJIUzI1NiIsInR5cCI6IkpXVCJ9.eyJJRF9Vc3VhcmlvIjoiMTUzNzgzMTciLCJOb21icmVfVXN1YXJpbyI6Im1hcmlzb2xfZ29kb3lfMTUzNyIsIlJEUDAyX0lOU1RBTkNFIjoiUkRQMDJfSU5TMyIsIlJEUDAzX0lOU1RBTkNFIjoiUkRQMDNfSU5TNSIsIlJvbCI6IlBQIiwiaWF0IjoxNzUxOTU3Nzk3LCJleHAiOjE3NTE5NzU3OTd9.BQtriFZl4z9rDxQIjwmYmkF4_sMHWITla_VVOBdcx5o
1 > Content-Type: application/json; charset=UTF-8
1 > Content-Length: 443
1 > Host: siasis-dev.vercel.app
1 > Connection: Keep-Alive
1 > User-Agent: Apache-HttpClient/4.5.14 (Java/17.0.12)
1 > Accept-Encoding: gzip,deflate
{
  "Nombres": "Jose",
  "Apellidos": "Centeno Diaz",
  "token": "eyJhbGciOiJIUzI1NiIsInR5cCI6IkpXVCJ9.eyJJRF9Vc3VhcmlvIjoiNDE4MDk5MTAiLCJOb21icmVfVXN1YXJpbyI6Impvc2VfY2VudGVub180MTgwIiwiUkRQMDJfSU5TVEFOQ0UiOiJSRFAwMl9JTlMzIiwiUkRQMDNfSU5TVEFOQ0UiOiJSRFAwM19JTlMyIiwiUm9sIjoiUEEiLCJpYXQiOjE3NTE5NTc3OTksImV4cCI6MTc1MTk3NTc5OX0.8z7_9KekTocbl6LmZU3jLtmV0qho2fV77QDIzzOQFZE",
  "Genero": "M",
  "Google_Drive_Foto_ID": "1Jv0B596JMyZMRO7MFcdXW0nN8AI7hFIe",
  "Rol": "PA"
}


01:56:48.849 [pool-2-thread-1] DEBUG com.intuit.karate - response time in milliseconds: 416
1 < 201
1 < Cache-Control: public, max-age=0, must-revalidate
1 < Content-Length: 0
1 < Date: Tue, 08 Jul 2025 06:56:39 GMT
1 < Server: Vercel
1 < Set-Cookie: Nombres=Marisol%20Ceferina; Max-Age=18000; Path=/; HttpOnly; Secure; SameSite=Lax
1 < Set-Cookie: Apellidos=Godoy%20Villarubia; Max-Age=18000; Path=/; HttpOnly; Secure; SameSite=Lax
1 < Set-Cookie: Rol=PP; Max-Age=18000; Path=/; HttpOnly; Secure; SameSite=Lax
1 < Set-Cookie: token=eyJhbGciOiJIUzI1NiIsInR5cCI6IkpXVCJ9.eyJJRF9Vc3VhcmlvIjoiMTUzNzgzMTciLCJOb21icmVfVXN1YXJpbyI6Im1hcmlzb2xfZ29kb3lfMTUzNyIsIlJEUDAyX0lOU1RBTkNFIjoiUkRQMDJfSU5TMyIsIlJEUDAzX0lOU1RBTkNFIjoiUkRQMDNfSU5TMiIsIlJvbCI6IlBQIiwiaWF0IjoxNzUxOTU3Nzk4LCJleHAiOjE3NTE5NzU3OTh9.uQ9zJf0L3UQUMm7Lx6X9yshER9IWBVLhC0uGjLP3oSk; Max-Age=18000; Path=/; HttpOnly; Secure; SameSite=Lax
1 < Set-Cookie: Genero=F; Max-Age=18000; Path=/; HttpOnly; Secure; SameSite=Lax
1 < Set-Cookie: Google_Drive_Foto_ID=1p8FC3py693IjnMTa4uINq5lVSb9P3LBc; Max-Age=18000; Path=/; HttpOnly; Secure; SameSite=Lax
1 < Strict-Transport-Security: max-age=63072000; includeSubDomains; preload
1 < Vary: RSC, Next-Router-State-Tree, Next-Router-Prefetch, Next-Router-Segment-Prefetch
1 < X-Matched-Path: /api/auth/login
1 < X-Vercel-Cache: MISS
1 < X-Vercel-Id: gru1::iad1::kpjfh-1751957799226-63331e8b7462


01:56:48.850 [pool-2-thread-1] DEBUG c.intuit.karate.core.ScenarioEngine - over-writing existing variable 'fechaHoraEsperadaISO' with new value: getAdjustedTime()
01:56:48.853 [pool-2-thread-1] DEBUG com.intuit.karate - request:
1 > POST https://siasis-dev.vercel.app/api/asistencia-hoy/marcar
1 > Cookie: Apellidos=Godoy%20Villarubia; Google_Drive_Foto_ID=1p8FC3py693IjnMTa4uINq5lVSb9P3LBc; Nombres=Marisol%20Ceferina; Genero=F; Rol=PP; token=eyJhbGciOiJIUzI1NiIsInR5cCI6IkpXVCJ9.eyJJRF9Vc3VhcmlvIjoiMTUzNzgzMTciLCJOb21icmVfVXN1YXJpbyI6Im1hcmlzb2xfZ29kb3lfMTUzNyIsIlJEUDAyX0lOU1RBTkNFIjoiUkRQMDJfSU5TMyIsIlJEUDAzX0lOU1RBTkNFIjoiUkRQMDNfSU5TMiIsIlJvbCI6IlBQIiwiaWF0IjoxNzUxOTU3Nzk4LCJleHAiOjE3NTE5NzU3OTh9.uQ9zJf0L3UQUMm7Lx6X9yshER9IWBVLhC0uGjLP3oSk
1 > Content-Type: application/json; charset=UTF-8
1 > Content-Length: 70
1 > Host: siasis-dev.vercel.app
1 > Connection: Keep-Alive
1 > User-Agent: Apache-HttpClient/4.5.14 (Java/17.0.12)
1 > Accept-Encoding: gzip,deflate
{
  "ModoRegistro": "E",
  "FechaHoraEsperadaISO": "2025-07-08T05:56:48.850Z"
}


01:56:49.087 [pool-2-thread-4] DEBUG com.intuit.karate - response time in milliseconds: 530
1 < 200
1 < Access-Control-Allow-Origin: *
1 < Cache-Control: public, max-age=0, must-revalidate
1 < Content-Length: 522
1 < Content-Type: application/json; charset=utf-8
1 < Date: Tue, 08 Jul 2025 06:56:39 GMT
1 < Etag: W/"20a-ddy8FESNux2ZJosNJdjfjkF9mJI"
1 < Server: Vercel
1 < Strict-Transport-Security: max-age=63072000; includeSubDomains; preload
1 < X-Powered-By: Express
1 < X-Vercel-Cache: MISS
1 < X-Vercel-Id: gru1::iad1::bsmv9-1751957799353-ad0e82cfcbff
{
  "success": true,
  "message": "Inicio de sesión exitoso",
  "data": {
    "Apellidos": "Godoy Villarubia",
    "Nombres": "Marisol Ceferina",
    "Rol": "PP",
    "token": "eyJhbGciOiJIUzI1NiIsInR5cCI6IkpXVCJ9.eyJJRF9Vc3VhcmlvIjoiMTUzNzgzMTciLCJOb21icmVfVXN1YXJpbyI6Im1hcmlzb2xfZ29kb3lfMTUzNyIsIlJEUDAyX0lOU1RBTkNFIjoiUkRQMDJfSU5TMyIsIlJEUDAzX0lOU1RBTkNFIjoiUkRQMDNfSU5TMyIsIlJvbCI6IlBQIiwiaWF0IjoxNzUxOTU3Nzk5LCJleHAiOjE3NTE5NzU3OTl9.s70FU8htsHzpB7dTesanzcSNBhIWu2bmmsD6HuS_SNw",
    "Google_Drive_Foto_ID": "1p8FC3py693IjnMTa4uINq5lVSb9P3LBc",
    "Genero": "F"
  }
}


01:56:49.087 [pool-2-thread-4] INFO  com.intuit.karate - [print] eyJhbGciOiJIUzI1NiIsInR5cCI6IkpXVCJ9.eyJJRF9Vc3VhcmlvIjoiMTUzNzgzMTciLCJOb21icmVfVXN1YXJpbyI6Im1hcmlzb2xfZ29kb3lfMTUzNyIsIlJEUDAyX0lOU1RBTkNFIjoiUkRQMDJfSU5TMyIsIlJEUDAzX0lOU1RBTkNFIjoiUkRQMDNfSU5TMyIsIlJvbCI6IlBQIiwiaWF0IjoxNzUxOTU3Nzk5LCJleHAiOjE3NTE5NzU3OTl9.s70FU8htsHzpB7dTesanzcSNBhIWu2bmmsD6HuS_SNw 
01:56:49.089 [pool-2-thread-4] INFO  com.intuit.karate - [print] PP 
01:56:49.091 [pool-2-thread-4] DEBUG com.intuit.karate - request:
1 > POST https://siasis-dev.vercel.app/api/auth/login
1 > Cookie: Apellidos=Apolinario%20Quispe; Google_Drive_Foto_ID=1Kvyn3lWOxzuURkPFBSGCPHmTshBUXAZg; Nombres=David%20Julian; Genero=M; Rol=PS; token=eyJhbGciOiJIUzI1NiIsInR5cCI6IkpXVCJ9.eyJJRF9Vc3VhcmlvIjoiMTUzNzEwMjgiLCJOb21icmVfVXN1YXJpbyI6ImRhdmlkX2Fwb2xpbmFyaW9fMTUzNyIsIlJEUDAyX0lOU1RBTkNFIjoiUkRQMDJfSU5TMiIsIlJEUDAzX0lOU1RBTkNFIjoiUkRQMDNfSU5TMyIsIlJvbCI6IlBTIiwiaWF0IjoxNzUxOTU3Nzk4LCJleHAiOjE3NTE5NzU3OTh9.ydgdJt8q2W7IGYnOgvU2JxNRZo-qtdCO37E1b6lk4FQ
1 > Content-Type: application/json; charset=UTF-8
1 > Content-Length: 460
1 > Host: siasis-dev.vercel.app
1 > Connection: Keep-Alive
1 > User-Agent: Apache-HttpClient/4.5.14 (Java/17.0.12)
1 > Accept-Encoding: gzip,deflate
{
  "Nombres": "Marisol Ceferina",
  "Apellidos": "Godoy Villarubia",
  "token": "eyJhbGciOiJIUzI1NiIsInR5cCI6IkpXVCJ9.eyJJRF9Vc3VhcmlvIjoiMTUzNzgzMTciLCJOb21icmVfVXN1YXJpbyI6Im1hcmlzb2xfZ29kb3lfMTUzNyIsIlJEUDAyX0lOU1RBTkNFIjoiUkRQMDJfSU5TMyIsIlJEUDAzX0lOU1RBTkNFIjoiUkRQMDNfSU5TMyIsIlJvbCI6IlBQIiwiaWF0IjoxNzUxOTU3Nzk5LCJleHAiOjE3NTE5NzU3OTl9.s70FU8htsHzpB7dTesanzcSNBhIWu2bmmsD6HuS_SNw",
  "Genero": "F",
  "Google_Drive_Foto_ID": "1p8FC3py693IjnMTa4uINq5lVSb9P3LBc",
  "Rol": "PP"
}


01:56:49.275 [pool-2-thread-3] DEBUG com.intuit.karate - response time in milliseconds: 622
1 < 200
1 < Cache-Control: public, max-age=0, must-revalidate
1 < Content-Type: application/json
1 < Date: Tue, 08 Jul 2025 06:56:39 GMT
1 < Server: Vercel
1 < Strict-Transport-Security: max-age=63072000; includeSubDomains; preload
1 < Vary: RSC, Next-Router-State-Tree, Next-Router-Prefetch, Next-Router-Segment-Prefetch
1 < X-Matched-Path: /api/asistencia-hoy/marcar
1 < X-Vercel-Cache: MISS
1 < X-Vercel-Id: gru1::iad1::kr4zd-1751957799448-4f0f49c4c5a1
1 < Transfer-Encoding: chunked
{
  "success": true,
  "message": "La asistencia ya había sido registrada anteriormente",
  "data": {
    "timestamp": 1751957799561,
    "desfaseSegundos": 3590,
    "esNuevoRegistro": false,
    "esRegistroPropio": false,
    "actorRegistrado": "PP",
    "tipoAsistencia": "personal"
  }
}


01:56:49.279 [pool-2-thread-3] DEBUG c.intuit.karate.core.ScenarioEngine - over-writing existing variable 'loginFeature' with new value: 'classpath:resources/features/login/PersonalAdmin.feature'
01:56:49.282 [pool-2-thread-2] DEBUG com.intuit.karate - response time in milliseconds: 530
1 < 200
1 < Access-Control-Allow-Origin: *
1 < Cache-Control: public, max-age=0, must-revalidate
1 < Content-Length: 522
1 < Content-Type: application/json; charset=utf-8
1 < Date: Tue, 08 Jul 2025 06:56:39 GMT
1 < Etag: W/"20a-uWD4p+ErJegHzh2CFCIIuhsf0Mk"
1 < Server: Vercel
1 < Strict-Transport-Security: max-age=63072000; includeSubDomains; preload
1 < X-Powered-By: Express
1 < X-Vercel-Cache: MISS
1 < X-Vercel-Id: gru1::iad1::bdvft-1751957799546-50e268c4fd72
{
  "success": true,
  "message": "Inicio de sesión exitoso",
  "data": {
    "Apellidos": "Godoy Villarubia",
    "Nombres": "Marisol Ceferina",
    "Rol": "PP",
    "token": "eyJhbGciOiJIUzI1NiIsInR5cCI6IkpXVCJ9.eyJJRF9Vc3VhcmlvIjoiMTUzNzgzMTciLCJOb21icmVfVXN1YXJpbyI6Im1hcmlzb2xfZ29kb3lfMTUzNyIsIlJEUDAyX0lOU1RBTkNFIjoiUkRQMDJfSU5TMSIsIlJEUDAzX0lOU1RBTkNFIjoiUkRQMDNfSU5TMyIsIlJvbCI6IlBQIiwiaWF0IjoxNzUxOTU3Nzk5LCJleHAiOjE3NTE5NzU3OTl9.pWK_yRjtL8GBkXqeDGsfUzXex9mo4hFCZZNhiAv84qE",
    "Google_Drive_Foto_ID": "1p8FC3py693IjnMTa4uINq5lVSb9P3LBc",
    "Genero": "F"
  }
}


01:56:49.282 [pool-2-thread-5] DEBUG com.intuit.karate - response time in milliseconds: 456
1 < 201
1 < Cache-Control: public, max-age=0, must-revalidate
1 < Content-Length: 0
1 < Date: Tue, 08 Jul 2025 06:56:39 GMT
1 < Server: Vercel
1 < Set-Cookie: Nombres=Jose; Max-Age=18000; Path=/; HttpOnly; Secure; SameSite=Lax
1 < Set-Cookie: Apellidos=Centeno%20Diaz; Max-Age=18000; Path=/; HttpOnly; Secure; SameSite=Lax
1 < Set-Cookie: Rol=PA; Max-Age=18000; Path=/; HttpOnly; Secure; SameSite=Lax
1 < Set-Cookie: token=eyJhbGciOiJIUzI1NiIsInR5cCI6IkpXVCJ9.eyJJRF9Vc3VhcmlvIjoiNDE4MDk5MTAiLCJOb21icmVfVXN1YXJpbyI6Impvc2VfY2VudGVub180MTgwIiwiUkRQMDJfSU5TVEFOQ0UiOiJSRFAwMl9JTlMzIiwiUkRQMDNfSU5TVEFOQ0UiOiJSRFAwM19JTlMyIiwiUm9sIjoiUEEiLCJpYXQiOjE3NTE5NTc3OTksImV4cCI6MTc1MTk3NTc5OX0.8z7_9KekTocbl6LmZU3jLtmV0qho2fV77QDIzzOQFZE; Max-Age=18000; Path=/; HttpOnly; Secure; SameSite=Lax
1 < Set-Cookie: Genero=M; Max-Age=18000; Path=/; HttpOnly; Secure; SameSite=Lax
1 < Set-Cookie: Google_Drive_Foto_ID=1Jv0B596JMyZMRO7MFcdXW0nN8AI7hFIe; Max-Age=18000; Path=/; HttpOnly; Secure; SameSite=Lax
1 < Strict-Transport-Security: max-age=63072000; includeSubDomains; preload
1 < Vary: RSC, Next-Router-State-Tree, Next-Router-Prefetch, Next-Router-Segment-Prefetch
1 < X-Matched-Path: /api/auth/login
1 < X-Vercel-Cache: MISS
1 < X-Vercel-Id: gru1::iad1::kr4zd-1751957799629-8010209e9746


01:56:49.282 [pool-2-thread-2] INFO  com.intuit.karate - [print] eyJhbGciOiJIUzI1NiIsInR5cCI6IkpXVCJ9.eyJJRF9Vc3VhcmlvIjoiMTUzNzgzMTciLCJOb21icmVfVXN1YXJpbyI6Im1hcmlzb2xfZ29kb3lfMTUzNyIsIlJEUDAyX0lOU1RBTkNFIjoiUkRQMDJfSU5TMSIsIlJEUDAzX0lOU1RBTkNFIjoiUkRQMDNfSU5TMyIsIlJvbCI6IlBQIiwiaWF0IjoxNzUxOTU3Nzk5LCJleHAiOjE3NTE5NzU3OTl9.pWK_yRjtL8GBkXqeDGsfUzXex9mo4hFCZZNhiAv84qE 
01:56:49.283 [pool-2-thread-2] INFO  com.intuit.karate - [print] PP 
01:56:49.283 [pool-2-thread-5] DEBUG c.intuit.karate.core.ScenarioEngine - over-writing existing variable 'fechaHoraEsperadaISO' with new value: getAdjustedTime()
01:56:49.284 [pool-2-thread-3] DEBUG c.intuit.karate.core.ScenarioEngine - over-writing existing variable 'loginResponse' with new value: call read(loginFeature)
01:56:49.284 [pool-2-thread-2] DEBUG com.intuit.karate - request:
1 > POST https://siasis-dev.vercel.app/api/auth/login
1 > Cookie: Apellidos=Apolinario%20Quispe; Google_Drive_Foto_ID=1Kvyn3lWOxzuURkPFBSGCPHmTshBUXAZg; Nombres=David%20Julian; Genero=M; Rol=PS; token=eyJhbGciOiJIUzI1NiIsInR5cCI6IkpXVCJ9.eyJJRF9Vc3VhcmlvIjoiMTUzNzEwMjgiLCJOb21icmVfVXN1YXJpbyI6ImRhdmlkX2Fwb2xpbmFyaW9fMTUzNyIsIlJEUDAyX0lOU1RBTkNFIjoiUkRQMDJfSU5TMyIsIlJEUDAzX0lOU1RBTkNFIjoiUkRQMDNfSU5TMSIsIlJvbCI6IlBTIiwiaWF0IjoxNzUxOTU3Nzk4LCJleHAiOjE3NTE5NzU3OTh9.4krDM_zVPTLvZXe7duYdWD-U4WFgZnNAaXcux4_yeHk
1 > Content-Type: application/json; charset=UTF-8
1 > Content-Length: 460
1 > Host: siasis-dev.vercel.app
1 > Connection: Keep-Alive
1 > User-Agent: Apache-HttpClient/4.5.14 (Java/17.0.12)
1 > Accept-Encoding: gzip,deflate
{
  "Nombres": "Marisol Ceferina",
  "Apellidos": "Godoy Villarubia",
  "token": "eyJhbGciOiJIUzI1NiIsInR5cCI6IkpXVCJ9.eyJJRF9Vc3VhcmlvIjoiMTUzNzgzMTciLCJOb21icmVfVXN1YXJpbyI6Im1hcmlzb2xfZ29kb3lfMTUzNyIsIlJEUDAyX0lOU1RBTkNFIjoiUkRQMDJfSU5TMSIsIlJEUDAzX0lOU1RBTkNFIjoiUkRQMDNfSU5TMyIsIlJvbCI6IlBQIiwiaWF0IjoxNzUxOTU3Nzk5LCJleHAiOjE3NTE5NzU3OTl9.pWK_yRjtL8GBkXqeDGsfUzXex9mo4hFCZZNhiAv84qE",
  "Genero": "F",
  "Google_Drive_Foto_ID": "1p8FC3py693IjnMTa4uINq5lVSb9P3LBc",
  "Rol": "PP"
}


01:56:49.285 [pool-2-thread-5] DEBUG com.intuit.karate - request:
1 > POST https://siasis-dev.vercel.app/api/asistencia-hoy/marcar
1 > Cookie: Apellidos=Centeno%20Diaz; Google_Drive_Foto_ID=1Jv0B596JMyZMRO7MFcdXW0nN8AI7hFIe; Nombres=Jose; Genero=M; Rol=PA; token=eyJhbGciOiJIUzI1NiIsInR5cCI6IkpXVCJ9.eyJJRF9Vc3VhcmlvIjoiNDE4MDk5MTAiLCJOb21icmVfVXN1YXJpbyI6Impvc2VfY2VudGVub180MTgwIiwiUkRQMDJfSU5TVEFOQ0UiOiJSRFAwMl9JTlMzIiwiUkRQMDNfSU5TVEFOQ0UiOiJSRFAwM19JTlMyIiwiUm9sIjoiUEEiLCJpYXQiOjE3NTE5NTc3OTksImV4cCI6MTc1MTk3NTc5OX0.8z7_9KekTocbl6LmZU3jLtmV0qho2fV77QDIzzOQFZE
1 > Content-Type: application/json; charset=UTF-8
1 > Content-Length: 70
1 > Host: siasis-dev.vercel.app
1 > Connection: Keep-Alive
1 > User-Agent: Apache-HttpClient/4.5.14 (Java/17.0.12)
1 > Accept-Encoding: gzip,deflate
{
  "ModoRegistro": "E",
  "FechaHoraEsperadaISO": "2025-07-08T05:56:49.282Z"
}


01:56:49.292 [pool-2-thread-3] DEBUG com.intuit.karate - request:
1 > POST https://api01-siasis-dev.vercel.app/api/login/personal-administrativo
1 > Cookie: Apellidos=Godoy%20Villarubia; Google_Drive_Foto_ID=1p8FC3py693IjnMTa4uINq5lVSb9P3LBc; Nombres=Marisol%20Ceferina; Genero=F; Rol=PP; token=eyJhbGciOiJIUzI1NiIsInR5cCI6IkpXVCJ9.eyJJRF9Vc3VhcmlvIjoiMTUzNzgzMTciLCJOb21icmVfVXN1YXJpbyI6Im1hcmlzb2xfZ29kb3lfMTUzNyIsIlJEUDAyX0lOU1RBTkNFIjoiUkRQMDJfSU5TMSIsIlJEUDAzX0lOU1RBTkNFIjoiUkRQMDNfSU5TNSIsIlJvbCI6IlBQIiwiaWF0IjoxNzUxOTU3Nzk4LCJleHAiOjE3NTE5NzU3OTh9.ywaHu4RIWW7Or6_QxciT9vdjYdaxA3kcsnkDTubL-Lo
1 > Content-Type: application/json; charset=UTF-8
1 > Content-Length: 63
1 > Host: api01-siasis-dev.vercel.app
1 > Connection: Keep-Alive
1 > User-Agent: Apache-HttpClient/4.5.14 (Java/17.0.12)
1 > Accept-Encoding: gzip,deflate
{
  "Nombre_Usuario": "jose_centeno_4180",
  "Contraseña": "41809910"
}


01:56:49.516 [pool-2-thread-1] DEBUG com.intuit.karate - response time in milliseconds: 662
1 < 200
1 < Cache-Control: public, max-age=0, must-revalidate
1 < Content-Type: application/json
1 < Date: Tue, 08 Jul 2025 06:56:39 GMT
1 < Server: Vercel
1 < Strict-Transport-Security: max-age=63072000; includeSubDomains; preload
1 < Vary: RSC, Next-Router-State-Tree, Next-Router-Prefetch, Next-Router-Segment-Prefetch
1 < X-Matched-Path: /api/asistencia-hoy/marcar
1 < X-Vercel-Cache: MISS
1 < X-Vercel-Id: gru1::iad1::z422j-1751957799656-6eb95234545c
1 < Transfer-Encoding: chunked
{
  "success": true,
  "message": "La asistencia ya había sido registrada anteriormente",
  "data": {
    "timestamp": 1751957799768,
    "desfaseSegundos": 3590,
    "esNuevoRegistro": false,
    "esRegistroPropio": false,
    "actorRegistrado": "PP",
    "tipoAsistencia": "personal"
  }
}


01:56:49.519 [pool-2-thread-1] DEBUG c.intuit.karate.core.ScenarioEngine - over-writing existing variable 'loginFeature' with new value: 'classpath:resources/features/login/PersonalAdmin.feature'
01:56:49.525 [pool-2-thread-1] DEBUG c.intuit.karate.core.ScenarioEngine - over-writing existing variable 'loginResponse' with new value: call read(loginFeature)
01:56:49.526 [pool-2-thread-4] DEBUG com.intuit.karate - response time in milliseconds: 435
1 < 201
1 < Cache-Control: public, max-age=0, must-revalidate
1 < Content-Length: 0
1 < Date: Tue, 08 Jul 2025 06:56:39 GMT
1 < Server: Vercel
1 < Set-Cookie: Nombres=Marisol%20Ceferina; Max-Age=18000; Path=/; HttpOnly; Secure; SameSite=Lax
1 < Set-Cookie: Apellidos=Godoy%20Villarubia; Max-Age=18000; Path=/; HttpOnly; Secure; SameSite=Lax
1 < Set-Cookie: Rol=PP; Max-Age=18000; Path=/; HttpOnly; Secure; SameSite=Lax
1 < Set-Cookie: token=eyJhbGciOiJIUzI1NiIsInR5cCI6IkpXVCJ9.eyJJRF9Vc3VhcmlvIjoiMTUzNzgzMTciLCJOb21icmVfVXN1YXJpbyI6Im1hcmlzb2xfZ29kb3lfMTUzNyIsIlJEUDAyX0lOU1RBTkNFIjoiUkRQMDJfSU5TMyIsIlJEUDAzX0lOU1RBTkNFIjoiUkRQMDNfSU5TMyIsIlJvbCI6IlBQIiwiaWF0IjoxNzUxOTU3Nzk5LCJleHAiOjE3NTE5NzU3OTl9.s70FU8htsHzpB7dTesanzcSNBhIWu2bmmsD6HuS_SNw; Max-Age=18000; Path=/; HttpOnly; Secure; SameSite=Lax
1 < Set-Cookie: Genero=F; Max-Age=18000; Path=/; HttpOnly; Secure; SameSite=Lax
1 < Set-Cookie: Google_Drive_Foto_ID=1p8FC3py693IjnMTa4uINq5lVSb9P3LBc; Max-Age=18000; Path=/; HttpOnly; Secure; SameSite=Lax
1 < Strict-Transport-Security: max-age=63072000; includeSubDomains; preload
1 < Vary: RSC, Next-Router-State-Tree, Next-Router-Prefetch, Next-Router-Segment-Prefetch
1 < X-Matched-Path: /api/auth/login
1 < X-Vercel-Cache: MISS
1 < X-Vercel-Id: gru1::iad1::zdj87-1751957799903-0679312dc6b5


01:56:49.528 [pool-2-thread-4] DEBUG c.intuit.karate.core.ScenarioEngine - over-writing existing variable 'fechaHoraEsperadaISO' with new value: getAdjustedTime()
01:56:49.530 [pool-2-thread-4] DEBUG com.intuit.karate - request:
1 > POST https://siasis-dev.vercel.app/api/asistencia-hoy/marcar
1 > Cookie: Apellidos=Godoy%20Villarubia; Google_Drive_Foto_ID=1p8FC3py693IjnMTa4uINq5lVSb9P3LBc; Nombres=Marisol%20Ceferina; Genero=F; Rol=PP; token=eyJhbGciOiJIUzI1NiIsInR5cCI6IkpXVCJ9.eyJJRF9Vc3VhcmlvIjoiMTUzNzgzMTciLCJOb21icmVfVXN1YXJpbyI6Im1hcmlzb2xfZ29kb3lfMTUzNyIsIlJEUDAyX0lOU1RBTkNFIjoiUkRQMDJfSU5TMyIsIlJEUDAzX0lOU1RBTkNFIjoiUkRQMDNfSU5TMyIsIlJvbCI6IlBQIiwiaWF0IjoxNzUxOTU3Nzk5LCJleHAiOjE3NTE5NzU3OTl9.s70FU8htsHzpB7dTesanzcSNBhIWu2bmmsD6HuS_SNw
1 > Content-Type: application/json; charset=UTF-8
1 > Content-Length: 70
1 > Host: siasis-dev.vercel.app
1 > Connection: Keep-Alive
1 > User-Agent: Apache-HttpClient/4.5.14 (Java/17.0.12)
1 > Accept-Encoding: gzip,deflate
{
  "ModoRegistro": "E",
  "FechaHoraEsperadaISO": "2025-07-08T05:56:49.528Z"
}


01:56:49.533 [pool-2-thread-1] DEBUG com.intuit.karate - request:
1 > POST https://api01-siasis-dev.vercel.app/api/login/personal-administrativo
1 > Cookie: Apellidos=Godoy%20Villarubia; Google_Drive_Foto_ID=1p8FC3py693IjnMTa4uINq5lVSb9P3LBc; Nombres=Marisol%20Ceferina; Genero=F; Rol=PP; token=eyJhbGciOiJIUzI1NiIsInR5cCI6IkpXVCJ9.eyJJRF9Vc3VhcmlvIjoiMTUzNzgzMTciLCJOb21icmVfVXN1YXJpbyI6Im1hcmlzb2xfZ29kb3lfMTUzNyIsIlJEUDAyX0lOU1RBTkNFIjoiUkRQMDJfSU5TMyIsIlJEUDAzX0lOU1RBTkNFIjoiUkRQMDNfSU5TMiIsIlJvbCI6IlBQIiwiaWF0IjoxNzUxOTU3Nzk4LCJleHAiOjE3NTE5NzU3OTh9.uQ9zJf0L3UQUMm7Lx6X9yshER9IWBVLhC0uGjLP3oSk
1 > Content-Type: application/json; charset=UTF-8
1 > Content-Length: 63
1 > Host: api01-siasis-dev.vercel.app
1 > Connection: Keep-Alive
1 > User-Agent: Apache-HttpClient/4.5.14 (Java/17.0.12)
1 > Accept-Encoding: gzip,deflate
{
  "Nombre_Usuario": "jose_centeno_4180",
  "Contraseña": "41809910"
}


01:56:49.761 [pool-2-thread-2] DEBUG com.intuit.karate - response time in milliseconds: 476
1 < 201
1 < Cache-Control: public, max-age=0, must-revalidate
1 < Content-Length: 0
1 < Date: Tue, 08 Jul 2025 06:56:40 GMT
1 < Server: Vercel
1 < Set-Cookie: Nombres=Marisol%20Ceferina; Max-Age=18000; Path=/; HttpOnly; Secure; SameSite=Lax
1 < Set-Cookie: Apellidos=Godoy%20Villarubia; Max-Age=18000; Path=/; HttpOnly; Secure; SameSite=Lax
1 < Set-Cookie: Rol=PP; Max-Age=18000; Path=/; HttpOnly; Secure; SameSite=Lax
1 < Set-Cookie: token=eyJhbGciOiJIUzI1NiIsInR5cCI6IkpXVCJ9.eyJJRF9Vc3VhcmlvIjoiMTUzNzgzMTciLCJOb21icmVfVXN1YXJpbyI6Im1hcmlzb2xfZ29kb3lfMTUzNyIsIlJEUDAyX0lOU1RBTkNFIjoiUkRQMDJfSU5TMSIsIlJEUDAzX0lOU1RBTkNFIjoiUkRQMDNfSU5TMyIsIlJvbCI6IlBQIiwiaWF0IjoxNzUxOTU3Nzk5LCJleHAiOjE3NTE5NzU3OTl9.pWK_yRjtL8GBkXqeDGsfUzXex9mo4hFCZZNhiAv84qE; Max-Age=18000; Path=/; HttpOnly; Secure; SameSite=Lax
1 < Set-Cookie: Genero=F; Max-Age=18000; Path=/; HttpOnly; Secure; SameSite=Lax
1 < Set-Cookie: Google_Drive_Foto_ID=1p8FC3py693IjnMTa4uINq5lVSb9P3LBc; Max-Age=18000; Path=/; HttpOnly; Secure; SameSite=Lax
1 < Strict-Transport-Security: max-age=63072000; includeSubDomains; preload
1 < Vary: RSC, Next-Router-State-Tree, Next-Router-Prefetch, Next-Router-Segment-Prefetch
1 < X-Matched-Path: /api/auth/login
1 < X-Vercel-Cache: MISS
1 < X-Vercel-Id: gru1::iad1::zdj87-1751957800139-9244e81cfba4


01:56:49.762 [pool-2-thread-2] DEBUG c.intuit.karate.core.ScenarioEngine - over-writing existing variable 'fechaHoraEsperadaISO' with new value: getAdjustedTime()
01:56:49.765 [pool-2-thread-2] DEBUG com.intuit.karate - request:
1 > POST https://siasis-dev.vercel.app/api/asistencia-hoy/marcar
1 > Cookie: Apellidos=Godoy%20Villarubia; Google_Drive_Foto_ID=1p8FC3py693IjnMTa4uINq5lVSb9P3LBc; Nombres=Marisol%20Ceferina; Genero=F; Rol=PP; token=eyJhbGciOiJIUzI1NiIsInR5cCI6IkpXVCJ9.eyJJRF9Vc3VhcmlvIjoiMTUzNzgzMTciLCJOb21icmVfVXN1YXJpbyI6Im1hcmlzb2xfZ29kb3lfMTUzNyIsIlJEUDAyX0lOU1RBTkNFIjoiUkRQMDJfSU5TMSIsIlJEUDAzX0lOU1RBTkNFIjoiUkRQMDNfSU5TMyIsIlJvbCI6IlBQIiwiaWF0IjoxNzUxOTU3Nzk5LCJleHAiOjE3NTE5NzU3OTl9.pWK_yRjtL8GBkXqeDGsfUzXex9mo4hFCZZNhiAv84qE
1 > Content-Type: application/json; charset=UTF-8
1 > Content-Length: 70
1 > Host: siasis-dev.vercel.app
1 > Connection: Keep-Alive
1 > User-Agent: Apache-HttpClient/4.5.14 (Java/17.0.12)
1 > Accept-Encoding: gzip,deflate
{
  "ModoRegistro": "E",
  "FechaHoraEsperadaISO": "2025-07-08T05:56:49.763Z"
}


01:56:49.875 [pool-2-thread-3] DEBUG com.intuit.karate - response time in milliseconds: 582
1 < 200
1 < Access-Control-Allow-Origin: *
1 < Cache-Control: public, max-age=0, must-revalidate
1 < Content-Length: 505
1 < Content-Type: application/json; charset=utf-8
1 < Date: Tue, 08 Jul 2025 06:56:40 GMT
1 < Etag: W/"1f9-qwRduZTp0RpVPYLVM0StzLyp7Xc"
1 < Server: Vercel
1 < Strict-Transport-Security: max-age=63072000; includeSubDomains; preload
1 < X-Powered-By: Express
1 < X-Vercel-Cache: MISS
1 < X-Vercel-Id: gru1::iad1::kr4zd-1751957800139-8e070276dab4
{
  "success": true,
  "message": "Inicio de sesión exitoso",
  "data": {
    "Apellidos": "Centeno Diaz",
    "Nombres": "Jose",
    "Rol": "PA",
    "token": "eyJhbGciOiJIUzI1NiIsInR5cCI6IkpXVCJ9.eyJJRF9Vc3VhcmlvIjoiNDE4MDk5MTAiLCJOb21icmVfVXN1YXJpbyI6Impvc2VfY2VudGVub180MTgwIiwiUkRQMDJfSU5TVEFOQ0UiOiJSRFAwMl9JTlMzIiwiUkRQMDNfSU5TVEFOQ0UiOiJSRFAwM19JTlMzIiwiUm9sIjoiUEEiLCJpYXQiOjE3NTE5NTc4MDAsImV4cCI6MTc1MTk3NTgwMH0.DaCrg2TbUitZV-ZVaYUndc0vCkDsO-w0r5xaqjIgK_4",
    "Google_Drive_Foto_ID": "1sU6Vjh0xUDJ3oT2Za_t41Q1QqUte2bHy",
    "Genero": "M"
  }
}


01:56:49.876 [pool-2-thread-3] INFO  com.intuit.karate - [print] eyJhbGciOiJIUzI1NiIsInR5cCI6IkpXVCJ9.eyJJRF9Vc3VhcmlvIjoiNDE4MDk5MTAiLCJOb21icmVfVXN1YXJpbyI6Impvc2VfY2VudGVub180MTgwIiwiUkRQMDJfSU5TVEFOQ0UiOiJSRFAwMl9JTlMzIiwiUkRQMDNfSU5TVEFOQ0UiOiJSRFAwM19JTlMzIiwiUm9sIjoiUEEiLCJpYXQiOjE3NTE5NTc4MDAsImV4cCI6MTc1MTk3NTgwMH0.DaCrg2TbUitZV-ZVaYUndc0vCkDsO-w0r5xaqjIgK_4 
01:56:49.876 [pool-2-thread-3] INFO  com.intuit.karate - [print] PA 
01:56:49.879 [pool-2-thread-3] DEBUG com.intuit.karate - request:
1 > POST https://siasis-dev.vercel.app/api/auth/login
1 > Cookie: Apellidos=Godoy%20Villarubia; Google_Drive_Foto_ID=1p8FC3py693IjnMTa4uINq5lVSb9P3LBc; Nombres=Marisol%20Ceferina; Genero=F; Rol=PP; token=eyJhbGciOiJIUzI1NiIsInR5cCI6IkpXVCJ9.eyJJRF9Vc3VhcmlvIjoiMTUzNzgzMTciLCJOb21icmVfVXN1YXJpbyI6Im1hcmlzb2xfZ29kb3lfMTUzNyIsIlJEUDAyX0lOU1RBTkNFIjoiUkRQMDJfSU5TMSIsIlJEUDAzX0lOU1RBTkNFIjoiUkRQMDNfSU5TNSIsIlJvbCI6IlBQIiwiaWF0IjoxNzUxOTU3Nzk4LCJleHAiOjE3NTE5NzU3OTh9.ywaHu4RIWW7Or6_QxciT9vdjYdaxA3kcsnkDTubL-Lo
1 > Content-Type: application/json; charset=UTF-8
1 > Content-Length: 443
1 > Host: siasis-dev.vercel.app
1 > Connection: Keep-Alive
1 > User-Agent: Apache-HttpClient/4.5.14 (Java/17.0.12)
1 > Accept-Encoding: gzip,deflate
{
  "Nombres": "Jose",
  "Apellidos": "Centeno Diaz",
  "token": "eyJhbGciOiJIUzI1NiIsInR5cCI6IkpXVCJ9.eyJJRF9Vc3VhcmlvIjoiNDE4MDk5MTAiLCJOb21icmVfVXN1YXJpbyI6Impvc2VfY2VudGVub180MTgwIiwiUkRQMDJfSU5TVEFOQ0UiOiJSRFAwMl9JTlMzIiwiUkRQMDNfSU5TVEFOQ0UiOiJSRFAwM19JTlMzIiwiUm9sIjoiUEEiLCJpYXQiOjE3NTE5NTc4MDAsImV4cCI6MTc1MTk3NTgwMH0.DaCrg2TbUitZV-ZVaYUndc0vCkDsO-w0r5xaqjIgK_4",
  "Genero": "M",
  "Google_Drive_Foto_ID": "1sU6Vjh0xUDJ3oT2Za_t41Q1QqUte2bHy",
  "Rol": "PA"
}


01:56:49.936 [pool-2-thread-5] DEBUG com.intuit.karate - response time in milliseconds: 649
1 < 200
1 < Cache-Control: public, max-age=0, must-revalidate
1 < Content-Type: application/json
1 < Date: Tue, 08 Jul 2025 06:56:40 GMT
1 < Server: Vercel
1 < Strict-Transport-Security: max-age=63072000; includeSubDomains; preload
1 < Vary: RSC, Next-Router-State-Tree, Next-Router-Prefetch, Next-Router-Segment-Prefetch
1 < X-Matched-Path: /api/asistencia-hoy/marcar
1 < X-Vercel-Cache: MISS
1 < X-Vercel-Id: gru1::iad1::kr4zd-1751957800144-90fb2b06be5b
1 < Transfer-Encoding: chunked
{
  "success": true,
  "message": "La asistencia ya había sido registrada anteriormente",
  "data": {
    "timestamp": 1751957800266,
    "desfaseSegundos": 3590,
    "esNuevoRegistro": false,
    "esRegistroPropio": false,
    "actorRegistrado": "PA",
    "tipoAsistencia": "personal"
  }
}


01:56:49.939 [pool-2-thread-5] DEBUG c.intuit.karate.core.ScenarioEngine - over-writing existing variable 'loginFeature' with new value: 'classpath:resources/features/login/Directivo.feature'
01:56:49.944 [pool-2-thread-5] DEBUG c.intuit.karate.core.ScenarioEngine - over-writing existing variable 'loginResponse' with new value: call read(loginFeature)
01:56:49.950 [pool-2-thread-5] DEBUG com.intuit.karate - request:
1 > POST https://api01-siasis-dev.vercel.app/api/login/directivo
1 > Cookie: Apellidos=Centeno%20Diaz; Google_Drive_Foto_ID=1Jv0B596JMyZMRO7MFcdXW0nN8AI7hFIe; Nombres=Jose; Genero=M; Rol=PA; token=eyJhbGciOiJIUzI1NiIsInR5cCI6IkpXVCJ9.eyJJRF9Vc3VhcmlvIjoiNDE4MDk5MTAiLCJOb21icmVfVXN1YXJpbyI6Impvc2VfY2VudGVub180MTgwIiwiUkRQMDJfSU5TVEFOQ0UiOiJSRFAwMl9JTlMzIiwiUkRQMDNfSU5TVEFOQ0UiOiJSRFAwM19JTlMyIiwiUm9sIjoiUEEiLCJpYXQiOjE3NTE5NTc3OTksImV4cCI6MTc1MTk3NTc5OX0.8z7_9KekTocbl6LmZU3jLtmV0qho2fV77QDIzzOQFZE
1 > Content-Type: application/json; charset=UTF-8
1 > Content-Length: 64
1 > Host: api01-siasis-dev.vercel.app
1 > Connection: Keep-Alive
1 > User-Agent: Apache-HttpClient/4.5.14 (Java/17.0.12)
1 > Accept-Encoding: gzip,deflate
{
  "Nombre_Usuario": "director.asuncion8",
  "Contraseña": "15430124"
}


01:56:50.072 [pool-2-thread-1] DEBUG com.intuit.karate - response time in milliseconds: 537
1 < 200
1 < Access-Control-Allow-Origin: *
1 < Cache-Control: public, max-age=0, must-revalidate
1 < Content-Length: 505
1 < Content-Type: application/json; charset=utf-8
1 < Date: Tue, 08 Jul 2025 06:56:40 GMT
1 < Etag: W/"1f9-dvG4UxivhOLSX6g1jUIS5YfCFjU"
1 < Server: Vercel
1 < Strict-Transport-Security: max-age=63072000; includeSubDomains; preload
1 < X-Powered-By: Express
1 < X-Vercel-Cache: MISS
1 < X-Vercel-Id: gru1::iad1::bsmv9-1751957800342-ac921f60bd89
{
  "success": true,
  "message": "Inicio de sesión exitoso",
  "data": {
    "Apellidos": "Centeno Diaz",
    "Nombres": "Jose",
    "Rol": "PA",
    "token": "eyJhbGciOiJIUzI1NiIsInR5cCI6IkpXVCJ9.eyJJRF9Vc3VhcmlvIjoiNDE4MDk5MTAiLCJOb21icmVfVXN1YXJpbyI6Impvc2VfY2VudGVub180MTgwIiwiUkRQMDJfSU5TVEFOQ0UiOiJSRFAwMl9JTlMzIiwiUkRQMDNfSU5TVEFOQ0UiOiJSRFAwM19JTlM1IiwiUm9sIjoiUEEiLCJpYXQiOjE3NTE5NTc4MDAsImV4cCI6MTc1MTk3NTgwMH0.vmQD3sbDg-ubEICQHRKfjUE4od885X_QbDQu6h3kC2w",
    "Google_Drive_Foto_ID": "1Jv0B596JMyZMRO7MFcdXW0nN8AI7hFIe",
    "Genero": "M"
  }
}


01:56:50.073 [pool-2-thread-1] INFO  com.intuit.karate - [print] eyJhbGciOiJIUzI1NiIsInR5cCI6IkpXVCJ9.eyJJRF9Vc3VhcmlvIjoiNDE4MDk5MTAiLCJOb21icmVfVXN1YXJpbyI6Impvc2VfY2VudGVub180MTgwIiwiUkRQMDJfSU5TVEFOQ0UiOiJSRFAwMl9JTlMzIiwiUkRQMDNfSU5TVEFOQ0UiOiJSRFAwM19JTlM1IiwiUm9sIjoiUEEiLCJpYXQiOjE3NTE5NTc4MDAsImV4cCI6MTc1MTk3NTgwMH0.vmQD3sbDg-ubEICQHRKfjUE4od885X_QbDQu6h3kC2w 
01:56:50.073 [pool-2-thread-1] INFO  com.intuit.karate - [print] PA 
01:56:50.075 [pool-2-thread-1] DEBUG com.intuit.karate - request:
1 > POST https://siasis-dev.vercel.app/api/auth/login
1 > Cookie: Apellidos=Godoy%20Villarubia; Google_Drive_Foto_ID=1p8FC3py693IjnMTa4uINq5lVSb9P3LBc; Nombres=Marisol%20Ceferina; Genero=F; Rol=PP; token=eyJhbGciOiJIUzI1NiIsInR5cCI6IkpXVCJ9.eyJJRF9Vc3VhcmlvIjoiMTUzNzgzMTciLCJOb21icmVfVXN1YXJpbyI6Im1hcmlzb2xfZ29kb3lfMTUzNyIsIlJEUDAyX0lOU1RBTkNFIjoiUkRQMDJfSU5TMyIsIlJEUDAzX0lOU1RBTkNFIjoiUkRQMDNfSU5TMiIsIlJvbCI6IlBQIiwiaWF0IjoxNzUxOTU3Nzk4LCJleHAiOjE3NTE5NzU3OTh9.uQ9zJf0L3UQUMm7Lx6X9yshER9IWBVLhC0uGjLP3oSk
1 > Content-Type: application/json; charset=UTF-8
1 > Content-Length: 443
1 > Host: siasis-dev.vercel.app
1 > Connection: Keep-Alive
1 > User-Agent: Apache-HttpClient/4.5.14 (Java/17.0.12)
1 > Accept-Encoding: gzip,deflate
{
  "Nombres": "Jose",
  "Apellidos": "Centeno Diaz",
  "token": "eyJhbGciOiJIUzI1NiIsInR5cCI6IkpXVCJ9.eyJJRF9Vc3VhcmlvIjoiNDE4MDk5MTAiLCJOb21icmVfVXN1YXJpbyI6Impvc2VfY2VudGVub180MTgwIiwiUkRQMDJfSU5TVEFOQ0UiOiJSRFAwMl9JTlMzIiwiUkRQMDNfSU5TVEFOQ0UiOiJSRFAwM19JTlM1IiwiUm9sIjoiUEEiLCJpYXQiOjE3NTE5NTc4MDAsImV4cCI6MTc1MTk3NTgwMH0.vmQD3sbDg-ubEICQHRKfjUE4od885X_QbDQu6h3kC2w",
  "Genero": "M",
  "Google_Drive_Foto_ID": "1Jv0B596JMyZMRO7MFcdXW0nN8AI7hFIe",
  "Rol": "PA"
}


01:56:50.125 [pool-2-thread-4] DEBUG com.intuit.karate - response time in milliseconds: 593
1 < 200
1 < Cache-Control: public, max-age=0, must-revalidate
1 < Content-Type: application/json
1 < Date: Tue, 08 Jul 2025 06:56:40 GMT
1 < Server: Vercel
1 < Strict-Transport-Security: max-age=63072000; includeSubDomains; preload
1 < Vary: RSC, Next-Router-State-Tree, Next-Router-Prefetch, Next-Router-Segment-Prefetch
1 < X-Matched-Path: /api/asistencia-hoy/marcar
1 < X-Vercel-Cache: MISS
1 < X-Vercel-Id: gru1::iad1::lw4h4-1751957800342-b2db931195f7
1 < Transfer-Encoding: chunked
{
  "success": true,
  "message": "La asistencia ya había sido registrada anteriormente",
  "data": {
    "timestamp": 1751957800456,
    "desfaseSegundos": 3590,
    "esNuevoRegistro": false,
    "esRegistroPropio": false,
    "actorRegistrado": "PP",
    "tipoAsistencia": "personal"
  }
}


01:56:50.129 [pool-2-thread-4] DEBUG c.intuit.karate.core.ScenarioEngine - over-writing existing variable 'loginFeature' with new value: 'classpath:resources/features/login/PersonalAdmin.feature'
01:56:50.135 [pool-2-thread-4] DEBUG c.intuit.karate.core.ScenarioEngine - over-writing existing variable 'loginResponse' with new value: call read(loginFeature)
01:56:50.142 [pool-2-thread-4] DEBUG com.intuit.karate - request:
1 > POST https://api01-siasis-dev.vercel.app/api/login/personal-administrativo
1 > Cookie: Apellidos=Godoy%20Villarubia; Google_Drive_Foto_ID=1p8FC3py693IjnMTa4uINq5lVSb9P3LBc; Nombres=Marisol%20Ceferina; Genero=F; Rol=PP; token=eyJhbGciOiJIUzI1NiIsInR5cCI6IkpXVCJ9.eyJJRF9Vc3VhcmlvIjoiMTUzNzgzMTciLCJOb21icmVfVXN1YXJpbyI6Im1hcmlzb2xfZ29kb3lfMTUzNyIsIlJEUDAyX0lOU1RBTkNFIjoiUkRQMDJfSU5TMyIsIlJEUDAzX0lOU1RBTkNFIjoiUkRQMDNfSU5TMyIsIlJvbCI6IlBQIiwiaWF0IjoxNzUxOTU3Nzk5LCJleHAiOjE3NTE5NzU3OTl9.s70FU8htsHzpB7dTesanzcSNBhIWu2bmmsD6HuS_SNw
1 > Content-Type: application/json; charset=UTF-8
1 > Content-Length: 63
1 > Host: api01-siasis-dev.vercel.app
1 > Connection: Keep-Alive
1 > User-Agent: Apache-HttpClient/4.5.14 (Java/17.0.12)
1 > Accept-Encoding: gzip,deflate
{
  "Nombre_Usuario": "jose_centeno_4180",
  "Contraseña": "41809910"
}


01:56:50.294 [pool-2-thread-3] DEBUG com.intuit.karate - response time in milliseconds: 414
1 < 201
1 < Cache-Control: public, max-age=0, must-revalidate
1 < Content-Length: 0
1 < Date: Tue, 08 Jul 2025 06:56:40 GMT
1 < Server: Vercel
1 < Set-Cookie: Nombres=Jose; Max-Age=18000; Path=/; HttpOnly; Secure; SameSite=Lax
1 < Set-Cookie: Apellidos=Centeno%20Diaz; Max-Age=18000; Path=/; HttpOnly; Secure; SameSite=Lax
1 < Set-Cookie: Rol=PA; Max-Age=18000; Path=/; HttpOnly; Secure; SameSite=Lax
1 < Set-Cookie: token=eyJhbGciOiJIUzI1NiIsInR5cCI6IkpXVCJ9.eyJJRF9Vc3VhcmlvIjoiNDE4MDk5MTAiLCJOb21icmVfVXN1YXJpbyI6Impvc2VfY2VudGVub180MTgwIiwiUkRQMDJfSU5TVEFOQ0UiOiJSRFAwMl9JTlMzIiwiUkRQMDNfSU5TVEFOQ0UiOiJSRFAwM19JTlMzIiwiUm9sIjoiUEEiLCJpYXQiOjE3NTE5NTc4MDAsImV4cCI6MTc1MTk3NTgwMH0.DaCrg2TbUitZV-ZVaYUndc0vCkDsO-w0r5xaqjIgK_4; Max-Age=18000; Path=/; HttpOnly; Secure; SameSite=Lax
1 < Set-Cookie: Genero=M; Max-Age=18000; Path=/; HttpOnly; Secure; SameSite=Lax
1 < Set-Cookie: Google_Drive_Foto_ID=1sU6Vjh0xUDJ3oT2Za_t41Q1QqUte2bHy; Max-Age=18000; Path=/; HttpOnly; Secure; SameSite=Lax
1 < Strict-Transport-Security: max-age=63072000; includeSubDomains; preload
1 < Vary: RSC, Next-Router-State-Tree, Next-Router-Prefetch, Next-Router-Segment-Prefetch
1 < X-Matched-Path: /api/auth/login
1 < X-Vercel-Cache: MISS
1 < X-Vercel-Id: gru1::iad1::kr4zd-1751957800679-863a5742593c


01:56:50.294 [pool-2-thread-3] DEBUG c.intuit.karate.core.ScenarioEngine - over-writing existing variable 'fechaHoraEsperadaISO' with new value: getAdjustedTime()
01:56:50.296 [pool-2-thread-3] DEBUG com.intuit.karate - request:
1 > POST https://siasis-dev.vercel.app/api/asistencia-hoy/marcar
1 > Cookie: Apellidos=Centeno%20Diaz; Google_Drive_Foto_ID=1sU6Vjh0xUDJ3oT2Za_t41Q1QqUte2bHy; Nombres=Jose; Genero=M; Rol=PA; token=eyJhbGciOiJIUzI1NiIsInR5cCI6IkpXVCJ9.eyJJRF9Vc3VhcmlvIjoiNDE4MDk5MTAiLCJOb21icmVfVXN1YXJpbyI6Impvc2VfY2VudGVub180MTgwIiwiUkRQMDJfSU5TVEFOQ0UiOiJSRFAwMl9JTlMzIiwiUkRQMDNfSU5TVEFOQ0UiOiJSRFAwM19JTlMzIiwiUm9sIjoiUEEiLCJpYXQiOjE3NTE5NTc4MDAsImV4cCI6MTc1MTk3NTgwMH0.DaCrg2TbUitZV-ZVaYUndc0vCkDsO-w0r5xaqjIgK_4
1 > Content-Type: application/json; charset=UTF-8
1 > Content-Length: 70
1 > Host: siasis-dev.vercel.app
1 > Connection: Keep-Alive
1 > User-Agent: Apache-HttpClient/4.5.14 (Java/17.0.12)
1 > Accept-Encoding: gzip,deflate
{
  "ModoRegistro": "E",
  "FechaHoraEsperadaISO": "2025-07-08T05:56:50.295Z"
}


01:56:50.336 [pool-2-thread-2] DEBUG com.intuit.karate - response time in milliseconds: 570
1 < 200
1 < Cache-Control: public, max-age=0, must-revalidate
1 < Content-Type: application/json
1 < Date: Tue, 08 Jul 2025 06:56:40 GMT
1 < Server: Vercel
1 < Strict-Transport-Security: max-age=63072000; includeSubDomains; preload
1 < Vary: RSC, Next-Router-State-Tree, Next-Router-Prefetch, Next-Router-Segment-Prefetch
1 < X-Matched-Path: /api/asistencia-hoy/marcar
1 < X-Vercel-Cache: MISS
1 < X-Vercel-Id: gru1::iad1::zpjsk-1751957800562-bf4d9c6d0654
1 < Transfer-Encoding: chunked
{
  "success": true,
  "message": "La asistencia ya había sido registrada anteriormente",
  "data": {
    "timestamp": 1751957800670,
    "desfaseSegundos": 3590,
    "esNuevoRegistro": false,
    "esRegistroPropio": false,
    "actorRegistrado": "PP",
    "tipoAsistencia": "personal"
  }
}


01:56:50.339 [pool-2-thread-2] DEBUG c.intuit.karate.core.ScenarioEngine - over-writing existing variable 'loginFeature' with new value: 'classpath:resources/features/login/PersonalAdmin.feature'
01:56:50.342 [pool-2-thread-2] DEBUG c.intuit.karate.core.ScenarioEngine - over-writing existing variable 'loginResponse' with new value: call read(loginFeature)
01:56:50.348 [pool-2-thread-2] DEBUG com.intuit.karate - request:
1 > POST https://api01-siasis-dev.vercel.app/api/login/personal-administrativo
1 > Cookie: Apellidos=Godoy%20Villarubia; Google_Drive_Foto_ID=1p8FC3py693IjnMTa4uINq5lVSb9P3LBc; Nombres=Marisol%20Ceferina; Genero=F; Rol=PP; token=eyJhbGciOiJIUzI1NiIsInR5cCI6IkpXVCJ9.eyJJRF9Vc3VhcmlvIjoiMTUzNzgzMTciLCJOb21icmVfVXN1YXJpbyI6Im1hcmlzb2xfZ29kb3lfMTUzNyIsIlJEUDAyX0lOU1RBTkNFIjoiUkRQMDJfSU5TMSIsIlJEUDAzX0lOU1RBTkNFIjoiUkRQMDNfSU5TMyIsIlJvbCI6IlBQIiwiaWF0IjoxNzUxOTU3Nzk5LCJleHAiOjE3NTE5NzU3OTl9.pWK_yRjtL8GBkXqeDGsfUzXex9mo4hFCZZNhiAv84qE
1 > Content-Type: application/json; charset=UTF-8
1 > Content-Length: 63
1 > Host: api01-siasis-dev.vercel.app
1 > Connection: Keep-Alive
1 > User-Agent: Apache-HttpClient/4.5.14 (Java/17.0.12)
1 > Accept-Encoding: gzip,deflate
{
  "Nombre_Usuario": "jose_centeno_4180",
  "Contraseña": "41809910"
}


01:56:50.529 [pool-2-thread-1] DEBUG com.intuit.karate - response time in milliseconds: 453
1 < 201
1 < Cache-Control: public, max-age=0, must-revalidate
1 < Content-Length: 0
1 < Date: Tue, 08 Jul 2025 06:56:40 GMT
1 < Server: Vercel
1 < Set-Cookie: Nombres=Jose; Max-Age=18000; Path=/; HttpOnly; Secure; SameSite=Lax
1 < Set-Cookie: Apellidos=Centeno%20Diaz; Max-Age=18000; Path=/; HttpOnly; Secure; SameSite=Lax
1 < Set-Cookie: Rol=PA; Max-Age=18000; Path=/; HttpOnly; Secure; SameSite=Lax
1 < Set-Cookie: token=eyJhbGciOiJIUzI1NiIsInR5cCI6IkpXVCJ9.eyJJRF9Vc3VhcmlvIjoiNDE4MDk5MTAiLCJOb21icmVfVXN1YXJpbyI6Impvc2VfY2VudGVub180MTgwIiwiUkRQMDJfSU5TVEFOQ0UiOiJSRFAwMl9JTlMzIiwiUkRQMDNfSU5TVEFOQ0UiOiJSRFAwM19JTlM1IiwiUm9sIjoiUEEiLCJpYXQiOjE3NTE5NTc4MDAsImV4cCI6MTc1MTk3NTgwMH0.vmQD3sbDg-ubEICQHRKfjUE4od885X_QbDQu6h3kC2w; Max-Age=18000; Path=/; HttpOnly; Secure; SameSite=Lax
1 < Set-Cookie: Genero=M; Max-Age=18000; Path=/; HttpOnly; Secure; SameSite=Lax
1 < Set-Cookie: Google_Drive_Foto_ID=1Jv0B596JMyZMRO7MFcdXW0nN8AI7hFIe; Max-Age=18000; Path=/; HttpOnly; Secure; SameSite=Lax
1 < Strict-Transport-Security: max-age=63072000; includeSubDomains; preload
1 < Vary: RSC, Next-Router-State-Tree, Next-Router-Prefetch, Next-Router-Segment-Prefetch
1 < X-Matched-Path: /api/auth/login
1 < X-Vercel-Cache: MISS
1 < X-Vercel-Id: gru1::iad1::zjqsx-1751957800872-cb36e4064e62


01:56:50.529 [pool-2-thread-5] DEBUG com.intuit.karate - response time in milliseconds: 577
1 < 200
1 < Access-Control-Allow-Origin: *
1 < Cache-Control: public, max-age=0, must-revalidate
1 < Content-Length: 509
1 < Content-Type: application/json; charset=utf-8
1 < Date: Tue, 08 Jul 2025 06:56:40 GMT
1 < Etag: W/"1fd-9Rq4L4qKW8Sdj7udTMnPMVHApcc"
1 < Server: Vercel
1 < Strict-Transport-Security: max-age=63072000; includeSubDomains; preload
1 < X-Powered-By: Express
1 < X-Vercel-Cache: MISS
1 < X-Vercel-Id: gru1::iad1::9l8f7-1751957800747-53f06e8c7c38
{
  "success": true,
  "message": "Inicio de sesión exitoso",
  "data": {
    "Apellidos": "Cullanco Espilco",
    "Nombres": "Elena Serafina",
    "Rol": "D",
    "token": "eyJhbGciOiJIUzI1NiIsInR5cCI6IkpXVCJ9.eyJJRF9Vc3VhcmlvIjoiMSIsIk5vbWJyZV9Vc3VhcmlvIjoiZGlyZWN0b3IuYXN1bmNpb244IiwiUkRQMDJfSU5TVEFOQ0UiOiJSRFAwMl9JTlMyIiwiUkRQMDNfSU5TVEFOQ0UiOiJSRFAwM19JTlM0IiwiUm9sIjoiRCIsImlhdCI6MTc1MTk1NzgwMCwiZXhwIjoxNzUxOTc1ODAwfQ.cdMrv8FLhGXei5hW4yKwz5uAmE-ebr7-om1Z3RxSYEs",
    "Google_Drive_Foto_ID": "1pMkv-ba_T2mBKxjp_zBTZtgWEjwxPxdu",
    "Genero": "F"
  }
}


01:56:50.529 [pool-2-thread-1] DEBUG c.intuit.karate.core.ScenarioEngine - over-writing existing variable 'fechaHoraEsperadaISO' with new value: getAdjustedTime()
01:56:50.530 [pool-2-thread-5] INFO  com.intuit.karate - [print] eyJhbGciOiJIUzI1NiIsInR5cCI6IkpXVCJ9.eyJJRF9Vc3VhcmlvIjoiMSIsIk5vbWJyZV9Vc3VhcmlvIjoiZGlyZWN0b3IuYXN1bmNpb244IiwiUkRQMDJfSU5TVEFOQ0UiOiJSRFAwMl9JTlMyIiwiUkRQMDNfSU5TVEFOQ0UiOiJSRFAwM19JTlM0IiwiUm9sIjoiRCIsImlhdCI6MTc1MTk1NzgwMCwiZXhwIjoxNzUxOTc1ODAwfQ.cdMrv8FLhGXei5hW4yKwz5uAmE-ebr7-om1Z3RxSYEs 
01:56:50.531 [pool-2-thread-5] INFO  com.intuit.karate - [print] D 
01:56:50.531 [pool-2-thread-1] DEBUG com.intuit.karate - request:
1 > POST https://siasis-dev.vercel.app/api/asistencia-hoy/marcar
1 > Cookie: Apellidos=Centeno%20Diaz; Google_Drive_Foto_ID=1Jv0B596JMyZMRO7MFcdXW0nN8AI7hFIe; Nombres=Jose; Genero=M; Rol=PA; token=eyJhbGciOiJIUzI1NiIsInR5cCI6IkpXVCJ9.eyJJRF9Vc3VhcmlvIjoiNDE4MDk5MTAiLCJOb21icmVfVXN1YXJpbyI6Impvc2VfY2VudGVub180MTgwIiwiUkRQMDJfSU5TVEFOQ0UiOiJSRFAwMl9JTlMzIiwiUkRQMDNfSU5TVEFOQ0UiOiJSRFAwM19JTlM1IiwiUm9sIjoiUEEiLCJpYXQiOjE3NTE5NTc4MDAsImV4cCI6MTc1MTk3NTgwMH0.vmQD3sbDg-ubEICQHRKfjUE4od885X_QbDQu6h3kC2w
1 > Content-Type: application/json; charset=UTF-8
1 > Content-Length: 70
1 > Host: siasis-dev.vercel.app
1 > Connection: Keep-Alive
1 > User-Agent: Apache-HttpClient/4.5.14 (Java/17.0.12)
1 > Accept-Encoding: gzip,deflate
{
  "ModoRegistro": "E",
  "FechaHoraEsperadaISO": "2025-07-08T05:56:50.529Z"
}


01:56:50.532 [pool-2-thread-5] DEBUG com.intuit.karate - request:
1 > POST https://siasis-dev.vercel.app/api/auth/login
1 > Cookie: Apellidos=Centeno%20Diaz; Google_Drive_Foto_ID=1Jv0B596JMyZMRO7MFcdXW0nN8AI7hFIe; Nombres=Jose; Genero=M; Rol=PA; token=eyJhbGciOiJIUzI1NiIsInR5cCI6IkpXVCJ9.eyJJRF9Vc3VhcmlvIjoiNDE4MDk5MTAiLCJOb21icmVfVXN1YXJpbyI6Impvc2VfY2VudGVub180MTgwIiwiUkRQMDJfSU5TVEFOQ0UiOiJSRFAwMl9JTlMzIiwiUkRQMDNfSU5TVEFOQ0UiOiJSRFAwM19JTlMyIiwiUm9sIjoiUEEiLCJpYXQiOjE3NTE5NTc3OTksImV4cCI6MTc1MTk3NTc5OX0.8z7_9KekTocbl6LmZU3jLtmV0qho2fV77QDIzzOQFZE
1 > Content-Type: application/json; charset=UTF-8
1 > Content-Length: 447
1 > Host: siasis-dev.vercel.app
1 > Connection: Keep-Alive
1 > User-Agent: Apache-HttpClient/4.5.14 (Java/17.0.12)
1 > Accept-Encoding: gzip,deflate
{
  "Nombres": "Elena Serafina",
  "Apellidos": "Cullanco Espilco",
  "token": "eyJhbGciOiJIUzI1NiIsInR5cCI6IkpXVCJ9.eyJJRF9Vc3VhcmlvIjoiMSIsIk5vbWJyZV9Vc3VhcmlvIjoiZGlyZWN0b3IuYXN1bmNpb244IiwiUkRQMDJfSU5TVEFOQ0UiOiJSRFAwMl9JTlMyIiwiUkRQMDNfSU5TVEFOQ0UiOiJSRFAwM19JTlM0IiwiUm9sIjoiRCIsImlhdCI6MTc1MTk1NzgwMCwiZXhwIjoxNzUxOTc1ODAwfQ.cdMrv8FLhGXei5hW4yKwz5uAmE-ebr7-om1Z3RxSYEs",
  "Genero": "F",
  "Google_Drive_Foto_ID": "1pMkv-ba_T2mBKxjp_zBTZtgWEjwxPxdu",
  "Rol": "D"
}


01:56:50.748 [pool-2-thread-4] DEBUG com.intuit.karate - response time in milliseconds: 605
1 < 200
1 < Access-Control-Allow-Origin: *
1 < Cache-Control: public, max-age=0, must-revalidate
1 < Content-Length: 505
1 < Content-Type: application/json; charset=utf-8
1 < Date: Tue, 08 Jul 2025 06:56:41 GMT
1 < Etag: W/"1f9-FAg6+NV0PMnj0NS1XRXCIJrarjY"
1 < Server: Vercel
1 < Strict-Transport-Security: max-age=63072000; includeSubDomains; preload
1 < X-Powered-By: Express
1 < X-Vercel-Cache: MISS
1 < X-Vercel-Id: gru1::iad1::zpjsk-1751957800938-aa533a066f96
{
  "success": true,
  "message": "Inicio de sesión exitoso",
  "data": {
    "Apellidos": "Centeno Diaz",
    "Nombres": "Jose",
    "Rol": "PA",
    "token": "eyJhbGciOiJIUzI1NiIsInR5cCI6IkpXVCJ9.eyJJRF9Vc3VhcmlvIjoiNDE4MDk5MTAiLCJOb21icmVfVXN1YXJpbyI6Impvc2VfY2VudGVub180MTgwIiwiUkRQMDJfSU5TVEFOQ0UiOiJSRFAwMl9JTlMyIiwiUkRQMDNfSU5TVEFOQ0UiOiJSRFAwM19JTlMzIiwiUm9sIjoiUEEiLCJpYXQiOjE3NTE5NTc4MDEsImV4cCI6MTc1MTk3NTgwMX0.8CfcwDhbpnZrvuebDPtq3RUI6DElFb1WVlyXzIJMGho",
    "Google_Drive_Foto_ID": "1Jv0B596JMyZMRO7MFcdXW0nN8AI7hFIe",
    "Genero": "M"
  }
}


01:56:50.749 [pool-2-thread-4] INFO  com.intuit.karate - [print] eyJhbGciOiJIUzI1NiIsInR5cCI6IkpXVCJ9.eyJJRF9Vc3VhcmlvIjoiNDE4MDk5MTAiLCJOb21icmVfVXN1YXJpbyI6Impvc2VfY2VudGVub180MTgwIiwiUkRQMDJfSU5TVEFOQ0UiOiJSRFAwMl9JTlMyIiwiUkRQMDNfSU5TVEFOQ0UiOiJSRFAwM19JTlMzIiwiUm9sIjoiUEEiLCJpYXQiOjE3NTE5NTc4MDEsImV4cCI6MTc1MTk3NTgwMX0.8CfcwDhbpnZrvuebDPtq3RUI6DElFb1WVlyXzIJMGho 
01:56:50.749 [pool-2-thread-4] INFO  com.intuit.karate - [print] PA 
01:56:50.751 [pool-2-thread-4] DEBUG com.intuit.karate - request:
1 > POST https://siasis-dev.vercel.app/api/auth/login
1 > Cookie: Apellidos=Godoy%20Villarubia; Google_Drive_Foto_ID=1p8FC3py693IjnMTa4uINq5lVSb9P3LBc; Nombres=Marisol%20Ceferina; Genero=F; Rol=PP; token=eyJhbGciOiJIUzI1NiIsInR5cCI6IkpXVCJ9.eyJJRF9Vc3VhcmlvIjoiMTUzNzgzMTciLCJOb21icmVfVXN1YXJpbyI6Im1hcmlzb2xfZ29kb3lfMTUzNyIsIlJEUDAyX0lOU1RBTkNFIjoiUkRQMDJfSU5TMyIsIlJEUDAzX0lOU1RBTkNFIjoiUkRQMDNfSU5TMyIsIlJvbCI6IlBQIiwiaWF0IjoxNzUxOTU3Nzk5LCJleHAiOjE3NTE5NzU3OTl9.s70FU8htsHzpB7dTesanzcSNBhIWu2bmmsD6HuS_SNw
1 > Content-Type: application/json; charset=UTF-8
1 > Content-Length: 443
1 > Host: siasis-dev.vercel.app
1 > Connection: Keep-Alive
1 > User-Agent: Apache-HttpClient/4.5.14 (Java/17.0.12)
1 > Accept-Encoding: gzip,deflate
{
  "Nombres": "Jose",
  "Apellidos": "Centeno Diaz",
  "token": "eyJhbGciOiJIUzI1NiIsInR5cCI6IkpXVCJ9.eyJJRF9Vc3VhcmlvIjoiNDE4MDk5MTAiLCJOb21icmVfVXN1YXJpbyI6Impvc2VfY2VudGVub180MTgwIiwiUkRQMDJfSU5TVEFOQ0UiOiJSRFAwMl9JTlMyIiwiUkRQMDNfSU5TVEFOQ0UiOiJSRFAwM19JTlMzIiwiUm9sIjoiUEEiLCJpYXQiOjE3NTE5NTc4MDEsImV4cCI6MTc1MTk3NTgwMX0.8CfcwDhbpnZrvuebDPtq3RUI6DElFb1WVlyXzIJMGho",
  "Genero": "M",
  "Google_Drive_Foto_ID": "1Jv0B596JMyZMRO7MFcdXW0nN8AI7hFIe",
  "Rol": "PA"
}


01:56:50.892 [pool-2-thread-2] DEBUG com.intuit.karate - response time in milliseconds: 543
1 < 200
1 < Access-Control-Allow-Origin: *
1 < Cache-Control: public, max-age=0, must-revalidate
1 < Content-Length: 505
1 < Content-Type: application/json; charset=utf-8
1 < Date: Tue, 08 Jul 2025 06:56:41 GMT
1 < Etag: W/"1f9-Umu8xZ4w5diaHWN57CkjNvdKBMU"
1 < Server: Vercel
1 < Strict-Transport-Security: max-age=63072000; includeSubDomains; preload
1 < X-Powered-By: Express
1 < X-Vercel-Cache: MISS
1 < X-Vercel-Id: gru1::iad1::zh6qw-1751957801150-9d32382c11ba
{
  "success": true,
  "message": "Inicio de sesión exitoso",
  "data": {
    "Apellidos": "Centeno Diaz",
    "Nombres": "Jose",
    "Rol": "PA",
    "token": "eyJhbGciOiJIUzI1NiIsInR5cCI6IkpXVCJ9.eyJJRF9Vc3VhcmlvIjoiNDE4MDk5MTAiLCJOb21icmVfVXN1YXJpbyI6Impvc2VfY2VudGVub180MTgwIiwiUkRQMDJfSU5TVEFOQ0UiOiJSRFAwMl9JTlMxIiwiUkRQMDNfSU5TVEFOQ0UiOiJSRFAwM19JTlM0IiwiUm9sIjoiUEEiLCJpYXQiOjE3NTE5NTc4MDEsImV4cCI6MTc1MTk3NTgwMX0.s6cKa8V-9938Ab8YqrqFkGdgmouSm0OGJ4qcd8_1aaA",
    "Google_Drive_Foto_ID": "1sU6Vjh0xUDJ3oT2Za_t41Q1QqUte2bHy",
    "Genero": "M"
  }
}


01:56:50.893 [pool-2-thread-2] INFO  com.intuit.karate - [print] eyJhbGciOiJIUzI1NiIsInR5cCI6IkpXVCJ9.eyJJRF9Vc3VhcmlvIjoiNDE4MDk5MTAiLCJOb21icmVfVXN1YXJpbyI6Impvc2VfY2VudGVub180MTgwIiwiUkRQMDJfSU5TVEFOQ0UiOiJSRFAwMl9JTlMxIiwiUkRQMDNfSU5TVEFOQ0UiOiJSRFAwM19JTlM0IiwiUm9sIjoiUEEiLCJpYXQiOjE3NTE5NTc4MDEsImV4cCI6MTc1MTk3NTgwMX0.s6cKa8V-9938Ab8YqrqFkGdgmouSm0OGJ4qcd8_1aaA 
01:56:50.894 [pool-2-thread-2] INFO  com.intuit.karate - [print] PA 
01:56:50.896 [pool-2-thread-2] DEBUG com.intuit.karate - request:
1 > POST https://siasis-dev.vercel.app/api/auth/login
1 > Cookie: Apellidos=Godoy%20Villarubia; Google_Drive_Foto_ID=1p8FC3py693IjnMTa4uINq5lVSb9P3LBc; Nombres=Marisol%20Ceferina; Genero=F; Rol=PP; token=eyJhbGciOiJIUzI1NiIsInR5cCI6IkpXVCJ9.eyJJRF9Vc3VhcmlvIjoiMTUzNzgzMTciLCJOb21icmVfVXN1YXJpbyI6Im1hcmlzb2xfZ29kb3lfMTUzNyIsIlJEUDAyX0lOU1RBTkNFIjoiUkRQMDJfSU5TMSIsIlJEUDAzX0lOU1RBTkNFIjoiUkRQMDNfSU5TMyIsIlJvbCI6IlBQIiwiaWF0IjoxNzUxOTU3Nzk5LCJleHAiOjE3NTE5NzU3OTl9.pWK_yRjtL8GBkXqeDGsfUzXex9mo4hFCZZNhiAv84qE
1 > Content-Type: application/json; charset=UTF-8
1 > Content-Length: 443
1 > Host: siasis-dev.vercel.app
1 > Connection: Keep-Alive
1 > User-Agent: Apache-HttpClient/4.5.14 (Java/17.0.12)
1 > Accept-Encoding: gzip,deflate
{
  "Nombres": "Jose",
  "Apellidos": "Centeno Diaz",
  "token": "eyJhbGciOiJIUzI1NiIsInR5cCI6IkpXVCJ9.eyJJRF9Vc3VhcmlvIjoiNDE4MDk5MTAiLCJOb21icmVfVXN1YXJpbyI6Impvc2VfY2VudGVub180MTgwIiwiUkRQMDJfSU5TVEFOQ0UiOiJSRFAwMl9JTlMxIiwiUkRQMDNfSU5TVEFOQ0UiOiJSRFAwM19JTlM0IiwiUm9sIjoiUEEiLCJpYXQiOjE3NTE5NTc4MDEsImV4cCI6MTc1MTk3NTgwMX0.s6cKa8V-9938Ab8YqrqFkGdgmouSm0OGJ4qcd8_1aaA",
  "Genero": "M",
  "Google_Drive_Foto_ID": "1sU6Vjh0xUDJ3oT2Za_t41Q1QqUte2bHy",
  "Rol": "PA"
}


01:56:50.992 [pool-2-thread-5] DEBUG com.intuit.karate - response time in milliseconds: 459
1 < 201
1 < Cache-Control: public, max-age=0, must-revalidate
1 < Content-Length: 0
1 < Date: Tue, 08 Jul 2025 06:56:41 GMT
1 < Server: Vercel
1 < Set-Cookie: Nombres=Elena%20Serafina; Max-Age=18000; Path=/; HttpOnly; Secure; SameSite=Lax
1 < Set-Cookie: Apellidos=Cullanco%20Espilco; Max-Age=18000; Path=/; HttpOnly; Secure; SameSite=Lax
1 < Set-Cookie: Rol=D; Max-Age=18000; Path=/; HttpOnly; Secure; SameSite=Lax
1 < Set-Cookie: token=eyJhbGciOiJIUzI1NiIsInR5cCI6IkpXVCJ9.eyJJRF9Vc3VhcmlvIjoiMSIsIk5vbWJyZV9Vc3VhcmlvIjoiZGlyZWN0b3IuYXN1bmNpb244IiwiUkRQMDJfSU5TVEFOQ0UiOiJSRFAwMl9JTlMyIiwiUkRQMDNfSU5TVEFOQ0UiOiJSRFAwM19JTlM0IiwiUm9sIjoiRCIsImlhdCI6MTc1MTk1NzgwMCwiZXhwIjoxNzUxOTc1ODAwfQ.cdMrv8FLhGXei5hW4yKwz5uAmE-ebr7-om1Z3RxSYEs; Max-Age=18000; Path=/; HttpOnly; Secure; SameSite=Lax
1 < Set-Cookie: Genero=F; Max-Age=18000; Path=/; HttpOnly; Secure; SameSite=Lax
1 < Set-Cookie: Google_Drive_Foto_ID=1pMkv-ba_T2mBKxjp_zBTZtgWEjwxPxdu; Max-Age=18000; Path=/; HttpOnly; Secure; SameSite=Lax
1 < Strict-Transport-Security: max-age=63072000; includeSubDomains; preload
1 < Vary: RSC, Next-Router-State-Tree, Next-Router-Prefetch, Next-Router-Segment-Prefetch
1 < X-Matched-Path: /api/auth/login
1 < X-Vercel-Cache: MISS
1 < X-Vercel-Id: gru1::iad1::9l8f7-1751957801371-080a76570599


01:56:51.003 [pool-2-thread-5] DEBUG com.intuit.karate - request:
1 > GET https://siasis-dev.vercel.app/api/asistencia-hoy/consultar-asistencias-tomadas?TipoAsistencia=personal&ModoRegistro=E
1 > Cookie: Apellidos=Cullanco%20Espilco; Google_Drive_Foto_ID=1pMkv-ba_T2mBKxjp_zBTZtgWEjwxPxdu; Nombres=Elena%20Serafina; Genero=F; Rol=D; token=eyJhbGciOiJIUzI1NiIsInR5cCI6IkpXVCJ9.eyJJRF9Vc3VhcmlvIjoiMSIsIk5vbWJyZV9Vc3VhcmlvIjoiZGlyZWN0b3IuYXN1bmNpb244IiwiUkRQMDJfSU5TVEFOQ0UiOiJSRFAwMl9JTlMyIiwiUkRQMDNfSU5TVEFOQ0UiOiJSRFAwM19JTlM0IiwiUm9sIjoiRCIsImlhdCI6MTc1MTk1NzgwMCwiZXhwIjoxNzUxOTc1ODAwfQ.cdMrv8FLhGXei5hW4yKwz5uAmE-ebr7-om1Z3RxSYEs
1 > Host: siasis-dev.vercel.app
1 > Connection: Keep-Alive
1 > User-Agent: Apache-HttpClient/4.5.14 (Java/17.0.12)
1 > Accept-Encoding: gzip,deflate


01:56:51.019 [pool-2-thread-3] DEBUG com.intuit.karate - response time in milliseconds: 722
1 < 200
1 < Cache-Control: public, max-age=0, must-revalidate
1 < Content-Type: application/json
1 < Date: Tue, 08 Jul 2025 06:56:41 GMT
1 < Server: Vercel
1 < Strict-Transport-Security: max-age=63072000; includeSubDomains; preload
1 < Vary: RSC, Next-Router-State-Tree, Next-Router-Prefetch, Next-Router-Segment-Prefetch
1 < X-Matched-Path: /api/asistencia-hoy/marcar
1 < X-Vercel-Cache: MISS
1 < X-Vercel-Id: gru1::iad1::hxpww-1751957801149-c995d9d1053d
1 < Transfer-Encoding: chunked
{
  "success": true,
  "message": "La asistencia ya había sido registrada anteriormente",
  "data": {
    "timestamp": 1751957801340,
    "desfaseSegundos": 3591,
    "esNuevoRegistro": false,
    "esRegistroPropio": false,
    "actorRegistrado": "PA",
    "tipoAsistencia": "personal"
  }
}


01:56:51.020 [pool-2-thread-3] DEBUG c.intuit.karate.core.ScenarioEngine - over-writing existing variable 'loginFeature' with new value: 'classpath:resources/features/login/CasoNoTutor.feature'
01:56:51.024 [pool-2-thread-3] DEBUG c.intuit.karate.core.ScenarioEngine - over-writing existing variable 'loginResponse' with new value: call read(loginFeature)
01:56:51.028 [pool-2-thread-3] DEBUG com.intuit.karate - request:
1 > POST https://api01-siasis-dev.vercel.app/api/login/profesor-tutor-secundaria
1 > Cookie: Apellidos=Centeno%20Diaz; Google_Drive_Foto_ID=1sU6Vjh0xUDJ3oT2Za_t41Q1QqUte2bHy; Nombres=Jose; Genero=M; Rol=PA; token=eyJhbGciOiJIUzI1NiIsInR5cCI6IkpXVCJ9.eyJJRF9Vc3VhcmlvIjoiNDE4MDk5MTAiLCJOb21icmVfVXN1YXJpbyI6Impvc2VfY2VudGVub180MTgwIiwiUkRQMDJfSU5TVEFOQ0UiOiJSRFAwMl9JTlMzIiwiUkRQMDNfSU5TVEFOQ0UiOiJSRFAwM19JTlMzIiwiUm9sIjoiUEEiLCJpYXQiOjE3NTE5NTc4MDAsImV4cCI6MTc1MTk3NTgwMH0.DaCrg2TbUitZV-ZVaYUndc0vCkDsO-w0r5xaqjIgK_4
1 > Content-Type: application/json; charset=UTF-8
1 > Content-Length: 67
1 > Host: api01-siasis-dev.vercel.app
1 > Connection: Keep-Alive
1 > User-Agent: Apache-HttpClient/4.5.14 (Java/17.0.12)
1 > Accept-Encoding: gzip,deflate
{
  "Nombre_Usuario": "david_apolinario_1537",
  "Contraseña": "15371028"
}


01:56:51.152 [pool-2-thread-1] DEBUG com.intuit.karate - response time in milliseconds: 620
1 < 200
1 < Cache-Control: public, max-age=0, must-revalidate
1 < Content-Type: application/json
1 < Date: Tue, 08 Jul 2025 06:56:41 GMT
1 < Server: Vercel
1 < Strict-Transport-Security: max-age=63072000; includeSubDomains; preload
1 < Vary: RSC, Next-Router-State-Tree, Next-Router-Prefetch, Next-Router-Segment-Prefetch
1 < X-Matched-Path: /api/asistencia-hoy/marcar
1 < X-Vercel-Cache: MISS
1 < X-Vercel-Id: gru1::iad1::9l8f7-1751957801366-a177ccadc218
1 < Transfer-Encoding: chunked
{
  "success": true,
  "message": "La asistencia ya había sido registrada anteriormente",
  "data": {
    "timestamp": 1751957801473,
    "desfaseSegundos": 3590,
    "esNuevoRegistro": false,
    "esRegistroPropio": false,
    "actorRegistrado": "PA",
    "tipoAsistencia": "personal"
  }
}


01:56:51.153 [pool-2-thread-1] DEBUG c.intuit.karate.core.ScenarioEngine - over-writing existing variable 'loginFeature' with new value: 'classpath:resources/features/login/Auxiliar.feature'
01:56:51.159 [pool-2-thread-1] DEBUG c.intuit.karate.core.ScenarioEngine - over-writing existing variable 'loginResponse' with new value: call read(loginFeature)
01:56:51.168 [pool-2-thread-1] DEBUG com.intuit.karate - request:
1 > POST https://api01-siasis-dev.vercel.app/api/login/auxiliar
1 > Cookie: Apellidos=Centeno%20Diaz; Google_Drive_Foto_ID=1Jv0B596JMyZMRO7MFcdXW0nN8AI7hFIe; Nombres=Jose; Genero=M; Rol=PA; token=eyJhbGciOiJIUzI1NiIsInR5cCI6IkpXVCJ9.eyJJRF9Vc3VhcmlvIjoiNDE4MDk5MTAiLCJOb21icmVfVXN1YXJpbyI6Impvc2VfY2VudGVub180MTgwIiwiUkRQMDJfSU5TVEFOQ0UiOiJSRFAwMl9JTlMzIiwiUkRQMDNfSU5TVEFOQ0UiOiJSRFAwM19JTlM1IiwiUm9sIjoiUEEiLCJpYXQiOjE3NTE5NTc4MDAsImV4cCI6MTc1MTk3NTgwMH0.vmQD3sbDg-ubEICQHRKfjUE4od885X_QbDQu6h3kC2w
1 > Content-Type: application/json; charset=UTF-8
1 > Content-Length: 67
1 > Host: api01-siasis-dev.vercel.app
1 > Connection: Keep-Alive
1 > User-Agent: Apache-HttpClient/4.5.14 (Java/17.0.12)
1 > Accept-Encoding: gzip,deflate
{
  "Nombre_Usuario": "brigida_gonzales_1535",
  "Contraseña": "15357278"
}


01:56:51.192 [pool-2-thread-4] DEBUG com.intuit.karate - response time in milliseconds: 440
1 < 201
1 < Cache-Control: public, max-age=0, must-revalidate
1 < Content-Length: 0
1 < Date: Tue, 08 Jul 2025 06:56:41 GMT
1 < Server: Vercel
1 < Set-Cookie: Nombres=Jose; Max-Age=18000; Path=/; HttpOnly; Secure; SameSite=Lax
1 < Set-Cookie: Apellidos=Centeno%20Diaz; Max-Age=18000; Path=/; HttpOnly; Secure; SameSite=Lax
1 < Set-Cookie: Rol=PA; Max-Age=18000; Path=/; HttpOnly; Secure; SameSite=Lax
1 < Set-Cookie: token=eyJhbGciOiJIUzI1NiIsInR5cCI6IkpXVCJ9.eyJJRF9Vc3VhcmlvIjoiNDE4MDk5MTAiLCJOb21icmVfVXN1YXJpbyI6Impvc2VfY2VudGVub180MTgwIiwiUkRQMDJfSU5TVEFOQ0UiOiJSRFAwMl9JTlMyIiwiUkRQMDNfSU5TVEFOQ0UiOiJSRFAwM19JTlMzIiwiUm9sIjoiUEEiLCJpYXQiOjE3NTE5NTc4MDEsImV4cCI6MTc1MTk3NTgwMX0.8CfcwDhbpnZrvuebDPtq3RUI6DElFb1WVlyXzIJMGho; Max-Age=18000; Path=/; HttpOnly; Secure; SameSite=Lax
1 < Set-Cookie: Genero=M; Max-Age=18000; Path=/; HttpOnly; Secure; SameSite=Lax
1 < Set-Cookie: Google_Drive_Foto_ID=1Jv0B596JMyZMRO7MFcdXW0nN8AI7hFIe; Max-Age=18000; Path=/; HttpOnly; Secure; SameSite=Lax
1 < Strict-Transport-Security: max-age=63072000; includeSubDomains; preload
1 < Vary: RSC, Next-Router-State-Tree, Next-Router-Prefetch, Next-Router-Segment-Prefetch
1 < X-Matched-Path: /api/auth/login
1 < X-Vercel-Cache: MISS
1 < X-Vercel-Id: gru1::iad1::kr4zd-1751957801561-d74806c0a3ef


01:56:51.193 [pool-2-thread-4] DEBUG c.intuit.karate.core.ScenarioEngine - over-writing existing variable 'fechaHoraEsperadaISO' with new value: getAdjustedTime()
01:56:51.195 [pool-2-thread-4] DEBUG com.intuit.karate - request:
1 > POST https://siasis-dev.vercel.app/api/asistencia-hoy/marcar
1 > Cookie: Apellidos=Centeno%20Diaz; Google_Drive_Foto_ID=1Jv0B596JMyZMRO7MFcdXW0nN8AI7hFIe; Nombres=Jose; Genero=M; Rol=PA; token=eyJhbGciOiJIUzI1NiIsInR5cCI6IkpXVCJ9.eyJJRF9Vc3VhcmlvIjoiNDE4MDk5MTAiLCJOb21icmVfVXN1YXJpbyI6Impvc2VfY2VudGVub180MTgwIiwiUkRQMDJfSU5TVEFOQ0UiOiJSRFAwMl9JTlMyIiwiUkRQMDNfSU5TVEFOQ0UiOiJSRFAwM19JTlMzIiwiUm9sIjoiUEEiLCJpYXQiOjE3NTE5NTc4MDEsImV4cCI6MTc1MTk3NTgwMX0.8CfcwDhbpnZrvuebDPtq3RUI6DElFb1WVlyXzIJMGho
1 > Content-Type: application/json; charset=UTF-8
1 > Content-Length: 70
1 > Host: siasis-dev.vercel.app
1 > Connection: Keep-Alive
1 > User-Agent: Apache-HttpClient/4.5.14 (Java/17.0.12)
1 > Accept-Encoding: gzip,deflate
{
  "ModoRegistro": "E",
  "FechaHoraEsperadaISO": "2025-07-08T05:56:51.192Z"
}


01:56:51.310 [pool-2-thread-2] DEBUG com.intuit.karate - response time in milliseconds: 413
1 < 201
1 < Cache-Control: public, max-age=0, must-revalidate
1 < Content-Length: 0
1 < Date: Tue, 08 Jul 2025 06:56:41 GMT
1 < Server: Vercel
1 < Set-Cookie: Nombres=Jose; Max-Age=18000; Path=/; HttpOnly; Secure; SameSite=Lax
1 < Set-Cookie: Apellidos=Centeno%20Diaz; Max-Age=18000; Path=/; HttpOnly; Secure; SameSite=Lax
1 < Set-Cookie: Rol=PA; Max-Age=18000; Path=/; HttpOnly; Secure; SameSite=Lax
1 < Set-Cookie: token=eyJhbGciOiJIUzI1NiIsInR5cCI6IkpXVCJ9.eyJJRF9Vc3VhcmlvIjoiNDE4MDk5MTAiLCJOb21icmVfVXN1YXJpbyI6Impvc2VfY2VudGVub180MTgwIiwiUkRQMDJfSU5TVEFOQ0UiOiJSRFAwMl9JTlMxIiwiUkRQMDNfSU5TVEFOQ0UiOiJSRFAwM19JTlM0IiwiUm9sIjoiUEEiLCJpYXQiOjE3NTE5NTc4MDEsImV4cCI6MTc1MTk3NTgwMX0.s6cKa8V-9938Ab8YqrqFkGdgmouSm0OGJ4qcd8_1aaA; Max-Age=18000; Path=/; HttpOnly; Secure; SameSite=Lax
1 < Set-Cookie: Genero=M; Max-Age=18000; Path=/; HttpOnly; Secure; SameSite=Lax
1 < Set-Cookie: Google_Drive_Foto_ID=1sU6Vjh0xUDJ3oT2Za_t41Q1QqUte2bHy; Max-Age=18000; Path=/; HttpOnly; Secure; SameSite=Lax
1 < Strict-Transport-Security: max-age=63072000; includeSubDomains; preload
1 < Vary: RSC, Next-Router-State-Tree, Next-Router-Prefetch, Next-Router-Segment-Prefetch
1 < X-Matched-Path: /api/auth/login
1 < X-Vercel-Cache: MISS
1 < X-Vercel-Id: gru1::iad1::9l8f7-1751957801695-8e9a0e882f5d


01:56:51.311 [pool-2-thread-2] DEBUG c.intuit.karate.core.ScenarioEngine - over-writing existing variable 'fechaHoraEsperadaISO' with new value: getAdjustedTime()
01:56:51.316 [pool-2-thread-2] DEBUG com.intuit.karate - request:
1 > POST https://siasis-dev.vercel.app/api/asistencia-hoy/marcar
1 > Cookie: Apellidos=Centeno%20Diaz; Google_Drive_Foto_ID=1sU6Vjh0xUDJ3oT2Za_t41Q1QqUte2bHy; Nombres=Jose; Genero=M; Rol=PA; token=eyJhbGciOiJIUzI1NiIsInR5cCI6IkpXVCJ9.eyJJRF9Vc3VhcmlvIjoiNDE4MDk5MTAiLCJOb21icmVfVXN1YXJpbyI6Impvc2VfY2VudGVub180MTgwIiwiUkRQMDJfSU5TVEFOQ0UiOiJSRFAwMl9JTlMxIiwiUkRQMDNfSU5TVEFOQ0UiOiJSRFAwM19JTlM0IiwiUm9sIjoiUEEiLCJpYXQiOjE3NTE5NTc4MDEsImV4cCI6MTc1MTk3NTgwMX0.s6cKa8V-9938Ab8YqrqFkGdgmouSm0OGJ4qcd8_1aaA
1 > Content-Type: application/json; charset=UTF-8
1 > Content-Length: 70
1 > Host: siasis-dev.vercel.app
1 > Connection: Keep-Alive
1 > User-Agent: Apache-HttpClient/4.5.14 (Java/17.0.12)
1 > Accept-Encoding: gzip,deflate
{
  "ModoRegistro": "E",
  "FechaHoraEsperadaISO": "2025-07-08T05:56:51.313Z"
}


01:56:51.685 [pool-2-thread-1] DEBUG com.intuit.karate - response time in milliseconds: 516
1 < 200
1 < Access-Control-Allow-Origin: *
1 < Cache-Control: public, max-age=0, must-revalidate
1 < Content-Length: 515
1 < Content-Type: application/json; charset=utf-8
1 < Date: Tue, 08 Jul 2025 06:56:42 GMT
1 < Etag: W/"203-LNG9n+qyjPTLQLfZnLhq//db+5k"
1 < Server: Vercel
1 < Strict-Transport-Security: max-age=63072000; includeSubDomains; preload
1 < X-Powered-By: Express
1 < X-Vercel-Cache: MISS
1 < X-Vercel-Id: gru1::iad1::9l8f7-1751957801967-3b4db5c6664b
{
  "success": true,
  "message": "Inicio de sesión exitoso",
  "data": {
    "Apellidos": "Gonzales Morales",
    "Nombres": "Brigida",
    "Rol": "A",
    "token": "eyJhbGciOiJIUzI1NiIsInR5cCI6IkpXVCJ9.eyJJRF9Vc3VhcmlvIjoiMTUzNTcyNzgiLCJSRFAwMl9JTlNUQU5DRSI6IlJEUDAyX0lOUzEiLCJSRFAwM19JTlNUQU5DRSI6IlJEUDAzX0lOUzQiLCJOb21icmVfVXN1YXJpbyI6ImJyaWdpZGFfZ29uemFsZXNfMTUzNSIsIlJvbCI6IkEiLCJpYXQiOjE3NTE5NTc4MDIsImV4cCI6MTc1MTk3NTgwMn0.A7o8NNxux8nJdXmIBRnc-ZMYvDSs8hEUdnxg-LiPatA",
    "Google_Drive_Foto_ID": "12CrZ2Z8qd2FGzo0UeOURh3turASgkZ-8",
    "Genero": "F"
  }
}


01:56:51.687 [pool-2-thread-1] INFO  com.intuit.karate - [print] eyJhbGciOiJIUzI1NiIsInR5cCI6IkpXVCJ9.eyJJRF9Vc3VhcmlvIjoiMTUzNTcyNzgiLCJSRFAwMl9JTlNUQU5DRSI6IlJEUDAyX0lOUzEiLCJSRFAwM19JTlNUQU5DRSI6IlJEUDAzX0lOUzQiLCJOb21icmVfVXN1YXJpbyI6ImJyaWdpZGFfZ29uemFsZXNfMTUzNSIsIlJvbCI6IkEiLCJpYXQiOjE3NTE5NTc4MDIsImV4cCI6MTc1MTk3NTgwMn0.A7o8NNxux8nJdXmIBRnc-ZMYvDSs8hEUdnxg-LiPatA 
01:56:51.687 [pool-2-thread-1] INFO  com.intuit.karate - [print] A 
01:56:51.689 [pool-2-thread-1] DEBUG com.intuit.karate - request:
1 > POST https://siasis-dev.vercel.app/api/auth/login
1 > Cookie: Apellidos=Centeno%20Diaz; Google_Drive_Foto_ID=1Jv0B596JMyZMRO7MFcdXW0nN8AI7hFIe; Nombres=Jose; Genero=M; Rol=PA; token=eyJhbGciOiJIUzI1NiIsInR5cCI6IkpXVCJ9.eyJJRF9Vc3VhcmlvIjoiNDE4MDk5MTAiLCJOb21icmVfVXN1YXJpbyI6Impvc2VfY2VudGVub180MTgwIiwiUkRQMDJfSU5TVEFOQ0UiOiJSRFAwMl9JTlMzIiwiUkRQMDNfSU5TVEFOQ0UiOiJSRFAwM19JTlM1IiwiUm9sIjoiUEEiLCJpYXQiOjE3NTE5NTc4MDAsImV4cCI6MTc1MTk3NTgwMH0.vmQD3sbDg-ubEICQHRKfjUE4od885X_QbDQu6h3kC2w
1 > Content-Type: application/json; charset=UTF-8
1 > Content-Length: 453
1 > Host: siasis-dev.vercel.app
1 > Connection: Keep-Alive
1 > User-Agent: Apache-HttpClient/4.5.14 (Java/17.0.12)
1 > Accept-Encoding: gzip,deflate
{
  "Nombres": "Brigida",
  "Apellidos": "Gonzales Morales",
  "token": "eyJhbGciOiJIUzI1NiIsInR5cCI6IkpXVCJ9.eyJJRF9Vc3VhcmlvIjoiMTUzNTcyNzgiLCJSRFAwMl9JTlNUQU5DRSI6IlJEUDAyX0lOUzEiLCJSRFAwM19JTlNUQU5DRSI6IlJEUDAzX0lOUzQiLCJOb21icmVfVXN1YXJpbyI6ImJyaWdpZGFfZ29uemFsZXNfMTUzNSIsIlJvbCI6IkEiLCJpYXQiOjE3NTE5NTc4MDIsImV4cCI6MTc1MTk3NTgwMn0.A7o8NNxux8nJdXmIBRnc-ZMYvDSs8hEUdnxg-LiPatA",
  "Genero": "F",
  "Google_Drive_Foto_ID": "12CrZ2Z8qd2FGzo0UeOURh3turASgkZ-8",
  "Rol": "A"
}


01:56:51.691 [pool-2-thread-5] DEBUG com.intuit.karate - response time in milliseconds: 686
1 < 200
1 < Age: 0
1 < Cache-Control: public, max-age=0, must-revalidate
1 < Content-Type: application/json
1 < Date: Tue, 08 Jul 2025 06:56:42 GMT
1 < Server: Vercel
1 < Strict-Transport-Security: max-age=63072000; includeSubDomains; preload
1 < Vary: RSC, Next-Router-State-Tree, Next-Router-Prefetch, Next-Router-Segment-Prefetch
1 < X-Matched-Path: /api/asistencia-hoy/consultar-asistencias-tomadas
1 < X-Vercel-Cache: MISS
1 < X-Vercel-Id: gru1::iad1::cq8gr-1751957801803-07e6cdf91b09
1 < Transfer-Encoding: chunked
{
  "Actor": "D",
  "Dia": 8,
  "Mes": 7,
  "ModoRegistro": "E",
  "TipoAsistencia": "personal",
  "Resultados": {
    "ID_o_DNI": "1",
    "AsistenciaMarcada": true,
    "Detalles": {
      "Timestamp": 1751952312689,
      "DesfaseSegundos": 3591
    }
  }
}


01:56:51.718 [pool-2-thread-5] DEBUG com.intuit.karate - request:
1 > POST https://api01-siasis-dev.vercel.app/api/login/directivo
1 > Content-Type: application/json; charset=UTF-8
1 > Content-Length: 64
1 > Host: api01-siasis-dev.vercel.app
1 > Connection: Keep-Alive
1 > User-Agent: Apache-HttpClient/4.5.14 (Java/17.0.12)
1 > Accept-Encoding: gzip,deflate
{
  "Nombre_Usuario": "director.asuncion8",
  "Contraseña": "15430124"
}


01:56:51.767 [pool-2-thread-4] DEBUG com.intuit.karate - response time in milliseconds: 571
1 < 200
1 < Cache-Control: public, max-age=0, must-revalidate
1 < Content-Type: application/json
1 < Date: Tue, 08 Jul 2025 06:56:42 GMT
1 < Server: Vercel
1 < Strict-Transport-Security: max-age=63072000; includeSubDomains; preload
1 < Vary: RSC, Next-Router-State-Tree, Next-Router-Prefetch, Next-Router-Segment-Prefetch
1 < X-Matched-Path: /api/asistencia-hoy/marcar
1 < X-Vercel-Cache: MISS
1 < X-Vercel-Id: gru1::iad1::4mjfc-1751957801993-b376ec658628
1 < Transfer-Encoding: chunked
{
  "success": true,
  "message": "La asistencia ya había sido registrada anteriormente",
  "data": {
    "timestamp": 1751957802097,
    "desfaseSegundos": 3590,
    "esNuevoRegistro": false,
    "esRegistroPropio": false,
    "actorRegistrado": "PA",
    "tipoAsistencia": "personal"
  }
}


01:56:51.768 [pool-2-thread-4] DEBUG c.intuit.karate.core.ScenarioEngine - over-writing existing variable 'loginFeature' with new value: 'classpath:resources/features/login/ProfesorPrimaria.feature'
01:56:51.773 [pool-2-thread-4] DEBUG c.intuit.karate.core.ScenarioEngine - over-writing existing variable 'loginResponse' with new value: call read(loginFeature)
01:56:51.782 [pool-2-thread-4] DEBUG com.intuit.karate - request:
1 > POST https://api01-siasis-dev.vercel.app/api/login/profesor-primaria
1 > Cookie: Apellidos=Centeno%20Diaz; Google_Drive_Foto_ID=1Jv0B596JMyZMRO7MFcdXW0nN8AI7hFIe; Nombres=Jose; Genero=M; Rol=PA; token=eyJhbGciOiJIUzI1NiIsInR5cCI6IkpXVCJ9.eyJJRF9Vc3VhcmlvIjoiNDE4MDk5MTAiLCJOb21icmVfVXN1YXJpbyI6Impvc2VfY2VudGVub180MTgwIiwiUkRQMDJfSU5TVEFOQ0UiOiJSRFAwMl9JTlMyIiwiUkRQMDNfSU5TVEFOQ0UiOiJSRFAwM19JTlMzIiwiUm9sIjoiUEEiLCJpYXQiOjE3NTE5NTc4MDEsImV4cCI6MTc1MTk3NTgwMX0.8CfcwDhbpnZrvuebDPtq3RUI6DElFb1WVlyXzIJMGho
1 > Content-Type: application/json; charset=UTF-8
1 > Content-Length: 64
1 > Host: api01-siasis-dev.vercel.app
1 > Connection: Keep-Alive
1 > User-Agent: Apache-HttpClient/4.5.14 (Java/17.0.12)
1 > Accept-Encoding: gzip,deflate
{
  "Nombre_Usuario": "marisol_godoy_1537",
  "Contraseña": "15378317"
}


01:56:51.981 [pool-2-thread-2] DEBUG com.intuit.karate - response time in milliseconds: 664
1 < 200
1 < Cache-Control: public, max-age=0, must-revalidate
1 < Content-Type: application/json
1 < Date: Tue, 08 Jul 2025 06:56:42 GMT
1 < Server: Vercel
1 < Strict-Transport-Security: max-age=63072000; includeSubDomains; preload
1 < Vary: RSC, Next-Router-State-Tree, Next-Router-Prefetch, Next-Router-Segment-Prefetch
1 < X-Matched-Path: /api/asistencia-hoy/marcar
1 < X-Vercel-Cache: MISS
1 < X-Vercel-Id: gru1::iad1::bsmv9-1751957802186-51586de0a387
1 < Transfer-Encoding: chunked
{
  "success": true,
  "message": "La asistencia ya había sido registrada anteriormente",
  "data": {
    "timestamp": 1751957802299,
    "desfaseSegundos": 3590,
    "esNuevoRegistro": false,
    "esRegistroPropio": false,
    "actorRegistrado": "PA",
    "tipoAsistencia": "personal"
  }
}


01:56:51.982 [pool-2-thread-2] DEBUG c.intuit.karate.core.ScenarioEngine - over-writing existing variable 'loginFeature' with new value: 'classpath:resources/features/login/CasoTutorSecundaria.feature'
01:56:51.989 [pool-2-thread-2] DEBUG c.intuit.karate.core.ScenarioEngine - over-writing existing variable 'loginResponse' with new value: call read(loginFeature)
01:56:51.996 [pool-2-thread-2] DEBUG com.intuit.karate - request:
1 > POST https://api01-siasis-dev.vercel.app/api/login/profesor-tutor-secundaria
1 > Cookie: Apellidos=Centeno%20Diaz; Google_Drive_Foto_ID=1sU6Vjh0xUDJ3oT2Za_t41Q1QqUte2bHy; Nombres=Jose; Genero=M; Rol=PA; token=eyJhbGciOiJIUzI1NiIsInR5cCI6IkpXVCJ9.eyJJRF9Vc3VhcmlvIjoiNDE4MDk5MTAiLCJOb21icmVfVXN1YXJpbyI6Impvc2VfY2VudGVub180MTgwIiwiUkRQMDJfSU5TVEFOQ0UiOiJSRFAwMl9JTlMxIiwiUkRQMDNfSU5TVEFOQ0UiOiJSRFAwM19JTlM0IiwiUm9sIjoiUEEiLCJpYXQiOjE3NTE5NTc4MDEsImV4cCI6MTc1MTk3NTgwMX0.s6cKa8V-9938Ab8YqrqFkGdgmouSm0OGJ4qcd8_1aaA
1 > Content-Type: application/json; charset=UTF-8
1 > Content-Length: 65
1 > Host: api01-siasis-dev.vercel.app
1 > Connection: Keep-Alive
1 > User-Agent: Apache-HttpClient/4.5.14 (Java/17.0.12)
1 > Accept-Encoding: gzip,deflate
{
  "Nombre_Usuario": "daniel_sanchez_1542",
  "Contraseña": "15420745"
}


01:56:52.100 [pool-2-thread-3] DEBUG com.intuit.karate - response time in milliseconds: 1071
1 < 200
1 < Access-Control-Allow-Origin: *
1 < Cache-Control: public, max-age=0, must-revalidate
1 < Content-Length: 523
1 < Content-Type: application/json; charset=utf-8
1 < Date: Tue, 08 Jul 2025 06:56:42 GMT
1 < Etag: W/"20b-/nZcmcgljA6kKimn8wMI9UcKE0M"
1 < Server: Vercel
1 < Strict-Transport-Security: max-age=63072000; includeSubDomains; preload
1 < X-Powered-By: Express
1 < X-Vercel-Cache: MISS
1 < X-Vercel-Id: gru1::iad1::lrpdm-1751957801823-a49fc4132c95
{
  "success": true,
  "message": "Inicio de sesión exitoso",
  "data": {
    "Apellidos": "Apolinario Quispe",
    "Nombres": "David Julian",
    "Rol": "PS",
    "token": "eyJhbGciOiJIUzI1NiIsInR5cCI6IkpXVCJ9.eyJJRF9Vc3VhcmlvIjoiMTUzNzEwMjgiLCJOb21icmVfVXN1YXJpbyI6ImRhdmlkX2Fwb2xpbmFyaW9fMTUzNyIsIlJEUDAyX0lOU1RBTkNFIjoiUkRQMDJfSU5TMyIsIlJEUDAzX0lOU1RBTkNFIjoiUkRQMDNfSU5TNSIsIlJvbCI6IlBTIiwiaWF0IjoxNzUxOTU3ODAyLCJleHAiOjE3NTE5NzU4MDJ9.fEyWUeVkP83E07mcFpuMCJ56kEb8w2IkOcKui7YA26g",
    "Google_Drive_Foto_ID": "1zGZuWnkBA59hSHlTgGVXrduC8eBgrKi1",
    "Genero": "M"
  }
}


01:56:52.104 [pool-2-thread-3] INFO  com.intuit.karate - [print] eyJhbGciOiJIUzI1NiIsInR5cCI6IkpXVCJ9.eyJJRF9Vc3VhcmlvIjoiMTUzNzEwMjgiLCJOb21icmVfVXN1YXJpbyI6ImRhdmlkX2Fwb2xpbmFyaW9fMTUzNyIsIlJEUDAyX0lOU1RBTkNFIjoiUkRQMDJfSU5TMyIsIlJEUDAzX0lOU1RBTkNFIjoiUkRQMDNfSU5TNSIsIlJvbCI6IlBTIiwiaWF0IjoxNzUxOTU3ODAyLCJleHAiOjE3NTE5NzU4MDJ9.fEyWUeVkP83E07mcFpuMCJ56kEb8w2IkOcKui7YA26g 
01:56:52.105 [pool-2-thread-3] INFO  com.intuit.karate - [print] PS 
01:56:52.108 [pool-2-thread-1] DEBUG com.intuit.karate - response time in milliseconds: 417
1 < 201
1 < Cache-Control: public, max-age=0, must-revalidate
1 < Content-Length: 0
1 < Date: Tue, 08 Jul 2025 06:56:42 GMT
1 < Server: Vercel
1 < Set-Cookie: Nombres=Brigida; Max-Age=18000; Path=/; HttpOnly; Secure; SameSite=Lax
1 < Set-Cookie: Apellidos=Gonzales%20Morales; Max-Age=18000; Path=/; HttpOnly; Secure; SameSite=Lax
1 < Set-Cookie: Rol=A; Max-Age=18000; Path=/; HttpOnly; Secure; SameSite=Lax
1 < Set-Cookie: token=eyJhbGciOiJIUzI1NiIsInR5cCI6IkpXVCJ9.eyJJRF9Vc3VhcmlvIjoiMTUzNTcyNzgiLCJSRFAwMl9JTlNUQU5DRSI6IlJEUDAyX0lOUzEiLCJSRFAwM19JTlNUQU5DRSI6IlJEUDAzX0lOUzQiLCJOb21icmVfVXN1YXJpbyI6ImJyaWdpZGFfZ29uemFsZXNfMTUzNSIsIlJvbCI6IkEiLCJpYXQiOjE3NTE5NTc4MDIsImV4cCI6MTc1MTk3NTgwMn0.A7o8NNxux8nJdXmIBRnc-ZMYvDSs8hEUdnxg-LiPatA; Max-Age=18000; Path=/; HttpOnly; Secure; SameSite=Lax
1 < Set-Cookie: Genero=F; Max-Age=18000; Path=/; HttpOnly; Secure; SameSite=Lax
1 < Set-Cookie: Google_Drive_Foto_ID=12CrZ2Z8qd2FGzo0UeOURh3turASgkZ-8; Max-Age=18000; Path=/; HttpOnly; Secure; SameSite=Lax
1 < Strict-Transport-Security: max-age=63072000; includeSubDomains; preload
1 < Vary: RSC, Next-Router-State-Tree, Next-Router-Prefetch, Next-Router-Segment-Prefetch
1 < X-Matched-Path: /api/auth/login
1 < X-Vercel-Cache: MISS
1 < X-Vercel-Id: gru1::iad1::zjqsx-1751957802488-0f02c281c80d


01:56:52.109 [pool-2-thread-3] DEBUG com.intuit.karate - request:
1 > POST https://siasis-dev.vercel.app/api/auth/login
1 > Cookie: Apellidos=Centeno%20Diaz; Google_Drive_Foto_ID=1sU6Vjh0xUDJ3oT2Za_t41Q1QqUte2bHy; Nombres=Jose; Genero=M; Rol=PA; token=eyJhbGciOiJIUzI1NiIsInR5cCI6IkpXVCJ9.eyJJRF9Vc3VhcmlvIjoiNDE4MDk5MTAiLCJOb21icmVfVXN1YXJpbyI6Impvc2VfY2VudGVub180MTgwIiwiUkRQMDJfSU5TVEFOQ0UiOiJSRFAwMl9JTlMzIiwiUkRQMDNfSU5TVEFOQ0UiOiJSRFAwM19JTlMzIiwiUm9sIjoiUEEiLCJpYXQiOjE3NTE5NTc4MDAsImV4cCI6MTc1MTk3NTgwMH0.DaCrg2TbUitZV-ZVaYUndc0vCkDsO-w0r5xaqjIgK_4
1 > Content-Type: application/json; charset=UTF-8
1 > Content-Length: 461
1 > Host: siasis-dev.vercel.app
1 > Connection: Keep-Alive
1 > User-Agent: Apache-HttpClient/4.5.14 (Java/17.0.12)
1 > Accept-Encoding: gzip,deflate
{
  "Nombres": "David Julian",
  "Apellidos": "Apolinario Quispe",
  "token": "eyJhbGciOiJIUzI1NiIsInR5cCI6IkpXVCJ9.eyJJRF9Vc3VhcmlvIjoiMTUzNzEwMjgiLCJOb21icmVfVXN1YXJpbyI6ImRhdmlkX2Fwb2xpbmFyaW9fMTUzNyIsIlJEUDAyX0lOU1RBTkNFIjoiUkRQMDJfSU5TMyIsIlJEUDAzX0lOU1RBTkNFIjoiUkRQMDNfSU5TNSIsIlJvbCI6IlBTIiwiaWF0IjoxNzUxOTU3ODAyLCJleHAiOjE3NTE5NzU4MDJ9.fEyWUeVkP83E07mcFpuMCJ56kEb8w2IkOcKui7YA26g",
  "Genero": "M",
  "Google_Drive_Foto_ID": "1zGZuWnkBA59hSHlTgGVXrduC8eBgrKi1",
  "Rol": "PS"
}


01:56:52.110 [pool-2-thread-1] DEBUG com.intuit.karate - request:
1 > GET https://siasis-dev.vercel.app/api/asistencia-hoy/consultar-asistencias-tomadas?TipoAsistencia=personal&ModoRegistro=E
1 > Cookie: Apellidos=Gonzales%20Morales; Google_Drive_Foto_ID=12CrZ2Z8qd2FGzo0UeOURh3turASgkZ-8; Nombres=Brigida; Genero=F; Rol=A; token=eyJhbGciOiJIUzI1NiIsInR5cCI6IkpXVCJ9.eyJJRF9Vc3VhcmlvIjoiMTUzNTcyNzgiLCJSRFAwMl9JTlNUQU5DRSI6IlJEUDAyX0lOUzEiLCJSRFAwM19JTlNUQU5DRSI6IlJEUDAzX0lOUzQiLCJOb21icmVfVXN1YXJpbyI6ImJyaWdpZGFfZ29uemFsZXNfMTUzNSIsIlJvbCI6IkEiLCJpYXQiOjE3NTE5NTc4MDIsImV4cCI6MTc1MTk3NTgwMn0.A7o8NNxux8nJdXmIBRnc-ZMYvDSs8hEUdnxg-LiPatA
1 > Host: siasis-dev.vercel.app
1 > Connection: Keep-Alive
1 > User-Agent: Apache-HttpClient/4.5.14 (Java/17.0.12)
1 > Accept-Encoding: gzip,deflate


01:56:52.249 [pool-2-thread-5] DEBUG com.intuit.karate - response time in milliseconds: 530
1 < 200
1 < Access-Control-Allow-Origin: *
1 < Cache-Control: public, max-age=0, must-revalidate
1 < Content-Length: 509
1 < Content-Type: application/json; charset=utf-8
1 < Date: Tue, 08 Jul 2025 06:56:42 GMT
1 < Etag: W/"1fd-ZiieEuXRgBoifhOLpaIciryDkqo"
1 < Server: Vercel
1 < Strict-Transport-Security: max-age=63072000; includeSubDomains; preload
1 < X-Powered-By: Express
1 < X-Vercel-Cache: MISS
1 < X-Vercel-Id: gru1::iad1::bsmv9-1751957802514-a1cdc3ec848f
{
  "success": true,
  "message": "Inicio de sesión exitoso",
  "data": {
    "Apellidos": "Cullanco Espilco",
    "Nombres": "Elena Serafina",
    "Rol": "D",
    "token": "eyJhbGciOiJIUzI1NiIsInR5cCI6IkpXVCJ9.eyJJRF9Vc3VhcmlvIjoiMSIsIk5vbWJyZV9Vc3VhcmlvIjoiZGlyZWN0b3IuYXN1bmNpb244IiwiUkRQMDJfSU5TVEFOQ0UiOiJSRFAwMl9JTlMxIiwiUkRQMDNfSU5TVEFOQ0UiOiJSRFAwM19JTlM0IiwiUm9sIjoiRCIsImlhdCI6MTc1MTk1NzgwMiwiZXhwIjoxNzUxOTc1ODAyfQ.3c9Uy1UBpnL4Q1882hZDOZrAcf_gPOrPvWG46szKuj4",
    "Google_Drive_Foto_ID": "1pMkv-ba_T2mBKxjp_zBTZtgWEjwxPxdu",
    "Genero": "F"
  }
}


01:56:52.251 [pool-2-thread-5] INFO  com.intuit.karate - [print] eyJhbGciOiJIUzI1NiIsInR5cCI6IkpXVCJ9.eyJJRF9Vc3VhcmlvIjoiMSIsIk5vbWJyZV9Vc3VhcmlvIjoiZGlyZWN0b3IuYXN1bmNpb244IiwiUkRQMDJfSU5TVEFOQ0UiOiJSRFAwMl9JTlMxIiwiUkRQMDNfSU5TVEFOQ0UiOiJSRFAwM19JTlM0IiwiUm9sIjoiRCIsImlhdCI6MTc1MTk1NzgwMiwiZXhwIjoxNzUxOTc1ODAyfQ.3c9Uy1UBpnL4Q1882hZDOZrAcf_gPOrPvWG46szKuj4 
01:56:52.252 [pool-2-thread-5] INFO  com.intuit.karate - [print] D 
01:56:52.254 [pool-2-thread-5] DEBUG com.intuit.karate - request:
1 > POST https://siasis-dev.vercel.app/api/auth/login
1 > Content-Type: application/json; charset=UTF-8
1 > Content-Length: 447
1 > Host: siasis-dev.vercel.app
1 > Connection: Keep-Alive
1 > User-Agent: Apache-HttpClient/4.5.14 (Java/17.0.12)
1 > Accept-Encoding: gzip,deflate
{
  "Nombres": "Elena Serafina",
  "Apellidos": "Cullanco Espilco",
  "token": "eyJhbGciOiJIUzI1NiIsInR5cCI6IkpXVCJ9.eyJJRF9Vc3VhcmlvIjoiMSIsIk5vbWJyZV9Vc3VhcmlvIjoiZGlyZWN0b3IuYXN1bmNpb244IiwiUkRQMDJfSU5TVEFOQ0UiOiJSRFAwMl9JTlMxIiwiUkRQMDNfSU5TVEFOQ0UiOiJSRFAwM19JTlM0IiwiUm9sIjoiRCIsImlhdCI6MTc1MTk1NzgwMiwiZXhwIjoxNzUxOTc1ODAyfQ.3c9Uy1UBpnL4Q1882hZDOZrAcf_gPOrPvWG46szKuj4",
  "Genero": "F",
  "Google_Drive_Foto_ID": "1pMkv-ba_T2mBKxjp_zBTZtgWEjwxPxdu",
  "Rol": "D"
}


01:56:52.343 [pool-2-thread-4] DEBUG com.intuit.karate - response time in milliseconds: 560
1 < 200
1 < Access-Control-Allow-Origin: *
1 < Cache-Control: public, max-age=0, must-revalidate
1 < Content-Length: 522
1 < Content-Type: application/json; charset=utf-8
1 < Date: Tue, 08 Jul 2025 06:56:42 GMT
1 < Etag: W/"20a-AzxarM+rTZvLjOt3QyTKIyaZXb4"
1 < Server: Vercel
1 < Strict-Transport-Security: max-age=63072000; includeSubDomains; preload
1 < X-Powered-By: Express
1 < X-Vercel-Cache: MISS
1 < X-Vercel-Id: gru1::iad1::zjqsx-1751957802592-3e2084ee1eac
{
  "success": true,
  "message": "Inicio de sesión exitoso",
  "data": {
    "Apellidos": "Godoy Villarubia",
    "Nombres": "Marisol Ceferina",
    "Rol": "PP",
    "token": "eyJhbGciOiJIUzI1NiIsInR5cCI6IkpXVCJ9.eyJJRF9Vc3VhcmlvIjoiMTUzNzgzMTciLCJOb21icmVfVXN1YXJpbyI6Im1hcmlzb2xfZ29kb3lfMTUzNyIsIlJEUDAyX0lOU1RBTkNFIjoiUkRQMDJfSU5TMiIsIlJEUDAzX0lOU1RBTkNFIjoiUkRQMDNfSU5TMSIsIlJvbCI6IlBQIiwiaWF0IjoxNzUxOTU3ODAyLCJleHAiOjE3NTE5NzU4MDJ9.MgUuNJZuQ8xF5OdS7jcEuVCClLcWv21wR609B0E2XdI",
    "Google_Drive_Foto_ID": "1p8FC3py693IjnMTa4uINq5lVSb9P3LBc",
    "Genero": "F"
  }
}


01:56:52.346 [pool-2-thread-4] INFO  com.intuit.karate - [print] eyJhbGciOiJIUzI1NiIsInR5cCI6IkpXVCJ9.eyJJRF9Vc3VhcmlvIjoiMTUzNzgzMTciLCJOb21icmVfVXN1YXJpbyI6Im1hcmlzb2xfZ29kb3lfMTUzNyIsIlJEUDAyX0lOU1RBTkNFIjoiUkRQMDJfSU5TMiIsIlJEUDAzX0lOU1RBTkNFIjoiUkRQMDNfSU5TMSIsIlJvbCI6IlBQIiwiaWF0IjoxNzUxOTU3ODAyLCJleHAiOjE3NTE5NzU4MDJ9.MgUuNJZuQ8xF5OdS7jcEuVCClLcWv21wR609B0E2XdI 
01:56:52.346 [pool-2-thread-4] INFO  com.intuit.karate - [print] PP 
01:56:52.349 [pool-2-thread-4] DEBUG com.intuit.karate - request:
1 > POST https://siasis-dev.vercel.app/api/auth/login
1 > Cookie: Apellidos=Centeno%20Diaz; Google_Drive_Foto_ID=1Jv0B596JMyZMRO7MFcdXW0nN8AI7hFIe; Nombres=Jose; Genero=M; Rol=PA; token=eyJhbGciOiJIUzI1NiIsInR5cCI6IkpXVCJ9.eyJJRF9Vc3VhcmlvIjoiNDE4MDk5MTAiLCJOb21icmVfVXN1YXJpbyI6Impvc2VfY2VudGVub180MTgwIiwiUkRQMDJfSU5TVEFOQ0UiOiJSRFAwMl9JTlMyIiwiUkRQMDNfSU5TVEFOQ0UiOiJSRFAwM19JTlMzIiwiUm9sIjoiUEEiLCJpYXQiOjE3NTE5NTc4MDEsImV4cCI6MTc1MTk3NTgwMX0.8CfcwDhbpnZrvuebDPtq3RUI6DElFb1WVlyXzIJMGho
1 > Content-Type: application/json; charset=UTF-8
1 > Content-Length: 460
1 > Host: siasis-dev.vercel.app
1 > Connection: Keep-Alive
1 > User-Agent: Apache-HttpClient/4.5.14 (Java/17.0.12)
1 > Accept-Encoding: gzip,deflate
{
  "Nombres": "Marisol Ceferina",
  "Apellidos": "Godoy Villarubia",
  "token": "eyJhbGciOiJIUzI1NiIsInR5cCI6IkpXVCJ9.eyJJRF9Vc3VhcmlvIjoiMTUzNzgzMTciLCJOb21icmVfVXN1YXJpbyI6Im1hcmlzb2xfZ29kb3lfMTUzNyIsIlJEUDAyX0lOU1RBTkNFIjoiUkRQMDJfSU5TMiIsIlJEUDAzX0lOU1RBTkNFIjoiUkRQMDNfSU5TMSIsIlJvbCI6IlBQIiwiaWF0IjoxNzUxOTU3ODAyLCJleHAiOjE3NTE5NzU4MDJ9.MgUuNJZuQ8xF5OdS7jcEuVCClLcWv21wR609B0E2XdI",
  "Genero": "F",
  "Google_Drive_Foto_ID": "1p8FC3py693IjnMTa4uINq5lVSb9P3LBc",
  "Rol": "PP"
}


01:56:52.525 [pool-2-thread-3] DEBUG com.intuit.karate - response time in milliseconds: 416
1 < 201
1 < Cache-Control: public, max-age=0, must-revalidate
1 < Content-Length: 0
1 < Date: Tue, 08 Jul 2025 06:56:42 GMT
1 < Server: Vercel
1 < Set-Cookie: Nombres=David%20Julian; Max-Age=18000; Path=/; HttpOnly; Secure; SameSite=Lax
1 < Set-Cookie: Apellidos=Apolinario%20Quispe; Max-Age=18000; Path=/; HttpOnly; Secure; SameSite=Lax
1 < Set-Cookie: Rol=PS; Max-Age=18000; Path=/; HttpOnly; Secure; SameSite=Lax
1 < Set-Cookie: token=eyJhbGciOiJIUzI1NiIsInR5cCI6IkpXVCJ9.eyJJRF9Vc3VhcmlvIjoiMTUzNzEwMjgiLCJOb21icmVfVXN1YXJpbyI6ImRhdmlkX2Fwb2xpbmFyaW9fMTUzNyIsIlJEUDAyX0lOU1RBTkNFIjoiUkRQMDJfSU5TMyIsIlJEUDAzX0lOU1RBTkNFIjoiUkRQMDNfSU5TNSIsIlJvbCI6IlBTIiwiaWF0IjoxNzUxOTU3ODAyLCJleHAiOjE3NTE5NzU4MDJ9.fEyWUeVkP83E07mcFpuMCJ56kEb8w2IkOcKui7YA26g; Max-Age=18000; Path=/; HttpOnly; Secure; SameSite=Lax
1 < Set-Cookie: Genero=M; Max-Age=18000; Path=/; HttpOnly; Secure; SameSite=Lax
1 < Set-Cookie: Google_Drive_Foto_ID=1zGZuWnkBA59hSHlTgGVXrduC8eBgrKi1; Max-Age=18000; Path=/; HttpOnly; Secure; SameSite=Lax
1 < Strict-Transport-Security: max-age=63072000; includeSubDomains; preload
1 < Vary: RSC, Next-Router-State-Tree, Next-Router-Prefetch, Next-Router-Segment-Prefetch
1 < X-Matched-Path: /api/auth/login
1 < X-Vercel-Cache: MISS
1 < X-Vercel-Id: gru1::iad1::4mjfc-1751957802906-8df4113f8a7a


01:56:52.530 [pool-2-thread-3] DEBUG com.intuit.karate - request:
1 > GET https://siasis-dev.vercel.app/api/asistencia-hoy/consultar-asistencias-tomadas?TipoAsistencia=personal&ModoRegistro=E
1 > Cookie: Apellidos=Apolinario%20Quispe; Google_Drive_Foto_ID=1zGZuWnkBA59hSHlTgGVXrduC8eBgrKi1; Nombres=David%20Julian; Genero=M; Rol=PS; token=eyJhbGciOiJIUzI1NiIsInR5cCI6IkpXVCJ9.eyJJRF9Vc3VhcmlvIjoiMTUzNzEwMjgiLCJOb21icmVfVXN1YXJpbyI6ImRhdmlkX2Fwb2xpbmFyaW9fMTUzNyIsIlJEUDAyX0lOU1RBTkNFIjoiUkRQMDJfSU5TMyIsIlJEUDAzX0lOU1RBTkNFIjoiUkRQMDNfSU5TNSIsIlJvbCI6IlBTIiwiaWF0IjoxNzUxOTU3ODAyLCJleHAiOjE3NTE5NzU4MDJ9.fEyWUeVkP83E07mcFpuMCJ56kEb8w2IkOcKui7YA26g
1 > Host: siasis-dev.vercel.app
1 > Connection: Keep-Alive
1 > User-Agent: Apache-HttpClient/4.5.14 (Java/17.0.12)
1 > Accept-Encoding: gzip,deflate


01:56:52.690 [pool-2-thread-5] DEBUG com.intuit.karate - response time in milliseconds: 435
1 < 201
1 < Cache-Control: public, max-age=0, must-revalidate
1 < Content-Length: 0
1 < Date: Tue, 08 Jul 2025 06:56:43 GMT
1 < Server: Vercel
1 < Set-Cookie: Nombres=Elena%20Serafina; Max-Age=18000; Path=/; HttpOnly; Secure; SameSite=Lax
1 < Set-Cookie: Apellidos=Cullanco%20Espilco; Max-Age=18000; Path=/; HttpOnly; Secure; SameSite=Lax
1 < Set-Cookie: Rol=D; Max-Age=18000; Path=/; HttpOnly; Secure; SameSite=Lax
1 < Set-Cookie: token=eyJhbGciOiJIUzI1NiIsInR5cCI6IkpXVCJ9.eyJJRF9Vc3VhcmlvIjoiMSIsIk5vbWJyZV9Vc3VhcmlvIjoiZGlyZWN0b3IuYXN1bmNpb244IiwiUkRQMDJfSU5TVEFOQ0UiOiJSRFAwMl9JTlMxIiwiUkRQMDNfSU5TVEFOQ0UiOiJSRFAwM19JTlM0IiwiUm9sIjoiRCIsImlhdCI6MTc1MTk1NzgwMiwiZXhwIjoxNzUxOTc1ODAyfQ.3c9Uy1UBpnL4Q1882hZDOZrAcf_gPOrPvWG46szKuj4; Max-Age=18000; Path=/; HttpOnly; Secure; SameSite=Lax
1 < Set-Cookie: Genero=F; Max-Age=18000; Path=/; HttpOnly; Secure; SameSite=Lax
1 < Set-Cookie: Google_Drive_Foto_ID=1pMkv-ba_T2mBKxjp_zBTZtgWEjwxPxdu; Max-Age=18000; Path=/; HttpOnly; Secure; SameSite=Lax
1 < Strict-Transport-Security: max-age=63072000; includeSubDomains; preload
1 < Vary: RSC, Next-Router-State-Tree, Next-Router-Prefetch, Next-Router-Segment-Prefetch
1 < X-Matched-Path: /api/auth/login
1 < X-Vercel-Cache: MISS
1 < X-Vercel-Id: gru1::iad1::bsmv9-1751957803054-c3458623cc43


01:56:52.690 [pool-2-thread-2] DEBUG com.intuit.karate - response time in milliseconds: 692
1 < 200
1 < Access-Control-Allow-Origin: *
1 < Cache-Control: public, max-age=0, must-revalidate
1 < Content-Length: 519
1 < Content-Type: application/json; charset=utf-8
1 < Date: Tue, 08 Jul 2025 06:56:43 GMT
1 < Etag: W/"207-AipnZ9dBdNvur3wjZQfgq5DhsjE"
1 < Server: Vercel
1 < Strict-Transport-Security: max-age=63072000; includeSubDomains; preload
1 < X-Powered-By: Express
1 < X-Vercel-Cache: MISS
1 < X-Vercel-Id: gru1::iad1::cq8gr-1751957802794-35ba6157a308
{
  "success": true,
  "message": "Inicio de sesión exitoso",
  "data": {
    "Apellidos": "Sanchez Gonzales",
    "Nombres": "Daniel Enrique",
    "Rol": "T",
    "token": "eyJhbGciOiJIUzI1NiIsInR5cCI6IkpXVCJ9.eyJJRF9Vc3VhcmlvIjoiMTU0MjA3NDUiLCJOb21icmVfVXN1YXJpbyI6ImRhbmllbF9zYW5jaGV6XzE1NDIiLCJSRFAwMl9JTlNUQU5DRSI6IlJEUDAyX0lOUzEiLCJSRFAwM19JTlNUQU5DRSI6IlJEUDAzX0lOUzIiLCJSb2wiOiJUIiwiaWF0IjoxNzUxOTU3ODAzLCJleHAiOjE3NTE5NzU4MDN9.cFf4LseXi1RcWoHZg6vw-9PteYHN_7ghlRPIuXp-u-8",
    "Google_Drive_Foto_ID": "14aAaksU7TNE6kOiFsRt4m5y2LSvnat1b",
    "Genero": "M"
  }
}


01:56:52.693 [pool-2-thread-2] INFO  com.intuit.karate - [print] eyJhbGciOiJIUzI1NiIsInR5cCI6IkpXVCJ9.eyJJRF9Vc3VhcmlvIjoiMTU0MjA3NDUiLCJOb21icmVfVXN1YXJpbyI6ImRhbmllbF9zYW5jaGV6XzE1NDIiLCJSRFAwMl9JTlNUQU5DRSI6IlJEUDAyX0lOUzEiLCJSRFAwM19JTlNUQU5DRSI6IlJEUDAzX0lOUzIiLCJSb2wiOiJUIiwiaWF0IjoxNzUxOTU3ODAzLCJleHAiOjE3NTE5NzU4MDN9.cFf4LseXi1RcWoHZg6vw-9PteYHN_7ghlRPIuXp-u-8 
01:56:52.694 [pool-2-thread-2] INFO  com.intuit.karate - [print] T 
01:56:52.695 [pool-2-thread-5] DEBUG com.intuit.karate - request:
1 > POST https://siasis-dev.vercel.app/api/asistencia-hoy/marcar
1 > Cookie: Apellidos=Cullanco%20Espilco; Google_Drive_Foto_ID=1pMkv-ba_T2mBKxjp_zBTZtgWEjwxPxdu; Nombres=Elena%20Serafina; Genero=F; Rol=D; token=eyJhbGciOiJIUzI1NiIsInR5cCI6IkpXVCJ9.eyJJRF9Vc3VhcmlvIjoiMSIsIk5vbWJyZV9Vc3VhcmlvIjoiZGlyZWN0b3IuYXN1bmNpb244IiwiUkRQMDJfSU5TVEFOQ0UiOiJSRFAwMl9JTlMxIiwiUkRQMDNfSU5TVEFOQ0UiOiJSRFAwM19JTlM0IiwiUm9sIjoiRCIsImlhdCI6MTc1MTk1NzgwMiwiZXhwIjoxNzUxOTc1ODAyfQ.3c9Uy1UBpnL4Q1882hZDOZrAcf_gPOrPvWG46szKuj4
1 > Content-Type: application/json; charset=UTF-8
1 > Content-Length: 70
1 > Host: siasis-dev.vercel.app
1 > Connection: Keep-Alive
1 > User-Agent: Apache-HttpClient/4.5.14 (Java/17.0.12)
1 > Accept-Encoding: gzip,deflate
{
  "ModoRegistro": "E",
  "FechaHoraEsperadaISO": "2025-07-08T05:56:52.692Z"
}


01:56:52.696 [pool-2-thread-2] DEBUG com.intuit.karate - request:
1 > POST https://siasis-dev.vercel.app/api/auth/login
1 > Cookie: Apellidos=Centeno%20Diaz; Google_Drive_Foto_ID=1sU6Vjh0xUDJ3oT2Za_t41Q1QqUte2bHy; Nombres=Jose; Genero=M; Rol=PA; token=eyJhbGciOiJIUzI1NiIsInR5cCI6IkpXVCJ9.eyJJRF9Vc3VhcmlvIjoiNDE4MDk5MTAiLCJOb21icmVfVXN1YXJpbyI6Impvc2VfY2VudGVub180MTgwIiwiUkRQMDJfSU5TVEFOQ0UiOiJSRFAwMl9JTlMxIiwiUkRQMDNfSU5TVEFOQ0UiOiJSRFAwM19JTlM0IiwiUm9sIjoiUEEiLCJpYXQiOjE3NTE5NTc4MDEsImV4cCI6MTc1MTk3NTgwMX0.s6cKa8V-9938Ab8YqrqFkGdgmouSm0OGJ4qcd8_1aaA
1 > Content-Type: application/json; charset=UTF-8
1 > Content-Length: 457
1 > Host: siasis-dev.vercel.app
1 > Connection: Keep-Alive
1 > User-Agent: Apache-HttpClient/4.5.14 (Java/17.0.12)
1 > Accept-Encoding: gzip,deflate
{
  "Nombres": "Daniel Enrique",
  "Apellidos": "Sanchez Gonzales",
  "token": "eyJhbGciOiJIUzI1NiIsInR5cCI6IkpXVCJ9.eyJJRF9Vc3VhcmlvIjoiMTU0MjA3NDUiLCJOb21icmVfVXN1YXJpbyI6ImRhbmllbF9zYW5jaGV6XzE1NDIiLCJSRFAwMl9JTlNUQU5DRSI6IlJEUDAyX0lOUzEiLCJSRFAwM19JTlNUQU5DRSI6IlJEUDAzX0lOUzIiLCJSb2wiOiJUIiwiaWF0IjoxNzUxOTU3ODAzLCJleHAiOjE3NTE5NzU4MDN9.cFf4LseXi1RcWoHZg6vw-9PteYHN_7ghlRPIuXp-u-8",
  "Genero": "M",
  "Google_Drive_Foto_ID": "14aAaksU7TNE6kOiFsRt4m5y2LSvnat1b",
  "Rol": "T"
}


01:56:52.760 [pool-2-thread-4] DEBUG com.intuit.karate - response time in milliseconds: 410
1 < 201
1 < Cache-Control: public, max-age=0, must-revalidate
1 < Content-Length: 0
1 < Date: Tue, 08 Jul 2025 06:56:43 GMT
1 < Server: Vercel
1 < Set-Cookie: Nombres=Marisol%20Ceferina; Max-Age=18000; Path=/; HttpOnly; Secure; SameSite=Lax
1 < Set-Cookie: Apellidos=Godoy%20Villarubia; Max-Age=18000; Path=/; HttpOnly; Secure; SameSite=Lax
1 < Set-Cookie: Rol=PP; Max-Age=18000; Path=/; HttpOnly; Secure; SameSite=Lax
1 < Set-Cookie: token=eyJhbGciOiJIUzI1NiIsInR5cCI6IkpXVCJ9.eyJJRF9Vc3VhcmlvIjoiMTUzNzgzMTciLCJOb21icmVfVXN1YXJpbyI6Im1hcmlzb2xfZ29kb3lfMTUzNyIsIlJEUDAyX0lOU1RBTkNFIjoiUkRQMDJfSU5TMiIsIlJEUDAzX0lOU1RBTkNFIjoiUkRQMDNfSU5TMSIsIlJvbCI6IlBQIiwiaWF0IjoxNzUxOTU3ODAyLCJleHAiOjE3NTE5NzU4MDJ9.MgUuNJZuQ8xF5OdS7jcEuVCClLcWv21wR609B0E2XdI; Max-Age=18000; Path=/; HttpOnly; Secure; SameSite=Lax
1 < Set-Cookie: Genero=F; Max-Age=18000; Path=/; HttpOnly; Secure; SameSite=Lax
1 < Set-Cookie: Google_Drive_Foto_ID=1p8FC3py693IjnMTa4uINq5lVSb9P3LBc; Max-Age=18000; Path=/; HttpOnly; Secure; SameSite=Lax
1 < Strict-Transport-Security: max-age=63072000; includeSubDomains; preload
1 < Vary: RSC, Next-Router-State-Tree, Next-Router-Prefetch, Next-Router-Segment-Prefetch
1 < X-Matched-Path: /api/auth/login
1 < X-Vercel-Cache: MISS
1 < X-Vercel-Id: gru1::iad1::zpjsk-1751957803153-fe7d3f139374


01:56:52.762 [pool-2-thread-4] DEBUG com.intuit.karate - request:
1 > GET https://siasis-dev.vercel.app/api/asistencia-hoy/consultar-asistencias-tomadas?TipoAsistencia=personal&ModoRegistro=E
1 > Cookie: Apellidos=Godoy%20Villarubia; Google_Drive_Foto_ID=1p8FC3py693IjnMTa4uINq5lVSb9P3LBc; Nombres=Marisol%20Ceferina; Genero=F; Rol=PP; token=eyJhbGciOiJIUzI1NiIsInR5cCI6IkpXVCJ9.eyJJRF9Vc3VhcmlvIjoiMTUzNzgzMTciLCJOb21icmVfVXN1YXJpbyI6Im1hcmlzb2xfZ29kb3lfMTUzNyIsIlJEUDAyX0lOU1RBTkNFIjoiUkRQMDJfSU5TMiIsIlJEUDAzX0lOU1RBTkNFIjoiUkRQMDNfSU5TMSIsIlJvbCI6IlBQIiwiaWF0IjoxNzUxOTU3ODAyLCJleHAiOjE3NTE5NzU4MDJ9.MgUuNJZuQ8xF5OdS7jcEuVCClLcWv21wR609B0E2XdI
1 > Host: siasis-dev.vercel.app
1 > Connection: Keep-Alive
1 > User-Agent: Apache-HttpClient/4.5.14 (Java/17.0.12)
1 > Accept-Encoding: gzip,deflate


01:56:52.805 [pool-2-thread-1] DEBUG com.intuit.karate - response time in milliseconds: 694
1 < 200
1 < Age: 0
1 < Cache-Control: public, max-age=0, must-revalidate
1 < Content-Type: application/json
1 < Date: Tue, 08 Jul 2025 06:56:43 GMT
1 < Server: Vercel
1 < Strict-Transport-Security: max-age=63072000; includeSubDomains; preload
1 < Vary: RSC, Next-Router-State-Tree, Next-Router-Prefetch, Next-Router-Segment-Prefetch
1 < X-Matched-Path: /api/asistencia-hoy/consultar-asistencias-tomadas
1 < X-Vercel-Cache: MISS
1 < X-Vercel-Id: gru1::iad1::bdvft-1751957802911-d6bd228c9d01
1 < Transfer-Encoding: chunked
{
  "Actor": "A",
  "Dia": 8,
  "Mes": 7,
  "ModoRegistro": "E",
  "TipoAsistencia": "personal",
  "Resultados": {
    "ID_o_DNI": "15357278",
    "AsistenciaMarcada": true,
    "Detalles": {
      "Timestamp": 1751949179640,
      "DesfaseSegundos": 21590
    }
  }
}


01:56:52.824 [pool-2-thread-1] DEBUG com.intuit.karate - request:
1 > POST https://api01-siasis-dev.vercel.app/api/login/directivo
1 > Content-Type: application/json; charset=UTF-8
1 > Content-Length: 64
1 > Host: api01-siasis-dev.vercel.app
1 > Connection: Keep-Alive
1 > User-Agent: Apache-HttpClient/4.5.14 (Java/17.0.12)
1 > Accept-Encoding: gzip,deflate
{
  "Nombre_Usuario": "director.asuncion8",
  "Contraseña": "15430124"
}


01:56:53.201 [pool-2-thread-2] DEBUG com.intuit.karate - response time in milliseconds: 504
1 < 201
1 < Cache-Control: public, max-age=0, must-revalidate
1 < Content-Length: 0
1 < Date: Tue, 08 Jul 2025 06:56:43 GMT
1 < Server: Vercel
1 < Set-Cookie: Nombres=Daniel%20Enrique; Max-Age=18000; Path=/; HttpOnly; Secure; SameSite=Lax
1 < Set-Cookie: Apellidos=Sanchez%20Gonzales; Max-Age=18000; Path=/; HttpOnly; Secure; SameSite=Lax
1 < Set-Cookie: Rol=T; Max-Age=18000; Path=/; HttpOnly; Secure; SameSite=Lax
1 < Set-Cookie: token=eyJhbGciOiJIUzI1NiIsInR5cCI6IkpXVCJ9.eyJJRF9Vc3VhcmlvIjoiMTU0MjA3NDUiLCJOb21icmVfVXN1YXJpbyI6ImRhbmllbF9zYW5jaGV6XzE1NDIiLCJSRFAwMl9JTlNUQU5DRSI6IlJEUDAyX0lOUzEiLCJSRFAwM19JTlNUQU5DRSI6IlJEUDAzX0lOUzIiLCJSb2wiOiJUIiwiaWF0IjoxNzUxOTU3ODAzLCJleHAiOjE3NTE5NzU4MDN9.cFf4LseXi1RcWoHZg6vw-9PteYHN_7ghlRPIuXp-u-8; Max-Age=18000; Path=/; HttpOnly; Secure; SameSite=Lax
1 < Set-Cookie: Genero=M; Max-Age=18000; Path=/; HttpOnly; Secure; SameSite=Lax
1 < Set-Cookie: Google_Drive_Foto_ID=14aAaksU7TNE6kOiFsRt4m5y2LSvnat1b; Max-Age=18000; Path=/; HttpOnly; Secure; SameSite=Lax
1 < Strict-Transport-Security: max-age=63072000; includeSubDomains; preload
1 < Vary: RSC, Next-Router-State-Tree, Next-Router-Prefetch, Next-Router-Segment-Prefetch
1 < X-Matched-Path: /api/auth/login
1 < X-Vercel-Cache: MISS
1 < X-Vercel-Id: gru1::iad1::zjqsx-1751957803495-7fdf97a2e812


01:56:53.203 [pool-2-thread-2] DEBUG com.intuit.karate - request:
1 > GET https://siasis-dev.vercel.app/api/asistencia-hoy/consultar-asistencias-tomadas?TipoAsistencia=personal&ModoRegistro=E
1 > Cookie: Apellidos=Sanchez%20Gonzales; Google_Drive_Foto_ID=14aAaksU7TNE6kOiFsRt4m5y2LSvnat1b; Nombres=Daniel%20Enrique; Genero=M; Rol=T; token=eyJhbGciOiJIUzI1NiIsInR5cCI6IkpXVCJ9.eyJJRF9Vc3VhcmlvIjoiMTU0MjA3NDUiLCJOb21icmVfVXN1YXJpbyI6ImRhbmllbF9zYW5jaGV6XzE1NDIiLCJSRFAwMl9JTlNUQU5DRSI6IlJEUDAyX0lOUzEiLCJSRFAwM19JTlNUQU5DRSI6IlJEUDAzX0lOUzIiLCJSb2wiOiJUIiwiaWF0IjoxNzUxOTU3ODAzLCJleHAiOjE3NTE5NzU4MDN9.cFf4LseXi1RcWoHZg6vw-9PteYHN_7ghlRPIuXp-u-8
1 > Host: siasis-dev.vercel.app
1 > Connection: Keep-Alive
1 > User-Agent: Apache-HttpClient/4.5.14 (Java/17.0.12)
1 > Accept-Encoding: gzip,deflate


01:56:53.229 [pool-2-thread-3] DEBUG com.intuit.karate - response time in milliseconds: 699
1 < 200
1 < Age: 0
1 < Cache-Control: public, max-age=0, must-revalidate
1 < Content-Type: application/json
1 < Date: Tue, 08 Jul 2025 06:56:43 GMT
1 < Server: Vercel
1 < Strict-Transport-Security: max-age=63072000; includeSubDomains; preload
1 < Vary: RSC, Next-Router-State-Tree, Next-Router-Prefetch, Next-Router-Segment-Prefetch
1 < X-Matched-Path: /api/asistencia-hoy/consultar-asistencias-tomadas
1 < X-Vercel-Cache: MISS
1 < X-Vercel-Id: gru1::iad1::cq8gr-1751957803335-5f6663d590d1
1 < Transfer-Encoding: chunked
{
  "Actor": "PS",
  "Dia": 8,
  "Mes": 7,
  "ModoRegistro": "E",
  "TipoAsistencia": "personal",
  "Resultados": {
    "ID_o_DNI": "15371028",
    "AsistenciaMarcada": true,
    "Detalles": {
      "Timestamp": 1751951362103,
      "DesfaseSegundos": 21591
    }
  }
}


01:56:53.246 [pool-2-thread-3] DEBUG com.intuit.karate - request:
1 > POST https://api01-siasis-dev.vercel.app/api/login/directivo
1 > Content-Type: application/json; charset=UTF-8
1 > Content-Length: 64
1 > Host: api01-siasis-dev.vercel.app
1 > Connection: Keep-Alive
1 > User-Agent: Apache-HttpClient/4.5.14 (Java/17.0.12)
1 > Accept-Encoding: gzip,deflate
{
  "Nombre_Usuario": "director.asuncion8",
  "Contraseña": "15430124"
}


01:56:53.256 [pool-2-thread-5] DEBUG com.intuit.karate - response time in milliseconds: 561
1 < 200
1 < Cache-Control: public, max-age=0, must-revalidate
1 < Content-Type: application/json
1 < Date: Tue, 08 Jul 2025 06:56:43 GMT
1 < Server: Vercel
1 < Strict-Transport-Security: max-age=63072000; includeSubDomains; preload
1 < Vary: RSC, Next-Router-State-Tree, Next-Router-Prefetch, Next-Router-Segment-Prefetch
1 < X-Matched-Path: /api/asistencia-hoy/marcar
1 < X-Vercel-Cache: MISS
1 < X-Vercel-Id: gru1::iad1::z422j-1751957803491-71e4e2813c46
1 < Transfer-Encoding: chunked
{
  "success": true,
  "message": "La asistencia ya había sido registrada anteriormente",
  "data": {
    "timestamp": 1751957803588,
    "desfaseSegundos": 3590,
    "esNuevoRegistro": false,
    "esRegistroPropio": false,
    "actorRegistrado": "D",
    "tipoAsistencia": "personal"
  }
}


01:56:53.259 [pool-2-thread-5] DEBUG c.intuit.karate.core.ScenarioEngine - over-writing existing variable 'loginFeature' with new value: 'classpath:resources/features/login/Auxiliar.feature'
01:56:53.264 [pool-2-thread-5] DEBUG c.intuit.karate.core.ScenarioEngine - over-writing existing variable 'loginResponse' with new value: call read(loginFeature)
01:56:53.271 [pool-2-thread-5] DEBUG com.intuit.karate - request:
1 > POST https://api01-siasis-dev.vercel.app/api/login/auxiliar
1 > Cookie: Apellidos=Cullanco%20Espilco; Google_Drive_Foto_ID=1pMkv-ba_T2mBKxjp_zBTZtgWEjwxPxdu; Nombres=Elena%20Serafina; Genero=F; Rol=D; token=eyJhbGciOiJIUzI1NiIsInR5cCI6IkpXVCJ9.eyJJRF9Vc3VhcmlvIjoiMSIsIk5vbWJyZV9Vc3VhcmlvIjoiZGlyZWN0b3IuYXN1bmNpb244IiwiUkRQMDJfSU5TVEFOQ0UiOiJSRFAwMl9JTlMxIiwiUkRQMDNfSU5TVEFOQ0UiOiJSRFAwM19JTlM0IiwiUm9sIjoiRCIsImlhdCI6MTc1MTk1NzgwMiwiZXhwIjoxNzUxOTc1ODAyfQ.3c9Uy1UBpnL4Q1882hZDOZrAcf_gPOrPvWG46szKuj4
1 > Content-Type: application/json; charset=UTF-8
1 > Content-Length: 67
1 > Host: api01-siasis-dev.vercel.app
1 > Connection: Keep-Alive
1 > User-Agent: Apache-HttpClient/4.5.14 (Java/17.0.12)
1 > Accept-Encoding: gzip,deflate
{
  "Nombre_Usuario": "brigida_gonzales_1535",
  "Contraseña": "15357278"
}


01:56:53.353 [pool-2-thread-1] DEBUG com.intuit.karate - response time in milliseconds: 528
1 < 200
1 < Access-Control-Allow-Origin: *
1 < Cache-Control: public, max-age=0, must-revalidate
1 < Content-Length: 509
1 < Content-Type: application/json; charset=utf-8
1 < Date: Tue, 08 Jul 2025 06:56:43 GMT
1 < Etag: W/"1fd-/ctgZvPyU4V6rcmjgDMfyJh9W0M"
1 < Server: Vercel
1 < Strict-Transport-Security: max-age=63072000; includeSubDomains; preload
1 < X-Powered-By: Express
1 < X-Vercel-Cache: MISS
1 < X-Vercel-Id: gru1::iad1::cq8gr-1751957803621-3ebd18a24a79
{
  "success": true,
  "message": "Inicio de sesión exitoso",
  "data": {
    "Apellidos": "Cullanco Espilco",
    "Nombres": "Elena Serafina",
    "Rol": "D",
    "token": "eyJhbGciOiJIUzI1NiIsInR5cCI6IkpXVCJ9.eyJJRF9Vc3VhcmlvIjoiMSIsIk5vbWJyZV9Vc3VhcmlvIjoiZGlyZWN0b3IuYXN1bmNpb244IiwiUkRQMDJfSU5TVEFOQ0UiOiJSRFAwMl9JTlMxIiwiUkRQMDNfSU5TVEFOQ0UiOiJSRFAwM19JTlM1IiwiUm9sIjoiRCIsImlhdCI6MTc1MTk1NzgwMywiZXhwIjoxNzUxOTc1ODAzfQ.-AMCCiAI8HsbRjznpI6C0oZe9_Qj7EXlAv6BthWFWIE",
    "Google_Drive_Foto_ID": "1pMkv-ba_T2mBKxjp_zBTZtgWEjwxPxdu",
    "Genero": "F"
  }
}


01:56:53.354 [pool-2-thread-1] INFO  com.intuit.karate - [print] eyJhbGciOiJIUzI1NiIsInR5cCI6IkpXVCJ9.eyJJRF9Vc3VhcmlvIjoiMSIsIk5vbWJyZV9Vc3VhcmlvIjoiZGlyZWN0b3IuYXN1bmNpb244IiwiUkRQMDJfSU5TVEFOQ0UiOiJSRFAwMl9JTlMxIiwiUkRQMDNfSU5TVEFOQ0UiOiJSRFAwM19JTlM1IiwiUm9sIjoiRCIsImlhdCI6MTc1MTk1NzgwMywiZXhwIjoxNzUxOTc1ODAzfQ.-AMCCiAI8HsbRjznpI6C0oZe9_Qj7EXlAv6BthWFWIE 
01:56:53.354 [pool-2-thread-1] INFO  com.intuit.karate - [print] D 
01:56:53.356 [pool-2-thread-1] DEBUG com.intuit.karate - request:
1 > POST https://siasis-dev.vercel.app/api/auth/login
1 > Content-Type: application/json; charset=UTF-8
1 > Content-Length: 447
1 > Host: siasis-dev.vercel.app
1 > Connection: Keep-Alive
1 > User-Agent: Apache-HttpClient/4.5.14 (Java/17.0.12)
1 > Accept-Encoding: gzip,deflate
{
  "Nombres": "Elena Serafina",
  "Apellidos": "Cullanco Espilco",
  "token": "eyJhbGciOiJIUzI1NiIsInR5cCI6IkpXVCJ9.eyJJRF9Vc3VhcmlvIjoiMSIsIk5vbWJyZV9Vc3VhcmlvIjoiZGlyZWN0b3IuYXN1bmNpb244IiwiUkRQMDJfSU5TVEFOQ0UiOiJSRFAwMl9JTlMxIiwiUkRQMDNfSU5TVEFOQ0UiOiJSRFAwM19JTlM1IiwiUm9sIjoiRCIsImlhdCI6MTc1MTk1NzgwMywiZXhwIjoxNzUxOTc1ODAzfQ.-AMCCiAI8HsbRjznpI6C0oZe9_Qj7EXlAv6BthWFWIE",
  "Genero": "F",
  "Google_Drive_Foto_ID": "1pMkv-ba_T2mBKxjp_zBTZtgWEjwxPxdu",
  "Rol": "D"
}


01:56:53.550 [pool-2-thread-4] DEBUG com.intuit.karate - response time in milliseconds: 787
1 < 200
1 < Age: 0
1 < Cache-Control: public, max-age=0, must-revalidate
1 < Content-Type: application/json
1 < Date: Tue, 08 Jul 2025 06:56:44 GMT
1 < Server: Vercel
1 < Strict-Transport-Security: max-age=63072000; includeSubDomains; preload
1 < Vary: RSC, Next-Router-State-Tree, Next-Router-Prefetch, Next-Router-Segment-Prefetch
1 < X-Matched-Path: /api/asistencia-hoy/consultar-asistencias-tomadas
1 < X-Vercel-Cache: MISS
1 < X-Vercel-Id: gru1::iad1::lw4h4-1751957803563-a6cf9dac7f45
1 < Transfer-Encoding: chunked
{
  "Actor": "PP",
  "Dia": 8,
  "Mes": 7,
  "ModoRegistro": "E",
  "TipoAsistencia": "personal",
  "Resultados": {
    "ID_o_DNI": "15378317",
    "AsistenciaMarcada": true,
    "Detalles": {
      "Timestamp": 1751949827308,
      "DesfaseSegundos": 21590
    }
  }
}


01:56:53.577 [pool-2-thread-4] DEBUG com.intuit.karate - request:
1 > POST https://api01-siasis-dev.vercel.app/api/login/directivo
1 > Content-Type: application/json; charset=UTF-8
1 > Content-Length: 64
1 > Host: api01-siasis-dev.vercel.app
1 > Connection: Keep-Alive
1 > User-Agent: Apache-HttpClient/4.5.14 (Java/17.0.12)
1 > Accept-Encoding: gzip,deflate
{
  "Nombre_Usuario": "director.asuncion8",
  "Contraseña": "15430124"
}


01:56:53.817 [pool-2-thread-1] DEBUG com.intuit.karate - response time in milliseconds: 460
1 < 201
1 < Cache-Control: public, max-age=0, must-revalidate
1 < Content-Length: 0
1 < Date: Tue, 08 Jul 2025 06:56:44 GMT
1 < Server: Vercel
1 < Set-Cookie: Nombres=Elena%20Serafina; Max-Age=18000; Path=/; HttpOnly; Secure; SameSite=Lax
1 < Set-Cookie: Apellidos=Cullanco%20Espilco; Max-Age=18000; Path=/; HttpOnly; Secure; SameSite=Lax
1 < Set-Cookie: Rol=D; Max-Age=18000; Path=/; HttpOnly; Secure; SameSite=Lax
1 < Set-Cookie: token=eyJhbGciOiJIUzI1NiIsInR5cCI6IkpXVCJ9.eyJJRF9Vc3VhcmlvIjoiMSIsIk5vbWJyZV9Vc3VhcmlvIjoiZGlyZWN0b3IuYXN1bmNpb244IiwiUkRQMDJfSU5TVEFOQ0UiOiJSRFAwMl9JTlMxIiwiUkRQMDNfSU5TVEFOQ0UiOiJSRFAwM19JTlM1IiwiUm9sIjoiRCIsImlhdCI6MTc1MTk1NzgwMywiZXhwIjoxNzUxOTc1ODAzfQ.-AMCCiAI8HsbRjznpI6C0oZe9_Qj7EXlAv6BthWFWIE; Max-Age=18000; Path=/; HttpOnly; Secure; SameSite=Lax
1 < Set-Cookie: Genero=F; Max-Age=18000; Path=/; HttpOnly; Secure; SameSite=Lax
1 < Set-Cookie: Google_Drive_Foto_ID=1pMkv-ba_T2mBKxjp_zBTZtgWEjwxPxdu; Max-Age=18000; Path=/; HttpOnly; Secure; SameSite=Lax
1 < Strict-Transport-Security: max-age=63072000; includeSubDomains; preload
1 < Vary: RSC, Next-Router-State-Tree, Next-Router-Prefetch, Next-Router-Segment-Prefetch
1 < X-Matched-Path: /api/auth/login
1 < X-Vercel-Cache: MISS
1 < X-Vercel-Id: gru1::iad1::4mjfc-1751957804154-9e077ad283ad


01:56:53.817 [pool-2-thread-3] DEBUG com.intuit.karate - response time in milliseconds: 568
1 < 200
1 < Access-Control-Allow-Origin: *
1 < Cache-Control: public, max-age=0, must-revalidate
1 < Content-Length: 509
1 < Content-Type: application/json; charset=utf-8
1 < Date: Tue, 08 Jul 2025 06:56:44 GMT
1 < Etag: W/"1fd-8ZNWnGGjIea3eXru/1RlTc1jI4g"
1 < Server: Vercel
1 < Strict-Transport-Security: max-age=63072000; includeSubDomains; preload
1 < X-Powered-By: Express
1 < X-Vercel-Cache: MISS
1 < X-Vercel-Id: gru1::iad1::cq8gr-1751957804043-0732f856eaea
{
  "success": true,
  "message": "Inicio de sesión exitoso",
  "data": {
    "Apellidos": "Cullanco Espilco",
    "Nombres": "Elena Serafina",
    "Rol": "D",
    "token": "eyJhbGciOiJIUzI1NiIsInR5cCI6IkpXVCJ9.eyJJRF9Vc3VhcmlvIjoiMSIsIk5vbWJyZV9Vc3VhcmlvIjoiZGlyZWN0b3IuYXN1bmNpb244IiwiUkRQMDJfSU5TVEFOQ0UiOiJSRFAwMl9JTlMyIiwiUkRQMDNfSU5TVEFOQ0UiOiJSRFAwM19JTlMzIiwiUm9sIjoiRCIsImlhdCI6MTc1MTk1NzgwNCwiZXhwIjoxNzUxOTc1ODA0fQ._pX9w_q5u5T6X-QSlwboOr9a8ktv4Vhe3e00cxEGuqA",
    "Google_Drive_Foto_ID": "1pMkv-ba_T2mBKxjp_zBTZtgWEjwxPxdu",
    "Genero": "F"
  }
}


01:56:53.817 [pool-2-thread-5] DEBUG com.intuit.karate - response time in milliseconds: 545
1 < 200
1 < Access-Control-Allow-Origin: *
1 < Cache-Control: public, max-age=0, must-revalidate
1 < Content-Length: 515
1 < Content-Type: application/json; charset=utf-8
1 < Date: Tue, 08 Jul 2025 06:56:44 GMT
1 < Etag: W/"203-n/jEg1TUEq3APAUcrWDhyJLele8"
1 < Server: Vercel
1 < Strict-Transport-Security: max-age=63072000; includeSubDomains; preload
1 < X-Powered-By: Express
1 < X-Vercel-Cache: MISS
1 < X-Vercel-Id: gru1::iad1::zpjsk-1751957804070-ba2c79730dfe
{
  "success": true,
  "message": "Inicio de sesión exitoso",
  "data": {
    "Apellidos": "Gonzales Morales",
    "Nombres": "Brigida",
    "Rol": "A",
    "token": "eyJhbGciOiJIUzI1NiIsInR5cCI6IkpXVCJ9.eyJJRF9Vc3VhcmlvIjoiMTUzNTcyNzgiLCJSRFAwMl9JTlNUQU5DRSI6IlJEUDAyX0lOUzIiLCJSRFAwM19JTlNUQU5DRSI6IlJEUDAzX0lOUzIiLCJOb21icmVfVXN1YXJpbyI6ImJyaWdpZGFfZ29uemFsZXNfMTUzNSIsIlJvbCI6IkEiLCJpYXQiOjE3NTE5NTc4MDQsImV4cCI6MTc1MTk3NTgwNH0.G4dxPwy-ESQRkDaaGmyLYZfudHC5tmpqtj_r_8iB9oE",
    "Google_Drive_Foto_ID": "12CrZ2Z8qd2FGzo0UeOURh3turASgkZ-8",
    "Genero": "F"
  }
}


01:56:53.819 [pool-2-thread-5] INFO  com.intuit.karate - [print] eyJhbGciOiJIUzI1NiIsInR5cCI6IkpXVCJ9.eyJJRF9Vc3VhcmlvIjoiMTUzNTcyNzgiLCJSRFAwMl9JTlNUQU5DRSI6IlJEUDAyX0lOUzIiLCJSRFAwM19JTlNUQU5DRSI6IlJEUDAzX0lOUzIiLCJOb21icmVfVXN1YXJpbyI6ImJyaWdpZGFfZ29uemFsZXNfMTUzNSIsIlJvbCI6IkEiLCJpYXQiOjE3NTE5NTc4MDQsImV4cCI6MTc1MTk3NTgwNH0.G4dxPwy-ESQRkDaaGmyLYZfudHC5tmpqtj_r_8iB9oE 
01:56:53.819 [pool-2-thread-3] INFO  com.intuit.karate - [print] eyJhbGciOiJIUzI1NiIsInR5cCI6IkpXVCJ9.eyJJRF9Vc3VhcmlvIjoiMSIsIk5vbWJyZV9Vc3VhcmlvIjoiZGlyZWN0b3IuYXN1bmNpb244IiwiUkRQMDJfSU5TVEFOQ0UiOiJSRFAwMl9JTlMyIiwiUkRQMDNfSU5TVEFOQ0UiOiJSRFAwM19JTlMzIiwiUm9sIjoiRCIsImlhdCI6MTc1MTk1NzgwNCwiZXhwIjoxNzUxOTc1ODA0fQ._pX9w_q5u5T6X-QSlwboOr9a8ktv4Vhe3e00cxEGuqA 
01:56:53.820 [pool-2-thread-5] INFO  com.intuit.karate - [print] A 
01:56:53.820 [pool-2-thread-3] INFO  com.intuit.karate - [print] D 
01:56:53.822 [pool-2-thread-5] DEBUG com.intuit.karate - request:
1 > POST https://siasis-dev.vercel.app/api/auth/login
1 > Cookie: Apellidos=Cullanco%20Espilco; Google_Drive_Foto_ID=1pMkv-ba_T2mBKxjp_zBTZtgWEjwxPxdu; Nombres=Elena%20Serafina; Genero=F; Rol=D; token=eyJhbGciOiJIUzI1NiIsInR5cCI6IkpXVCJ9.eyJJRF9Vc3VhcmlvIjoiMSIsIk5vbWJyZV9Vc3VhcmlvIjoiZGlyZWN0b3IuYXN1bmNpb244IiwiUkRQMDJfSU5TVEFOQ0UiOiJSRFAwMl9JTlMxIiwiUkRQMDNfSU5TVEFOQ0UiOiJSRFAwM19JTlM0IiwiUm9sIjoiRCIsImlhdCI6MTc1MTk1NzgwMiwiZXhwIjoxNzUxOTc1ODAyfQ.3c9Uy1UBpnL4Q1882hZDOZrAcf_gPOrPvWG46szKuj4
1 > Content-Type: application/json; charset=UTF-8
1 > Content-Length: 453
1 > Host: siasis-dev.vercel.app
1 > Connection: Keep-Alive
1 > User-Agent: Apache-HttpClient/4.5.14 (Java/17.0.12)
1 > Accept-Encoding: gzip,deflate
{
  "Nombres": "Brigida",
  "Apellidos": "Gonzales Morales",
  "token": "eyJhbGciOiJIUzI1NiIsInR5cCI6IkpXVCJ9.eyJJRF9Vc3VhcmlvIjoiMTUzNTcyNzgiLCJSRFAwMl9JTlNUQU5DRSI6IlJEUDAyX0lOUzIiLCJSRFAwM19JTlNUQU5DRSI6IlJEUDAzX0lOUzIiLCJOb21icmVfVXN1YXJpbyI6ImJyaWdpZGFfZ29uemFsZXNfMTUzNSIsIlJvbCI6IkEiLCJpYXQiOjE3NTE5NTc4MDQsImV4cCI6MTc1MTk3NTgwNH0.G4dxPwy-ESQRkDaaGmyLYZfudHC5tmpqtj_r_8iB9oE",
  "Genero": "F",
  "Google_Drive_Foto_ID": "12CrZ2Z8qd2FGzo0UeOURh3turASgkZ-8",
  "Rol": "A"
}


01:56:53.823 [pool-2-thread-3] DEBUG com.intuit.karate - request:
1 > POST https://siasis-dev.vercel.app/api/auth/login
1 > Content-Type: application/json; charset=UTF-8
1 > Content-Length: 447
1 > Host: siasis-dev.vercel.app
1 > Connection: Keep-Alive
1 > User-Agent: Apache-HttpClient/4.5.14 (Java/17.0.12)
1 > Accept-Encoding: gzip,deflate
{
  "Nombres": "Elena Serafina",
  "Apellidos": "Cullanco Espilco",
  "token": "eyJhbGciOiJIUzI1NiIsInR5cCI6IkpXVCJ9.eyJJRF9Vc3VhcmlvIjoiMSIsIk5vbWJyZV9Vc3VhcmlvIjoiZGlyZWN0b3IuYXN1bmNpb244IiwiUkRQMDJfSU5TVEFOQ0UiOiJSRFAwMl9JTlMyIiwiUkRQMDNfSU5TVEFOQ0UiOiJSRFAwM19JTlMzIiwiUm9sIjoiRCIsImlhdCI6MTc1MTk1NzgwNCwiZXhwIjoxNzUxOTc1ODA0fQ._pX9w_q5u5T6X-QSlwboOr9a8ktv4Vhe3e00cxEGuqA",
  "Genero": "F",
  "Google_Drive_Foto_ID": "1pMkv-ba_T2mBKxjp_zBTZtgWEjwxPxdu",
  "Rol": "D"
}


01:56:53.823 [pool-2-thread-1] DEBUG com.intuit.karate - request:
1 > POST https://siasis-dev.vercel.app/api/asistencia-hoy/marcar
1 > Cookie: Apellidos=Cullanco%20Espilco; Google_Drive_Foto_ID=1pMkv-ba_T2mBKxjp_zBTZtgWEjwxPxdu; Nombres=Elena%20Serafina; Genero=F; Rol=D; token=eyJhbGciOiJIUzI1NiIsInR5cCI6IkpXVCJ9.eyJJRF9Vc3VhcmlvIjoiMSIsIk5vbWJyZV9Vc3VhcmlvIjoiZGlyZWN0b3IuYXN1bmNpb244IiwiUkRQMDJfSU5TVEFOQ0UiOiJSRFAwMl9JTlMxIiwiUkRQMDNfSU5TVEFOQ0UiOiJSRFAwM19JTlM1IiwiUm9sIjoiRCIsImlhdCI6MTc1MTk1NzgwMywiZXhwIjoxNzUxOTc1ODAzfQ.-AMCCiAI8HsbRjznpI6C0oZe9_Qj7EXlAv6BthWFWIE
1 > Content-Type: application/json; charset=UTF-8
1 > Content-Length: 70
1 > Host: siasis-dev.vercel.app
1 > Connection: Keep-Alive
1 > User-Agent: Apache-HttpClient/4.5.14 (Java/17.0.12)
1 > Accept-Encoding: gzip,deflate
{
  "ModoRegistro": "E",
  "FechaHoraEsperadaISO": "2025-07-08T05:56:53.819Z"
}


01:56:53.883 [pool-2-thread-2] DEBUG com.intuit.karate - response time in milliseconds: 679
1 < 200
1 < Age: 0
1 < Cache-Control: public, max-age=0, must-revalidate
1 < Content-Type: application/json
1 < Date: Tue, 08 Jul 2025 06:56:44 GMT
1 < Server: Vercel
1 < Strict-Transport-Security: max-age=63072000; includeSubDomains; preload
1 < Vary: RSC, Next-Router-State-Tree, Next-Router-Prefetch, Next-Router-Segment-Prefetch
1 < X-Matched-Path: /api/asistencia-hoy/consultar-asistencias-tomadas
1 < X-Vercel-Cache: MISS
1 < X-Vercel-Id: gru1::iad1::zh6qw-1751957803999-b87ce307922f
1 < Transfer-Encoding: chunked
{
  "Actor": "PS",
  "Dia": 8,
  "Mes": 7,
  "ModoRegistro": "E",
  "TipoAsistencia": "personal",
  "Resultados": {
    "ID_o_DNI": "15420745",
    "AsistenciaMarcada": true,
    "Detalles": {
      "Timestamp": 1751952316852,
      "DesfaseSegundos": 3590
    }
  }
}


01:56:53.907 [pool-2-thread-2] DEBUG com.intuit.karate - request:
1 > POST https://api01-siasis-dev.vercel.app/api/login/directivo
1 > Content-Type: application/json; charset=UTF-8
1 > Content-Length: 64
1 > Host: api01-siasis-dev.vercel.app
1 > Connection: Keep-Alive
1 > User-Agent: Apache-HttpClient/4.5.14 (Java/17.0.12)
1 > Accept-Encoding: gzip,deflate
{
  "Nombre_Usuario": "director.asuncion8",
  "Contraseña": "15430124"
}


01:56:54.169 [pool-2-thread-4] DEBUG com.intuit.karate - response time in milliseconds: 591
1 < 200
1 < Access-Control-Allow-Origin: *
1 < Cache-Control: public, max-age=0, must-revalidate
1 < Content-Length: 509
1 < Content-Type: application/json; charset=utf-8
1 < Date: Tue, 08 Jul 2025 06:56:44 GMT
1 < Etag: W/"1fd-5CknIDL2W0XMsnCSZ1cwbxY4PPY"
1 < Server: Vercel
1 < Strict-Transport-Security: max-age=63072000; includeSubDomains; preload
1 < X-Powered-By: Express
1 < X-Vercel-Cache: MISS
1 < X-Vercel-Id: gru1::iad1::lrpdm-1751957804438-586d9c5460b3
{
  "success": true,
  "message": "Inicio de sesión exitoso",
  "data": {
    "Apellidos": "Cullanco Espilco",
    "Nombres": "Elena Serafina",
    "Rol": "D",
    "token": "eyJhbGciOiJIUzI1NiIsInR5cCI6IkpXVCJ9.eyJJRF9Vc3VhcmlvIjoiMSIsIk5vbWJyZV9Vc3VhcmlvIjoiZGlyZWN0b3IuYXN1bmNpb244IiwiUkRQMDJfSU5TVEFOQ0UiOiJSRFAwMl9JTlMyIiwiUkRQMDNfSU5TVEFOQ0UiOiJSRFAwM19JTlMxIiwiUm9sIjoiRCIsImlhdCI6MTc1MTk1NzgwNCwiZXhwIjoxNzUxOTc1ODA0fQ.MRr5PFfVVsU9fa-v-Q6rd7fRSz8M1JqaMU_h_4owZ0E",
    "Google_Drive_Foto_ID": "1pMkv-ba_T2mBKxjp_zBTZtgWEjwxPxdu",
    "Genero": "F"
  }
}


01:56:54.170 [pool-2-thread-4] INFO  com.intuit.karate - [print] eyJhbGciOiJIUzI1NiIsInR5cCI6IkpXVCJ9.eyJJRF9Vc3VhcmlvIjoiMSIsIk5vbWJyZV9Vc3VhcmlvIjoiZGlyZWN0b3IuYXN1bmNpb244IiwiUkRQMDJfSU5TVEFOQ0UiOiJSRFAwMl9JTlMyIiwiUkRQMDNfSU5TVEFOQ0UiOiJSRFAwM19JTlMxIiwiUm9sIjoiRCIsImlhdCI6MTc1MTk1NzgwNCwiZXhwIjoxNzUxOTc1ODA0fQ.MRr5PFfVVsU9fa-v-Q6rd7fRSz8M1JqaMU_h_4owZ0E 
01:56:54.171 [pool-2-thread-4] INFO  com.intuit.karate - [print] D 
01:56:54.172 [pool-2-thread-4] DEBUG com.intuit.karate - request:
1 > POST https://siasis-dev.vercel.app/api/auth/login
1 > Content-Type: application/json; charset=UTF-8
1 > Content-Length: 447
1 > Host: siasis-dev.vercel.app
1 > Connection: Keep-Alive
1 > User-Agent: Apache-HttpClient/4.5.14 (Java/17.0.12)
1 > Accept-Encoding: gzip,deflate
{
  "Nombres": "Elena Serafina",
  "Apellidos": "Cullanco Espilco",
  "token": "eyJhbGciOiJIUzI1NiIsInR5cCI6IkpXVCJ9.eyJJRF9Vc3VhcmlvIjoiMSIsIk5vbWJyZV9Vc3VhcmlvIjoiZGlyZWN0b3IuYXN1bmNpb244IiwiUkRQMDJfSU5TVEFOQ0UiOiJSRFAwMl9JTlMyIiwiUkRQMDNfSU5TVEFOQ0UiOiJSRFAwM19JTlMxIiwiUm9sIjoiRCIsImlhdCI6MTc1MTk1NzgwNCwiZXhwIjoxNzUxOTc1ODA0fQ.MRr5PFfVVsU9fa-v-Q6rd7fRSz8M1JqaMU_h_4owZ0E",
  "Genero": "F",
  "Google_Drive_Foto_ID": "1pMkv-ba_T2mBKxjp_zBTZtgWEjwxPxdu",
  "Rol": "D"
}


01:56:54.261 [pool-2-thread-3] DEBUG com.intuit.karate - response time in milliseconds: 437
1 < 201
1 < Cache-Control: public, max-age=0, must-revalidate
1 < Content-Length: 0
1 < Date: Tue, 08 Jul 2025 06:56:44 GMT
1 < Server: Vercel
1 < Set-Cookie: Nombres=Elena%20Serafina; Max-Age=18000; Path=/; HttpOnly; Secure; SameSite=Lax
1 < Set-Cookie: Apellidos=Cullanco%20Espilco; Max-Age=18000; Path=/; HttpOnly; Secure; SameSite=Lax
1 < Set-Cookie: Rol=D; Max-Age=18000; Path=/; HttpOnly; Secure; SameSite=Lax
1 < Set-Cookie: token=eyJhbGciOiJIUzI1NiIsInR5cCI6IkpXVCJ9.eyJJRF9Vc3VhcmlvIjoiMSIsIk5vbWJyZV9Vc3VhcmlvIjoiZGlyZWN0b3IuYXN1bmNpb244IiwiUkRQMDJfSU5TVEFOQ0UiOiJSRFAwMl9JTlMyIiwiUkRQMDNfSU5TVEFOQ0UiOiJSRFAwM19JTlMzIiwiUm9sIjoiRCIsImlhdCI6MTc1MTk1NzgwNCwiZXhwIjoxNzUxOTc1ODA0fQ._pX9w_q5u5T6X-QSlwboOr9a8ktv4Vhe3e00cxEGuqA; Max-Age=18000; Path=/; HttpOnly; Secure; SameSite=Lax
1 < Set-Cookie: Genero=F; Max-Age=18000; Path=/; HttpOnly; Secure; SameSite=Lax
1 < Set-Cookie: Google_Drive_Foto_ID=1pMkv-ba_T2mBKxjp_zBTZtgWEjwxPxdu; Max-Age=18000; Path=/; HttpOnly; Secure; SameSite=Lax
1 < Strict-Transport-Security: max-age=63072000; includeSubDomains; preload
1 < Vary: RSC, Next-Router-State-Tree, Next-Router-Prefetch, Next-Router-Segment-Prefetch
1 < X-Matched-Path: /api/auth/login
1 < X-Vercel-Cache: MISS
1 < X-Vercel-Id: gru1::iad1::zdj87-1751957804633-2a147a8393c0


01:56:54.266 [pool-2-thread-3] DEBUG com.intuit.karate - request:
1 > POST https://siasis-dev.vercel.app/api/asistencia-hoy/marcar
1 > Cookie: Apellidos=Cullanco%20Espilco; Google_Drive_Foto_ID=1pMkv-ba_T2mBKxjp_zBTZtgWEjwxPxdu; Nombres=Elena%20Serafina; Genero=F; Rol=D; token=eyJhbGciOiJIUzI1NiIsInR5cCI6IkpXVCJ9.eyJJRF9Vc3VhcmlvIjoiMSIsIk5vbWJyZV9Vc3VhcmlvIjoiZGlyZWN0b3IuYXN1bmNpb244IiwiUkRQMDJfSU5TVEFOQ0UiOiJSRFAwMl9JTlMyIiwiUkRQMDNfSU5TVEFOQ0UiOiJSRFAwM19JTlMzIiwiUm9sIjoiRCIsImlhdCI6MTc1MTk1NzgwNCwiZXhwIjoxNzUxOTc1ODA0fQ._pX9w_q5u5T6X-QSlwboOr9a8ktv4Vhe3e00cxEGuqA
1 > Content-Type: application/json; charset=UTF-8
1 > Content-Length: 70
1 > Host: siasis-dev.vercel.app
1 > Connection: Keep-Alive
1 > User-Agent: Apache-HttpClient/4.5.14 (Java/17.0.12)
1 > Accept-Encoding: gzip,deflate
{
  "ModoRegistro": "E",
  "FechaHoraEsperadaISO": "2025-07-08T05:56:54.262Z"
}


01:56:54.266 [pool-2-thread-5] DEBUG com.intuit.karate - response time in milliseconds: 444
1 < 201
1 < Cache-Control: public, max-age=0, must-revalidate
1 < Content-Length: 0
1 < Date: Tue, 08 Jul 2025 06:56:44 GMT
1 < Server: Vercel
1 < Set-Cookie: Nombres=Brigida; Max-Age=18000; Path=/; HttpOnly; Secure; SameSite=Lax
1 < Set-Cookie: Apellidos=Gonzales%20Morales; Max-Age=18000; Path=/; HttpOnly; Secure; SameSite=Lax
1 < Set-Cookie: Rol=A; Max-Age=18000; Path=/; HttpOnly; Secure; SameSite=Lax
1 < Set-Cookie: token=eyJhbGciOiJIUzI1NiIsInR5cCI6IkpXVCJ9.eyJJRF9Vc3VhcmlvIjoiMTUzNTcyNzgiLCJSRFAwMl9JTlNUQU5DRSI6IlJEUDAyX0lOUzIiLCJSRFAwM19JTlNUQU5DRSI6IlJEUDAzX0lOUzIiLCJOb21icmVfVXN1YXJpbyI6ImJyaWdpZGFfZ29uemFsZXNfMTUzNSIsIlJvbCI6IkEiLCJpYXQiOjE3NTE5NTc4MDQsImV4cCI6MTc1MTk3NTgwNH0.G4dxPwy-ESQRkDaaGmyLYZfudHC5tmpqtj_r_8iB9oE; Max-Age=18000; Path=/; HttpOnly; Secure; SameSite=Lax
1 < Set-Cookie: Genero=F; Max-Age=18000; Path=/; HttpOnly; Secure; SameSite=Lax
1 < Set-Cookie: Google_Drive_Foto_ID=12CrZ2Z8qd2FGzo0UeOURh3turASgkZ-8; Max-Age=18000; Path=/; HttpOnly; Secure; SameSite=Lax
1 < Strict-Transport-Security: max-age=63072000; includeSubDomains; preload
1 < Vary: RSC, Next-Router-State-Tree, Next-Router-Prefetch, Next-Router-Segment-Prefetch
1 < X-Matched-Path: /api/auth/login
1 < X-Vercel-Cache: MISS
1 < X-Vercel-Id: gru1::iad1::bdvft-1751957804618-c5cd6b7cde77


01:56:54.267 [pool-2-thread-5] DEBUG c.intuit.karate.core.ScenarioEngine - over-writing existing variable 'fechaHoraEsperadaISO' with new value: getAdjustedTime()
01:56:54.270 [pool-2-thread-5] DEBUG com.intuit.karate - request:
1 > POST https://siasis-dev.vercel.app/api/asistencia-hoy/marcar
1 > Cookie: Apellidos=Gonzales%20Morales; Google_Drive_Foto_ID=12CrZ2Z8qd2FGzo0UeOURh3turASgkZ-8; Nombres=Brigida; Genero=F; Rol=A; token=eyJhbGciOiJIUzI1NiIsInR5cCI6IkpXVCJ9.eyJJRF9Vc3VhcmlvIjoiMTUzNTcyNzgiLCJSRFAwMl9JTlNUQU5DRSI6IlJEUDAyX0lOUzIiLCJSRFAwM19JTlNUQU5DRSI6IlJEUDAzX0lOUzIiLCJOb21icmVfVXN1YXJpbyI6ImJyaWdpZGFfZ29uemFsZXNfMTUzNSIsIlJvbCI6IkEiLCJpYXQiOjE3NTE5NTc4MDQsImV4cCI6MTc1MTk3NTgwNH0.G4dxPwy-ESQRkDaaGmyLYZfudHC5tmpqtj_r_8iB9oE
1 > Content-Type: application/json; charset=UTF-8
1 > Content-Length: 70
1 > Host: siasis-dev.vercel.app
1 > Connection: Keep-Alive
1 > User-Agent: Apache-HttpClient/4.5.14 (Java/17.0.12)
1 > Accept-Encoding: gzip,deflate
{
  "ModoRegistro": "E",
  "FechaHoraEsperadaISO": "2025-07-08T05:56:54.267Z"
}


01:56:54.434 [pool-2-thread-2] DEBUG com.intuit.karate - response time in milliseconds: 526
1 < 200
1 < Access-Control-Allow-Origin: *
1 < Cache-Control: public, max-age=0, must-revalidate
1 < Content-Length: 509
1 < Content-Type: application/json; charset=utf-8
1 < Date: Tue, 08 Jul 2025 06:56:44 GMT
1 < Etag: W/"1fd-uw5UaC78dCFhuD3jo9ln74fV8g8"
1 < Server: Vercel
1 < Strict-Transport-Security: max-age=63072000; includeSubDomains; preload
1 < X-Powered-By: Express
1 < X-Vercel-Cache: MISS
1 < X-Vercel-Id: gru1::iad1::kr4zd-1751957804702-caf826301b5e
{
  "success": true,
  "message": "Inicio de sesión exitoso",
  "data": {
    "Apellidos": "Cullanco Espilco",
    "Nombres": "Elena Serafina",
    "Rol": "D",
    "token": "eyJhbGciOiJIUzI1NiIsInR5cCI6IkpXVCJ9.eyJJRF9Vc3VhcmlvIjoiMSIsIk5vbWJyZV9Vc3VhcmlvIjoiZGlyZWN0b3IuYXN1bmNpb244IiwiUkRQMDJfSU5TVEFOQ0UiOiJSRFAwMl9JTlMxIiwiUkRQMDNfSU5TVEFOQ0UiOiJSRFAwM19JTlMyIiwiUm9sIjoiRCIsImlhdCI6MTc1MTk1NzgwNCwiZXhwIjoxNzUxOTc1ODA0fQ.wg1YJwXf54cYxYsvD6KWm8_agAtjRmgluNiaijP3XtA",
    "Google_Drive_Foto_ID": "1pMkv-ba_T2mBKxjp_zBTZtgWEjwxPxdu",
    "Genero": "F"
  }
}


01:56:54.436 [pool-2-thread-2] INFO  com.intuit.karate - [print] eyJhbGciOiJIUzI1NiIsInR5cCI6IkpXVCJ9.eyJJRF9Vc3VhcmlvIjoiMSIsIk5vbWJyZV9Vc3VhcmlvIjoiZGlyZWN0b3IuYXN1bmNpb244IiwiUkRQMDJfSU5TVEFOQ0UiOiJSRFAwMl9JTlMxIiwiUkRQMDNfSU5TVEFOQ0UiOiJSRFAwM19JTlMyIiwiUm9sIjoiRCIsImlhdCI6MTc1MTk1NzgwNCwiZXhwIjoxNzUxOTc1ODA0fQ.wg1YJwXf54cYxYsvD6KWm8_agAtjRmgluNiaijP3XtA 
01:56:54.436 [pool-2-thread-2] INFO  com.intuit.karate - [print] D 
01:56:54.438 [pool-2-thread-2] DEBUG com.intuit.karate - request:
1 > POST https://siasis-dev.vercel.app/api/auth/login
1 > Content-Type: application/json; charset=UTF-8
1 > Content-Length: 447
1 > Host: siasis-dev.vercel.app
1 > Connection: Keep-Alive
1 > User-Agent: Apache-HttpClient/4.5.14 (Java/17.0.12)
1 > Accept-Encoding: gzip,deflate
{
  "Nombres": "Elena Serafina",
  "Apellidos": "Cullanco Espilco",
  "token": "eyJhbGciOiJIUzI1NiIsInR5cCI6IkpXVCJ9.eyJJRF9Vc3VhcmlvIjoiMSIsIk5vbWJyZV9Vc3VhcmlvIjoiZGlyZWN0b3IuYXN1bmNpb244IiwiUkRQMDJfSU5TVEFOQ0UiOiJSRFAwMl9JTlMxIiwiUkRQMDNfSU5TVEFOQ0UiOiJSRFAwM19JTlMyIiwiUm9sIjoiRCIsImlhdCI6MTc1MTk1NzgwNCwiZXhwIjoxNzUxOTc1ODA0fQ.wg1YJwXf54cYxYsvD6KWm8_agAtjRmgluNiaijP3XtA",
  "Genero": "F",
  "Google_Drive_Foto_ID": "1pMkv-ba_T2mBKxjp_zBTZtgWEjwxPxdu",
  "Rol": "D"
}


01:56:54.455 [pool-2-thread-1] DEBUG com.intuit.karate - response time in milliseconds: 631
1 < 200
1 < Cache-Control: public, max-age=0, must-revalidate
1 < Content-Type: application/json
1 < Date: Tue, 08 Jul 2025 06:56:44 GMT
1 < Server: Vercel
1 < Strict-Transport-Security: max-age=63072000; includeSubDomains; preload
1 < Vary: RSC, Next-Router-State-Tree, Next-Router-Prefetch, Next-Router-Segment-Prefetch
1 < X-Matched-Path: /api/asistencia-hoy/marcar
1 < X-Vercel-Cache: MISS
1 < X-Vercel-Id: gru1::iad1::cq8gr-1751957804633-7d2d6f866487
1 < Transfer-Encoding: chunked
{
  "success": true,
  "message": "La asistencia ya había sido registrada anteriormente",
  "data": {
    "timestamp": 1751957804783,
    "desfaseSegundos": 3590,
    "esNuevoRegistro": false,
    "esRegistroPropio": false,
    "actorRegistrado": "D",
    "tipoAsistencia": "personal"
  }
}


01:56:54.458 [pool-2-thread-1] DEBUG c.intuit.karate.core.ScenarioEngine - over-writing existing variable 'loginFeature' with new value: 'classpath:resources/features/login/Auxiliar.feature'
01:56:54.464 [pool-2-thread-1] DEBUG c.intuit.karate.core.ScenarioEngine - over-writing existing variable 'loginResponse' with new value: call read(loginFeature)
01:56:54.472 [pool-2-thread-1] DEBUG com.intuit.karate - request:
1 > POST https://api01-siasis-dev.vercel.app/api/login/auxiliar
1 > Cookie: Apellidos=Cullanco%20Espilco; Google_Drive_Foto_ID=1pMkv-ba_T2mBKxjp_zBTZtgWEjwxPxdu; Nombres=Elena%20Serafina; Genero=F; Rol=D; token=eyJhbGciOiJIUzI1NiIsInR5cCI6IkpXVCJ9.eyJJRF9Vc3VhcmlvIjoiMSIsIk5vbWJyZV9Vc3VhcmlvIjoiZGlyZWN0b3IuYXN1bmNpb244IiwiUkRQMDJfSU5TVEFOQ0UiOiJSRFAwMl9JTlMxIiwiUkRQMDNfSU5TVEFOQ0UiOiJSRFAwM19JTlM1IiwiUm9sIjoiRCIsImlhdCI6MTc1MTk1NzgwMywiZXhwIjoxNzUxOTc1ODAzfQ.-AMCCiAI8HsbRjznpI6C0oZe9_Qj7EXlAv6BthWFWIE
1 > Content-Type: application/json; charset=UTF-8
1 > Content-Length: 67
1 > Host: api01-siasis-dev.vercel.app
1 > Connection: Keep-Alive
1 > User-Agent: Apache-HttpClient/4.5.14 (Java/17.0.12)
1 > Accept-Encoding: gzip,deflate
{
  "Nombre_Usuario": "brigida_gonzales_1535",
  "Contraseña": "15357278"
}


01:56:54.589 [pool-2-thread-4] DEBUG com.intuit.karate - response time in milliseconds: 415
1 < 201
1 < Cache-Control: public, max-age=0, must-revalidate
1 < Content-Length: 0
1 < Date: Tue, 08 Jul 2025 06:56:45 GMT
1 < Server: Vercel
1 < Set-Cookie: Nombres=Elena%20Serafina; Max-Age=18000; Path=/; HttpOnly; Secure; SameSite=Lax
1 < Set-Cookie: Apellidos=Cullanco%20Espilco; Max-Age=18000; Path=/; HttpOnly; Secure; SameSite=Lax
1 < Set-Cookie: Rol=D; Max-Age=18000; Path=/; HttpOnly; Secure; SameSite=Lax
1 < Set-Cookie: token=eyJhbGciOiJIUzI1NiIsInR5cCI6IkpXVCJ9.eyJJRF9Vc3VhcmlvIjoiMSIsIk5vbWJyZV9Vc3VhcmlvIjoiZGlyZWN0b3IuYXN1bmNpb244IiwiUkRQMDJfSU5TVEFOQ0UiOiJSRFAwMl9JTlMyIiwiUkRQMDNfSU5TVEFOQ0UiOiJSRFAwM19JTlMxIiwiUm9sIjoiRCIsImlhdCI6MTc1MTk1NzgwNCwiZXhwIjoxNzUxOTc1ODA0fQ.MRr5PFfVVsU9fa-v-Q6rd7fRSz8M1JqaMU_h_4owZ0E; Max-Age=18000; Path=/; HttpOnly; Secure; SameSite=Lax
1 < Set-Cookie: Genero=F; Max-Age=18000; Path=/; HttpOnly; Secure; SameSite=Lax
1 < Set-Cookie: Google_Drive_Foto_ID=1pMkv-ba_T2mBKxjp_zBTZtgWEjwxPxdu; Max-Age=18000; Path=/; HttpOnly; Secure; SameSite=Lax
1 < Strict-Transport-Security: max-age=63072000; includeSubDomains; preload
1 < Vary: RSC, Next-Router-State-Tree, Next-Router-Prefetch, Next-Router-Segment-Prefetch
1 < X-Matched-Path: /api/auth/login
1 < X-Vercel-Cache: MISS
1 < X-Vercel-Id: gru1::iad1::lw4h4-1751957804969-9f92b1dc4ff8


01:56:54.592 [pool-2-thread-4] DEBUG com.intuit.karate - request:
1 > POST https://siasis-dev.vercel.app/api/asistencia-hoy/marcar
1 > Cookie: Apellidos=Cullanco%20Espilco; Google_Drive_Foto_ID=1pMkv-ba_T2mBKxjp_zBTZtgWEjwxPxdu; Nombres=Elena%20Serafina; Genero=F; Rol=D; token=eyJhbGciOiJIUzI1NiIsInR5cCI6IkpXVCJ9.eyJJRF9Vc3VhcmlvIjoiMSIsIk5vbWJyZV9Vc3VhcmlvIjoiZGlyZWN0b3IuYXN1bmNpb244IiwiUkRQMDJfSU5TVEFOQ0UiOiJSRFAwMl9JTlMyIiwiUkRQMDNfSU5TVEFOQ0UiOiJSRFAwM19JTlMxIiwiUm9sIjoiRCIsImlhdCI6MTc1MTk1NzgwNCwiZXhwIjoxNzUxOTc1ODA0fQ.MRr5PFfVVsU9fa-v-Q6rd7fRSz8M1JqaMU_h_4owZ0E
1 > Content-Type: application/json; charset=UTF-8
1 > Content-Length: 70
1 > Host: siasis-dev.vercel.app
1 > Connection: Keep-Alive
1 > User-Agent: Apache-HttpClient/4.5.14 (Java/17.0.12)
1 > Accept-Encoding: gzip,deflate
{
  "ModoRegistro": "E",
  "FechaHoraEsperadaISO": "2025-07-08T05:56:54.589Z"
}


01:56:54.843 [pool-2-thread-2] DEBUG com.intuit.karate - response time in milliseconds: 405
1 < 201
1 < Cache-Control: public, max-age=0, must-revalidate
1 < Content-Length: 0
1 < Date: Tue, 08 Jul 2025 06:56:45 GMT
1 < Server: Vercel
1 < Set-Cookie: Nombres=Elena%20Serafina; Max-Age=18000; Path=/; HttpOnly; Secure; SameSite=Lax
1 < Set-Cookie: Apellidos=Cullanco%20Espilco; Max-Age=18000; Path=/; HttpOnly; Secure; SameSite=Lax
1 < Set-Cookie: Rol=D; Max-Age=18000; Path=/; HttpOnly; Secure; SameSite=Lax
1 < Set-Cookie: token=eyJhbGciOiJIUzI1NiIsInR5cCI6IkpXVCJ9.eyJJRF9Vc3VhcmlvIjoiMSIsIk5vbWJyZV9Vc3VhcmlvIjoiZGlyZWN0b3IuYXN1bmNpb244IiwiUkRQMDJfSU5TVEFOQ0UiOiJSRFAwMl9JTlMxIiwiUkRQMDNfSU5TVEFOQ0UiOiJSRFAwM19JTlMyIiwiUm9sIjoiRCIsImlhdCI6MTc1MTk1NzgwNCwiZXhwIjoxNzUxOTc1ODA0fQ.wg1YJwXf54cYxYsvD6KWm8_agAtjRmgluNiaijP3XtA; Max-Age=18000; Path=/; HttpOnly; Secure; SameSite=Lax
1 < Set-Cookie: Genero=F; Max-Age=18000; Path=/; HttpOnly; Secure; SameSite=Lax
1 < Set-Cookie: Google_Drive_Foto_ID=1pMkv-ba_T2mBKxjp_zBTZtgWEjwxPxdu; Max-Age=18000; Path=/; HttpOnly; Secure; SameSite=Lax
1 < Strict-Transport-Security: max-age=63072000; includeSubDomains; preload
1 < Vary: RSC, Next-Router-State-Tree, Next-Router-Prefetch, Next-Router-Segment-Prefetch
1 < X-Matched-Path: /api/auth/login
1 < X-Vercel-Cache: MISS
1 < X-Vercel-Id: gru1::iad1::kr4zd-1751957805237-4c28ebe0fa11


01:56:54.846 [pool-2-thread-2] DEBUG com.intuit.karate - request:
1 > POST https://siasis-dev.vercel.app/api/asistencia-hoy/marcar
1 > Cookie: Apellidos=Cullanco%20Espilco; Google_Drive_Foto_ID=1pMkv-ba_T2mBKxjp_zBTZtgWEjwxPxdu; Nombres=Elena%20Serafina; Genero=F; Rol=D; token=eyJhbGciOiJIUzI1NiIsInR5cCI6IkpXVCJ9.eyJJRF9Vc3VhcmlvIjoiMSIsIk5vbWJyZV9Vc3VhcmlvIjoiZGlyZWN0b3IuYXN1bmNpb244IiwiUkRQMDJfSU5TVEFOQ0UiOiJSRFAwMl9JTlMxIiwiUkRQMDNfSU5TVEFOQ0UiOiJSRFAwM19JTlMyIiwiUm9sIjoiRCIsImlhdCI6MTc1MTk1NzgwNCwiZXhwIjoxNzUxOTc1ODA0fQ.wg1YJwXf54cYxYsvD6KWm8_agAtjRmgluNiaijP3XtA
1 > Content-Type: application/json; charset=UTF-8
1 > Content-Length: 70
1 > Host: siasis-dev.vercel.app
1 > Connection: Keep-Alive
1 > User-Agent: Apache-HttpClient/4.5.14 (Java/17.0.12)
1 > Accept-Encoding: gzip,deflate
{
  "ModoRegistro": "E",
  "FechaHoraEsperadaISO": "2025-07-08T05:56:54.843Z"
}


01:56:54.881 [pool-2-thread-3] DEBUG com.intuit.karate - response time in milliseconds: 613
1 < 200
1 < Cache-Control: public, max-age=0, must-revalidate
1 < Content-Type: application/json
1 < Date: Tue, 08 Jul 2025 06:56:45 GMT
1 < Server: Vercel
1 < Strict-Transport-Security: max-age=63072000; includeSubDomains; preload
1 < Vary: RSC, Next-Router-State-Tree, Next-Router-Prefetch, Next-Router-Segment-Prefetch
1 < X-Matched-Path: /api/asistencia-hoy/marcar
1 < X-Vercel-Cache: MISS
1 < X-Vercel-Id: gru1::iad1::bdvft-1751957805062-82f09bd360c7
1 < Transfer-Encoding: chunked
{
  "success": true,
  "message": "La asistencia ya había sido registrada anteriormente",
  "data": {
    "timestamp": 1751957805199,
    "desfaseSegundos": 3590,
    "esNuevoRegistro": false,
    "esRegistroPropio": false,
    "actorRegistrado": "D",
    "tipoAsistencia": "personal"
  }
}


01:56:54.886 [pool-2-thread-3] DEBUG c.intuit.karate.core.ScenarioEngine - over-writing existing variable 'loginFeature' with new value: 'classpath:resources/features/login/Auxiliar.feature'
01:56:54.886 [pool-2-thread-5] DEBUG com.intuit.karate - response time in milliseconds: 614
1 < 200
1 < Cache-Control: public, max-age=0, must-revalidate
1 < Content-Type: application/json
1 < Date: Tue, 08 Jul 2025 06:56:45 GMT
1 < Server: Vercel
1 < Strict-Transport-Security: max-age=63072000; includeSubDomains; preload
1 < Vary: RSC, Next-Router-State-Tree, Next-Router-Prefetch, Next-Router-Segment-Prefetch
1 < X-Matched-Path: /api/asistencia-hoy/marcar
1 < X-Vercel-Cache: MISS
1 < X-Vercel-Id: gru1::iad1::kr4zd-1751957805070-542b637d3875
1 < Transfer-Encoding: chunked
{
  "success": true,
  "message": "La asistencia ya había sido registrada anteriormente",
  "data": {
    "timestamp": 1751957805205,
    "desfaseSegundos": 3590,
    "esNuevoRegistro": false,
    "esRegistroPropio": false,
    "actorRegistrado": "A",
    "tipoAsistencia": "personal"
  }
}


01:56:54.890 [pool-2-thread-5] DEBUG c.intuit.karate.core.ScenarioEngine - over-writing existing variable 'loginFeature' with new value: 'classpath:resources/features/login/CasoTutorSecundaria.feature'
01:56:54.891 [pool-2-thread-3] DEBUG c.intuit.karate.core.ScenarioEngine - over-writing existing variable 'loginResponse' with new value: call read(loginFeature)
01:56:54.895 [pool-2-thread-5] DEBUG c.intuit.karate.core.ScenarioEngine - over-writing existing variable 'loginResponse' with new value: call read(loginFeature)
01:56:54.898 [pool-2-thread-3] DEBUG com.intuit.karate - request:
1 > POST https://api01-siasis-dev.vercel.app/api/login/auxiliar
1 > Cookie: Apellidos=Cullanco%20Espilco; Google_Drive_Foto_ID=1pMkv-ba_T2mBKxjp_zBTZtgWEjwxPxdu; Nombres=Elena%20Serafina; Genero=F; Rol=D; token=eyJhbGciOiJIUzI1NiIsInR5cCI6IkpXVCJ9.eyJJRF9Vc3VhcmlvIjoiMSIsIk5vbWJyZV9Vc3VhcmlvIjoiZGlyZWN0b3IuYXN1bmNpb244IiwiUkRQMDJfSU5TVEFOQ0UiOiJSRFAwMl9JTlMyIiwiUkRQMDNfSU5TVEFOQ0UiOiJSRFAwM19JTlMzIiwiUm9sIjoiRCIsImlhdCI6MTc1MTk1NzgwNCwiZXhwIjoxNzUxOTc1ODA0fQ._pX9w_q5u5T6X-QSlwboOr9a8ktv4Vhe3e00cxEGuqA
1 > Content-Type: application/json; charset=UTF-8
1 > Content-Length: 67
1 > Host: api01-siasis-dev.vercel.app
1 > Connection: Keep-Alive
1 > User-Agent: Apache-HttpClient/4.5.14 (Java/17.0.12)
1 > Accept-Encoding: gzip,deflate
{
  "Nombre_Usuario": "brigida_gonzales_1535",
  "Contraseña": "15357278"
}


01:56:54.902 [pool-2-thread-5] DEBUG com.intuit.karate - request:
1 > POST https://api01-siasis-dev.vercel.app/api/login/profesor-tutor-secundaria
1 > Cookie: Apellidos=Gonzales%20Morales; Google_Drive_Foto_ID=12CrZ2Z8qd2FGzo0UeOURh3turASgkZ-8; Nombres=Brigida; Genero=F; Rol=A; token=eyJhbGciOiJIUzI1NiIsInR5cCI6IkpXVCJ9.eyJJRF9Vc3VhcmlvIjoiMTUzNTcyNzgiLCJSRFAwMl9JTlNUQU5DRSI6IlJEUDAyX0lOUzIiLCJSRFAwM19JTlNUQU5DRSI6IlJEUDAzX0lOUzIiLCJOb21icmVfVXN1YXJpbyI6ImJyaWdpZGFfZ29uemFsZXNfMTUzNSIsIlJvbCI6IkEiLCJpYXQiOjE3NTE5NTc4MDQsImV4cCI6MTc1MTk3NTgwNH0.G4dxPwy-ESQRkDaaGmyLYZfudHC5tmpqtj_r_8iB9oE
1 > Content-Type: application/json; charset=UTF-8
1 > Content-Length: 65
1 > Host: api01-siasis-dev.vercel.app
1 > Connection: Keep-Alive
1 > User-Agent: Apache-HttpClient/4.5.14 (Java/17.0.12)
1 > Accept-Encoding: gzip,deflate
{
  "Nombre_Usuario": "daniel_sanchez_1542",
  "Contraseña": "15420745"
}


01:56:55.001 [pool-2-thread-1] DEBUG com.intuit.karate - response time in milliseconds: 527
1 < 200
1 < Access-Control-Allow-Origin: *
1 < Cache-Control: public, max-age=0, must-revalidate
1 < Content-Length: 515
1 < Content-Type: application/json; charset=utf-8
1 < Date: Tue, 08 Jul 2025 06:56:45 GMT
1 < Etag: W/"203-m/JGjXv7p482g8S3yVoYX7Uk1Xo"
1 < Server: Vercel
1 < Strict-Transport-Security: max-age=63072000; includeSubDomains; preload
1 < X-Powered-By: Express
1 < X-Vercel-Cache: MISS
1 < X-Vercel-Id: gru1::iad1::zh6qw-1751957805269-34b008912ad8
{
  "success": true,
  "message": "Inicio de sesión exitoso",
  "data": {
    "Apellidos": "Gonzales Morales",
    "Nombres": "Brigida",
    "Rol": "A",
    "token": "eyJhbGciOiJIUzI1NiIsInR5cCI6IkpXVCJ9.eyJJRF9Vc3VhcmlvIjoiMTUzNTcyNzgiLCJSRFAwMl9JTlNUQU5DRSI6IlJEUDAyX0lOUzMiLCJSRFAwM19JTlNUQU5DRSI6IlJEUDAzX0lOUzIiLCJOb21icmVfVXN1YXJpbyI6ImJyaWdpZGFfZ29uemFsZXNfMTUzNSIsIlJvbCI6IkEiLCJpYXQiOjE3NTE5NTc4MDUsImV4cCI6MTc1MTk3NTgwNX0.aqyW8n_qnTlHhKbOxgtnwmaYD31OEMGv2P5M2YzpKqk",
    "Google_Drive_Foto_ID": "12CrZ2Z8qd2FGzo0UeOURh3turASgkZ-8",
    "Genero": "F"
  }
}


01:56:55.002 [pool-2-thread-1] INFO  com.intuit.karate - [print] eyJhbGciOiJIUzI1NiIsInR5cCI6IkpXVCJ9.eyJJRF9Vc3VhcmlvIjoiMTUzNTcyNzgiLCJSRFAwMl9JTlNUQU5DRSI6IlJEUDAyX0lOUzMiLCJSRFAwM19JTlNUQU5DRSI6IlJEUDAzX0lOUzIiLCJOb21icmVfVXN1YXJpbyI6ImJyaWdpZGFfZ29uemFsZXNfMTUzNSIsIlJvbCI6IkEiLCJpYXQiOjE3NTE5NTc4MDUsImV4cCI6MTc1MTk3NTgwNX0.aqyW8n_qnTlHhKbOxgtnwmaYD31OEMGv2P5M2YzpKqk 
01:56:55.003 [pool-2-thread-1] INFO  com.intuit.karate - [print] A 
01:56:55.004 [pool-2-thread-1] DEBUG com.intuit.karate - request:
1 > POST https://siasis-dev.vercel.app/api/auth/login
1 > Cookie: Apellidos=Cullanco%20Espilco; Google_Drive_Foto_ID=1pMkv-ba_T2mBKxjp_zBTZtgWEjwxPxdu; Nombres=Elena%20Serafina; Genero=F; Rol=D; token=eyJhbGciOiJIUzI1NiIsInR5cCI6IkpXVCJ9.eyJJRF9Vc3VhcmlvIjoiMSIsIk5vbWJyZV9Vc3VhcmlvIjoiZGlyZWN0b3IuYXN1bmNpb244IiwiUkRQMDJfSU5TVEFOQ0UiOiJSRFAwMl9JTlMxIiwiUkRQMDNfSU5TVEFOQ0UiOiJSRFAwM19JTlM1IiwiUm9sIjoiRCIsImlhdCI6MTc1MTk1NzgwMywiZXhwIjoxNzUxOTc1ODAzfQ.-AMCCiAI8HsbRjznpI6C0oZe9_Qj7EXlAv6BthWFWIE
1 > Content-Type: application/json; charset=UTF-8
1 > Content-Length: 453
1 > Host: siasis-dev.vercel.app
1 > Connection: Keep-Alive
1 > User-Agent: Apache-HttpClient/4.5.14 (Java/17.0.12)
1 > Accept-Encoding: gzip,deflate
{
  "Nombres": "Brigida",
  "Apellidos": "Gonzales Morales",
  "token": "eyJhbGciOiJIUzI1NiIsInR5cCI6IkpXVCJ9.eyJJRF9Vc3VhcmlvIjoiMTUzNTcyNzgiLCJSRFAwMl9JTlNUQU5DRSI6IlJEUDAyX0lOUzMiLCJSRFAwM19JTlNUQU5DRSI6IlJEUDAzX0lOUzIiLCJOb21icmVfVXN1YXJpbyI6ImJyaWdpZGFfZ29uemFsZXNfMTUzNSIsIlJvbCI6IkEiLCJpYXQiOjE3NTE5NTc4MDUsImV4cCI6MTc1MTk3NTgwNX0.aqyW8n_qnTlHhKbOxgtnwmaYD31OEMGv2P5M2YzpKqk",
  "Genero": "F",
  "Google_Drive_Foto_ID": "12CrZ2Z8qd2FGzo0UeOURh3turASgkZ-8",
  "Rol": "A"
}


01:56:55.263 [pool-2-thread-4] DEBUG com.intuit.karate - response time in milliseconds: 669
1 < 200
1 < Cache-Control: public, max-age=0, must-revalidate
1 < Content-Type: application/json
1 < Date: Tue, 08 Jul 2025 06:56:45 GMT
1 < Server: Vercel
1 < Strict-Transport-Security: max-age=63072000; includeSubDomains; preload
1 < Vary: RSC, Next-Router-State-Tree, Next-Router-Prefetch, Next-Router-Segment-Prefetch
1 < X-Matched-Path: /api/asistencia-hoy/marcar
1 < X-Vercel-Cache: MISS
1 < X-Vercel-Id: gru1::iad1::cq8gr-1751957805463-bccc79e1ee3e
1 < Transfer-Encoding: chunked
{
  "success": true,
  "message": "La asistencia ya había sido registrada anteriormente",
  "data": {
    "timestamp": 1751957805583,
    "desfaseSegundos": 3590,
    "esNuevoRegistro": false,
    "esRegistroPropio": false,
    "actorRegistrado": "D",
    "tipoAsistencia": "personal"
  }
}


01:56:55.266 [pool-2-thread-4] DEBUG c.intuit.karate.core.ScenarioEngine - over-writing existing variable 'loginFeature' with new value: 'classpath:resources/features/login/Auxiliar.feature'
01:56:55.272 [pool-2-thread-4] DEBUG c.intuit.karate.core.ScenarioEngine - over-writing existing variable 'loginResponse' with new value: call read(loginFeature)
01:56:55.279 [pool-2-thread-4] DEBUG com.intuit.karate - request:
1 > POST https://api01-siasis-dev.vercel.app/api/login/auxiliar
1 > Cookie: Apellidos=Cullanco%20Espilco; Google_Drive_Foto_ID=1pMkv-ba_T2mBKxjp_zBTZtgWEjwxPxdu; Nombres=Elena%20Serafina; Genero=F; Rol=D; token=eyJhbGciOiJIUzI1NiIsInR5cCI6IkpXVCJ9.eyJJRF9Vc3VhcmlvIjoiMSIsIk5vbWJyZV9Vc3VhcmlvIjoiZGlyZWN0b3IuYXN1bmNpb244IiwiUkRQMDJfSU5TVEFOQ0UiOiJSRFAwMl9JTlMyIiwiUkRQMDNfSU5TVEFOQ0UiOiJSRFAwM19JTlMxIiwiUm9sIjoiRCIsImlhdCI6MTc1MTk1NzgwNCwiZXhwIjoxNzUxOTc1ODA0fQ.MRr5PFfVVsU9fa-v-Q6rd7fRSz8M1JqaMU_h_4owZ0E
1 > Content-Type: application/json; charset=UTF-8
1 > Content-Length: 67
1 > Host: api01-siasis-dev.vercel.app
1 > Connection: Keep-Alive
1 > User-Agent: Apache-HttpClient/4.5.14 (Java/17.0.12)
1 > Accept-Encoding: gzip,deflate
{
  "Nombre_Usuario": "brigida_gonzales_1535",
  "Contraseña": "15357278"
}


01:56:55.412 [pool-2-thread-1] DEBUG com.intuit.karate - response time in milliseconds: 406
1 < 201
1 < Cache-Control: public, max-age=0, must-revalidate
1 < Content-Length: 0
1 < Date: Tue, 08 Jul 2025 06:56:45 GMT
1 < Server: Vercel
1 < Set-Cookie: Nombres=Brigida; Max-Age=18000; Path=/; HttpOnly; Secure; SameSite=Lax
1 < Set-Cookie: Apellidos=Gonzales%20Morales; Max-Age=18000; Path=/; HttpOnly; Secure; SameSite=Lax
1 < Set-Cookie: Rol=A; Max-Age=18000; Path=/; HttpOnly; Secure; SameSite=Lax
1 < Set-Cookie: token=eyJhbGciOiJIUzI1NiIsInR5cCI6IkpXVCJ9.eyJJRF9Vc3VhcmlvIjoiMTUzNTcyNzgiLCJSRFAwMl9JTlNUQU5DRSI6IlJEUDAyX0lOUzMiLCJSRFAwM19JTlNUQU5DRSI6IlJEUDAzX0lOUzIiLCJOb21icmVfVXN1YXJpbyI6ImJyaWdpZGFfZ29uemFsZXNfMTUzNSIsIlJvbCI6IkEiLCJpYXQiOjE3NTE5NTc4MDUsImV4cCI6MTc1MTk3NTgwNX0.aqyW8n_qnTlHhKbOxgtnwmaYD31OEMGv2P5M2YzpKqk; Max-Age=18000; Path=/; HttpOnly; Secure; SameSite=Lax
1 < Set-Cookie: Genero=F; Max-Age=18000; Path=/; HttpOnly; Secure; SameSite=Lax
1 < Set-Cookie: Google_Drive_Foto_ID=12CrZ2Z8qd2FGzo0UeOURh3turASgkZ-8; Max-Age=18000; Path=/; HttpOnly; Secure; SameSite=Lax
1 < Strict-Transport-Security: max-age=63072000; includeSubDomains; preload
1 < Vary: RSC, Next-Router-State-Tree, Next-Router-Prefetch, Next-Router-Segment-Prefetch
1 < X-Matched-Path: /api/auth/login
1 < X-Vercel-Cache: MISS
1 < X-Vercel-Id: gru1::iad1::bdvft-1751957805805-3cc1d9ab2d3a


01:56:55.413 [pool-2-thread-1] DEBUG c.intuit.karate.core.ScenarioEngine - over-writing existing variable 'fechaHoraEsperadaISO' with new value: getAdjustedTime()
01:56:55.413 [pool-2-thread-2] DEBUG com.intuit.karate - response time in milliseconds: 566
1 < 200
1 < Cache-Control: public, max-age=0, must-revalidate
1 < Content-Type: application/json
1 < Date: Tue, 08 Jul 2025 06:56:45 GMT
1 < Server: Vercel
1 < Strict-Transport-Security: max-age=63072000; includeSubDomains; preload
1 < Vary: RSC, Next-Router-State-Tree, Next-Router-Prefetch, Next-Router-Segment-Prefetch
1 < X-Matched-Path: /api/asistencia-hoy/marcar
1 < X-Vercel-Cache: MISS
1 < X-Vercel-Id: gru1::iad1::zjqsx-1751957805641-5a4e0ec39e5b
1 < Transfer-Encoding: chunked
{
  "success": true,
  "message": "La asistencia ya había sido registrada anteriormente",
  "data": {
    "timestamp": 1751957805741,
    "desfaseSegundos": 3590,
    "esNuevoRegistro": false,
    "esRegistroPropio": false,
    "actorRegistrado": "D",
    "tipoAsistencia": "personal"
  }
}


01:56:55.416 [pool-2-thread-1] DEBUG com.intuit.karate - request:
1 > POST https://siasis-dev.vercel.app/api/asistencia-hoy/marcar
1 > Cookie: Apellidos=Gonzales%20Morales; Google_Drive_Foto_ID=12CrZ2Z8qd2FGzo0UeOURh3turASgkZ-8; Nombres=Brigida; Genero=F; Rol=A; token=eyJhbGciOiJIUzI1NiIsInR5cCI6IkpXVCJ9.eyJJRF9Vc3VhcmlvIjoiMTUzNTcyNzgiLCJSRFAwMl9JTlNUQU5DRSI6IlJEUDAyX0lOUzMiLCJSRFAwM19JTlNUQU5DRSI6IlJEUDAzX0lOUzIiLCJOb21icmVfVXN1YXJpbyI6ImJyaWdpZGFfZ29uemFsZXNfMTUzNSIsIlJvbCI6IkEiLCJpYXQiOjE3NTE5NTc4MDUsImV4cCI6MTc1MTk3NTgwNX0.aqyW8n_qnTlHhKbOxgtnwmaYD31OEMGv2P5M2YzpKqk
1 > Content-Type: application/json; charset=UTF-8
1 > Content-Length: 70
1 > Host: siasis-dev.vercel.app
1 > Connection: Keep-Alive
1 > User-Agent: Apache-HttpClient/4.5.14 (Java/17.0.12)
1 > Accept-Encoding: gzip,deflate
{
  "ModoRegistro": "E",
  "FechaHoraEsperadaISO": "2025-07-08T05:56:55.413Z"
}


01:56:55.418 [pool-2-thread-2] DEBUG c.intuit.karate.core.ScenarioEngine - over-writing existing variable 'loginFeature' with new value: 'classpath:resources/features/login/Auxiliar.feature'
01:56:55.423 [pool-2-thread-2] DEBUG c.intuit.karate.core.ScenarioEngine - over-writing existing variable 'loginResponse' with new value: call read(loginFeature)
01:56:55.423 [pool-2-thread-3] DEBUG com.intuit.karate - response time in milliseconds: 524
1 < 200
1 < Access-Control-Allow-Origin: *
1 < Cache-Control: public, max-age=0, must-revalidate
1 < Content-Length: 515
1 < Content-Type: application/json; charset=utf-8
1 < Date: Tue, 08 Jul 2025 06:56:45 GMT
1 < Etag: W/"203-j3woSEzl5+29JzBp98RVlljRya4"
1 < Server: Vercel
1 < Strict-Transport-Security: max-age=63072000; includeSubDomains; preload
1 < X-Powered-By: Express
1 < X-Vercel-Cache: MISS
1 < X-Vercel-Id: gru1::iad1::zh6qw-1751957805693-5d81631b5c32
{
  "success": true,
  "message": "Inicio de sesión exitoso",
  "data": {
    "Apellidos": "Gonzales Morales",
    "Nombres": "Brigida",
    "Rol": "A",
    "token": "eyJhbGciOiJIUzI1NiIsInR5cCI6IkpXVCJ9.eyJJRF9Vc3VhcmlvIjoiMTUzNTcyNzgiLCJSRFAwMl9JTlNUQU5DRSI6IlJEUDAyX0lOUzEiLCJSRFAwM19JTlNUQU5DRSI6IlJEUDAzX0lOUzMiLCJOb21icmVfVXN1YXJpbyI6ImJyaWdpZGFfZ29uemFsZXNfMTUzNSIsIlJvbCI6IkEiLCJpYXQiOjE3NTE5NTc4MDUsImV4cCI6MTc1MTk3NTgwNX0.crHvaH3v64_D-wmL3wLe9oupYmtlz_Oz8DDxx-7sNjE",
    "Google_Drive_Foto_ID": "12CrZ2Z8qd2FGzo0UeOURh3turASgkZ-8",
    "Genero": "F"
  }
}


01:56:55.424 [pool-2-thread-3] INFO  com.intuit.karate - [print] eyJhbGciOiJIUzI1NiIsInR5cCI6IkpXVCJ9.eyJJRF9Vc3VhcmlvIjoiMTUzNTcyNzgiLCJSRFAwMl9JTlNUQU5DRSI6IlJEUDAyX0lOUzEiLCJSRFAwM19JTlNUQU5DRSI6IlJEUDAzX0lOUzMiLCJOb21icmVfVXN1YXJpbyI6ImJyaWdpZGFfZ29uemFsZXNfMTUzNSIsIlJvbCI6IkEiLCJpYXQiOjE3NTE5NTc4MDUsImV4cCI6MTc1MTk3NTgwNX0.crHvaH3v64_D-wmL3wLe9oupYmtlz_Oz8DDxx-7sNjE 
01:56:55.424 [pool-2-thread-3] INFO  com.intuit.karate - [print] A 
01:56:55.426 [pool-2-thread-3] DEBUG com.intuit.karate - request:
1 > POST https://siasis-dev.vercel.app/api/auth/login
1 > Cookie: Apellidos=Cullanco%20Espilco; Google_Drive_Foto_ID=1pMkv-ba_T2mBKxjp_zBTZtgWEjwxPxdu; Nombres=Elena%20Serafina; Genero=F; Rol=D; token=eyJhbGciOiJIUzI1NiIsInR5cCI6IkpXVCJ9.eyJJRF9Vc3VhcmlvIjoiMSIsIk5vbWJyZV9Vc3VhcmlvIjoiZGlyZWN0b3IuYXN1bmNpb244IiwiUkRQMDJfSU5TVEFOQ0UiOiJSRFAwMl9JTlMyIiwiUkRQMDNfSU5TVEFOQ0UiOiJSRFAwM19JTlMzIiwiUm9sIjoiRCIsImlhdCI6MTc1MTk1NzgwNCwiZXhwIjoxNzUxOTc1ODA0fQ._pX9w_q5u5T6X-QSlwboOr9a8ktv4Vhe3e00cxEGuqA
1 > Content-Type: application/json; charset=UTF-8
1 > Content-Length: 453
1 > Host: siasis-dev.vercel.app
1 > Connection: Keep-Alive
1 > User-Agent: Apache-HttpClient/4.5.14 (Java/17.0.12)
1 > Accept-Encoding: gzip,deflate
{
  "Nombres": "Brigida",
  "Apellidos": "Gonzales Morales",
  "token": "eyJhbGciOiJIUzI1NiIsInR5cCI6IkpXVCJ9.eyJJRF9Vc3VhcmlvIjoiMTUzNTcyNzgiLCJSRFAwMl9JTlNUQU5DRSI6IlJEUDAyX0lOUzEiLCJSRFAwM19JTlNUQU5DRSI6IlJEUDAzX0lOUzMiLCJOb21icmVfVXN1YXJpbyI6ImJyaWdpZGFfZ29uemFsZXNfMTUzNSIsIlJvbCI6IkEiLCJpYXQiOjE3NTE5NTc4MDUsImV4cCI6MTc1MTk3NTgwNX0.crHvaH3v64_D-wmL3wLe9oupYmtlz_Oz8DDxx-7sNjE",
  "Genero": "F",
  "Google_Drive_Foto_ID": "12CrZ2Z8qd2FGzo0UeOURh3turASgkZ-8",
  "Rol": "A"
}


01:56:55.429 [pool-2-thread-2] DEBUG com.intuit.karate - request:
1 > POST https://api01-siasis-dev.vercel.app/api/login/auxiliar
1 > Cookie: Apellidos=Cullanco%20Espilco; Google_Drive_Foto_ID=1pMkv-ba_T2mBKxjp_zBTZtgWEjwxPxdu; Nombres=Elena%20Serafina; Genero=F; Rol=D; token=eyJhbGciOiJIUzI1NiIsInR5cCI6IkpXVCJ9.eyJJRF9Vc3VhcmlvIjoiMSIsIk5vbWJyZV9Vc3VhcmlvIjoiZGlyZWN0b3IuYXN1bmNpb244IiwiUkRQMDJfSU5TVEFOQ0UiOiJSRFAwMl9JTlMxIiwiUkRQMDNfSU5TVEFOQ0UiOiJSRFAwM19JTlMyIiwiUm9sIjoiRCIsImlhdCI6MTc1MTk1NzgwNCwiZXhwIjoxNzUxOTc1ODA0fQ.wg1YJwXf54cYxYsvD6KWm8_agAtjRmgluNiaijP3XtA
1 > Content-Type: application/json; charset=UTF-8
1 > Content-Length: 67
1 > Host: api01-siasis-dev.vercel.app
1 > Connection: Keep-Alive
1 > User-Agent: Apache-HttpClient/4.5.14 (Java/17.0.12)
1 > Accept-Encoding: gzip,deflate
{
  "Nombre_Usuario": "brigida_gonzales_1535",
  "Contraseña": "15357278"
}


01:56:55.858 [pool-2-thread-3] DEBUG com.intuit.karate - response time in milliseconds: 432
1 < 201
1 < Cache-Control: public, max-age=0, must-revalidate
1 < Content-Length: 0
1 < Date: Tue, 08 Jul 2025 06:56:46 GMT
1 < Server: Vercel
1 < Set-Cookie: Nombres=Brigida; Max-Age=18000; Path=/; HttpOnly; Secure; SameSite=Lax
1 < Set-Cookie: Apellidos=Gonzales%20Morales; Max-Age=18000; Path=/; HttpOnly; Secure; SameSite=Lax
1 < Set-Cookie: Rol=A; Max-Age=18000; Path=/; HttpOnly; Secure; SameSite=Lax
1 < Set-Cookie: token=eyJhbGciOiJIUzI1NiIsInR5cCI6IkpXVCJ9.eyJJRF9Vc3VhcmlvIjoiMTUzNTcyNzgiLCJSRFAwMl9JTlNUQU5DRSI6IlJEUDAyX0lOUzEiLCJSRFAwM19JTlNUQU5DRSI6IlJEUDAzX0lOUzMiLCJOb21icmVfVXN1YXJpbyI6ImJyaWdpZGFfZ29uemFsZXNfMTUzNSIsIlJvbCI6IkEiLCJpYXQiOjE3NTE5NTc4MDUsImV4cCI6MTc1MTk3NTgwNX0.crHvaH3v64_D-wmL3wLe9oupYmtlz_Oz8DDxx-7sNjE; Max-Age=18000; Path=/; HttpOnly; Secure; SameSite=Lax
1 < Set-Cookie: Genero=F; Max-Age=18000; Path=/; HttpOnly; Secure; SameSite=Lax
1 < Set-Cookie: Google_Drive_Foto_ID=12CrZ2Z8qd2FGzo0UeOURh3turASgkZ-8; Max-Age=18000; Path=/; HttpOnly; Secure; SameSite=Lax
1 < Strict-Transport-Security: max-age=63072000; includeSubDomains; preload
1 < Vary: RSC, Next-Router-State-Tree, Next-Router-Prefetch, Next-Router-Segment-Prefetch
1 < X-Matched-Path: /api/auth/login
1 < X-Vercel-Cache: MISS
1 < X-Vercel-Id: gru1::iad1::zdj87-1751957806225-cb6c28f207a0


01:56:55.858 [pool-2-thread-3] DEBUG c.intuit.karate.core.ScenarioEngine - over-writing existing variable 'fechaHoraEsperadaISO' with new value: getAdjustedTime()
01:56:55.867 [pool-2-thread-3] DEBUG com.intuit.karate - request:
1 > POST https://siasis-dev.vercel.app/api/asistencia-hoy/marcar
1 > Cookie: Apellidos=Gonzales%20Morales; Google_Drive_Foto_ID=12CrZ2Z8qd2FGzo0UeOURh3turASgkZ-8; Nombres=Brigida; Genero=F; Rol=A; token=eyJhbGciOiJIUzI1NiIsInR5cCI6IkpXVCJ9.eyJJRF9Vc3VhcmlvIjoiMTUzNTcyNzgiLCJSRFAwMl9JTlNUQU5DRSI6IlJEUDAyX0lOUzEiLCJSRFAwM19JTlNUQU5DRSI6IlJEUDAzX0lOUzMiLCJOb21icmVfVXN1YXJpbyI6ImJyaWdpZGFfZ29uemFsZXNfMTUzNSIsIlJvbCI6IkEiLCJpYXQiOjE3NTE5NTc4MDUsImV4cCI6MTc1MTk3NTgwNX0.crHvaH3v64_D-wmL3wLe9oupYmtlz_Oz8DDxx-7sNjE
1 > Content-Type: application/json; charset=UTF-8
1 > Content-Length: 70
1 > Host: siasis-dev.vercel.app
1 > Connection: Keep-Alive
1 > User-Agent: Apache-HttpClient/4.5.14 (Java/17.0.12)
1 > Accept-Encoding: gzip,deflate
{
  "ModoRegistro": "E",
  "FechaHoraEsperadaISO": "2025-07-08T05:56:55.864Z"
}


01:56:56.071 [pool-2-thread-1] DEBUG com.intuit.karate - response time in milliseconds: 655
1 < 200
1 < Cache-Control: public, max-age=0, must-revalidate
1 < Content-Type: application/json
1 < Date: Tue, 08 Jul 2025 06:56:46 GMT
1 < Server: Vercel
1 < Strict-Transport-Security: max-age=63072000; includeSubDomains; preload
1 < Vary: RSC, Next-Router-State-Tree, Next-Router-Prefetch, Next-Router-Segment-Prefetch
1 < X-Matched-Path: /api/asistencia-hoy/marcar
1 < X-Vercel-Cache: MISS
1 < X-Vercel-Id: gru1::iad1::cq8gr-1751957806212-480821c5f7f4
1 < Transfer-Encoding: chunked
{
  "success": true,
  "message": "La asistencia ya había sido registrada anteriormente",
  "data": {
    "timestamp": 1751957806330,
    "desfaseSegundos": 3590,
    "esNuevoRegistro": false,
    "esRegistroPropio": false,
    "actorRegistrado": "A",
    "tipoAsistencia": "personal"
  }
}


01:56:56.076 [pool-2-thread-1] DEBUG c.intuit.karate.core.ScenarioEngine - over-writing existing variable 'loginFeature' with new value: 'classpath:resources/features/login/CasoTutorSecundaria.feature'
01:56:56.082 [pool-2-thread-1] DEBUG c.intuit.karate.core.ScenarioEngine - over-writing existing variable 'loginResponse' with new value: call read(loginFeature)
01:56:56.088 [pool-2-thread-1] DEBUG com.intuit.karate - request:
1 > POST https://api01-siasis-dev.vercel.app/api/login/profesor-tutor-secundaria
1 > Cookie: Apellidos=Gonzales%20Morales; Google_Drive_Foto_ID=12CrZ2Z8qd2FGzo0UeOURh3turASgkZ-8; Nombres=Brigida; Genero=F; Rol=A; token=eyJhbGciOiJIUzI1NiIsInR5cCI6IkpXVCJ9.eyJJRF9Vc3VhcmlvIjoiMTUzNTcyNzgiLCJSRFAwMl9JTlNUQU5DRSI6IlJEUDAyX0lOUzMiLCJSRFAwM19JTlNUQU5DRSI6IlJEUDAzX0lOUzIiLCJOb21icmVfVXN1YXJpbyI6ImJyaWdpZGFfZ29uemFsZXNfMTUzNSIsIlJvbCI6IkEiLCJpYXQiOjE3NTE5NTc4MDUsImV4cCI6MTc1MTk3NTgwNX0.aqyW8n_qnTlHhKbOxgtnwmaYD31OEMGv2P5M2YzpKqk
1 > Content-Type: application/json; charset=UTF-8
1 > Content-Length: 65
1 > Host: api01-siasis-dev.vercel.app
1 > Connection: Keep-Alive
1 > User-Agent: Apache-HttpClient/4.5.14 (Java/17.0.12)
1 > Accept-Encoding: gzip,deflate
{
  "Nombre_Usuario": "daniel_sanchez_1542",
  "Contraseña": "15420745"
}


01:56:56.208 [pool-2-thread-4] DEBUG com.intuit.karate - response time in milliseconds: 929
1 < 200
1 < Access-Control-Allow-Origin: *
1 < Cache-Control: public, max-age=0, must-revalidate
1 < Content-Length: 515
1 < Content-Type: application/json; charset=utf-8
1 < Date: Tue, 08 Jul 2025 06:56:46 GMT
1 < Etag: W/"203-6/v8vpkRRAS8sEz/dva+IUPvQto"
1 < Server: Vercel
1 < Strict-Transport-Security: max-age=63072000; includeSubDomains; preload
1 < X-Powered-By: Express
1 < X-Vercel-Cache: MISS
1 < X-Vercel-Id: gru1::iad1::zh6qw-1751957806074-00022ed7d0b6
{
  "success": true,
  "message": "Inicio de sesión exitoso",
  "data": {
    "Apellidos": "Gonzales Morales",
    "Nombres": "Brigida",
    "Rol": "A",
    "token": "eyJhbGciOiJIUzI1NiIsInR5cCI6IkpXVCJ9.eyJJRF9Vc3VhcmlvIjoiMTUzNTcyNzgiLCJSRFAwMl9JTlNUQU5DRSI6IlJEUDAyX0lOUzMiLCJSRFAwM19JTlNUQU5DRSI6IlJEUDAzX0lOUzMiLCJOb21icmVfVXN1YXJpbyI6ImJyaWdpZGFfZ29uemFsZXNfMTUzNSIsIlJvbCI6IkEiLCJpYXQiOjE3NTE5NTc4MDYsImV4cCI6MTc1MTk3NTgwNn0.ydOmF_p5ObWrrkohbIHTHWUJxVsQUV-zXRMN0tO2h4A",
    "Google_Drive_Foto_ID": "12CrZ2Z8qd2FGzo0UeOURh3turASgkZ-8",
    "Genero": "F"
  }
}


01:56:56.208 [pool-2-thread-4] INFO  com.intuit.karate - [print] eyJhbGciOiJIUzI1NiIsInR5cCI6IkpXVCJ9.eyJJRF9Vc3VhcmlvIjoiMTUzNTcyNzgiLCJSRFAwMl9JTlNUQU5DRSI6IlJEUDAyX0lOUzMiLCJSRFAwM19JTlNUQU5DRSI6IlJEUDAzX0lOUzMiLCJOb21icmVfVXN1YXJpbyI6ImJyaWdpZGFfZ29uemFsZXNfMTUzNSIsIlJvbCI6IkEiLCJpYXQiOjE3NTE5NTc4MDYsImV4cCI6MTc1MTk3NTgwNn0.ydOmF_p5ObWrrkohbIHTHWUJxVsQUV-zXRMN0tO2h4A 
01:56:56.208 [pool-2-thread-4] INFO  com.intuit.karate - [print] A 
01:56:56.215 [pool-2-thread-4] DEBUG com.intuit.karate - request:
1 > POST https://siasis-dev.vercel.app/api/auth/login
1 > Cookie: Apellidos=Cullanco%20Espilco; Google_Drive_Foto_ID=1pMkv-ba_T2mBKxjp_zBTZtgWEjwxPxdu; Nombres=Elena%20Serafina; Genero=F; Rol=D; token=eyJhbGciOiJIUzI1NiIsInR5cCI6IkpXVCJ9.eyJJRF9Vc3VhcmlvIjoiMSIsIk5vbWJyZV9Vc3VhcmlvIjoiZGlyZWN0b3IuYXN1bmNpb244IiwiUkRQMDJfSU5TVEFOQ0UiOiJSRFAwMl9JTlMyIiwiUkRQMDNfSU5TVEFOQ0UiOiJSRFAwM19JTlMxIiwiUm9sIjoiRCIsImlhdCI6MTc1MTk1NzgwNCwiZXhwIjoxNzUxOTc1ODA0fQ.MRr5PFfVVsU9fa-v-Q6rd7fRSz8M1JqaMU_h_4owZ0E
1 > Content-Type: application/json; charset=UTF-8
1 > Content-Length: 453
1 > Host: siasis-dev.vercel.app
1 > Connection: Keep-Alive
1 > User-Agent: Apache-HttpClient/4.5.14 (Java/17.0.12)
1 > Accept-Encoding: gzip,deflate
{
  "Nombres": "Brigida",
  "Apellidos": "Gonzales Morales",
  "token": "eyJhbGciOiJIUzI1NiIsInR5cCI6IkpXVCJ9.eyJJRF9Vc3VhcmlvIjoiMTUzNTcyNzgiLCJSRFAwMl9JTlNUQU5DRSI6IlJEUDAyX0lOUzMiLCJSRFAwM19JTlNUQU5DRSI6IlJEUDAzX0lOUzMiLCJOb21icmVfVXN1YXJpbyI6ImJyaWdpZGFfZ29uemFsZXNfMTUzNSIsIlJvbCI6IkEiLCJpYXQiOjE3NTE5NTc4MDYsImV4cCI6MTc1MTk3NTgwNn0.ydOmF_p5ObWrrkohbIHTHWUJxVsQUV-zXRMN0tO2h4A",
  "Genero": "F",
  "Google_Drive_Foto_ID": "12CrZ2Z8qd2FGzo0UeOURh3turASgkZ-8",
  "Rol": "A"
}


01:56:56.366 [pool-2-thread-2] DEBUG com.intuit.karate - response time in milliseconds: 937
1 < 200
1 < Access-Control-Allow-Origin: *
1 < Cache-Control: public, max-age=0, must-revalidate
1 < Content-Length: 515
1 < Content-Type: application/json; charset=utf-8
1 < Date: Tue, 08 Jul 2025 06:56:46 GMT
1 < Etag: W/"203-c/3kFe91sdI9GWI5+VYpb2776pA"
1 < Server: Vercel
1 < Strict-Transport-Security: max-age=63072000; includeSubDomains; preload
1 < X-Powered-By: Express
1 < X-Vercel-Cache: MISS
1 < X-Vercel-Id: gru1::iad1::kr4zd-1751957806231-c705d4cca4aa
{
  "success": true,
  "message": "Inicio de sesión exitoso",
  "data": {
    "Apellidos": "Gonzales Morales",
    "Nombres": "Brigida",
    "Rol": "A",
    "token": "eyJhbGciOiJIUzI1NiIsInR5cCI6IkpXVCJ9.eyJJRF9Vc3VhcmlvIjoiMTUzNTcyNzgiLCJSRFAwMl9JTlNUQU5DRSI6IlJEUDAyX0lOUzMiLCJSRFAwM19JTlNUQU5DRSI6IlJEUDAzX0lOUzQiLCJOb21icmVfVXN1YXJpbyI6ImJyaWdpZGFfZ29uemFsZXNfMTUzNSIsIlJvbCI6IkEiLCJpYXQiOjE3NTE5NTc4MDYsImV4cCI6MTc1MTk3NTgwNn0.dHOAw6fUTVuWWUICwIaCVPeP49-XwXvcCXjJBZoShWY",
    "Google_Drive_Foto_ID": "1zMyKrzbyqYhCZX-7usVpUfzuwOvRpQtA",
    "Genero": "F"
  }
}


01:56:56.368 [pool-2-thread-2] INFO  com.intuit.karate - [print] eyJhbGciOiJIUzI1NiIsInR5cCI6IkpXVCJ9.eyJJRF9Vc3VhcmlvIjoiMTUzNTcyNzgiLCJSRFAwMl9JTlNUQU5DRSI6IlJEUDAyX0lOUzMiLCJSRFAwM19JTlNUQU5DRSI6IlJEUDAzX0lOUzQiLCJOb21icmVfVXN1YXJpbyI6ImJyaWdpZGFfZ29uemFsZXNfMTUzNSIsIlJvbCI6IkEiLCJpYXQiOjE3NTE5NTc4MDYsImV4cCI6MTc1MTk3NTgwNn0.dHOAw6fUTVuWWUICwIaCVPeP49-XwXvcCXjJBZoShWY 
01:56:56.368 [pool-2-thread-2] INFO  com.intuit.karate - [print] A 
01:56:56.371 [pool-2-thread-2] DEBUG com.intuit.karate - request:
1 > POST https://siasis-dev.vercel.app/api/auth/login
1 > Cookie: Apellidos=Cullanco%20Espilco; Google_Drive_Foto_ID=1pMkv-ba_T2mBKxjp_zBTZtgWEjwxPxdu; Nombres=Elena%20Serafina; Genero=F; Rol=D; token=eyJhbGciOiJIUzI1NiIsInR5cCI6IkpXVCJ9.eyJJRF9Vc3VhcmlvIjoiMSIsIk5vbWJyZV9Vc3VhcmlvIjoiZGlyZWN0b3IuYXN1bmNpb244IiwiUkRQMDJfSU5TVEFOQ0UiOiJSRFAwMl9JTlMxIiwiUkRQMDNfSU5TVEFOQ0UiOiJSRFAwM19JTlMyIiwiUm9sIjoiRCIsImlhdCI6MTc1MTk1NzgwNCwiZXhwIjoxNzUxOTc1ODA0fQ.wg1YJwXf54cYxYsvD6KWm8_agAtjRmgluNiaijP3XtA
1 > Content-Type: application/json; charset=UTF-8
1 > Content-Length: 453
1 > Host: siasis-dev.vercel.app
1 > Connection: Keep-Alive
1 > User-Agent: Apache-HttpClient/4.5.14 (Java/17.0.12)
1 > Accept-Encoding: gzip,deflate
{
  "Nombres": "Brigida",
  "Apellidos": "Gonzales Morales",
  "token": "eyJhbGciOiJIUzI1NiIsInR5cCI6IkpXVCJ9.eyJJRF9Vc3VhcmlvIjoiMTUzNTcyNzgiLCJSRFAwMl9JTlNUQU5DRSI6IlJEUDAyX0lOUzMiLCJSRFAwM19JTlNUQU5DRSI6IlJEUDAzX0lOUzQiLCJOb21icmVfVXN1YXJpbyI6ImJyaWdpZGFfZ29uemFsZXNfMTUzNSIsIlJvbCI6IkEiLCJpYXQiOjE3NTE5NTc4MDYsImV4cCI6MTc1MTk3NTgwNn0.dHOAw6fUTVuWWUICwIaCVPeP49-XwXvcCXjJBZoShWY",
  "Genero": "F",
  "Google_Drive_Foto_ID": "1zMyKrzbyqYhCZX-7usVpUfzuwOvRpQtA",
  "Rol": "A"
}


01:56:56.436 [pool-2-thread-5] DEBUG com.intuit.karate - response time in milliseconds: 1534
1 < 200
1 < Access-Control-Allow-Origin: *
1 < Cache-Control: public, max-age=0, must-revalidate
1 < Content-Length: 519
1 < Content-Type: application/json; charset=utf-8
1 < Date: Tue, 08 Jul 2025 06:56:46 GMT
1 < Etag: W/"207-tQzZH00vMmFCK0z8veEaJpLTnzY"
1 < Server: Vercel
1 < Strict-Transport-Security: max-age=63072000; includeSubDomains; preload
1 < X-Powered-By: Express
1 < X-Vercel-Cache: MISS
1 < X-Vercel-Id: gru1::iad1::9zltt-1751957805700-af4b458b1ea4
{
  "success": true,
  "message": "Inicio de sesión exitoso",
  "data": {
    "Apellidos": "Sanchez Gonzales",
    "Nombres": "Daniel Enrique",
    "Rol": "T",
    "token": "eyJhbGciOiJIUzI1NiIsInR5cCI6IkpXVCJ9.eyJJRF9Vc3VhcmlvIjoiMTU0MjA3NDUiLCJOb21icmVfVXN1YXJpbyI6ImRhbmllbF9zYW5jaGV6XzE1NDIiLCJSRFAwMl9JTlNUQU5DRSI6IlJEUDAyX0lOUzIiLCJSRFAwM19JTlNUQU5DRSI6IlJEUDAzX0lOUzUiLCJSb2wiOiJUIiwiaWF0IjoxNzUxOTU3ODA2LCJleHAiOjE3NTE5NzU4MDZ9.2W4JClRfumSs4Yk13nOhfyQGE8qnAP3BIsG7soM085M",
    "Google_Drive_Foto_ID": "11vFEZVR5o-6mSwWCCy4L6tRuzVilr0i9",
    "Genero": "M"
  }
}


01:56:56.438 [pool-2-thread-5] INFO  com.intuit.karate - [print] eyJhbGciOiJIUzI1NiIsInR5cCI6IkpXVCJ9.eyJJRF9Vc3VhcmlvIjoiMTU0MjA3NDUiLCJOb21icmVfVXN1YXJpbyI6ImRhbmllbF9zYW5jaGV6XzE1NDIiLCJSRFAwMl9JTlNUQU5DRSI6IlJEUDAyX0lOUzIiLCJSRFAwM19JTlNUQU5DRSI6IlJEUDAzX0lOUzUiLCJSb2wiOiJUIiwiaWF0IjoxNzUxOTU3ODA2LCJleHAiOjE3NTE5NzU4MDZ9.2W4JClRfumSs4Yk13nOhfyQGE8qnAP3BIsG7soM085M 
01:56:56.438 [pool-2-thread-5] INFO  com.intuit.karate - [print] T 
01:56:56.440 [pool-2-thread-5] DEBUG com.intuit.karate - request:
1 > POST https://siasis-dev.vercel.app/api/auth/login
1 > Cookie: Apellidos=Gonzales%20Morales; Google_Drive_Foto_ID=12CrZ2Z8qd2FGzo0UeOURh3turASgkZ-8; Nombres=Brigida; Genero=F; Rol=A; token=eyJhbGciOiJIUzI1NiIsInR5cCI6IkpXVCJ9.eyJJRF9Vc3VhcmlvIjoiMTUzNTcyNzgiLCJSRFAwMl9JTlNUQU5DRSI6IlJEUDAyX0lOUzIiLCJSRFAwM19JTlNUQU5DRSI6IlJEUDAzX0lOUzIiLCJOb21icmVfVXN1YXJpbyI6ImJyaWdpZGFfZ29uemFsZXNfMTUzNSIsIlJvbCI6IkEiLCJpYXQiOjE3NTE5NTc4MDQsImV4cCI6MTc1MTk3NTgwNH0.G4dxPwy-ESQRkDaaGmyLYZfudHC5tmpqtj_r_8iB9oE
1 > Content-Type: application/json; charset=UTF-8
1 > Content-Length: 457
1 > Host: siasis-dev.vercel.app
1 > Connection: Keep-Alive
1 > User-Agent: Apache-HttpClient/4.5.14 (Java/17.0.12)
1 > Accept-Encoding: gzip,deflate
{
  "Nombres": "Daniel Enrique",
  "Apellidos": "Sanchez Gonzales",
  "token": "eyJhbGciOiJIUzI1NiIsInR5cCI6IkpXVCJ9.eyJJRF9Vc3VhcmlvIjoiMTU0MjA3NDUiLCJOb21icmVfVXN1YXJpbyI6ImRhbmllbF9zYW5jaGV6XzE1NDIiLCJSRFAwMl9JTlNUQU5DRSI6IlJEUDAyX0lOUzIiLCJSRFAwM19JTlNUQU5DRSI6IlJEUDAzX0lOUzUiLCJSb2wiOiJUIiwiaWF0IjoxNzUxOTU3ODA2LCJleHAiOjE3NTE5NzU4MDZ9.2W4JClRfumSs4Yk13nOhfyQGE8qnAP3BIsG7soM085M",
  "Genero": "M",
  "Google_Drive_Foto_ID": "11vFEZVR5o-6mSwWCCy4L6tRuzVilr0i9",
  "Rol": "T"
}


01:56:56.488 [pool-2-thread-3] DEBUG com.intuit.karate - response time in milliseconds: 621
1 < 200
1 < Cache-Control: public, max-age=0, must-revalidate
1 < Content-Type: application/json
1 < Date: Tue, 08 Jul 2025 06:56:46 GMT
1 < Server: Vercel
1 < Strict-Transport-Security: max-age=63072000; includeSubDomains; preload
1 < Vary: RSC, Next-Router-State-Tree, Next-Router-Prefetch, Next-Router-Segment-Prefetch
1 < X-Matched-Path: /api/asistencia-hoy/marcar
1 < X-Vercel-Cache: MISS
1 < X-Vercel-Id: gru1::iad1::lw4h4-1751957806693-d2c977802303
1 < Transfer-Encoding: chunked
{
  "success": true,
  "message": "La asistencia ya había sido registrada anteriormente",
  "data": {
    "timestamp": 1751957806810,
    "desfaseSegundos": 3590,
    "esNuevoRegistro": false,
    "esRegistroPropio": false,
    "actorRegistrado": "A",
    "tipoAsistencia": "personal"
  }
}


01:56:56.496 [pool-2-thread-3] DEBUG c.intuit.karate.core.ScenarioEngine - over-writing existing variable 'loginFeature' with new value: 'classpath:resources/features/login/CasoTutorSecundaria.feature'
01:56:56.500 [pool-2-thread-3] DEBUG c.intuit.karate.core.ScenarioEngine - over-writing existing variable 'loginResponse' with new value: call read(loginFeature)
01:56:56.508 [pool-2-thread-3] DEBUG com.intuit.karate - request:
1 > POST https://api01-siasis-dev.vercel.app/api/login/profesor-tutor-secundaria
1 > Cookie: Apellidos=Gonzales%20Morales; Google_Drive_Foto_ID=12CrZ2Z8qd2FGzo0UeOURh3turASgkZ-8; Nombres=Brigida; Genero=F; Rol=A; token=eyJhbGciOiJIUzI1NiIsInR5cCI6IkpXVCJ9.eyJJRF9Vc3VhcmlvIjoiMTUzNTcyNzgiLCJSRFAwMl9JTlNUQU5DRSI6IlJEUDAyX0lOUzEiLCJSRFAwM19JTlNUQU5DRSI6IlJEUDAzX0lOUzMiLCJOb21icmVfVXN1YXJpbyI6ImJyaWdpZGFfZ29uemFsZXNfMTUzNSIsIlJvbCI6IkEiLCJpYXQiOjE3NTE5NTc4MDUsImV4cCI6MTc1MTk3NTgwNX0.crHvaH3v64_D-wmL3wLe9oupYmtlz_Oz8DDxx-7sNjE
1 > Content-Type: application/json; charset=UTF-8
1 > Content-Length: 65
1 > Host: api01-siasis-dev.vercel.app
1 > Connection: Keep-Alive
1 > User-Agent: Apache-HttpClient/4.5.14 (Java/17.0.12)
1 > Accept-Encoding: gzip,deflate
{
  "Nombre_Usuario": "daniel_sanchez_1542",
  "Contraseña": "15420745"
}


01:56:56.631 [pool-2-thread-4] DEBUG com.intuit.karate - response time in milliseconds: 416
1 < 201
1 < Cache-Control: public, max-age=0, must-revalidate
1 < Content-Length: 0
1 < Date: Tue, 08 Jul 2025 06:56:47 GMT
1 < Server: Vercel
1 < Set-Cookie: Nombres=Brigida; Max-Age=18000; Path=/; HttpOnly; Secure; SameSite=Lax
1 < Set-Cookie: Apellidos=Gonzales%20Morales; Max-Age=18000; Path=/; HttpOnly; Secure; SameSite=Lax
1 < Set-Cookie: Rol=A; Max-Age=18000; Path=/; HttpOnly; Secure; SameSite=Lax
1 < Set-Cookie: token=eyJhbGciOiJIUzI1NiIsInR5cCI6IkpXVCJ9.eyJJRF9Vc3VhcmlvIjoiMTUzNTcyNzgiLCJSRFAwMl9JTlNUQU5DRSI6IlJEUDAyX0lOUzMiLCJSRFAwM19JTlNUQU5DRSI6IlJEUDAzX0lOUzMiLCJOb21icmVfVXN1YXJpbyI6ImJyaWdpZGFfZ29uemFsZXNfMTUzNSIsIlJvbCI6IkEiLCJpYXQiOjE3NTE5NTc4MDYsImV4cCI6MTc1MTk3NTgwNn0.ydOmF_p5ObWrrkohbIHTHWUJxVsQUV-zXRMN0tO2h4A; Max-Age=18000; Path=/; HttpOnly; Secure; SameSite=Lax
1 < Set-Cookie: Genero=F; Max-Age=18000; Path=/; HttpOnly; Secure; SameSite=Lax
1 < Set-Cookie: Google_Drive_Foto_ID=12CrZ2Z8qd2FGzo0UeOURh3turASgkZ-8; Max-Age=18000; Path=/; HttpOnly; Secure; SameSite=Lax
1 < Strict-Transport-Security: max-age=63072000; includeSubDomains; preload
1 < Vary: RSC, Next-Router-State-Tree, Next-Router-Prefetch, Next-Router-Segment-Prefetch
1 < X-Matched-Path: /api/auth/login
1 < X-Vercel-Cache: MISS
1 < X-Vercel-Id: gru1::iad1::zh6qw-1751957807012-93a5ea34f4ef


01:56:56.636 [pool-2-thread-4] DEBUG c.intuit.karate.core.ScenarioEngine - over-writing existing variable 'fechaHoraEsperadaISO' with new value: getAdjustedTime()
01:56:56.638 [pool-2-thread-4] DEBUG com.intuit.karate - request:
1 > POST https://siasis-dev.vercel.app/api/asistencia-hoy/marcar
1 > Cookie: Apellidos=Gonzales%20Morales; Google_Drive_Foto_ID=12CrZ2Z8qd2FGzo0UeOURh3turASgkZ-8; Nombres=Brigida; Genero=F; Rol=A; token=eyJhbGciOiJIUzI1NiIsInR5cCI6IkpXVCJ9.eyJJRF9Vc3VhcmlvIjoiMTUzNTcyNzgiLCJSRFAwMl9JTlNUQU5DRSI6IlJEUDAyX0lOUzMiLCJSRFAwM19JTlNUQU5DRSI6IlJEUDAzX0lOUzMiLCJOb21icmVfVXN1YXJpbyI6ImJyaWdpZGFfZ29uemFsZXNfMTUzNSIsIlJvbCI6IkEiLCJpYXQiOjE3NTE5NTc4MDYsImV4cCI6MTc1MTk3NTgwNn0.ydOmF_p5ObWrrkohbIHTHWUJxVsQUV-zXRMN0tO2h4A
1 > Content-Type: application/json; charset=UTF-8
1 > Content-Length: 70
1 > Host: siasis-dev.vercel.app
1 > Connection: Keep-Alive
1 > User-Agent: Apache-HttpClient/4.5.14 (Java/17.0.12)
1 > Accept-Encoding: gzip,deflate
{
  "ModoRegistro": "E",
  "FechaHoraEsperadaISO": "2025-07-08T05:56:56.636Z"
}


01:56:56.783 [pool-2-thread-1] DEBUG com.intuit.karate - response time in milliseconds: 690
1 < 200
1 < Access-Control-Allow-Origin: *
1 < Cache-Control: public, max-age=0, must-revalidate
1 < Content-Length: 519
1 < Content-Type: application/json; charset=utf-8
1 < Date: Tue, 08 Jul 2025 06:56:47 GMT
1 < Etag: W/"207-HH5+C8VttVHW0wHcIGLsNs+kico"
1 < Server: Vercel
1 < Strict-Transport-Security: max-age=63072000; includeSubDomains; preload
1 < X-Powered-By: Express
1 < X-Vercel-Cache: MISS
1 < X-Vercel-Id: gru1::iad1::zjqsx-1751957806897-474b8db0164f
{
  "success": true,
  "message": "Inicio de sesión exitoso",
  "data": {
    "Apellidos": "Sanchez Gonzales",
    "Nombres": "Daniel Enrique",
    "Rol": "T",
    "token": "eyJhbGciOiJIUzI1NiIsInR5cCI6IkpXVCJ9.eyJJRF9Vc3VhcmlvIjoiMTU0MjA3NDUiLCJOb21icmVfVXN1YXJpbyI6ImRhbmllbF9zYW5jaGV6XzE1NDIiLCJSRFAwMl9JTlNUQU5DRSI6IlJEUDAyX0lOUzIiLCJSRFAwM19JTlNUQU5DRSI6IlJEUDAzX0lOUzQiLCJSb2wiOiJUIiwiaWF0IjoxNzUxOTU3ODA3LCJleHAiOjE3NTE5NzU4MDd9.Gq4ZUMCATtPvWV7KaI3MtpjZ56GylN9o_LaSh2cErZQ",
    "Google_Drive_Foto_ID": "11vFEZVR5o-6mSwWCCy4L6tRuzVilr0i9",
    "Genero": "M"
  }
}


01:56:56.783 [pool-2-thread-1] INFO  com.intuit.karate - [print] eyJhbGciOiJIUzI1NiIsInR5cCI6IkpXVCJ9.eyJJRF9Vc3VhcmlvIjoiMTU0MjA3NDUiLCJOb21icmVfVXN1YXJpbyI6ImRhbmllbF9zYW5jaGV6XzE1NDIiLCJSRFAwMl9JTlNUQU5DRSI6IlJEUDAyX0lOUzIiLCJSRFAwM19JTlNUQU5DRSI6IlJEUDAzX0lOUzQiLCJSb2wiOiJUIiwiaWF0IjoxNzUxOTU3ODA3LCJleHAiOjE3NTE5NzU4MDd9.Gq4ZUMCATtPvWV7KaI3MtpjZ56GylN9o_LaSh2cErZQ 
01:56:56.783 [pool-2-thread-1] INFO  com.intuit.karate - [print] T 
01:56:56.786 [pool-2-thread-1] DEBUG com.intuit.karate - request:
1 > POST https://siasis-dev.vercel.app/api/auth/login
1 > Cookie: Apellidos=Gonzales%20Morales; Google_Drive_Foto_ID=12CrZ2Z8qd2FGzo0UeOURh3turASgkZ-8; Nombres=Brigida; Genero=F; Rol=A; token=eyJhbGciOiJIUzI1NiIsInR5cCI6IkpXVCJ9.eyJJRF9Vc3VhcmlvIjoiMTUzNTcyNzgiLCJSRFAwMl9JTlNUQU5DRSI6IlJEUDAyX0lOUzMiLCJSRFAwM19JTlNUQU5DRSI6IlJEUDAzX0lOUzIiLCJOb21icmVfVXN1YXJpbyI6ImJyaWdpZGFfZ29uemFsZXNfMTUzNSIsIlJvbCI6IkEiLCJpYXQiOjE3NTE5NTc4MDUsImV4cCI6MTc1MTk3NTgwNX0.aqyW8n_qnTlHhKbOxgtnwmaYD31OEMGv2P5M2YzpKqk
1 > Content-Type: application/json; charset=UTF-8
1 > Content-Length: 457
1 > Host: siasis-dev.vercel.app
1 > Connection: Keep-Alive
1 > User-Agent: Apache-HttpClient/4.5.14 (Java/17.0.12)
1 > Accept-Encoding: gzip,deflate
{
  "Nombres": "Daniel Enrique",
  "Apellidos": "Sanchez Gonzales",
  "token": "eyJhbGciOiJIUzI1NiIsInR5cCI6IkpXVCJ9.eyJJRF9Vc3VhcmlvIjoiMTU0MjA3NDUiLCJOb21icmVfVXN1YXJpbyI6ImRhbmllbF9zYW5jaGV6XzE1NDIiLCJSRFAwMl9JTlNUQU5DRSI6IlJEUDAyX0lOUzIiLCJSRFAwM19JTlNUQU5DRSI6IlJEUDAzX0lOUzQiLCJSb2wiOiJUIiwiaWF0IjoxNzUxOTU3ODA3LCJleHAiOjE3NTE5NzU4MDd9.Gq4ZUMCATtPvWV7KaI3MtpjZ56GylN9o_LaSh2cErZQ",
  "Genero": "M",
  "Google_Drive_Foto_ID": "11vFEZVR5o-6mSwWCCy4L6tRuzVilr0i9",
  "Rol": "T"
}


01:56:56.791 [pool-2-thread-2] DEBUG com.intuit.karate - response time in milliseconds: 420
1 < 201
1 < Cache-Control: public, max-age=0, must-revalidate
1 < Content-Length: 0
1 < Date: Tue, 08 Jul 2025 06:56:47 GMT
1 < Server: Vercel
1 < Set-Cookie: Nombres=Brigida; Max-Age=18000; Path=/; HttpOnly; Secure; SameSite=Lax
1 < Set-Cookie: Apellidos=Gonzales%20Morales; Max-Age=18000; Path=/; HttpOnly; Secure; SameSite=Lax
1 < Set-Cookie: Rol=A; Max-Age=18000; Path=/; HttpOnly; Secure; SameSite=Lax
1 < Set-Cookie: token=eyJhbGciOiJIUzI1NiIsInR5cCI6IkpXVCJ9.eyJJRF9Vc3VhcmlvIjoiMTUzNTcyNzgiLCJSRFAwMl9JTlNUQU5DRSI6IlJEUDAyX0lOUzMiLCJSRFAwM19JTlNUQU5DRSI6IlJEUDAzX0lOUzQiLCJOb21icmVfVXN1YXJpbyI6ImJyaWdpZGFfZ29uemFsZXNfMTUzNSIsIlJvbCI6IkEiLCJpYXQiOjE3NTE5NTc4MDYsImV4cCI6MTc1MTk3NTgwNn0.dHOAw6fUTVuWWUICwIaCVPeP49-XwXvcCXjJBZoShWY; Max-Age=18000; Path=/; HttpOnly; Secure; SameSite=Lax
1 < Set-Cookie: Genero=F; Max-Age=18000; Path=/; HttpOnly; Secure; SameSite=Lax
1 < Set-Cookie: Google_Drive_Foto_ID=1zMyKrzbyqYhCZX-7usVpUfzuwOvRpQtA; Max-Age=18000; Path=/; HttpOnly; Secure; SameSite=Lax
1 < Strict-Transport-Security: max-age=63072000; includeSubDomains; preload
1 < Vary: RSC, Next-Router-State-Tree, Next-Router-Prefetch, Next-Router-Segment-Prefetch
1 < X-Matched-Path: /api/auth/login
1 < X-Vercel-Cache: MISS
1 < X-Vercel-Id: gru1::iad1::9zltt-1751957807169-03dbb3af1db1


01:56:56.791 [pool-2-thread-2] DEBUG c.intuit.karate.core.ScenarioEngine - over-writing existing variable 'fechaHoraEsperadaISO' with new value: getAdjustedTime()
01:56:56.794 [pool-2-thread-2] DEBUG com.intuit.karate - request:
1 > POST https://siasis-dev.vercel.app/api/asistencia-hoy/marcar
1 > Cookie: Apellidos=Gonzales%20Morales; Google_Drive_Foto_ID=1zMyKrzbyqYhCZX-7usVpUfzuwOvRpQtA; Nombres=Brigida; Genero=F; Rol=A; token=eyJhbGciOiJIUzI1NiIsInR5cCI6IkpXVCJ9.eyJJRF9Vc3VhcmlvIjoiMTUzNTcyNzgiLCJSRFAwMl9JTlNUQU5DRSI6IlJEUDAyX0lOUzMiLCJSRFAwM19JTlNUQU5DRSI6IlJEUDAzX0lOUzQiLCJOb21icmVfVXN1YXJpbyI6ImJyaWdpZGFfZ29uemFsZXNfMTUzNSIsIlJvbCI6IkEiLCJpYXQiOjE3NTE5NTc4MDYsImV4cCI6MTc1MTk3NTgwNn0.dHOAw6fUTVuWWUICwIaCVPeP49-XwXvcCXjJBZoShWY
1 > Content-Type: application/json; charset=UTF-8
1 > Content-Length: 70
1 > Host: siasis-dev.vercel.app
1 > Connection: Keep-Alive
1 > User-Agent: Apache-HttpClient/4.5.14 (Java/17.0.12)
1 > Accept-Encoding: gzip,deflate
{
  "ModoRegistro": "E",
  "FechaHoraEsperadaISO": "2025-07-08T05:56:56.792Z"
}


01:56:56.865 [pool-2-thread-5] DEBUG com.intuit.karate - response time in milliseconds: 425
1 < 201
1 < Cache-Control: public, max-age=0, must-revalidate
1 < Content-Length: 0
1 < Date: Tue, 08 Jul 2025 06:56:47 GMT
1 < Server: Vercel
1 < Set-Cookie: Nombres=Daniel%20Enrique; Max-Age=18000; Path=/; HttpOnly; Secure; SameSite=Lax
1 < Set-Cookie: Apellidos=Sanchez%20Gonzales; Max-Age=18000; Path=/; HttpOnly; Secure; SameSite=Lax
1 < Set-Cookie: Rol=T; Max-Age=18000; Path=/; HttpOnly; Secure; SameSite=Lax
1 < Set-Cookie: token=eyJhbGciOiJIUzI1NiIsInR5cCI6IkpXVCJ9.eyJJRF9Vc3VhcmlvIjoiMTU0MjA3NDUiLCJOb21icmVfVXN1YXJpbyI6ImRhbmllbF9zYW5jaGV6XzE1NDIiLCJSRFAwMl9JTlNUQU5DRSI6IlJEUDAyX0lOUzIiLCJSRFAwM19JTlNUQU5DRSI6IlJEUDAzX0lOUzUiLCJSb2wiOiJUIiwiaWF0IjoxNzUxOTU3ODA2LCJleHAiOjE3NTE5NzU4MDZ9.2W4JClRfumSs4Yk13nOhfyQGE8qnAP3BIsG7soM085M; Max-Age=18000; Path=/; HttpOnly; Secure; SameSite=Lax
1 < Set-Cookie: Genero=M; Max-Age=18000; Path=/; HttpOnly; Secure; SameSite=Lax
1 < Set-Cookie: Google_Drive_Foto_ID=11vFEZVR5o-6mSwWCCy4L6tRuzVilr0i9; Max-Age=18000; Path=/; HttpOnly; Secure; SameSite=Lax
1 < Strict-Transport-Security: max-age=63072000; includeSubDomains; preload
1 < Vary: RSC, Next-Router-State-Tree, Next-Router-Prefetch, Next-Router-Segment-Prefetch
1 < X-Matched-Path: /api/auth/login
1 < X-Vercel-Cache: MISS
1 < X-Vercel-Id: gru1::iad1::zpjsk-1751957807238-4aab052fc3cf


01:56:56.865 [pool-2-thread-5] DEBUG c.intuit.karate.core.ScenarioEngine - over-writing existing variable 'fechaHoraEsperadaISO' with new value: getAdjustedTime()
01:56:56.870 [pool-2-thread-5] DEBUG com.intuit.karate - request:
1 > POST https://siasis-dev.vercel.app/api/asistencia-hoy/marcar
1 > Cookie: Apellidos=Sanchez%20Gonzales; Google_Drive_Foto_ID=11vFEZVR5o-6mSwWCCy4L6tRuzVilr0i9; Nombres=Daniel%20Enrique; Genero=M; Rol=T; token=eyJhbGciOiJIUzI1NiIsInR5cCI6IkpXVCJ9.eyJJRF9Vc3VhcmlvIjoiMTU0MjA3NDUiLCJOb21icmVfVXN1YXJpbyI6ImRhbmllbF9zYW5jaGV6XzE1NDIiLCJSRFAwMl9JTlNUQU5DRSI6IlJEUDAyX0lOUzIiLCJSRFAwM19JTlNUQU5DRSI6IlJEUDAzX0lOUzUiLCJSb2wiOiJUIiwiaWF0IjoxNzUxOTU3ODA2LCJleHAiOjE3NTE5NzU4MDZ9.2W4JClRfumSs4Yk13nOhfyQGE8qnAP3BIsG7soM085M
1 > Content-Type: application/json; charset=UTF-8
1 > Content-Length: 70
1 > Host: siasis-dev.vercel.app
1 > Connection: Keep-Alive
1 > User-Agent: Apache-HttpClient/4.5.14 (Java/17.0.12)
1 > Accept-Encoding: gzip,deflate
{
  "ModoRegistro": "E",
  "FechaHoraEsperadaISO": "2025-07-08T05:56:56.867Z"
}


01:56:57.168 [pool-2-thread-3] DEBUG com.intuit.karate - response time in milliseconds: 660
1 < 200
1 < Access-Control-Allow-Origin: *
1 < Cache-Control: public, max-age=0, must-revalidate
1 < Content-Length: 519
1 < Content-Type: application/json; charset=utf-8
1 < Date: Tue, 08 Jul 2025 06:56:47 GMT
1 < Etag: W/"207-cpQZzi7Q8NJ+nrA81r8/XvV+sj4"
1 < Server: Vercel
1 < Strict-Transport-Security: max-age=63072000; includeSubDomains; preload
1 < X-Powered-By: Express
1 < X-Vercel-Cache: MISS
1 < X-Vercel-Id: gru1::iad1::hxpww-1751957807304-a810cd0201a2
{
  "success": true,
  "message": "Inicio de sesión exitoso",
  "data": {
    "Apellidos": "Sanchez Gonzales",
    "Nombres": "Daniel Enrique",
    "Rol": "T",
    "token": "eyJhbGciOiJIUzI1NiIsInR5cCI6IkpXVCJ9.eyJJRF9Vc3VhcmlvIjoiMTU0MjA3NDUiLCJOb21icmVfVXN1YXJpbyI6ImRhbmllbF9zYW5jaGV6XzE1NDIiLCJSRFAwMl9JTlNUQU5DRSI6IlJEUDAyX0lOUzIiLCJSRFAwM19JTlNUQU5DRSI6IlJEUDAzX0lOUzMiLCJSb2wiOiJUIiwiaWF0IjoxNzUxOTU3ODA3LCJleHAiOjE3NTE5NzU4MDd9.aOQv0Jr4sYZC_8en5Y0CK_JcfBWCuUBzH0dTK5u1JkE",
    "Google_Drive_Foto_ID": "11vFEZVR5o-6mSwWCCy4L6tRuzVilr0i9",
    "Genero": "M"
  }
}


01:56:57.168 [pool-2-thread-3] INFO  com.intuit.karate - [print] eyJhbGciOiJIUzI1NiIsInR5cCI6IkpXVCJ9.eyJJRF9Vc3VhcmlvIjoiMTU0MjA3NDUiLCJOb21icmVfVXN1YXJpbyI6ImRhbmllbF9zYW5jaGV6XzE1NDIiLCJSRFAwMl9JTlNUQU5DRSI6IlJEUDAyX0lOUzIiLCJSRFAwM19JTlNUQU5DRSI6IlJEUDAzX0lOUzMiLCJSb2wiOiJUIiwiaWF0IjoxNzUxOTU3ODA3LCJleHAiOjE3NTE5NzU4MDd9.aOQv0Jr4sYZC_8en5Y0CK_JcfBWCuUBzH0dTK5u1JkE 
01:56:57.168 [pool-2-thread-3] INFO  com.intuit.karate - [print] T 
01:56:57.168 [pool-2-thread-3] DEBUG com.intuit.karate - request:
1 > POST https://siasis-dev.vercel.app/api/auth/login
1 > Cookie: Apellidos=Gonzales%20Morales; Google_Drive_Foto_ID=12CrZ2Z8qd2FGzo0UeOURh3turASgkZ-8; Nombres=Brigida; Genero=F; Rol=A; token=eyJhbGciOiJIUzI1NiIsInR5cCI6IkpXVCJ9.eyJJRF9Vc3VhcmlvIjoiMTUzNTcyNzgiLCJSRFAwMl9JTlNUQU5DRSI6IlJEUDAyX0lOUzEiLCJSRFAwM19JTlNUQU5DRSI6IlJEUDAzX0lOUzMiLCJOb21icmVfVXN1YXJpbyI6ImJyaWdpZGFfZ29uemFsZXNfMTUzNSIsIlJvbCI6IkEiLCJpYXQiOjE3NTE5NTc4MDUsImV4cCI6MTc1MTk3NTgwNX0.crHvaH3v64_D-wmL3wLe9oupYmtlz_Oz8DDxx-7sNjE
1 > Content-Type: application/json; charset=UTF-8
1 > Content-Length: 457
1 > Host: siasis-dev.vercel.app
1 > Connection: Keep-Alive
1 > User-Agent: Apache-HttpClient/4.5.14 (Java/17.0.12)
1 > Accept-Encoding: gzip,deflate
{
  "Nombres": "Daniel Enrique",
  "Apellidos": "Sanchez Gonzales",
  "token": "eyJhbGciOiJIUzI1NiIsInR5cCI6IkpXVCJ9.eyJJRF9Vc3VhcmlvIjoiMTU0MjA3NDUiLCJOb21icmVfVXN1YXJpbyI6ImRhbmllbF9zYW5jaGV6XzE1NDIiLCJSRFAwMl9JTlNUQU5DRSI6IlJEUDAyX0lOUzIiLCJSRFAwM19JTlNUQU5DRSI6IlJEUDAzX0lOUzMiLCJSb2wiOiJUIiwiaWF0IjoxNzUxOTU3ODA3LCJleHAiOjE3NTE5NzU4MDd9.aOQv0Jr4sYZC_8en5Y0CK_JcfBWCuUBzH0dTK5u1JkE",
  "Genero": "M",
  "Google_Drive_Foto_ID": "11vFEZVR5o-6mSwWCCy4L6tRuzVilr0i9",
  "Rol": "T"
}


01:56:57.188 [pool-2-thread-1] DEBUG com.intuit.karate - response time in milliseconds: 402
1 < 201
1 < Cache-Control: public, max-age=0, must-revalidate
1 < Content-Length: 0
1 < Date: Tue, 08 Jul 2025 06:56:47 GMT
1 < Server: Vercel
1 < Set-Cookie: Nombres=Daniel%20Enrique; Max-Age=18000; Path=/; HttpOnly; Secure; SameSite=Lax
1 < Set-Cookie: Apellidos=Sanchez%20Gonzales; Max-Age=18000; Path=/; HttpOnly; Secure; SameSite=Lax
1 < Set-Cookie: Rol=T; Max-Age=18000; Path=/; HttpOnly; Secure; SameSite=Lax
1 < Set-Cookie: token=eyJhbGciOiJIUzI1NiIsInR5cCI6IkpXVCJ9.eyJJRF9Vc3VhcmlvIjoiMTU0MjA3NDUiLCJOb21icmVfVXN1YXJpbyI6ImRhbmllbF9zYW5jaGV6XzE1NDIiLCJSRFAwMl9JTlNUQU5DRSI6IlJEUDAyX0lOUzIiLCJSRFAwM19JTlNUQU5DRSI6IlJEUDAzX0lOUzQiLCJSb2wiOiJUIiwiaWF0IjoxNzUxOTU3ODA3LCJleHAiOjE3NTE5NzU4MDd9.Gq4ZUMCATtPvWV7KaI3MtpjZ56GylN9o_LaSh2cErZQ; Max-Age=18000; Path=/; HttpOnly; Secure; SameSite=Lax
1 < Set-Cookie: Genero=M; Max-Age=18000; Path=/; HttpOnly; Secure; SameSite=Lax
1 < Set-Cookie: Google_Drive_Foto_ID=11vFEZVR5o-6mSwWCCy4L6tRuzVilr0i9; Max-Age=18000; Path=/; HttpOnly; Secure; SameSite=Lax
1 < Strict-Transport-Security: max-age=63072000; includeSubDomains; preload
1 < Vary: RSC, Next-Router-State-Tree, Next-Router-Prefetch, Next-Router-Segment-Prefetch
1 < X-Matched-Path: /api/auth/login
1 < X-Vercel-Cache: MISS
1 < X-Vercel-Id: gru1::iad1::2cxpp-1751957807581-425618211c62


01:56:57.190 [pool-2-thread-1] DEBUG c.intuit.karate.core.ScenarioEngine - over-writing existing variable 'fechaHoraEsperadaISO' with new value: getAdjustedTime()
01:56:57.190 [pool-2-thread-1] DEBUG com.intuit.karate - request:
1 > POST https://siasis-dev.vercel.app/api/asistencia-hoy/marcar
1 > Cookie: Apellidos=Sanchez%20Gonzales; Google_Drive_Foto_ID=11vFEZVR5o-6mSwWCCy4L6tRuzVilr0i9; Nombres=Daniel%20Enrique; Genero=M; Rol=T; token=eyJhbGciOiJIUzI1NiIsInR5cCI6IkpXVCJ9.eyJJRF9Vc3VhcmlvIjoiMTU0MjA3NDUiLCJOb21icmVfVXN1YXJpbyI6ImRhbmllbF9zYW5jaGV6XzE1NDIiLCJSRFAwMl9JTlNUQU5DRSI6IlJEUDAyX0lOUzIiLCJSRFAwM19JTlNUQU5DRSI6IlJEUDAzX0lOUzQiLCJSb2wiOiJUIiwiaWF0IjoxNzUxOTU3ODA3LCJleHAiOjE3NTE5NzU4MDd9.Gq4ZUMCATtPvWV7KaI3MtpjZ56GylN9o_LaSh2cErZQ
1 > Content-Type: application/json; charset=UTF-8
1 > Content-Length: 70
1 > Host: siasis-dev.vercel.app
1 > Connection: Keep-Alive
1 > User-Agent: Apache-HttpClient/4.5.14 (Java/17.0.12)
1 > Accept-Encoding: gzip,deflate
{
  "ModoRegistro": "E",
  "FechaHoraEsperadaISO": "2025-07-08T05:56:57.189Z"
}


01:56:57.212 [pool-2-thread-4] DEBUG com.intuit.karate - response time in milliseconds: 574
1 < 200
1 < Cache-Control: public, max-age=0, must-revalidate
1 < Content-Type: application/json
1 < Date: Tue, 08 Jul 2025 06:56:47 GMT
1 < Server: Vercel
1 < Strict-Transport-Security: max-age=63072000; includeSubDomains; preload
1 < Vary: RSC, Next-Router-State-Tree, Next-Router-Prefetch, Next-Router-Segment-Prefetch
1 < X-Matched-Path: /api/asistencia-hoy/marcar
1 < X-Vercel-Cache: MISS
1 < X-Vercel-Id: gru1::iad1::knbp6-1751957807434-210e0ad21e15
1 < Transfer-Encoding: chunked
{
  "success": true,
  "message": "La asistencia ya había sido registrada anteriormente",
  "data": {
    "timestamp": 1751957807548,
    "desfaseSegundos": 3590,
    "esNuevoRegistro": false,
    "esRegistroPropio": false,
    "actorRegistrado": "A",
    "tipoAsistencia": "personal"
  }
}


01:56:57.220 [pool-2-thread-4] DEBUG c.intuit.karate.core.ScenarioEngine - over-writing existing variable 'loginFeature' with new value: 'classpath:resources/features/login/CasoTutorSecundaria.feature'
01:56:57.225 [pool-2-thread-4] DEBUG c.intuit.karate.core.ScenarioEngine - over-writing existing variable 'loginResponse' with new value: call read(loginFeature)
01:56:57.231 [pool-2-thread-4] DEBUG com.intuit.karate - request:
1 > POST https://api01-siasis-dev.vercel.app/api/login/profesor-tutor-secundaria
1 > Cookie: Apellidos=Gonzales%20Morales; Google_Drive_Foto_ID=12CrZ2Z8qd2FGzo0UeOURh3turASgkZ-8; Nombres=Brigida; Genero=F; Rol=A; token=eyJhbGciOiJIUzI1NiIsInR5cCI6IkpXVCJ9.eyJJRF9Vc3VhcmlvIjoiMTUzNTcyNzgiLCJSRFAwMl9JTlNUQU5DRSI6IlJEUDAyX0lOUzMiLCJSRFAwM19JTlNUQU5DRSI6IlJEUDAzX0lOUzMiLCJOb21icmVfVXN1YXJpbyI6ImJyaWdpZGFfZ29uemFsZXNfMTUzNSIsIlJvbCI6IkEiLCJpYXQiOjE3NTE5NTc4MDYsImV4cCI6MTc1MTk3NTgwNn0.ydOmF_p5ObWrrkohbIHTHWUJxVsQUV-zXRMN0tO2h4A
1 > Content-Type: application/json; charset=UTF-8
1 > Content-Length: 65
1 > Host: api01-siasis-dev.vercel.app
1 > Connection: Keep-Alive
1 > User-Agent: Apache-HttpClient/4.5.14 (Java/17.0.12)
1 > Accept-Encoding: gzip,deflate
{
  "Nombre_Usuario": "daniel_sanchez_1542",
  "Contraseña": "15420745"
}


01:56:57.402 [pool-2-thread-2] DEBUG com.intuit.karate - response time in milliseconds: 608
1 < 200
1 < Cache-Control: public, max-age=0, must-revalidate
1 < Content-Type: application/json
1 < Date: Tue, 08 Jul 2025 06:56:47 GMT
1 < Server: Vercel
1 < Strict-Transport-Security: max-age=63072000; includeSubDomains; preload
1 < Vary: RSC, Next-Router-State-Tree, Next-Router-Prefetch, Next-Router-Segment-Prefetch
1 < X-Matched-Path: /api/asistencia-hoy/marcar
1 < X-Vercel-Cache: MISS
1 < X-Vercel-Id: gru1::iad1::kr4zd-1751957807595-0e8de356171b
1 < Transfer-Encoding: chunked
{
  "success": true,
  "message": "La asistencia ya había sido registrada anteriormente",
  "data": {
    "timestamp": 1751957807730,
    "desfaseSegundos": 3590,
    "esNuevoRegistro": false,
    "esRegistroPropio": false,
    "actorRegistrado": "A",
    "tipoAsistencia": "personal"
  }
}


01:56:57.408 [pool-2-thread-2] DEBUG c.intuit.karate.core.ScenarioEngine - over-writing existing variable 'loginFeature' with new value: 'classpath:resources/features/login/CasoTutorSecundaria.feature'
01:56:57.412 [pool-2-thread-2] DEBUG c.intuit.karate.core.ScenarioEngine - over-writing existing variable 'loginResponse' with new value: call read(loginFeature)
01:56:57.419 [pool-2-thread-2] DEBUG com.intuit.karate - request:
1 > POST https://api01-siasis-dev.vercel.app/api/login/profesor-tutor-secundaria
1 > Cookie: Apellidos=Gonzales%20Morales; Google_Drive_Foto_ID=1zMyKrzbyqYhCZX-7usVpUfzuwOvRpQtA; Nombres=Brigida; Genero=F; Rol=A; token=eyJhbGciOiJIUzI1NiIsInR5cCI6IkpXVCJ9.eyJJRF9Vc3VhcmlvIjoiMTUzNTcyNzgiLCJSRFAwMl9JTlNUQU5DRSI6IlJEUDAyX0lOUzMiLCJSRFAwM19JTlNUQU5DRSI6IlJEUDAzX0lOUzQiLCJOb21icmVfVXN1YXJpbyI6ImJyaWdpZGFfZ29uemFsZXNfMTUzNSIsIlJvbCI6IkEiLCJpYXQiOjE3NTE5NTc4MDYsImV4cCI6MTc1MTk3NTgwNn0.dHOAw6fUTVuWWUICwIaCVPeP49-XwXvcCXjJBZoShWY
1 > Content-Type: application/json; charset=UTF-8
1 > Content-Length: 65
1 > Host: api01-siasis-dev.vercel.app
1 > Connection: Keep-Alive
1 > User-Agent: Apache-HttpClient/4.5.14 (Java/17.0.12)
1 > Accept-Encoding: gzip,deflate
{
  "Nombre_Usuario": "daniel_sanchez_1542",
  "Contraseña": "15420745"
}


01:56:57.569 [pool-2-thread-5] DEBUG com.intuit.karate - response time in milliseconds: 699
1 < 200
1 < Cache-Control: public, max-age=0, must-revalidate
1 < Content-Type: application/json
1 < Date: Tue, 08 Jul 2025 06:56:48 GMT
1 < Server: Vercel
1 < Strict-Transport-Security: max-age=63072000; includeSubDomains; preload
1 < Vary: RSC, Next-Router-State-Tree, Next-Router-Prefetch, Next-Router-Segment-Prefetch
1 < X-Matched-Path: /api/asistencia-hoy/marcar
1 < X-Vercel-Cache: MISS
1 < X-Vercel-Id: gru1::iad1::zh6qw-1751957807668-3d93e3cc2cb5
1 < Transfer-Encoding: chunked
{
  "success": true,
  "message": "La asistencia ya había sido registrada anteriormente",
  "data": {
    "timestamp": 1751957807764,
    "desfaseSegundos": 3590,
    "esNuevoRegistro": false,
    "esRegistroPropio": false,
    "actorRegistrado": "PS",
    "tipoAsistencia": "personal"
  }
}


01:56:57.573 [pool-2-thread-5] DEBUG c.intuit.karate.core.ScenarioEngine - over-writing existing variable 'loginFeature' with new value: 'classpath:resources/features/login/CasoNoTutor.feature'
01:56:57.573 [pool-2-thread-5] DEBUG c.intuit.karate.core.ScenarioEngine - over-writing existing variable 'loginResponse' with new value: call read(loginFeature)
01:56:57.584 [pool-2-thread-5] DEBUG com.intuit.karate - request:
1 > POST https://api01-siasis-dev.vercel.app/api/login/profesor-tutor-secundaria
1 > Cookie: Apellidos=Sanchez%20Gonzales; Google_Drive_Foto_ID=11vFEZVR5o-6mSwWCCy4L6tRuzVilr0i9; Nombres=Daniel%20Enrique; Genero=M; Rol=T; token=eyJhbGciOiJIUzI1NiIsInR5cCI6IkpXVCJ9.eyJJRF9Vc3VhcmlvIjoiMTU0MjA3NDUiLCJOb21icmVfVXN1YXJpbyI6ImRhbmllbF9zYW5jaGV6XzE1NDIiLCJSRFAwMl9JTlNUQU5DRSI6IlJEUDAyX0lOUzIiLCJSRFAwM19JTlNUQU5DRSI6IlJEUDAzX0lOUzUiLCJSb2wiOiJUIiwiaWF0IjoxNzUxOTU3ODA2LCJleHAiOjE3NTE5NzU4MDZ9.2W4JClRfumSs4Yk13nOhfyQGE8qnAP3BIsG7soM085M
1 > Content-Type: application/json; charset=UTF-8
1 > Content-Length: 67
1 > Host: api01-siasis-dev.vercel.app
1 > Connection: Keep-Alive
1 > User-Agent: Apache-HttpClient/4.5.14 (Java/17.0.12)
1 > Accept-Encoding: gzip,deflate
{
  "Nombre_Usuario": "david_apolinario_1537",
  "Contraseña": "15371028"
}


01:56:57.590 [pool-2-thread-3] DEBUG com.intuit.karate - response time in milliseconds: 422
1 < 201
1 < Cache-Control: public, max-age=0, must-revalidate
1 < Content-Length: 0
1 < Date: Tue, 08 Jul 2025 06:56:48 GMT
1 < Server: Vercel
1 < Set-Cookie: Nombres=Daniel%20Enrique; Max-Age=18000; Path=/; HttpOnly; Secure; SameSite=Lax
1 < Set-Cookie: Apellidos=Sanchez%20Gonzales; Max-Age=18000; Path=/; HttpOnly; Secure; SameSite=Lax
1 < Set-Cookie: Rol=T; Max-Age=18000; Path=/; HttpOnly; Secure; SameSite=Lax
1 < Set-Cookie: token=eyJhbGciOiJIUzI1NiIsInR5cCI6IkpXVCJ9.eyJJRF9Vc3VhcmlvIjoiMTU0MjA3NDUiLCJOb21icmVfVXN1YXJpbyI6ImRhbmllbF9zYW5jaGV6XzE1NDIiLCJSRFAwMl9JTlNUQU5DRSI6IlJEUDAyX0lOUzIiLCJSRFAwM19JTlNUQU5DRSI6IlJEUDAzX0lOUzMiLCJSb2wiOiJUIiwiaWF0IjoxNzUxOTU3ODA3LCJleHAiOjE3NTE5NzU4MDd9.aOQv0Jr4sYZC_8en5Y0CK_JcfBWCuUBzH0dTK5u1JkE; Max-Age=18000; Path=/; HttpOnly; Secure; SameSite=Lax
1 < Set-Cookie: Genero=M; Max-Age=18000; Path=/; HttpOnly; Secure; SameSite=Lax
1 < Set-Cookie: Google_Drive_Foto_ID=11vFEZVR5o-6mSwWCCy4L6tRuzVilr0i9; Max-Age=18000; Path=/; HttpOnly; Secure; SameSite=Lax
1 < Strict-Transport-Security: max-age=63072000; includeSubDomains; preload
1 < Vary: RSC, Next-Router-State-Tree, Next-Router-Prefetch, Next-Router-Segment-Prefetch
1 < X-Matched-Path: /api/auth/login
1 < X-Vercel-Cache: MISS
1 < X-Vercel-Id: gru1::iad1::zh6qw-1751957807969-e35d095cbf2b


01:56:57.590 [pool-2-thread-3] DEBUG c.intuit.karate.core.ScenarioEngine - over-writing existing variable 'fechaHoraEsperadaISO' with new value: getAdjustedTime()
01:56:57.592 [pool-2-thread-3] DEBUG com.intuit.karate - request:
1 > POST https://siasis-dev.vercel.app/api/asistencia-hoy/marcar
1 > Cookie: Apellidos=Sanchez%20Gonzales; Google_Drive_Foto_ID=11vFEZVR5o-6mSwWCCy4L6tRuzVilr0i9; Nombres=Daniel%20Enrique; Genero=M; Rol=T; token=eyJhbGciOiJIUzI1NiIsInR5cCI6IkpXVCJ9.eyJJRF9Vc3VhcmlvIjoiMTU0MjA3NDUiLCJOb21icmVfVXN1YXJpbyI6ImRhbmllbF9zYW5jaGV6XzE1NDIiLCJSRFAwMl9JTlNUQU5DRSI6IlJEUDAyX0lOUzIiLCJSRFAwM19JTlNUQU5DRSI6IlJEUDAzX0lOUzMiLCJSb2wiOiJUIiwiaWF0IjoxNzUxOTU3ODA3LCJleHAiOjE3NTE5NzU4MDd9.aOQv0Jr4sYZC_8en5Y0CK_JcfBWCuUBzH0dTK5u1JkE
1 > Content-Type: application/json; charset=UTF-8
1 > Content-Length: 70
1 > Host: siasis-dev.vercel.app
1 > Connection: Keep-Alive
1 > User-Agent: Apache-HttpClient/4.5.14 (Java/17.0.12)
1 > Accept-Encoding: gzip,deflate
{
  "ModoRegistro": "E",
  "FechaHoraEsperadaISO": "2025-07-08T05:56:57.591Z"
}


01:56:57.810 [pool-2-thread-1] DEBUG com.intuit.karate - response time in milliseconds: 620
1 < 200
1 < Cache-Control: public, max-age=0, must-revalidate
1 < Content-Type: application/json
1 < Date: Tue, 08 Jul 2025 06:56:48 GMT
1 < Server: Vercel
1 < Strict-Transport-Security: max-age=63072000; includeSubDomains; preload
1 < Vary: RSC, Next-Router-State-Tree, Next-Router-Prefetch, Next-Router-Segment-Prefetch
1 < X-Matched-Path: /api/asistencia-hoy/marcar
1 < X-Vercel-Cache: MISS
1 < X-Vercel-Id: gru1::iad1::zpjsk-1751957807992-47aad117a616
1 < Transfer-Encoding: chunked
{
  "success": true,
  "message": "La asistencia ya había sido registrada anteriormente",
  "data": {
    "timestamp": 1751957808105,
    "desfaseSegundos": 3590,
    "esNuevoRegistro": false,
    "esRegistroPropio": false,
    "actorRegistrado": "PS",
    "tipoAsistencia": "personal"
  }
}


01:56:57.814 [pool-2-thread-1] DEBUG c.intuit.karate.core.ScenarioEngine - over-writing existing variable 'loginFeature' with new value: 'classpath:resources/features/login/CasoNoTutor.feature'
01:56:57.820 [pool-2-thread-1] DEBUG c.intuit.karate.core.ScenarioEngine - over-writing existing variable 'loginResponse' with new value: call read(loginFeature)
01:56:57.822 [pool-2-thread-1] DEBUG com.intuit.karate - request:
1 > POST https://api01-siasis-dev.vercel.app/api/login/profesor-tutor-secundaria
1 > Cookie: Apellidos=Sanchez%20Gonzales; Google_Drive_Foto_ID=11vFEZVR5o-6mSwWCCy4L6tRuzVilr0i9; Nombres=Daniel%20Enrique; Genero=M; Rol=T; token=eyJhbGciOiJIUzI1NiIsInR5cCI6IkpXVCJ9.eyJJRF9Vc3VhcmlvIjoiMTU0MjA3NDUiLCJOb21icmVfVXN1YXJpbyI6ImRhbmllbF9zYW5jaGV6XzE1NDIiLCJSRFAwMl9JTlNUQU5DRSI6IlJEUDAyX0lOUzIiLCJSRFAwM19JTlNUQU5DRSI6IlJEUDAzX0lOUzQiLCJSb2wiOiJUIiwiaWF0IjoxNzUxOTU3ODA3LCJleHAiOjE3NTE5NzU4MDd9.Gq4ZUMCATtPvWV7KaI3MtpjZ56GylN9o_LaSh2cErZQ
1 > Content-Type: application/json; charset=UTF-8
1 > Content-Length: 67
1 > Host: api01-siasis-dev.vercel.app
1 > Connection: Keep-Alive
1 > User-Agent: Apache-HttpClient/4.5.14 (Java/17.0.12)
1 > Accept-Encoding: gzip,deflate
{
  "Nombre_Usuario": "david_apolinario_1537",
  "Contraseña": "15371028"
}


01:56:57.898 [pool-2-thread-4] DEBUG com.intuit.karate - response time in milliseconds: 667
1 < 200
1 < Access-Control-Allow-Origin: *
1 < Cache-Control: public, max-age=0, must-revalidate
1 < Content-Length: 519
1 < Content-Type: application/json; charset=utf-8
1 < Date: Tue, 08 Jul 2025 06:56:48 GMT
1 < Etag: W/"207-imJjMjdKYp3xZEGGQ0HU/7qaTb0"
1 < Server: Vercel
1 < Strict-Transport-Security: max-age=63072000; includeSubDomains; preload
1 < X-Powered-By: Express
1 < X-Vercel-Cache: MISS
1 < X-Vercel-Id: gru1::iad1::cq8gr-1751957808031-1709f8594d5a
{
  "success": true,
  "message": "Inicio de sesión exitoso",
  "data": {
    "Apellidos": "Sanchez Gonzales",
    "Nombres": "Daniel Enrique",
    "Rol": "T",
    "token": "eyJhbGciOiJIUzI1NiIsInR5cCI6IkpXVCJ9.eyJJRF9Vc3VhcmlvIjoiMTU0MjA3NDUiLCJOb21icmVfVXN1YXJpbyI6ImRhbmllbF9zYW5jaGV6XzE1NDIiLCJSRFAwMl9JTlNUQU5DRSI6IlJEUDAyX0lOUzMiLCJSRFAwM19JTlNUQU5DRSI6IlJEUDAzX0lOUzQiLCJSb2wiOiJUIiwiaWF0IjoxNzUxOTU3ODA4LCJleHAiOjE3NTE5NzU4MDh9.V-TDXAIEo6F2uMmGvCupxC4mPU-czvSPVRrrqg7LZ2A",
    "Google_Drive_Foto_ID": "14aAaksU7TNE6kOiFsRt4m5y2LSvnat1b",
    "Genero": "M"
  }
}


01:56:57.902 [pool-2-thread-4] INFO  com.intuit.karate - [print] eyJhbGciOiJIUzI1NiIsInR5cCI6IkpXVCJ9.eyJJRF9Vc3VhcmlvIjoiMTU0MjA3NDUiLCJOb21icmVfVXN1YXJpbyI6ImRhbmllbF9zYW5jaGV6XzE1NDIiLCJSRFAwMl9JTlNUQU5DRSI6IlJEUDAyX0lOUzMiLCJSRFAwM19JTlNUQU5DRSI6IlJEUDAzX0lOUzQiLCJSb2wiOiJUIiwiaWF0IjoxNzUxOTU3ODA4LCJleHAiOjE3NTE5NzU4MDh9.V-TDXAIEo6F2uMmGvCupxC4mPU-czvSPVRrrqg7LZ2A 
01:56:57.902 [pool-2-thread-4] INFO  com.intuit.karate - [print] T 
01:56:57.904 [pool-2-thread-4] DEBUG com.intuit.karate - request:
1 > POST https://siasis-dev.vercel.app/api/auth/login
1 > Cookie: Apellidos=Gonzales%20Morales; Google_Drive_Foto_ID=12CrZ2Z8qd2FGzo0UeOURh3turASgkZ-8; Nombres=Brigida; Genero=F; Rol=A; token=eyJhbGciOiJIUzI1NiIsInR5cCI6IkpXVCJ9.eyJJRF9Vc3VhcmlvIjoiMTUzNTcyNzgiLCJSRFAwMl9JTlNUQU5DRSI6IlJEUDAyX0lOUzMiLCJSRFAwM19JTlNUQU5DRSI6IlJEUDAzX0lOUzMiLCJOb21icmVfVXN1YXJpbyI6ImJyaWdpZGFfZ29uemFsZXNfMTUzNSIsIlJvbCI6IkEiLCJpYXQiOjE3NTE5NTc4MDYsImV4cCI6MTc1MTk3NTgwNn0.ydOmF_p5ObWrrkohbIHTHWUJxVsQUV-zXRMN0tO2h4A
1 > Content-Type: application/json; charset=UTF-8
1 > Content-Length: 457
1 > Host: siasis-dev.vercel.app
1 > Connection: Keep-Alive
1 > User-Agent: Apache-HttpClient/4.5.14 (Java/17.0.12)
1 > Accept-Encoding: gzip,deflate
{
  "Nombres": "Daniel Enrique",
  "Apellidos": "Sanchez Gonzales",
  "token": "eyJhbGciOiJIUzI1NiIsInR5cCI6IkpXVCJ9.eyJJRF9Vc3VhcmlvIjoiMTU0MjA3NDUiLCJOb21icmVfVXN1YXJpbyI6ImRhbmllbF9zYW5jaGV6XzE1NDIiLCJSRFAwMl9JTlNUQU5DRSI6IlJEUDAyX0lOUzMiLCJSRFAwM19JTlNUQU5DRSI6IlJEUDAzX0lOUzQiLCJSb2wiOiJUIiwiaWF0IjoxNzUxOTU3ODA4LCJleHAiOjE3NTE5NzU4MDh9.V-TDXAIEo6F2uMmGvCupxC4mPU-czvSPVRrrqg7LZ2A",
  "Genero": "M",
  "Google_Drive_Foto_ID": "14aAaksU7TNE6kOiFsRt4m5y2LSvnat1b",
  "Rol": "T"
}


01:56:58.068 [pool-2-thread-2] DEBUG com.intuit.karate - response time in milliseconds: 649
1 < 200
1 < Access-Control-Allow-Origin: *
1 < Cache-Control: public, max-age=0, must-revalidate
1 < Content-Length: 519
1 < Content-Type: application/json; charset=utf-8
1 < Date: Tue, 08 Jul 2025 06:56:48 GMT
1 < Etag: W/"207-+1IZhdl+gZ8tcGSjH1cY17gIqXY"
1 < Server: Vercel
1 < Strict-Transport-Security: max-age=63072000; includeSubDomains; preload
1 < X-Powered-By: Express
1 < X-Vercel-Cache: MISS
1 < X-Vercel-Id: gru1::iad1::9zltt-1751957808216-b7a6ff1e2d26
{
  "success": true,
  "message": "Inicio de sesión exitoso",
  "data": {
    "Apellidos": "Sanchez Gonzales",
    "Nombres": "Daniel Enrique",
    "Rol": "T",
    "token": "eyJhbGciOiJIUzI1NiIsInR5cCI6IkpXVCJ9.eyJJRF9Vc3VhcmlvIjoiMTU0MjA3NDUiLCJOb21icmVfVXN1YXJpbyI6ImRhbmllbF9zYW5jaGV6XzE1NDIiLCJSRFAwMl9JTlNUQU5DRSI6IlJEUDAyX0lOUzIiLCJSRFAwM19JTlNUQU5DRSI6IlJEUDAzX0lOUzEiLCJSb2wiOiJUIiwiaWF0IjoxNzUxOTU3ODA4LCJleHAiOjE3NTE5NzU4MDh9.JizrciwMZInQaWiABCSevNLjG6LD7YmwKEp8ZPAvsdI",
    "Google_Drive_Foto_ID": "11vFEZVR5o-6mSwWCCy4L6tRuzVilr0i9",
    "Genero": "M"
  }
}


01:56:58.070 [pool-2-thread-2] INFO  com.intuit.karate - [print] eyJhbGciOiJIUzI1NiIsInR5cCI6IkpXVCJ9.eyJJRF9Vc3VhcmlvIjoiMTU0MjA3NDUiLCJOb21icmVfVXN1YXJpbyI6ImRhbmllbF9zYW5jaGV6XzE1NDIiLCJSRFAwMl9JTlNUQU5DRSI6IlJEUDAyX0lOUzIiLCJSRFAwM19JTlNUQU5DRSI6IlJEUDAzX0lOUzEiLCJSb2wiOiJUIiwiaWF0IjoxNzUxOTU3ODA4LCJleHAiOjE3NTE5NzU4MDh9.JizrciwMZInQaWiABCSevNLjG6LD7YmwKEp8ZPAvsdI 
01:56:58.070 [pool-2-thread-2] INFO  com.intuit.karate - [print] T 
01:56:58.074 [pool-2-thread-2] DEBUG com.intuit.karate - request:
1 > POST https://siasis-dev.vercel.app/api/auth/login
1 > Cookie: Apellidos=Gonzales%20Morales; Google_Drive_Foto_ID=1zMyKrzbyqYhCZX-7usVpUfzuwOvRpQtA; Nombres=Brigida; Genero=F; Rol=A; token=eyJhbGciOiJIUzI1NiIsInR5cCI6IkpXVCJ9.eyJJRF9Vc3VhcmlvIjoiMTUzNTcyNzgiLCJSRFAwMl9JTlNUQU5DRSI6IlJEUDAyX0lOUzMiLCJSRFAwM19JTlNUQU5DRSI6IlJEUDAzX0lOUzQiLCJOb21icmVfVXN1YXJpbyI6ImJyaWdpZGFfZ29uemFsZXNfMTUzNSIsIlJvbCI6IkEiLCJpYXQiOjE3NTE5NTc4MDYsImV4cCI6MTc1MTk3NTgwNn0.dHOAw6fUTVuWWUICwIaCVPeP49-XwXvcCXjJBZoShWY
1 > Content-Type: application/json; charset=UTF-8
1 > Content-Length: 457
1 > Host: siasis-dev.vercel.app
1 > Connection: Keep-Alive
1 > User-Agent: Apache-HttpClient/4.5.14 (Java/17.0.12)
1 > Accept-Encoding: gzip,deflate
{
  "Nombres": "Daniel Enrique",
  "Apellidos": "Sanchez Gonzales",
  "token": "eyJhbGciOiJIUzI1NiIsInR5cCI6IkpXVCJ9.eyJJRF9Vc3VhcmlvIjoiMTU0MjA3NDUiLCJOb21icmVfVXN1YXJpbyI6ImRhbmllbF9zYW5jaGV6XzE1NDIiLCJSRFAwMl9JTlNUQU5DRSI6IlJEUDAyX0lOUzIiLCJSRFAwM19JTlNUQU5DRSI6IlJEUDAzX0lOUzEiLCJSb2wiOiJUIiwiaWF0IjoxNzUxOTU3ODA4LCJleHAiOjE3NTE5NzU4MDh9.JizrciwMZInQaWiABCSevNLjG6LD7YmwKEp8ZPAvsdI",
  "Genero": "M",
  "Google_Drive_Foto_ID": "11vFEZVR5o-6mSwWCCy4L6tRuzVilr0i9",
  "Rol": "T"
}


01:56:58.318 [pool-2-thread-3] DEBUG com.intuit.karate - response time in milliseconds: 726
1 < 200
1 < Cache-Control: public, max-age=0, must-revalidate
1 < Content-Type: application/json
1 < Date: Tue, 08 Jul 2025 06:56:48 GMT
1 < Server: Vercel
1 < Strict-Transport-Security: max-age=63072000; includeSubDomains; preload
1 < Vary: RSC, Next-Router-State-Tree, Next-Router-Prefetch, Next-Router-Segment-Prefetch
1 < X-Matched-Path: /api/asistencia-hoy/marcar
1 < X-Vercel-Cache: MISS
1 < X-Vercel-Id: gru1::iad1::9l8f7-1751957808433-816dc11ef56f
1 < Transfer-Encoding: chunked
{
  "success": true,
  "message": "La asistencia ya había sido registrada anteriormente",
  "data": {
    "timestamp": 1751957808555,
    "desfaseSegundos": 3590,
    "esNuevoRegistro": false,
    "esRegistroPropio": false,
    "actorRegistrado": "PS",
    "tipoAsistencia": "personal"
  }
}


01:56:58.318 [pool-2-thread-5] DEBUG com.intuit.karate - response time in milliseconds: 734
1 < 200
1 < Access-Control-Allow-Origin: *
1 < Cache-Control: public, max-age=0, must-revalidate
1 < Content-Length: 523
1 < Content-Type: application/json; charset=utf-8
1 < Date: Tue, 08 Jul 2025 06:56:48 GMT
1 < Etag: W/"20b-Ugi8xVvrA7u7GJsYXnUyDGR7VV4"
1 < Server: Vercel
1 < Strict-Transport-Security: max-age=63072000; includeSubDomains; preload
1 < X-Powered-By: Express
1 < X-Vercel-Cache: MISS
1 < X-Vercel-Id: gru1::iad1::lf27c-1751957808433-20c490056b84
{
  "success": true,
  "message": "Inicio de sesión exitoso",
  "data": {
    "Apellidos": "Apolinario Quispe",
    "Nombres": "David Julian",
    "Rol": "PS",
    "token": "eyJhbGciOiJIUzI1NiIsInR5cCI6IkpXVCJ9.eyJJRF9Vc3VhcmlvIjoiMTUzNzEwMjgiLCJOb21icmVfVXN1YXJpbyI6ImRhdmlkX2Fwb2xpbmFyaW9fMTUzNyIsIlJEUDAyX0lOU1RBTkNFIjoiUkRQMDJfSU5TMyIsIlJEUDAzX0lOU1RBTkNFIjoiUkRQMDNfSU5TNCIsIlJvbCI6IlBTIiwiaWF0IjoxNzUxOTU3ODA4LCJleHAiOjE3NTE5NzU4MDh9.zutfj7BUw_GokfM-NFP7KQGG4Hme2H6ktuOe139GDvM",
    "Google_Drive_Foto_ID": "1Kvyn3lWOxzuURkPFBSGCPHmTshBUXAZg",
    "Genero": "M"
  }
}


01:56:58.318 [pool-2-thread-5] INFO  com.intuit.karate - [print] eyJhbGciOiJIUzI1NiIsInR5cCI6IkpXVCJ9.eyJJRF9Vc3VhcmlvIjoiMTUzNzEwMjgiLCJOb21icmVfVXN1YXJpbyI6ImRhdmlkX2Fwb2xpbmFyaW9fMTUzNyIsIlJEUDAyX0lOU1RBTkNFIjoiUkRQMDJfSU5TMyIsIlJEUDAzX0lOU1RBTkNFIjoiUkRQMDNfSU5TNCIsIlJvbCI6IlBTIiwiaWF0IjoxNzUxOTU3ODA4LCJleHAiOjE3NTE5NzU4MDh9.zutfj7BUw_GokfM-NFP7KQGG4Hme2H6ktuOe139GDvM 
01:56:58.323 [pool-2-thread-5] INFO  com.intuit.karate - [print] PS 
01:56:58.325 [pool-2-thread-5] DEBUG com.intuit.karate - request:
1 > POST https://siasis-dev.vercel.app/api/auth/login
1 > Cookie: Apellidos=Sanchez%20Gonzales; Google_Drive_Foto_ID=11vFEZVR5o-6mSwWCCy4L6tRuzVilr0i9; Nombres=Daniel%20Enrique; Genero=M; Rol=T; token=eyJhbGciOiJIUzI1NiIsInR5cCI6IkpXVCJ9.eyJJRF9Vc3VhcmlvIjoiMTU0MjA3NDUiLCJOb21icmVfVXN1YXJpbyI6ImRhbmllbF9zYW5jaGV6XzE1NDIiLCJSRFAwMl9JTlNUQU5DRSI6IlJEUDAyX0lOUzIiLCJSRFAwM19JTlNUQU5DRSI6IlJEUDAzX0lOUzUiLCJSb2wiOiJUIiwiaWF0IjoxNzUxOTU3ODA2LCJleHAiOjE3NTE5NzU4MDZ9.2W4JClRfumSs4Yk13nOhfyQGE8qnAP3BIsG7soM085M
1 > Content-Type: application/json; charset=UTF-8
1 > Content-Length: 461
1 > Host: siasis-dev.vercel.app
1 > Connection: Keep-Alive
1 > User-Agent: Apache-HttpClient/4.5.14 (Java/17.0.12)
1 > Accept-Encoding: gzip,deflate
{
  "Nombres": "David Julian",
  "Apellidos": "Apolinario Quispe",
  "token": "eyJhbGciOiJIUzI1NiIsInR5cCI6IkpXVCJ9.eyJJRF9Vc3VhcmlvIjoiMTUzNzEwMjgiLCJOb21icmVfVXN1YXJpbyI6ImRhdmlkX2Fwb2xpbmFyaW9fMTUzNyIsIlJEUDAyX0lOU1RBTkNFIjoiUkRQMDJfSU5TMyIsIlJEUDAzX0lOU1RBTkNFIjoiUkRQMDNfSU5TNCIsIlJvbCI6IlBTIiwiaWF0IjoxNzUxOTU3ODA4LCJleHAiOjE3NTE5NzU4MDh9.zutfj7BUw_GokfM-NFP7KQGG4Hme2H6ktuOe139GDvM",
  "Genero": "M",
  "Google_Drive_Foto_ID": "1Kvyn3lWOxzuURkPFBSGCPHmTshBUXAZg",
  "Rol": "PS"
}


01:56:58.325 [pool-2-thread-3] DEBUG c.intuit.karate.core.ScenarioEngine - over-writing existing variable 'loginFeature' with new value: 'classpath:resources/features/login/CasoNoTutor.feature'
01:56:58.330 [pool-2-thread-3] DEBUG c.intuit.karate.core.ScenarioEngine - over-writing existing variable 'loginResponse' with new value: call read(loginFeature)
01:56:58.330 [pool-2-thread-3] DEBUG com.intuit.karate - request:
1 > POST https://api01-siasis-dev.vercel.app/api/login/profesor-tutor-secundaria
1 > Cookie: Apellidos=Sanchez%20Gonzales; Google_Drive_Foto_ID=11vFEZVR5o-6mSwWCCy4L6tRuzVilr0i9; Nombres=Daniel%20Enrique; Genero=M; Rol=T; token=eyJhbGciOiJIUzI1NiIsInR5cCI6IkpXVCJ9.eyJJRF9Vc3VhcmlvIjoiMTU0MjA3NDUiLCJOb21icmVfVXN1YXJpbyI6ImRhbmllbF9zYW5jaGV6XzE1NDIiLCJSRFAwMl9JTlNUQU5DRSI6IlJEUDAyX0lOUzIiLCJSRFAwM19JTlNUQU5DRSI6IlJEUDAzX0lOUzMiLCJSb2wiOiJUIiwiaWF0IjoxNzUxOTU3ODA3LCJleHAiOjE3NTE5NzU4MDd9.aOQv0Jr4sYZC_8en5Y0CK_JcfBWCuUBzH0dTK5u1JkE
1 > Content-Type: application/json; charset=UTF-8
1 > Content-Length: 67
1 > Host: api01-siasis-dev.vercel.app
1 > Connection: Keep-Alive
1 > User-Agent: Apache-HttpClient/4.5.14 (Java/17.0.12)
1 > Accept-Encoding: gzip,deflate
{
  "Nombre_Usuario": "david_apolinario_1537",
  "Contraseña": "15371028"
}


01:56:58.468 [pool-2-thread-1] DEBUG com.intuit.karate - response time in milliseconds: 646
1 < 200
1 < Access-Control-Allow-Origin: *
1 < Cache-Control: public, max-age=0, must-revalidate
1 < Content-Length: 523
1 < Content-Type: application/json; charset=utf-8
1 < Date: Tue, 08 Jul 2025 06:56:48 GMT
1 < Etag: W/"20b-h3O4G18fuoobDnv+kdkQqMLijJM"
1 < Server: Vercel
1 < Strict-Transport-Security: max-age=63072000; includeSubDomains; preload
1 < X-Powered-By: Express
1 < X-Vercel-Cache: MISS
1 < X-Vercel-Id: gru1::iad1::zpjsk-1751957808622-7b39295e21e9
{
  "success": true,
  "message": "Inicio de sesión exitoso",
  "data": {
    "Apellidos": "Apolinario Quispe",
    "Nombres": "David Julian",
    "Rol": "PS",
    "token": "eyJhbGciOiJIUzI1NiIsInR5cCI6IkpXVCJ9.eyJJRF9Vc3VhcmlvIjoiMTUzNzEwMjgiLCJOb21icmVfVXN1YXJpbyI6ImRhdmlkX2Fwb2xpbmFyaW9fMTUzNyIsIlJEUDAyX0lOU1RBTkNFIjoiUkRQMDJfSU5TMSIsIlJEUDAzX0lOU1RBTkNFIjoiUkRQMDNfSU5TMyIsIlJvbCI6IlBTIiwiaWF0IjoxNzUxOTU3ODA4LCJleHAiOjE3NTE5NzU4MDh9.9jLs_7baYQ4KIdVtF0LSc_8RLrN28F16Uf8s4MWvp4g",
    "Google_Drive_Foto_ID": "1Kvyn3lWOxzuURkPFBSGCPHmTshBUXAZg",
    "Genero": "M"
  }
}


01:56:58.478 [pool-2-thread-1] INFO  com.intuit.karate - [print] eyJhbGciOiJIUzI1NiIsInR5cCI6IkpXVCJ9.eyJJRF9Vc3VhcmlvIjoiMTUzNzEwMjgiLCJOb21icmVfVXN1YXJpbyI6ImRhdmlkX2Fwb2xpbmFyaW9fMTUzNyIsIlJEUDAyX0lOU1RBTkNFIjoiUkRQMDJfSU5TMSIsIlJEUDAzX0lOU1RBTkNFIjoiUkRQMDNfSU5TMyIsIlJvbCI6IlBTIiwiaWF0IjoxNzUxOTU3ODA4LCJleHAiOjE3NTE5NzU4MDh9.9jLs_7baYQ4KIdVtF0LSc_8RLrN28F16Uf8s4MWvp4g 
01:56:58.478 [pool-2-thread-1] INFO  com.intuit.karate - [print] PS 
01:56:58.480 [pool-2-thread-1] DEBUG com.intuit.karate - request:
1 > POST https://siasis-dev.vercel.app/api/auth/login
1 > Cookie: Apellidos=Sanchez%20Gonzales; Google_Drive_Foto_ID=11vFEZVR5o-6mSwWCCy4L6tRuzVilr0i9; Nombres=Daniel%20Enrique; Genero=M; Rol=T; token=eyJhbGciOiJIUzI1NiIsInR5cCI6IkpXVCJ9.eyJJRF9Vc3VhcmlvIjoiMTU0MjA3NDUiLCJOb21icmVfVXN1YXJpbyI6ImRhbmllbF9zYW5jaGV6XzE1NDIiLCJSRFAwMl9JTlNUQU5DRSI6IlJEUDAyX0lOUzIiLCJSRFAwM19JTlNUQU5DRSI6IlJEUDAzX0lOUzQiLCJSb2wiOiJUIiwiaWF0IjoxNzUxOTU3ODA3LCJleHAiOjE3NTE5NzU4MDd9.Gq4ZUMCATtPvWV7KaI3MtpjZ56GylN9o_LaSh2cErZQ
1 > Content-Type: application/json; charset=UTF-8
1 > Content-Length: 461
1 > Host: siasis-dev.vercel.app
1 > Connection: Keep-Alive
1 > User-Agent: Apache-HttpClient/4.5.14 (Java/17.0.12)
1 > Accept-Encoding: gzip,deflate
{
  "Nombres": "David Julian",
  "Apellidos": "Apolinario Quispe",
  "token": "eyJhbGciOiJIUzI1NiIsInR5cCI6IkpXVCJ9.eyJJRF9Vc3VhcmlvIjoiMTUzNzEwMjgiLCJOb21icmVfVXN1YXJpbyI6ImRhdmlkX2Fwb2xpbmFyaW9fMTUzNyIsIlJEUDAyX0lOU1RBTkNFIjoiUkRQMDJfSU5TMSIsIlJEUDAzX0lOU1RBTkNFIjoiUkRQMDNfSU5TMyIsIlJvbCI6IlBTIiwiaWF0IjoxNzUxOTU3ODA4LCJleHAiOjE3NTE5NzU4MDh9.9jLs_7baYQ4KIdVtF0LSc_8RLrN28F16Uf8s4MWvp4g",
  "Genero": "M",
  "Google_Drive_Foto_ID": "1Kvyn3lWOxzuURkPFBSGCPHmTshBUXAZg",
  "Rol": "PS"
}


01:56:58.558 [pool-2-thread-2] DEBUG com.intuit.karate - response time in milliseconds: 484
1 < 201
1 < Cache-Control: public, max-age=0, must-revalidate
1 < Content-Length: 0
1 < Date: Tue, 08 Jul 2025 06:56:49 GMT
1 < Server: Vercel
1 < Set-Cookie: Nombres=Daniel%20Enrique; Max-Age=18000; Path=/; HttpOnly; Secure; SameSite=Lax
1 < Set-Cookie: Apellidos=Sanchez%20Gonzales; Max-Age=18000; Path=/; HttpOnly; Secure; SameSite=Lax
1 < Set-Cookie: Rol=T; Max-Age=18000; Path=/; HttpOnly; Secure; SameSite=Lax
1 < Set-Cookie: token=eyJhbGciOiJIUzI1NiIsInR5cCI6IkpXVCJ9.eyJJRF9Vc3VhcmlvIjoiMTU0MjA3NDUiLCJOb21icmVfVXN1YXJpbyI6ImRhbmllbF9zYW5jaGV6XzE1NDIiLCJSRFAwMl9JTlNUQU5DRSI6IlJEUDAyX0lOUzIiLCJSRFAwM19JTlNUQU5DRSI6IlJEUDAzX0lOUzEiLCJSb2wiOiJUIiwiaWF0IjoxNzUxOTU3ODA4LCJleHAiOjE3NTE5NzU4MDh9.JizrciwMZInQaWiABCSevNLjG6LD7YmwKEp8ZPAvsdI; Max-Age=18000; Path=/; HttpOnly; Secure; SameSite=Lax
1 < Set-Cookie: Genero=M; Max-Age=18000; Path=/; HttpOnly; Secure; SameSite=Lax
1 < Set-Cookie: Google_Drive_Foto_ID=11vFEZVR5o-6mSwWCCy4L6tRuzVilr0i9; Max-Age=18000; Path=/; HttpOnly; Secure; SameSite=Lax
1 < Strict-Transport-Security: max-age=63072000; includeSubDomains; preload
1 < Vary: RSC, Next-Router-State-Tree, Next-Router-Prefetch, Next-Router-Segment-Prefetch
1 < X-Matched-Path: /api/auth/login
1 < X-Vercel-Cache: MISS
1 < X-Vercel-Id: gru1::iad1::4mjfc-1751957808945-e35f64afa26a


01:56:58.570 [pool-2-thread-2] DEBUG c.intuit.karate.core.ScenarioEngine - over-writing existing variable 'fechaHoraEsperadaISO' with new value: getAdjustedTime()
01:56:58.576 [pool-2-thread-2] DEBUG com.intuit.karate - request:
1 > POST https://siasis-dev.vercel.app/api/asistencia-hoy/marcar
1 > Cookie: Apellidos=Sanchez%20Gonzales; Google_Drive_Foto_ID=11vFEZVR5o-6mSwWCCy4L6tRuzVilr0i9; Nombres=Daniel%20Enrique; Genero=M; Rol=T; token=eyJhbGciOiJIUzI1NiIsInR5cCI6IkpXVCJ9.eyJJRF9Vc3VhcmlvIjoiMTU0MjA3NDUiLCJOb21icmVfVXN1YXJpbyI6ImRhbmllbF9zYW5jaGV6XzE1NDIiLCJSRFAwMl9JTlNUQU5DRSI6IlJEUDAyX0lOUzIiLCJSRFAwM19JTlNUQU5DRSI6IlJEUDAzX0lOUzEiLCJSb2wiOiJUIiwiaWF0IjoxNzUxOTU3ODA4LCJleHAiOjE3NTE5NzU4MDh9.JizrciwMZInQaWiABCSevNLjG6LD7YmwKEp8ZPAvsdI
1 > Content-Type: application/json; charset=UTF-8
1 > Content-Length: 70
1 > Host: siasis-dev.vercel.app
1 > Connection: Keep-Alive
1 > User-Agent: Apache-HttpClient/4.5.14 (Java/17.0.12)
1 > Accept-Encoding: gzip,deflate
{
  "ModoRegistro": "E",
  "FechaHoraEsperadaISO": "2025-07-08T05:56:58.569Z"
}


01:56:58.651 [pool-2-thread-4] DEBUG com.intuit.karate - response time in milliseconds: 741
1 < 201
1 < Cache-Control: public, max-age=0, must-revalidate
1 < Content-Length: 0
1 < Date: Tue, 08 Jul 2025 06:56:49 GMT
1 < Server: Vercel
1 < Set-Cookie: Nombres=Daniel%20Enrique; Max-Age=18000; Path=/; HttpOnly; Secure; SameSite=Lax
1 < Set-Cookie: Apellidos=Sanchez%20Gonzales; Max-Age=18000; Path=/; HttpOnly; Secure; SameSite=Lax
1 < Set-Cookie: Rol=T; Max-Age=18000; Path=/; HttpOnly; Secure; SameSite=Lax
1 < Set-Cookie: token=eyJhbGciOiJIUzI1NiIsInR5cCI6IkpXVCJ9.eyJJRF9Vc3VhcmlvIjoiMTU0MjA3NDUiLCJOb21icmVfVXN1YXJpbyI6ImRhbmllbF9zYW5jaGV6XzE1NDIiLCJSRFAwMl9JTlNUQU5DRSI6IlJEUDAyX0lOUzMiLCJSRFAwM19JTlNUQU5DRSI6IlJEUDAzX0lOUzQiLCJSb2wiOiJUIiwiaWF0IjoxNzUxOTU3ODA4LCJleHAiOjE3NTE5NzU4MDh9.V-TDXAIEo6F2uMmGvCupxC4mPU-czvSPVRrrqg7LZ2A; Max-Age=18000; Path=/; HttpOnly; Secure; SameSite=Lax
1 < Set-Cookie: Genero=M; Max-Age=18000; Path=/; HttpOnly; Secure; SameSite=Lax
1 < Set-Cookie: Google_Drive_Foto_ID=14aAaksU7TNE6kOiFsRt4m5y2LSvnat1b; Max-Age=18000; Path=/; HttpOnly; Secure; SameSite=Lax
1 < Strict-Transport-Security: max-age=63072000; includeSubDomains; preload
1 < Vary: RSC, Next-Router-State-Tree, Next-Router-Prefetch, Next-Router-Segment-Prefetch
1 < X-Matched-Path: /api/auth/login
1 < X-Vercel-Cache: MISS
1 < X-Vercel-Id: gru1::iad1::cq8gr-1751957808750-5952c325ef1d


01:56:58.658 [pool-2-thread-4] DEBUG c.intuit.karate.core.ScenarioEngine - over-writing existing variable 'fechaHoraEsperadaISO' with new value: getAdjustedTime()
01:56:58.660 [pool-2-thread-4] DEBUG com.intuit.karate - request:
1 > POST https://siasis-dev.vercel.app/api/asistencia-hoy/marcar
1 > Cookie: Apellidos=Sanchez%20Gonzales; Google_Drive_Foto_ID=14aAaksU7TNE6kOiFsRt4m5y2LSvnat1b; Nombres=Daniel%20Enrique; Genero=M; Rol=T; token=eyJhbGciOiJIUzI1NiIsInR5cCI6IkpXVCJ9.eyJJRF9Vc3VhcmlvIjoiMTU0MjA3NDUiLCJOb21icmVfVXN1YXJpbyI6ImRhbmllbF9zYW5jaGV6XzE1NDIiLCJSRFAwMl9JTlNUQU5DRSI6IlJEUDAyX0lOUzMiLCJSRFAwM19JTlNUQU5DRSI6IlJEUDAzX0lOUzQiLCJSb2wiOiJUIiwiaWF0IjoxNzUxOTU3ODA4LCJleHAiOjE3NTE5NzU4MDh9.V-TDXAIEo6F2uMmGvCupxC4mPU-czvSPVRrrqg7LZ2A
1 > Content-Type: application/json; charset=UTF-8
1 > Content-Length: 70
1 > Host: siasis-dev.vercel.app
1 > Connection: Keep-Alive
1 > User-Agent: Apache-HttpClient/4.5.14 (Java/17.0.12)
1 > Accept-Encoding: gzip,deflate
{
  "ModoRegistro": "E",
  "FechaHoraEsperadaISO": "2025-07-08T05:56:58.659Z"
}


01:56:58.748 [pool-2-thread-5] DEBUG com.intuit.karate - response time in milliseconds: 421
1 < 201
1 < Cache-Control: public, max-age=0, must-revalidate
1 < Content-Length: 0
1 < Date: Tue, 08 Jul 2025 06:56:49 GMT
1 < Server: Vercel
1 < Set-Cookie: Nombres=David%20Julian; Max-Age=18000; Path=/; HttpOnly; Secure; SameSite=Lax
1 < Set-Cookie: Apellidos=Apolinario%20Quispe; Max-Age=18000; Path=/; HttpOnly; Secure; SameSite=Lax
1 < Set-Cookie: Rol=PS; Max-Age=18000; Path=/; HttpOnly; Secure; SameSite=Lax
1 < Set-Cookie: token=eyJhbGciOiJIUzI1NiIsInR5cCI6IkpXVCJ9.eyJJRF9Vc3VhcmlvIjoiMTUzNzEwMjgiLCJOb21icmVfVXN1YXJpbyI6ImRhdmlkX2Fwb2xpbmFyaW9fMTUzNyIsIlJEUDAyX0lOU1RBTkNFIjoiUkRQMDJfSU5TMyIsIlJEUDAzX0lOU1RBTkNFIjoiUkRQMDNfSU5TNCIsIlJvbCI6IlBTIiwiaWF0IjoxNzUxOTU3ODA4LCJleHAiOjE3NTE5NzU4MDh9.zutfj7BUw_GokfM-NFP7KQGG4Hme2H6ktuOe139GDvM; Max-Age=18000; Path=/; HttpOnly; Secure; SameSite=Lax
1 < Set-Cookie: Genero=M; Max-Age=18000; Path=/; HttpOnly; Secure; SameSite=Lax
1 < Set-Cookie: Google_Drive_Foto_ID=1Kvyn3lWOxzuURkPFBSGCPHmTshBUXAZg; Max-Age=18000; Path=/; HttpOnly; Secure; SameSite=Lax
1 < Strict-Transport-Security: max-age=63072000; includeSubDomains; preload
1 < Vary: RSC, Next-Router-State-Tree, Next-Router-Prefetch, Next-Router-Segment-Prefetch
1 < X-Matched-Path: /api/auth/login
1 < X-Vercel-Cache: MISS
1 < X-Vercel-Id: gru1::iad1::zdj87-1751957809122-457ec08620d6


01:56:58.748 [pool-2-thread-5] DEBUG c.intuit.karate.core.ScenarioEngine - over-writing existing variable 'fechaHoraEsperadaISO' with new value: getAdjustedTime()
01:56:58.754 [pool-2-thread-5] DEBUG com.intuit.karate - request:
1 > POST https://siasis-dev.vercel.app/api/asistencia-hoy/marcar
1 > Cookie: Apellidos=Apolinario%20Quispe; Google_Drive_Foto_ID=1Kvyn3lWOxzuURkPFBSGCPHmTshBUXAZg; Nombres=David%20Julian; Genero=M; Rol=PS; token=eyJhbGciOiJIUzI1NiIsInR5cCI6IkpXVCJ9.eyJJRF9Vc3VhcmlvIjoiMTUzNzEwMjgiLCJOb21icmVfVXN1YXJpbyI6ImRhdmlkX2Fwb2xpbmFyaW9fMTUzNyIsIlJEUDAyX0lOU1RBTkNFIjoiUkRQMDJfSU5TMyIsIlJEUDAzX0lOU1RBTkNFIjoiUkRQMDNfSU5TNCIsIlJvbCI6IlBTIiwiaWF0IjoxNzUxOTU3ODA4LCJleHAiOjE3NTE5NzU4MDh9.zutfj7BUw_GokfM-NFP7KQGG4Hme2H6ktuOe139GDvM
1 > Content-Type: application/json; charset=UTF-8
1 > Content-Length: 70
1 > Host: siasis-dev.vercel.app
1 > Connection: Keep-Alive
1 > User-Agent: Apache-HttpClient/4.5.14 (Java/17.0.12)
1 > Accept-Encoding: gzip,deflate
{
  "ModoRegistro": "E",
  "FechaHoraEsperadaISO": "2025-07-08T05:56:58.751Z"
}


01:56:58.902 [pool-2-thread-1] DEBUG com.intuit.karate - response time in milliseconds: 420
1 < 201
1 < Cache-Control: public, max-age=0, must-revalidate
1 < Content-Length: 0
1 < Date: Tue, 08 Jul 2025 06:56:49 GMT
1 < Server: Vercel
1 < Set-Cookie: Nombres=David%20Julian; Max-Age=18000; Path=/; HttpOnly; Secure; SameSite=Lax
1 < Set-Cookie: Apellidos=Apolinario%20Quispe; Max-Age=18000; Path=/; HttpOnly; Secure; SameSite=Lax
1 < Set-Cookie: Rol=PS; Max-Age=18000; Path=/; HttpOnly; Secure; SameSite=Lax
1 < Set-Cookie: token=eyJhbGciOiJIUzI1NiIsInR5cCI6IkpXVCJ9.eyJJRF9Vc3VhcmlvIjoiMTUzNzEwMjgiLCJOb21icmVfVXN1YXJpbyI6ImRhdmlkX2Fwb2xpbmFyaW9fMTUzNyIsIlJEUDAyX0lOU1RBTkNFIjoiUkRQMDJfSU5TMSIsIlJEUDAzX0lOU1RBTkNFIjoiUkRQMDNfSU5TMyIsIlJvbCI6IlBTIiwiaWF0IjoxNzUxOTU3ODA4LCJleHAiOjE3NTE5NzU4MDh9.9jLs_7baYQ4KIdVtF0LSc_8RLrN28F16Uf8s4MWvp4g; Max-Age=18000; Path=/; HttpOnly; Secure; SameSite=Lax
1 < Set-Cookie: Genero=M; Max-Age=18000; Path=/; HttpOnly; Secure; SameSite=Lax
1 < Set-Cookie: Google_Drive_Foto_ID=1Kvyn3lWOxzuURkPFBSGCPHmTshBUXAZg; Max-Age=18000; Path=/; HttpOnly; Secure; SameSite=Lax
1 < Strict-Transport-Security: max-age=63072000; includeSubDomains; preload
1 < Vary: RSC, Next-Router-State-Tree, Next-Router-Prefetch, Next-Router-Segment-Prefetch
1 < X-Matched-Path: /api/auth/login
1 < X-Vercel-Cache: MISS
1 < X-Vercel-Id: gru1::iad1::zh6qw-1751957809280-ad0b0dc18236


01:56:58.902 [pool-2-thread-1] DEBUG c.intuit.karate.core.ScenarioEngine - over-writing existing variable 'fechaHoraEsperadaISO' with new value: getAdjustedTime()
01:56:58.905 [pool-2-thread-1] DEBUG com.intuit.karate - request:
1 > POST https://siasis-dev.vercel.app/api/asistencia-hoy/marcar
1 > Cookie: Apellidos=Apolinario%20Quispe; Google_Drive_Foto_ID=1Kvyn3lWOxzuURkPFBSGCPHmTshBUXAZg; Nombres=David%20Julian; Genero=M; Rol=PS; token=eyJhbGciOiJIUzI1NiIsInR5cCI6IkpXVCJ9.eyJJRF9Vc3VhcmlvIjoiMTUzNzEwMjgiLCJOb21icmVfVXN1YXJpbyI6ImRhdmlkX2Fwb2xpbmFyaW9fMTUzNyIsIlJEUDAyX0lOU1RBTkNFIjoiUkRQMDJfSU5TMSIsIlJEUDAzX0lOU1RBTkNFIjoiUkRQMDNfSU5TMyIsIlJvbCI6IlBTIiwiaWF0IjoxNzUxOTU3ODA4LCJleHAiOjE3NTE5NzU4MDh9.9jLs_7baYQ4KIdVtF0LSc_8RLrN28F16Uf8s4MWvp4g
1 > Content-Type: application/json; charset=UTF-8
1 > Content-Length: 70
1 > Host: siasis-dev.vercel.app
1 > Connection: Keep-Alive
1 > User-Agent: Apache-HttpClient/4.5.14 (Java/17.0.12)
1 > Accept-Encoding: gzip,deflate
{
  "ModoRegistro": "E",
  "FechaHoraEsperadaISO": "2025-07-08T05:56:58.904Z"
}


01:56:58.998 [pool-2-thread-3] DEBUG com.intuit.karate - response time in milliseconds: 668
1 < 200
1 < Access-Control-Allow-Origin: *
1 < Cache-Control: public, max-age=0, must-revalidate
1 < Content-Length: 523
1 < Content-Type: application/json; charset=utf-8
1 < Date: Tue, 08 Jul 2025 06:56:49 GMT
1 < Etag: W/"20b-pqWMGwwWvQjVwg46fvBSEmHBh5I"
1 < Server: Vercel
1 < Strict-Transport-Security: max-age=63072000; includeSubDomains; preload
1 < X-Powered-By: Express
1 < X-Vercel-Cache: MISS
1 < X-Vercel-Id: gru1::iad1::bsmv9-1751957809131-9586c6400732
{
  "success": true,
  "message": "Inicio de sesión exitoso",
  "data": {
    "Apellidos": "Apolinario Quispe",
    "Nombres": "David Julian",
    "Rol": "PS",
    "token": "eyJhbGciOiJIUzI1NiIsInR5cCI6IkpXVCJ9.eyJJRF9Vc3VhcmlvIjoiMTUzNzEwMjgiLCJOb21icmVfVXN1YXJpbyI6ImRhdmlkX2Fwb2xpbmFyaW9fMTUzNyIsIlJEUDAyX0lOU1RBTkNFIjoiUkRQMDJfSU5TMiIsIlJEUDAzX0lOU1RBTkNFIjoiUkRQMDNfSU5TMyIsIlJvbCI6IlBTIiwiaWF0IjoxNzUxOTU3ODA5LCJleHAiOjE3NTE5NzU4MDl9.gVcfipDhIfbZF0QnlqO_Ono6DFyKqcvGK7gZMkfoadw",
    "Google_Drive_Foto_ID": "1Kvyn3lWOxzuURkPFBSGCPHmTshBUXAZg",
    "Genero": "M"
  }
}


01:56:58.998 [pool-2-thread-3] INFO  com.intuit.karate - [print] eyJhbGciOiJIUzI1NiIsInR5cCI6IkpXVCJ9.eyJJRF9Vc3VhcmlvIjoiMTUzNzEwMjgiLCJOb21icmVfVXN1YXJpbyI6ImRhdmlkX2Fwb2xpbmFyaW9fMTUzNyIsIlJEUDAyX0lOU1RBTkNFIjoiUkRQMDJfSU5TMiIsIlJEUDAzX0lOU1RBTkNFIjoiUkRQMDNfSU5TMyIsIlJvbCI6IlBTIiwiaWF0IjoxNzUxOTU3ODA5LCJleHAiOjE3NTE5NzU4MDl9.gVcfipDhIfbZF0QnlqO_Ono6DFyKqcvGK7gZMkfoadw 
01:56:59.006 [pool-2-thread-3] INFO  com.intuit.karate - [print] PS 
01:56:59.006 [pool-2-thread-3] DEBUG com.intuit.karate - request:
1 > POST https://siasis-dev.vercel.app/api/auth/login
1 > Cookie: Apellidos=Sanchez%20Gonzales; Google_Drive_Foto_ID=11vFEZVR5o-6mSwWCCy4L6tRuzVilr0i9; Nombres=Daniel%20Enrique; Genero=M; Rol=T; token=eyJhbGciOiJIUzI1NiIsInR5cCI6IkpXVCJ9.eyJJRF9Vc3VhcmlvIjoiMTU0MjA3NDUiLCJOb21icmVfVXN1YXJpbyI6ImRhbmllbF9zYW5jaGV6XzE1NDIiLCJSRFAwMl9JTlNUQU5DRSI6IlJEUDAyX0lOUzIiLCJSRFAwM19JTlNUQU5DRSI6IlJEUDAzX0lOUzMiLCJSb2wiOiJUIiwiaWF0IjoxNzUxOTU3ODA3LCJleHAiOjE3NTE5NzU4MDd9.aOQv0Jr4sYZC_8en5Y0CK_JcfBWCuUBzH0dTK5u1JkE
1 > Content-Type: application/json; charset=UTF-8
1 > Content-Length: 461
1 > Host: siasis-dev.vercel.app
1 > Connection: Keep-Alive
1 > User-Agent: Apache-HttpClient/4.5.14 (Java/17.0.12)
1 > Accept-Encoding: gzip,deflate
{
  "Nombres": "David Julian",
  "Apellidos": "Apolinario Quispe",
  "token": "eyJhbGciOiJIUzI1NiIsInR5cCI6IkpXVCJ9.eyJJRF9Vc3VhcmlvIjoiMTUzNzEwMjgiLCJOb21icmVfVXN1YXJpbyI6ImRhdmlkX2Fwb2xpbmFyaW9fMTUzNyIsIlJEUDAyX0lOU1RBTkNFIjoiUkRQMDJfSU5TMiIsIlJEUDAzX0lOU1RBTkNFIjoiUkRQMDNfSU5TMyIsIlJvbCI6IlBTIiwiaWF0IjoxNzUxOTU3ODA5LCJleHAiOjE3NTE5NzU4MDl9.gVcfipDhIfbZF0QnlqO_Ono6DFyKqcvGK7gZMkfoadw",
  "Genero": "M",
  "Google_Drive_Foto_ID": "1Kvyn3lWOxzuURkPFBSGCPHmTshBUXAZg",
  "Rol": "PS"
}


01:56:59.213 [pool-2-thread-2] DEBUG com.intuit.karate - response time in milliseconds: 637
1 < 200
1 < Cache-Control: public, max-age=0, must-revalidate
1 < Content-Type: application/json
1 < Date: Tue, 08 Jul 2025 06:56:49 GMT
1 < Server: Vercel
1 < Strict-Transport-Security: max-age=63072000; includeSubDomains; preload
1 < Vary: RSC, Next-Router-State-Tree, Next-Router-Prefetch, Next-Router-Segment-Prefetch
1 < X-Matched-Path: /api/asistencia-hoy/marcar
1 < X-Vercel-Cache: MISS
1 < X-Vercel-Id: gru1::iad1::knbp6-1751957809375-ab7e0ef54bb0
1 < Transfer-Encoding: chunked
{
  "success": true,
  "message": "La asistencia ya había sido registrada anteriormente",
  "data": {
    "timestamp": 1751957809532,
    "desfaseSegundos": 3590,
    "esNuevoRegistro": false,
    "esRegistroPropio": false,
    "actorRegistrado": "PS",
    "tipoAsistencia": "personal"
  }
}


01:56:59.218 [pool-2-thread-2] DEBUG c.intuit.karate.core.ScenarioEngine - over-writing existing variable 'loginFeature' with new value: 'classpath:resources/features/login/CasoNoTutor.feature'
01:56:59.224 [pool-2-thread-2] DEBUG c.intuit.karate.core.ScenarioEngine - over-writing existing variable 'loginResponse' with new value: call read(loginFeature)
01:56:59.231 [pool-2-thread-2] DEBUG com.intuit.karate - request:
1 > POST https://api01-siasis-dev.vercel.app/api/login/profesor-tutor-secundaria
1 > Cookie: Apellidos=Sanchez%20Gonzales; Google_Drive_Foto_ID=11vFEZVR5o-6mSwWCCy4L6tRuzVilr0i9; Nombres=Daniel%20Enrique; Genero=M; Rol=T; token=eyJhbGciOiJIUzI1NiIsInR5cCI6IkpXVCJ9.eyJJRF9Vc3VhcmlvIjoiMTU0MjA3NDUiLCJOb21icmVfVXN1YXJpbyI6ImRhbmllbF9zYW5jaGV6XzE1NDIiLCJSRFAwMl9JTlNUQU5DRSI6IlJEUDAyX0lOUzIiLCJSRFAwM19JTlNUQU5DRSI6IlJEUDAzX0lOUzEiLCJSb2wiOiJUIiwiaWF0IjoxNzUxOTU3ODA4LCJleHAiOjE3NTE5NzU4MDh9.JizrciwMZInQaWiABCSevNLjG6LD7YmwKEp8ZPAvsdI
1 > Content-Type: application/json; charset=UTF-8
1 > Content-Length: 67
1 > Host: api01-siasis-dev.vercel.app
1 > Connection: Keep-Alive
1 > User-Agent: Apache-HttpClient/4.5.14 (Java/17.0.12)
1 > Accept-Encoding: gzip,deflate
{
  "Nombre_Usuario": "david_apolinario_1537",
  "Contraseña": "15371028"
}


01:56:59.231 [pool-2-thread-4] DEBUG com.intuit.karate - response time in milliseconds: 571
1 < 200
1 < Cache-Control: public, max-age=0, must-revalidate
1 < Content-Type: application/json
1 < Date: Tue, 08 Jul 2025 06:56:49 GMT
1 < Server: Vercel
1 < Strict-Transport-Security: max-age=63072000; includeSubDomains; preload
1 < Vary: RSC, Next-Router-State-Tree, Next-Router-Prefetch, Next-Router-Segment-Prefetch
1 < X-Matched-Path: /api/asistencia-hoy/marcar
1 < X-Vercel-Cache: MISS
1 < X-Vercel-Id: gru1::iad1::9zltt-1751957809457-cb24b2132305
1 < Transfer-Encoding: chunked
{
  "success": true,
  "message": "La asistencia ya había sido registrada anteriormente",
  "data": {
    "timestamp": 1751957809564,
    "desfaseSegundos": 3590,
    "esNuevoRegistro": false,
    "esRegistroPropio": false,
    "actorRegistrado": "PS",
    "tipoAsistencia": "personal"
  }
}


01:56:59.238 [pool-2-thread-4] DEBUG c.intuit.karate.core.ScenarioEngine - over-writing existing variable 'loginFeature' with new value: 'classpath:resources/features/login/CasoNoTutor.feature'
01:56:59.242 [pool-2-thread-4] DEBUG c.intuit.karate.core.ScenarioEngine - over-writing existing variable 'loginResponse' with new value: call read(loginFeature)
01:56:59.249 [pool-2-thread-4] DEBUG com.intuit.karate - request:
1 > POST https://api01-siasis-dev.vercel.app/api/login/profesor-tutor-secundaria
1 > Cookie: Apellidos=Sanchez%20Gonzales; Google_Drive_Foto_ID=14aAaksU7TNE6kOiFsRt4m5y2LSvnat1b; Nombres=Daniel%20Enrique; Genero=M; Rol=T; token=eyJhbGciOiJIUzI1NiIsInR5cCI6IkpXVCJ9.eyJJRF9Vc3VhcmlvIjoiMTU0MjA3NDUiLCJOb21icmVfVXN1YXJpbyI6ImRhbmllbF9zYW5jaGV6XzE1NDIiLCJSRFAwMl9JTlNUQU5DRSI6IlJEUDAyX0lOUzMiLCJSRFAwM19JTlNUQU5DRSI6IlJEUDAzX0lOUzQiLCJSb2wiOiJUIiwiaWF0IjoxNzUxOTU3ODA4LCJleHAiOjE3NTE5NzU4MDh9.V-TDXAIEo6F2uMmGvCupxC4mPU-czvSPVRrrqg7LZ2A
1 > Content-Type: application/json; charset=UTF-8
1 > Content-Length: 67
1 > Host: api01-siasis-dev.vercel.app
1 > Connection: Keep-Alive
1 > User-Agent: Apache-HttpClient/4.5.14 (Java/17.0.12)
1 > Accept-Encoding: gzip,deflate
{
  "Nombre_Usuario": "david_apolinario_1537",
  "Contraseña": "15371028"
}


01:56:59.348 [pool-2-thread-5] DEBUG com.intuit.karate - response time in milliseconds: 591
1 < 200
1 < Cache-Control: public, max-age=0, must-revalidate
1 < Content-Type: application/json
1 < Date: Tue, 08 Jul 2025 06:56:49 GMT
1 < Server: Vercel
1 < Strict-Transport-Security: max-age=63072000; includeSubDomains; preload
1 < Vary: RSC, Next-Router-State-Tree, Next-Router-Prefetch, Next-Router-Segment-Prefetch
1 < X-Matched-Path: /api/asistencia-hoy/marcar
1 < X-Vercel-Cache: MISS
1 < X-Vercel-Id: gru1::iad1::9l8f7-1751957809549-43013436ab4c
1 < Transfer-Encoding: chunked
{
  "success": true,
  "message": "La asistencia ya había sido registrada anteriormente",
  "data": {
    "timestamp": 1751957809655,
    "desfaseSegundos": 3590,
    "esNuevoRegistro": false,
    "esRegistroPropio": false,
    "actorRegistrado": "PS",
    "tipoAsistencia": "personal"
  }
}


01:56:59.348 [pool-2-thread-5] DEBUG c.intuit.karate.core.ScenarioEngine - over-writing existing variable 'loginFeature' with new value: 'classpath:resources/features/login/ProfesorPrimaria.feature'
01:56:59.348 [pool-2-thread-5] DEBUG c.intuit.karate.core.ScenarioEngine - over-writing existing variable 'loginResponse' with new value: call read(loginFeature)
01:56:59.362 [pool-2-thread-5] DEBUG com.intuit.karate - request:
1 > POST https://api01-siasis-dev.vercel.app/api/login/profesor-primaria
1 > Cookie: Apellidos=Apolinario%20Quispe; Google_Drive_Foto_ID=1Kvyn3lWOxzuURkPFBSGCPHmTshBUXAZg; Nombres=David%20Julian; Genero=M; Rol=PS; token=eyJhbGciOiJIUzI1NiIsInR5cCI6IkpXVCJ9.eyJJRF9Vc3VhcmlvIjoiMTUzNzEwMjgiLCJOb21icmVfVXN1YXJpbyI6ImRhdmlkX2Fwb2xpbmFyaW9fMTUzNyIsIlJEUDAyX0lOU1RBTkNFIjoiUkRQMDJfSU5TMyIsIlJEUDAzX0lOU1RBTkNFIjoiUkRQMDNfSU5TNCIsIlJvbCI6IlBTIiwiaWF0IjoxNzUxOTU3ODA4LCJleHAiOjE3NTE5NzU4MDh9.zutfj7BUw_GokfM-NFP7KQGG4Hme2H6ktuOe139GDvM
1 > Content-Type: application/json; charset=UTF-8
1 > Content-Length: 64
1 > Host: api01-siasis-dev.vercel.app
1 > Connection: Keep-Alive
1 > User-Agent: Apache-HttpClient/4.5.14 (Java/17.0.12)
1 > Accept-Encoding: gzip,deflate
{
  "Nombre_Usuario": "marisol_godoy_1537",
  "Contraseña": "15378317"
}


01:56:59.408 [pool-2-thread-3] DEBUG com.intuit.karate - response time in milliseconds: 402
1 < 201
1 < Cache-Control: public, max-age=0, must-revalidate
1 < Content-Length: 0
1 < Date: Tue, 08 Jul 2025 06:56:49 GMT
1 < Server: Vercel
1 < Set-Cookie: Nombres=David%20Julian; Max-Age=18000; Path=/; HttpOnly; Secure; SameSite=Lax
1 < Set-Cookie: Apellidos=Apolinario%20Quispe; Max-Age=18000; Path=/; HttpOnly; Secure; SameSite=Lax
1 < Set-Cookie: Rol=PS; Max-Age=18000; Path=/; HttpOnly; Secure; SameSite=Lax
1 < Set-Cookie: token=eyJhbGciOiJIUzI1NiIsInR5cCI6IkpXVCJ9.eyJJRF9Vc3VhcmlvIjoiMTUzNzEwMjgiLCJOb21icmVfVXN1YXJpbyI6ImRhdmlkX2Fwb2xpbmFyaW9fMTUzNyIsIlJEUDAyX0lOU1RBTkNFIjoiUkRQMDJfSU5TMiIsIlJEUDAzX0lOU1RBTkNFIjoiUkRQMDNfSU5TMyIsIlJvbCI6IlBTIiwiaWF0IjoxNzUxOTU3ODA5LCJleHAiOjE3NTE5NzU4MDl9.gVcfipDhIfbZF0QnlqO_Ono6DFyKqcvGK7gZMkfoadw; Max-Age=18000; Path=/; HttpOnly; Secure; SameSite=Lax
1 < Set-Cookie: Genero=M; Max-Age=18000; Path=/; HttpOnly; Secure; SameSite=Lax
1 < Set-Cookie: Google_Drive_Foto_ID=1Kvyn3lWOxzuURkPFBSGCPHmTshBUXAZg; Max-Age=18000; Path=/; HttpOnly; Secure; SameSite=Lax
1 < Strict-Transport-Security: max-age=63072000; includeSubDomains; preload
1 < Vary: RSC, Next-Router-State-Tree, Next-Router-Prefetch, Next-Router-Segment-Prefetch
1 < X-Matched-Path: /api/auth/login
1 < X-Vercel-Cache: MISS
1 < X-Vercel-Id: gru1::iad1::bdvft-1751957809805-e4f83718d71e


01:56:59.415 [pool-2-thread-3] DEBUG c.intuit.karate.core.ScenarioEngine - over-writing existing variable 'fechaHoraEsperadaISO' with new value: getAdjustedTime()
01:56:59.418 [pool-2-thread-3] DEBUG com.intuit.karate - request:
1 > POST https://siasis-dev.vercel.app/api/asistencia-hoy/marcar
1 > Cookie: Apellidos=Apolinario%20Quispe; Google_Drive_Foto_ID=1Kvyn3lWOxzuURkPFBSGCPHmTshBUXAZg; Nombres=David%20Julian; Genero=M; Rol=PS; token=eyJhbGciOiJIUzI1NiIsInR5cCI6IkpXVCJ9.eyJJRF9Vc3VhcmlvIjoiMTUzNzEwMjgiLCJOb21icmVfVXN1YXJpbyI6ImRhdmlkX2Fwb2xpbmFyaW9fMTUzNyIsIlJEUDAyX0lOU1RBTkNFIjoiUkRQMDJfSU5TMiIsIlJEUDAzX0lOU1RBTkNFIjoiUkRQMDNfSU5TMyIsIlJvbCI6IlBTIiwiaWF0IjoxNzUxOTU3ODA5LCJleHAiOjE3NTE5NzU4MDl9.gVcfipDhIfbZF0QnlqO_Ono6DFyKqcvGK7gZMkfoadw
1 > Content-Type: application/json; charset=UTF-8
1 > Content-Length: 70
1 > Host: siasis-dev.vercel.app
1 > Connection: Keep-Alive
1 > User-Agent: Apache-HttpClient/4.5.14 (Java/17.0.12)
1 > Accept-Encoding: gzip,deflate
{
  "ModoRegistro": "E",
  "FechaHoraEsperadaISO": "2025-07-08T05:56:59.416Z"
}


01:56:59.468 [pool-2-thread-1] DEBUG com.intuit.karate - response time in milliseconds: 563
1 < 200
1 < Cache-Control: public, max-age=0, must-revalidate
1 < Content-Type: application/json
1 < Date: Tue, 08 Jul 2025 06:56:49 GMT
1 < Server: Vercel
1 < Strict-Transport-Security: max-age=63072000; includeSubDomains; preload
1 < Vary: RSC, Next-Router-State-Tree, Next-Router-Prefetch, Next-Router-Segment-Prefetch
1 < X-Matched-Path: /api/asistencia-hoy/marcar
1 < X-Vercel-Cache: MISS
1 < X-Vercel-Id: gru1::iad1::zh6qw-1751957809701-9630231a5499
1 < Transfer-Encoding: chunked
{
  "success": true,
  "message": "La asistencia ya había sido registrada anteriormente",
  "data": {
    "timestamp": 1751957809803,
    "desfaseSegundos": 3590,
    "esNuevoRegistro": false,
    "esRegistroPropio": false,
    "actorRegistrado": "PS",
    "tipoAsistencia": "personal"
  }
}


01:56:59.475 [pool-2-thread-1] DEBUG c.intuit.karate.core.ScenarioEngine - over-writing existing variable 'loginFeature' with new value: 'classpath:resources/features/login/ProfesorPrimaria.feature'
01:56:59.480 [pool-2-thread-1] DEBUG c.intuit.karate.core.ScenarioEngine - over-writing existing variable 'loginResponse' with new value: call read(loginFeature)
01:56:59.488 [pool-2-thread-1] DEBUG com.intuit.karate - request:
1 > POST https://api01-siasis-dev.vercel.app/api/login/profesor-primaria
1 > Cookie: Apellidos=Apolinario%20Quispe; Google_Drive_Foto_ID=1Kvyn3lWOxzuURkPFBSGCPHmTshBUXAZg; Nombres=David%20Julian; Genero=M; Rol=PS; token=eyJhbGciOiJIUzI1NiIsInR5cCI6IkpXVCJ9.eyJJRF9Vc3VhcmlvIjoiMTUzNzEwMjgiLCJOb21icmVfVXN1YXJpbyI6ImRhdmlkX2Fwb2xpbmFyaW9fMTUzNyIsIlJEUDAyX0lOU1RBTkNFIjoiUkRQMDJfSU5TMSIsIlJEUDAzX0lOU1RBTkNFIjoiUkRQMDNfSU5TMyIsIlJvbCI6IlBTIiwiaWF0IjoxNzUxOTU3ODA4LCJleHAiOjE3NTE5NzU4MDh9.9jLs_7baYQ4KIdVtF0LSc_8RLrN28F16Uf8s4MWvp4g
1 > Content-Type: application/json; charset=UTF-8
1 > Content-Length: 64
1 > Host: api01-siasis-dev.vercel.app
1 > Connection: Keep-Alive
1 > User-Agent: Apache-HttpClient/4.5.14 (Java/17.0.12)
1 > Accept-Encoding: gzip,deflate
{
  "Nombre_Usuario": "marisol_godoy_1537",
  "Contraseña": "15378317"
}


01:56:59.883 [pool-2-thread-5] DEBUG com.intuit.karate - response time in milliseconds: 519
1 < 200
1 < Access-Control-Allow-Origin: *
1 < Cache-Control: public, max-age=0, must-revalidate
1 < Content-Length: 522
1 < Content-Type: application/json; charset=utf-8
1 < Date: Tue, 08 Jul 2025 06:56:50 GMT
1 < Etag: W/"20a-iJayTDcBMdrE3HfaWZWNXoGOmJA"
1 < Server: Vercel
1 < Strict-Transport-Security: max-age=63072000; includeSubDomains; preload
1 < X-Powered-By: Express
1 < X-Vercel-Cache: MISS
1 < X-Vercel-Id: gru1::iad1::9l8f7-1751957810162-2096a0358967
{
  "success": true,
  "message": "Inicio de sesión exitoso",
  "data": {
    "Apellidos": "Godoy Villarubia",
    "Nombres": "Marisol Ceferina",
    "Rol": "PP",
    "token": "eyJhbGciOiJIUzI1NiIsInR5cCI6IkpXVCJ9.eyJJRF9Vc3VhcmlvIjoiMTUzNzgzMTciLCJOb21icmVfVXN1YXJpbyI6Im1hcmlzb2xfZ29kb3lfMTUzNyIsIlJEUDAyX0lOU1RBTkNFIjoiUkRQMDJfSU5TMSIsIlJEUDAzX0lOU1RBTkNFIjoiUkRQMDNfSU5TMiIsIlJvbCI6IlBQIiwiaWF0IjoxNzUxOTU3ODEwLCJleHAiOjE3NTE5NzU4MTB9.N4Y3NxtcbYoNF5La9LRhN00mCY0wqi2fFXOxK7Y9la8",
    "Google_Drive_Foto_ID": "1p8FC3py693IjnMTa4uINq5lVSb9P3LBc",
    "Genero": "F"
  }
}


01:56:59.887 [pool-2-thread-5] INFO  com.intuit.karate - [print] eyJhbGciOiJIUzI1NiIsInR5cCI6IkpXVCJ9.eyJJRF9Vc3VhcmlvIjoiMTUzNzgzMTciLCJOb21icmVfVXN1YXJpbyI6Im1hcmlzb2xfZ29kb3lfMTUzNyIsIlJEUDAyX0lOU1RBTkNFIjoiUkRQMDJfSU5TMSIsIlJEUDAzX0lOU1RBTkNFIjoiUkRQMDNfSU5TMiIsIlJvbCI6IlBQIiwiaWF0IjoxNzUxOTU3ODEwLCJleHAiOjE3NTE5NzU4MTB9.N4Y3NxtcbYoNF5La9LRhN00mCY0wqi2fFXOxK7Y9la8 
01:56:59.888 [pool-2-thread-5] INFO  com.intuit.karate - [print] PP 
01:56:59.891 [pool-2-thread-5] DEBUG com.intuit.karate - request:
1 > POST https://siasis-dev.vercel.app/api/auth/login
1 > Cookie: Apellidos=Apolinario%20Quispe; Google_Drive_Foto_ID=1Kvyn3lWOxzuURkPFBSGCPHmTshBUXAZg; Nombres=David%20Julian; Genero=M; Rol=PS; token=eyJhbGciOiJIUzI1NiIsInR5cCI6IkpXVCJ9.eyJJRF9Vc3VhcmlvIjoiMTUzNzEwMjgiLCJOb21icmVfVXN1YXJpbyI6ImRhdmlkX2Fwb2xpbmFyaW9fMTUzNyIsIlJEUDAyX0lOU1RBTkNFIjoiUkRQMDJfSU5TMyIsIlJEUDAzX0lOU1RBTkNFIjoiUkRQMDNfSU5TNCIsIlJvbCI6IlBTIiwiaWF0IjoxNzUxOTU3ODA4LCJleHAiOjE3NTE5NzU4MDh9.zutfj7BUw_GokfM-NFP7KQGG4Hme2H6ktuOe139GDvM
1 > Content-Type: application/json; charset=UTF-8
1 > Content-Length: 460
1 > Host: siasis-dev.vercel.app
1 > Connection: Keep-Alive
1 > User-Agent: Apache-HttpClient/4.5.14 (Java/17.0.12)
1 > Accept-Encoding: gzip,deflate
{
  "Nombres": "Marisol Ceferina",
  "Apellidos": "Godoy Villarubia",
  "token": "eyJhbGciOiJIUzI1NiIsInR5cCI6IkpXVCJ9.eyJJRF9Vc3VhcmlvIjoiMTUzNzgzMTciLCJOb21icmVfVXN1YXJpbyI6Im1hcmlzb2xfZ29kb3lfMTUzNyIsIlJEUDAyX0lOU1RBTkNFIjoiUkRQMDJfSU5TMSIsIlJEUDAzX0lOU1RBTkNFIjoiUkRQMDNfSU5TMiIsIlJvbCI6IlBQIiwiaWF0IjoxNzUxOTU3ODEwLCJleHAiOjE3NTE5NzU4MTB9.N4Y3NxtcbYoNF5La9LRhN00mCY0wqi2fFXOxK7Y9la8",
  "Genero": "F",
  "Google_Drive_Foto_ID": "1p8FC3py693IjnMTa4uINq5lVSb9P3LBc",
  "Rol": "PP"
}


01:56:59.893 [pool-2-thread-2] DEBUG com.intuit.karate - response time in milliseconds: 662
1 < 200
1 < Access-Control-Allow-Origin: *
1 < Cache-Control: public, max-age=0, must-revalidate
1 < Content-Length: 523
1 < Content-Type: application/json; charset=utf-8
1 < Date: Tue, 08 Jul 2025 06:56:50 GMT
1 < Etag: W/"20b-8akoo19jxfJSbEKyMIDsTUMTQ1Q"
1 < Server: Vercel
1 < Strict-Transport-Security: max-age=63072000; includeSubDomains; preload
1 < X-Powered-By: Express
1 < X-Vercel-Cache: MISS
1 < X-Vercel-Id: gru1::iad1::lpfpj-1751957810029-6f12a4cd9eed
{
  "success": true,
  "message": "Inicio de sesión exitoso",
  "data": {
    "Apellidos": "Apolinario Quispe",
    "Nombres": "David Julian",
    "Rol": "PS",
    "token": "eyJhbGciOiJIUzI1NiIsInR5cCI6IkpXVCJ9.eyJJRF9Vc3VhcmlvIjoiMTUzNzEwMjgiLCJOb21icmVfVXN1YXJpbyI6ImRhdmlkX2Fwb2xpbmFyaW9fMTUzNyIsIlJEUDAyX0lOU1RBTkNFIjoiUkRQMDJfSU5TMyIsIlJEUDAzX0lOU1RBTkNFIjoiUkRQMDNfSU5TNCIsIlJvbCI6IlBTIiwiaWF0IjoxNzUxOTU3ODEwLCJleHAiOjE3NTE5NzU4MTB9.BVZoGGS06dtrgejezFWlRi8VUhJSDphQKblOYCBOdKI",
    "Google_Drive_Foto_ID": "1zGZuWnkBA59hSHlTgGVXrduC8eBgrKi1",
    "Genero": "M"
  }
}


01:56:59.896 [pool-2-thread-2] INFO  com.intuit.karate - [print] eyJhbGciOiJIUzI1NiIsInR5cCI6IkpXVCJ9.eyJJRF9Vc3VhcmlvIjoiMTUzNzEwMjgiLCJOb21icmVfVXN1YXJpbyI6ImRhdmlkX2Fwb2xpbmFyaW9fMTUzNyIsIlJEUDAyX0lOU1RBTkNFIjoiUkRQMDJfSU5TMyIsIlJEUDAzX0lOU1RBTkNFIjoiUkRQMDNfSU5TNCIsIlJvbCI6IlBTIiwiaWF0IjoxNzUxOTU3ODEwLCJleHAiOjE3NTE5NzU4MTB9.BVZoGGS06dtrgejezFWlRi8VUhJSDphQKblOYCBOdKI 
01:56:59.896 [pool-2-thread-2] INFO  com.intuit.karate - [print] PS 
01:56:59.898 [pool-2-thread-2] DEBUG com.intuit.karate - request:
1 > POST https://siasis-dev.vercel.app/api/auth/login
1 > Cookie: Apellidos=Sanchez%20Gonzales; Google_Drive_Foto_ID=11vFEZVR5o-6mSwWCCy4L6tRuzVilr0i9; Nombres=Daniel%20Enrique; Genero=M; Rol=T; token=eyJhbGciOiJIUzI1NiIsInR5cCI6IkpXVCJ9.eyJJRF9Vc3VhcmlvIjoiMTU0MjA3NDUiLCJOb21icmVfVXN1YXJpbyI6ImRhbmllbF9zYW5jaGV6XzE1NDIiLCJSRFAwMl9JTlNUQU5DRSI6IlJEUDAyX0lOUzIiLCJSRFAwM19JTlNUQU5DRSI6IlJEUDAzX0lOUzEiLCJSb2wiOiJUIiwiaWF0IjoxNzUxOTU3ODA4LCJleHAiOjE3NTE5NzU4MDh9.JizrciwMZInQaWiABCSevNLjG6LD7YmwKEp8ZPAvsdI
1 > Content-Type: application/json; charset=UTF-8
1 > Content-Length: 461
1 > Host: siasis-dev.vercel.app
1 > Connection: Keep-Alive
1 > User-Agent: Apache-HttpClient/4.5.14 (Java/17.0.12)
1 > Accept-Encoding: gzip,deflate
{
  "Nombres": "David Julian",
  "Apellidos": "Apolinario Quispe",
  "token": "eyJhbGciOiJIUzI1NiIsInR5cCI6IkpXVCJ9.eyJJRF9Vc3VhcmlvIjoiMTUzNzEwMjgiLCJOb21icmVfVXN1YXJpbyI6ImRhdmlkX2Fwb2xpbmFyaW9fMTUzNyIsIlJEUDAyX0lOU1RBTkNFIjoiUkRQMDJfSU5TMyIsIlJEUDAzX0lOU1RBTkNFIjoiUkRQMDNfSU5TNCIsIlJvbCI6IlBTIiwiaWF0IjoxNzUxOTU3ODEwLCJleHAiOjE3NTE5NzU4MTB9.BVZoGGS06dtrgejezFWlRi8VUhJSDphQKblOYCBOdKI",
  "Genero": "M",
  "Google_Drive_Foto_ID": "1zGZuWnkBA59hSHlTgGVXrduC8eBgrKi1",
  "Rol": "PS"
}


01:56:59.918 [pool-2-thread-4] DEBUG com.intuit.karate - response time in milliseconds: 668
1 < 200
1 < Access-Control-Allow-Origin: *
1 < Cache-Control: public, max-age=0, must-revalidate
1 < Content-Length: 523
1 < Content-Type: application/json; charset=utf-8
1 < Date: Tue, 08 Jul 2025 06:56:50 GMT
1 < Etag: W/"20b-itkqitJ8RY7ZMJTo3cwddiSI1a0"
1 < Server: Vercel
1 < Strict-Transport-Security: max-age=63072000; includeSubDomains; preload
1 < X-Powered-By: Express
1 < X-Vercel-Cache: MISS
1 < X-Vercel-Id: gru1::iad1::lrpdm-1751957810049-80938007dfde
{
  "success": true,
  "message": "Inicio de sesión exitoso",
  "data": {
    "Apellidos": "Apolinario Quispe",
    "Nombres": "David Julian",
    "Rol": "PS",
    "token": "eyJhbGciOiJIUzI1NiIsInR5cCI6IkpXVCJ9.eyJJRF9Vc3VhcmlvIjoiMTUzNzEwMjgiLCJOb21icmVfVXN1YXJpbyI6ImRhdmlkX2Fwb2xpbmFyaW9fMTUzNyIsIlJEUDAyX0lOU1RBTkNFIjoiUkRQMDJfSU5TMiIsIlJEUDAzX0lOU1RBTkNFIjoiUkRQMDNfSU5TMSIsIlJvbCI6IlBTIiwiaWF0IjoxNzUxOTU3ODEwLCJleHAiOjE3NTE5NzU4MTB9.mur5Ohq6W11THC8iQlcUlL7H2wNUqij-LCOudvC3Qik",
    "Google_Drive_Foto_ID": "1Kvyn3lWOxzuURkPFBSGCPHmTshBUXAZg",
    "Genero": "M"
  }
}


01:56:59.918 [pool-2-thread-4] INFO  com.intuit.karate - [print] eyJhbGciOiJIUzI1NiIsInR5cCI6IkpXVCJ9.eyJJRF9Vc3VhcmlvIjoiMTUzNzEwMjgiLCJOb21icmVfVXN1YXJpbyI6ImRhdmlkX2Fwb2xpbmFyaW9fMTUzNyIsIlJEUDAyX0lOU1RBTkNFIjoiUkRQMDJfSU5TMiIsIlJEUDAzX0lOU1RBTkNFIjoiUkRQMDNfSU5TMSIsIlJvbCI6IlBTIiwiaWF0IjoxNzUxOTU3ODEwLCJleHAiOjE3NTE5NzU4MTB9.mur5Ohq6W11THC8iQlcUlL7H2wNUqij-LCOudvC3Qik 
01:56:59.921 [pool-2-thread-4] INFO  com.intuit.karate - [print] PS 
01:56:59.921 [pool-2-thread-4] DEBUG com.intuit.karate - request:
1 > POST https://siasis-dev.vercel.app/api/auth/login
1 > Cookie: Apellidos=Sanchez%20Gonzales; Google_Drive_Foto_ID=14aAaksU7TNE6kOiFsRt4m5y2LSvnat1b; Nombres=Daniel%20Enrique; Genero=M; Rol=T; token=eyJhbGciOiJIUzI1NiIsInR5cCI6IkpXVCJ9.eyJJRF9Vc3VhcmlvIjoiMTU0MjA3NDUiLCJOb21icmVfVXN1YXJpbyI6ImRhbmllbF9zYW5jaGV6XzE1NDIiLCJSRFAwMl9JTlNUQU5DRSI6IlJEUDAyX0lOUzMiLCJSRFAwM19JTlNUQU5DRSI6IlJEUDAzX0lOUzQiLCJSb2wiOiJUIiwiaWF0IjoxNzUxOTU3ODA4LCJleHAiOjE3NTE5NzU4MDh9.V-TDXAIEo6F2uMmGvCupxC4mPU-czvSPVRrrqg7LZ2A
1 > Content-Type: application/json; charset=UTF-8
1 > Content-Length: 461
1 > Host: siasis-dev.vercel.app
1 > Connection: Keep-Alive
1 > User-Agent: Apache-HttpClient/4.5.14 (Java/17.0.12)
1 > Accept-Encoding: gzip,deflate
{
  "Nombres": "David Julian",
  "Apellidos": "Apolinario Quispe",
  "token": "eyJhbGciOiJIUzI1NiIsInR5cCI6IkpXVCJ9.eyJJRF9Vc3VhcmlvIjoiMTUzNzEwMjgiLCJOb21icmVfVXN1YXJpbyI6ImRhdmlkX2Fwb2xpbmFyaW9fMTUzNyIsIlJEUDAyX0lOU1RBTkNFIjoiUkRQMDJfSU5TMiIsIlJEUDAzX0lOU1RBTkNFIjoiUkRQMDNfSU5TMSIsIlJvbCI6IlBTIiwiaWF0IjoxNzUxOTU3ODEwLCJleHAiOjE3NTE5NzU4MTB9.mur5Ohq6W11THC8iQlcUlL7H2wNUqij-LCOudvC3Qik",
  "Genero": "M",
  "Google_Drive_Foto_ID": "1Kvyn3lWOxzuURkPFBSGCPHmTshBUXAZg",
  "Rol": "PS"
}


01:57:00.016 [pool-2-thread-1] DEBUG com.intuit.karate - response time in milliseconds: 527
1 < 200
1 < Access-Control-Allow-Origin: *
1 < Cache-Control: public, max-age=0, must-revalidate
1 < Content-Length: 522
1 < Content-Type: application/json; charset=utf-8
1 < Date: Tue, 08 Jul 2025 06:56:50 GMT
1 < Etag: W/"20a-YHcP8uxUgFJRpo8S32adcOk4tLw"
1 < Server: Vercel
1 < Strict-Transport-Security: max-age=63072000; includeSubDomains; preload
1 < X-Powered-By: Express
1 < X-Vercel-Cache: MISS
1 < X-Vercel-Id: gru1::iad1::cq8gr-1751957810283-b391fa0731ec
{
  "success": true,
  "message": "Inicio de sesión exitoso",
  "data": {
    "Apellidos": "Godoy Villarubia",
    "Nombres": "Marisol Ceferina",
    "Rol": "PP",
    "token": "eyJhbGciOiJIUzI1NiIsInR5cCI6IkpXVCJ9.eyJJRF9Vc3VhcmlvIjoiMTUzNzgzMTciLCJOb21icmVfVXN1YXJpbyI6Im1hcmlzb2xfZ29kb3lfMTUzNyIsIlJEUDAyX0lOU1RBTkNFIjoiUkRQMDJfSU5TMiIsIlJEUDAzX0lOU1RBTkNFIjoiUkRQMDNfSU5TNSIsIlJvbCI6IlBQIiwiaWF0IjoxNzUxOTU3ODEwLCJleHAiOjE3NTE5NzU4MTB9.CWofZDfYDZTiG0sb90MZIUG40Y-XE7PqTXkmPvw0_7Y",
    "Google_Drive_Foto_ID": "1p8FC3py693IjnMTa4uINq5lVSb9P3LBc",
    "Genero": "F"
  }
}


01:57:00.020 [pool-2-thread-1] INFO  com.intuit.karate - [print] eyJhbGciOiJIUzI1NiIsInR5cCI6IkpXVCJ9.eyJJRF9Vc3VhcmlvIjoiMTUzNzgzMTciLCJOb21icmVfVXN1YXJpbyI6Im1hcmlzb2xfZ29kb3lfMTUzNyIsIlJEUDAyX0lOU1RBTkNFIjoiUkRQMDJfSU5TMiIsIlJEUDAzX0lOU1RBTkNFIjoiUkRQMDNfSU5TNSIsIlJvbCI6IlBQIiwiaWF0IjoxNzUxOTU3ODEwLCJleHAiOjE3NTE5NzU4MTB9.CWofZDfYDZTiG0sb90MZIUG40Y-XE7PqTXkmPvw0_7Y 
01:57:00.020 [pool-2-thread-1] INFO  com.intuit.karate - [print] PP 
01:57:00.025 [pool-2-thread-1] DEBUG com.intuit.karate - request:
1 > POST https://siasis-dev.vercel.app/api/auth/login
1 > Cookie: Apellidos=Apolinario%20Quispe; Google_Drive_Foto_ID=1Kvyn3lWOxzuURkPFBSGCPHmTshBUXAZg; Nombres=David%20Julian; Genero=M; Rol=PS; token=eyJhbGciOiJIUzI1NiIsInR5cCI6IkpXVCJ9.eyJJRF9Vc3VhcmlvIjoiMTUzNzEwMjgiLCJOb21icmVfVXN1YXJpbyI6ImRhdmlkX2Fwb2xpbmFyaW9fMTUzNyIsIlJEUDAyX0lOU1RBTkNFIjoiUkRQMDJfSU5TMSIsIlJEUDAzX0lOU1RBTkNFIjoiUkRQMDNfSU5TMyIsIlJvbCI6IlBTIiwiaWF0IjoxNzUxOTU3ODA4LCJleHAiOjE3NTE5NzU4MDh9.9jLs_7baYQ4KIdVtF0LSc_8RLrN28F16Uf8s4MWvp4g
1 > Content-Type: application/json; charset=UTF-8
1 > Content-Length: 460
1 > Host: siasis-dev.vercel.app
1 > Connection: Keep-Alive
1 > User-Agent: Apache-HttpClient/4.5.14 (Java/17.0.12)
1 > Accept-Encoding: gzip,deflate
{
  "Nombres": "Marisol Ceferina",
  "Apellidos": "Godoy Villarubia",
  "token": "eyJhbGciOiJIUzI1NiIsInR5cCI6IkpXVCJ9.eyJJRF9Vc3VhcmlvIjoiMTUzNzgzMTciLCJOb21icmVfVXN1YXJpbyI6Im1hcmlzb2xfZ29kb3lfMTUzNyIsIlJEUDAyX0lOU1RBTkNFIjoiUkRQMDJfSU5TMiIsIlJEUDAzX0lOU1RBTkNFIjoiUkRQMDNfSU5TNSIsIlJvbCI6IlBQIiwiaWF0IjoxNzUxOTU3ODEwLCJleHAiOjE3NTE5NzU4MTB9.CWofZDfYDZTiG0sb90MZIUG40Y-XE7PqTXkmPvw0_7Y",
  "Genero": "F",
  "Google_Drive_Foto_ID": "1p8FC3py693IjnMTa4uINq5lVSb9P3LBc",
  "Rol": "PP"
}


01:57:00.049 [pool-2-thread-3] DEBUG com.intuit.karate - response time in milliseconds: 631
1 < 200
1 < Cache-Control: public, max-age=0, must-revalidate
1 < Content-Type: application/json
1 < Date: Tue, 08 Jul 2025 06:56:50 GMT
1 < Server: Vercel
1 < Strict-Transport-Security: max-age=63072000; includeSubDomains; preload
1 < Vary: RSC, Next-Router-State-Tree, Next-Router-Prefetch, Next-Router-Segment-Prefetch
1 < X-Matched-Path: /api/asistencia-hoy/marcar
1 < X-Vercel-Cache: MISS
1 < X-Vercel-Id: gru1::iad1::4mjfc-1751957810211-d31156f5ca85
1 < Transfer-Encoding: chunked
{
  "success": true,
  "message": "La asistencia ya había sido registrada anteriormente",
  "data": {
    "timestamp": 1751957810362,
    "desfaseSegundos": 3590,
    "esNuevoRegistro": false,
    "esRegistroPropio": false,
    "actorRegistrado": "PS",
    "tipoAsistencia": "personal"
  }
}


01:57:00.058 [pool-2-thread-3] DEBUG c.intuit.karate.core.ScenarioEngine - over-writing existing variable 'loginFeature' with new value: 'classpath:resources/features/login/ProfesorPrimaria.feature'
01:57:00.061 [pool-2-thread-3] DEBUG c.intuit.karate.core.ScenarioEngine - over-writing existing variable 'loginResponse' with new value: call read(loginFeature)
01:57:00.068 [pool-2-thread-3] DEBUG com.intuit.karate - request:
1 > POST https://api01-siasis-dev.vercel.app/api/login/profesor-primaria
1 > Cookie: Apellidos=Apolinario%20Quispe; Google_Drive_Foto_ID=1Kvyn3lWOxzuURkPFBSGCPHmTshBUXAZg; Nombres=David%20Julian; Genero=M; Rol=PS; token=eyJhbGciOiJIUzI1NiIsInR5cCI6IkpXVCJ9.eyJJRF9Vc3VhcmlvIjoiMTUzNzEwMjgiLCJOb21icmVfVXN1YXJpbyI6ImRhdmlkX2Fwb2xpbmFyaW9fMTUzNyIsIlJEUDAyX0lOU1RBTkNFIjoiUkRQMDJfSU5TMiIsIlJEUDAzX0lOU1RBTkNFIjoiUkRQMDNfSU5TMyIsIlJvbCI6IlBTIiwiaWF0IjoxNzUxOTU3ODA5LCJleHAiOjE3NTE5NzU4MDl9.gVcfipDhIfbZF0QnlqO_Ono6DFyKqcvGK7gZMkfoadw
1 > Content-Type: application/json; charset=UTF-8
1 > Content-Length: 64
1 > Host: api01-siasis-dev.vercel.app
1 > Connection: Keep-Alive
1 > User-Agent: Apache-HttpClient/4.5.14 (Java/17.0.12)
1 > Accept-Encoding: gzip,deflate
{
  "Nombre_Usuario": "marisol_godoy_1537",
  "Contraseña": "15378317"
}


01:57:00.308 [pool-2-thread-5] DEBUG com.intuit.karate - response time in milliseconds: 417
1 < 201
1 < Cache-Control: public, max-age=0, must-revalidate
1 < Content-Length: 0
1 < Date: Tue, 08 Jul 2025 06:56:50 GMT
1 < Server: Vercel
1 < Set-Cookie: Nombres=Marisol%20Ceferina; Max-Age=18000; Path=/; HttpOnly; Secure; SameSite=Lax
1 < Set-Cookie: Apellidos=Godoy%20Villarubia; Max-Age=18000; Path=/; HttpOnly; Secure; SameSite=Lax
1 < Set-Cookie: Rol=PP; Max-Age=18000; Path=/; HttpOnly; Secure; SameSite=Lax
1 < Set-Cookie: token=eyJhbGciOiJIUzI1NiIsInR5cCI6IkpXVCJ9.eyJJRF9Vc3VhcmlvIjoiMTUzNzgzMTciLCJOb21icmVfVXN1YXJpbyI6Im1hcmlzb2xfZ29kb3lfMTUzNyIsIlJEUDAyX0lOU1RBTkNFIjoiUkRQMDJfSU5TMSIsIlJEUDAzX0lOU1RBTkNFIjoiUkRQMDNfSU5TMiIsIlJvbCI6IlBQIiwiaWF0IjoxNzUxOTU3ODEwLCJleHAiOjE3NTE5NzU4MTB9.N4Y3NxtcbYoNF5La9LRhN00mCY0wqi2fFXOxK7Y9la8; Max-Age=18000; Path=/; HttpOnly; Secure; SameSite=Lax
1 < Set-Cookie: Genero=F; Max-Age=18000; Path=/; HttpOnly; Secure; SameSite=Lax
1 < Set-Cookie: Google_Drive_Foto_ID=1p8FC3py693IjnMTa4uINq5lVSb9P3LBc; Max-Age=18000; Path=/; HttpOnly; Secure; SameSite=Lax
1 < Strict-Transport-Security: max-age=63072000; includeSubDomains; preload
1 < Vary: RSC, Next-Router-State-Tree, Next-Router-Prefetch, Next-Router-Segment-Prefetch
1 < X-Matched-Path: /api/auth/login
1 < X-Vercel-Cache: MISS
1 < X-Vercel-Id: gru1::iad1::zh6qw-1751957810688-26ee3a9c6b27


01:57:00.308 [pool-2-thread-5] DEBUG c.intuit.karate.core.ScenarioEngine - over-writing existing variable 'fechaHoraEsperadaISO' with new value: getAdjustedTime()
01:57:00.308 [pool-2-thread-5] DEBUG com.intuit.karate - request:
1 > POST https://siasis-dev.vercel.app/api/asistencia-hoy/marcar
1 > Cookie: Apellidos=Godoy%20Villarubia; Google_Drive_Foto_ID=1p8FC3py693IjnMTa4uINq5lVSb9P3LBc; Nombres=Marisol%20Ceferina; Genero=F; Rol=PP; token=eyJhbGciOiJIUzI1NiIsInR5cCI6IkpXVCJ9.eyJJRF9Vc3VhcmlvIjoiMTUzNzgzMTciLCJOb21icmVfVXN1YXJpbyI6Im1hcmlzb2xfZ29kb3lfMTUzNyIsIlJEUDAyX0lOU1RBTkNFIjoiUkRQMDJfSU5TMSIsIlJEUDAzX0lOU1RBTkNFIjoiUkRQMDNfSU5TMiIsIlJvbCI6IlBQIiwiaWF0IjoxNzUxOTU3ODEwLCJleHAiOjE3NTE5NzU4MTB9.N4Y3NxtcbYoNF5La9LRhN00mCY0wqi2fFXOxK7Y9la8
1 > Content-Type: application/json; charset=UTF-8
1 > Content-Length: 70
1 > Host: siasis-dev.vercel.app
1 > Connection: Keep-Alive
1 > User-Agent: Apache-HttpClient/4.5.14 (Java/17.0.12)
1 > Accept-Encoding: gzip,deflate
{
  "ModoRegistro": "E",
  "FechaHoraEsperadaISO": "2025-07-08T05:57:00.306Z"
}


01:57:00.318 [pool-2-thread-2] DEBUG com.intuit.karate - response time in milliseconds: 420
1 < 201
1 < Cache-Control: public, max-age=0, must-revalidate
1 < Content-Length: 0
1 < Date: Tue, 08 Jul 2025 06:56:50 GMT
1 < Server: Vercel
1 < Set-Cookie: Nombres=David%20Julian; Max-Age=18000; Path=/; HttpOnly; Secure; SameSite=Lax
1 < Set-Cookie: Apellidos=Apolinario%20Quispe; Max-Age=18000; Path=/; HttpOnly; Secure; SameSite=Lax
1 < Set-Cookie: Rol=PS; Max-Age=18000; Path=/; HttpOnly; Secure; SameSite=Lax
1 < Set-Cookie: token=eyJhbGciOiJIUzI1NiIsInR5cCI6IkpXVCJ9.eyJJRF9Vc3VhcmlvIjoiMTUzNzEwMjgiLCJOb21icmVfVXN1YXJpbyI6ImRhdmlkX2Fwb2xpbmFyaW9fMTUzNyIsIlJEUDAyX0lOU1RBTkNFIjoiUkRQMDJfSU5TMyIsIlJEUDAzX0lOU1RBTkNFIjoiUkRQMDNfSU5TNCIsIlJvbCI6IlBTIiwiaWF0IjoxNzUxOTU3ODEwLCJleHAiOjE3NTE5NzU4MTB9.BVZoGGS06dtrgejezFWlRi8VUhJSDphQKblOYCBOdKI; Max-Age=18000; Path=/; HttpOnly; Secure; SameSite=Lax
1 < Set-Cookie: Genero=M; Max-Age=18000; Path=/; HttpOnly; Secure; SameSite=Lax
1 < Set-Cookie: Google_Drive_Foto_ID=1zGZuWnkBA59hSHlTgGVXrduC8eBgrKi1; Max-Age=18000; Path=/; HttpOnly; Secure; SameSite=Lax
1 < Strict-Transport-Security: max-age=63072000; includeSubDomains; preload
1 < Vary: RSC, Next-Router-State-Tree, Next-Router-Prefetch, Next-Router-Segment-Prefetch
1 < X-Matched-Path: /api/auth/login
1 < X-Vercel-Cache: MISS
1 < X-Vercel-Id: gru1::iad1::zdj87-1751957810696-3cbd187596b5


01:57:00.322 [pool-2-thread-2] DEBUG c.intuit.karate.core.ScenarioEngine - over-writing existing variable 'fechaHoraEsperadaISO' with new value: getAdjustedTime()
01:57:00.324 [pool-2-thread-2] DEBUG com.intuit.karate - request:
1 > POST https://siasis-dev.vercel.app/api/asistencia-hoy/marcar
1 > Cookie: Apellidos=Apolinario%20Quispe; Google_Drive_Foto_ID=1zGZuWnkBA59hSHlTgGVXrduC8eBgrKi1; Nombres=David%20Julian; Genero=M; Rol=PS; token=eyJhbGciOiJIUzI1NiIsInR5cCI6IkpXVCJ9.eyJJRF9Vc3VhcmlvIjoiMTUzNzEwMjgiLCJOb21icmVfVXN1YXJpbyI6ImRhdmlkX2Fwb2xpbmFyaW9fMTUzNyIsIlJEUDAyX0lOU1RBTkNFIjoiUkRQMDJfSU5TMyIsIlJEUDAzX0lOU1RBTkNFIjoiUkRQMDNfSU5TNCIsIlJvbCI6IlBTIiwiaWF0IjoxNzUxOTU3ODEwLCJleHAiOjE3NTE5NzU4MTB9.BVZoGGS06dtrgejezFWlRi8VUhJSDphQKblOYCBOdKI
1 > Content-Type: application/json; charset=UTF-8
1 > Content-Length: 70
1 > Host: siasis-dev.vercel.app
1 > Connection: Keep-Alive
1 > User-Agent: Apache-HttpClient/4.5.14 (Java/17.0.12)
1 > Accept-Encoding: gzip,deflate
{
  "ModoRegistro": "E",
  "FechaHoraEsperadaISO": "2025-07-08T05:57:00.321Z"
}


01:57:00.340 [pool-2-thread-4] DEBUG com.intuit.karate - response time in milliseconds: 419
1 < 201
1 < Cache-Control: public, max-age=0, must-revalidate
1 < Content-Length: 0
1 < Date: Tue, 08 Jul 2025 06:56:50 GMT
1 < Server: Vercel
1 < Set-Cookie: Nombres=David%20Julian; Max-Age=18000; Path=/; HttpOnly; Secure; SameSite=Lax
1 < Set-Cookie: Apellidos=Apolinario%20Quispe; Max-Age=18000; Path=/; HttpOnly; Secure; SameSite=Lax
1 < Set-Cookie: Rol=PS; Max-Age=18000; Path=/; HttpOnly; Secure; SameSite=Lax
1 < Set-Cookie: token=eyJhbGciOiJIUzI1NiIsInR5cCI6IkpXVCJ9.eyJJRF9Vc3VhcmlvIjoiMTUzNzEwMjgiLCJOb21icmVfVXN1YXJpbyI6ImRhdmlkX2Fwb2xpbmFyaW9fMTUzNyIsIlJEUDAyX0lOU1RBTkNFIjoiUkRQMDJfSU5TMiIsIlJEUDAzX0lOU1RBTkNFIjoiUkRQMDNfSU5TMSIsIlJvbCI6IlBTIiwiaWF0IjoxNzUxOTU3ODEwLCJleHAiOjE3NTE5NzU4MTB9.mur5Ohq6W11THC8iQlcUlL7H2wNUqij-LCOudvC3Qik; Max-Age=18000; Path=/; HttpOnly; Secure; SameSite=Lax
1 < Set-Cookie: Genero=M; Max-Age=18000; Path=/; HttpOnly; Secure; SameSite=Lax
1 < Set-Cookie: Google_Drive_Foto_ID=1Kvyn3lWOxzuURkPFBSGCPHmTshBUXAZg; Max-Age=18000; Path=/; HttpOnly; Secure; SameSite=Lax
1 < Strict-Transport-Security: max-age=63072000; includeSubDomains; preload
1 < Vary: RSC, Next-Router-State-Tree, Next-Router-Prefetch, Next-Router-Segment-Prefetch
1 < X-Matched-Path: /api/auth/login
1 < X-Vercel-Cache: MISS
1 < X-Vercel-Id: gru1::iad1::bdvft-1751957810721-887c6efae3bc


01:57:00.340 [pool-2-thread-4] DEBUG c.intuit.karate.core.ScenarioEngine - over-writing existing variable 'fechaHoraEsperadaISO' with new value: getAdjustedTime()
01:57:00.348 [pool-2-thread-4] DEBUG com.intuit.karate - request:
1 > POST https://siasis-dev.vercel.app/api/asistencia-hoy/marcar
1 > Cookie: Apellidos=Apolinario%20Quispe; Google_Drive_Foto_ID=1Kvyn3lWOxzuURkPFBSGCPHmTshBUXAZg; Nombres=David%20Julian; Genero=M; Rol=PS; token=eyJhbGciOiJIUzI1NiIsInR5cCI6IkpXVCJ9.eyJJRF9Vc3VhcmlvIjoiMTUzNzEwMjgiLCJOb21icmVfVXN1YXJpbyI6ImRhdmlkX2Fwb2xpbmFyaW9fMTUzNyIsIlJEUDAyX0lOU1RBTkNFIjoiUkRQMDJfSU5TMiIsIlJEUDAzX0lOU1RBTkNFIjoiUkRQMDNfSU5TMSIsIlJvbCI6IlBTIiwiaWF0IjoxNzUxOTU3ODEwLCJleHAiOjE3NTE5NzU4MTB9.mur5Ohq6W11THC8iQlcUlL7H2wNUqij-LCOudvC3Qik
1 > Content-Type: application/json; charset=UTF-8
1 > Content-Length: 70
1 > Host: siasis-dev.vercel.app
1 > Connection: Keep-Alive
1 > User-Agent: Apache-HttpClient/4.5.14 (Java/17.0.12)
1 > Accept-Encoding: gzip,deflate
{
  "ModoRegistro": "E",
  "FechaHoraEsperadaISO": "2025-07-08T05:57:00.346Z"
}


01:57:00.442 [pool-2-thread-1] DEBUG com.intuit.karate - response time in milliseconds: 415
1 < 201
1 < Cache-Control: public, max-age=0, must-revalidate
1 < Content-Length: 0
1 < Date: Tue, 08 Jul 2025 06:56:50 GMT
1 < Server: Vercel
1 < Set-Cookie: Nombres=Marisol%20Ceferina; Max-Age=18000; Path=/; HttpOnly; Secure; SameSite=Lax
1 < Set-Cookie: Apellidos=Godoy%20Villarubia; Max-Age=18000; Path=/; HttpOnly; Secure; SameSite=Lax
1 < Set-Cookie: Rol=PP; Max-Age=18000; Path=/; HttpOnly; Secure; SameSite=Lax
1 < Set-Cookie: token=eyJhbGciOiJIUzI1NiIsInR5cCI6IkpXVCJ9.eyJJRF9Vc3VhcmlvIjoiMTUzNzgzMTciLCJOb21icmVfVXN1YXJpbyI6Im1hcmlzb2xfZ29kb3lfMTUzNyIsIlJEUDAyX0lOU1RBTkNFIjoiUkRQMDJfSU5TMiIsIlJEUDAzX0lOU1RBTkNFIjoiUkRQMDNfSU5TNSIsIlJvbCI6IlBQIiwiaWF0IjoxNzUxOTU3ODEwLCJleHAiOjE3NTE5NzU4MTB9.CWofZDfYDZTiG0sb90MZIUG40Y-XE7PqTXkmPvw0_7Y; Max-Age=18000; Path=/; HttpOnly; Secure; SameSite=Lax
1 < Set-Cookie: Genero=F; Max-Age=18000; Path=/; HttpOnly; Secure; SameSite=Lax
1 < Set-Cookie: Google_Drive_Foto_ID=1p8FC3py693IjnMTa4uINq5lVSb9P3LBc; Max-Age=18000; Path=/; HttpOnly; Secure; SameSite=Lax
1 < Strict-Transport-Security: max-age=63072000; includeSubDomains; preload
1 < Vary: RSC, Next-Router-State-Tree, Next-Router-Prefetch, Next-Router-Segment-Prefetch
1 < X-Matched-Path: /api/auth/login
1 < X-Vercel-Cache: MISS
1 < X-Vercel-Id: gru1::iad1::bsmv9-1751957810823-cbacac2246ba


01:57:00.444 [pool-2-thread-1] DEBUG c.intuit.karate.core.ScenarioEngine - over-writing existing variable 'fechaHoraEsperadaISO' with new value: getAdjustedTime()
01:57:00.444 [pool-2-thread-1] DEBUG com.intuit.karate - request:
1 > POST https://siasis-dev.vercel.app/api/asistencia-hoy/marcar
1 > Cookie: Apellidos=Godoy%20Villarubia; Google_Drive_Foto_ID=1p8FC3py693IjnMTa4uINq5lVSb9P3LBc; Nombres=Marisol%20Ceferina; Genero=F; Rol=PP; token=eyJhbGciOiJIUzI1NiIsInR5cCI6IkpXVCJ9.eyJJRF9Vc3VhcmlvIjoiMTUzNzgzMTciLCJOb21icmVfVXN1YXJpbyI6Im1hcmlzb2xfZ29kb3lfMTUzNyIsIlJEUDAyX0lOU1RBTkNFIjoiUkRQMDJfSU5TMiIsIlJEUDAzX0lOU1RBTkNFIjoiUkRQMDNfSU5TNSIsIlJvbCI6IlBQIiwiaWF0IjoxNzUxOTU3ODEwLCJleHAiOjE3NTE5NzU4MTB9.CWofZDfYDZTiG0sb90MZIUG40Y-XE7PqTXkmPvw0_7Y
1 > Content-Type: application/json; charset=UTF-8
1 > Content-Length: 70
1 > Host: siasis-dev.vercel.app
1 > Connection: Keep-Alive
1 > User-Agent: Apache-HttpClient/4.5.14 (Java/17.0.12)
1 > Accept-Encoding: gzip,deflate
{
  "ModoRegistro": "E",
  "FechaHoraEsperadaISO": "2025-07-08T05:57:00.442Z"
}


01:57:00.594 [pool-2-thread-3] DEBUG com.intuit.karate - response time in milliseconds: 526
1 < 200
1 < Access-Control-Allow-Origin: *
1 < Cache-Control: public, max-age=0, must-revalidate
1 < Content-Length: 522
1 < Content-Type: application/json; charset=utf-8
1 < Date: Tue, 08 Jul 2025 06:56:51 GMT
1 < Etag: W/"20a-ae3XzsI21w6I5SA8ciEHb38rBdM"
1 < Server: Vercel
1 < Strict-Transport-Security: max-age=63072000; includeSubDomains; preload
1 < X-Powered-By: Express
1 < X-Vercel-Cache: MISS
1 < X-Vercel-Id: gru1::iad1::bsmv9-1751957810862-e7b05570ebc8
{
  "success": true,
  "message": "Inicio de sesión exitoso",
  "data": {
    "Apellidos": "Godoy Villarubia",
    "Nombres": "Marisol Ceferina",
    "Rol": "PP",
    "token": "eyJhbGciOiJIUzI1NiIsInR5cCI6IkpXVCJ9.eyJJRF9Vc3VhcmlvIjoiMTUzNzgzMTciLCJOb21icmVfVXN1YXJpbyI6Im1hcmlzb2xfZ29kb3lfMTUzNyIsIlJEUDAyX0lOU1RBTkNFIjoiUkRQMDJfSU5TMSIsIlJEUDAzX0lOU1RBTkNFIjoiUkRQMDNfSU5TMyIsIlJvbCI6IlBQIiwiaWF0IjoxNzUxOTU3ODExLCJleHAiOjE3NTE5NzU4MTF9.JCy6l-Di9r1FdfCvHVbIk5z2RZ7XlDtjKhmzH166izU",
    "Google_Drive_Foto_ID": "1p8FC3py693IjnMTa4uINq5lVSb9P3LBc",
    "Genero": "F"
  }
}


01:57:00.598 [pool-2-thread-3] INFO  com.intuit.karate - [print] eyJhbGciOiJIUzI1NiIsInR5cCI6IkpXVCJ9.eyJJRF9Vc3VhcmlvIjoiMTUzNzgzMTciLCJOb21icmVfVXN1YXJpbyI6Im1hcmlzb2xfZ29kb3lfMTUzNyIsIlJEUDAyX0lOU1RBTkNFIjoiUkRQMDJfSU5TMSIsIlJEUDAzX0lOU1RBTkNFIjoiUkRQMDNfSU5TMyIsIlJvbCI6IlBQIiwiaWF0IjoxNzUxOTU3ODExLCJleHAiOjE3NTE5NzU4MTF9.JCy6l-Di9r1FdfCvHVbIk5z2RZ7XlDtjKhmzH166izU 
01:57:00.598 [pool-2-thread-3] INFO  com.intuit.karate - [print] PP 
01:57:00.601 [pool-2-thread-3] DEBUG com.intuit.karate - request:
1 > POST https://siasis-dev.vercel.app/api/auth/login
1 > Cookie: Apellidos=Apolinario%20Quispe; Google_Drive_Foto_ID=1Kvyn3lWOxzuURkPFBSGCPHmTshBUXAZg; Nombres=David%20Julian; Genero=M; Rol=PS; token=eyJhbGciOiJIUzI1NiIsInR5cCI6IkpXVCJ9.eyJJRF9Vc3VhcmlvIjoiMTUzNzEwMjgiLCJOb21icmVfVXN1YXJpbyI6ImRhdmlkX2Fwb2xpbmFyaW9fMTUzNyIsIlJEUDAyX0lOU1RBTkNFIjoiUkRQMDJfSU5TMiIsIlJEUDAzX0lOU1RBTkNFIjoiUkRQMDNfSU5TMyIsIlJvbCI6IlBTIiwiaWF0IjoxNzUxOTU3ODA5LCJleHAiOjE3NTE5NzU4MDl9.gVcfipDhIfbZF0QnlqO_Ono6DFyKqcvGK7gZMkfoadw
1 > Content-Type: application/json; charset=UTF-8
1 > Content-Length: 460
1 > Host: siasis-dev.vercel.app
1 > Connection: Keep-Alive
1 > User-Agent: Apache-HttpClient/4.5.14 (Java/17.0.12)
1 > Accept-Encoding: gzip,deflate
{
  "Nombres": "Marisol Ceferina",
  "Apellidos": "Godoy Villarubia",
  "token": "eyJhbGciOiJIUzI1NiIsInR5cCI6IkpXVCJ9.eyJJRF9Vc3VhcmlvIjoiMTUzNzgzMTciLCJOb21icmVfVXN1YXJpbyI6Im1hcmlzb2xfZ29kb3lfMTUzNyIsIlJEUDAyX0lOU1RBTkNFIjoiUkRQMDJfSU5TMSIsIlJEUDAzX0lOU1RBTkNFIjoiUkRQMDNfSU5TMyIsIlJvbCI6IlBQIiwiaWF0IjoxNzUxOTU3ODExLCJleHAiOjE3NTE5NzU4MTF9.JCy6l-Di9r1FdfCvHVbIk5z2RZ7XlDtjKhmzH166izU",
  "Genero": "F",
  "Google_Drive_Foto_ID": "1p8FC3py693IjnMTa4uINq5lVSb9P3LBc",
  "Rol": "PP"
}


01:57:00.898 [pool-2-thread-5] DEBUG com.intuit.karate - response time in milliseconds: 590
1 < 200
1 < Cache-Control: public, max-age=0, must-revalidate
1 < Content-Type: application/json
1 < Date: Tue, 08 Jul 2025 06:56:51 GMT
1 < Server: Vercel
1 < Strict-Transport-Security: max-age=63072000; includeSubDomains; preload
1 < Vary: RSC, Next-Router-State-Tree, Next-Router-Prefetch, Next-Router-Segment-Prefetch
1 < X-Matched-Path: /api/asistencia-hoy/marcar
1 < X-Vercel-Cache: MISS
1 < X-Vercel-Id: gru1::iad1::zh6qw-1751957811110-a69d50667a8c
1 < Transfer-Encoding: chunked
{
  "success": true,
  "message": "La asistencia ya había sido registrada anteriormente",
  "data": {
    "timestamp": 1751957811226,
    "desfaseSegundos": 3590,
    "esNuevoRegistro": false,
    "esRegistroPropio": false,
    "actorRegistrado": "PP",
    "tipoAsistencia": "personal"
  }
}


01:57:00.898 [pool-2-thread-2] DEBUG com.intuit.karate - response time in milliseconds: 574
1 < 200
1 < Cache-Control: public, max-age=0, must-revalidate
1 < Content-Type: application/json
1 < Date: Tue, 08 Jul 2025 06:56:51 GMT
1 < Server: Vercel
1 < Strict-Transport-Security: max-age=63072000; includeSubDomains; preload
1 < Vary: RSC, Next-Router-State-Tree, Next-Router-Prefetch, Next-Router-Segment-Prefetch
1 < X-Matched-Path: /api/asistencia-hoy/marcar
1 < X-Vercel-Cache: MISS
1 < X-Vercel-Id: gru1::iad1::zdj87-1751957811124-f32efb85ba7f
1 < Transfer-Encoding: chunked
{
  "success": true,
  "message": "La asistencia ya había sido registrada anteriormente",
  "data": {
    "timestamp": 1751957811238,
    "desfaseSegundos": 3590,
    "esNuevoRegistro": false,
    "esRegistroPropio": false,
    "actorRegistrado": "PS",
    "tipoAsistencia": "personal"
  }
}


01:57:00.912 [pool-2-thread-5] DEBUG c.intuit.karate.core.ScenarioEngine - over-writing existing variable 'loginFeature' with new value: 'classpath:resources/features/login/PersonalAdmin.feature'
01:57:00.912 [pool-2-thread-2] DEBUG c.intuit.karate.core.ScenarioEngine - over-writing existing variable 'loginFeature' with new value: 'classpath:resources/features/login/ProfesorPrimaria.feature'
01:57:00.918 [pool-2-thread-5] DEBUG c.intuit.karate.core.ScenarioEngine - over-writing existing variable 'loginResponse' with new value: call read(loginFeature)
01:57:00.918 [pool-2-thread-2] DEBUG c.intuit.karate.core.ScenarioEngine - over-writing existing variable 'loginResponse' with new value: call read(loginFeature)
01:57:00.926 [pool-2-thread-5] DEBUG com.intuit.karate - request:
1 > POST https://api01-siasis-dev.vercel.app/api/login/personal-administrativo
1 > Cookie: Apellidos=Godoy%20Villarubia; Google_Drive_Foto_ID=1p8FC3py693IjnMTa4uINq5lVSb9P3LBc; Nombres=Marisol%20Ceferina; Genero=F; Rol=PP; token=eyJhbGciOiJIUzI1NiIsInR5cCI6IkpXVCJ9.eyJJRF9Vc3VhcmlvIjoiMTUzNzgzMTciLCJOb21icmVfVXN1YXJpbyI6Im1hcmlzb2xfZ29kb3lfMTUzNyIsIlJEUDAyX0lOU1RBTkNFIjoiUkRQMDJfSU5TMSIsIlJEUDAzX0lOU1RBTkNFIjoiUkRQMDNfSU5TMiIsIlJvbCI6IlBQIiwiaWF0IjoxNzUxOTU3ODEwLCJleHAiOjE3NTE5NzU4MTB9.N4Y3NxtcbYoNF5La9LRhN00mCY0wqi2fFXOxK7Y9la8
1 > Content-Type: application/json; charset=UTF-8
1 > Content-Length: 63
1 > Host: api01-siasis-dev.vercel.app
1 > Connection: Keep-Alive
1 > User-Agent: Apache-HttpClient/4.5.14 (Java/17.0.12)
1 > Accept-Encoding: gzip,deflate
{
  "Nombre_Usuario": "jose_centeno_4180",
  "Contraseña": "41809910"
}


01:57:00.928 [pool-2-thread-2] DEBUG com.intuit.karate - request:
1 > POST https://api01-siasis-dev.vercel.app/api/login/profesor-primaria
1 > Cookie: Apellidos=Apolinario%20Quispe; Google_Drive_Foto_ID=1zGZuWnkBA59hSHlTgGVXrduC8eBgrKi1; Nombres=David%20Julian; Genero=M; Rol=PS; token=eyJhbGciOiJIUzI1NiIsInR5cCI6IkpXVCJ9.eyJJRF9Vc3VhcmlvIjoiMTUzNzEwMjgiLCJOb21icmVfVXN1YXJpbyI6ImRhdmlkX2Fwb2xpbmFyaW9fMTUzNyIsIlJEUDAyX0lOU1RBTkNFIjoiUkRQMDJfSU5TMyIsIlJEUDAzX0lOU1RBTkNFIjoiUkRQMDNfSU5TNCIsIlJvbCI6IlBTIiwiaWF0IjoxNzUxOTU3ODEwLCJleHAiOjE3NTE5NzU4MTB9.BVZoGGS06dtrgejezFWlRi8VUhJSDphQKblOYCBOdKI
1 > Content-Type: application/json; charset=UTF-8
1 > Content-Length: 64
1 > Host: api01-siasis-dev.vercel.app
1 > Connection: Keep-Alive
1 > User-Agent: Apache-HttpClient/4.5.14 (Java/17.0.12)
1 > Accept-Encoding: gzip,deflate
{
  "Nombre_Usuario": "marisol_godoy_1537",
  "Contraseña": "15378317"
}


01:57:01.028 [pool-2-thread-1] DEBUG com.intuit.karate - response time in milliseconds: 584
1 < 200
1 < Cache-Control: public, max-age=0, must-revalidate
1 < Content-Type: application/json
1 < Date: Tue, 08 Jul 2025 06:56:51 GMT
1 < Server: Vercel
1 < Strict-Transport-Security: max-age=63072000; includeSubDomains; preload
1 < Vary: RSC, Next-Router-State-Tree, Next-Router-Prefetch, Next-Router-Segment-Prefetch
1 < X-Matched-Path: /api/asistencia-hoy/marcar
1 < X-Vercel-Cache: MISS
1 < X-Vercel-Id: gru1::iad1::hxpww-1751957811245-10d437e90b93
1 < Transfer-Encoding: chunked
{
  "success": true,
  "message": "La asistencia ya había sido registrada anteriormente",
  "data": {
    "timestamp": 1751957811351,
    "desfaseSegundos": 3590,
    "esNuevoRegistro": false,
    "esRegistroPropio": false,
    "actorRegistrado": "PP",
    "tipoAsistencia": "personal"
  }
}


01:57:01.032 [pool-2-thread-1] DEBUG c.intuit.karate.core.ScenarioEngine - over-writing existing variable 'loginFeature' with new value: 'classpath:resources/features/login/PersonalAdmin.feature'
01:57:01.041 [pool-2-thread-1] DEBUG c.intuit.karate.core.ScenarioEngine - over-writing existing variable 'loginResponse' with new value: call read(loginFeature)
01:57:01.041 [pool-2-thread-4] DEBUG com.intuit.karate - response time in milliseconds: 693
1 < 200
1 < Cache-Control: public, max-age=0, must-revalidate
1 < Content-Type: application/json
1 < Date: Tue, 08 Jul 2025 06:56:51 GMT
1 < Server: Vercel
1 < Strict-Transport-Security: max-age=63072000; includeSubDomains; preload
1 < Vary: RSC, Next-Router-State-Tree, Next-Router-Prefetch, Next-Router-Segment-Prefetch
1 < X-Matched-Path: /api/asistencia-hoy/marcar
1 < X-Vercel-Cache: MISS
1 < X-Vercel-Id: gru1::iad1::bsmv9-1751957811149-b08b6f6fbb10
1 < Transfer-Encoding: chunked
{
  "success": true,
  "message": "La asistencia ya había sido registrada anteriormente",
  "data": {
    "timestamp": 1751957811250,
    "desfaseSegundos": 3590,
    "esNuevoRegistro": false,
    "esRegistroPropio": false,
    "actorRegistrado": "PS",
    "tipoAsistencia": "personal"
  }
}


01:57:01.049 [pool-2-thread-4] DEBUG c.intuit.karate.core.ScenarioEngine - over-writing existing variable 'loginFeature' with new value: 'classpath:resources/features/login/ProfesorPrimaria.feature'
01:57:01.049 [pool-2-thread-1] DEBUG com.intuit.karate - request:
1 > POST https://api01-siasis-dev.vercel.app/api/login/personal-administrativo
1 > Cookie: Apellidos=Godoy%20Villarubia; Google_Drive_Foto_ID=1p8FC3py693IjnMTa4uINq5lVSb9P3LBc; Nombres=Marisol%20Ceferina; Genero=F; Rol=PP; token=eyJhbGciOiJIUzI1NiIsInR5cCI6IkpXVCJ9.eyJJRF9Vc3VhcmlvIjoiMTUzNzgzMTciLCJOb21icmVfVXN1YXJpbyI6Im1hcmlzb2xfZ29kb3lfMTUzNyIsIlJEUDAyX0lOU1RBTkNFIjoiUkRQMDJfSU5TMiIsIlJEUDAzX0lOU1RBTkNFIjoiUkRQMDNfSU5TNSIsIlJvbCI6IlBQIiwiaWF0IjoxNzUxOTU3ODEwLCJleHAiOjE3NTE5NzU4MTB9.CWofZDfYDZTiG0sb90MZIUG40Y-XE7PqTXkmPvw0_7Y
1 > Content-Type: application/json; charset=UTF-8
1 > Content-Length: 63
1 > Host: api01-siasis-dev.vercel.app
1 > Connection: Keep-Alive
1 > User-Agent: Apache-HttpClient/4.5.14 (Java/17.0.12)
1 > Accept-Encoding: gzip,deflate
{
  "Nombre_Usuario": "jose_centeno_4180",
  "Contraseña": "41809910"
}


01:57:01.058 [pool-2-thread-4] DEBUG c.intuit.karate.core.ScenarioEngine - over-writing existing variable 'loginResponse' with new value: call read(loginFeature)
01:57:01.066 [pool-2-thread-4] DEBUG com.intuit.karate - request:
1 > POST https://api01-siasis-dev.vercel.app/api/login/profesor-primaria
1 > Cookie: Apellidos=Apolinario%20Quispe; Google_Drive_Foto_ID=1Kvyn3lWOxzuURkPFBSGCPHmTshBUXAZg; Nombres=David%20Julian; Genero=M; Rol=PS; token=eyJhbGciOiJIUzI1NiIsInR5cCI6IkpXVCJ9.eyJJRF9Vc3VhcmlvIjoiMTUzNzEwMjgiLCJOb21icmVfVXN1YXJpbyI6ImRhdmlkX2Fwb2xpbmFyaW9fMTUzNyIsIlJEUDAyX0lOU1RBTkNFIjoiUkRQMDJfSU5TMiIsIlJEUDAzX0lOU1RBTkNFIjoiUkRQMDNfSU5TMSIsIlJvbCI6IlBTIiwiaWF0IjoxNzUxOTU3ODEwLCJleHAiOjE3NTE5NzU4MTB9.mur5Ohq6W11THC8iQlcUlL7H2wNUqij-LCOudvC3Qik
1 > Content-Type: application/json; charset=UTF-8
1 > Content-Length: 64
1 > Host: api01-siasis-dev.vercel.app
1 > Connection: Keep-Alive
1 > User-Agent: Apache-HttpClient/4.5.14 (Java/17.0.12)
1 > Accept-Encoding: gzip,deflate
{
  "Nombre_Usuario": "marisol_godoy_1537",
  "Contraseña": "15378317"
}


01:57:01.128 [pool-2-thread-3] DEBUG com.intuit.karate - response time in milliseconds: 527
1 < 201
1 < Cache-Control: public, max-age=0, must-revalidate
1 < Content-Length: 0
1 < Date: Tue, 08 Jul 2025 06:56:51 GMT
1 < Server: Vercel
1 < Set-Cookie: Nombres=Marisol%20Ceferina; Max-Age=18000; Path=/; HttpOnly; Secure; SameSite=Lax
1 < Set-Cookie: Apellidos=Godoy%20Villarubia; Max-Age=18000; Path=/; HttpOnly; Secure; SameSite=Lax
1 < Set-Cookie: Rol=PP; Max-Age=18000; Path=/; HttpOnly; Secure; SameSite=Lax
1 < Set-Cookie: token=eyJhbGciOiJIUzI1NiIsInR5cCI6IkpXVCJ9.eyJJRF9Vc3VhcmlvIjoiMTUzNzgzMTciLCJOb21icmVfVXN1YXJpbyI6Im1hcmlzb2xfZ29kb3lfMTUzNyIsIlJEUDAyX0lOU1RBTkNFIjoiUkRQMDJfSU5TMSIsIlJEUDAzX0lOU1RBTkNFIjoiUkRQMDNfSU5TMyIsIlJvbCI6IlBQIiwiaWF0IjoxNzUxOTU3ODExLCJleHAiOjE3NTE5NzU4MTF9.JCy6l-Di9r1FdfCvHVbIk5z2RZ7XlDtjKhmzH166izU; Max-Age=18000; Path=/; HttpOnly; Secure; SameSite=Lax
1 < Set-Cookie: Genero=F; Max-Age=18000; Path=/; HttpOnly; Secure; SameSite=Lax
1 < Set-Cookie: Google_Drive_Foto_ID=1p8FC3py693IjnMTa4uINq5lVSb9P3LBc; Max-Age=18000; Path=/; HttpOnly; Secure; SameSite=Lax
1 < Strict-Transport-Security: max-age=63072000; includeSubDomains; preload
1 < Vary: RSC, Next-Router-State-Tree, Next-Router-Prefetch, Next-Router-Segment-Prefetch
1 < X-Matched-Path: /api/auth/login
1 < X-Vercel-Cache: MISS
1 < X-Vercel-Id: gru1::iad1::lw4h4-1751957811504-9f031465b67e


01:57:01.128 [pool-2-thread-3] DEBUG c.intuit.karate.core.ScenarioEngine - over-writing existing variable 'fechaHoraEsperadaISO' with new value: getAdjustedTime()
01:57:01.131 [pool-2-thread-3] DEBUG com.intuit.karate - request:
1 > POST https://siasis-dev.vercel.app/api/asistencia-hoy/marcar
1 > Cookie: Apellidos=Godoy%20Villarubia; Google_Drive_Foto_ID=1p8FC3py693IjnMTa4uINq5lVSb9P3LBc; Nombres=Marisol%20Ceferina; Genero=F; Rol=PP; token=eyJhbGciOiJIUzI1NiIsInR5cCI6IkpXVCJ9.eyJJRF9Vc3VhcmlvIjoiMTUzNzgzMTciLCJOb21icmVfVXN1YXJpbyI6Im1hcmlzb2xfZ29kb3lfMTUzNyIsIlJEUDAyX0lOU1RBTkNFIjoiUkRQMDJfSU5TMSIsIlJEUDAzX0lOU1RBTkNFIjoiUkRQMDNfSU5TMyIsIlJvbCI6IlBQIiwiaWF0IjoxNzUxOTU3ODExLCJleHAiOjE3NTE5NzU4MTF9.JCy6l-Di9r1FdfCvHVbIk5z2RZ7XlDtjKhmzH166izU
1 > Content-Type: application/json; charset=UTF-8
1 > Content-Length: 70
1 > Host: siasis-dev.vercel.app
1 > Connection: Keep-Alive
1 > User-Agent: Apache-HttpClient/4.5.14 (Java/17.0.12)
1 > Accept-Encoding: gzip,deflate
{
  "ModoRegistro": "E",
  "FechaHoraEsperadaISO": "2025-07-08T05:57:01.130Z"
}


01:57:01.458 [pool-2-thread-5] DEBUG com.intuit.karate - response time in milliseconds: 523
1 < 200
1 < Access-Control-Allow-Origin: *
1 < Cache-Control: public, max-age=0, must-revalidate
1 < Content-Length: 505
1 < Content-Type: application/json; charset=utf-8
1 < Date: Tue, 08 Jul 2025 06:56:51 GMT
1 < Etag: W/"1f9-lxpyHh+RYUqkTaoUjX22qqgrNSc"
1 < Server: Vercel
1 < Strict-Transport-Security: max-age=63072000; includeSubDomains; preload
1 < X-Powered-By: Express
1 < X-Vercel-Cache: MISS
1 < X-Vercel-Id: gru1::iad1::zdj87-1751957811726-3e479b656004
{
  "success": true,
  "message": "Inicio de sesión exitoso",
  "data": {
    "Apellidos": "Centeno Diaz",
    "Nombres": "Jose",
    "Rol": "PA",
    "token": "eyJhbGciOiJIUzI1NiIsInR5cCI6IkpXVCJ9.eyJJRF9Vc3VhcmlvIjoiNDE4MDk5MTAiLCJOb21icmVfVXN1YXJpbyI6Impvc2VfY2VudGVub180MTgwIiwiUkRQMDJfSU5TVEFOQ0UiOiJSRFAwMl9JTlMyIiwiUkRQMDNfSU5TVEFOQ0UiOiJSRFAwM19JTlM0IiwiUm9sIjoiUEEiLCJpYXQiOjE3NTE5NTc4MTEsImV4cCI6MTc1MTk3NTgxMX0.dVbt565wF-Svau7a8Wsy1-oY3WjYTs4nZI0xHtQT4iQ",
    "Google_Drive_Foto_ID": "1sU6Vjh0xUDJ3oT2Za_t41Q1QqUte2bHy",
    "Genero": "M"
  }
}


01:57:01.458 [pool-2-thread-5] INFO  com.intuit.karate - [print] eyJhbGciOiJIUzI1NiIsInR5cCI6IkpXVCJ9.eyJJRF9Vc3VhcmlvIjoiNDE4MDk5MTAiLCJOb21icmVfVXN1YXJpbyI6Impvc2VfY2VudGVub180MTgwIiwiUkRQMDJfSU5TVEFOQ0UiOiJSRFAwMl9JTlMyIiwiUkRQMDNfSU5TVEFOQ0UiOiJSRFAwM19JTlM0IiwiUm9sIjoiUEEiLCJpYXQiOjE3NTE5NTc4MTEsImV4cCI6MTc1MTk3NTgxMX0.dVbt565wF-Svau7a8Wsy1-oY3WjYTs4nZI0xHtQT4iQ 
01:57:01.458 [pool-2-thread-5] INFO  com.intuit.karate - [print] PA 
01:57:01.458 [pool-2-thread-5] DEBUG com.intuit.karate - request:
1 > POST https://siasis-dev.vercel.app/api/auth/login
1 > Cookie: Apellidos=Godoy%20Villarubia; Google_Drive_Foto_ID=1p8FC3py693IjnMTa4uINq5lVSb9P3LBc; Nombres=Marisol%20Ceferina; Genero=F; Rol=PP; token=eyJhbGciOiJIUzI1NiIsInR5cCI6IkpXVCJ9.eyJJRF9Vc3VhcmlvIjoiMTUzNzgzMTciLCJOb21icmVfVXN1YXJpbyI6Im1hcmlzb2xfZ29kb3lfMTUzNyIsIlJEUDAyX0lOU1RBTkNFIjoiUkRQMDJfSU5TMSIsIlJEUDAzX0lOU1RBTkNFIjoiUkRQMDNfSU5TMiIsIlJvbCI6IlBQIiwiaWF0IjoxNzUxOTU3ODEwLCJleHAiOjE3NTE5NzU4MTB9.N4Y3NxtcbYoNF5La9LRhN00mCY0wqi2fFXOxK7Y9la8
1 > Content-Type: application/json; charset=UTF-8
1 > Content-Length: 443
1 > Host: siasis-dev.vercel.app
1 > Connection: Keep-Alive
1 > User-Agent: Apache-HttpClient/4.5.14 (Java/17.0.12)
1 > Accept-Encoding: gzip,deflate
{
  "Nombres": "Jose",
  "Apellidos": "Centeno Diaz",
  "token": "eyJhbGciOiJIUzI1NiIsInR5cCI6IkpXVCJ9.eyJJRF9Vc3VhcmlvIjoiNDE4MDk5MTAiLCJOb21icmVfVXN1YXJpbyI6Impvc2VfY2VudGVub180MTgwIiwiUkRQMDJfSU5TVEFOQ0UiOiJSRFAwMl9JTlMyIiwiUkRQMDNfSU5TVEFOQ0UiOiJSRFAwM19JTlM0IiwiUm9sIjoiUEEiLCJpYXQiOjE3NTE5NTc4MTEsImV4cCI6MTc1MTk3NTgxMX0.dVbt565wF-Svau7a8Wsy1-oY3WjYTs4nZI0xHtQT4iQ",
  "Genero": "M",
  "Google_Drive_Foto_ID": "1sU6Vjh0xUDJ3oT2Za_t41Q1QqUte2bHy",
  "Rol": "PA"
}


01:57:01.468 [pool-2-thread-2] DEBUG com.intuit.karate - response time in milliseconds: 540
1 < 200
1 < Access-Control-Allow-Origin: *
1 < Cache-Control: public, max-age=0, must-revalidate
1 < Content-Length: 522
1 < Content-Type: application/json; charset=utf-8
1 < Date: Tue, 08 Jul 2025 06:56:51 GMT
1 < Etag: W/"20a-MYwm0j6Yiw0iJrsnShY7VLVGFB8"
1 < Server: Vercel
1 < Strict-Transport-Security: max-age=63072000; includeSubDomains; preload
1 < X-Powered-By: Express
1 < X-Vercel-Cache: MISS
1 < X-Vercel-Id: gru1::iad1::z422j-1751957811734-17e0d793ba2c
{
  "success": true,
  "message": "Inicio de sesión exitoso",
  "data": {
    "Apellidos": "Godoy Villarubia",
    "Nombres": "Marisol Ceferina",
    "Rol": "PP",
    "token": "eyJhbGciOiJIUzI1NiIsInR5cCI6IkpXVCJ9.eyJJRF9Vc3VhcmlvIjoiMTUzNzgzMTciLCJOb21icmVfVXN1YXJpbyI6Im1hcmlzb2xfZ29kb3lfMTUzNyIsIlJEUDAyX0lOU1RBTkNFIjoiUkRQMDJfSU5TMiIsIlJEUDAzX0lOU1RBTkNFIjoiUkRQMDNfSU5TNCIsIlJvbCI6IlBQIiwiaWF0IjoxNzUxOTU3ODExLCJleHAiOjE3NTE5NzU4MTF9.ZPVJf-hYTINlGPLGFX1h9vEYaVQfq8bDDnB8Y353JXo",
    "Google_Drive_Foto_ID": "1p8FC3py693IjnMTa4uINq5lVSb9P3LBc",
    "Genero": "F"
  }
}


01:57:01.473 [pool-2-thread-2] INFO  com.intuit.karate - [print] eyJhbGciOiJIUzI1NiIsInR5cCI6IkpXVCJ9.eyJJRF9Vc3VhcmlvIjoiMTUzNzgzMTciLCJOb21icmVfVXN1YXJpbyI6Im1hcmlzb2xfZ29kb3lfMTUzNyIsIlJEUDAyX0lOU1RBTkNFIjoiUkRQMDJfSU5TMiIsIlJEUDAzX0lOU1RBTkNFIjoiUkRQMDNfSU5TNCIsIlJvbCI6IlBQIiwiaWF0IjoxNzUxOTU3ODExLCJleHAiOjE3NTE5NzU4MTF9.ZPVJf-hYTINlGPLGFX1h9vEYaVQfq8bDDnB8Y353JXo 
01:57:01.473 [pool-2-thread-2] INFO  com.intuit.karate - [print] PP 
01:57:01.473 [pool-2-thread-2] DEBUG com.intuit.karate - request:
1 > POST https://siasis-dev.vercel.app/api/auth/login
1 > Cookie: Apellidos=Apolinario%20Quispe; Google_Drive_Foto_ID=1zGZuWnkBA59hSHlTgGVXrduC8eBgrKi1; Nombres=David%20Julian; Genero=M; Rol=PS; token=eyJhbGciOiJIUzI1NiIsInR5cCI6IkpXVCJ9.eyJJRF9Vc3VhcmlvIjoiMTUzNzEwMjgiLCJOb21icmVfVXN1YXJpbyI6ImRhdmlkX2Fwb2xpbmFyaW9fMTUzNyIsIlJEUDAyX0lOU1RBTkNFIjoiUkRQMDJfSU5TMyIsIlJEUDAzX0lOU1RBTkNFIjoiUkRQMDNfSU5TNCIsIlJvbCI6IlBTIiwiaWF0IjoxNzUxOTU3ODEwLCJleHAiOjE3NTE5NzU4MTB9.BVZoGGS06dtrgejezFWlRi8VUhJSDphQKblOYCBOdKI
1 > Content-Type: application/json; charset=UTF-8
1 > Content-Length: 460
1 > Host: siasis-dev.vercel.app
1 > Connection: Keep-Alive
1 > User-Agent: Apache-HttpClient/4.5.14 (Java/17.0.12)
1 > Accept-Encoding: gzip,deflate
{
  "Nombres": "Marisol Ceferina",
  "Apellidos": "Godoy Villarubia",
  "token": "eyJhbGciOiJIUzI1NiIsInR5cCI6IkpXVCJ9.eyJJRF9Vc3VhcmlvIjoiMTUzNzgzMTciLCJOb21icmVfVXN1YXJpbyI6Im1hcmlzb2xfZ29kb3lfMTUzNyIsIlJEUDAyX0lOU1RBTkNFIjoiUkRQMDJfSU5TMiIsIlJEUDAzX0lOU1RBTkNFIjoiUkRQMDNfSU5TNCIsIlJvbCI6IlBQIiwiaWF0IjoxNzUxOTU3ODExLCJleHAiOjE3NTE5NzU4MTF9.ZPVJf-hYTINlGPLGFX1h9vEYaVQfq8bDDnB8Y353JXo",
  "Genero": "F",
  "Google_Drive_Foto_ID": "1p8FC3py693IjnMTa4uINq5lVSb9P3LBc",
  "Rol": "PP"
}


01:57:01.573 [pool-2-thread-1] DEBUG com.intuit.karate - response time in milliseconds: 524
1 < 200
1 < Access-Control-Allow-Origin: *
1 < Cache-Control: public, max-age=0, must-revalidate
1 < Content-Length: 505
1 < Content-Type: application/json; charset=utf-8
1 < Date: Tue, 08 Jul 2025 06:56:52 GMT
1 < Etag: W/"1f9-sP8xs1AmGPvtQHyaEY9zRwFEMMA"
1 < Server: Vercel
1 < Strict-Transport-Security: max-age=63072000; includeSubDomains; preload
1 < X-Powered-By: Express
1 < X-Vercel-Cache: MISS
1 < X-Vercel-Id: gru1::iad1::zpjsk-1751957811854-80e3c84de12b
{
  "success": true,
  "message": "Inicio de sesión exitoso",
  "data": {
    "Apellidos": "Centeno Diaz",
    "Nombres": "Jose",
    "Rol": "PA",
    "token": "eyJhbGciOiJIUzI1NiIsInR5cCI6IkpXVCJ9.eyJJRF9Vc3VhcmlvIjoiNDE4MDk5MTAiLCJOb21icmVfVXN1YXJpbyI6Impvc2VfY2VudGVub180MTgwIiwiUkRQMDJfSU5TVEFOQ0UiOiJSRFAwMl9JTlMyIiwiUkRQMDNfSU5TVEFOQ0UiOiJSRFAwM19JTlMzIiwiUm9sIjoiUEEiLCJpYXQiOjE3NTE5NTc4MTIsImV4cCI6MTc1MTk3NTgxMn0.h-cYYDaKmNzbSPv71wpY3N2hMZV5LIxyt1yPFR2yI24",
    "Google_Drive_Foto_ID": "1Jv0B596JMyZMRO7MFcdXW0nN8AI7hFIe",
    "Genero": "M"
  }
}


01:57:01.573 [pool-2-thread-1] INFO  com.intuit.karate - [print] eyJhbGciOiJIUzI1NiIsInR5cCI6IkpXVCJ9.eyJJRF9Vc3VhcmlvIjoiNDE4MDk5MTAiLCJOb21icmVfVXN1YXJpbyI6Impvc2VfY2VudGVub180MTgwIiwiUkRQMDJfSU5TVEFOQ0UiOiJSRFAwMl9JTlMyIiwiUkRQMDNfSU5TVEFOQ0UiOiJSRFAwM19JTlMzIiwiUm9sIjoiUEEiLCJpYXQiOjE3NTE5NTc4MTIsImV4cCI6MTc1MTk3NTgxMn0.h-cYYDaKmNzbSPv71wpY3N2hMZV5LIxyt1yPFR2yI24 
01:57:01.573 [pool-2-thread-1] INFO  com.intuit.karate - [print] PA 
01:57:01.578 [pool-2-thread-1] DEBUG com.intuit.karate - request:
1 > POST https://siasis-dev.vercel.app/api/auth/login
1 > Cookie: Apellidos=Godoy%20Villarubia; Google_Drive_Foto_ID=1p8FC3py693IjnMTa4uINq5lVSb9P3LBc; Nombres=Marisol%20Ceferina; Genero=F; Rol=PP; token=eyJhbGciOiJIUzI1NiIsInR5cCI6IkpXVCJ9.eyJJRF9Vc3VhcmlvIjoiMTUzNzgzMTciLCJOb21icmVfVXN1YXJpbyI6Im1hcmlzb2xfZ29kb3lfMTUzNyIsIlJEUDAyX0lOU1RBTkNFIjoiUkRQMDJfSU5TMiIsIlJEUDAzX0lOU1RBTkNFIjoiUkRQMDNfSU5TNSIsIlJvbCI6IlBQIiwiaWF0IjoxNzUxOTU3ODEwLCJleHAiOjE3NTE5NzU4MTB9.CWofZDfYDZTiG0sb90MZIUG40Y-XE7PqTXkmPvw0_7Y
1 > Content-Type: application/json; charset=UTF-8
1 > Content-Length: 443
1 > Host: siasis-dev.vercel.app
1 > Connection: Keep-Alive
1 > User-Agent: Apache-HttpClient/4.5.14 (Java/17.0.12)
1 > Accept-Encoding: gzip,deflate
{
  "Nombres": "Jose",
  "Apellidos": "Centeno Diaz",
  "token": "eyJhbGciOiJIUzI1NiIsInR5cCI6IkpXVCJ9.eyJJRF9Vc3VhcmlvIjoiNDE4MDk5MTAiLCJOb21icmVfVXN1YXJpbyI6Impvc2VfY2VudGVub180MTgwIiwiUkRQMDJfSU5TVEFOQ0UiOiJSRFAwMl9JTlMyIiwiUkRQMDNfSU5TVEFOQ0UiOiJSRFAwM19JTlMzIiwiUm9sIjoiUEEiLCJpYXQiOjE3NTE5NTc4MTIsImV4cCI6MTc1MTk3NTgxMn0.h-cYYDaKmNzbSPv71wpY3N2hMZV5LIxyt1yPFR2yI24",
  "Genero": "M",
  "Google_Drive_Foto_ID": "1Jv0B596JMyZMRO7MFcdXW0nN8AI7hFIe",
  "Rol": "PA"
}


01:57:01.583 [pool-2-thread-4] DEBUG com.intuit.karate - response time in milliseconds: 515
1 < 200
1 < Access-Control-Allow-Origin: *
1 < Cache-Control: public, max-age=0, must-revalidate
1 < Content-Length: 522
1 < Content-Type: application/json; charset=utf-8
1 < Date: Tue, 08 Jul 2025 06:56:52 GMT
1 < Etag: W/"20a-e+mBBkL5UzGNXlJ7VumaDx+9WxI"
1 < Server: Vercel
1 < Strict-Transport-Security: max-age=63072000; includeSubDomains; preload
1 < X-Powered-By: Express
1 < X-Vercel-Cache: MISS
1 < X-Vercel-Id: gru1::iad1::cq8gr-1751957811867-53c4493a072e
{
  "success": true,
  "message": "Inicio de sesión exitoso",
  "data": {
    "Apellidos": "Godoy Villarubia",
    "Nombres": "Marisol Ceferina",
    "Rol": "PP",
    "token": "eyJhbGciOiJIUzI1NiIsInR5cCI6IkpXVCJ9.eyJJRF9Vc3VhcmlvIjoiMTUzNzgzMTciLCJOb21icmVfVXN1YXJpbyI6Im1hcmlzb2xfZ29kb3lfMTUzNyIsIlJEUDAyX0lOU1RBTkNFIjoiUkRQMDJfSU5TMyIsIlJEUDAzX0lOU1RBTkNFIjoiUkRQMDNfSU5TNSIsIlJvbCI6IlBQIiwiaWF0IjoxNzUxOTU3ODEyLCJleHAiOjE3NTE5NzU4MTJ9.aDo55Vzt6C1M1reDOIX4bWXKggWjZ7ft8d6tRwGdR-Y",
    "Google_Drive_Foto_ID": "1p8FC3py693IjnMTa4uINq5lVSb9P3LBc",
    "Genero": "F"
  }
}


01:57:01.583 [pool-2-thread-4] INFO  com.intuit.karate - [print] eyJhbGciOiJIUzI1NiIsInR5cCI6IkpXVCJ9.eyJJRF9Vc3VhcmlvIjoiMTUzNzgzMTciLCJOb21icmVfVXN1YXJpbyI6Im1hcmlzb2xfZ29kb3lfMTUzNyIsIlJEUDAyX0lOU1RBTkNFIjoiUkRQMDJfSU5TMyIsIlJEUDAzX0lOU1RBTkNFIjoiUkRQMDNfSU5TNSIsIlJvbCI6IlBQIiwiaWF0IjoxNzUxOTU3ODEyLCJleHAiOjE3NTE5NzU4MTJ9.aDo55Vzt6C1M1reDOIX4bWXKggWjZ7ft8d6tRwGdR-Y 
01:57:01.583 [pool-2-thread-4] INFO  com.intuit.karate - [print] PP 
01:57:01.588 [pool-2-thread-4] DEBUG com.intuit.karate - request:
1 > POST https://siasis-dev.vercel.app/api/auth/login
1 > Cookie: Apellidos=Apolinario%20Quispe; Google_Drive_Foto_ID=1Kvyn3lWOxzuURkPFBSGCPHmTshBUXAZg; Nombres=David%20Julian; Genero=M; Rol=PS; token=eyJhbGciOiJIUzI1NiIsInR5cCI6IkpXVCJ9.eyJJRF9Vc3VhcmlvIjoiMTUzNzEwMjgiLCJOb21icmVfVXN1YXJpbyI6ImRhdmlkX2Fwb2xpbmFyaW9fMTUzNyIsIlJEUDAyX0lOU1RBTkNFIjoiUkRQMDJfSU5TMiIsIlJEUDAzX0lOU1RBTkNFIjoiUkRQMDNfSU5TMSIsIlJvbCI6IlBTIiwiaWF0IjoxNzUxOTU3ODEwLCJleHAiOjE3NTE5NzU4MTB9.mur5Ohq6W11THC8iQlcUlL7H2wNUqij-LCOudvC3Qik
1 > Content-Type: application/json; charset=UTF-8
1 > Content-Length: 460
1 > Host: siasis-dev.vercel.app
1 > Connection: Keep-Alive
1 > User-Agent: Apache-HttpClient/4.5.14 (Java/17.0.12)
1 > Accept-Encoding: gzip,deflate
{
  "Nombres": "Marisol Ceferina",
  "Apellidos": "Godoy Villarubia",
  "token": "eyJhbGciOiJIUzI1NiIsInR5cCI6IkpXVCJ9.eyJJRF9Vc3VhcmlvIjoiMTUzNzgzMTciLCJOb21icmVfVXN1YXJpbyI6Im1hcmlzb2xfZ29kb3lfMTUzNyIsIlJEUDAyX0lOU1RBTkNFIjoiUkRQMDJfSU5TMyIsIlJEUDAzX0lOU1RBTkNFIjoiUkRQMDNfSU5TNSIsIlJvbCI6IlBQIiwiaWF0IjoxNzUxOTU3ODEyLCJleHAiOjE3NTE5NzU4MTJ9.aDo55Vzt6C1M1reDOIX4bWXKggWjZ7ft8d6tRwGdR-Y",
  "Genero": "F",
  "Google_Drive_Foto_ID": "1p8FC3py693IjnMTa4uINq5lVSb9P3LBc",
  "Rol": "PP"
}


01:57:01.708 [pool-2-thread-3] DEBUG com.intuit.karate - response time in milliseconds: 577
1 < 200
1 < Cache-Control: public, max-age=0, must-revalidate
1 < Content-Type: application/json
1 < Date: Tue, 08 Jul 2025 06:56:52 GMT
1 < Server: Vercel
1 < Strict-Transport-Security: max-age=63072000; includeSubDomains; preload
1 < Vary: RSC, Next-Router-State-Tree, Next-Router-Prefetch, Next-Router-Segment-Prefetch
1 < X-Matched-Path: /api/asistencia-hoy/marcar
1 < X-Vercel-Cache: MISS
1 < X-Vercel-Id: gru1::iad1::bdvft-1751957811926-37b5de7c3dc6
1 < Transfer-Encoding: chunked
{
  "success": true,
  "message": "La asistencia ya había sido registrada anteriormente",
  "data": {
    "timestamp": 1751957812036,
    "desfaseSegundos": 3590,
    "esNuevoRegistro": false,
    "esRegistroPropio": false,
    "actorRegistrado": "PP",
    "tipoAsistencia": "personal"
  }
}


01:57:01.714 [pool-2-thread-3] DEBUG c.intuit.karate.core.ScenarioEngine - over-writing existing variable 'loginFeature' with new value: 'classpath:resources/features/login/PersonalAdmin.feature'
01:57:01.718 [pool-2-thread-3] DEBUG c.intuit.karate.core.ScenarioEngine - over-writing existing variable 'loginResponse' with new value: call read(loginFeature)
01:57:01.721 [pool-2-thread-3] DEBUG com.intuit.karate - request:
1 > POST https://api01-siasis-dev.vercel.app/api/login/personal-administrativo
1 > Cookie: Apellidos=Godoy%20Villarubia; Google_Drive_Foto_ID=1p8FC3py693IjnMTa4uINq5lVSb9P3LBc; Nombres=Marisol%20Ceferina; Genero=F; Rol=PP; token=eyJhbGciOiJIUzI1NiIsInR5cCI6IkpXVCJ9.eyJJRF9Vc3VhcmlvIjoiMTUzNzgzMTciLCJOb21icmVfVXN1YXJpbyI6Im1hcmlzb2xfZ29kb3lfMTUzNyIsIlJEUDAyX0lOU1RBTkNFIjoiUkRQMDJfSU5TMSIsIlJEUDAzX0lOU1RBTkNFIjoiUkRQMDNfSU5TMyIsIlJvbCI6IlBQIiwiaWF0IjoxNzUxOTU3ODExLCJleHAiOjE3NTE5NzU4MTF9.JCy6l-Di9r1FdfCvHVbIk5z2RZ7XlDtjKhmzH166izU
1 > Content-Type: application/json; charset=UTF-8
1 > Content-Length: 63
1 > Host: api01-siasis-dev.vercel.app
1 > Connection: Keep-Alive
1 > User-Agent: Apache-HttpClient/4.5.14 (Java/17.0.12)
1 > Accept-Encoding: gzip,deflate
{
  "Nombre_Usuario": "jose_centeno_4180",
  "Contraseña": "41809910"
}


01:57:01.904 [pool-2-thread-5] DEBUG com.intuit.karate - response time in milliseconds: 446
1 < 201
1 < Cache-Control: public, max-age=0, must-revalidate
1 < Content-Length: 0
1 < Date: Tue, 08 Jul 2025 06:56:52 GMT
1 < Server: Vercel
1 < Set-Cookie: Nombres=Jose; Max-Age=18000; Path=/; HttpOnly; Secure; SameSite=Lax
1 < Set-Cookie: Apellidos=Centeno%20Diaz; Max-Age=18000; Path=/; HttpOnly; Secure; SameSite=Lax
1 < Set-Cookie: Rol=PA; Max-Age=18000; Path=/; HttpOnly; Secure; SameSite=Lax
1 < Set-Cookie: token=eyJhbGciOiJIUzI1NiIsInR5cCI6IkpXVCJ9.eyJJRF9Vc3VhcmlvIjoiNDE4MDk5MTAiLCJOb21icmVfVXN1YXJpbyI6Impvc2VfY2VudGVub180MTgwIiwiUkRQMDJfSU5TVEFOQ0UiOiJSRFAwMl9JTlMyIiwiUkRQMDNfSU5TVEFOQ0UiOiJSRFAwM19JTlM0IiwiUm9sIjoiUEEiLCJpYXQiOjE3NTE5NTc4MTEsImV4cCI6MTc1MTk3NTgxMX0.dVbt565wF-Svau7a8Wsy1-oY3WjYTs4nZI0xHtQT4iQ; Max-Age=18000; Path=/; HttpOnly; Secure; SameSite=Lax
1 < Set-Cookie: Genero=M; Max-Age=18000; Path=/; HttpOnly; Secure; SameSite=Lax
1 < Set-Cookie: Google_Drive_Foto_ID=1sU6Vjh0xUDJ3oT2Za_t41Q1QqUte2bHy; Max-Age=18000; Path=/; HttpOnly; Secure; SameSite=Lax
1 < Strict-Transport-Security: max-age=63072000; includeSubDomains; preload
1 < Vary: RSC, Next-Router-State-Tree, Next-Router-Prefetch, Next-Router-Segment-Prefetch
1 < X-Matched-Path: /api/auth/login
1 < X-Vercel-Cache: MISS
1 < X-Vercel-Id: gru1::iad1::hxpww-1751957812259-aea840e3c73c


01:57:01.904 [pool-2-thread-2] DEBUG com.intuit.karate - response time in milliseconds: 431
1 < 201
1 < Cache-Control: public, max-age=0, must-revalidate
1 < Content-Length: 0
1 < Date: Tue, 08 Jul 2025 06:56:52 GMT
1 < Server: Vercel
1 < Set-Cookie: Nombres=Marisol%20Ceferina; Max-Age=18000; Path=/; HttpOnly; Secure; SameSite=Lax
1 < Set-Cookie: Apellidos=Godoy%20Villarubia; Max-Age=18000; Path=/; HttpOnly; Secure; SameSite=Lax
1 < Set-Cookie: Rol=PP; Max-Age=18000; Path=/; HttpOnly; Secure; SameSite=Lax
1 < Set-Cookie: token=eyJhbGciOiJIUzI1NiIsInR5cCI6IkpXVCJ9.eyJJRF9Vc3VhcmlvIjoiMTUzNzgzMTciLCJOb21icmVfVXN1YXJpbyI6Im1hcmlzb2xfZ29kb3lfMTUzNyIsIlJEUDAyX0lOU1RBTkNFIjoiUkRQMDJfSU5TMiIsIlJEUDAzX0lOU1RBTkNFIjoiUkRQMDNfSU5TNCIsIlJvbCI6IlBQIiwiaWF0IjoxNzUxOTU3ODExLCJleHAiOjE3NTE5NzU4MTF9.ZPVJf-hYTINlGPLGFX1h9vEYaVQfq8bDDnB8Y353JXo; Max-Age=18000; Path=/; HttpOnly; Secure; SameSite=Lax
1 < Set-Cookie: Genero=F; Max-Age=18000; Path=/; HttpOnly; Secure; SameSite=Lax
1 < Set-Cookie: Google_Drive_Foto_ID=1p8FC3py693IjnMTa4uINq5lVSb9P3LBc; Max-Age=18000; Path=/; HttpOnly; Secure; SameSite=Lax
1 < Strict-Transport-Security: max-age=63072000; includeSubDomains; preload
1 < Vary: RSC, Next-Router-State-Tree, Next-Router-Prefetch, Next-Router-Segment-Prefetch
1 < X-Matched-Path: /api/auth/login
1 < X-Vercel-Cache: MISS
1 < X-Vercel-Id: gru1::iad1::kpjfh-1751957812275-14fe87ce4b2c


01:57:01.907 [pool-2-thread-5] DEBUG c.intuit.karate.core.ScenarioEngine - over-writing existing variable 'fechaHoraEsperadaISO' with new value: getAdjustedTime()
01:57:01.907 [pool-2-thread-2] DEBUG c.intuit.karate.core.ScenarioEngine - over-writing existing variable 'fechaHoraEsperadaISO' with new value: getAdjustedTime()
01:57:01.910 [pool-2-thread-2] DEBUG com.intuit.karate - request:
1 > POST https://siasis-dev.vercel.app/api/asistencia-hoy/marcar
1 > Cookie: Apellidos=Godoy%20Villarubia; Google_Drive_Foto_ID=1p8FC3py693IjnMTa4uINq5lVSb9P3LBc; Nombres=Marisol%20Ceferina; Genero=F; Rol=PP; token=eyJhbGciOiJIUzI1NiIsInR5cCI6IkpXVCJ9.eyJJRF9Vc3VhcmlvIjoiMTUzNzgzMTciLCJOb21icmVfVXN1YXJpbyI6Im1hcmlzb2xfZ29kb3lfMTUzNyIsIlJEUDAyX0lOU1RBTkNFIjoiUkRQMDJfSU5TMiIsIlJEUDAzX0lOU1RBTkNFIjoiUkRQMDNfSU5TNCIsIlJvbCI6IlBQIiwiaWF0IjoxNzUxOTU3ODExLCJleHAiOjE3NTE5NzU4MTF9.ZPVJf-hYTINlGPLGFX1h9vEYaVQfq8bDDnB8Y353JXo
1 > Content-Type: application/json; charset=UTF-8
1 > Content-Length: 70
1 > Host: siasis-dev.vercel.app
1 > Connection: Keep-Alive
1 > User-Agent: Apache-HttpClient/4.5.14 (Java/17.0.12)
1 > Accept-Encoding: gzip,deflate
{
  "ModoRegistro": "E",
  "FechaHoraEsperadaISO": "2025-07-08T05:57:01.907Z"
}


01:57:01.910 [pool-2-thread-5] DEBUG com.intuit.karate - request:
1 > POST https://siasis-dev.vercel.app/api/asistencia-hoy/marcar
1 > Cookie: Apellidos=Centeno%20Diaz; Google_Drive_Foto_ID=1sU6Vjh0xUDJ3oT2Za_t41Q1QqUte2bHy; Nombres=Jose; Genero=M; Rol=PA; token=eyJhbGciOiJIUzI1NiIsInR5cCI6IkpXVCJ9.eyJJRF9Vc3VhcmlvIjoiNDE4MDk5MTAiLCJOb21icmVfVXN1YXJpbyI6Impvc2VfY2VudGVub180MTgwIiwiUkRQMDJfSU5TVEFOQ0UiOiJSRFAwMl9JTlMyIiwiUkRQMDNfSU5TVEFOQ0UiOiJSRFAwM19JTlM0IiwiUm9sIjoiUEEiLCJpYXQiOjE3NTE5NTc4MTEsImV4cCI6MTc1MTk3NTgxMX0.dVbt565wF-Svau7a8Wsy1-oY3WjYTs4nZI0xHtQT4iQ
1 > Content-Type: application/json; charset=UTF-8
1 > Content-Length: 70
1 > Host: siasis-dev.vercel.app
1 > Connection: Keep-Alive
1 > User-Agent: Apache-HttpClient/4.5.14 (Java/17.0.12)
1 > Accept-Encoding: gzip,deflate
{
  "ModoRegistro": "E",
  "FechaHoraEsperadaISO": "2025-07-08T05:57:01.906Z"
}


01:57:01.988 [pool-2-thread-1] DEBUG com.intuit.karate - response time in milliseconds: 410
1 < 201
1 < Cache-Control: public, max-age=0, must-revalidate
1 < Content-Length: 0
1 < Date: Tue, 08 Jul 2025 06:56:52 GMT
1 < Server: Vercel
1 < Set-Cookie: Nombres=Jose; Max-Age=18000; Path=/; HttpOnly; Secure; SameSite=Lax
1 < Set-Cookie: Apellidos=Centeno%20Diaz; Max-Age=18000; Path=/; HttpOnly; Secure; SameSite=Lax
1 < Set-Cookie: Rol=PA; Max-Age=18000; Path=/; HttpOnly; Secure; SameSite=Lax
1 < Set-Cookie: token=eyJhbGciOiJIUzI1NiIsInR5cCI6IkpXVCJ9.eyJJRF9Vc3VhcmlvIjoiNDE4MDk5MTAiLCJOb21icmVfVXN1YXJpbyI6Impvc2VfY2VudGVub180MTgwIiwiUkRQMDJfSU5TVEFOQ0UiOiJSRFAwMl9JTlMyIiwiUkRQMDNfSU5TVEFOQ0UiOiJSRFAwM19JTlMzIiwiUm9sIjoiUEEiLCJpYXQiOjE3NTE5NTc4MTIsImV4cCI6MTc1MTk3NTgxMn0.h-cYYDaKmNzbSPv71wpY3N2hMZV5LIxyt1yPFR2yI24; Max-Age=18000; Path=/; HttpOnly; Secure; SameSite=Lax
1 < Set-Cookie: Genero=M; Max-Age=18000; Path=/; HttpOnly; Secure; SameSite=Lax
1 < Set-Cookie: Google_Drive_Foto_ID=1Jv0B596JMyZMRO7MFcdXW0nN8AI7hFIe; Max-Age=18000; Path=/; HttpOnly; Secure; SameSite=Lax
1 < Strict-Transport-Security: max-age=63072000; includeSubDomains; preload
1 < Vary: RSC, Next-Router-State-Tree, Next-Router-Prefetch, Next-Router-Segment-Prefetch
1 < X-Matched-Path: /api/auth/login
1 < X-Vercel-Cache: MISS
1 < X-Vercel-Id: gru1::iad1::bsmv9-1751957812375-a13c6f3a0835


01:57:01.996 [pool-2-thread-1] DEBUG c.intuit.karate.core.ScenarioEngine - over-writing existing variable 'fechaHoraEsperadaISO' with new value: getAdjustedTime()
01:57:02.000 [pool-2-thread-1] DEBUG com.intuit.karate - request:
1 > POST https://siasis-dev.vercel.app/api/asistencia-hoy/marcar
1 > Cookie: Apellidos=Centeno%20Diaz; Google_Drive_Foto_ID=1Jv0B596JMyZMRO7MFcdXW0nN8AI7hFIe; Nombres=Jose; Genero=M; Rol=PA; token=eyJhbGciOiJIUzI1NiIsInR5cCI6IkpXVCJ9.eyJJRF9Vc3VhcmlvIjoiNDE4MDk5MTAiLCJOb21icmVfVXN1YXJpbyI6Impvc2VfY2VudGVub180MTgwIiwiUkRQMDJfSU5TVEFOQ0UiOiJSRFAwMl9JTlMyIiwiUkRQMDNfSU5TVEFOQ0UiOiJSRFAwM19JTlMzIiwiUm9sIjoiUEEiLCJpYXQiOjE3NTE5NTc4MTIsImV4cCI6MTc1MTk3NTgxMn0.h-cYYDaKmNzbSPv71wpY3N2hMZV5LIxyt1yPFR2yI24
1 > Content-Type: application/json; charset=UTF-8
1 > Content-Length: 70
1 > Host: siasis-dev.vercel.app
1 > Connection: Keep-Alive
1 > User-Agent: Apache-HttpClient/4.5.14 (Java/17.0.12)
1 > Accept-Encoding: gzip,deflate
{
  "ModoRegistro": "E",
  "FechaHoraEsperadaISO": "2025-07-08T05:57:01.995Z"
}


01:57:02.006 [pool-2-thread-4] DEBUG com.intuit.karate - response time in milliseconds: 412
1 < 201
1 < Cache-Control: public, max-age=0, must-revalidate
1 < Content-Length: 0
1 < Date: Tue, 08 Jul 2025 06:56:52 GMT
1 < Server: Vercel
1 < Set-Cookie: Nombres=Marisol%20Ceferina; Max-Age=18000; Path=/; HttpOnly; Secure; SameSite=Lax
1 < Set-Cookie: Apellidos=Godoy%20Villarubia; Max-Age=18000; Path=/; HttpOnly; Secure; SameSite=Lax
1 < Set-Cookie: Rol=PP; Max-Age=18000; Path=/; HttpOnly; Secure; SameSite=Lax
1 < Set-Cookie: token=eyJhbGciOiJIUzI1NiIsInR5cCI6IkpXVCJ9.eyJJRF9Vc3VhcmlvIjoiMTUzNzgzMTciLCJOb21icmVfVXN1YXJpbyI6Im1hcmlzb2xfZ29kb3lfMTUzNyIsIlJEUDAyX0lOU1RBTkNFIjoiUkRQMDJfSU5TMyIsIlJEUDAzX0lOU1RBTkNFIjoiUkRQMDNfSU5TNSIsIlJvbCI6IlBQIiwiaWF0IjoxNzUxOTU3ODEyLCJleHAiOjE3NTE5NzU4MTJ9.aDo55Vzt6C1M1reDOIX4bWXKggWjZ7ft8d6tRwGdR-Y; Max-Age=18000; Path=/; HttpOnly; Secure; SameSite=Lax
1 < Set-Cookie: Genero=F; Max-Age=18000; Path=/; HttpOnly; Secure; SameSite=Lax
1 < Set-Cookie: Google_Drive_Foto_ID=1p8FC3py693IjnMTa4uINq5lVSb9P3LBc; Max-Age=18000; Path=/; HttpOnly; Secure; SameSite=Lax
1 < Strict-Transport-Security: max-age=63072000; includeSubDomains; preload
1 < Vary: RSC, Next-Router-State-Tree, Next-Router-Prefetch, Next-Router-Segment-Prefetch
1 < X-Matched-Path: /api/auth/login
1 < X-Vercel-Cache: MISS
1 < X-Vercel-Id: gru1::iad1::z422j-1751957812385-687a3e84b7b4


01:57:02.006 [pool-2-thread-4] DEBUG c.intuit.karate.core.ScenarioEngine - over-writing existing variable 'fechaHoraEsperadaISO' with new value: getAdjustedTime()
01:57:02.008 [pool-2-thread-4] DEBUG com.intuit.karate - request:
1 > POST https://siasis-dev.vercel.app/api/asistencia-hoy/marcar
1 > Cookie: Apellidos=Godoy%20Villarubia; Google_Drive_Foto_ID=1p8FC3py693IjnMTa4uINq5lVSb9P3LBc; Nombres=Marisol%20Ceferina; Genero=F; Rol=PP; token=eyJhbGciOiJIUzI1NiIsInR5cCI6IkpXVCJ9.eyJJRF9Vc3VhcmlvIjoiMTUzNzgzMTciLCJOb21icmVfVXN1YXJpbyI6Im1hcmlzb2xfZ29kb3lfMTUzNyIsIlJEUDAyX0lOU1RBTkNFIjoiUkRQMDJfSU5TMyIsIlJEUDAzX0lOU1RBTkNFIjoiUkRQMDNfSU5TNSIsIlJvbCI6IlBQIiwiaWF0IjoxNzUxOTU3ODEyLCJleHAiOjE3NTE5NzU4MTJ9.aDo55Vzt6C1M1reDOIX4bWXKggWjZ7ft8d6tRwGdR-Y
1 > Content-Type: application/json; charset=UTF-8
1 > Content-Length: 70
1 > Host: siasis-dev.vercel.app
1 > Connection: Keep-Alive
1 > User-Agent: Apache-HttpClient/4.5.14 (Java/17.0.12)
1 > Accept-Encoding: gzip,deflate
{
  "ModoRegistro": "E",
  "FechaHoraEsperadaISO": "2025-07-08T05:57:02.006Z"
}


01:57:02.262 [pool-2-thread-3] DEBUG com.intuit.karate - response time in milliseconds: 541
1 < 200
1 < Access-Control-Allow-Origin: *
1 < Cache-Control: public, max-age=0, must-revalidate
1 < Content-Length: 505
1 < Content-Type: application/json; charset=utf-8
1 < Date: Tue, 08 Jul 2025 06:56:52 GMT
1 < Etag: W/"1f9-HRJCX/uREXzlbvf0O056cw98NGQ"
1 < Server: Vercel
1 < Strict-Transport-Security: max-age=63072000; includeSubDomains; preload
1 < X-Powered-By: Express
1 < X-Vercel-Cache: MISS
1 < X-Vercel-Id: gru1::iad1::lf27c-1751957812529-0bc1a79d2b06
{
  "success": true,
  "message": "Inicio de sesión exitoso",
  "data": {
    "Apellidos": "Centeno Diaz",
    "Nombres": "Jose",
    "Rol": "PA",
    "token": "eyJhbGciOiJIUzI1NiIsInR5cCI6IkpXVCJ9.eyJJRF9Vc3VhcmlvIjoiNDE4MDk5MTAiLCJOb21icmVfVXN1YXJpbyI6Impvc2VfY2VudGVub180MTgwIiwiUkRQMDJfSU5TVEFOQ0UiOiJSRFAwMl9JTlMyIiwiUkRQMDNfSU5TVEFOQ0UiOiJSRFAwM19JTlMyIiwiUm9sIjoiUEEiLCJpYXQiOjE3NTE5NTc4MTIsImV4cCI6MTc1MTk3NTgxMn0.PfBuPGaidKrIhzG45d-_KjqqPd8SqcQNndwKXTU_ECg",
    "Google_Drive_Foto_ID": "1sU6Vjh0xUDJ3oT2Za_t41Q1QqUte2bHy",
    "Genero": "M"
  }
}


01:57:02.262 [pool-2-thread-3] INFO  com.intuit.karate - [print] eyJhbGciOiJIUzI1NiIsInR5cCI6IkpXVCJ9.eyJJRF9Vc3VhcmlvIjoiNDE4MDk5MTAiLCJOb21icmVfVXN1YXJpbyI6Impvc2VfY2VudGVub180MTgwIiwiUkRQMDJfSU5TVEFOQ0UiOiJSRFAwMl9JTlMyIiwiUkRQMDNfSU5TVEFOQ0UiOiJSRFAwM19JTlMyIiwiUm9sIjoiUEEiLCJpYXQiOjE3NTE5NTc4MTIsImV4cCI6MTc1MTk3NTgxMn0.PfBuPGaidKrIhzG45d-_KjqqPd8SqcQNndwKXTU_ECg 
01:57:02.262 [pool-2-thread-3] INFO  com.intuit.karate - [print] PA 
01:57:02.262 [pool-2-thread-3] DEBUG com.intuit.karate - request:
1 > POST https://siasis-dev.vercel.app/api/auth/login
1 > Cookie: Apellidos=Godoy%20Villarubia; Google_Drive_Foto_ID=1p8FC3py693IjnMTa4uINq5lVSb9P3LBc; Nombres=Marisol%20Ceferina; Genero=F; Rol=PP; token=eyJhbGciOiJIUzI1NiIsInR5cCI6IkpXVCJ9.eyJJRF9Vc3VhcmlvIjoiMTUzNzgzMTciLCJOb21icmVfVXN1YXJpbyI6Im1hcmlzb2xfZ29kb3lfMTUzNyIsIlJEUDAyX0lOU1RBTkNFIjoiUkRQMDJfSU5TMSIsIlJEUDAzX0lOU1RBTkNFIjoiUkRQMDNfSU5TMyIsIlJvbCI6IlBQIiwiaWF0IjoxNzUxOTU3ODExLCJleHAiOjE3NTE5NzU4MTF9.JCy6l-Di9r1FdfCvHVbIk5z2RZ7XlDtjKhmzH166izU
1 > Content-Type: application/json; charset=UTF-8
1 > Content-Length: 443
1 > Host: siasis-dev.vercel.app
1 > Connection: Keep-Alive
1 > User-Agent: Apache-HttpClient/4.5.14 (Java/17.0.12)
1 > Accept-Encoding: gzip,deflate
{
  "Nombres": "Jose",
  "Apellidos": "Centeno Diaz",
  "token": "eyJhbGciOiJIUzI1NiIsInR5cCI6IkpXVCJ9.eyJJRF9Vc3VhcmlvIjoiNDE4MDk5MTAiLCJOb21icmVfVXN1YXJpbyI6Impvc2VfY2VudGVub180MTgwIiwiUkRQMDJfSU5TVEFOQ0UiOiJSRFAwMl9JTlMyIiwiUkRQMDNfSU5TVEFOQ0UiOiJSRFAwM19JTlMyIiwiUm9sIjoiUEEiLCJpYXQiOjE3NTE5NTc4MTIsImV4cCI6MTc1MTk3NTgxMn0.PfBuPGaidKrIhzG45d-_KjqqPd8SqcQNndwKXTU_ECg",
  "Genero": "M",
  "Google_Drive_Foto_ID": "1sU6Vjh0xUDJ3oT2Za_t41Q1QqUte2bHy",
  "Rol": "PA"
}


01:57:02.488 [pool-2-thread-5] DEBUG com.intuit.karate - response time in milliseconds: 578
1 < 200
1 < Cache-Control: public, max-age=0, must-revalidate
1 < Content-Type: application/json
1 < Date: Tue, 08 Jul 2025 06:56:52 GMT
1 < Server: Vercel
1 < Strict-Transport-Security: max-age=63072000; includeSubDomains; preload
1 < Vary: RSC, Next-Router-State-Tree, Next-Router-Prefetch, Next-Router-Segment-Prefetch
1 < X-Matched-Path: /api/asistencia-hoy/marcar
1 < X-Vercel-Cache: MISS
1 < X-Vercel-Id: gru1::iad1::z422j-1751957812706-dcbb99da4e39
1 < Transfer-Encoding: chunked
{
  "success": true,
  "message": "La asistencia ya había sido registrada anteriormente",
  "data": {
    "timestamp": 1751957812816,
    "desfaseSegundos": 3590,
    "esNuevoRegistro": false,
    "esRegistroPropio": false,
    "actorRegistrado": "PA",
    "tipoAsistencia": "personal"
  }
}


01:57:02.494 [pool-2-thread-5] DEBUG c.intuit.karate.core.ScenarioEngine - over-writing existing variable 'loginFeature' with new value: 'classpath:resources/features/login/PersonalAdmin.feature'
01:57:02.500 [pool-2-thread-5] DEBUG c.intuit.karate.core.ScenarioEngine - over-writing existing variable 'loginResponse' with new value: call read(loginFeature)
01:57:02.503 [pool-2-thread-2] DEBUG com.intuit.karate - response time in milliseconds: 593
1 < 200
1 < Cache-Control: public, max-age=0, must-revalidate
1 < Content-Type: application/json
1 < Date: Tue, 08 Jul 2025 06:56:52 GMT
1 < Server: Vercel
1 < Strict-Transport-Security: max-age=63072000; includeSubDomains; preload
1 < Vary: RSC, Next-Router-State-Tree, Next-Router-Prefetch, Next-Router-Segment-Prefetch
1 < X-Matched-Path: /api/asistencia-hoy/marcar
1 < X-Vercel-Cache: MISS
1 < X-Vercel-Id: gru1::iad1::9zltt-1751957812709-a9f886fd4c79
1 < Transfer-Encoding: chunked
{
  "success": true,
  "message": "La asistencia ya había sido registrada anteriormente",
  "data": {
    "timestamp": 1751957812828,
    "desfaseSegundos": 3590,
    "esNuevoRegistro": false,
    "esRegistroPropio": false,
    "actorRegistrado": "PP",
    "tipoAsistencia": "personal"
  }
}


01:57:02.504 [pool-2-thread-5] DEBUG com.intuit.karate - request:
1 > POST https://api01-siasis-dev.vercel.app/api/login/personal-administrativo
1 > Cookie: Apellidos=Centeno%20Diaz; Google_Drive_Foto_ID=1sU6Vjh0xUDJ3oT2Za_t41Q1QqUte2bHy; Nombres=Jose; Genero=M; Rol=PA; token=eyJhbGciOiJIUzI1NiIsInR5cCI6IkpXVCJ9.eyJJRF9Vc3VhcmlvIjoiNDE4MDk5MTAiLCJOb21icmVfVXN1YXJpbyI6Impvc2VfY2VudGVub180MTgwIiwiUkRQMDJfSU5TVEFOQ0UiOiJSRFAwMl9JTlMyIiwiUkRQMDNfSU5TVEFOQ0UiOiJSRFAwM19JTlM0IiwiUm9sIjoiUEEiLCJpYXQiOjE3NTE5NTc4MTEsImV4cCI6MTc1MTk3NTgxMX0.dVbt565wF-Svau7a8Wsy1-oY3WjYTs4nZI0xHtQT4iQ
1 > Content-Type: application/json; charset=UTF-8
1 > Content-Length: 63
1 > Host: api01-siasis-dev.vercel.app
1 > Connection: Keep-Alive
1 > User-Agent: Apache-HttpClient/4.5.14 (Java/17.0.12)
1 > Accept-Encoding: gzip,deflate
{
  "Nombre_Usuario": "jose_centeno_4180",
  "Contraseña": "41809910"
}


01:57:02.506 [pool-2-thread-2] DEBUG c.intuit.karate.core.ScenarioEngine - over-writing existing variable 'loginFeature' with new value: 'classpath:resources/features/login/PersonalAdmin.feature'
01:57:02.508 [pool-2-thread-2] DEBUG c.intuit.karate.core.ScenarioEngine - over-writing existing variable 'loginResponse' with new value: call read(loginFeature)
01:57:02.508 [pool-2-thread-2] DEBUG com.intuit.karate - request:
1 > POST https://api01-siasis-dev.vercel.app/api/login/personal-administrativo
1 > Cookie: Apellidos=Godoy%20Villarubia; Google_Drive_Foto_ID=1p8FC3py693IjnMTa4uINq5lVSb9P3LBc; Nombres=Marisol%20Ceferina; Genero=F; Rol=PP; token=eyJhbGciOiJIUzI1NiIsInR5cCI6IkpXVCJ9.eyJJRF9Vc3VhcmlvIjoiMTUzNzgzMTciLCJOb21icmVfVXN1YXJpbyI6Im1hcmlzb2xfZ29kb3lfMTUzNyIsIlJEUDAyX0lOU1RBTkNFIjoiUkRQMDJfSU5TMiIsIlJEUDAzX0lOU1RBTkNFIjoiUkRQMDNfSU5TNCIsIlJvbCI6IlBQIiwiaWF0IjoxNzUxOTU3ODExLCJleHAiOjE3NTE5NzU4MTF9.ZPVJf-hYTINlGPLGFX1h9vEYaVQfq8bDDnB8Y353JXo
1 > Content-Type: application/json; charset=UTF-8
1 > Content-Length: 63
1 > Host: api01-siasis-dev.vercel.app
1 > Connection: Keep-Alive
1 > User-Agent: Apache-HttpClient/4.5.14 (Java/17.0.12)
1 > Accept-Encoding: gzip,deflate
{
  "Nombre_Usuario": "jose_centeno_4180",
  "Contraseña": "41809910"
}


01:57:02.572 [pool-2-thread-4] DEBUG com.intuit.karate - response time in milliseconds: 564
1 < 200
1 < Cache-Control: public, max-age=0, must-revalidate
1 < Content-Type: application/json
1 < Date: Tue, 08 Jul 2025 06:56:53 GMT
1 < Server: Vercel
1 < Strict-Transport-Security: max-age=63072000; includeSubDomains; preload
1 < Vary: RSC, Next-Router-State-Tree, Next-Router-Prefetch, Next-Router-Segment-Prefetch
1 < X-Matched-Path: /api/asistencia-hoy/marcar
1 < X-Vercel-Cache: MISS
1 < X-Vercel-Id: gru1::iad1::cq8gr-1751957812811-7f908e371c8d
1 < Transfer-Encoding: chunked
{
  "success": true,
  "message": "La asistencia ya había sido registrada anteriormente",
  "data": {
    "timestamp": 1751957812910,
    "desfaseSegundos": 3590,
    "esNuevoRegistro": false,
    "esRegistroPropio": false,
    "actorRegistrado": "PP",
    "tipoAsistencia": "personal"
  }
}


01:57:02.578 [pool-2-thread-1] DEBUG com.intuit.karate - response time in milliseconds: 572
1 < 200
1 < Cache-Control: public, max-age=0, must-revalidate
1 < Content-Type: application/json
1 < Date: Tue, 08 Jul 2025 06:56:53 GMT
1 < Server: Vercel
1 < Strict-Transport-Security: max-age=63072000; includeSubDomains; preload
1 < Vary: RSC, Next-Router-State-Tree, Next-Router-Prefetch, Next-Router-Segment-Prefetch
1 < X-Matched-Path: /api/asistencia-hoy/marcar
1 < X-Vercel-Cache: MISS
1 < X-Vercel-Id: gru1::iad1::zh6qw-1751957812800-27f0bfde55d6
1 < Transfer-Encoding: chunked
{
  "success": true,
  "message": "La asistencia ya había sido registrada anteriormente",
  "data": {
    "timestamp": 1751957812900,
    "desfaseSegundos": 3590,
    "esNuevoRegistro": false,
    "esRegistroPropio": false,
    "actorRegistrado": "PA",
    "tipoAsistencia": "personal"
  }
}


01:57:02.578 [pool-2-thread-1] DEBUG c.intuit.karate.core.ScenarioEngine - over-writing existing variable 'loginFeature' with new value: 'classpath:resources/features/login/Directivo.feature'
01:57:02.578 [pool-2-thread-4] DEBUG c.intuit.karate.core.ScenarioEngine - over-writing existing variable 'loginFeature' with new value: 'classpath:resources/features/login/PersonalAdmin.feature'
01:57:02.584 [pool-2-thread-4] DEBUG c.intuit.karate.core.ScenarioEngine - over-writing existing variable 'loginResponse' with new value: call read(loginFeature)
01:57:02.584 [pool-2-thread-1] DEBUG c.intuit.karate.core.ScenarioEngine - over-writing existing variable 'loginResponse' with new value: call read(loginFeature)
01:57:02.592 [pool-2-thread-1] DEBUG com.intuit.karate - request:
1 > POST https://api01-siasis-dev.vercel.app/api/login/directivo
1 > Cookie: Apellidos=Centeno%20Diaz; Google_Drive_Foto_ID=1Jv0B596JMyZMRO7MFcdXW0nN8AI7hFIe; Nombres=Jose; Genero=M; Rol=PA; token=eyJhbGciOiJIUzI1NiIsInR5cCI6IkpXVCJ9.eyJJRF9Vc3VhcmlvIjoiNDE4MDk5MTAiLCJOb21icmVfVXN1YXJpbyI6Impvc2VfY2VudGVub180MTgwIiwiUkRQMDJfSU5TVEFOQ0UiOiJSRFAwMl9JTlMyIiwiUkRQMDNfSU5TVEFOQ0UiOiJSRFAwM19JTlMzIiwiUm9sIjoiUEEiLCJpYXQiOjE3NTE5NTc4MTIsImV4cCI6MTc1MTk3NTgxMn0.h-cYYDaKmNzbSPv71wpY3N2hMZV5LIxyt1yPFR2yI24
1 > Content-Type: application/json; charset=UTF-8
1 > Content-Length: 64
1 > Host: api01-siasis-dev.vercel.app
1 > Connection: Keep-Alive
1 > User-Agent: Apache-HttpClient/4.5.14 (Java/17.0.12)
1 > Accept-Encoding: gzip,deflate
{
  "Nombre_Usuario": "director.asuncion8",
  "Contraseña": "15430124"
}


01:57:02.592 [pool-2-thread-4] DEBUG com.intuit.karate - request:
1 > POST https://api01-siasis-dev.vercel.app/api/login/personal-administrativo
1 > Cookie: Apellidos=Godoy%20Villarubia; Google_Drive_Foto_ID=1p8FC3py693IjnMTa4uINq5lVSb9P3LBc; Nombres=Marisol%20Ceferina; Genero=F; Rol=PP; token=eyJhbGciOiJIUzI1NiIsInR5cCI6IkpXVCJ9.eyJJRF9Vc3VhcmlvIjoiMTUzNzgzMTciLCJOb21icmVfVXN1YXJpbyI6Im1hcmlzb2xfZ29kb3lfMTUzNyIsIlJEUDAyX0lOU1RBTkNFIjoiUkRQMDJfSU5TMyIsIlJEUDAzX0lOU1RBTkNFIjoiUkRQMDNfSU5TNSIsIlJvbCI6IlBQIiwiaWF0IjoxNzUxOTU3ODEyLCJleHAiOjE3NTE5NzU4MTJ9.aDo55Vzt6C1M1reDOIX4bWXKggWjZ7ft8d6tRwGdR-Y
1 > Content-Type: application/json; charset=UTF-8
1 > Content-Length: 63
1 > Host: api01-siasis-dev.vercel.app
1 > Connection: Keep-Alive
1 > User-Agent: Apache-HttpClient/4.5.14 (Java/17.0.12)
1 > Accept-Encoding: gzip,deflate
{
  "Nombre_Usuario": "jose_centeno_4180",
  "Contraseña": "41809910"
}


01:57:02.688 [pool-2-thread-3] DEBUG com.intuit.karate - response time in milliseconds: 426
1 < 201
1 < Cache-Control: public, max-age=0, must-revalidate
1 < Content-Length: 0
1 < Date: Tue, 08 Jul 2025 06:56:53 GMT
1 < Server: Vercel
1 < Set-Cookie: Nombres=Jose; Max-Age=18000; Path=/; HttpOnly; Secure; SameSite=Lax
1 < Set-Cookie: Apellidos=Centeno%20Diaz; Max-Age=18000; Path=/; HttpOnly; Secure; SameSite=Lax
1 < Set-Cookie: Rol=PA; Max-Age=18000; Path=/; HttpOnly; Secure; SameSite=Lax
1 < Set-Cookie: token=eyJhbGciOiJIUzI1NiIsInR5cCI6IkpXVCJ9.eyJJRF9Vc3VhcmlvIjoiNDE4MDk5MTAiLCJOb21icmVfVXN1YXJpbyI6Impvc2VfY2VudGVub180MTgwIiwiUkRQMDJfSU5TVEFOQ0UiOiJSRFAwMl9JTlMyIiwiUkRQMDNfSU5TVEFOQ0UiOiJSRFAwM19JTlMyIiwiUm9sIjoiUEEiLCJpYXQiOjE3NTE5NTc4MTIsImV4cCI6MTc1MTk3NTgxMn0.PfBuPGaidKrIhzG45d-_KjqqPd8SqcQNndwKXTU_ECg; Max-Age=18000; Path=/; HttpOnly; Secure; SameSite=Lax
1 < Set-Cookie: Genero=M; Max-Age=18000; Path=/; HttpOnly; Secure; SameSite=Lax
1 < Set-Cookie: Google_Drive_Foto_ID=1sU6Vjh0xUDJ3oT2Za_t41Q1QqUte2bHy; Max-Age=18000; Path=/; HttpOnly; Secure; SameSite=Lax
1 < Strict-Transport-Security: max-age=63072000; includeSubDomains; preload
1 < Vary: RSC, Next-Router-State-Tree, Next-Router-Prefetch, Next-Router-Segment-Prefetch
1 < X-Matched-Path: /api/auth/login
1 < X-Vercel-Cache: MISS
1 < X-Vercel-Id: gru1::iad1::hxpww-1751957813074-8b9ba013605b


01:57:02.688 [pool-2-thread-3] DEBUG c.intuit.karate.core.ScenarioEngine - over-writing existing variable 'fechaHoraEsperadaISO' with new value: getAdjustedTime()
01:57:02.688 [pool-2-thread-3] DEBUG com.intuit.karate - request:
1 > POST https://siasis-dev.vercel.app/api/asistencia-hoy/marcar
1 > Cookie: Apellidos=Centeno%20Diaz; Google_Drive_Foto_ID=1sU6Vjh0xUDJ3oT2Za_t41Q1QqUte2bHy; Nombres=Jose; Genero=M; Rol=PA; token=eyJhbGciOiJIUzI1NiIsInR5cCI6IkpXVCJ9.eyJJRF9Vc3VhcmlvIjoiNDE4MDk5MTAiLCJOb21icmVfVXN1YXJpbyI6Impvc2VfY2VudGVub180MTgwIiwiUkRQMDJfSU5TVEFOQ0UiOiJSRFAwMl9JTlMyIiwiUkRQMDNfSU5TVEFOQ0UiOiJSRFAwM19JTlMyIiwiUm9sIjoiUEEiLCJpYXQiOjE3NTE5NTc4MTIsImV4cCI6MTc1MTk3NTgxMn0.PfBuPGaidKrIhzG45d-_KjqqPd8SqcQNndwKXTU_ECg
1 > Content-Type: application/json; charset=UTF-8
1 > Content-Length: 70
1 > Host: siasis-dev.vercel.app
1 > Connection: Keep-Alive
1 > User-Agent: Apache-HttpClient/4.5.14 (Java/17.0.12)
1 > Accept-Encoding: gzip,deflate
{
  "ModoRegistro": "E",
  "FechaHoraEsperadaISO": "2025-07-08T05:57:02.686Z"
}


01:57:03.131 [pool-2-thread-5] DEBUG com.intuit.karate - response time in milliseconds: 625
1 < 200
1 < Access-Control-Allow-Origin: *
1 < Cache-Control: public, max-age=0, must-revalidate
1 < Content-Length: 505
1 < Content-Type: application/json; charset=utf-8
1 < Date: Tue, 08 Jul 2025 06:56:53 GMT
1 < Etag: W/"1f9-4ALC3YmIhUDCYPxGEx5/5uBYzds"
1 < Server: Vercel
1 < Strict-Transport-Security: max-age=63072000; includeSubDomains; preload
1 < X-Powered-By: Express
1 < X-Vercel-Cache: MISS
1 < X-Vercel-Id: gru1::iad1::kr4zd-1751957813303-e6899fcfe151
{
  "success": true,
  "message": "Inicio de sesión exitoso",
  "data": {
    "Apellidos": "Centeno Diaz",
    "Nombres": "Jose",
    "Rol": "PA",
    "token": "eyJhbGciOiJIUzI1NiIsInR5cCI6IkpXVCJ9.eyJJRF9Vc3VhcmlvIjoiNDE4MDk5MTAiLCJOb21icmVfVXN1YXJpbyI6Impvc2VfY2VudGVub180MTgwIiwiUkRQMDJfSU5TVEFOQ0UiOiJSRFAwMl9JTlMyIiwiUkRQMDNfSU5TVEFOQ0UiOiJSRFAwM19JTlMyIiwiUm9sIjoiUEEiLCJpYXQiOjE3NTE5NTc4MTMsImV4cCI6MTc1MTk3NTgxM30.uvEEMtT7UDXzWZmw6wVIEtUkU4iW7lYFsnfddxGWTPY",
    "Google_Drive_Foto_ID": "1Jv0B596JMyZMRO7MFcdXW0nN8AI7hFIe",
    "Genero": "M"
  }
}


01:57:03.131 [pool-2-thread-4] DEBUG com.intuit.karate - response time in milliseconds: 539
1 < 200
1 < Access-Control-Allow-Origin: *
1 < Cache-Control: public, max-age=0, must-revalidate
1 < Content-Length: 505
1 < Content-Type: application/json; charset=utf-8
1 < Date: Tue, 08 Jul 2025 06:56:53 GMT
1 < Etag: W/"1f9-E665xOVhnvwBOrsz6A5ag3xFptM"
1 < Server: Vercel
1 < Strict-Transport-Security: max-age=63072000; includeSubDomains; preload
1 < X-Powered-By: Express
1 < X-Vercel-Cache: MISS
1 < X-Vercel-Id: gru1::iad1::9l8f7-1751957813389-0eaa505a2bea
{
  "success": true,
  "message": "Inicio de sesión exitoso",
  "data": {
    "Apellidos": "Centeno Diaz",
    "Nombres": "Jose",
    "Rol": "PA",
    "token": "eyJhbGciOiJIUzI1NiIsInR5cCI6IkpXVCJ9.eyJJRF9Vc3VhcmlvIjoiNDE4MDk5MTAiLCJOb21icmVfVXN1YXJpbyI6Impvc2VfY2VudGVub180MTgwIiwiUkRQMDJfSU5TVEFOQ0UiOiJSRFAwMl9JTlMxIiwiUkRQMDNfSU5TVEFOQ0UiOiJSRFAwM19JTlMyIiwiUm9sIjoiUEEiLCJpYXQiOjE3NTE5NTc4MTMsImV4cCI6MTc1MTk3NTgxM30.x0YR-Dck2aR5oGBi84hxw52yyrn6omZpGgr2uI28H3Y",
    "Google_Drive_Foto_ID": "1sU6Vjh0xUDJ3oT2Za_t41Q1QqUte2bHy",
    "Genero": "M"
  }
}


01:57:03.131 [pool-2-thread-2] DEBUG com.intuit.karate - response time in milliseconds: 623
1 < 200
1 < Access-Control-Allow-Origin: *
1 < Cache-Control: public, max-age=0, must-revalidate
1 < Content-Length: 505
1 < Content-Type: application/json; charset=utf-8
1 < Date: Tue, 08 Jul 2025 06:56:53 GMT
1 < Etag: W/"1f9-fbHKrDXyKqnYLtA/U7xohxip4Ro"
1 < Server: Vercel
1 < Strict-Transport-Security: max-age=63072000; includeSubDomains; preload
1 < X-Powered-By: Express
1 < X-Vercel-Cache: MISS
1 < X-Vercel-Id: gru1::iad1::lw4h4-1751957813314-7f9a4eefc686
{
  "success": true,
  "message": "Inicio de sesión exitoso",
  "data": {
    "Apellidos": "Centeno Diaz",
    "Nombres": "Jose",
    "Rol": "PA",
    "token": "eyJhbGciOiJIUzI1NiIsInR5cCI6IkpXVCJ9.eyJJRF9Vc3VhcmlvIjoiNDE4MDk5MTAiLCJOb21icmVfVXN1YXJpbyI6Impvc2VfY2VudGVub180MTgwIiwiUkRQMDJfSU5TVEFOQ0UiOiJSRFAwMl9JTlMzIiwiUkRQMDNfSU5TVEFOQ0UiOiJSRFAwM19JTlMxIiwiUm9sIjoiUEEiLCJpYXQiOjE3NTE5NTc4MTMsImV4cCI6MTc1MTk3NTgxM30.WMyv48I_AIJAB4rnOmRS9xmQADab0kzXP0ZzPrZE9_4",
    "Google_Drive_Foto_ID": "1Jv0B596JMyZMRO7MFcdXW0nN8AI7hFIe",
    "Genero": "M"
  }
}


01:57:03.131 [pool-2-thread-2] INFO  com.intuit.karate - [print] eyJhbGciOiJIUzI1NiIsInR5cCI6IkpXVCJ9.eyJJRF9Vc3VhcmlvIjoiNDE4MDk5MTAiLCJOb21icmVfVXN1YXJpbyI6Impvc2VfY2VudGVub180MTgwIiwiUkRQMDJfSU5TVEFOQ0UiOiJSRFAwMl9JTlMzIiwiUkRQMDNfSU5TVEFOQ0UiOiJSRFAwM19JTlMxIiwiUm9sIjoiUEEiLCJpYXQiOjE3NTE5NTc4MTMsImV4cCI6MTc1MTk3NTgxM30.WMyv48I_AIJAB4rnOmRS9xmQADab0kzXP0ZzPrZE9_4 
01:57:03.131 [pool-2-thread-5] INFO  com.intuit.karate - [print] eyJhbGciOiJIUzI1NiIsInR5cCI6IkpXVCJ9.eyJJRF9Vc3VhcmlvIjoiNDE4MDk5MTAiLCJOb21icmVfVXN1YXJpbyI6Impvc2VfY2VudGVub180MTgwIiwiUkRQMDJfSU5TVEFOQ0UiOiJSRFAwMl9JTlMyIiwiUkRQMDNfSU5TVEFOQ0UiOiJSRFAwM19JTlMyIiwiUm9sIjoiUEEiLCJpYXQiOjE3NTE5NTc4MTMsImV4cCI6MTc1MTk3NTgxM30.uvEEMtT7UDXzWZmw6wVIEtUkU4iW7lYFsnfddxGWTPY 
01:57:03.131 [pool-2-thread-2] INFO  com.intuit.karate - [print] PA 
01:57:03.131 [pool-2-thread-5] INFO  com.intuit.karate - [print] PA 
01:57:03.138 [pool-2-thread-4] INFO  com.intuit.karate - [print] eyJhbGciOiJIUzI1NiIsInR5cCI6IkpXVCJ9.eyJJRF9Vc3VhcmlvIjoiNDE4MDk5MTAiLCJOb21icmVfVXN1YXJpbyI6Impvc2VfY2VudGVub180MTgwIiwiUkRQMDJfSU5TVEFOQ0UiOiJSRFAwMl9JTlMxIiwiUkRQMDNfSU5TVEFOQ0UiOiJSRFAwM19JTlMyIiwiUm9sIjoiUEEiLCJpYXQiOjE3NTE5NTc4MTMsImV4cCI6MTc1MTk3NTgxM30.x0YR-Dck2aR5oGBi84hxw52yyrn6omZpGgr2uI28H3Y 
01:57:03.138 [pool-2-thread-4] INFO  com.intuit.karate - [print] PA 
01:57:03.138 [pool-2-thread-2] DEBUG com.intuit.karate - request:
1 > POST https://siasis-dev.vercel.app/api/auth/login
1 > Cookie: Apellidos=Godoy%20Villarubia; Google_Drive_Foto_ID=1p8FC3py693IjnMTa4uINq5lVSb9P3LBc; Nombres=Marisol%20Ceferina; Genero=F; Rol=PP; token=eyJhbGciOiJIUzI1NiIsInR5cCI6IkpXVCJ9.eyJJRF9Vc3VhcmlvIjoiMTUzNzgzMTciLCJOb21icmVfVXN1YXJpbyI6Im1hcmlzb2xfZ29kb3lfMTUzNyIsIlJEUDAyX0lOU1RBTkNFIjoiUkRQMDJfSU5TMiIsIlJEUDAzX0lOU1RBTkNFIjoiUkRQMDNfSU5TNCIsIlJvbCI6IlBQIiwiaWF0IjoxNzUxOTU3ODExLCJleHAiOjE3NTE5NzU4MTF9.ZPVJf-hYTINlGPLGFX1h9vEYaVQfq8bDDnB8Y353JXo
1 > Content-Type: application/json; charset=UTF-8
1 > Content-Length: 443
1 > Host: siasis-dev.vercel.app
1 > Connection: Keep-Alive
1 > User-Agent: Apache-HttpClient/4.5.14 (Java/17.0.12)
1 > Accept-Encoding: gzip,deflate
{
  "Nombres": "Jose",
  "Apellidos": "Centeno Diaz",
  "token": "eyJhbGciOiJIUzI1NiIsInR5cCI6IkpXVCJ9.eyJJRF9Vc3VhcmlvIjoiNDE4MDk5MTAiLCJOb21icmVfVXN1YXJpbyI6Impvc2VfY2VudGVub180MTgwIiwiUkRQMDJfSU5TVEFOQ0UiOiJSRFAwMl9JTlMzIiwiUkRQMDNfSU5TVEFOQ0UiOiJSRFAwM19JTlMxIiwiUm9sIjoiUEEiLCJpYXQiOjE3NTE5NTc4MTMsImV4cCI6MTc1MTk3NTgxM30.WMyv48I_AIJAB4rnOmRS9xmQADab0kzXP0ZzPrZE9_4",
  "Genero": "M",
  "Google_Drive_Foto_ID": "1Jv0B596JMyZMRO7MFcdXW0nN8AI7hFIe",
  "Rol": "PA"
}


01:57:03.138 [pool-2-thread-5] DEBUG com.intuit.karate - request:
1 > POST https://siasis-dev.vercel.app/api/auth/login
1 > Cookie: Apellidos=Centeno%20Diaz; Google_Drive_Foto_ID=1sU6Vjh0xUDJ3oT2Za_t41Q1QqUte2bHy; Nombres=Jose; Genero=M; Rol=PA; token=eyJhbGciOiJIUzI1NiIsInR5cCI6IkpXVCJ9.eyJJRF9Vc3VhcmlvIjoiNDE4MDk5MTAiLCJOb21icmVfVXN1YXJpbyI6Impvc2VfY2VudGVub180MTgwIiwiUkRQMDJfSU5TVEFOQ0UiOiJSRFAwMl9JTlMyIiwiUkRQMDNfSU5TVEFOQ0UiOiJSRFAwM19JTlM0IiwiUm9sIjoiUEEiLCJpYXQiOjE3NTE5NTc4MTEsImV4cCI6MTc1MTk3NTgxMX0.dVbt565wF-Svau7a8Wsy1-oY3WjYTs4nZI0xHtQT4iQ
1 > Content-Type: application/json; charset=UTF-8
1 > Content-Length: 443
1 > Host: siasis-dev.vercel.app
1 > Connection: Keep-Alive
1 > User-Agent: Apache-HttpClient/4.5.14 (Java/17.0.12)
1 > Accept-Encoding: gzip,deflate
{
  "Nombres": "Jose",
  "Apellidos": "Centeno Diaz",
  "token": "eyJhbGciOiJIUzI1NiIsInR5cCI6IkpXVCJ9.eyJJRF9Vc3VhcmlvIjoiNDE4MDk5MTAiLCJOb21icmVfVXN1YXJpbyI6Impvc2VfY2VudGVub180MTgwIiwiUkRQMDJfSU5TVEFOQ0UiOiJSRFAwMl9JTlMyIiwiUkRQMDNfSU5TVEFOQ0UiOiJSRFAwM19JTlMyIiwiUm9sIjoiUEEiLCJpYXQiOjE3NTE5NTc4MTMsImV4cCI6MTc1MTk3NTgxM30.uvEEMtT7UDXzWZmw6wVIEtUkU4iW7lYFsnfddxGWTPY",
  "Genero": "M",
  "Google_Drive_Foto_ID": "1Jv0B596JMyZMRO7MFcdXW0nN8AI7hFIe",
  "Rol": "PA"
}


01:57:03.140 [pool-2-thread-4] DEBUG com.intuit.karate - request:
1 > POST https://siasis-dev.vercel.app/api/auth/login
1 > Cookie: Apellidos=Godoy%20Villarubia; Google_Drive_Foto_ID=1p8FC3py693IjnMTa4uINq5lVSb9P3LBc; Nombres=Marisol%20Ceferina; Genero=F; Rol=PP; token=eyJhbGciOiJIUzI1NiIsInR5cCI6IkpXVCJ9.eyJJRF9Vc3VhcmlvIjoiMTUzNzgzMTciLCJOb21icmVfVXN1YXJpbyI6Im1hcmlzb2xfZ29kb3lfMTUzNyIsIlJEUDAyX0lOU1RBTkNFIjoiUkRQMDJfSU5TMyIsIlJEUDAzX0lOU1RBTkNFIjoiUkRQMDNfSU5TNSIsIlJvbCI6IlBQIiwiaWF0IjoxNzUxOTU3ODEyLCJleHAiOjE3NTE5NzU4MTJ9.aDo55Vzt6C1M1reDOIX4bWXKggWjZ7ft8d6tRwGdR-Y
1 > Content-Type: application/json; charset=UTF-8
1 > Content-Length: 443
1 > Host: siasis-dev.vercel.app
1 > Connection: Keep-Alive
1 > User-Agent: Apache-HttpClient/4.5.14 (Java/17.0.12)
1 > Accept-Encoding: gzip,deflate
{
  "Nombres": "Jose",
  "Apellidos": "Centeno Diaz",
  "token": "eyJhbGciOiJIUzI1NiIsInR5cCI6IkpXVCJ9.eyJJRF9Vc3VhcmlvIjoiNDE4MDk5MTAiLCJOb21icmVfVXN1YXJpbyI6Impvc2VfY2VudGVub180MTgwIiwiUkRQMDJfSU5TVEFOQ0UiOiJSRFAwMl9JTlMxIiwiUkRQMDNfSU5TVEFOQ0UiOiJSRFAwM19JTlMyIiwiUm9sIjoiUEEiLCJpYXQiOjE3NTE5NTc4MTMsImV4cCI6MTc1MTk3NTgxM30.x0YR-Dck2aR5oGBi84hxw52yyrn6omZpGgr2uI28H3Y",
  "Genero": "M",
  "Google_Drive_Foto_ID": "1sU6Vjh0xUDJ3oT2Za_t41Q1QqUte2bHy",
  "Rol": "PA"
}


01:57:03.340 [pool-2-thread-3] DEBUG com.intuit.karate - response time in milliseconds: 650
1 < 200
1 < Cache-Control: public, max-age=0, must-revalidate
1 < Content-Type: application/json
1 < Date: Tue, 08 Jul 2025 06:56:53 GMT
1 < Server: Vercel
1 < Strict-Transport-Security: max-age=63072000; includeSubDomains; preload
1 < Vary: RSC, Next-Router-State-Tree, Next-Router-Prefetch, Next-Router-Segment-Prefetch
1 < X-Matched-Path: /api/asistencia-hoy/marcar
1 < X-Vercel-Cache: MISS
1 < X-Vercel-Id: gru1::iad1::bsmv9-1751957813490-df8d4b7fe883
1 < Transfer-Encoding: chunked
{
  "success": true,
  "message": "La asistencia ya había sido registrada anteriormente",
  "data": {
    "timestamp": 1751957813606,
    "desfaseSegundos": 3590,
    "esNuevoRegistro": false,
    "esRegistroPropio": false,
    "actorRegistrado": "PA",
    "tipoAsistencia": "personal"
  }
}


01:57:03.342 [pool-2-thread-3] DEBUG c.intuit.karate.core.ScenarioEngine - over-writing existing variable 'loginFeature' with new value: 'classpath:resources/features/login/Directivo.feature'
01:57:03.346 [pool-2-thread-3] DEBUG c.intuit.karate.core.ScenarioEngine - over-writing existing variable 'loginResponse' with new value: call read(loginFeature)
01:57:03.351 [pool-2-thread-3] DEBUG com.intuit.karate - request:
1 > POST https://api01-siasis-dev.vercel.app/api/login/directivo
1 > Cookie: Apellidos=Centeno%20Diaz; Google_Drive_Foto_ID=1sU6Vjh0xUDJ3oT2Za_t41Q1QqUte2bHy; Nombres=Jose; Genero=M; Rol=PA; token=eyJhbGciOiJIUzI1NiIsInR5cCI6IkpXVCJ9.eyJJRF9Vc3VhcmlvIjoiNDE4MDk5MTAiLCJOb21icmVfVXN1YXJpbyI6Impvc2VfY2VudGVub180MTgwIiwiUkRQMDJfSU5TVEFOQ0UiOiJSRFAwMl9JTlMyIiwiUkRQMDNfSU5TVEFOQ0UiOiJSRFAwM19JTlMyIiwiUm9sIjoiUEEiLCJpYXQiOjE3NTE5NTc4MTIsImV4cCI6MTc1MTk3NTgxMn0.PfBuPGaidKrIhzG45d-_KjqqPd8SqcQNndwKXTU_ECg
1 > Content-Type: application/json; charset=UTF-8
1 > Content-Length: 64
1 > Host: api01-siasis-dev.vercel.app
1 > Connection: Keep-Alive
1 > User-Agent: Apache-HttpClient/4.5.14 (Java/17.0.12)
1 > Accept-Encoding: gzip,deflate
{
  "Nombre_Usuario": "director.asuncion8",
  "Contraseña": "15430124"
}


01:57:03.508 [pool-2-thread-1] DEBUG com.intuit.karate - response time in milliseconds: 916
1 < 200
1 < Access-Control-Allow-Origin: *
1 < Cache-Control: public, max-age=0, must-revalidate
1 < Content-Length: 509
1 < Content-Type: application/json; charset=utf-8
1 < Date: Tue, 08 Jul 2025 06:56:53 GMT
1 < Etag: W/"1fd-Z02QFfLKiuZhAxcSM/Wgd7585GQ"
1 < Server: Vercel
1 < Strict-Transport-Security: max-age=63072000; includeSubDomains; preload
1 < X-Powered-By: Express
1 < X-Vercel-Cache: MISS
1 < X-Vercel-Id: gru1::iad1::kpjfh-1751957813389-ef7c2024cff9
{
  "success": true,
  "message": "Inicio de sesión exitoso",
  "data": {
    "Apellidos": "Cullanco Espilco",
    "Nombres": "Elena Serafina",
    "Rol": "D",
    "token": "eyJhbGciOiJIUzI1NiIsInR5cCI6IkpXVCJ9.eyJJRF9Vc3VhcmlvIjoiMSIsIk5vbWJyZV9Vc3VhcmlvIjoiZGlyZWN0b3IuYXN1bmNpb244IiwiUkRQMDJfSU5TVEFOQ0UiOiJSRFAwMl9JTlMxIiwiUkRQMDNfSU5TVEFOQ0UiOiJSRFAwM19JTlMzIiwiUm9sIjoiRCIsImlhdCI6MTc1MTk1NzgxMywiZXhwIjoxNzUxOTc1ODEzfQ.HVXE6wjr5tgCgYUj5QjRmc4qeEwHhP02PIoAGlKyjxw",
    "Google_Drive_Foto_ID": "1pMkv-ba_T2mBKxjp_zBTZtgWEjwxPxdu",
    "Genero": "F"
  }
}


01:57:03.512 [pool-2-thread-1] INFO  com.intuit.karate - [print] eyJhbGciOiJIUzI1NiIsInR5cCI6IkpXVCJ9.eyJJRF9Vc3VhcmlvIjoiMSIsIk5vbWJyZV9Vc3VhcmlvIjoiZGlyZWN0b3IuYXN1bmNpb244IiwiUkRQMDJfSU5TVEFOQ0UiOiJSRFAwMl9JTlMxIiwiUkRQMDNfSU5TVEFOQ0UiOiJSRFAwM19JTlMzIiwiUm9sIjoiRCIsImlhdCI6MTc1MTk1NzgxMywiZXhwIjoxNzUxOTc1ODEzfQ.HVXE6wjr5tgCgYUj5QjRmc4qeEwHhP02PIoAGlKyjxw 
01:57:03.512 [pool-2-thread-1] INFO  com.intuit.karate - [print] D 
01:57:03.515 [pool-2-thread-1] DEBUG com.intuit.karate - request:
1 > POST https://siasis-dev.vercel.app/api/auth/login
1 > Cookie: Apellidos=Centeno%20Diaz; Google_Drive_Foto_ID=1Jv0B596JMyZMRO7MFcdXW0nN8AI7hFIe; Nombres=Jose; Genero=M; Rol=PA; token=eyJhbGciOiJIUzI1NiIsInR5cCI6IkpXVCJ9.eyJJRF9Vc3VhcmlvIjoiNDE4MDk5MTAiLCJOb21icmVfVXN1YXJpbyI6Impvc2VfY2VudGVub180MTgwIiwiUkRQMDJfSU5TVEFOQ0UiOiJSRFAwMl9JTlMyIiwiUkRQMDNfSU5TVEFOQ0UiOiJSRFAwM19JTlMzIiwiUm9sIjoiUEEiLCJpYXQiOjE3NTE5NTc4MTIsImV4cCI6MTc1MTk3NTgxMn0.h-cYYDaKmNzbSPv71wpY3N2hMZV5LIxyt1yPFR2yI24
1 > Content-Type: application/json; charset=UTF-8
1 > Content-Length: 447
1 > Host: siasis-dev.vercel.app
1 > Connection: Keep-Alive
1 > User-Agent: Apache-HttpClient/4.5.14 (Java/17.0.12)
1 > Accept-Encoding: gzip,deflate
{
  "Nombres": "Elena Serafina",
  "Apellidos": "Cullanco Espilco",
  "token": "eyJhbGciOiJIUzI1NiIsInR5cCI6IkpXVCJ9.eyJJRF9Vc3VhcmlvIjoiMSIsIk5vbWJyZV9Vc3VhcmlvIjoiZGlyZWN0b3IuYXN1bmNpb244IiwiUkRQMDJfSU5TVEFOQ0UiOiJSRFAwMl9JTlMxIiwiUkRQMDNfSU5TVEFOQ0UiOiJSRFAwM19JTlMzIiwiUm9sIjoiRCIsImlhdCI6MTc1MTk1NzgxMywiZXhwIjoxNzUxOTc1ODEzfQ.HVXE6wjr5tgCgYUj5QjRmc4qeEwHhP02PIoAGlKyjxw",
  "Genero": "F",
  "Google_Drive_Foto_ID": "1pMkv-ba_T2mBKxjp_zBTZtgWEjwxPxdu",
  "Rol": "D"
}


01:57:03.582 [pool-2-thread-4] DEBUG com.intuit.karate - response time in milliseconds: 442
1 < 201
1 < Cache-Control: public, max-age=0, must-revalidate
1 < Content-Length: 0
1 < Date: Tue, 08 Jul 2025 06:56:54 GMT
1 < Server: Vercel
1 < Set-Cookie: Nombres=Jose; Max-Age=18000; Path=/; HttpOnly; Secure; SameSite=Lax
1 < Set-Cookie: Apellidos=Centeno%20Diaz; Max-Age=18000; Path=/; HttpOnly; Secure; SameSite=Lax
1 < Set-Cookie: Rol=PA; Max-Age=18000; Path=/; HttpOnly; Secure; SameSite=Lax
1 < Set-Cookie: token=eyJhbGciOiJIUzI1NiIsInR5cCI6IkpXVCJ9.eyJJRF9Vc3VhcmlvIjoiNDE4MDk5MTAiLCJOb21icmVfVXN1YXJpbyI6Impvc2VfY2VudGVub180MTgwIiwiUkRQMDJfSU5TVEFOQ0UiOiJSRFAwMl9JTlMxIiwiUkRQMDNfSU5TVEFOQ0UiOiJSRFAwM19JTlMyIiwiUm9sIjoiUEEiLCJpYXQiOjE3NTE5NTc4MTMsImV4cCI6MTc1MTk3NTgxM30.x0YR-Dck2aR5oGBi84hxw52yyrn6omZpGgr2uI28H3Y; Max-Age=18000; Path=/; HttpOnly; Secure; SameSite=Lax
1 < Set-Cookie: Genero=M; Max-Age=18000; Path=/; HttpOnly; Secure; SameSite=Lax
1 < Set-Cookie: Google_Drive_Foto_ID=1sU6Vjh0xUDJ3oT2Za_t41Q1QqUte2bHy; Max-Age=18000; Path=/; HttpOnly; Secure; SameSite=Lax
1 < Strict-Transport-Security: max-age=63072000; includeSubDomains; preload
1 < Vary: RSC, Next-Router-State-Tree, Next-Router-Prefetch, Next-Router-Segment-Prefetch
1 < X-Matched-Path: /api/auth/login
1 < X-Vercel-Cache: MISS
1 < X-Vercel-Id: gru1::iad1::cq8gr-1751957813965-6bf8512a3dbf


01:57:03.584 [pool-2-thread-4] DEBUG c.intuit.karate.core.ScenarioEngine - over-writing existing variable 'fechaHoraEsperadaISO' with new value: getAdjustedTime()
01:57:03.584 [pool-2-thread-4] DEBUG com.intuit.karate - request:
1 > POST https://siasis-dev.vercel.app/api/asistencia-hoy/marcar
1 > Cookie: Apellidos=Centeno%20Diaz; Google_Drive_Foto_ID=1sU6Vjh0xUDJ3oT2Za_t41Q1QqUte2bHy; Nombres=Jose; Genero=M; Rol=PA; token=eyJhbGciOiJIUzI1NiIsInR5cCI6IkpXVCJ9.eyJJRF9Vc3VhcmlvIjoiNDE4MDk5MTAiLCJOb21icmVfVXN1YXJpbyI6Impvc2VfY2VudGVub180MTgwIiwiUkRQMDJfSU5TVEFOQ0UiOiJSRFAwMl9JTlMxIiwiUkRQMDNfSU5TVEFOQ0UiOiJSRFAwM19JTlMyIiwiUm9sIjoiUEEiLCJpYXQiOjE3NTE5NTc4MTMsImV4cCI6MTc1MTk3NTgxM30.x0YR-Dck2aR5oGBi84hxw52yyrn6omZpGgr2uI28H3Y
1 > Content-Type: application/json; charset=UTF-8
1 > Content-Length: 70
1 > Host: siasis-dev.vercel.app
1 > Connection: Keep-Alive
1 > User-Agent: Apache-HttpClient/4.5.14 (Java/17.0.12)
1 > Accept-Encoding: gzip,deflate
{
  "ModoRegistro": "E",
  "FechaHoraEsperadaISO": "2025-07-08T05:57:03.579Z"
}


01:57:03.608 [pool-2-thread-2] DEBUG com.intuit.karate - response time in milliseconds: 470
1 < 201
1 < Cache-Control: public, max-age=0, must-revalidate
1 < Content-Length: 0
1 < Date: Tue, 08 Jul 2025 06:56:54 GMT
1 < Server: Vercel
1 < Set-Cookie: Nombres=Jose; Max-Age=18000; Path=/; HttpOnly; Secure; SameSite=Lax
1 < Set-Cookie: Apellidos=Centeno%20Diaz; Max-Age=18000; Path=/; HttpOnly; Secure; SameSite=Lax
1 < Set-Cookie: Rol=PA; Max-Age=18000; Path=/; HttpOnly; Secure; SameSite=Lax
1 < Set-Cookie: token=eyJhbGciOiJIUzI1NiIsInR5cCI6IkpXVCJ9.eyJJRF9Vc3VhcmlvIjoiNDE4MDk5MTAiLCJOb21icmVfVXN1YXJpbyI6Impvc2VfY2VudGVub180MTgwIiwiUkRQMDJfSU5TVEFOQ0UiOiJSRFAwMl9JTlMzIiwiUkRQMDNfSU5TVEFOQ0UiOiJSRFAwM19JTlMxIiwiUm9sIjoiUEEiLCJpYXQiOjE3NTE5NTc4MTMsImV4cCI6MTc1MTk3NTgxM30.WMyv48I_AIJAB4rnOmRS9xmQADab0kzXP0ZzPrZE9_4; Max-Age=18000; Path=/; HttpOnly; Secure; SameSite=Lax
1 < Set-Cookie: Genero=M; Max-Age=18000; Path=/; HttpOnly; Secure; SameSite=Lax
1 < Set-Cookie: Google_Drive_Foto_ID=1Jv0B596JMyZMRO7MFcdXW0nN8AI7hFIe; Max-Age=18000; Path=/; HttpOnly; Secure; SameSite=Lax
1 < Strict-Transport-Security: max-age=63072000; includeSubDomains; preload
1 < Vary: RSC, Next-Router-State-Tree, Next-Router-Prefetch, Next-Router-Segment-Prefetch
1 < X-Matched-Path: /api/auth/login
1 < X-Vercel-Cache: MISS
1 < X-Vercel-Id: gru1::iad1::cmdlq-1751957813967-567058906cb8


01:57:03.608 [pool-2-thread-2] DEBUG c.intuit.karate.core.ScenarioEngine - over-writing existing variable 'fechaHoraEsperadaISO' with new value: getAdjustedTime()
01:57:03.608 [pool-2-thread-2] DEBUG com.intuit.karate - request:
1 > POST https://siasis-dev.vercel.app/api/asistencia-hoy/marcar
1 > Cookie: Apellidos=Centeno%20Diaz; Google_Drive_Foto_ID=1Jv0B596JMyZMRO7MFcdXW0nN8AI7hFIe; Nombres=Jose; Genero=M; Rol=PA; token=eyJhbGciOiJIUzI1NiIsInR5cCI6IkpXVCJ9.eyJJRF9Vc3VhcmlvIjoiNDE4MDk5MTAiLCJOb21icmVfVXN1YXJpbyI6Impvc2VfY2VudGVub180MTgwIiwiUkRQMDJfSU5TVEFOQ0UiOiJSRFAwMl9JTlMzIiwiUkRQMDNfSU5TVEFOQ0UiOiJSRFAwM19JTlMxIiwiUm9sIjoiUEEiLCJpYXQiOjE3NTE5NTc4MTMsImV4cCI6MTc1MTk3NTgxM30.WMyv48I_AIJAB4rnOmRS9xmQADab0kzXP0ZzPrZE9_4
1 > Content-Type: application/json; charset=UTF-8
1 > Content-Length: 70
1 > Host: siasis-dev.vercel.app
1 > Connection: Keep-Alive
1 > User-Agent: Apache-HttpClient/4.5.14 (Java/17.0.12)
1 > Accept-Encoding: gzip,deflate
{
  "ModoRegistro": "E",
  "FechaHoraEsperadaISO": "2025-07-08T05:57:03.609Z"
}


01:57:03.628 [pool-2-thread-5] DEBUG com.intuit.karate - response time in milliseconds: 490
1 < 201
1 < Cache-Control: public, max-age=0, must-revalidate
1 < Content-Length: 0
1 < Date: Tue, 08 Jul 2025 06:56:54 GMT
1 < Server: Vercel
1 < Set-Cookie: Nombres=Jose; Max-Age=18000; Path=/; HttpOnly; Secure; SameSite=Lax
1 < Set-Cookie: Apellidos=Centeno%20Diaz; Max-Age=18000; Path=/; HttpOnly; Secure; SameSite=Lax
1 < Set-Cookie: Rol=PA; Max-Age=18000; Path=/; HttpOnly; Secure; SameSite=Lax
1 < Set-Cookie: token=eyJhbGciOiJIUzI1NiIsInR5cCI6IkpXVCJ9.eyJJRF9Vc3VhcmlvIjoiNDE4MDk5MTAiLCJOb21icmVfVXN1YXJpbyI6Impvc2VfY2VudGVub180MTgwIiwiUkRQMDJfSU5TVEFOQ0UiOiJSRFAwMl9JTlMyIiwiUkRQMDNfSU5TVEFOQ0UiOiJSRFAwM19JTlMyIiwiUm9sIjoiUEEiLCJpYXQiOjE3NTE5NTc4MTMsImV4cCI6MTc1MTk3NTgxM30.uvEEMtT7UDXzWZmw6wVIEtUkU4iW7lYFsnfddxGWTPY; Max-Age=18000; Path=/; HttpOnly; Secure; SameSite=Lax
1 < Set-Cookie: Genero=M; Max-Age=18000; Path=/; HttpOnly; Secure; SameSite=Lax
1 < Set-Cookie: Google_Drive_Foto_ID=1Jv0B596JMyZMRO7MFcdXW0nN8AI7hFIe; Max-Age=18000; Path=/; HttpOnly; Secure; SameSite=Lax
1 < Strict-Transport-Security: max-age=63072000; includeSubDomains; preload
1 < Vary: RSC, Next-Router-State-Tree, Next-Router-Prefetch, Next-Router-Segment-Prefetch
1 < X-Matched-Path: /api/auth/login
1 < X-Vercel-Cache: MISS
1 < X-Vercel-Id: gru1::iad1::knbp6-1751957813980-a5f4da81b677


01:57:03.631 [pool-2-thread-5] DEBUG com.intuit.karate - request:
1 > GET https://siasis-dev.vercel.app/api/asistencia-hoy/consultar-asistencias-tomadas?TipoAsistencia=personal&ModoRegistro=E
1 > Cookie: Apellidos=Centeno%20Diaz; Google_Drive_Foto_ID=1Jv0B596JMyZMRO7MFcdXW0nN8AI7hFIe; Nombres=Jose; Genero=M; Rol=PA; token=eyJhbGciOiJIUzI1NiIsInR5cCI6IkpXVCJ9.eyJJRF9Vc3VhcmlvIjoiNDE4MDk5MTAiLCJOb21icmVfVXN1YXJpbyI6Impvc2VfY2VudGVub180MTgwIiwiUkRQMDJfSU5TVEFOQ0UiOiJSRFAwMl9JTlMyIiwiUkRQMDNfSU5TVEFOQ0UiOiJSRFAwM19JTlMyIiwiUm9sIjoiUEEiLCJpYXQiOjE3NTE5NTc4MTMsImV4cCI6MTc1MTk3NTgxM30.uvEEMtT7UDXzWZmw6wVIEtUkU4iW7lYFsnfddxGWTPY
1 > Host: siasis-dev.vercel.app
1 > Connection: Keep-Alive
1 > User-Agent: Apache-HttpClient/4.5.14 (Java/17.0.12)
1 > Accept-Encoding: gzip,deflate


01:57:03.908 [pool-2-thread-3] DEBUG com.intuit.karate - response time in milliseconds: 557
1 < 200
1 < Access-Control-Allow-Origin: *
1 < Cache-Control: public, max-age=0, must-revalidate
1 < Content-Length: 509
1 < Content-Type: application/json; charset=utf-8
1 < Date: Tue, 08 Jul 2025 06:56:54 GMT
1 < Etag: W/"1fd-WB+ygZdJovW9tt8ggHktVPzyJ+I"
1 < Server: Vercel
1 < Strict-Transport-Security: max-age=63072000; includeSubDomains; preload
1 < X-Powered-By: Express
1 < X-Vercel-Cache: MISS
1 < X-Vercel-Id: gru1::iad1::z422j-1751957814151-66a226e83e03
{
  "success": true,
  "message": "Inicio de sesión exitoso",
  "data": {
    "Apellidos": "Cullanco Espilco",
    "Nombres": "Elena Serafina",
    "Rol": "D",
    "token": "eyJhbGciOiJIUzI1NiIsInR5cCI6IkpXVCJ9.eyJJRF9Vc3VhcmlvIjoiMSIsIk5vbWJyZV9Vc3VhcmlvIjoiZGlyZWN0b3IuYXN1bmNpb244IiwiUkRQMDJfSU5TVEFOQ0UiOiJSRFAwMl9JTlMzIiwiUkRQMDNfSU5TVEFOQ0UiOiJSRFAwM19JTlMzIiwiUm9sIjoiRCIsImlhdCI6MTc1MTk1NzgxNCwiZXhwIjoxNzUxOTc1ODE0fQ.dVnx1b76JkbexAcTwscgcX1c4_HSUPV_urmgTMPfvos",
    "Google_Drive_Foto_ID": "1pMkv-ba_T2mBKxjp_zBTZtgWEjwxPxdu",
    "Genero": "F"
  }
}


01:57:03.908 [pool-2-thread-3] INFO  com.intuit.karate - [print] eyJhbGciOiJIUzI1NiIsInR5cCI6IkpXVCJ9.eyJJRF9Vc3VhcmlvIjoiMSIsIk5vbWJyZV9Vc3VhcmlvIjoiZGlyZWN0b3IuYXN1bmNpb244IiwiUkRQMDJfSU5TVEFOQ0UiOiJSRFAwMl9JTlMzIiwiUkRQMDNfSU5TVEFOQ0UiOiJSRFAwM19JTlMzIiwiUm9sIjoiRCIsImlhdCI6MTc1MTk1NzgxNCwiZXhwIjoxNzUxOTc1ODE0fQ.dVnx1b76JkbexAcTwscgcX1c4_HSUPV_urmgTMPfvos 
01:57:03.908 [pool-2-thread-3] INFO  com.intuit.karate - [print] D 
01:57:03.911 [pool-2-thread-3] DEBUG com.intuit.karate - request:
1 > POST https://siasis-dev.vercel.app/api/auth/login
1 > Cookie: Apellidos=Centeno%20Diaz; Google_Drive_Foto_ID=1sU6Vjh0xUDJ3oT2Za_t41Q1QqUte2bHy; Nombres=Jose; Genero=M; Rol=PA; token=eyJhbGciOiJIUzI1NiIsInR5cCI6IkpXVCJ9.eyJJRF9Vc3VhcmlvIjoiNDE4MDk5MTAiLCJOb21icmVfVXN1YXJpbyI6Impvc2VfY2VudGVub180MTgwIiwiUkRQMDJfSU5TVEFOQ0UiOiJSRFAwMl9JTlMyIiwiUkRQMDNfSU5TVEFOQ0UiOiJSRFAwM19JTlMyIiwiUm9sIjoiUEEiLCJpYXQiOjE3NTE5NTc4MTIsImV4cCI6MTc1MTk3NTgxMn0.PfBuPGaidKrIhzG45d-_KjqqPd8SqcQNndwKXTU_ECg
1 > Content-Type: application/json; charset=UTF-8
1 > Content-Length: 447
1 > Host: siasis-dev.vercel.app
1 > Connection: Keep-Alive
1 > User-Agent: Apache-HttpClient/4.5.14 (Java/17.0.12)
1 > Accept-Encoding: gzip,deflate
{
  "Nombres": "Elena Serafina",
  "Apellidos": "Cullanco Espilco",
  "token": "eyJhbGciOiJIUzI1NiIsInR5cCI6IkpXVCJ9.eyJJRF9Vc3VhcmlvIjoiMSIsIk5vbWJyZV9Vc3VhcmlvIjoiZGlyZWN0b3IuYXN1bmNpb244IiwiUkRQMDJfSU5TVEFOQ0UiOiJSRFAwMl9JTlMzIiwiUkRQMDNfSU5TVEFOQ0UiOiJSRFAwM19JTlMzIiwiUm9sIjoiRCIsImlhdCI6MTc1MTk1NzgxNCwiZXhwIjoxNzUxOTc1ODE0fQ.dVnx1b76JkbexAcTwscgcX1c4_HSUPV_urmgTMPfvos",
  "Genero": "F",
  "Google_Drive_Foto_ID": "1pMkv-ba_T2mBKxjp_zBTZtgWEjwxPxdu",
  "Rol": "D"
}


01:57:03.939 [pool-2-thread-1] DEBUG com.intuit.karate - response time in milliseconds: 424
1 < 201
1 < Cache-Control: public, max-age=0, must-revalidate
1 < Content-Length: 0
1 < Date: Tue, 08 Jul 2025 06:56:54 GMT
1 < Server: Vercel
1 < Set-Cookie: Nombres=Elena%20Serafina; Max-Age=18000; Path=/; HttpOnly; Secure; SameSite=Lax
1 < Set-Cookie: Apellidos=Cullanco%20Espilco; Max-Age=18000; Path=/; HttpOnly; Secure; SameSite=Lax
1 < Set-Cookie: Rol=D; Max-Age=18000; Path=/; HttpOnly; Secure; SameSite=Lax
1 < Set-Cookie: token=eyJhbGciOiJIUzI1NiIsInR5cCI6IkpXVCJ9.eyJJRF9Vc3VhcmlvIjoiMSIsIk5vbWJyZV9Vc3VhcmlvIjoiZGlyZWN0b3IuYXN1bmNpb244IiwiUkRQMDJfSU5TVEFOQ0UiOiJSRFAwMl9JTlMxIiwiUkRQMDNfSU5TVEFOQ0UiOiJSRFAwM19JTlMzIiwiUm9sIjoiRCIsImlhdCI6MTc1MTk1NzgxMywiZXhwIjoxNzUxOTc1ODEzfQ.HVXE6wjr5tgCgYUj5QjRmc4qeEwHhP02PIoAGlKyjxw; Max-Age=18000; Path=/; HttpOnly; Secure; SameSite=Lax
1 < Set-Cookie: Genero=F; Max-Age=18000; Path=/; HttpOnly; Secure; SameSite=Lax
1 < Set-Cookie: Google_Drive_Foto_ID=1pMkv-ba_T2mBKxjp_zBTZtgWEjwxPxdu; Max-Age=18000; Path=/; HttpOnly; Secure; SameSite=Lax
1 < Strict-Transport-Security: max-age=63072000; includeSubDomains; preload
1 < Vary: RSC, Next-Router-State-Tree, Next-Router-Prefetch, Next-Router-Segment-Prefetch
1 < X-Matched-Path: /api/auth/login
1 < X-Vercel-Cache: MISS
1 < X-Vercel-Id: gru1::iad1::cmdlq-1751957814313-c26b2eb2a7c0


01:57:03.941 [pool-2-thread-1] DEBUG com.intuit.karate - request:
1 > GET https://siasis-dev.vercel.app/api/asistencia-hoy/consultar-asistencias-tomadas?Actor=D&TipoAsistencia=personal&ModoRegistro=E
1 > Cookie: Apellidos=Cullanco%20Espilco; Google_Drive_Foto_ID=1pMkv-ba_T2mBKxjp_zBTZtgWEjwxPxdu; Nombres=Elena%20Serafina; Genero=F; Rol=D; token=eyJhbGciOiJIUzI1NiIsInR5cCI6IkpXVCJ9.eyJJRF9Vc3VhcmlvIjoiMSIsIk5vbWJyZV9Vc3VhcmlvIjoiZGlyZWN0b3IuYXN1bmNpb244IiwiUkRQMDJfSU5TVEFOQ0UiOiJSRFAwMl9JTlMxIiwiUkRQMDNfSU5TVEFOQ0UiOiJSRFAwM19JTlMzIiwiUm9sIjoiRCIsImlhdCI6MTc1MTk1NzgxMywiZXhwIjoxNzUxOTc1ODEzfQ.HVXE6wjr5tgCgYUj5QjRmc4qeEwHhP02PIoAGlKyjxw
1 > Host: siasis-dev.vercel.app
1 > Connection: Keep-Alive
1 > User-Agent: Apache-HttpClient/4.5.14 (Java/17.0.12)
1 > Accept-Encoding: gzip,deflate


01:57:04.208 [pool-2-thread-2] DEBUG com.intuit.karate - response time in milliseconds: 600
1 < 200
1 < Cache-Control: public, max-age=0, must-revalidate
1 < Content-Type: application/json
1 < Date: Tue, 08 Jul 2025 06:56:54 GMT
1 < Server: Vercel
1 < Strict-Transport-Security: max-age=63072000; includeSubDomains; preload
1 < Vary: RSC, Next-Router-State-Tree, Next-Router-Prefetch, Next-Router-Segment-Prefetch
1 < X-Matched-Path: /api/asistencia-hoy/marcar
1 < X-Vercel-Cache: MISS
1 < X-Vercel-Id: gru1::iad1::hxpww-1751957814409-db76091f36f9
1 < Transfer-Encoding: chunked
{
  "success": true,
  "message": "La asistencia ya había sido registrada anteriormente",
  "data": {
    "timestamp": 1751957814537,
    "desfaseSegundos": 3590,
    "esNuevoRegistro": false,
    "esRegistroPropio": false,
    "actorRegistrado": "PA",
    "tipoAsistencia": "personal"
  }
}


01:57:04.215 [pool-2-thread-2] DEBUG c.intuit.karate.core.ScenarioEngine - over-writing existing variable 'loginFeature' with new value: 'classpath:resources/features/login/Directivo.feature'
01:57:04.220 [pool-2-thread-2] DEBUG c.intuit.karate.core.ScenarioEngine - over-writing existing variable 'loginResponse' with new value: call read(loginFeature)
01:57:04.223 [pool-2-thread-2] DEBUG com.intuit.karate - request:
1 > POST https://api01-siasis-dev.vercel.app/api/login/directivo
1 > Cookie: Apellidos=Centeno%20Diaz; Google_Drive_Foto_ID=1Jv0B596JMyZMRO7MFcdXW0nN8AI7hFIe; Nombres=Jose; Genero=M; Rol=PA; token=eyJhbGciOiJIUzI1NiIsInR5cCI6IkpXVCJ9.eyJJRF9Vc3VhcmlvIjoiNDE4MDk5MTAiLCJOb21icmVfVXN1YXJpbyI6Impvc2VfY2VudGVub180MTgwIiwiUkRQMDJfSU5TVEFOQ0UiOiJSRFAwMl9JTlMzIiwiUkRQMDNfSU5TVEFOQ0UiOiJSRFAwM19JTlMxIiwiUm9sIjoiUEEiLCJpYXQiOjE3NTE5NTc4MTMsImV4cCI6MTc1MTk3NTgxM30.WMyv48I_AIJAB4rnOmRS9xmQADab0kzXP0ZzPrZE9_4
1 > Content-Type: application/json; charset=UTF-8
1 > Content-Length: 64
1 > Host: api01-siasis-dev.vercel.app
1 > Connection: Keep-Alive
1 > User-Agent: Apache-HttpClient/4.5.14 (Java/17.0.12)
1 > Accept-Encoding: gzip,deflate
{
  "Nombre_Usuario": "director.asuncion8",
  "Contraseña": "15430124"
}


01:57:04.298 [pool-2-thread-5] DEBUG com.intuit.karate - response time in milliseconds: 667
1 < 200
1 < Age: 0
1 < Cache-Control: public, max-age=0, must-revalidate
1 < Content-Type: application/json
1 < Date: Tue, 08 Jul 2025 06:56:54 GMT
1 < Server: Vercel
1 < Strict-Transport-Security: max-age=63072000; includeSubDomains; preload
1 < Vary: RSC, Next-Router-State-Tree, Next-Router-Prefetch, Next-Router-Segment-Prefetch
1 < X-Matched-Path: /api/asistencia-hoy/consultar-asistencias-tomadas
1 < X-Vercel-Cache: MISS
1 < X-Vercel-Id: gru1::iad1::zpjsk-1751957814431-1d4e13b2357e
1 < Transfer-Encoding: chunked
{
  "Actor": "PA",
  "Dia": 8,
  "Mes": 7,
  "ModoRegistro": "E",
  "TipoAsistencia": "personal",
  "Resultados": {
    "ID_o_DNI": "41809910",
    "AsistenciaMarcada": true,
    "Detalles": {
      "Timestamp": 1751952320275,
      "DesfaseSegundos": 3590
    }
  }
}


01:57:04.324 [pool-2-thread-5] DEBUG com.intuit.karate - request:
1 > POST https://api01-siasis-dev.vercel.app/api/login/directivo
1 > Content-Type: application/json; charset=UTF-8
1 > Content-Length: 64
1 > Host: api01-siasis-dev.vercel.app
1 > Connection: Keep-Alive
1 > User-Agent: Apache-HttpClient/4.5.14 (Java/17.0.12)
1 > Accept-Encoding: gzip,deflate
{
  "Nombre_Usuario": "director.asuncion8",
  "Contraseña": "15430124"
}


01:57:04.361 [pool-2-thread-3] DEBUG com.intuit.karate - response time in milliseconds: 450
1 < 201
1 < Cache-Control: public, max-age=0, must-revalidate
1 < Content-Length: 0
1 < Date: Tue, 08 Jul 2025 06:56:54 GMT
1 < Server: Vercel
1 < Set-Cookie: Nombres=Elena%20Serafina; Max-Age=18000; Path=/; HttpOnly; Secure; SameSite=Lax
1 < Set-Cookie: Apellidos=Cullanco%20Espilco; Max-Age=18000; Path=/; HttpOnly; Secure; SameSite=Lax
1 < Set-Cookie: Rol=D; Max-Age=18000; Path=/; HttpOnly; Secure; SameSite=Lax
1 < Set-Cookie: token=eyJhbGciOiJIUzI1NiIsInR5cCI6IkpXVCJ9.eyJJRF9Vc3VhcmlvIjoiMSIsIk5vbWJyZV9Vc3VhcmlvIjoiZGlyZWN0b3IuYXN1bmNpb244IiwiUkRQMDJfSU5TVEFOQ0UiOiJSRFAwMl9JTlMzIiwiUkRQMDNfSU5TVEFOQ0UiOiJSRFAwM19JTlMzIiwiUm9sIjoiRCIsImlhdCI6MTc1MTk1NzgxNCwiZXhwIjoxNzUxOTc1ODE0fQ.dVnx1b76JkbexAcTwscgcX1c4_HSUPV_urmgTMPfvos; Max-Age=18000; Path=/; HttpOnly; Secure; SameSite=Lax
1 < Set-Cookie: Genero=F; Max-Age=18000; Path=/; HttpOnly; Secure; SameSite=Lax
1 < Set-Cookie: Google_Drive_Foto_ID=1pMkv-ba_T2mBKxjp_zBTZtgWEjwxPxdu; Max-Age=18000; Path=/; HttpOnly; Secure; SameSite=Lax
1 < Strict-Transport-Security: max-age=63072000; includeSubDomains; preload
1 < Vary: RSC, Next-Router-State-Tree, Next-Router-Prefetch, Next-Router-Segment-Prefetch
1 < X-Matched-Path: /api/auth/login
1 < X-Vercel-Cache: MISS
1 < X-Vercel-Id: gru1::iad1::zpjsk-1751957814737-22af7b3c1b7e


01:57:04.361 [pool-2-thread-3] DEBUG com.intuit.karate - request:
1 > GET https://siasis-dev.vercel.app/api/asistencia-hoy/consultar-asistencias-tomadas?Actor=A&TipoAsistencia=personal&ModoRegistro=E
1 > Cookie: Apellidos=Cullanco%20Espilco; Google_Drive_Foto_ID=1pMkv-ba_T2mBKxjp_zBTZtgWEjwxPxdu; Nombres=Elena%20Serafina; Genero=F; Rol=D; token=eyJhbGciOiJIUzI1NiIsInR5cCI6IkpXVCJ9.eyJJRF9Vc3VhcmlvIjoiMSIsIk5vbWJyZV9Vc3VhcmlvIjoiZGlyZWN0b3IuYXN1bmNpb244IiwiUkRQMDJfSU5TVEFOQ0UiOiJSRFAwMl9JTlMzIiwiUkRQMDNfSU5TVEFOQ0UiOiJSRFAwM19JTlMzIiwiUm9sIjoiRCIsImlhdCI6MTc1MTk1NzgxNCwiZXhwIjoxNzUxOTc1ODE0fQ.dVnx1b76JkbexAcTwscgcX1c4_HSUPV_urmgTMPfvos
1 > Host: siasis-dev.vercel.app
1 > Connection: Keep-Alive
1 > User-Agent: Apache-HttpClient/4.5.14 (Java/17.0.12)
1 > Accept-Encoding: gzip,deflate


01:57:04.449 [pool-2-thread-4] DEBUG com.intuit.karate - response time in milliseconds: 865
1 < 200
1 < Cache-Control: public, max-age=0, must-revalidate
1 < Content-Type: application/json
1 < Date: Tue, 08 Jul 2025 06:56:54 GMT
1 < Server: Vercel
1 < Strict-Transport-Security: max-age=63072000; includeSubDomains; preload
1 < Vary: RSC, Next-Router-State-Tree, Next-Router-Prefetch, Next-Router-Segment-Prefetch
1 < X-Matched-Path: /api/asistencia-hoy/marcar
1 < X-Vercel-Cache: MISS
1 < X-Vercel-Id: gru1::iad1::bdvft-1751957814383-1817b0334d77
1 < Transfer-Encoding: chunked
{
  "success": true,
  "message": "La asistencia ya había sido registrada anteriormente",
  "data": {
    "timestamp": 1751957814510,
    "desfaseSegundos": 3590,
    "esNuevoRegistro": false,
    "esRegistroPropio": false,
    "actorRegistrado": "PA",
    "tipoAsistencia": "personal"
  }
}


01:57:04.449 [pool-2-thread-4] DEBUG c.intuit.karate.core.ScenarioEngine - over-writing existing variable 'loginFeature' with new value: 'classpath:resources/features/login/Directivo.feature'
01:57:04.461 [pool-2-thread-4] DEBUG c.intuit.karate.core.ScenarioEngine - over-writing existing variable 'loginResponse' with new value: call read(loginFeature)
01:57:04.470 [pool-2-thread-4] DEBUG com.intuit.karate - request:
1 > POST https://api01-siasis-dev.vercel.app/api/login/directivo
1 > Cookie: Apellidos=Centeno%20Diaz; Google_Drive_Foto_ID=1sU6Vjh0xUDJ3oT2Za_t41Q1QqUte2bHy; Nombres=Jose; Genero=M; Rol=PA; token=eyJhbGciOiJIUzI1NiIsInR5cCI6IkpXVCJ9.eyJJRF9Vc3VhcmlvIjoiNDE4MDk5MTAiLCJOb21icmVfVXN1YXJpbyI6Impvc2VfY2VudGVub180MTgwIiwiUkRQMDJfSU5TVEFOQ0UiOiJSRFAwMl9JTlMxIiwiUkRQMDNfSU5TVEFOQ0UiOiJSRFAwM19JTlMyIiwiUm9sIjoiUEEiLCJpYXQiOjE3NTE5NTc4MTMsImV4cCI6MTc1MTk3NTgxM30.x0YR-Dck2aR5oGBi84hxw52yyrn6omZpGgr2uI28H3Y
1 > Content-Type: application/json; charset=UTF-8
1 > Content-Length: 64
1 > Host: api01-siasis-dev.vercel.app
1 > Connection: Keep-Alive
1 > User-Agent: Apache-HttpClient/4.5.14 (Java/17.0.12)
1 > Accept-Encoding: gzip,deflate
{
  "Nombre_Usuario": "director.asuncion8",
  "Contraseña": "15430124"
}


01:57:04.720 [pool-2-thread-1] DEBUG com.intuit.karate - response time in milliseconds: 778
1 < 200
1 < Age: 0
1 < Cache-Control: public, max-age=0, must-revalidate
1 < Content-Type: application/json
1 < Date: Tue, 08 Jul 2025 06:56:55 GMT
1 < Server: Vercel
1 < Strict-Transport-Security: max-age=63072000; includeSubDomains; preload
1 < Vary: RSC, Next-Router-State-Tree, Next-Router-Prefetch, Next-Router-Segment-Prefetch
1 < X-Matched-Path: /api/asistencia-hoy/consultar-asistencias-tomadas
1 < X-Vercel-Cache: MISS
1 < X-Vercel-Id: gru1::iad1::2cxpp-1751957814738-9b5ed6dfde61
1 < Transfer-Encoding: chunked
{
  "Actor": "D",
  "Dia": 8,
  "Mes": 7,
  "ModoRegistro": "E",
  "TipoAsistencia": "personal",
  "Resultados": [
    {
      "ID_o_DNI": "1",
      "AsistenciaMarcada": true,
      "Detalles": {
        "Timestamp": 1751952312689,
        "DesfaseSegundos": 3591
      }
    },
    {
      "ID_o_DNI": "15430124",
      "AsistenciaMarcada": true,
      "Detalles": {
        "Timestamp": 1751955819922,
        "DesfaseSegundos": 3590
      }
    }
  ]
}


01:57:04.733 [pool-2-thread-1] DEBUG com.intuit.karate - request:
1 > POST https://api01-siasis-dev.vercel.app/api/login/directivo
1 > Content-Type: application/json; charset=UTF-8
1 > Content-Length: 64
1 > Host: api01-siasis-dev.vercel.app
1 > Connection: Keep-Alive
1 > User-Agent: Apache-HttpClient/4.5.14 (Java/17.0.12)
1 > Accept-Encoding: gzip,deflate
{
  "Nombre_Usuario": "director.asuncion8",
  "Contraseña": "15430124"
}


01:57:04.755 [pool-2-thread-2] DEBUG com.intuit.karate - response time in milliseconds: 530
1 < 200
1 < Access-Control-Allow-Origin: *
1 < Cache-Control: public, max-age=0, must-revalidate
1 < Content-Length: 509
1 < Content-Type: application/json; charset=utf-8
1 < Date: Tue, 08 Jul 2025 06:56:55 GMT
1 < Etag: W/"1fd-cH6EWfQjBGhVihNeBLtXU0JOfEk"
1 < Server: Vercel
1 < Strict-Transport-Security: max-age=63072000; includeSubDomains; preload
1 < X-Powered-By: Express
1 < X-Vercel-Cache: MISS
1 < X-Vercel-Id: gru1::iad1::z422j-1751957815021-dc0d659f13b9
{
  "success": true,
  "message": "Inicio de sesión exitoso",
  "data": {
    "Apellidos": "Cullanco Espilco",
    "Nombres": "Elena Serafina",
    "Rol": "D",
    "token": "eyJhbGciOiJIUzI1NiIsInR5cCI6IkpXVCJ9.eyJJRF9Vc3VhcmlvIjoiMSIsIk5vbWJyZV9Vc3VhcmlvIjoiZGlyZWN0b3IuYXN1bmNpb244IiwiUkRQMDJfSU5TVEFOQ0UiOiJSRFAwMl9JTlMyIiwiUkRQMDNfSU5TVEFOQ0UiOiJSRFAwM19JTlM1IiwiUm9sIjoiRCIsImlhdCI6MTc1MTk1NzgxNSwiZXhwIjoxNzUxOTc1ODE1fQ.ochajxL8W0JFnPrH9x5Ih9sS1SOY4gdF2Id6Zs0FjzI",
    "Google_Drive_Foto_ID": "1pMkv-ba_T2mBKxjp_zBTZtgWEjwxPxdu",
    "Genero": "F"
  }
}


01:57:04.757 [pool-2-thread-2] INFO  com.intuit.karate - [print] eyJhbGciOiJIUzI1NiIsInR5cCI6IkpXVCJ9.eyJJRF9Vc3VhcmlvIjoiMSIsIk5vbWJyZV9Vc3VhcmlvIjoiZGlyZWN0b3IuYXN1bmNpb244IiwiUkRQMDJfSU5TVEFOQ0UiOiJSRFAwMl9JTlMyIiwiUkRQMDNfSU5TVEFOQ0UiOiJSRFAwM19JTlM1IiwiUm9sIjoiRCIsImlhdCI6MTc1MTk1NzgxNSwiZXhwIjoxNzUxOTc1ODE1fQ.ochajxL8W0JFnPrH9x5Ih9sS1SOY4gdF2Id6Zs0FjzI 
01:57:04.759 [pool-2-thread-2] INFO  com.intuit.karate - [print] D 
01:57:04.762 [pool-2-thread-2] DEBUG com.intuit.karate - request:
1 > POST https://siasis-dev.vercel.app/api/auth/login
1 > Cookie: Apellidos=Centeno%20Diaz; Google_Drive_Foto_ID=1Jv0B596JMyZMRO7MFcdXW0nN8AI7hFIe; Nombres=Jose; Genero=M; Rol=PA; token=eyJhbGciOiJIUzI1NiIsInR5cCI6IkpXVCJ9.eyJJRF9Vc3VhcmlvIjoiNDE4MDk5MTAiLCJOb21icmVfVXN1YXJpbyI6Impvc2VfY2VudGVub180MTgwIiwiUkRQMDJfSU5TVEFOQ0UiOiJSRFAwMl9JTlMzIiwiUkRQMDNfSU5TVEFOQ0UiOiJSRFAwM19JTlMxIiwiUm9sIjoiUEEiLCJpYXQiOjE3NTE5NTc4MTMsImV4cCI6MTc1MTk3NTgxM30.WMyv48I_AIJAB4rnOmRS9xmQADab0kzXP0ZzPrZE9_4
1 > Content-Type: application/json; charset=UTF-8
1 > Content-Length: 447
1 > Host: siasis-dev.vercel.app
1 > Connection: Keep-Alive
1 > User-Agent: Apache-HttpClient/4.5.14 (Java/17.0.12)
1 > Accept-Encoding: gzip,deflate
{
  "Nombres": "Elena Serafina",
  "Apellidos": "Cullanco Espilco",
  "token": "eyJhbGciOiJIUzI1NiIsInR5cCI6IkpXVCJ9.eyJJRF9Vc3VhcmlvIjoiMSIsIk5vbWJyZV9Vc3VhcmlvIjoiZGlyZWN0b3IuYXN1bmNpb244IiwiUkRQMDJfSU5TVEFOQ0UiOiJSRFAwMl9JTlMyIiwiUkRQMDNfSU5TVEFOQ0UiOiJSRFAwM19JTlM1IiwiUm9sIjoiRCIsImlhdCI6MTc1MTk1NzgxNSwiZXhwIjoxNzUxOTc1ODE1fQ.ochajxL8W0JFnPrH9x5Ih9sS1SOY4gdF2Id6Zs0FjzI",
  "Genero": "F",
  "Google_Drive_Foto_ID": "1pMkv-ba_T2mBKxjp_zBTZtgWEjwxPxdu",
  "Rol": "D"
}


01:57:04.848 [pool-2-thread-5] DEBUG com.intuit.karate - response time in milliseconds: 524
1 < 200
1 < Access-Control-Allow-Origin: *
1 < Cache-Control: public, max-age=0, must-revalidate
1 < Content-Length: 509
1 < Content-Type: application/json; charset=utf-8
1 < Date: Tue, 08 Jul 2025 06:56:55 GMT
1 < Etag: W/"1fd-4IHeea5UN4z1AJ0RAHARTaqRcd8"
1 < Server: Vercel
1 < Strict-Transport-Security: max-age=63072000; includeSubDomains; preload
1 < X-Powered-By: Express
1 < X-Vercel-Cache: MISS
1 < X-Vercel-Id: gru1::iad1::z422j-1751957815127-ed0d07e6b152
{
  "success": true,
  "message": "Inicio de sesión exitoso",
  "data": {
    "Apellidos": "Cullanco Espilco",
    "Nombres": "Elena Serafina",
    "Rol": "D",
    "token": "eyJhbGciOiJIUzI1NiIsInR5cCI6IkpXVCJ9.eyJJRF9Vc3VhcmlvIjoiMSIsIk5vbWJyZV9Vc3VhcmlvIjoiZGlyZWN0b3IuYXN1bmNpb244IiwiUkRQMDJfSU5TVEFOQ0UiOiJSRFAwMl9JTlMxIiwiUkRQMDNfSU5TVEFOQ0UiOiJSRFAwM19JTlMzIiwiUm9sIjoiRCIsImlhdCI6MTc1MTk1NzgxNSwiZXhwIjoxNzUxOTc1ODE1fQ.HsKqSAaF1PaDQyR0QbC7rGiWto0fOwgomIS7pRnUIqI",
    "Google_Drive_Foto_ID": "1pMkv-ba_T2mBKxjp_zBTZtgWEjwxPxdu",
    "Genero": "F"
  }
}


01:57:04.848 [pool-2-thread-5] INFO  com.intuit.karate - [print] eyJhbGciOiJIUzI1NiIsInR5cCI6IkpXVCJ9.eyJJRF9Vc3VhcmlvIjoiMSIsIk5vbWJyZV9Vc3VhcmlvIjoiZGlyZWN0b3IuYXN1bmNpb244IiwiUkRQMDJfSU5TVEFOQ0UiOiJSRFAwMl9JTlMxIiwiUkRQMDNfSU5TVEFOQ0UiOiJSRFAwM19JTlMzIiwiUm9sIjoiRCIsImlhdCI6MTc1MTk1NzgxNSwiZXhwIjoxNzUxOTc1ODE1fQ.HsKqSAaF1PaDQyR0QbC7rGiWto0fOwgomIS7pRnUIqI 
01:57:04.848 [pool-2-thread-5] INFO  com.intuit.karate - [print] D 
01:57:04.848 [pool-2-thread-5] DEBUG com.intuit.karate - request:
1 > POST https://siasis-dev.vercel.app/api/auth/login
1 > Content-Type: application/json; charset=UTF-8
1 > Content-Length: 447
1 > Host: siasis-dev.vercel.app
1 > Connection: Keep-Alive
1 > User-Agent: Apache-HttpClient/4.5.14 (Java/17.0.12)
1 > Accept-Encoding: gzip,deflate
{
  "Nombres": "Elena Serafina",
  "Apellidos": "Cullanco Espilco",
  "token": "eyJhbGciOiJIUzI1NiIsInR5cCI6IkpXVCJ9.eyJJRF9Vc3VhcmlvIjoiMSIsIk5vbWJyZV9Vc3VhcmlvIjoiZGlyZWN0b3IuYXN1bmNpb244IiwiUkRQMDJfSU5TVEFOQ0UiOiJSRFAwMl9JTlMxIiwiUkRQMDNfSU5TVEFOQ0UiOiJSRFAwM19JTlMzIiwiUm9sIjoiRCIsImlhdCI6MTc1MTk1NzgxNSwiZXhwIjoxNzUxOTc1ODE1fQ.HsKqSAaF1PaDQyR0QbC7rGiWto0fOwgomIS7pRnUIqI",
  "Genero": "F",
  "Google_Drive_Foto_ID": "1pMkv-ba_T2mBKxjp_zBTZtgWEjwxPxdu",
  "Rol": "D"
}


01:57:04.998 [pool-2-thread-4] DEBUG com.intuit.karate - response time in milliseconds: 528
1 < 200
1 < Access-Control-Allow-Origin: *
1 < Cache-Control: public, max-age=0, must-revalidate
1 < Content-Length: 509
1 < Content-Type: application/json; charset=utf-8
1 < Date: Tue, 08 Jul 2025 06:56:55 GMT
1 < Etag: W/"1fd-4IHeea5UN4z1AJ0RAHARTaqRcd8"
1 < Server: Vercel
1 < Strict-Transport-Security: max-age=63072000; includeSubDomains; preload
1 < X-Powered-By: Express
1 < X-Vercel-Cache: MISS
1 < X-Vercel-Id: gru1::iad1::lf27c-1751957815269-e91e0882f0c7
{
  "success": true,
  "message": "Inicio de sesión exitoso",
  "data": {
    "Apellidos": "Cullanco Espilco",
    "Nombres": "Elena Serafina",
    "Rol": "D",
    "token": "eyJhbGciOiJIUzI1NiIsInR5cCI6IkpXVCJ9.eyJJRF9Vc3VhcmlvIjoiMSIsIk5vbWJyZV9Vc3VhcmlvIjoiZGlyZWN0b3IuYXN1bmNpb244IiwiUkRQMDJfSU5TVEFOQ0UiOiJSRFAwMl9JTlMxIiwiUkRQMDNfSU5TVEFOQ0UiOiJSRFAwM19JTlMzIiwiUm9sIjoiRCIsImlhdCI6MTc1MTk1NzgxNSwiZXhwIjoxNzUxOTc1ODE1fQ.HsKqSAaF1PaDQyR0QbC7rGiWto0fOwgomIS7pRnUIqI",
    "Google_Drive_Foto_ID": "1pMkv-ba_T2mBKxjp_zBTZtgWEjwxPxdu",
    "Genero": "F"
  }
}


01:57:04.998 [pool-2-thread-4] INFO  com.intuit.karate - [print] eyJhbGciOiJIUzI1NiIsInR5cCI6IkpXVCJ9.eyJJRF9Vc3VhcmlvIjoiMSIsIk5vbWJyZV9Vc3VhcmlvIjoiZGlyZWN0b3IuYXN1bmNpb244IiwiUkRQMDJfSU5TVEFOQ0UiOiJSRFAwMl9JTlMxIiwiUkRQMDNfSU5TVEFOQ0UiOiJSRFAwM19JTlMzIiwiUm9sIjoiRCIsImlhdCI6MTc1MTk1NzgxNSwiZXhwIjoxNzUxOTc1ODE1fQ.HsKqSAaF1PaDQyR0QbC7rGiWto0fOwgomIS7pRnUIqI 
01:57:05.001 [pool-2-thread-4] INFO  com.intuit.karate - [print] D 
01:57:05.004 [pool-2-thread-4] DEBUG com.intuit.karate - request:
1 > POST https://siasis-dev.vercel.app/api/auth/login
1 > Cookie: Apellidos=Centeno%20Diaz; Google_Drive_Foto_ID=1sU6Vjh0xUDJ3oT2Za_t41Q1QqUte2bHy; Nombres=Jose; Genero=M; Rol=PA; token=eyJhbGciOiJIUzI1NiIsInR5cCI6IkpXVCJ9.eyJJRF9Vc3VhcmlvIjoiNDE4MDk5MTAiLCJOb21icmVfVXN1YXJpbyI6Impvc2VfY2VudGVub180MTgwIiwiUkRQMDJfSU5TVEFOQ0UiOiJSRFAwMl9JTlMxIiwiUkRQMDNfSU5TVEFOQ0UiOiJSRFAwM19JTlMyIiwiUm9sIjoiUEEiLCJpYXQiOjE3NTE5NTc4MTMsImV4cCI6MTc1MTk3NTgxM30.x0YR-Dck2aR5oGBi84hxw52yyrn6omZpGgr2uI28H3Y
1 > Content-Type: application/json; charset=UTF-8
1 > Content-Length: 447
1 > Host: siasis-dev.vercel.app
1 > Connection: Keep-Alive
1 > User-Agent: Apache-HttpClient/4.5.14 (Java/17.0.12)
1 > Accept-Encoding: gzip,deflate
{
  "Nombres": "Elena Serafina",
  "Apellidos": "Cullanco Espilco",
  "token": "eyJhbGciOiJIUzI1NiIsInR5cCI6IkpXVCJ9.eyJJRF9Vc3VhcmlvIjoiMSIsIk5vbWJyZV9Vc3VhcmlvIjoiZGlyZWN0b3IuYXN1bmNpb244IiwiUkRQMDJfSU5TVEFOQ0UiOiJSRFAwMl9JTlMxIiwiUkRQMDNfSU5TVEFOQ0UiOiJSRFAwM19JTlMzIiwiUm9sIjoiRCIsImlhdCI6MTc1MTk1NzgxNSwiZXhwIjoxNzUxOTc1ODE1fQ.HsKqSAaF1PaDQyR0QbC7rGiWto0fOwgomIS7pRnUIqI",
  "Genero": "F",
  "Google_Drive_Foto_ID": "1pMkv-ba_T2mBKxjp_zBTZtgWEjwxPxdu",
  "Rol": "D"
}


01:57:05.178 [pool-2-thread-2] DEBUG com.intuit.karate - response time in milliseconds: 416
1 < 201
1 < Cache-Control: public, max-age=0, must-revalidate
1 < Content-Length: 0
1 < Date: Tue, 08 Jul 2025 06:56:55 GMT
1 < Server: Vercel
1 < Set-Cookie: Nombres=Elena%20Serafina; Max-Age=18000; Path=/; HttpOnly; Secure; SameSite=Lax
1 < Set-Cookie: Apellidos=Cullanco%20Espilco; Max-Age=18000; Path=/; HttpOnly; Secure; SameSite=Lax
1 < Set-Cookie: Rol=D; Max-Age=18000; Path=/; HttpOnly; Secure; SameSite=Lax
1 < Set-Cookie: token=eyJhbGciOiJIUzI1NiIsInR5cCI6IkpXVCJ9.eyJJRF9Vc3VhcmlvIjoiMSIsIk5vbWJyZV9Vc3VhcmlvIjoiZGlyZWN0b3IuYXN1bmNpb244IiwiUkRQMDJfSU5TVEFOQ0UiOiJSRFAwMl9JTlMyIiwiUkRQMDNfSU5TVEFOQ0UiOiJSRFAwM19JTlM1IiwiUm9sIjoiRCIsImlhdCI6MTc1MTk1NzgxNSwiZXhwIjoxNzUxOTc1ODE1fQ.ochajxL8W0JFnPrH9x5Ih9sS1SOY4gdF2Id6Zs0FjzI; Max-Age=18000; Path=/; HttpOnly; Secure; SameSite=Lax
1 < Set-Cookie: Genero=F; Max-Age=18000; Path=/; HttpOnly; Secure; SameSite=Lax
1 < Set-Cookie: Google_Drive_Foto_ID=1pMkv-ba_T2mBKxjp_zBTZtgWEjwxPxdu; Max-Age=18000; Path=/; HttpOnly; Secure; SameSite=Lax
1 < Strict-Transport-Security: max-age=63072000; includeSubDomains; preload
1 < Vary: RSC, Next-Router-State-Tree, Next-Router-Prefetch, Next-Router-Segment-Prefetch
1 < X-Matched-Path: /api/auth/login
1 < X-Vercel-Cache: MISS
1 < X-Vercel-Id: gru1::iad1::lw4h4-1751957815558-b8a438d4b51c


01:57:05.182 [pool-2-thread-3] DEBUG com.intuit.karate - response time in milliseconds: 817
1 < 200
1 < Age: 0
1 < Cache-Control: public, max-age=0, must-revalidate
1 < Content-Type: application/json
1 < Date: Tue, 08 Jul 2025 06:56:55 GMT
1 < Server: Vercel
1 < Strict-Transport-Security: max-age=63072000; includeSubDomains; preload
1 < Vary: RSC, Next-Router-State-Tree, Next-Router-Prefetch, Next-Router-Segment-Prefetch
1 < X-Matched-Path: /api/asistencia-hoy/consultar-asistencias-tomadas
1 < X-Vercel-Cache: MISS
1 < X-Vercel-Id: gru1::iad1::cq8gr-1751957815167-a2f045868a68
1 < Transfer-Encoding: chunked
{
  "Actor": "A",
  "Dia": 8,
  "Mes": 7,
  "ModoRegistro": "E",
  "TipoAsistencia": "personal",
  "Resultados": [
    {
      "ID_o_DNI": "15357278",
      "AsistenciaMarcada": true,
      "Detalles": {
        "Timestamp": 1751949179640,
        "DesfaseSegundos": 21590
      }
    },
    {
      "ID_o_DNI": "15430124",
      "AsistenciaMarcada": true,
      "Detalles": {
        "Timestamp": 1751955819226,
        "DesfaseSegundos": 3590
      }
    }
  ]
}


01:57:05.182 [pool-2-thread-2] DEBUG com.intuit.karate - request:
1 > GET https://siasis-dev.vercel.app/api/asistencia-hoy/consultar-asistencias-tomadas?Actor=PS&TipoAsistencia=personal&ModoRegistro=E
1 > Cookie: Apellidos=Cullanco%20Espilco; Google_Drive_Foto_ID=1pMkv-ba_T2mBKxjp_zBTZtgWEjwxPxdu; Nombres=Elena%20Serafina; Genero=F; Rol=D; token=eyJhbGciOiJIUzI1NiIsInR5cCI6IkpXVCJ9.eyJJRF9Vc3VhcmlvIjoiMSIsIk5vbWJyZV9Vc3VhcmlvIjoiZGlyZWN0b3IuYXN1bmNpb244IiwiUkRQMDJfSU5TVEFOQ0UiOiJSRFAwMl9JTlMyIiwiUkRQMDNfSU5TVEFOQ0UiOiJSRFAwM19JTlM1IiwiUm9sIjoiRCIsImlhdCI6MTc1MTk1NzgxNSwiZXhwIjoxNzUxOTc1ODE1fQ.ochajxL8W0JFnPrH9x5Ih9sS1SOY4gdF2Id6Zs0FjzI
1 > Host: siasis-dev.vercel.app
1 > Connection: Keep-Alive
1 > User-Agent: Apache-HttpClient/4.5.14 (Java/17.0.12)
1 > Accept-Encoding: gzip,deflate


01:57:05.188 [pool-2-thread-3] DEBUG com.intuit.karate - request:
1 > POST https://api01-siasis-dev.vercel.app/api/login/auxiliar
1 > Content-Type: application/json; charset=UTF-8
1 > Content-Length: 67
1 > Host: api01-siasis-dev.vercel.app
1 > Connection: Keep-Alive
1 > User-Agent: Apache-HttpClient/4.5.14 (Java/17.0.12)
1 > Accept-Encoding: gzip,deflate
{
  "Nombre_Usuario": "brigida_gonzales_1535",
  "Contraseña": "15357278"
}


01:57:05.262 [pool-2-thread-1] DEBUG com.intuit.karate - response time in milliseconds: 524
1 < 200
1 < Access-Control-Allow-Origin: *
1 < Cache-Control: public, max-age=0, must-revalidate
1 < Content-Length: 509
1 < Content-Type: application/json; charset=utf-8
1 < Date: Tue, 08 Jul 2025 06:56:55 GMT
1 < Etag: W/"1fd-tWHFjUg6QZ2lh33T663hTVCooT4"
1 < Server: Vercel
1 < Strict-Transport-Security: max-age=63072000; includeSubDomains; preload
1 < X-Powered-By: Express
1 < X-Vercel-Cache: MISS
1 < X-Vercel-Id: gru1::iad1::lf27c-1751957815534-c208d73ba72d
{
  "success": true,
  "message": "Inicio de sesión exitoso",
  "data": {
    "Apellidos": "Cullanco Espilco",
    "Nombres": "Elena Serafina",
    "Rol": "D",
    "token": "eyJhbGciOiJIUzI1NiIsInR5cCI6IkpXVCJ9.eyJJRF9Vc3VhcmlvIjoiMSIsIk5vbWJyZV9Vc3VhcmlvIjoiZGlyZWN0b3IuYXN1bmNpb244IiwiUkRQMDJfSU5TVEFOQ0UiOiJSRFAwMl9JTlMzIiwiUkRQMDNfSU5TVEFOQ0UiOiJSRFAwM19JTlMxIiwiUm9sIjoiRCIsImlhdCI6MTc1MTk1NzgxNSwiZXhwIjoxNzUxOTc1ODE1fQ.2ZCF6K85AI5777VapUIB82-8XM2ZEqSwNwK2VhDc71Y",
    "Google_Drive_Foto_ID": "1pMkv-ba_T2mBKxjp_zBTZtgWEjwxPxdu",
    "Genero": "F"
  }
}


01:57:05.262 [pool-2-thread-1] INFO  com.intuit.karate - [print] eyJhbGciOiJIUzI1NiIsInR5cCI6IkpXVCJ9.eyJJRF9Vc3VhcmlvIjoiMSIsIk5vbWJyZV9Vc3VhcmlvIjoiZGlyZWN0b3IuYXN1bmNpb244IiwiUkRQMDJfSU5TVEFOQ0UiOiJSRFAwMl9JTlMzIiwiUkRQMDNfSU5TVEFOQ0UiOiJSRFAwM19JTlMxIiwiUm9sIjoiRCIsImlhdCI6MTc1MTk1NzgxNSwiZXhwIjoxNzUxOTc1ODE1fQ.2ZCF6K85AI5777VapUIB82-8XM2ZEqSwNwK2VhDc71Y 
01:57:05.262 [pool-2-thread-1] INFO  com.intuit.karate - [print] D 
01:57:05.265 [pool-2-thread-1] DEBUG com.intuit.karate - request:
1 > POST https://siasis-dev.vercel.app/api/auth/login
1 > Content-Type: application/json; charset=UTF-8
1 > Content-Length: 447
1 > Host: siasis-dev.vercel.app
1 > Connection: Keep-Alive
1 > User-Agent: Apache-HttpClient/4.5.14 (Java/17.0.12)
1 > Accept-Encoding: gzip,deflate
{
  "Nombres": "Elena Serafina",
  "Apellidos": "Cullanco Espilco",
  "token": "eyJhbGciOiJIUzI1NiIsInR5cCI6IkpXVCJ9.eyJJRF9Vc3VhcmlvIjoiMSIsIk5vbWJyZV9Vc3VhcmlvIjoiZGlyZWN0b3IuYXN1bmNpb244IiwiUkRQMDJfSU5TVEFOQ0UiOiJSRFAwMl9JTlMzIiwiUkRQMDNfSU5TVEFOQ0UiOiJSRFAwM19JTlMxIiwiUm9sIjoiRCIsImlhdCI6MTc1MTk1NzgxNSwiZXhwIjoxNzUxOTc1ODE1fQ.2ZCF6K85AI5777VapUIB82-8XM2ZEqSwNwK2VhDc71Y",
  "Genero": "F",
  "Google_Drive_Foto_ID": "1pMkv-ba_T2mBKxjp_zBTZtgWEjwxPxdu",
  "Rol": "D"
}


01:57:05.267 [pool-2-thread-5] DEBUG com.intuit.karate - response time in milliseconds: 418
1 < 201
1 < Cache-Control: public, max-age=0, must-revalidate
1 < Content-Length: 0
1 < Date: Tue, 08 Jul 2025 06:56:55 GMT
1 < Server: Vercel
1 < Set-Cookie: Nombres=Elena%20Serafina; Max-Age=18000; Path=/; HttpOnly; Secure; SameSite=Lax
1 < Set-Cookie: Apellidos=Cullanco%20Espilco; Max-Age=18000; Path=/; HttpOnly; Secure; SameSite=Lax
1 < Set-Cookie: Rol=D; Max-Age=18000; Path=/; HttpOnly; Secure; SameSite=Lax
1 < Set-Cookie: token=eyJhbGciOiJIUzI1NiIsInR5cCI6IkpXVCJ9.eyJJRF9Vc3VhcmlvIjoiMSIsIk5vbWJyZV9Vc3VhcmlvIjoiZGlyZWN0b3IuYXN1bmNpb244IiwiUkRQMDJfSU5TVEFOQ0UiOiJSRFAwMl9JTlMxIiwiUkRQMDNfSU5TVEFOQ0UiOiJSRFAwM19JTlMzIiwiUm9sIjoiRCIsImlhdCI6MTc1MTk1NzgxNSwiZXhwIjoxNzUxOTc1ODE1fQ.HsKqSAaF1PaDQyR0QbC7rGiWto0fOwgomIS7pRnUIqI; Max-Age=18000; Path=/; HttpOnly; Secure; SameSite=Lax
1 < Set-Cookie: Genero=F; Max-Age=18000; Path=/; HttpOnly; Secure; SameSite=Lax
1 < Set-Cookie: Google_Drive_Foto_ID=1pMkv-ba_T2mBKxjp_zBTZtgWEjwxPxdu; Max-Age=18000; Path=/; HttpOnly; Secure; SameSite=Lax
1 < Strict-Transport-Security: max-age=63072000; includeSubDomains; preload
1 < Vary: RSC, Next-Router-State-Tree, Next-Router-Prefetch, Next-Router-Segment-Prefetch
1 < X-Matched-Path: /api/auth/login
1 < X-Vercel-Cache: MISS
1 < X-Vercel-Id: gru1::iad1::cmdlq-1751957815650-4813b9fdcee2


01:57:05.267 [pool-2-thread-5] DEBUG com.intuit.karate - request:
1 > POST https://siasis-dev.vercel.app/api/asistencia-hoy/marcar
1 > Cookie: Apellidos=Cullanco%20Espilco; Google_Drive_Foto_ID=1pMkv-ba_T2mBKxjp_zBTZtgWEjwxPxdu; Nombres=Elena%20Serafina; Genero=F; Rol=D; token=eyJhbGciOiJIUzI1NiIsInR5cCI6IkpXVCJ9.eyJJRF9Vc3VhcmlvIjoiMSIsIk5vbWJyZV9Vc3VhcmlvIjoiZGlyZWN0b3IuYXN1bmNpb244IiwiUkRQMDJfSU5TVEFOQ0UiOiJSRFAwMl9JTlMxIiwiUkRQMDNfSU5TVEFOQ0UiOiJSRFAwM19JTlMzIiwiUm9sIjoiRCIsImlhdCI6MTc1MTk1NzgxNSwiZXhwIjoxNzUxOTc1ODE1fQ.HsKqSAaF1PaDQyR0QbC7rGiWto0fOwgomIS7pRnUIqI
1 > Content-Type: application/json; charset=UTF-8
1 > Content-Length: 70
1 > Host: siasis-dev.vercel.app
1 > Connection: Keep-Alive
1 > User-Agent: Apache-HttpClient/4.5.14 (Java/17.0.12)
1 > Accept-Encoding: gzip,deflate
{
  "ModoRegistro": "E",
  "FechaHoraEsperadaISO": "2025-07-08T05:57:05.267Z"
}


---------------------------------------------------------
feature: classpath:resources/features/AsistenciaHoy/ConsultarAsistencias/MiAsistencia/ObtenerMiAsistencia.feature
scenarios:  6 | passed:  6 | failed:  0 | time: 73.0616
---------------------------------------------------------

01:57:05.355 [pool-3-thread-1] INFO  com.intuit.karate.Suite - <<pass>> feature 2 of 20 (18 remaining) classpath:resources/features/AsistenciaHoy/ConsultarAsistencias/MiAsistencia/ObtenerMiAsistencia.feature
01:57:05.418 [pool-2-thread-4] DEBUG com.intuit.karate - response time in milliseconds: 414
1 < 201
1 < Cache-Control: public, max-age=0, must-revalidate
1 < Content-Length: 0
1 < Date: Tue, 08 Jul 2025 06:56:55 GMT
1 < Server: Vercel
1 < Set-Cookie: Nombres=Elena%20Serafina; Max-Age=18000; Path=/; HttpOnly; Secure; SameSite=Lax
1 < Set-Cookie: Apellidos=Cullanco%20Espilco; Max-Age=18000; Path=/; HttpOnly; Secure; SameSite=Lax
1 < Set-Cookie: Rol=D; Max-Age=18000; Path=/; HttpOnly; Secure; SameSite=Lax
1 < Set-Cookie: token=eyJhbGciOiJIUzI1NiIsInR5cCI6IkpXVCJ9.eyJJRF9Vc3VhcmlvIjoiMSIsIk5vbWJyZV9Vc3VhcmlvIjoiZGlyZWN0b3IuYXN1bmNpb244IiwiUkRQMDJfSU5TVEFOQ0UiOiJSRFAwMl9JTlMxIiwiUkRQMDNfSU5TVEFOQ0UiOiJSRFAwM19JTlMzIiwiUm9sIjoiRCIsImlhdCI6MTc1MTk1NzgxNSwiZXhwIjoxNzUxOTc1ODE1fQ.HsKqSAaF1PaDQyR0QbC7rGiWto0fOwgomIS7pRnUIqI; Max-Age=18000; Path=/; HttpOnly; Secure; SameSite=Lax
1 < Set-Cookie: Genero=F; Max-Age=18000; Path=/; HttpOnly; Secure; SameSite=Lax
1 < Set-Cookie: Google_Drive_Foto_ID=1pMkv-ba_T2mBKxjp_zBTZtgWEjwxPxdu; Max-Age=18000; Path=/; HttpOnly; Secure; SameSite=Lax
1 < Strict-Transport-Security: max-age=63072000; includeSubDomains; preload
1 < Vary: RSC, Next-Router-State-Tree, Next-Router-Prefetch, Next-Router-Segment-Prefetch
1 < X-Matched-Path: /api/auth/login
1 < X-Vercel-Cache: MISS
1 < X-Vercel-Id: gru1::iad1::cmdlq-1751957815804-9fc6da0cf0c6


01:57:05.418 [pool-2-thread-4] DEBUG com.intuit.karate - request:
1 > GET https://siasis-dev.vercel.app/api/asistencia-hoy/consultar-asistencias-tomadas?Actor=PP&TipoAsistencia=personal&ModoRegistro=E
1 > Cookie: Apellidos=Cullanco%20Espilco; Google_Drive_Foto_ID=1pMkv-ba_T2mBKxjp_zBTZtgWEjwxPxdu; Nombres=Elena%20Serafina; Genero=F; Rol=D; token=eyJhbGciOiJIUzI1NiIsInR5cCI6IkpXVCJ9.eyJJRF9Vc3VhcmlvIjoiMSIsIk5vbWJyZV9Vc3VhcmlvIjoiZGlyZWN0b3IuYXN1bmNpb244IiwiUkRQMDJfSU5TVEFOQ0UiOiJSRFAwMl9JTlMxIiwiUkRQMDNfSU5TVEFOQ0UiOiJSRFAwM19JTlMzIiwiUm9sIjoiRCIsImlhdCI6MTc1MTk1NzgxNSwiZXhwIjoxNzUxOTc1ODE1fQ.HsKqSAaF1PaDQyR0QbC7rGiWto0fOwgomIS7pRnUIqI
1 > Host: siasis-dev.vercel.app
1 > Connection: Keep-Alive
1 > User-Agent: Apache-HttpClient/4.5.14 (Java/17.0.12)
1 > Accept-Encoding: gzip,deflate


01:57:05.668 [pool-2-thread-1] DEBUG com.intuit.karate - response time in milliseconds: 402
1 < 201
1 < Cache-Control: public, max-age=0, must-revalidate
1 < Content-Length: 0
1 < Date: Tue, 08 Jul 2025 06:56:56 GMT
1 < Server: Vercel
1 < Set-Cookie: Nombres=Elena%20Serafina; Max-Age=18000; Path=/; HttpOnly; Secure; SameSite=Lax
1 < Set-Cookie: Apellidos=Cullanco%20Espilco; Max-Age=18000; Path=/; HttpOnly; Secure; SameSite=Lax
1 < Set-Cookie: Rol=D; Max-Age=18000; Path=/; HttpOnly; Secure; SameSite=Lax
1 < Set-Cookie: token=eyJhbGciOiJIUzI1NiIsInR5cCI6IkpXVCJ9.eyJJRF9Vc3VhcmlvIjoiMSIsIk5vbWJyZV9Vc3VhcmlvIjoiZGlyZWN0b3IuYXN1bmNpb244IiwiUkRQMDJfSU5TVEFOQ0UiOiJSRFAwMl9JTlMzIiwiUkRQMDNfSU5TVEFOQ0UiOiJSRFAwM19JTlMxIiwiUm9sIjoiRCIsImlhdCI6MTc1MTk1NzgxNSwiZXhwIjoxNzUxOTc1ODE1fQ.2ZCF6K85AI5777VapUIB82-8XM2ZEqSwNwK2VhDc71Y; Max-Age=18000; Path=/; HttpOnly; Secure; SameSite=Lax
1 < Set-Cookie: Genero=F; Max-Age=18000; Path=/; HttpOnly; Secure; SameSite=Lax
1 < Set-Cookie: Google_Drive_Foto_ID=1pMkv-ba_T2mBKxjp_zBTZtgWEjwxPxdu; Max-Age=18000; Path=/; HttpOnly; Secure; SameSite=Lax
1 < Strict-Transport-Security: max-age=63072000; includeSubDomains; preload
1 < Vary: RSC, Next-Router-State-Tree, Next-Router-Prefetch, Next-Router-Segment-Prefetch
1 < X-Matched-Path: /api/auth/login
1 < X-Vercel-Cache: MISS
1 < X-Vercel-Id: gru1::iad1::lf27c-1751957816062-14bc26006862


01:57:05.673 [pool-2-thread-1] DEBUG com.intuit.karate - request:
1 > POST https://siasis-dev.vercel.app/api/asistencia-hoy/marcar
1 > Cookie: Apellidos=Cullanco%20Espilco; Google_Drive_Foto_ID=1pMkv-ba_T2mBKxjp_zBTZtgWEjwxPxdu; Nombres=Elena%20Serafina; Genero=F; Rol=D; token=eyJhbGciOiJIUzI1NiIsInR5cCI6IkpXVCJ9.eyJJRF9Vc3VhcmlvIjoiMSIsIk5vbWJyZV9Vc3VhcmlvIjoiZGlyZWN0b3IuYXN1bmNpb244IiwiUkRQMDJfSU5TVEFOQ0UiOiJSRFAwMl9JTlMzIiwiUkRQMDNfSU5TVEFOQ0UiOiJSRFAwM19JTlMxIiwiUm9sIjoiRCIsImlhdCI6MTc1MTk1NzgxNSwiZXhwIjoxNzUxOTc1ODE1fQ.2ZCF6K85AI5777VapUIB82-8XM2ZEqSwNwK2VhDc71Y
1 > Content-Type: application/json; charset=UTF-8
1 > Content-Length: 70
1 > Host: siasis-dev.vercel.app
1 > Connection: Keep-Alive
1 > User-Agent: Apache-HttpClient/4.5.14 (Java/17.0.12)
1 > Accept-Encoding: gzip,deflate
{
  "ModoRegistro": "E",
  "FechaHoraEsperadaISO": "2025-07-08T05:57:05.670Z"
}


01:57:05.728 [pool-2-thread-3] DEBUG com.intuit.karate - response time in milliseconds: 540
1 < 200
1 < Access-Control-Allow-Origin: *
1 < Cache-Control: public, max-age=0, must-revalidate
1 < Content-Length: 515
1 < Content-Type: application/json; charset=utf-8
1 < Date: Tue, 08 Jul 2025 06:56:56 GMT
1 < Etag: W/"203-1QRhNH8TrzjMehhmJwd6peD38XQ"
1 < Server: Vercel
1 < Strict-Transport-Security: max-age=63072000; includeSubDomains; preload
1 < X-Powered-By: Express
1 < X-Vercel-Cache: MISS
1 < X-Vercel-Id: gru1::iad1::kpjfh-1751957815998-cf5e0da6cc4b
{
  "success": true,
  "message": "Inicio de sesión exitoso",
  "data": {
    "Apellidos": "Gonzales Morales",
    "Nombres": "Brigida",
    "Rol": "A",
    "token": "eyJhbGciOiJIUzI1NiIsInR5cCI6IkpXVCJ9.eyJJRF9Vc3VhcmlvIjoiMTUzNTcyNzgiLCJSRFAwMl9JTlNUQU5DRSI6IlJEUDAyX0lOUzIiLCJSRFAwM19JTlNUQU5DRSI6IlJEUDAzX0lOUzEiLCJOb21icmVfVXN1YXJpbyI6ImJyaWdpZGFfZ29uemFsZXNfMTUzNSIsIlJvbCI6IkEiLCJpYXQiOjE3NTE5NTc4MTYsImV4cCI6MTc1MTk3NTgxNn0.JWKyVLK_1v6eR-RU9KUkyd1hfaotwg1kQ_4--F0Tvpc",
    "Google_Drive_Foto_ID": "1zMyKrzbyqYhCZX-7usVpUfzuwOvRpQtA",
    "Genero": "F"
  }
}


01:57:05.731 [pool-2-thread-3] INFO  com.intuit.karate - [print] eyJhbGciOiJIUzI1NiIsInR5cCI6IkpXVCJ9.eyJJRF9Vc3VhcmlvIjoiMTUzNTcyNzgiLCJSRFAwMl9JTlNUQU5DRSI6IlJEUDAyX0lOUzIiLCJSRFAwM19JTlNUQU5DRSI6IlJEUDAzX0lOUzEiLCJOb21icmVfVXN1YXJpbyI6ImJyaWdpZGFfZ29uemFsZXNfMTUzNSIsIlJvbCI6IkEiLCJpYXQiOjE3NTE5NTc4MTYsImV4cCI6MTc1MTk3NTgxNn0.JWKyVLK_1v6eR-RU9KUkyd1hfaotwg1kQ_4--F0Tvpc 
01:57:05.734 [pool-2-thread-3] INFO  com.intuit.karate - [print] A 
01:57:05.735 [pool-2-thread-3] DEBUG com.intuit.karate - request:
1 > POST https://siasis-dev.vercel.app/api/auth/login
1 > Content-Type: application/json; charset=UTF-8
1 > Content-Length: 453
1 > Host: siasis-dev.vercel.app
1 > Connection: Keep-Alive
1 > User-Agent: Apache-HttpClient/4.5.14 (Java/17.0.12)
1 > Accept-Encoding: gzip,deflate
{
  "Nombres": "Brigida",
  "Apellidos": "Gonzales Morales",
  "token": "eyJhbGciOiJIUzI1NiIsInR5cCI6IkpXVCJ9.eyJJRF9Vc3VhcmlvIjoiMTUzNTcyNzgiLCJSRFAwMl9JTlNUQU5DRSI6IlJEUDAyX0lOUzIiLCJSRFAwM19JTlNUQU5DRSI6IlJEUDAzX0lOUzEiLCJOb21icmVfVXN1YXJpbyI6ImJyaWdpZGFfZ29uemFsZXNfMTUzNSIsIlJvbCI6IkEiLCJpYXQiOjE3NTE5NTc4MTYsImV4cCI6MTc1MTk3NTgxNn0.JWKyVLK_1v6eR-RU9KUkyd1hfaotwg1kQ_4--F0Tvpc",
  "Genero": "F",
  "Google_Drive_Foto_ID": "1zMyKrzbyqYhCZX-7usVpUfzuwOvRpQtA",
  "Rol": "A"
}


01:57:05.858 [pool-2-thread-5] DEBUG com.intuit.karate - response time in milliseconds: 591
1 < 200
1 < Cache-Control: public, max-age=0, must-revalidate
1 < Content-Type: application/json
1 < Date: Tue, 08 Jul 2025 06:56:56 GMT
1 < Server: Vercel
1 < Strict-Transport-Security: max-age=63072000; includeSubDomains; preload
1 < Vary: RSC, Next-Router-State-Tree, Next-Router-Prefetch, Next-Router-Segment-Prefetch
1 < X-Matched-Path: /api/asistencia-hoy/marcar
1 < X-Vercel-Cache: MISS
1 < X-Vercel-Id: gru1::iad1::cmdlq-1751957816071-57a1f983f678
1 < Transfer-Encoding: chunked
{
  "success": true,
  "message": "La asistencia ya había sido registrada anteriormente",
  "data": {
    "timestamp": 1751957816191,
    "desfaseSegundos": 3590,
    "esNuevoRegistro": false,
    "esRegistroPropio": false,
    "actorRegistrado": "D",
    "tipoAsistencia": "personal"
  }
}


01:57:05.867 [pool-2-thread-5] DEBUG c.intuit.karate.core.ScenarioEngine - over-writing existing variable 'loginFeature' with new value: 'classpath:resources/features/login/Auxiliar.feature'
01:57:05.868 [pool-2-thread-5] DEBUG c.intuit.karate.core.ScenarioEngine - over-writing existing variable 'loginResponse' with new value: call read(loginFeature)
01:57:05.878 [pool-2-thread-5] DEBUG com.intuit.karate - request:
1 > POST https://api01-siasis-dev.vercel.app/api/login/auxiliar
1 > Cookie: Apellidos=Cullanco%20Espilco; Google_Drive_Foto_ID=1pMkv-ba_T2mBKxjp_zBTZtgWEjwxPxdu; Nombres=Elena%20Serafina; Genero=F; Rol=D; token=eyJhbGciOiJIUzI1NiIsInR5cCI6IkpXVCJ9.eyJJRF9Vc3VhcmlvIjoiMSIsIk5vbWJyZV9Vc3VhcmlvIjoiZGlyZWN0b3IuYXN1bmNpb244IiwiUkRQMDJfSU5TVEFOQ0UiOiJSRFAwMl9JTlMxIiwiUkRQMDNfSU5TVEFOQ0UiOiJSRFAwM19JTlMzIiwiUm9sIjoiRCIsImlhdCI6MTc1MTk1NzgxNSwiZXhwIjoxNzUxOTc1ODE1fQ.HsKqSAaF1PaDQyR0QbC7rGiWto0fOwgomIS7pRnUIqI
1 > Content-Type: application/json; charset=UTF-8
1 > Content-Length: 67
1 > Host: api01-siasis-dev.vercel.app
1 > Connection: Keep-Alive
1 > User-Agent: Apache-HttpClient/4.5.14 (Java/17.0.12)
1 > Accept-Encoding: gzip,deflate
{
  "Nombre_Usuario": "brigida_gonzales_1535",
  "Contraseña": "15357278"
}


01:57:06.095 [pool-2-thread-2] DEBUG com.intuit.karate - response time in milliseconds: 906
1 < 200
1 < Age: 0
1 < Cache-Control: public, max-age=0, must-revalidate
1 < Content-Type: application/json
1 < Date: Tue, 08 Jul 2025 06:56:56 GMT
1 < Server: Vercel
1 < Strict-Transport-Security: max-age=63072000; includeSubDomains; preload
1 < Vary: RSC, Next-Router-State-Tree, Next-Router-Prefetch, Next-Router-Segment-Prefetch
1 < X-Matched-Path: /api/asistencia-hoy/consultar-asistencias-tomadas
1 < X-Vercel-Cache: MISS
1 < X-Vercel-Id: gru1::iad1::lpfpj-1751957815978-c6de0ae822b4
1 < Transfer-Encoding: chunked
{
  "Actor": "PS",
  "Dia": 8,
  "Mes": 7,
  "ModoRegistro": "E",
  "TipoAsistencia": "personal",
  "Resultados": [
    {
      "ID_o_DNI": "15371028",
      "AsistenciaMarcada": true,
      "Detalles": {
        "Timestamp": 1751951362103,
        "DesfaseSegundos": 21591
      }
    },
    {
      "ID_o_DNI": "15420745",
      "AsistenciaMarcada": true,
      "Detalles": {
        "Timestamp": 1751952316852,
        "DesfaseSegundos": 3590
      }
    }
  ]
}


01:57:06.115 [pool-2-thread-2] DEBUG com.intuit.karate - request:
1 > POST https://api01-siasis-dev.vercel.app/api/login/profesor-tutor-secundaria
1 > Content-Type: application/json; charset=UTF-8
1 > Content-Length: 65
1 > Host: api01-siasis-dev.vercel.app
1 > Connection: Keep-Alive
1 > User-Agent: Apache-HttpClient/4.5.14 (Java/17.0.12)
1 > Accept-Encoding: gzip,deflate
{
  "Nombre_Usuario": "daniel_sanchez_1542",
  "Contraseña": "15420745"
}


01:57:06.134 [pool-2-thread-3] DEBUG com.intuit.karate - response time in milliseconds: 393
1 < 201
1 < Cache-Control: public, max-age=0, must-revalidate
1 < Content-Length: 0
1 < Date: Tue, 08 Jul 2025 06:56:56 GMT
1 < Server: Vercel
1 < Set-Cookie: Nombres=Brigida; Max-Age=18000; Path=/; HttpOnly; Secure; SameSite=Lax
1 < Set-Cookie: Apellidos=Gonzales%20Morales; Max-Age=18000; Path=/; HttpOnly; Secure; SameSite=Lax
1 < Set-Cookie: Rol=A; Max-Age=18000; Path=/; HttpOnly; Secure; SameSite=Lax
1 < Set-Cookie: token=eyJhbGciOiJIUzI1NiIsInR5cCI6IkpXVCJ9.eyJJRF9Vc3VhcmlvIjoiMTUzNTcyNzgiLCJSRFAwMl9JTlNUQU5DRSI6IlJEUDAyX0lOUzIiLCJSRFAwM19JTlNUQU5DRSI6IlJEUDAzX0lOUzEiLCJOb21icmVfVXN1YXJpbyI6ImJyaWdpZGFfZ29uemFsZXNfMTUzNSIsIlJvbCI6IkEiLCJpYXQiOjE3NTE5NTc4MTYsImV4cCI6MTc1MTk3NTgxNn0.JWKyVLK_1v6eR-RU9KUkyd1hfaotwg1kQ_4--F0Tvpc; Max-Age=18000; Path=/; HttpOnly; Secure; SameSite=Lax
1 < Set-Cookie: Genero=F; Max-Age=18000; Path=/; HttpOnly; Secure; SameSite=Lax
1 < Set-Cookie: Google_Drive_Foto_ID=1zMyKrzbyqYhCZX-7usVpUfzuwOvRpQtA; Max-Age=18000; Path=/; HttpOnly; Secure; SameSite=Lax
1 < Strict-Transport-Security: max-age=63072000; includeSubDomains; preload
1 < Vary: RSC, Next-Router-State-Tree, Next-Router-Prefetch, Next-Router-Segment-Prefetch
1 < X-Matched-Path: /api/auth/login
1 < X-Vercel-Cache: MISS
1 < X-Vercel-Id: gru1::iad1::lw4h4-1751957816533-29732ef44c1f


01:57:06.136 [pool-2-thread-3] DEBUG com.intuit.karate - request:
1 > POST https://siasis-dev.vercel.app/api/asistencia-hoy/marcar
1 > Cookie: Apellidos=Gonzales%20Morales; Google_Drive_Foto_ID=1zMyKrzbyqYhCZX-7usVpUfzuwOvRpQtA; Nombres=Brigida; Genero=F; Rol=A; token=eyJhbGciOiJIUzI1NiIsInR5cCI6IkpXVCJ9.eyJJRF9Vc3VhcmlvIjoiMTUzNTcyNzgiLCJSRFAwMl9JTlNUQU5DRSI6IlJEUDAyX0lOUzIiLCJSRFAwM19JTlNUQU5DRSI6IlJEUDAzX0lOUzEiLCJOb21icmVfVXN1YXJpbyI6ImJyaWdpZGFfZ29uemFsZXNfMTUzNSIsIlJvbCI6IkEiLCJpYXQiOjE3NTE5NTc4MTYsImV4cCI6MTc1MTk3NTgxNn0.JWKyVLK_1v6eR-RU9KUkyd1hfaotwg1kQ_4--F0Tvpc
1 > Content-Type: application/json; charset=UTF-8
1 > Content-Length: 70
1 > Host: siasis-dev.vercel.app
1 > Connection: Keep-Alive
1 > User-Agent: Apache-HttpClient/4.5.14 (Java/17.0.12)
1 > Accept-Encoding: gzip,deflate
{
  "ModoRegistro": "E",
  "FechaHoraEsperadaISO": "2025-07-08T05:57:06.134Z"
}


01:57:06.188 [pool-2-thread-4] DEBUG com.intuit.karate - response time in milliseconds: 770
1 < 200
1 < Age: 0
1 < Cache-Control: public, max-age=0, must-revalidate
1 < Content-Type: application/json
1 < Date: Tue, 08 Jul 2025 06:56:56 GMT
1 < Server: Vercel
1 < Strict-Transport-Security: max-age=63072000; includeSubDomains; preload
1 < Vary: RSC, Next-Router-State-Tree, Next-Router-Prefetch, Next-Router-Segment-Prefetch
1 < X-Matched-Path: /api/asistencia-hoy/consultar-asistencias-tomadas
1 < X-Vercel-Cache: MISS
1 < X-Vercel-Id: gru1::iad1::lw4h4-1751957816218-189db6ef33d4
1 < Transfer-Encoding: chunked
{
  "Actor": "PP",
  "Dia": 8,
  "Mes": 7,
  "ModoRegistro": "E",
  "TipoAsistencia": "personal",
  "Resultados": [
    {
      "ID_o_DNI": "15378317",
      "AsistenciaMarcada": true,
      "Detalles": {
        "Timestamp": 1751949827308,
        "DesfaseSegundos": 21590
      }
    },
    {
      "ID_o_DNI": "41612389",
      "AsistenciaMarcada": true,
      "Detalles": {
        "Timestamp": 1751950034374,
        "DesfaseSegundos": 21590
      }
    }
  ]
}


01:57:06.215 [pool-2-thread-4] DEBUG com.intuit.karate - request:
1 > POST https://api01-siasis-dev.vercel.app/api/login/profesor-tutor-secundaria
1 > Content-Type: application/json; charset=UTF-8
1 > Content-Length: 67
1 > Host: api01-siasis-dev.vercel.app
1 > Connection: Keep-Alive
1 > User-Agent: Apache-HttpClient/4.5.14 (Java/17.0.12)
1 > Accept-Encoding: gzip,deflate
{
  "Nombre_Usuario": "david_apolinario_1537",
  "Contraseña": "15371028"
}


01:57:06.255 [pool-2-thread-1] DEBUG com.intuit.karate - response time in milliseconds: 575
1 < 200
1 < Cache-Control: public, max-age=0, must-revalidate
1 < Content-Type: application/json
1 < Date: Tue, 08 Jul 2025 06:56:56 GMT
1 < Server: Vercel
1 < Strict-Transport-Security: max-age=63072000; includeSubDomains; preload
1 < Vary: RSC, Next-Router-State-Tree, Next-Router-Prefetch, Next-Router-Segment-Prefetch
1 < X-Matched-Path: /api/asistencia-hoy/marcar
1 < X-Vercel-Cache: MISS
1 < X-Vercel-Id: gru1::iad1::cq8gr-1751957816470-74b3ee7b8739
1 < Transfer-Encoding: chunked
{
  "success": true,
  "message": "La asistencia ya había sido registrada anteriormente",
  "data": {
    "timestamp": 1751957816577,
    "desfaseSegundos": 3590,
    "esNuevoRegistro": false,
    "esRegistroPropio": false,
    "actorRegistrado": "D",
    "tipoAsistencia": "personal"
  }
}


01:57:06.280 [pool-2-thread-1] DEBUG com.intuit.karate - request:
1 > POST https://api01-siasis-dev.vercel.app/api/login/profesor-primaria
1 > Content-Type: application/json; charset=UTF-8
1 > Content-Length: 64
1 > Host: api01-siasis-dev.vercel.app
1 > Connection: Keep-Alive
1 > User-Agent: Apache-HttpClient/4.5.14 (Java/17.0.12)
1 > Accept-Encoding: gzip,deflate
{
  "Nombre_Usuario": "marisol_godoy_1537",
  "Contraseña": "15378317"
}


01:57:06.408 [pool-2-thread-5] DEBUG com.intuit.karate - response time in milliseconds: 530
1 < 200
1 < Access-Control-Allow-Origin: *
1 < Cache-Control: public, max-age=0, must-revalidate
1 < Content-Length: 515
1 < Content-Type: application/json; charset=utf-8
1 < Date: Tue, 08 Jul 2025 06:56:56 GMT
1 < Etag: W/"203-7GUlyxu4/FKXIL3AaNVzvQ0P6PE"
1 < Server: Vercel
1 < Strict-Transport-Security: max-age=63072000; includeSubDomains; preload
1 < X-Powered-By: Express
1 < X-Vercel-Cache: MISS
1 < X-Vercel-Id: gru1::iad1::kpjfh-1751957816674-762285c47cc1
{
  "success": true,
  "message": "Inicio de sesión exitoso",
  "data": {
    "Apellidos": "Gonzales Morales",
    "Nombres": "Brigida",
    "Rol": "A",
    "token": "eyJhbGciOiJIUzI1NiIsInR5cCI6IkpXVCJ9.eyJJRF9Vc3VhcmlvIjoiMTUzNTcyNzgiLCJSRFAwMl9JTlNUQU5DRSI6IlJEUDAyX0lOUzMiLCJSRFAwM19JTlNUQU5DRSI6IlJEUDAzX0lOUzQiLCJOb21icmVfVXN1YXJpbyI6ImJyaWdpZGFfZ29uemFsZXNfMTUzNSIsIlJvbCI6IkEiLCJpYXQiOjE3NTE5NTc4MTYsImV4cCI6MTc1MTk3NTgxNn0.h3I9WbR900XN2ioc39Wwon_jiFUVCKfRz8cwwb5qD6o",
    "Google_Drive_Foto_ID": "12CrZ2Z8qd2FGzo0UeOURh3turASgkZ-8",
    "Genero": "F"
  }
}


01:57:06.408 [pool-2-thread-5] INFO  com.intuit.karate - [print] eyJhbGciOiJIUzI1NiIsInR5cCI6IkpXVCJ9.eyJJRF9Vc3VhcmlvIjoiMTUzNTcyNzgiLCJSRFAwMl9JTlNUQU5DRSI6IlJEUDAyX0lOUzMiLCJSRFAwM19JTlNUQU5DRSI6IlJEUDAzX0lOUzQiLCJOb21icmVfVXN1YXJpbyI6ImJyaWdpZGFfZ29uemFsZXNfMTUzNSIsIlJvbCI6IkEiLCJpYXQiOjE3NTE5NTc4MTYsImV4cCI6MTc1MTk3NTgxNn0.h3I9WbR900XN2ioc39Wwon_jiFUVCKfRz8cwwb5qD6o 
01:57:06.408 [pool-2-thread-5] INFO  com.intuit.karate - [print] A 
01:57:06.412 [pool-2-thread-5] DEBUG com.intuit.karate - request:
1 > POST https://siasis-dev.vercel.app/api/auth/login
1 > Cookie: Apellidos=Cullanco%20Espilco; Google_Drive_Foto_ID=1pMkv-ba_T2mBKxjp_zBTZtgWEjwxPxdu; Nombres=Elena%20Serafina; Genero=F; Rol=D; token=eyJhbGciOiJIUzI1NiIsInR5cCI6IkpXVCJ9.eyJJRF9Vc3VhcmlvIjoiMSIsIk5vbWJyZV9Vc3VhcmlvIjoiZGlyZWN0b3IuYXN1bmNpb244IiwiUkRQMDJfSU5TVEFOQ0UiOiJSRFAwMl9JTlMxIiwiUkRQMDNfSU5TVEFOQ0UiOiJSRFAwM19JTlMzIiwiUm9sIjoiRCIsImlhdCI6MTc1MTk1NzgxNSwiZXhwIjoxNzUxOTc1ODE1fQ.HsKqSAaF1PaDQyR0QbC7rGiWto0fOwgomIS7pRnUIqI
1 > Content-Type: application/json; charset=UTF-8
1 > Content-Length: 453
1 > Host: siasis-dev.vercel.app
1 > Connection: Keep-Alive
1 > User-Agent: Apache-HttpClient/4.5.14 (Java/17.0.12)
1 > Accept-Encoding: gzip,deflate
{
  "Nombres": "Brigida",
  "Apellidos": "Gonzales Morales",
  "token": "eyJhbGciOiJIUzI1NiIsInR5cCI6IkpXVCJ9.eyJJRF9Vc3VhcmlvIjoiMTUzNTcyNzgiLCJSRFAwMl9JTlNUQU5DRSI6IlJEUDAyX0lOUzMiLCJSRFAwM19JTlNUQU5DRSI6IlJEUDAzX0lOUzQiLCJOb21icmVfVXN1YXJpbyI6ImJyaWdpZGFfZ29uemFsZXNfMTUzNSIsIlJvbCI6IkEiLCJpYXQiOjE3NTE5NTc4MTYsImV4cCI6MTc1MTk3NTgxNn0.h3I9WbR900XN2ioc39Wwon_jiFUVCKfRz8cwwb5qD6o",
  "Genero": "F",
  "Google_Drive_Foto_ID": "12CrZ2Z8qd2FGzo0UeOURh3turASgkZ-8",
  "Rol": "A"
}


01:57:06.818 [pool-2-thread-3] DEBUG com.intuit.karate - response time in milliseconds: 682
1 < 200
1 < Cache-Control: public, max-age=0, must-revalidate
1 < Content-Type: application/json
1 < Date: Tue, 08 Jul 2025 06:56:57 GMT
1 < Server: Vercel
1 < Strict-Transport-Security: max-age=63072000; includeSubDomains; preload
1 < Vary: RSC, Next-Router-State-Tree, Next-Router-Prefetch, Next-Router-Segment-Prefetch
1 < X-Matched-Path: /api/asistencia-hoy/marcar
1 < X-Vercel-Cache: MISS
1 < X-Vercel-Id: gru1::iad1::cmdlq-1751957816932-81847aa9d36d
1 < Transfer-Encoding: chunked
{
  "success": true,
  "message": "La asistencia ya había sido registrada anteriormente",
  "data": {
    "timestamp": 1751957817052,
    "desfaseSegundos": 3590,
    "esNuevoRegistro": false,
    "esRegistroPropio": false,
    "actorRegistrado": "A",
    "tipoAsistencia": "personal"
  }
}


01:57:06.826 [pool-2-thread-2] DEBUG com.intuit.karate - response time in milliseconds: 709
1 < 200
1 < Access-Control-Allow-Origin: *
1 < Cache-Control: public, max-age=0, must-revalidate
1 < Content-Length: 519
1 < Content-Type: application/json; charset=utf-8
1 < Date: Tue, 08 Jul 2025 06:56:57 GMT
1 < Etag: W/"207-qDVfD22TIbvR/PMyFNOCN+YZ4Vs"
1 < Server: Vercel
1 < Strict-Transport-Security: max-age=63072000; includeSubDomains; preload
1 < X-Powered-By: Express
1 < X-Vercel-Cache: MISS
1 < X-Vercel-Id: gru1::iad1::4mjfc-1751957816910-e8a2f51489fa
{
  "success": true,
  "message": "Inicio de sesión exitoso",
  "data": {
    "Apellidos": "Sanchez Gonzales",
    "Nombres": "Daniel Enrique",
    "Rol": "T",
    "token": "eyJhbGciOiJIUzI1NiIsInR5cCI6IkpXVCJ9.eyJJRF9Vc3VhcmlvIjoiMTU0MjA3NDUiLCJOb21icmVfVXN1YXJpbyI6ImRhbmllbF9zYW5jaGV6XzE1NDIiLCJSRFAwMl9JTlNUQU5DRSI6IlJEUDAyX0lOUzEiLCJSRFAwM19JTlNUQU5DRSI6IlJEUDAzX0lOUzEiLCJSb2wiOiJUIiwiaWF0IjoxNzUxOTU3ODE3LCJleHAiOjE3NTE5NzU4MTd9.9x7eux4FOz-SilERFrh_kjE_kV64hVDFzdz77ZIis8M",
    "Google_Drive_Foto_ID": "14aAaksU7TNE6kOiFsRt4m5y2LSvnat1b",
    "Genero": "M"
  }
}


01:57:06.826 [pool-2-thread-1] DEBUG com.intuit.karate - response time in milliseconds: 544
1 < 200
1 < Access-Control-Allow-Origin: *
1 < Cache-Control: public, max-age=0, must-revalidate
1 < Content-Length: 522
1 < Content-Type: application/json; charset=utf-8
1 < Date: Tue, 08 Jul 2025 06:56:57 GMT
1 < Etag: W/"20a-gEJvX3DXNAAsE5s9zhP4gxXZFe8"
1 < Server: Vercel
1 < Strict-Transport-Security: max-age=63072000; includeSubDomains; preload
1 < X-Powered-By: Express
1 < X-Vercel-Cache: MISS
1 < X-Vercel-Id: gru1::iad1::bsmv9-1751957817079-e021efaf0f30
{
  "success": true,
  "message": "Inicio de sesión exitoso",
  "data": {
    "Apellidos": "Godoy Villarubia",
    "Nombres": "Marisol Ceferina",
    "Rol": "PP",
    "token": "eyJhbGciOiJIUzI1NiIsInR5cCI6IkpXVCJ9.eyJJRF9Vc3VhcmlvIjoiMTUzNzgzMTciLCJOb21icmVfVXN1YXJpbyI6Im1hcmlzb2xfZ29kb3lfMTUzNyIsIlJEUDAyX0lOU1RBTkNFIjoiUkRQMDJfSU5TMyIsIlJEUDAzX0lOU1RBTkNFIjoiUkRQMDNfSU5TMiIsIlJvbCI6IlBQIiwiaWF0IjoxNzUxOTU3ODE3LCJleHAiOjE3NTE5NzU4MTd9.ACR09j2zdY2UZhZLzz6oOVPzN5OgVjDogYK6zLV52QU",
    "Google_Drive_Foto_ID": "1p8FC3py693IjnMTa4uINq5lVSb9P3LBc",
    "Genero": "F"
  }
}


01:57:06.828 [pool-2-thread-2] INFO  com.intuit.karate - [print] eyJhbGciOiJIUzI1NiIsInR5cCI6IkpXVCJ9.eyJJRF9Vc3VhcmlvIjoiMTU0MjA3NDUiLCJOb21icmVfVXN1YXJpbyI6ImRhbmllbF9zYW5jaGV6XzE1NDIiLCJSRFAwMl9JTlNUQU5DRSI6IlJEUDAyX0lOUzEiLCJSRFAwM19JTlNUQU5DRSI6IlJEUDAzX0lOUzEiLCJSb2wiOiJUIiwiaWF0IjoxNzUxOTU3ODE3LCJleHAiOjE3NTE5NzU4MTd9.9x7eux4FOz-SilERFrh_kjE_kV64hVDFzdz77ZIis8M 
01:57:06.829 [pool-2-thread-2] INFO  com.intuit.karate - [print] T 
01:57:06.829 [pool-2-thread-1] INFO  com.intuit.karate - [print] eyJhbGciOiJIUzI1NiIsInR5cCI6IkpXVCJ9.eyJJRF9Vc3VhcmlvIjoiMTUzNzgzMTciLCJOb21icmVfVXN1YXJpbyI6Im1hcmlzb2xfZ29kb3lfMTUzNyIsIlJEUDAyX0lOU1RBTkNFIjoiUkRQMDJfSU5TMyIsIlJEUDAzX0lOU1RBTkNFIjoiUkRQMDNfSU5TMiIsIlJvbCI6IlBQIiwiaWF0IjoxNzUxOTU3ODE3LCJleHAiOjE3NTE5NzU4MTd9.ACR09j2zdY2UZhZLzz6oOVPzN5OgVjDogYK6zLV52QU 
01:57:06.829 [pool-2-thread-1] INFO  com.intuit.karate - [print] PP 
01:57:06.831 [pool-2-thread-2] DEBUG com.intuit.karate - request:
1 > POST https://siasis-dev.vercel.app/api/auth/login
1 > Content-Type: application/json; charset=UTF-8
1 > Content-Length: 457
1 > Host: siasis-dev.vercel.app
1 > Connection: Keep-Alive
1 > User-Agent: Apache-HttpClient/4.5.14 (Java/17.0.12)
1 > Accept-Encoding: gzip,deflate
{
  "Nombres": "Daniel Enrique",
  "Apellidos": "Sanchez Gonzales",
  "token": "eyJhbGciOiJIUzI1NiIsInR5cCI6IkpXVCJ9.eyJJRF9Vc3VhcmlvIjoiMTU0MjA3NDUiLCJOb21icmVfVXN1YXJpbyI6ImRhbmllbF9zYW5jaGV6XzE1NDIiLCJSRFAwMl9JTlNUQU5DRSI6IlJEUDAyX0lOUzEiLCJSRFAwM19JTlNUQU5DRSI6IlJEUDAzX0lOUzEiLCJSb2wiOiJUIiwiaWF0IjoxNzUxOTU3ODE3LCJleHAiOjE3NTE5NzU4MTd9.9x7eux4FOz-SilERFrh_kjE_kV64hVDFzdz77ZIis8M",
  "Genero": "M",
  "Google_Drive_Foto_ID": "14aAaksU7TNE6kOiFsRt4m5y2LSvnat1b",
  "Rol": "T"
}


01:57:06.831 [pool-2-thread-1] DEBUG com.intuit.karate - request:
1 > POST https://siasis-dev.vercel.app/api/auth/login
1 > Content-Type: application/json; charset=UTF-8
1 > Content-Length: 460
1 > Host: siasis-dev.vercel.app
1 > Connection: Keep-Alive
1 > User-Agent: Apache-HttpClient/4.5.14 (Java/17.0.12)
1 > Accept-Encoding: gzip,deflate
{
  "Nombres": "Marisol Ceferina",
  "Apellidos": "Godoy Villarubia",
  "token": "eyJhbGciOiJIUzI1NiIsInR5cCI6IkpXVCJ9.eyJJRF9Vc3VhcmlvIjoiMTUzNzgzMTciLCJOb21icmVfVXN1YXJpbyI6Im1hcmlzb2xfZ29kb3lfMTUzNyIsIlJEUDAyX0lOU1RBTkNFIjoiUkRQMDJfSU5TMyIsIlJEUDAzX0lOU1RBTkNFIjoiUkRQMDNfSU5TMiIsIlJvbCI6IlBQIiwiaWF0IjoxNzUxOTU3ODE3LCJleHAiOjE3NTE5NzU4MTd9.ACR09j2zdY2UZhZLzz6oOVPzN5OgVjDogYK6zLV52QU",
  "Genero": "F",
  "Google_Drive_Foto_ID": "1p8FC3py693IjnMTa4uINq5lVSb9P3LBc",
  "Rol": "PP"
}


01:57:06.844 [pool-2-thread-5] DEBUG com.intuit.karate - response time in milliseconds: 432
1 < 201
1 < Cache-Control: public, max-age=0, must-revalidate
1 < Content-Length: 0
1 < Date: Tue, 08 Jul 2025 06:56:57 GMT
1 < Server: Vercel
1 < Set-Cookie: Nombres=Brigida; Max-Age=18000; Path=/; HttpOnly; Secure; SameSite=Lax
1 < Set-Cookie: Apellidos=Gonzales%20Morales; Max-Age=18000; Path=/; HttpOnly; Secure; SameSite=Lax
1 < Set-Cookie: Rol=A; Max-Age=18000; Path=/; HttpOnly; Secure; SameSite=Lax
1 < Set-Cookie: token=eyJhbGciOiJIUzI1NiIsInR5cCI6IkpXVCJ9.eyJJRF9Vc3VhcmlvIjoiMTUzNTcyNzgiLCJSRFAwMl9JTlNUQU5DRSI6IlJEUDAyX0lOUzMiLCJSRFAwM19JTlNUQU5DRSI6IlJEUDAzX0lOUzQiLCJOb21icmVfVXN1YXJpbyI6ImJyaWdpZGFfZ29uemFsZXNfMTUzNSIsIlJvbCI6IkEiLCJpYXQiOjE3NTE5NTc4MTYsImV4cCI6MTc1MTk3NTgxNn0.h3I9WbR900XN2ioc39Wwon_jiFUVCKfRz8cwwb5qD6o; Max-Age=18000; Path=/; HttpOnly; Secure; SameSite=Lax
1 < Set-Cookie: Genero=F; Max-Age=18000; Path=/; HttpOnly; Secure; SameSite=Lax
1 < Set-Cookie: Google_Drive_Foto_ID=12CrZ2Z8qd2FGzo0UeOURh3turASgkZ-8; Max-Age=18000; Path=/; HttpOnly; Secure; SameSite=Lax
1 < Strict-Transport-Security: max-age=63072000; includeSubDomains; preload
1 < Vary: RSC, Next-Router-State-Tree, Next-Router-Prefetch, Next-Router-Segment-Prefetch
1 < X-Matched-Path: /api/auth/login
1 < X-Vercel-Cache: MISS
1 < X-Vercel-Id: gru1::iad1::kr4zd-1751957817221-dee76d60b3ad


01:57:06.844 [pool-2-thread-3] DEBUG com.intuit.karate - request:
1 > POST https://api01-siasis-dev.vercel.app/api/login/personal-administrativo
1 > Content-Type: application/json; charset=UTF-8
1 > Content-Length: 63
1 > Host: api01-siasis-dev.vercel.app
1 > Connection: Keep-Alive
1 > User-Agent: Apache-HttpClient/4.5.14 (Java/17.0.12)
1 > Accept-Encoding: gzip,deflate
{
  "Nombre_Usuario": "jose_centeno_4180",
  "Contraseña": "41809910"
}


01:57:06.844 [pool-2-thread-5] DEBUG c.intuit.karate.core.ScenarioEngine - over-writing existing variable 'fechaHoraEsperadaISO' with new value: getAdjustedTime()
01:57:06.848 [pool-2-thread-5] DEBUG com.intuit.karate - request:
1 > POST https://siasis-dev.vercel.app/api/asistencia-hoy/marcar
1 > Cookie: Apellidos=Gonzales%20Morales; Google_Drive_Foto_ID=12CrZ2Z8qd2FGzo0UeOURh3turASgkZ-8; Nombres=Brigida; Genero=F; Rol=A; token=eyJhbGciOiJIUzI1NiIsInR5cCI6IkpXVCJ9.eyJJRF9Vc3VhcmlvIjoiMTUzNTcyNzgiLCJSRFAwMl9JTlNUQU5DRSI6IlJEUDAyX0lOUzMiLCJSRFAwM19JTlNUQU5DRSI6IlJEUDAzX0lOUzQiLCJOb21icmVfVXN1YXJpbyI6ImJyaWdpZGFfZ29uemFsZXNfMTUzNSIsIlJvbCI6IkEiLCJpYXQiOjE3NTE5NTc4MTYsImV4cCI6MTc1MTk3NTgxNn0.h3I9WbR900XN2ioc39Wwon_jiFUVCKfRz8cwwb5qD6o
1 > Content-Type: application/json; charset=UTF-8
1 > Content-Length: 70
1 > Host: siasis-dev.vercel.app
1 > Connection: Keep-Alive
1 > User-Agent: Apache-HttpClient/4.5.14 (Java/17.0.12)
1 > Accept-Encoding: gzip,deflate
{
  "ModoRegistro": "E",
  "FechaHoraEsperadaISO": "2025-07-08T05:57:06.847Z"
}


01:57:06.878 [pool-2-thread-4] DEBUG com.intuit.karate - response time in milliseconds: 662
1 < 200
1 < Access-Control-Allow-Origin: *
1 < Cache-Control: public, max-age=0, must-revalidate
1 < Content-Length: 523
1 < Content-Type: application/json; charset=utf-8
1 < Date: Tue, 08 Jul 2025 06:56:57 GMT
1 < Etag: W/"20b-xJItJpnP9IqUz9GhFJV9LZ+RDrU"
1 < Server: Vercel
1 < Strict-Transport-Security: max-age=63072000; includeSubDomains; preload
1 < X-Powered-By: Express
1 < X-Vercel-Cache: MISS
1 < X-Vercel-Id: gru1::iad1::z422j-1751957817014-21fc8c1acf85
{
  "success": true,
  "message": "Inicio de sesión exitoso",
  "data": {
    "Apellidos": "Apolinario Quispe",
    "Nombres": "David Julian",
    "Rol": "PS",
    "token": "eyJhbGciOiJIUzI1NiIsInR5cCI6IkpXVCJ9.eyJJRF9Vc3VhcmlvIjoiMTUzNzEwMjgiLCJOb21icmVfVXN1YXJpbyI6ImRhdmlkX2Fwb2xpbmFyaW9fMTUzNyIsIlJEUDAyX0lOU1RBTkNFIjoiUkRQMDJfSU5TMyIsIlJEUDAzX0lOU1RBTkNFIjoiUkRQMDNfSU5TNCIsIlJvbCI6IlBTIiwiaWF0IjoxNzUxOTU3ODE3LCJleHAiOjE3NTE5NzU4MTd9.0XfRTtj2HXIFExQrv6Z4CCQzLwPqVzLg4JRAhtvbhWo",
    "Google_Drive_Foto_ID": "1Kvyn3lWOxzuURkPFBSGCPHmTshBUXAZg",
    "Genero": "M"
  }
}


01:57:06.878 [pool-2-thread-4] INFO  com.intuit.karate - [print] eyJhbGciOiJIUzI1NiIsInR5cCI6IkpXVCJ9.eyJJRF9Vc3VhcmlvIjoiMTUzNzEwMjgiLCJOb21icmVfVXN1YXJpbyI6ImRhdmlkX2Fwb2xpbmFyaW9fMTUzNyIsIlJEUDAyX0lOU1RBTkNFIjoiUkRQMDJfSU5TMyIsIlJEUDAzX0lOU1RBTkNFIjoiUkRQMDNfSU5TNCIsIlJvbCI6IlBTIiwiaWF0IjoxNzUxOTU3ODE3LCJleHAiOjE3NTE5NzU4MTd9.0XfRTtj2HXIFExQrv6Z4CCQzLwPqVzLg4JRAhtvbhWo 
01:57:06.881 [pool-2-thread-4] INFO  com.intuit.karate - [print] PS 
01:57:06.881 [pool-2-thread-4] DEBUG com.intuit.karate - request:
1 > POST https://siasis-dev.vercel.app/api/auth/login
1 > Content-Type: application/json; charset=UTF-8
1 > Content-Length: 461
1 > Host: siasis-dev.vercel.app
1 > Connection: Keep-Alive
1 > User-Agent: Apache-HttpClient/4.5.14 (Java/17.0.12)
1 > Accept-Encoding: gzip,deflate
{
  "Nombres": "David Julian",
  "Apellidos": "Apolinario Quispe",
  "token": "eyJhbGciOiJIUzI1NiIsInR5cCI6IkpXVCJ9.eyJJRF9Vc3VhcmlvIjoiMTUzNzEwMjgiLCJOb21icmVfVXN1YXJpbyI6ImRhdmlkX2Fwb2xpbmFyaW9fMTUzNyIsIlJEUDAyX0lOU1RBTkNFIjoiUkRQMDJfSU5TMyIsIlJEUDAzX0lOU1RBTkNFIjoiUkRQMDNfSU5TNCIsIlJvbCI6IlBTIiwiaWF0IjoxNzUxOTU3ODE3LCJleHAiOjE3NTE5NzU4MTd9.0XfRTtj2HXIFExQrv6Z4CCQzLwPqVzLg4JRAhtvbhWo",
  "Genero": "M",
  "Google_Drive_Foto_ID": "1Kvyn3lWOxzuURkPFBSGCPHmTshBUXAZg",
  "Rol": "PS"
}


01:57:07.328 [pool-2-thread-2] DEBUG com.intuit.karate - response time in milliseconds: 497
1 < 201
1 < Cache-Control: public, max-age=0, must-revalidate
1 < Content-Length: 0
1 < Date: Tue, 08 Jul 2025 06:56:57 GMT
1 < Server: Vercel
1 < Set-Cookie: Nombres=Daniel%20Enrique; Max-Age=18000; Path=/; HttpOnly; Secure; SameSite=Lax
1 < Set-Cookie: Apellidos=Sanchez%20Gonzales; Max-Age=18000; Path=/; HttpOnly; Secure; SameSite=Lax
1 < Set-Cookie: Rol=T; Max-Age=18000; Path=/; HttpOnly; Secure; SameSite=Lax
1 < Set-Cookie: token=eyJhbGciOiJIUzI1NiIsInR5cCI6IkpXVCJ9.eyJJRF9Vc3VhcmlvIjoiMTU0MjA3NDUiLCJOb21icmVfVXN1YXJpbyI6ImRhbmllbF9zYW5jaGV6XzE1NDIiLCJSRFAwMl9JTlNUQU5DRSI6IlJEUDAyX0lOUzEiLCJSRFAwM19JTlNUQU5DRSI6IlJEUDAzX0lOUzEiLCJSb2wiOiJUIiwiaWF0IjoxNzUxOTU3ODE3LCJleHAiOjE3NTE5NzU4MTd9.9x7eux4FOz-SilERFrh_kjE_kV64hVDFzdz77ZIis8M; Max-Age=18000; Path=/; HttpOnly; Secure; SameSite=Lax
1 < Set-Cookie: Genero=M; Max-Age=18000; Path=/; HttpOnly; Secure; SameSite=Lax
1 < Set-Cookie: Google_Drive_Foto_ID=14aAaksU7TNE6kOiFsRt4m5y2LSvnat1b; Max-Age=18000; Path=/; HttpOnly; Secure; SameSite=Lax
1 < Strict-Transport-Security: max-age=63072000; includeSubDomains; preload
1 < Vary: RSC, Next-Router-State-Tree, Next-Router-Prefetch, Next-Router-Segment-Prefetch
1 < X-Matched-Path: /api/auth/login
1 < X-Vercel-Cache: MISS
1 < X-Vercel-Id: gru1::iad1::9l8f7-1751957817652-e303d3cd8539


01:57:07.328 [pool-2-thread-1] DEBUG com.intuit.karate - response time in milliseconds: 497
1 < 201
1 < Cache-Control: public, max-age=0, must-revalidate
1 < Content-Length: 0
1 < Date: Tue, 08 Jul 2025 06:56:57 GMT
1 < Server: Vercel
1 < Set-Cookie: Nombres=Marisol%20Ceferina; Max-Age=18000; Path=/; HttpOnly; Secure; SameSite=Lax
1 < Set-Cookie: Apellidos=Godoy%20Villarubia; Max-Age=18000; Path=/; HttpOnly; Secure; SameSite=Lax
1 < Set-Cookie: Rol=PP; Max-Age=18000; Path=/; HttpOnly; Secure; SameSite=Lax
1 < Set-Cookie: token=eyJhbGciOiJIUzI1NiIsInR5cCI6IkpXVCJ9.eyJJRF9Vc3VhcmlvIjoiMTUzNzgzMTciLCJOb21icmVfVXN1YXJpbyI6Im1hcmlzb2xfZ29kb3lfMTUzNyIsIlJEUDAyX0lOU1RBTkNFIjoiUkRQMDJfSU5TMyIsIlJEUDAzX0lOU1RBTkNFIjoiUkRQMDNfSU5TMiIsIlJvbCI6IlBQIiwiaWF0IjoxNzUxOTU3ODE3LCJleHAiOjE3NTE5NzU4MTd9.ACR09j2zdY2UZhZLzz6oOVPzN5OgVjDogYK6zLV52QU; Max-Age=18000; Path=/; HttpOnly; Secure; SameSite=Lax
1 < Set-Cookie: Genero=F; Max-Age=18000; Path=/; HttpOnly; Secure; SameSite=Lax
1 < Set-Cookie: Google_Drive_Foto_ID=1p8FC3py693IjnMTa4uINq5lVSb9P3LBc; Max-Age=18000; Path=/; HttpOnly; Secure; SameSite=Lax
1 < Strict-Transport-Security: max-age=63072000; includeSubDomains; preload
1 < Vary: RSC, Next-Router-State-Tree, Next-Router-Prefetch, Next-Router-Segment-Prefetch
1 < X-Matched-Path: /api/auth/login
1 < X-Vercel-Cache: MISS
1 < X-Vercel-Id: gru1::iad1::kr4zd-1751957817648-e95f92a1cfcf


01:57:07.328 [pool-2-thread-4] DEBUG com.intuit.karate - response time in milliseconds: 447
1 < 201
1 < Cache-Control: public, max-age=0, must-revalidate
1 < Content-Length: 0
1 < Date: Tue, 08 Jul 2025 06:56:57 GMT
1 < Server: Vercel
1 < Set-Cookie: Nombres=David%20Julian; Max-Age=18000; Path=/; HttpOnly; Secure; SameSite=Lax
1 < Set-Cookie: Apellidos=Apolinario%20Quispe; Max-Age=18000; Path=/; HttpOnly; Secure; SameSite=Lax
1 < Set-Cookie: Rol=PS; Max-Age=18000; Path=/; HttpOnly; Secure; SameSite=Lax
1 < Set-Cookie: token=eyJhbGciOiJIUzI1NiIsInR5cCI6IkpXVCJ9.eyJJRF9Vc3VhcmlvIjoiMTUzNzEwMjgiLCJOb21icmVfVXN1YXJpbyI6ImRhdmlkX2Fwb2xpbmFyaW9fMTUzNyIsIlJEUDAyX0lOU1RBTkNFIjoiUkRQMDJfSU5TMyIsIlJEUDAzX0lOU1RBTkNFIjoiUkRQMDNfSU5TNCIsIlJvbCI6IlBTIiwiaWF0IjoxNzUxOTU3ODE3LCJleHAiOjE3NTE5NzU4MTd9.0XfRTtj2HXIFExQrv6Z4CCQzLwPqVzLg4JRAhtvbhWo; Max-Age=18000; Path=/; HttpOnly; Secure; SameSite=Lax
1 < Set-Cookie: Genero=M; Max-Age=18000; Path=/; HttpOnly; Secure; SameSite=Lax
1 < Set-Cookie: Google_Drive_Foto_ID=1Kvyn3lWOxzuURkPFBSGCPHmTshBUXAZg; Max-Age=18000; Path=/; HttpOnly; Secure; SameSite=Lax
1 < Strict-Transport-Security: max-age=63072000; includeSubDomains; preload
1 < Vary: RSC, Next-Router-State-Tree, Next-Router-Prefetch, Next-Router-Segment-Prefetch
1 < X-Matched-Path: /api/auth/login
1 < X-Vercel-Cache: MISS
1 < X-Vercel-Id: gru1::iad1::zdj87-1751957817680-7234b7b672d6


01:57:07.337 [pool-2-thread-1] DEBUG com.intuit.karate - request:
1 > POST https://siasis-dev.vercel.app/api/asistencia-hoy/marcar
1 > Cookie: Apellidos=Godoy%20Villarubia; Google_Drive_Foto_ID=1p8FC3py693IjnMTa4uINq5lVSb9P3LBc; Nombres=Marisol%20Ceferina; Genero=F; Rol=PP; token=eyJhbGciOiJIUzI1NiIsInR5cCI6IkpXVCJ9.eyJJRF9Vc3VhcmlvIjoiMTUzNzgzMTciLCJOb21icmVfVXN1YXJpbyI6Im1hcmlzb2xfZ29kb3lfMTUzNyIsIlJEUDAyX0lOU1RBTkNFIjoiUkRQMDJfSU5TMyIsIlJEUDAzX0lOU1RBTkNFIjoiUkRQMDNfSU5TMiIsIlJvbCI6IlBQIiwiaWF0IjoxNzUxOTU3ODE3LCJleHAiOjE3NTE5NzU4MTd9.ACR09j2zdY2UZhZLzz6oOVPzN5OgVjDogYK6zLV52QU
1 > Content-Type: application/json; charset=UTF-8
1 > Content-Length: 70
1 > Host: siasis-dev.vercel.app
1 > Connection: Keep-Alive
1 > User-Agent: Apache-HttpClient/4.5.14 (Java/17.0.12)
1 > Accept-Encoding: gzip,deflate
{
  "ModoRegistro": "E",
  "FechaHoraEsperadaISO": "2025-07-08T05:57:07.335Z"
}


01:57:07.337 [pool-2-thread-2] DEBUG com.intuit.karate - request:
1 > POST https://siasis-dev.vercel.app/api/asistencia-hoy/marcar
1 > Cookie: Apellidos=Sanchez%20Gonzales; Google_Drive_Foto_ID=14aAaksU7TNE6kOiFsRt4m5y2LSvnat1b; Nombres=Daniel%20Enrique; Genero=M; Rol=T; token=eyJhbGciOiJIUzI1NiIsInR5cCI6IkpXVCJ9.eyJJRF9Vc3VhcmlvIjoiMTU0MjA3NDUiLCJOb21icmVfVXN1YXJpbyI6ImRhbmllbF9zYW5jaGV6XzE1NDIiLCJSRFAwMl9JTlNUQU5DRSI6IlJEUDAyX0lOUzEiLCJSRFAwM19JTlNUQU5DRSI6IlJEUDAzX0lOUzEiLCJSb2wiOiJUIiwiaWF0IjoxNzUxOTU3ODE3LCJleHAiOjE3NTE5NzU4MTd9.9x7eux4FOz-SilERFrh_kjE_kV64hVDFzdz77ZIis8M
1 > Content-Type: application/json; charset=UTF-8
1 > Content-Length: 70
1 > Host: siasis-dev.vercel.app
1 > Connection: Keep-Alive
1 > User-Agent: Apache-HttpClient/4.5.14 (Java/17.0.12)
1 > Accept-Encoding: gzip,deflate
{
  "ModoRegistro": "E",
  "FechaHoraEsperadaISO": "2025-07-08T05:57:07.334Z"
}


01:57:07.338 [pool-2-thread-4] DEBUG com.intuit.karate - request:
1 > POST https://siasis-dev.vercel.app/api/asistencia-hoy/marcar
1 > Cookie: Apellidos=Apolinario%20Quispe; Google_Drive_Foto_ID=1Kvyn3lWOxzuURkPFBSGCPHmTshBUXAZg; Nombres=David%20Julian; Genero=M; Rol=PS; token=eyJhbGciOiJIUzI1NiIsInR5cCI6IkpXVCJ9.eyJJRF9Vc3VhcmlvIjoiMTUzNzEwMjgiLCJOb21icmVfVXN1YXJpbyI6ImRhdmlkX2Fwb2xpbmFyaW9fMTUzNyIsIlJEUDAyX0lOU1RBTkNFIjoiUkRQMDJfSU5TMyIsIlJEUDAzX0lOU1RBTkNFIjoiUkRQMDNfSU5TNCIsIlJvbCI6IlBTIiwiaWF0IjoxNzUxOTU3ODE3LCJleHAiOjE3NTE5NzU4MTd9.0XfRTtj2HXIFExQrv6Z4CCQzLwPqVzLg4JRAhtvbhWo
1 > Content-Type: application/json; charset=UTF-8
1 > Content-Length: 70
1 > Host: siasis-dev.vercel.app
1 > Connection: Keep-Alive
1 > User-Agent: Apache-HttpClient/4.5.14 (Java/17.0.12)
1 > Accept-Encoding: gzip,deflate
{
  "ModoRegistro": "E",
  "FechaHoraEsperadaISO": "2025-07-08T05:57:07.335Z"
}


01:57:07.390 [pool-2-thread-3] DEBUG com.intuit.karate - response time in milliseconds: 546
1 < 200
1 < Access-Control-Allow-Origin: *
1 < Cache-Control: public, max-age=0, must-revalidate
1 < Content-Length: 505
1 < Content-Type: application/json; charset=utf-8
1 < Date: Tue, 08 Jul 2025 06:56:57 GMT
1 < Etag: W/"1f9-+HkP9kQci4nUhjXTMlKj3/9WHrY"
1 < Server: Vercel
1 < Strict-Transport-Security: max-age=63072000; includeSubDomains; preload
1 < X-Powered-By: Express
1 < X-Vercel-Cache: MISS
1 < X-Vercel-Id: gru1::iad1::zdj87-1751957817652-05641613a446
{
  "success": true,
  "message": "Inicio de sesión exitoso",
  "data": {
    "Apellidos": "Centeno Diaz",
    "Nombres": "Jose",
    "Rol": "PA",
    "token": "eyJhbGciOiJIUzI1NiIsInR5cCI6IkpXVCJ9.eyJJRF9Vc3VhcmlvIjoiNDE4MDk5MTAiLCJOb21icmVfVXN1YXJpbyI6Impvc2VfY2VudGVub180MTgwIiwiUkRQMDJfSU5TVEFOQ0UiOiJSRFAwMl9JTlMxIiwiUkRQMDNfSU5TVEFOQ0UiOiJSRFAwM19JTlMyIiwiUm9sIjoiUEEiLCJpYXQiOjE3NTE5NTc4MTcsImV4cCI6MTc1MTk3NTgxN30.cieoma9HMUp7u5gDs2cK0c8ShUPBnfX2tUHNtIwUQR8",
    "Google_Drive_Foto_ID": "1Jv0B596JMyZMRO7MFcdXW0nN8AI7hFIe",
    "Genero": "M"
  }
}


01:57:07.394 [pool-2-thread-3] INFO  com.intuit.karate - [print] eyJhbGciOiJIUzI1NiIsInR5cCI6IkpXVCJ9.eyJJRF9Vc3VhcmlvIjoiNDE4MDk5MTAiLCJOb21icmVfVXN1YXJpbyI6Impvc2VfY2VudGVub180MTgwIiwiUkRQMDJfSU5TVEFOQ0UiOiJSRFAwMl9JTlMxIiwiUkRQMDNfSU5TVEFOQ0UiOiJSRFAwM19JTlMyIiwiUm9sIjoiUEEiLCJpYXQiOjE3NTE5NTc4MTcsImV4cCI6MTc1MTk3NTgxN30.cieoma9HMUp7u5gDs2cK0c8ShUPBnfX2tUHNtIwUQR8 
01:57:07.394 [pool-2-thread-3] INFO  com.intuit.karate - [print] PA 
01:57:07.394 [pool-2-thread-3] DEBUG com.intuit.karate - request:
1 > POST https://siasis-dev.vercel.app/api/auth/login
1 > Content-Type: application/json; charset=UTF-8
1 > Content-Length: 443
1 > Host: siasis-dev.vercel.app
1 > Connection: Keep-Alive
1 > User-Agent: Apache-HttpClient/4.5.14 (Java/17.0.12)
1 > Accept-Encoding: gzip,deflate
{
  "Nombres": "Jose",
  "Apellidos": "Centeno Diaz",
  "token": "eyJhbGciOiJIUzI1NiIsInR5cCI6IkpXVCJ9.eyJJRF9Vc3VhcmlvIjoiNDE4MDk5MTAiLCJOb21icmVfVXN1YXJpbyI6Impvc2VfY2VudGVub180MTgwIiwiUkRQMDJfSU5TVEFOQ0UiOiJSRFAwMl9JTlMxIiwiUkRQMDNfSU5TVEFOQ0UiOiJSRFAwM19JTlMyIiwiUm9sIjoiUEEiLCJpYXQiOjE3NTE5NTc4MTcsImV4cCI6MTc1MTk3NTgxN30.cieoma9HMUp7u5gDs2cK0c8ShUPBnfX2tUHNtIwUQR8",
  "Genero": "M",
  "Google_Drive_Foto_ID": "1Jv0B596JMyZMRO7MFcdXW0nN8AI7hFIe",
  "Rol": "PA"
}


01:57:07.493 [pool-2-thread-5] DEBUG com.intuit.karate - response time in milliseconds: 633
1 < 200
1 < Cache-Control: public, max-age=0, must-revalidate
1 < Content-Type: application/json
1 < Date: Tue, 08 Jul 2025 06:56:57 GMT
1 < Server: Vercel
1 < Strict-Transport-Security: max-age=63072000; includeSubDomains; preload
1 < Vary: RSC, Next-Router-State-Tree, Next-Router-Prefetch, Next-Router-Segment-Prefetch
1 < X-Matched-Path: /api/asistencia-hoy/marcar
1 < X-Vercel-Cache: MISS
1 < X-Vercel-Id: gru1::iad1::zh6qw-1751957817652-b9be88894aca
1 < Transfer-Encoding: chunked
{
  "success": true,
  "message": "La asistencia ya había sido registrada anteriormente",
  "data": {
    "timestamp": 1751957817807,
    "desfaseSegundos": 3590,
    "esNuevoRegistro": false,
    "esRegistroPropio": false,
    "actorRegistrado": "A",
    "tipoAsistencia": "personal"
  }
}


01:57:07.498 [pool-2-thread-5] DEBUG c.intuit.karate.core.ScenarioEngine - over-writing existing variable 'loginFeature' with new value: 'classpath:resources/features/login/CasoTutorSecundaria.feature'
01:57:07.506 [pool-2-thread-5] DEBUG c.intuit.karate.core.ScenarioEngine - over-writing existing variable 'loginResponse' with new value: call read(loginFeature)
01:57:07.517 [pool-2-thread-5] DEBUG com.intuit.karate - request:
1 > POST https://api01-siasis-dev.vercel.app/api/login/profesor-tutor-secundaria
1 > Cookie: Apellidos=Gonzales%20Morales; Google_Drive_Foto_ID=12CrZ2Z8qd2FGzo0UeOURh3turASgkZ-8; Nombres=Brigida; Genero=F; Rol=A; token=eyJhbGciOiJIUzI1NiIsInR5cCI6IkpXVCJ9.eyJJRF9Vc3VhcmlvIjoiMTUzNTcyNzgiLCJSRFAwMl9JTlNUQU5DRSI6IlJEUDAyX0lOUzMiLCJSRFAwM19JTlNUQU5DRSI6IlJEUDAzX0lOUzQiLCJOb21icmVfVXN1YXJpbyI6ImJyaWdpZGFfZ29uemFsZXNfMTUzNSIsIlJvbCI6IkEiLCJpYXQiOjE3NTE5NTc4MTYsImV4cCI6MTc1MTk3NTgxNn0.h3I9WbR900XN2ioc39Wwon_jiFUVCKfRz8cwwb5qD6o
1 > Content-Type: application/json; charset=UTF-8
1 > Content-Length: 65
1 > Host: api01-siasis-dev.vercel.app
1 > Connection: Keep-Alive
1 > User-Agent: Apache-HttpClient/4.5.14 (Java/17.0.12)
1 > Accept-Encoding: gzip,deflate
{
  "Nombre_Usuario": "daniel_sanchez_1542",
  "Contraseña": "15420745"
}


01:57:07.796 [pool-2-thread-3] DEBUG com.intuit.karate - response time in milliseconds: 402
1 < 201
1 < Cache-Control: public, max-age=0, must-revalidate
1 < Content-Length: 0
1 < Date: Tue, 08 Jul 2025 06:56:58 GMT
1 < Server: Vercel
1 < Set-Cookie: Nombres=Jose; Max-Age=18000; Path=/; HttpOnly; Secure; SameSite=Lax
1 < Set-Cookie: Apellidos=Centeno%20Diaz; Max-Age=18000; Path=/; HttpOnly; Secure; SameSite=Lax
1 < Set-Cookie: Rol=PA; Max-Age=18000; Path=/; HttpOnly; Secure; SameSite=Lax
1 < Set-Cookie: token=eyJhbGciOiJIUzI1NiIsInR5cCI6IkpXVCJ9.eyJJRF9Vc3VhcmlvIjoiNDE4MDk5MTAiLCJOb21icmVfVXN1YXJpbyI6Impvc2VfY2VudGVub180MTgwIiwiUkRQMDJfSU5TVEFOQ0UiOiJSRFAwMl9JTlMxIiwiUkRQMDNfSU5TVEFOQ0UiOiJSRFAwM19JTlMyIiwiUm9sIjoiUEEiLCJpYXQiOjE3NTE5NTc4MTcsImV4cCI6MTc1MTk3NTgxN30.cieoma9HMUp7u5gDs2cK0c8ShUPBnfX2tUHNtIwUQR8; Max-Age=18000; Path=/; HttpOnly; Secure; SameSite=Lax
1 < Set-Cookie: Genero=M; Max-Age=18000; Path=/; HttpOnly; Secure; SameSite=Lax
1 < Set-Cookie: Google_Drive_Foto_ID=1Jv0B596JMyZMRO7MFcdXW0nN8AI7hFIe; Max-Age=18000; Path=/; HttpOnly; Secure; SameSite=Lax
1 < Strict-Transport-Security: max-age=63072000; includeSubDomains; preload
1 < Vary: RSC, Next-Router-State-Tree, Next-Router-Prefetch, Next-Router-Segment-Prefetch
1 < X-Matched-Path: /api/auth/login
1 < X-Vercel-Cache: MISS
1 < X-Vercel-Id: gru1::iad1::cmdlq-1751957818193-75618b1be401


01:57:07.798 [pool-2-thread-3] DEBUG com.intuit.karate - request:
1 > POST https://siasis-dev.vercel.app/api/asistencia-hoy/marcar
1 > Cookie: Apellidos=Centeno%20Diaz; Google_Drive_Foto_ID=1Jv0B596JMyZMRO7MFcdXW0nN8AI7hFIe; Nombres=Jose; Genero=M; Rol=PA; token=eyJhbGciOiJIUzI1NiIsInR5cCI6IkpXVCJ9.eyJJRF9Vc3VhcmlvIjoiNDE4MDk5MTAiLCJOb21icmVfVXN1YXJpbyI6Impvc2VfY2VudGVub180MTgwIiwiUkRQMDJfSU5TVEFOQ0UiOiJSRFAwMl9JTlMxIiwiUkRQMDNfSU5TVEFOQ0UiOiJSRFAwM19JTlMyIiwiUm9sIjoiUEEiLCJpYXQiOjE3NTE5NTc4MTcsImV4cCI6MTc1MTk3NTgxN30.cieoma9HMUp7u5gDs2cK0c8ShUPBnfX2tUHNtIwUQR8
1 > Content-Type: application/json; charset=UTF-8
1 > Content-Length: 70
1 > Host: siasis-dev.vercel.app
1 > Connection: Keep-Alive
1 > User-Agent: Apache-HttpClient/4.5.14 (Java/17.0.12)
1 > Accept-Encoding: gzip,deflate
{
  "ModoRegistro": "E",
  "FechaHoraEsperadaISO": "2025-07-08T05:57:07.796Z"
}


01:57:07.948 [pool-2-thread-4] DEBUG com.intuit.karate - response time in milliseconds: 600
1 < 200
1 < Cache-Control: public, max-age=0, must-revalidate
1 < Content-Type: application/json
1 < Date: Tue, 08 Jul 2025 06:56:58 GMT
1 < Server: Vercel
1 < Strict-Transport-Security: max-age=63072000; includeSubDomains; preload
1 < Vary: RSC, Next-Router-State-Tree, Next-Router-Prefetch, Next-Router-Segment-Prefetch
1 < X-Matched-Path: /api/asistencia-hoy/marcar
1 < X-Vercel-Cache: MISS
1 < X-Vercel-Id: gru1::iad1::kr4zd-1751957818150-90b826b14ae4
1 < Transfer-Encoding: chunked
{
  "success": true,
  "message": "La asistencia ya había sido registrada anteriormente",
  "data": {
    "timestamp": 1751957818265,
    "desfaseSegundos": 3590,
    "esNuevoRegistro": false,
    "esRegistroPropio": false,
    "actorRegistrado": "PS",
    "tipoAsistencia": "personal"
  }
}


01:57:07.958 [pool-2-thread-4] DEBUG com.intuit.karate - request:
1 > POST https://api01-siasis-dev.vercel.app/api/login/directivo
1 > Content-Type: application/json; charset=UTF-8
1 > Content-Length: 64
1 > Host: api01-siasis-dev.vercel.app
1 > Connection: Keep-Alive
1 > User-Agent: Apache-HttpClient/4.5.14 (Java/17.0.12)
1 > Accept-Encoding: gzip,deflate
{
  "Nombre_Usuario": "director.asuncion8",
  "Contraseña": "15430124"
}


01:57:07.975 [pool-2-thread-1] DEBUG com.intuit.karate - response time in milliseconds: 637
1 < 200
1 < Cache-Control: public, max-age=0, must-revalidate
1 < Content-Type: application/json
1 < Date: Tue, 08 Jul 2025 06:56:58 GMT
1 < Server: Vercel
1 < Strict-Transport-Security: max-age=63072000; includeSubDomains; preload
1 < Vary: RSC, Next-Router-State-Tree, Next-Router-Prefetch, Next-Router-Segment-Prefetch
1 < X-Matched-Path: /api/asistencia-hoy/marcar
1 < X-Vercel-Cache: MISS
1 < X-Vercel-Id: gru1::iad1::cq8gr-1751957818165-e99e0dc2e7d8
1 < Transfer-Encoding: chunked
{
  "success": true,
  "message": "La asistencia ya había sido registrada anteriormente",
  "data": {
    "timestamp": 1751957818272,
    "desfaseSegundos": 3590,
    "esNuevoRegistro": false,
    "esRegistroPropio": false,
    "actorRegistrado": "PP",
    "tipoAsistencia": "personal"
  }
}


01:57:07.990 [pool-2-thread-1] DEBUG com.intuit.karate - request:
1 > POST https://api01-siasis-dev.vercel.app/api/login/directivo
1 > Content-Type: application/json; charset=UTF-8
1 > Content-Length: 64
1 > Host: api01-siasis-dev.vercel.app
1 > Connection: Keep-Alive
1 > User-Agent: Apache-HttpClient/4.5.14 (Java/17.0.12)
1 > Accept-Encoding: gzip,deflate
{
  "Nombre_Usuario": "director.asuncion8",
  "Contraseña": "15430124"
}


01:57:08.208 [pool-2-thread-5] DEBUG com.intuit.karate - response time in milliseconds: 691
1 < 200
1 < Access-Control-Allow-Origin: *
1 < Cache-Control: public, max-age=0, must-revalidate
1 < Content-Length: 519
1 < Content-Type: application/json; charset=utf-8
1 < Date: Tue, 08 Jul 2025 06:56:58 GMT
1 < Etag: W/"207-XVWe+OF24IFnWPyFk5DxrDb888w"
1 < Server: Vercel
1 < Strict-Transport-Security: max-age=63072000; includeSubDomains; preload
1 < X-Powered-By: Express
1 < X-Vercel-Cache: MISS
1 < X-Vercel-Id: gru1::iad1::lrpdm-1751957818326-07b58c8162aa
{
  "success": true,
  "message": "Inicio de sesión exitoso",
  "data": {
    "Apellidos": "Sanchez Gonzales",
    "Nombres": "Daniel Enrique",
    "Rol": "T",
    "token": "eyJhbGciOiJIUzI1NiIsInR5cCI6IkpXVCJ9.eyJJRF9Vc3VhcmlvIjoiMTU0MjA3NDUiLCJOb21icmVfVXN1YXJpbyI6ImRhbmllbF9zYW5jaGV6XzE1NDIiLCJSRFAwMl9JTlNUQU5DRSI6IlJEUDAyX0lOUzMiLCJSRFAwM19JTlNUQU5DRSI6IlJEUDAzX0lOUzMiLCJSb2wiOiJUIiwiaWF0IjoxNzUxOTU3ODE4LCJleHAiOjE3NTE5NzU4MTh9.Ej5SLu6RNPZPKQJfQ3r5ZCoc8ZxgtRcNJcJG3wxygpc",
    "Google_Drive_Foto_ID": "11vFEZVR5o-6mSwWCCy4L6tRuzVilr0i9",
    "Genero": "M"
  }
}


01:57:08.208 [pool-2-thread-5] INFO  com.intuit.karate - [print] eyJhbGciOiJIUzI1NiIsInR5cCI6IkpXVCJ9.eyJJRF9Vc3VhcmlvIjoiMTU0MjA3NDUiLCJOb21icmVfVXN1YXJpbyI6ImRhbmllbF9zYW5jaGV6XzE1NDIiLCJSRFAwMl9JTlNUQU5DRSI6IlJEUDAyX0lOUzMiLCJSRFAwM19JTlNUQU5DRSI6IlJEUDAzX0lOUzMiLCJSb2wiOiJUIiwiaWF0IjoxNzUxOTU3ODE4LCJleHAiOjE3NTE5NzU4MTh9.Ej5SLu6RNPZPKQJfQ3r5ZCoc8ZxgtRcNJcJG3wxygpc 
01:57:08.213 [pool-2-thread-5] INFO  com.intuit.karate - [print] T 
01:57:08.213 [pool-2-thread-5] DEBUG com.intuit.karate - request:
1 > POST https://siasis-dev.vercel.app/api/auth/login
1 > Cookie: Apellidos=Gonzales%20Morales; Google_Drive_Foto_ID=12CrZ2Z8qd2FGzo0UeOURh3turASgkZ-8; Nombres=Brigida; Genero=F; Rol=A; token=eyJhbGciOiJIUzI1NiIsInR5cCI6IkpXVCJ9.eyJJRF9Vc3VhcmlvIjoiMTUzNTcyNzgiLCJSRFAwMl9JTlNUQU5DRSI6IlJEUDAyX0lOUzMiLCJSRFAwM19JTlNUQU5DRSI6IlJEUDAzX0lOUzQiLCJOb21icmVfVXN1YXJpbyI6ImJyaWdpZGFfZ29uemFsZXNfMTUzNSIsIlJvbCI6IkEiLCJpYXQiOjE3NTE5NTc4MTYsImV4cCI6MTc1MTk3NTgxNn0.h3I9WbR900XN2ioc39Wwon_jiFUVCKfRz8cwwb5qD6o
1 > Content-Type: application/json; charset=UTF-8
1 > Content-Length: 457
1 > Host: siasis-dev.vercel.app
1 > Connection: Keep-Alive
1 > User-Agent: Apache-HttpClient/4.5.14 (Java/17.0.12)
1 > Accept-Encoding: gzip,deflate
{
  "Nombres": "Daniel Enrique",
  "Apellidos": "Sanchez Gonzales",
  "token": "eyJhbGciOiJIUzI1NiIsInR5cCI6IkpXVCJ9.eyJJRF9Vc3VhcmlvIjoiMTU0MjA3NDUiLCJOb21icmVfVXN1YXJpbyI6ImRhbmllbF9zYW5jaGV6XzE1NDIiLCJSRFAwMl9JTlNUQU5DRSI6IlJEUDAyX0lOUzMiLCJSRFAwM19JTlNUQU5DRSI6IlJEUDAzX0lOUzMiLCJSb2wiOiJUIiwiaWF0IjoxNzUxOTU3ODE4LCJleHAiOjE3NTE5NzU4MTh9.Ej5SLu6RNPZPKQJfQ3r5ZCoc8ZxgtRcNJcJG3wxygpc",
  "Genero": "M",
  "Google_Drive_Foto_ID": "11vFEZVR5o-6mSwWCCy4L6tRuzVilr0i9",
  "Rol": "T"
}


01:57:08.405 [pool-2-thread-3] DEBUG com.intuit.karate - response time in milliseconds: 607
1 < 200
1 < Cache-Control: public, max-age=0, must-revalidate
1 < Content-Type: application/json
1 < Date: Tue, 08 Jul 2025 06:56:58 GMT
1 < Server: Vercel
1 < Strict-Transport-Security: max-age=63072000; includeSubDomains; preload
1 < Vary: RSC, Next-Router-State-Tree, Next-Router-Prefetch, Next-Router-Segment-Prefetch
1 < X-Matched-Path: /api/asistencia-hoy/marcar
1 < X-Vercel-Cache: MISS
1 < X-Vercel-Id: gru1::iad1::zpjsk-1751957818596-fe288be776de
1 < Transfer-Encoding: chunked
{
  "success": true,
  "message": "La asistencia ya había sido registrada anteriormente",
  "data": {
    "timestamp": 1751957818708,
    "desfaseSegundos": 3590,
    "esNuevoRegistro": false,
    "esRegistroPropio": false,
    "actorRegistrado": "PA",
    "tipoAsistencia": "personal"
  }
}


01:57:08.418 [pool-2-thread-3] DEBUG com.intuit.karate - request:
1 > POST https://api01-siasis-dev.vercel.app/api/login/directivo
1 > Content-Type: application/json; charset=UTF-8
1 > Content-Length: 64
1 > Host: api01-siasis-dev.vercel.app
1 > Connection: Keep-Alive
1 > User-Agent: Apache-HttpClient/4.5.14 (Java/17.0.12)
1 > Accept-Encoding: gzip,deflate
{
  "Nombre_Usuario": "director.asuncion8",
  "Contraseña": "15430124"
}


01:57:08.488 [pool-2-thread-4] DEBUG com.intuit.karate - response time in milliseconds: 530
1 < 200
1 < Access-Control-Allow-Origin: *
1 < Cache-Control: public, max-age=0, must-revalidate
1 < Content-Length: 509
1 < Content-Type: application/json; charset=utf-8
1 < Date: Tue, 08 Jul 2025 06:56:58 GMT
1 < Etag: W/"1fd-Nh3OZ2AzTEDAVNt7x1+BXIB+bW8"
1 < Server: Vercel
1 < Strict-Transport-Security: max-age=63072000; includeSubDomains; preload
1 < X-Powered-By: Express
1 < X-Vercel-Cache: MISS
1 < X-Vercel-Id: gru1::iad1::kpjfh-1751957818759-9071cb720787
{
  "success": true,
  "message": "Inicio de sesión exitoso",
  "data": {
    "Apellidos": "Cullanco Espilco",
    "Nombres": "Elena Serafina",
    "Rol": "D",
    "token": "eyJhbGciOiJIUzI1NiIsInR5cCI6IkpXVCJ9.eyJJRF9Vc3VhcmlvIjoiMSIsIk5vbWJyZV9Vc3VhcmlvIjoiZGlyZWN0b3IuYXN1bmNpb244IiwiUkRQMDJfSU5TVEFOQ0UiOiJSRFAwMl9JTlMzIiwiUkRQMDNfSU5TVEFOQ0UiOiJSRFAwM19JTlMyIiwiUm9sIjoiRCIsImlhdCI6MTc1MTk1NzgxOCwiZXhwIjoxNzUxOTc1ODE4fQ.aLg_Ra0GzWVSWMWUlogp391GDiI0XaINVbEe5FveWNs",
    "Google_Drive_Foto_ID": "1pMkv-ba_T2mBKxjp_zBTZtgWEjwxPxdu",
    "Genero": "F"
  }
}


01:57:08.490 [pool-2-thread-4] INFO  com.intuit.karate - [print] eyJhbGciOiJIUzI1NiIsInR5cCI6IkpXVCJ9.eyJJRF9Vc3VhcmlvIjoiMSIsIk5vbWJyZV9Vc3VhcmlvIjoiZGlyZWN0b3IuYXN1bmNpb244IiwiUkRQMDJfSU5TVEFOQ0UiOiJSRFAwMl9JTlMzIiwiUkRQMDNfSU5TVEFOQ0UiOiJSRFAwM19JTlMyIiwiUm9sIjoiRCIsImlhdCI6MTc1MTk1NzgxOCwiZXhwIjoxNzUxOTc1ODE4fQ.aLg_Ra0GzWVSWMWUlogp391GDiI0XaINVbEe5FveWNs 
01:57:08.490 [pool-2-thread-4] INFO  com.intuit.karate - [print] D 
01:57:08.492 [pool-2-thread-4] DEBUG com.intuit.karate - request:
1 > POST https://siasis-dev.vercel.app/api/auth/login
1 > Content-Type: application/json; charset=UTF-8
1 > Content-Length: 447
1 > Host: siasis-dev.vercel.app
1 > Connection: Keep-Alive
1 > User-Agent: Apache-HttpClient/4.5.14 (Java/17.0.12)
1 > Accept-Encoding: gzip,deflate
{
  "Nombres": "Elena Serafina",
  "Apellidos": "Cullanco Espilco",
  "token": "eyJhbGciOiJIUzI1NiIsInR5cCI6IkpXVCJ9.eyJJRF9Vc3VhcmlvIjoiMSIsIk5vbWJyZV9Vc3VhcmlvIjoiZGlyZWN0b3IuYXN1bmNpb244IiwiUkRQMDJfSU5TVEFOQ0UiOiJSRFAwMl9JTlMzIiwiUkRQMDNfSU5TVEFOQ0UiOiJSRFAwM19JTlMyIiwiUm9sIjoiRCIsImlhdCI6MTc1MTk1NzgxOCwiZXhwIjoxNzUxOTc1ODE4fQ.aLg_Ra0GzWVSWMWUlogp391GDiI0XaINVbEe5FveWNs",
  "Genero": "F",
  "Google_Drive_Foto_ID": "1pMkv-ba_T2mBKxjp_zBTZtgWEjwxPxdu",
  "Rol": "D"
}


01:57:08.638 [pool-2-thread-5] DEBUG com.intuit.karate - response time in milliseconds: 425
1 < 201
1 < Cache-Control: public, max-age=0, must-revalidate
1 < Content-Length: 0
1 < Date: Tue, 08 Jul 2025 06:56:59 GMT
1 < Server: Vercel
1 < Set-Cookie: Nombres=Daniel%20Enrique; Max-Age=18000; Path=/; HttpOnly; Secure; SameSite=Lax
1 < Set-Cookie: Apellidos=Sanchez%20Gonzales; Max-Age=18000; Path=/; HttpOnly; Secure; SameSite=Lax
1 < Set-Cookie: Rol=T; Max-Age=18000; Path=/; HttpOnly; Secure; SameSite=Lax
1 < Set-Cookie: token=eyJhbGciOiJIUzI1NiIsInR5cCI6IkpXVCJ9.eyJJRF9Vc3VhcmlvIjoiMTU0MjA3NDUiLCJOb21icmVfVXN1YXJpbyI6ImRhbmllbF9zYW5jaGV6XzE1NDIiLCJSRFAwMl9JTlNUQU5DRSI6IlJEUDAyX0lOUzMiLCJSRFAwM19JTlNUQU5DRSI6IlJEUDAzX0lOUzMiLCJSb2wiOiJUIiwiaWF0IjoxNzUxOTU3ODE4LCJleHAiOjE3NTE5NzU4MTh9.Ej5SLu6RNPZPKQJfQ3r5ZCoc8ZxgtRcNJcJG3wxygpc; Max-Age=18000; Path=/; HttpOnly; Secure; SameSite=Lax
1 < Set-Cookie: Genero=M; Max-Age=18000; Path=/; HttpOnly; Secure; SameSite=Lax
1 < Set-Cookie: Google_Drive_Foto_ID=11vFEZVR5o-6mSwWCCy4L6tRuzVilr0i9; Max-Age=18000; Path=/; HttpOnly; Secure; SameSite=Lax
1 < Strict-Transport-Security: max-age=63072000; includeSubDomains; preload
1 < Vary: RSC, Next-Router-State-Tree, Next-Router-Prefetch, Next-Router-Segment-Prefetch
1 < X-Matched-Path: /api/auth/login
1 < X-Vercel-Cache: MISS
1 < X-Vercel-Id: gru1::iad1::z422j-1751957819011-949b2981d214


01:57:08.644 [pool-2-thread-5] DEBUG c.intuit.karate.core.ScenarioEngine - over-writing existing variable 'fechaHoraEsperadaISO' with new value: getAdjustedTime()
01:57:08.646 [pool-2-thread-5] DEBUG com.intuit.karate - request:
1 > POST https://siasis-dev.vercel.app/api/asistencia-hoy/marcar
1 > Cookie: Apellidos=Sanchez%20Gonzales; Google_Drive_Foto_ID=11vFEZVR5o-6mSwWCCy4L6tRuzVilr0i9; Nombres=Daniel%20Enrique; Genero=M; Rol=T; token=eyJhbGciOiJIUzI1NiIsInR5cCI6IkpXVCJ9.eyJJRF9Vc3VhcmlvIjoiMTU0MjA3NDUiLCJOb21icmVfVXN1YXJpbyI6ImRhbmllbF9zYW5jaGV6XzE1NDIiLCJSRFAwMl9JTlNUQU5DRSI6IlJEUDAyX0lOUzMiLCJSRFAwM19JTlNUQU5DRSI6IlJEUDAzX0lOUzMiLCJSb2wiOiJUIiwiaWF0IjoxNzUxOTU3ODE4LCJleHAiOjE3NTE5NzU4MTh9.Ej5SLu6RNPZPKQJfQ3r5ZCoc8ZxgtRcNJcJG3wxygpc
1 > Content-Type: application/json; charset=UTF-8
1 > Content-Length: 70
1 > Host: siasis-dev.vercel.app
1 > Connection: Keep-Alive
1 > User-Agent: Apache-HttpClient/4.5.14 (Java/17.0.12)
1 > Accept-Encoding: gzip,deflate
{
  "ModoRegistro": "E",
  "FechaHoraEsperadaISO": "2025-07-08T05:57:08.644Z"
}


01:57:08.698 [pool-2-thread-2] DEBUG com.intuit.karate - response time in milliseconds: 1360
1 < 200
1 < Cache-Control: public, max-age=0, must-revalidate
1 < Content-Type: application/json
1 < Date: Tue, 08 Jul 2025 06:56:59 GMT
1 < Server: Vercel
1 < Strict-Transport-Security: max-age=63072000; includeSubDomains; preload
1 < Vary: RSC, Next-Router-State-Tree, Next-Router-Prefetch, Next-Router-Segment-Prefetch
1 < X-Matched-Path: /api/asistencia-hoy/marcar
1 < X-Vercel-Cache: MISS
1 < X-Vercel-Id: gru1::iad1::zpjsk-1751957818148-23f02b996eb2
1 < Transfer-Encoding: chunked
{
  "success": true,
  "message": "La asistencia ya había sido registrada anteriormente",
  "data": {
    "timestamp": 1751957818994,
    "desfaseSegundos": 3591,
    "esNuevoRegistro": false,
    "esRegistroPropio": false,
    "actorRegistrado": "PS",
    "tipoAsistencia": "personal"
  }
}


01:57:08.718 [pool-2-thread-2] DEBUG com.intuit.karate - request:
1 > POST https://api01-siasis-dev.vercel.app/api/login/directivo
1 > Content-Type: application/json; charset=UTF-8
1 > Content-Length: 64
1 > Host: api01-siasis-dev.vercel.app
1 > Connection: Keep-Alive
1 > User-Agent: Apache-HttpClient/4.5.14 (Java/17.0.12)
1 > Accept-Encoding: gzip,deflate
{
  "Nombre_Usuario": "director.asuncion8",
  "Contraseña": "15430124"
}


01:57:08.888 [pool-2-thread-1] DEBUG com.intuit.karate - response time in milliseconds: 896
1 < 200
1 < Access-Control-Allow-Origin: *
1 < Cache-Control: public, max-age=0, must-revalidate
1 < Content-Length: 509
1 < Content-Type: application/json; charset=utf-8
1 < Date: Tue, 08 Jul 2025 06:56:59 GMT
1 < Etag: W/"1fd-dbWKEAfo3KzodFsEpr5dTo2y5Vg"
1 < Server: Vercel
1 < Strict-Transport-Security: max-age=63072000; includeSubDomains; preload
1 < X-Powered-By: Express
1 < X-Vercel-Cache: MISS
1 < X-Vercel-Id: gru1::iad1::bsmv9-1751957818790-fc1aa10fad55
{
  "success": true,
  "message": "Inicio de sesión exitoso",
  "data": {
    "Apellidos": "Cullanco Espilco",
    "Nombres": "Elena Serafina",
    "Rol": "D",
    "token": "eyJhbGciOiJIUzI1NiIsInR5cCI6IkpXVCJ9.eyJJRF9Vc3VhcmlvIjoiMSIsIk5vbWJyZV9Vc3VhcmlvIjoiZGlyZWN0b3IuYXN1bmNpb244IiwiUkRQMDJfSU5TVEFOQ0UiOiJSRFAwMl9JTlMzIiwiUkRQMDNfSU5TVEFOQ0UiOiJSRFAwM19JTlM0IiwiUm9sIjoiRCIsImlhdCI6MTc1MTk1NzgxOSwiZXhwIjoxNzUxOTc1ODE5fQ.czwrsDrWyW4VTXJMqZIpSx1-sPn4vFwTzt_vhzPFZP0",
    "Google_Drive_Foto_ID": "1pMkv-ba_T2mBKxjp_zBTZtgWEjwxPxdu",
    "Genero": "F"
  }
}


01:57:08.888 [pool-2-thread-1] INFO  com.intuit.karate - [print] eyJhbGciOiJIUzI1NiIsInR5cCI6IkpXVCJ9.eyJJRF9Vc3VhcmlvIjoiMSIsIk5vbWJyZV9Vc3VhcmlvIjoiZGlyZWN0b3IuYXN1bmNpb244IiwiUkRQMDJfSU5TVEFOQ0UiOiJSRFAwMl9JTlMzIiwiUkRQMDNfSU5TVEFOQ0UiOiJSRFAwM19JTlM0IiwiUm9sIjoiRCIsImlhdCI6MTc1MTk1NzgxOSwiZXhwIjoxNzUxOTc1ODE5fQ.czwrsDrWyW4VTXJMqZIpSx1-sPn4vFwTzt_vhzPFZP0 
01:57:08.888 [pool-2-thread-1] INFO  com.intuit.karate - [print] D 
01:57:08.898 [pool-2-thread-1] DEBUG com.intuit.karate - request:
1 > POST https://siasis-dev.vercel.app/api/auth/login
1 > Content-Type: application/json; charset=UTF-8
1 > Content-Length: 447
1 > Host: siasis-dev.vercel.app
1 > Connection: Keep-Alive
1 > User-Agent: Apache-HttpClient/4.5.14 (Java/17.0.12)
1 > Accept-Encoding: gzip,deflate
{
  "Nombres": "Elena Serafina",
  "Apellidos": "Cullanco Espilco",
  "token": "eyJhbGciOiJIUzI1NiIsInR5cCI6IkpXVCJ9.eyJJRF9Vc3VhcmlvIjoiMSIsIk5vbWJyZV9Vc3VhcmlvIjoiZGlyZWN0b3IuYXN1bmNpb244IiwiUkRQMDJfSU5TVEFOQ0UiOiJSRFAwMl9JTlMzIiwiUkRQMDNfSU5TVEFOQ0UiOiJSRFAwM19JTlM0IiwiUm9sIjoiRCIsImlhdCI6MTc1MTk1NzgxOSwiZXhwIjoxNzUxOTc1ODE5fQ.czwrsDrWyW4VTXJMqZIpSx1-sPn4vFwTzt_vhzPFZP0",
  "Genero": "F",
  "Google_Drive_Foto_ID": "1pMkv-ba_T2mBKxjp_zBTZtgWEjwxPxdu",
  "Rol": "D"
}


01:57:08.935 [pool-2-thread-3] DEBUG com.intuit.karate - response time in milliseconds: 516
1 < 200
1 < Access-Control-Allow-Origin: *
1 < Cache-Control: public, max-age=0, must-revalidate
1 < Content-Length: 509
1 < Content-Type: application/json; charset=utf-8
1 < Date: Tue, 08 Jul 2025 06:56:59 GMT
1 < Etag: W/"1fd-5QckSYTDWuRicxeCWAvtzwcnomE"
1 < Server: Vercel
1 < Strict-Transport-Security: max-age=63072000; includeSubDomains; preload
1 < X-Powered-By: Express
1 < X-Vercel-Cache: MISS
1 < X-Vercel-Id: gru1::iad1::lf27c-1751957819213-621a40a3184a
{
  "success": true,
  "message": "Inicio de sesión exitoso",
  "data": {
    "Apellidos": "Cullanco Espilco",
    "Nombres": "Elena Serafina",
    "Rol": "D",
    "token": "eyJhbGciOiJIUzI1NiIsInR5cCI6IkpXVCJ9.eyJJRF9Vc3VhcmlvIjoiMSIsIk5vbWJyZV9Vc3VhcmlvIjoiZGlyZWN0b3IuYXN1bmNpb244IiwiUkRQMDJfSU5TVEFOQ0UiOiJSRFAwMl9JTlMxIiwiUkRQMDNfSU5TVEFOQ0UiOiJSRFAwM19JTlM1IiwiUm9sIjoiRCIsImlhdCI6MTc1MTk1NzgxOSwiZXhwIjoxNzUxOTc1ODE5fQ.96kjprGarQcoRsn6IJbxYHYX1yGXx8vCm-nPPmddJok",
    "Google_Drive_Foto_ID": "1pMkv-ba_T2mBKxjp_zBTZtgWEjwxPxdu",
    "Genero": "F"
  }
}


01:57:08.937 [pool-2-thread-3] INFO  com.intuit.karate - [print] eyJhbGciOiJIUzI1NiIsInR5cCI6IkpXVCJ9.eyJJRF9Vc3VhcmlvIjoiMSIsIk5vbWJyZV9Vc3VhcmlvIjoiZGlyZWN0b3IuYXN1bmNpb244IiwiUkRQMDJfSU5TVEFOQ0UiOiJSRFAwMl9JTlMxIiwiUkRQMDNfSU5TVEFOQ0UiOiJSRFAwM19JTlM1IiwiUm9sIjoiRCIsImlhdCI6MTc1MTk1NzgxOSwiZXhwIjoxNzUxOTc1ODE5fQ.96kjprGarQcoRsn6IJbxYHYX1yGXx8vCm-nPPmddJok 
01:57:08.937 [pool-2-thread-3] INFO  com.intuit.karate - [print] D 
01:57:08.938 [pool-2-thread-3] DEBUG com.intuit.karate - request:
1 > POST https://siasis-dev.vercel.app/api/auth/login
1 > Content-Type: application/json; charset=UTF-8
1 > Content-Length: 447
1 > Host: siasis-dev.vercel.app
1 > Connection: Keep-Alive
1 > User-Agent: Apache-HttpClient/4.5.14 (Java/17.0.12)
1 > Accept-Encoding: gzip,deflate
{
  "Nombres": "Elena Serafina",
  "Apellidos": "Cullanco Espilco",
  "token": "eyJhbGciOiJIUzI1NiIsInR5cCI6IkpXVCJ9.eyJJRF9Vc3VhcmlvIjoiMSIsIk5vbWJyZV9Vc3VhcmlvIjoiZGlyZWN0b3IuYXN1bmNpb244IiwiUkRQMDJfSU5TVEFOQ0UiOiJSRFAwMl9JTlMxIiwiUkRQMDNfSU5TVEFOQ0UiOiJSRFAwM19JTlM1IiwiUm9sIjoiRCIsImlhdCI6MTc1MTk1NzgxOSwiZXhwIjoxNzUxOTc1ODE5fQ.96kjprGarQcoRsn6IJbxYHYX1yGXx8vCm-nPPmddJok",
  "Genero": "F",
  "Google_Drive_Foto_ID": "1pMkv-ba_T2mBKxjp_zBTZtgWEjwxPxdu",
  "Rol": "D"
}


01:57:08.963 [pool-2-thread-4] DEBUG com.intuit.karate - response time in milliseconds: 466
1 < 201
1 < Cache-Control: public, max-age=0, must-revalidate
1 < Content-Length: 0
1 < Date: Tue, 08 Jul 2025 06:56:59 GMT
1 < Server: Vercel
1 < Set-Cookie: Nombres=Elena%20Serafina; Max-Age=18000; Path=/; HttpOnly; Secure; SameSite=Lax
1 < Set-Cookie: Apellidos=Cullanco%20Espilco; Max-Age=18000; Path=/; HttpOnly; Secure; SameSite=Lax
1 < Set-Cookie: Rol=D; Max-Age=18000; Path=/; HttpOnly; Secure; SameSite=Lax
1 < Set-Cookie: token=eyJhbGciOiJIUzI1NiIsInR5cCI6IkpXVCJ9.eyJJRF9Vc3VhcmlvIjoiMSIsIk5vbWJyZV9Vc3VhcmlvIjoiZGlyZWN0b3IuYXN1bmNpb244IiwiUkRQMDJfSU5TVEFOQ0UiOiJSRFAwMl9JTlMzIiwiUkRQMDNfSU5TVEFOQ0UiOiJSRFAwM19JTlMyIiwiUm9sIjoiRCIsImlhdCI6MTc1MTk1NzgxOCwiZXhwIjoxNzUxOTc1ODE4fQ.aLg_Ra0GzWVSWMWUlogp391GDiI0XaINVbEe5FveWNs; Max-Age=18000; Path=/; HttpOnly; Secure; SameSite=Lax
1 < Set-Cookie: Genero=F; Max-Age=18000; Path=/; HttpOnly; Secure; SameSite=Lax
1 < Set-Cookie: Google_Drive_Foto_ID=1pMkv-ba_T2mBKxjp_zBTZtgWEjwxPxdu; Max-Age=18000; Path=/; HttpOnly; Secure; SameSite=Lax
1 < Strict-Transport-Security: max-age=63072000; includeSubDomains; preload
1 < Vary: RSC, Next-Router-State-Tree, Next-Router-Prefetch, Next-Router-Segment-Prefetch
1 < X-Matched-Path: /api/auth/login
1 < X-Vercel-Cache: MISS
1 < X-Vercel-Id: gru1::iad1::6p887-1751957819289-e04d9dcd9960


01:57:08.965 [pool-2-thread-4] DEBUG com.intuit.karate - request:
1 > POST https://siasis-dev.vercel.app/api/asistencia-hoy/marcar
1 > Cookie: Apellidos=Cullanco%20Espilco; Google_Drive_Foto_ID=1pMkv-ba_T2mBKxjp_zBTZtgWEjwxPxdu; Nombres=Elena%20Serafina; Genero=F; Rol=D; token=eyJhbGciOiJIUzI1NiIsInR5cCI6IkpXVCJ9.eyJJRF9Vc3VhcmlvIjoiMSIsIk5vbWJyZV9Vc3VhcmlvIjoiZGlyZWN0b3IuYXN1bmNpb244IiwiUkRQMDJfSU5TVEFOQ0UiOiJSRFAwMl9JTlMzIiwiUkRQMDNfSU5TVEFOQ0UiOiJSRFAwM19JTlMyIiwiUm9sIjoiRCIsImlhdCI6MTc1MTk1NzgxOCwiZXhwIjoxNzUxOTc1ODE4fQ.aLg_Ra0GzWVSWMWUlogp391GDiI0XaINVbEe5FveWNs
1 > Content-Type: application/json; charset=UTF-8
1 > Content-Length: 132
1 > Host: siasis-dev.vercel.app
1 > Connection: Keep-Alive
1 > User-Agent: Apache-HttpClient/4.5.14 (Java/17.0.12)
1 > Accept-Encoding: gzip,deflate
{
  "ID_o_DNI": "15430124",
  "TipoAsistencia": "personal",
  "Actor": "A",
  "ModoRegistro": "E",
  "FechaHoraEsperadaISO": "2025-07-08T05:57:08.961Z"
}


01:57:09.248 [pool-2-thread-2] DEBUG com.intuit.karate - response time in milliseconds: 530
1 < 200
1 < Access-Control-Allow-Origin: *
1 < Cache-Control: public, max-age=0, must-revalidate
1 < Content-Length: 509
1 < Content-Type: application/json; charset=utf-8
1 < Date: Tue, 08 Jul 2025 06:56:59 GMT
1 < Etag: W/"1fd-Tbb2myQMnei33LcIk/zHchF3Jwc"
1 < Server: Vercel
1 < Strict-Transport-Security: max-age=63072000; includeSubDomains; preload
1 < X-Powered-By: Express
1 < X-Vercel-Cache: MISS
1 < X-Vercel-Id: gru1::iad1::zdj87-1751957819516-1535eeacc64e
{
  "success": true,
  "message": "Inicio de sesión exitoso",
  "data": {
    "Apellidos": "Cullanco Espilco",
    "Nombres": "Elena Serafina",
    "Rol": "D",
    "token": "eyJhbGciOiJIUzI1NiIsInR5cCI6IkpXVCJ9.eyJJRF9Vc3VhcmlvIjoiMSIsIk5vbWJyZV9Vc3VhcmlvIjoiZGlyZWN0b3IuYXN1bmNpb244IiwiUkRQMDJfSU5TVEFOQ0UiOiJSRFAwMl9JTlMzIiwiUkRQMDNfSU5TVEFOQ0UiOiJSRFAwM19JTlMzIiwiUm9sIjoiRCIsImlhdCI6MTc1MTk1NzgxOSwiZXhwIjoxNzUxOTc1ODE5fQ.Nh47hBjssrw_ICb2EfIQjATyem4n6DZfRZy1oQPrJQs",
    "Google_Drive_Foto_ID": "1pMkv-ba_T2mBKxjp_zBTZtgWEjwxPxdu",
    "Genero": "F"
  }
}


01:57:09.248 [pool-2-thread-2] INFO  com.intuit.karate - [print] eyJhbGciOiJIUzI1NiIsInR5cCI6IkpXVCJ9.eyJJRF9Vc3VhcmlvIjoiMSIsIk5vbWJyZV9Vc3VhcmlvIjoiZGlyZWN0b3IuYXN1bmNpb244IiwiUkRQMDJfSU5TVEFOQ0UiOiJSRFAwMl9JTlMzIiwiUkRQMDNfSU5TVEFOQ0UiOiJSRFAwM19JTlMzIiwiUm9sIjoiRCIsImlhdCI6MTc1MTk1NzgxOSwiZXhwIjoxNzUxOTc1ODE5fQ.Nh47hBjssrw_ICb2EfIQjATyem4n6DZfRZy1oQPrJQs 
01:57:09.248 [pool-2-thread-2] INFO  com.intuit.karate - [print] D 
01:57:09.248 [pool-2-thread-2] DEBUG com.intuit.karate - request:
1 > POST https://siasis-dev.vercel.app/api/auth/login
1 > Content-Type: application/json; charset=UTF-8
1 > Content-Length: 447
1 > Host: siasis-dev.vercel.app
1 > Connection: Keep-Alive
1 > User-Agent: Apache-HttpClient/4.5.14 (Java/17.0.12)
1 > Accept-Encoding: gzip,deflate
{
  "Nombres": "Elena Serafina",
  "Apellidos": "Cullanco Espilco",
  "token": "eyJhbGciOiJIUzI1NiIsInR5cCI6IkpXVCJ9.eyJJRF9Vc3VhcmlvIjoiMSIsIk5vbWJyZV9Vc3VhcmlvIjoiZGlyZWN0b3IuYXN1bmNpb244IiwiUkRQMDJfSU5TVEFOQ0UiOiJSRFAwMl9JTlMzIiwiUkRQMDNfSU5TVEFOQ0UiOiJSRFAwM19JTlMzIiwiUm9sIjoiRCIsImlhdCI6MTc1MTk1NzgxOSwiZXhwIjoxNzUxOTc1ODE5fQ.Nh47hBjssrw_ICb2EfIQjATyem4n6DZfRZy1oQPrJQs",
  "Genero": "F",
  "Google_Drive_Foto_ID": "1pMkv-ba_T2mBKxjp_zBTZtgWEjwxPxdu",
  "Rol": "D"
}


01:57:09.263 [pool-2-thread-5] DEBUG com.intuit.karate - response time in milliseconds: 617
1 < 200
1 < Cache-Control: public, max-age=0, must-revalidate
1 < Content-Type: application/json
1 < Date: Tue, 08 Jul 2025 06:56:59 GMT
1 < Server: Vercel
1 < Strict-Transport-Security: max-age=63072000; includeSubDomains; preload
1 < Vary: RSC, Next-Router-State-Tree, Next-Router-Prefetch, Next-Router-Segment-Prefetch
1 < X-Matched-Path: /api/asistencia-hoy/marcar
1 < X-Vercel-Cache: MISS
1 < X-Vercel-Id: gru1::iad1::kr4zd-1751957819444-f25f7db8559b
1 < Transfer-Encoding: chunked
{
  "success": true,
  "message": "La asistencia ya había sido registrada anteriormente",
  "data": {
    "timestamp": 1751957819567,
    "desfaseSegundos": 3590,
    "esNuevoRegistro": false,
    "esRegistroPropio": false,
    "actorRegistrado": "PS",
    "tipoAsistencia": "personal"
  }
}


01:57:09.263 [pool-2-thread-5] DEBUG c.intuit.karate.core.ScenarioEngine - over-writing existing variable 'loginFeature' with new value: 'classpath:resources/features/login/CasoNoTutor.feature'
01:57:09.268 [pool-2-thread-5] DEBUG c.intuit.karate.core.ScenarioEngine - over-writing existing variable 'loginResponse' with new value: call read(loginFeature)
01:57:09.268 [pool-2-thread-5] DEBUG com.intuit.karate - request:
1 > POST https://api01-siasis-dev.vercel.app/api/login/profesor-tutor-secundaria
1 > Cookie: Apellidos=Sanchez%20Gonzales; Google_Drive_Foto_ID=11vFEZVR5o-6mSwWCCy4L6tRuzVilr0i9; Nombres=Daniel%20Enrique; Genero=M; Rol=T; token=eyJhbGciOiJIUzI1NiIsInR5cCI6IkpXVCJ9.eyJJRF9Vc3VhcmlvIjoiMTU0MjA3NDUiLCJOb21icmVfVXN1YXJpbyI6ImRhbmllbF9zYW5jaGV6XzE1NDIiLCJSRFAwMl9JTlNUQU5DRSI6IlJEUDAyX0lOUzMiLCJSRFAwM19JTlNUQU5DRSI6IlJEUDAzX0lOUzMiLCJSb2wiOiJUIiwiaWF0IjoxNzUxOTU3ODE4LCJleHAiOjE3NTE5NzU4MTh9.Ej5SLu6RNPZPKQJfQ3r5ZCoc8ZxgtRcNJcJG3wxygpc
1 > Content-Type: application/json; charset=UTF-8
1 > Content-Length: 67
1 > Host: api01-siasis-dev.vercel.app
1 > Connection: Keep-Alive
1 > User-Agent: Apache-HttpClient/4.5.14 (Java/17.0.12)
1 > Accept-Encoding: gzip,deflate
{
  "Nombre_Usuario": "david_apolinario_1537",
  "Contraseña": "15371028"
}


01:57:09.312 [pool-2-thread-1] DEBUG com.intuit.karate - response time in milliseconds: 414
1 < 201
1 < Cache-Control: public, max-age=0, must-revalidate
1 < Content-Length: 0
1 < Date: Tue, 08 Jul 2025 06:56:59 GMT
1 < Server: Vercel
1 < Set-Cookie: Nombres=Elena%20Serafina; Max-Age=18000; Path=/; HttpOnly; Secure; SameSite=Lax
1 < Set-Cookie: Apellidos=Cullanco%20Espilco; Max-Age=18000; Path=/; HttpOnly; Secure; SameSite=Lax
1 < Set-Cookie: Rol=D; Max-Age=18000; Path=/; HttpOnly; Secure; SameSite=Lax
1 < Set-Cookie: token=eyJhbGciOiJIUzI1NiIsInR5cCI6IkpXVCJ9.eyJJRF9Vc3VhcmlvIjoiMSIsIk5vbWJyZV9Vc3VhcmlvIjoiZGlyZWN0b3IuYXN1bmNpb244IiwiUkRQMDJfSU5TVEFOQ0UiOiJSRFAwMl9JTlMzIiwiUkRQMDNfSU5TVEFOQ0UiOiJSRFAwM19JTlM0IiwiUm9sIjoiRCIsImlhdCI6MTc1MTk1NzgxOSwiZXhwIjoxNzUxOTc1ODE5fQ.czwrsDrWyW4VTXJMqZIpSx1-sPn4vFwTzt_vhzPFZP0; Max-Age=18000; Path=/; HttpOnly; Secure; SameSite=Lax
1 < Set-Cookie: Genero=F; Max-Age=18000; Path=/; HttpOnly; Secure; SameSite=Lax
1 < Set-Cookie: Google_Drive_Foto_ID=1pMkv-ba_T2mBKxjp_zBTZtgWEjwxPxdu; Max-Age=18000; Path=/; HttpOnly; Secure; SameSite=Lax
1 < Strict-Transport-Security: max-age=63072000; includeSubDomains; preload
1 < Vary: RSC, Next-Router-State-Tree, Next-Router-Prefetch, Next-Router-Segment-Prefetch
1 < X-Matched-Path: /api/auth/login
1 < X-Vercel-Cache: MISS
1 < X-Vercel-Id: gru1::iad1::bsmv9-1751957819693-e4d74eacae6e


01:57:09.316 [pool-2-thread-1] DEBUG com.intuit.karate - request:
1 > POST https://siasis-dev.vercel.app/api/asistencia-hoy/marcar
1 > Cookie: Apellidos=Cullanco%20Espilco; Google_Drive_Foto_ID=1pMkv-ba_T2mBKxjp_zBTZtgWEjwxPxdu; Nombres=Elena%20Serafina; Genero=F; Rol=D; token=eyJhbGciOiJIUzI1NiIsInR5cCI6IkpXVCJ9.eyJJRF9Vc3VhcmlvIjoiMSIsIk5vbWJyZV9Vc3VhcmlvIjoiZGlyZWN0b3IuYXN1bmNpb244IiwiUkRQMDJfSU5TVEFOQ0UiOiJSRFAwMl9JTlMzIiwiUkRQMDNfSU5TVEFOQ0UiOiJSRFAwM19JTlM0IiwiUm9sIjoiRCIsImlhdCI6MTc1MTk1NzgxOSwiZXhwIjoxNzUxOTc1ODE5fQ.czwrsDrWyW4VTXJMqZIpSx1-sPn4vFwTzt_vhzPFZP0
1 > Content-Type: application/json; charset=UTF-8
1 > Content-Length: 132
1 > Host: siasis-dev.vercel.app
1 > Connection: Keep-Alive
1 > User-Agent: Apache-HttpClient/4.5.14 (Java/17.0.12)
1 > Accept-Encoding: gzip,deflate
{
  "ID_o_DNI": "15430124",
  "TipoAsistencia": "personal",
  "Actor": "D",
  "ModoRegistro": "E",
  "FechaHoraEsperadaISO": "2025-07-08T05:57:09.313Z"
}


01:57:09.368 [pool-2-thread-3] DEBUG com.intuit.karate - response time in milliseconds: 430
1 < 201
1 < Cache-Control: public, max-age=0, must-revalidate
1 < Content-Length: 0
1 < Date: Tue, 08 Jul 2025 06:56:59 GMT
1 < Server: Vercel
1 < Set-Cookie: Nombres=Elena%20Serafina; Max-Age=18000; Path=/; HttpOnly; Secure; SameSite=Lax
1 < Set-Cookie: Apellidos=Cullanco%20Espilco; Max-Age=18000; Path=/; HttpOnly; Secure; SameSite=Lax
1 < Set-Cookie: Rol=D; Max-Age=18000; Path=/; HttpOnly; Secure; SameSite=Lax
1 < Set-Cookie: token=eyJhbGciOiJIUzI1NiIsInR5cCI6IkpXVCJ9.eyJJRF9Vc3VhcmlvIjoiMSIsIk5vbWJyZV9Vc3VhcmlvIjoiZGlyZWN0b3IuYXN1bmNpb244IiwiUkRQMDJfSU5TVEFOQ0UiOiJSRFAwMl9JTlMxIiwiUkRQMDNfSU5TVEFOQ0UiOiJSRFAwM19JTlM1IiwiUm9sIjoiRCIsImlhdCI6MTc1MTk1NzgxOSwiZXhwIjoxNzUxOTc1ODE5fQ.96kjprGarQcoRsn6IJbxYHYX1yGXx8vCm-nPPmddJok; Max-Age=18000; Path=/; HttpOnly; Secure; SameSite=Lax
1 < Set-Cookie: Genero=F; Max-Age=18000; Path=/; HttpOnly; Secure; SameSite=Lax
1 < Set-Cookie: Google_Drive_Foto_ID=1pMkv-ba_T2mBKxjp_zBTZtgWEjwxPxdu; Max-Age=18000; Path=/; HttpOnly; Secure; SameSite=Lax
1 < Strict-Transport-Security: max-age=63072000; includeSubDomains; preload
1 < Vary: RSC, Next-Router-State-Tree, Next-Router-Prefetch, Next-Router-Segment-Prefetch
1 < X-Matched-Path: /api/auth/login
1 < X-Vercel-Cache: MISS
1 < X-Vercel-Id: gru1::iad1::lw4h4-1751957819737-e32ea8779ce9


01:57:09.372 [pool-2-thread-3] DEBUG com.intuit.karate - request:
1 > POST https://siasis-dev.vercel.app/api/asistencia-hoy/marcar
1 > Cookie: Apellidos=Cullanco%20Espilco; Google_Drive_Foto_ID=1pMkv-ba_T2mBKxjp_zBTZtgWEjwxPxdu; Nombres=Elena%20Serafina; Genero=F; Rol=D; token=eyJhbGciOiJIUzI1NiIsInR5cCI6IkpXVCJ9.eyJJRF9Vc3VhcmlvIjoiMSIsIk5vbWJyZV9Vc3VhcmlvIjoiZGlyZWN0b3IuYXN1bmNpb244IiwiUkRQMDJfSU5TVEFOQ0UiOiJSRFAwMl9JTlMxIiwiUkRQMDNfSU5TVEFOQ0UiOiJSRFAwM19JTlM1IiwiUm9sIjoiRCIsImlhdCI6MTc1MTk1NzgxOSwiZXhwIjoxNzUxOTc1ODE5fQ.96kjprGarQcoRsn6IJbxYHYX1yGXx8vCm-nPPmddJok
1 > Content-Type: application/json; charset=UTF-8
1 > Content-Length: 133
1 > Host: siasis-dev.vercel.app
1 > Connection: Keep-Alive
1 > User-Agent: Apache-HttpClient/4.5.14 (Java/17.0.12)
1 > Accept-Encoding: gzip,deflate
{
  "ID_o_DNI": "41809910",
  "TipoAsistencia": "personal",
  "Actor": "PA",
  "ModoRegistro": "E",
  "FechaHoraEsperadaISO": "2025-07-08T05:57:09.369Z"
}


01:57:09.580 [pool-2-thread-4] DEBUG com.intuit.karate - response time in milliseconds: 613
1 < 200
1 < Cache-Control: public, max-age=0, must-revalidate
1 < Content-Type: application/json
1 < Date: Tue, 08 Jul 2025 06:57:00 GMT
1 < Server: Vercel
1 < Strict-Transport-Security: max-age=63072000; includeSubDomains; preload
1 < Vary: RSC, Next-Router-State-Tree, Next-Router-Prefetch, Next-Router-Segment-Prefetch
1 < X-Matched-Path: /api/asistencia-hoy/marcar
1 < X-Vercel-Cache: MISS
1 < X-Vercel-Id: gru1::iad1::kr4zd-1751957819765-dcb0e6394ffa
1 < Transfer-Encoding: chunked
{
  "success": true,
  "message": "La asistencia ya había sido registrada anteriormente",
  "data": {
    "timestamp": 1751957819904,
    "desfaseSegundos": 3590,
    "esNuevoRegistro": false,
    "esRegistroPropio": false,
    "actorRegistrado": "A",
    "tipoAsistencia": "personal"
  }
}


01:57:09.595 [pool-2-thread-4] DEBUG com.intuit.karate - request:
1 > POST https://api01-siasis-dev.vercel.app/api/login/directivo
1 > Content-Type: application/json; charset=UTF-8
1 > Content-Length: 64
1 > Host: api01-siasis-dev.vercel.app
1 > Connection: Keep-Alive
1 > User-Agent: Apache-HttpClient/4.5.14 (Java/17.0.12)
1 > Accept-Encoding: gzip,deflate
{
  "Nombre_Usuario": "director.asuncion8",
  "Contraseña": "15430124"
}


01:57:09.684 [pool-2-thread-2] DEBUG com.intuit.karate - response time in milliseconds: 436
1 < 201
1 < Cache-Control: public, max-age=0, must-revalidate
1 < Content-Length: 0
1 < Date: Tue, 08 Jul 2025 06:57:00 GMT
1 < Server: Vercel
1 < Set-Cookie: Nombres=Elena%20Serafina; Max-Age=18000; Path=/; HttpOnly; Secure; SameSite=Lax
1 < Set-Cookie: Apellidos=Cullanco%20Espilco; Max-Age=18000; Path=/; HttpOnly; Secure; SameSite=Lax
1 < Set-Cookie: Rol=D; Max-Age=18000; Path=/; HttpOnly; Secure; SameSite=Lax
1 < Set-Cookie: token=eyJhbGciOiJIUzI1NiIsInR5cCI6IkpXVCJ9.eyJJRF9Vc3VhcmlvIjoiMSIsIk5vbWJyZV9Vc3VhcmlvIjoiZGlyZWN0b3IuYXN1bmNpb244IiwiUkRQMDJfSU5TVEFOQ0UiOiJSRFAwMl9JTlMzIiwiUkRQMDNfSU5TVEFOQ0UiOiJSRFAwM19JTlMzIiwiUm9sIjoiRCIsImlhdCI6MTc1MTk1NzgxOSwiZXhwIjoxNzUxOTc1ODE5fQ.Nh47hBjssrw_ICb2EfIQjATyem4n6DZfRZy1oQPrJQs; Max-Age=18000; Path=/; HttpOnly; Secure; SameSite=Lax
1 < Set-Cookie: Genero=F; Max-Age=18000; Path=/; HttpOnly; Secure; SameSite=Lax
1 < Set-Cookie: Google_Drive_Foto_ID=1pMkv-ba_T2mBKxjp_zBTZtgWEjwxPxdu; Max-Age=18000; Path=/; HttpOnly; Secure; SameSite=Lax
1 < Strict-Transport-Security: max-age=63072000; includeSubDomains; preload
1 < Vary: RSC, Next-Router-State-Tree, Next-Router-Prefetch, Next-Router-Segment-Prefetch
1 < X-Matched-Path: /api/auth/login
1 < X-Vercel-Cache: MISS
1 < X-Vercel-Id: gru1::iad1::lw4h4-1751957820048-9e410fc7dee5


01:57:09.690 [pool-2-thread-2] DEBUG com.intuit.karate - request:
1 > POST https://siasis-dev.vercel.app/api/asistencia-hoy/marcar
1 > Cookie: Apellidos=Cullanco%20Espilco; Google_Drive_Foto_ID=1pMkv-ba_T2mBKxjp_zBTZtgWEjwxPxdu; Nombres=Elena%20Serafina; Genero=F; Rol=D; token=eyJhbGciOiJIUzI1NiIsInR5cCI6IkpXVCJ9.eyJJRF9Vc3VhcmlvIjoiMSIsIk5vbWJyZV9Vc3VhcmlvIjoiZGlyZWN0b3IuYXN1bmNpb244IiwiUkRQMDJfSU5TVEFOQ0UiOiJSRFAwMl9JTlMzIiwiUkRQMDNfSU5TVEFOQ0UiOiJSRFAwM19JTlMzIiwiUm9sIjoiRCIsImlhdCI6MTc1MTk1NzgxOSwiZXhwIjoxNzUxOTc1ODE5fQ.Nh47hBjssrw_ICb2EfIQjATyem4n6DZfRZy1oQPrJQs
1 > Content-Type: application/json; charset=UTF-8
1 > Content-Length: 133
1 > Host: siasis-dev.vercel.app
1 > Connection: Keep-Alive
1 > User-Agent: Apache-HttpClient/4.5.14 (Java/17.0.12)
1 > Accept-Encoding: gzip,deflate
{
  "ID_o_DNI": "41612389",
  "TipoAsistencia": "personal",
  "Actor": "PP",
  "ModoRegistro": "E",
  "FechaHoraEsperadaISO": "2025-07-08T05:57:09.687Z"
}


01:57:09.912 [pool-2-thread-1] DEBUG com.intuit.karate - response time in milliseconds: 593
1 < 200
1 < Cache-Control: public, max-age=0, must-revalidate
1 < Content-Type: application/json
1 < Date: Tue, 08 Jul 2025 06:57:00 GMT
1 < Server: Vercel
1 < Strict-Transport-Security: max-age=63072000; includeSubDomains; preload
1 < Vary: RSC, Next-Router-State-Tree, Next-Router-Prefetch, Next-Router-Segment-Prefetch
1 < X-Matched-Path: /api/asistencia-hoy/marcar
1 < X-Vercel-Cache: MISS
1 < X-Vercel-Id: gru1::iad1::cmdlq-1751957820117-3630b5abcf47
1 < Transfer-Encoding: chunked
{
  "success": true,
  "message": "La asistencia ya había sido registrada anteriormente",
  "data": {
    "timestamp": 1751957820237,
    "desfaseSegundos": 3590,
    "esNuevoRegistro": false,
    "esRegistroPropio": false,
    "actorRegistrado": "D",
    "tipoAsistencia": "personal"
  }
}


01:57:09.927 [pool-2-thread-1] DEBUG com.intuit.karate - request:
1 > POST https://api01-siasis-dev.vercel.app/api/login/profesor-primaria
1 > Content-Type: application/json; charset=UTF-8
1 > Content-Length: 64
1 > Host: api01-siasis-dev.vercel.app
1 > Connection: Keep-Alive
1 > User-Agent: Apache-HttpClient/4.5.14 (Java/17.0.12)
1 > Accept-Encoding: gzip,deflate
{
  "Nombre_Usuario": "marisol_godoy_1537",
  "Contraseña": "15378317"
}


01:57:09.938 [pool-2-thread-5] DEBUG com.intuit.karate - response time in milliseconds: 660
1 < 200
1 < Access-Control-Allow-Origin: *
1 < Cache-Control: public, max-age=0, must-revalidate
1 < Content-Length: 523
1 < Content-Type: application/json; charset=utf-8
1 < Date: Tue, 08 Jul 2025 06:57:00 GMT
1 < Etag: W/"20b-oVR1jlU2tSmywftw8rq7gI3TAYY"
1 < Server: Vercel
1 < Strict-Transport-Security: max-age=63072000; includeSubDomains; preload
1 < X-Powered-By: Express
1 < X-Vercel-Cache: MISS
1 < X-Vercel-Id: gru1::iad1::kpjfh-1751957820072-89f031cffb3f
{
  "success": true,
  "message": "Inicio de sesión exitoso",
  "data": {
    "Apellidos": "Apolinario Quispe",
    "Nombres": "David Julian",
    "Rol": "PS",
    "token": "eyJhbGciOiJIUzI1NiIsInR5cCI6IkpXVCJ9.eyJJRF9Vc3VhcmlvIjoiMTUzNzEwMjgiLCJOb21icmVfVXN1YXJpbyI6ImRhdmlkX2Fwb2xpbmFyaW9fMTUzNyIsIlJEUDAyX0lOU1RBTkNFIjoiUkRQMDJfSU5TMyIsIlJEUDAzX0lOU1RBTkNFIjoiUkRQMDNfSU5TMiIsIlJvbCI6IlBTIiwiaWF0IjoxNzUxOTU3ODIwLCJleHAiOjE3NTE5NzU4MjB9.JThdYkpSrkSYaLvne_t0gacMWPshg41KBe1cOCjyYT8",
    "Google_Drive_Foto_ID": "1zGZuWnkBA59hSHlTgGVXrduC8eBgrKi1",
    "Genero": "M"
  }
}


01:57:09.938 [pool-2-thread-5] INFO  com.intuit.karate - [print] eyJhbGciOiJIUzI1NiIsInR5cCI6IkpXVCJ9.eyJJRF9Vc3VhcmlvIjoiMTUzNzEwMjgiLCJOb21icmVfVXN1YXJpbyI6ImRhdmlkX2Fwb2xpbmFyaW9fMTUzNyIsIlJEUDAyX0lOU1RBTkNFIjoiUkRQMDJfSU5TMyIsIlJEUDAzX0lOU1RBTkNFIjoiUkRQMDNfSU5TMiIsIlJvbCI6IlBTIiwiaWF0IjoxNzUxOTU3ODIwLCJleHAiOjE3NTE5NzU4MjB9.JThdYkpSrkSYaLvne_t0gacMWPshg41KBe1cOCjyYT8 
01:57:09.938 [pool-2-thread-5] INFO  com.intuit.karate - [print] PS 
01:57:09.938 [pool-2-thread-5] DEBUG com.intuit.karate - request:
1 > POST https://siasis-dev.vercel.app/api/auth/login
1 > Cookie: Apellidos=Sanchez%20Gonzales; Google_Drive_Foto_ID=11vFEZVR5o-6mSwWCCy4L6tRuzVilr0i9; Nombres=Daniel%20Enrique; Genero=M; Rol=T; token=eyJhbGciOiJIUzI1NiIsInR5cCI6IkpXVCJ9.eyJJRF9Vc3VhcmlvIjoiMTU0MjA3NDUiLCJOb21icmVfVXN1YXJpbyI6ImRhbmllbF9zYW5jaGV6XzE1NDIiLCJSRFAwMl9JTlNUQU5DRSI6IlJEUDAyX0lOUzMiLCJSRFAwM19JTlNUQU5DRSI6IlJEUDAzX0lOUzMiLCJSb2wiOiJUIiwiaWF0IjoxNzUxOTU3ODE4LCJleHAiOjE3NTE5NzU4MTh9.Ej5SLu6RNPZPKQJfQ3r5ZCoc8ZxgtRcNJcJG3wxygpc
1 > Content-Type: application/json; charset=UTF-8
1 > Content-Length: 461
1 > Host: siasis-dev.vercel.app
1 > Connection: Keep-Alive
1 > User-Agent: Apache-HttpClient/4.5.14 (Java/17.0.12)
1 > Accept-Encoding: gzip,deflate
{
  "Nombres": "David Julian",
  "Apellidos": "Apolinario Quispe",
  "token": "eyJhbGciOiJIUzI1NiIsInR5cCI6IkpXVCJ9.eyJJRF9Vc3VhcmlvIjoiMTUzNzEwMjgiLCJOb21icmVfVXN1YXJpbyI6ImRhdmlkX2Fwb2xpbmFyaW9fMTUzNyIsIlJEUDAyX0lOU1RBTkNFIjoiUkRQMDJfSU5TMyIsIlJEUDAzX0lOU1RBTkNFIjoiUkRQMDNfSU5TMiIsIlJvbCI6IlBTIiwiaWF0IjoxNzUxOTU3ODIwLCJleHAiOjE3NTE5NzU4MjB9.JThdYkpSrkSYaLvne_t0gacMWPshg41KBe1cOCjyYT8",
  "Genero": "M",
  "Google_Drive_Foto_ID": "1zGZuWnkBA59hSHlTgGVXrduC8eBgrKi1",
  "Rol": "PS"
}


01:57:10.001 [pool-2-thread-3] DEBUG com.intuit.karate - response time in milliseconds: 629
1 < 200
1 < Cache-Control: public, max-age=0, must-revalidate
1 < Content-Type: application/json
1 < Date: Tue, 08 Jul 2025 06:57:00 GMT
1 < Server: Vercel
1 < Strict-Transport-Security: max-age=63072000; includeSubDomains; preload
1 < Vary: RSC, Next-Router-State-Tree, Next-Router-Prefetch, Next-Router-Segment-Prefetch
1 < X-Matched-Path: /api/asistencia-hoy/marcar
1 < X-Vercel-Cache: MISS
1 < X-Vercel-Id: gru1::iad1::zpjsk-1751957820173-839a365f4d1d
1 < Transfer-Encoding: chunked
{
  "success": true,
  "message": "La asistencia ya había sido registrada anteriormente",
  "data": {
    "timestamp": 1751957820281,
    "desfaseSegundos": 3590,
    "esNuevoRegistro": false,
    "esRegistroPropio": false,
    "actorRegistrado": "PA",
    "tipoAsistencia": "personal"
  }
}


01:57:10.018 [pool-2-thread-3] DEBUG com.intuit.karate - request:
1 > POST https://api01-siasis-dev.vercel.app/api/login/auxiliar
1 > Content-Type: application/json; charset=UTF-8
1 > Content-Length: 67
1 > Host: api01-siasis-dev.vercel.app
1 > Connection: Keep-Alive
1 > User-Agent: Apache-HttpClient/4.5.14 (Java/17.0.12)
1 > Accept-Encoding: gzip,deflate
{
  "Nombre_Usuario": "brigida_gonzales_1535",
  "Contraseña": "15357278"
}


01:57:10.174 [pool-2-thread-4] DEBUG com.intuit.karate - response time in milliseconds: 578
1 < 200
1 < Access-Control-Allow-Origin: *
1 < Cache-Control: public, max-age=0, must-revalidate
1 < Content-Length: 509
1 < Content-Type: application/json; charset=utf-8
1 < Date: Tue, 08 Jul 2025 06:57:00 GMT
1 < Etag: W/"1fd-BOeBcLzD/8UXrkodTTvVgrGIjAY"
1 < Server: Vercel
1 < Strict-Transport-Security: max-age=63072000; includeSubDomains; preload
1 < X-Powered-By: Express
1 < X-Vercel-Cache: MISS
1 < X-Vercel-Id: gru1::iad1::lf27c-1751957820392-969502516bc2
{
  "success": true,
  "message": "Inicio de sesión exitoso",
  "data": {
    "Apellidos": "Cullanco Espilco",
    "Nombres": "Elena Serafina",
    "Rol": "D",
    "token": "eyJhbGciOiJIUzI1NiIsInR5cCI6IkpXVCJ9.eyJJRF9Vc3VhcmlvIjoiMSIsIk5vbWJyZV9Vc3VhcmlvIjoiZGlyZWN0b3IuYXN1bmNpb244IiwiUkRQMDJfSU5TVEFOQ0UiOiJSRFAwMl9JTlMxIiwiUkRQMDNfSU5TVEFOQ0UiOiJSRFAwM19JTlMyIiwiUm9sIjoiRCIsImlhdCI6MTc1MTk1NzgyMCwiZXhwIjoxNzUxOTc1ODIwfQ.xGigI9GlSQFa2eRYcpMh3BLS_hK_kX-35QKNK13KoX4",
    "Google_Drive_Foto_ID": "1pMkv-ba_T2mBKxjp_zBTZtgWEjwxPxdu",
    "Genero": "F"
  }
}


01:57:10.174 [pool-2-thread-4] INFO  com.intuit.karate - [print] eyJhbGciOiJIUzI1NiIsInR5cCI6IkpXVCJ9.eyJJRF9Vc3VhcmlvIjoiMSIsIk5vbWJyZV9Vc3VhcmlvIjoiZGlyZWN0b3IuYXN1bmNpb244IiwiUkRQMDJfSU5TVEFOQ0UiOiJSRFAwMl9JTlMxIiwiUkRQMDNfSU5TVEFOQ0UiOiJSRFAwM19JTlMyIiwiUm9sIjoiRCIsImlhdCI6MTc1MTk1NzgyMCwiZXhwIjoxNzUxOTc1ODIwfQ.xGigI9GlSQFa2eRYcpMh3BLS_hK_kX-35QKNK13KoX4 
01:57:10.174 [pool-2-thread-4] INFO  com.intuit.karate - [print] D 
01:57:10.174 [pool-2-thread-4] DEBUG com.intuit.karate - request:
1 > POST https://siasis-dev.vercel.app/api/auth/login
1 > Content-Type: application/json; charset=UTF-8
1 > Content-Length: 447
1 > Host: siasis-dev.vercel.app
1 > Connection: Keep-Alive
1 > User-Agent: Apache-HttpClient/4.5.14 (Java/17.0.12)
1 > Accept-Encoding: gzip,deflate
{
  "Nombres": "Elena Serafina",
  "Apellidos": "Cullanco Espilco",
  "token": "eyJhbGciOiJIUzI1NiIsInR5cCI6IkpXVCJ9.eyJJRF9Vc3VhcmlvIjoiMSIsIk5vbWJyZV9Vc3VhcmlvIjoiZGlyZWN0b3IuYXN1bmNpb244IiwiUkRQMDJfSU5TVEFOQ0UiOiJSRFAwMl9JTlMxIiwiUkRQMDNfSU5TVEFOQ0UiOiJSRFAwM19JTlMyIiwiUm9sIjoiRCIsImlhdCI6MTc1MTk1NzgyMCwiZXhwIjoxNzUxOTc1ODIwfQ.xGigI9GlSQFa2eRYcpMh3BLS_hK_kX-35QKNK13KoX4",
  "Genero": "F",
  "Google_Drive_Foto_ID": "1pMkv-ba_T2mBKxjp_zBTZtgWEjwxPxdu",
  "Rol": "D"
}


01:57:10.281 [pool-2-thread-2] DEBUG com.intuit.karate - response time in milliseconds: 590
1 < 200
1 < Cache-Control: public, max-age=0, must-revalidate
1 < Content-Type: application/json
1 < Date: Tue, 08 Jul 2025 06:57:00 GMT
1 < Server: Vercel
1 < Strict-Transport-Security: max-age=63072000; includeSubDomains; preload
1 < Vary: RSC, Next-Router-State-Tree, Next-Router-Prefetch, Next-Router-Segment-Prefetch
1 < X-Matched-Path: /api/asistencia-hoy/marcar
1 < X-Vercel-Cache: MISS
1 < X-Vercel-Id: gru1::iad1::z422j-1751957820487-0c83abd90b8e
1 < Transfer-Encoding: chunked
{
  "success": true,
  "message": "La asistencia ya había sido registrada anteriormente",
  "data": {
    "timestamp": 1751957820601,
    "desfaseSegundos": 3590,
    "esNuevoRegistro": false,
    "esRegistroPropio": false,
    "actorRegistrado": "PP",
    "tipoAsistencia": "personal"
  }
}


01:57:10.295 [pool-2-thread-2] DEBUG com.intuit.karate - request:
1 > POST https://api01-siasis-dev.vercel.app/api/login/directivo
1 > Content-Type: application/json; charset=UTF-8
1 > Content-Length: 64
1 > Host: api01-siasis-dev.vercel.app
1 > Connection: Keep-Alive
1 > User-Agent: Apache-HttpClient/4.5.14 (Java/17.0.12)
1 > Accept-Encoding: gzip,deflate
{
  "Nombre_Usuario": "director.asuncion8",
  "Contraseña": "15430124"
}


01:57:10.358 [pool-2-thread-5] DEBUG com.intuit.karate - response time in milliseconds: 420
1 < 201
1 < Cache-Control: public, max-age=0, must-revalidate
1 < Content-Length: 0
1 < Date: Tue, 08 Jul 2025 06:57:00 GMT
1 < Server: Vercel
1 < Set-Cookie: Nombres=David%20Julian; Max-Age=18000; Path=/; HttpOnly; Secure; SameSite=Lax
1 < Set-Cookie: Apellidos=Apolinario%20Quispe; Max-Age=18000; Path=/; HttpOnly; Secure; SameSite=Lax
1 < Set-Cookie: Rol=PS; Max-Age=18000; Path=/; HttpOnly; Secure; SameSite=Lax
1 < Set-Cookie: token=eyJhbGciOiJIUzI1NiIsInR5cCI6IkpXVCJ9.eyJJRF9Vc3VhcmlvIjoiMTUzNzEwMjgiLCJOb21icmVfVXN1YXJpbyI6ImRhdmlkX2Fwb2xpbmFyaW9fMTUzNyIsIlJEUDAyX0lOU1RBTkNFIjoiUkRQMDJfSU5TMyIsIlJEUDAzX0lOU1RBTkNFIjoiUkRQMDNfSU5TMiIsIlJvbCI6IlBTIiwiaWF0IjoxNzUxOTU3ODIwLCJleHAiOjE3NTE5NzU4MjB9.JThdYkpSrkSYaLvne_t0gacMWPshg41KBe1cOCjyYT8; Max-Age=18000; Path=/; HttpOnly; Secure; SameSite=Lax
1 < Set-Cookie: Genero=M; Max-Age=18000; Path=/; HttpOnly; Secure; SameSite=Lax
1 < Set-Cookie: Google_Drive_Foto_ID=1zGZuWnkBA59hSHlTgGVXrduC8eBgrKi1; Max-Age=18000; Path=/; HttpOnly; Secure; SameSite=Lax
1 < Strict-Transport-Security: max-age=63072000; includeSubDomains; preload
1 < Vary: RSC, Next-Router-State-Tree, Next-Router-Prefetch, Next-Router-Segment-Prefetch
1 < X-Matched-Path: /api/auth/login
1 < X-Vercel-Cache: MISS
1 < X-Vercel-Id: gru1::iad1::cmdlq-1751957820734-24f1d7bbcfea


01:57:10.358 [pool-2-thread-5] DEBUG c.intuit.karate.core.ScenarioEngine - over-writing existing variable 'fechaHoraEsperadaISO' with new value: getAdjustedTime()
01:57:10.360 [pool-2-thread-5] DEBUG com.intuit.karate - request:
1 > POST https://siasis-dev.vercel.app/api/asistencia-hoy/marcar
1 > Cookie: Apellidos=Apolinario%20Quispe; Google_Drive_Foto_ID=1zGZuWnkBA59hSHlTgGVXrduC8eBgrKi1; Nombres=David%20Julian; Genero=M; Rol=PS; token=eyJhbGciOiJIUzI1NiIsInR5cCI6IkpXVCJ9.eyJJRF9Vc3VhcmlvIjoiMTUzNzEwMjgiLCJOb21icmVfVXN1YXJpbyI6ImRhdmlkX2Fwb2xpbmFyaW9fMTUzNyIsIlJEUDAyX0lOU1RBTkNFIjoiUkRQMDJfSU5TMyIsIlJEUDAzX0lOU1RBTkNFIjoiUkRQMDNfSU5TMiIsIlJvbCI6IlBTIiwiaWF0IjoxNzUxOTU3ODIwLCJleHAiOjE3NTE5NzU4MjB9.JThdYkpSrkSYaLvne_t0gacMWPshg41KBe1cOCjyYT8
1 > Content-Type: application/json; charset=UTF-8
1 > Content-Length: 70
1 > Host: siasis-dev.vercel.app
1 > Connection: Keep-Alive
1 > User-Agent: Apache-HttpClient/4.5.14 (Java/17.0.12)
1 > Accept-Encoding: gzip,deflate
{
  "ModoRegistro": "E",
  "FechaHoraEsperadaISO": "2025-07-08T05:57:10.356Z"
}


01:57:10.463 [pool-2-thread-1] DEBUG com.intuit.karate - response time in milliseconds: 536
1 < 200
1 < Access-Control-Allow-Origin: *
1 < Cache-Control: public, max-age=0, must-revalidate
1 < Content-Length: 522
1 < Content-Type: application/json; charset=utf-8
1 < Date: Tue, 08 Jul 2025 06:57:00 GMT
1 < Etag: W/"20a-X9+b8iFd9hj6GkmKQ+d62c75ebk"
1 < Server: Vercel
1 < Strict-Transport-Security: max-age=63072000; includeSubDomains; preload
1 < X-Powered-By: Express
1 < X-Vercel-Cache: MISS
1 < X-Vercel-Id: gru1::iad1::z422j-1751957820725-bcb8370e0740
{
  "success": true,
  "message": "Inicio de sesión exitoso",
  "data": {
    "Apellidos": "Godoy Villarubia",
    "Nombres": "Marisol Ceferina",
    "Rol": "PP",
    "token": "eyJhbGciOiJIUzI1NiIsInR5cCI6IkpXVCJ9.eyJJRF9Vc3VhcmlvIjoiMTUzNzgzMTciLCJOb21icmVfVXN1YXJpbyI6Im1hcmlzb2xfZ29kb3lfMTUzNyIsIlJEUDAyX0lOU1RBTkNFIjoiUkRQMDJfSU5TMSIsIlJEUDAzX0lOU1RBTkNFIjoiUkRQMDNfSU5TMSIsIlJvbCI6IlBQIiwiaWF0IjoxNzUxOTU3ODIwLCJleHAiOjE3NTE5NzU4MjB9.9E4IEM9Dw8nKVCesnxvs0M4ZAYR5HlDQORxb6FoQc8I",
    "Google_Drive_Foto_ID": "1p8FC3py693IjnMTa4uINq5lVSb9P3LBc",
    "Genero": "F"
  }
}


01:57:10.463 [pool-2-thread-1] INFO  com.intuit.karate - [print] eyJhbGciOiJIUzI1NiIsInR5cCI6IkpXVCJ9.eyJJRF9Vc3VhcmlvIjoiMTUzNzgzMTciLCJOb21icmVfVXN1YXJpbyI6Im1hcmlzb2xfZ29kb3lfMTUzNyIsIlJEUDAyX0lOU1RBTkNFIjoiUkRQMDJfSU5TMSIsIlJEUDAzX0lOU1RBTkNFIjoiUkRQMDNfSU5TMSIsIlJvbCI6IlBQIiwiaWF0IjoxNzUxOTU3ODIwLCJleHAiOjE3NTE5NzU4MjB9.9E4IEM9Dw8nKVCesnxvs0M4ZAYR5HlDQORxb6FoQc8I 
01:57:10.463 [pool-2-thread-1] INFO  com.intuit.karate - [print] PP 
01:57:10.463 [pool-2-thread-1] DEBUG com.intuit.karate - request:
1 > POST https://siasis-dev.vercel.app/api/auth/login
1 > Content-Type: application/json; charset=UTF-8
1 > Content-Length: 460
1 > Host: siasis-dev.vercel.app
1 > Connection: Keep-Alive
1 > User-Agent: Apache-HttpClient/4.5.14 (Java/17.0.12)
1 > Accept-Encoding: gzip,deflate
{
  "Nombres": "Marisol Ceferina",
  "Apellidos": "Godoy Villarubia",
  "token": "eyJhbGciOiJIUzI1NiIsInR5cCI6IkpXVCJ9.eyJJRF9Vc3VhcmlvIjoiMTUzNzgzMTciLCJOb21icmVfVXN1YXJpbyI6Im1hcmlzb2xfZ29kb3lfMTUzNyIsIlJEUDAyX0lOU1RBTkNFIjoiUkRQMDJfSU5TMSIsIlJEUDAzX0lOU1RBTkNFIjoiUkRQMDNfSU5TMSIsIlJvbCI6IlBQIiwiaWF0IjoxNzUxOTU3ODIwLCJleHAiOjE3NTE5NzU4MjB9.9E4IEM9Dw8nKVCesnxvs0M4ZAYR5HlDQORxb6FoQc8I",
  "Genero": "F",
  "Google_Drive_Foto_ID": "1p8FC3py693IjnMTa4uINq5lVSb9P3LBc",
  "Rol": "PP"
}


01:57:10.542 [pool-2-thread-3] DEBUG com.intuit.karate - response time in milliseconds: 524
1 < 200
1 < Access-Control-Allow-Origin: *
1 < Cache-Control: public, max-age=0, must-revalidate
1 < Content-Length: 515
1 < Content-Type: application/json; charset=utf-8
1 < Date: Tue, 08 Jul 2025 06:57:01 GMT
1 < Etag: W/"203-56gvLvKyBx4QE5LTDd+PoLqU3tQ"
1 < Server: Vercel
1 < Strict-Transport-Security: max-age=63072000; includeSubDomains; preload
1 < X-Powered-By: Express
1 < X-Vercel-Cache: MISS
1 < X-Vercel-Id: gru1::iad1::kpjfh-1751957820820-cc5ce480d372
{
  "success": true,
  "message": "Inicio de sesión exitoso",
  "data": {
    "Apellidos": "Gonzales Morales",
    "Nombres": "Brigida",
    "Rol": "A",
    "token": "eyJhbGciOiJIUzI1NiIsInR5cCI6IkpXVCJ9.eyJJRF9Vc3VhcmlvIjoiMTUzNTcyNzgiLCJSRFAwMl9JTlNUQU5DRSI6IlJEUDAyX0lOUzEiLCJSRFAwM19JTlNUQU5DRSI6IlJEUDAzX0lOUzEiLCJOb21icmVfVXN1YXJpbyI6ImJyaWdpZGFfZ29uemFsZXNfMTUzNSIsIlJvbCI6IkEiLCJpYXQiOjE3NTE5NTc4MjEsImV4cCI6MTc1MTk3NTgyMX0.FSZYVPE2HVfaLO8oFUofD-vmSzECk6vBQqQQHKaTPHM",
    "Google_Drive_Foto_ID": "12CrZ2Z8qd2FGzo0UeOURh3turASgkZ-8",
    "Genero": "F"
  }
}


01:57:10.542 [pool-2-thread-3] INFO  com.intuit.karate - [print] eyJhbGciOiJIUzI1NiIsInR5cCI6IkpXVCJ9.eyJJRF9Vc3VhcmlvIjoiMTUzNTcyNzgiLCJSRFAwMl9JTlNUQU5DRSI6IlJEUDAyX0lOUzEiLCJSRFAwM19JTlNUQU5DRSI6IlJEUDAzX0lOUzEiLCJOb21icmVfVXN1YXJpbyI6ImJyaWdpZGFfZ29uemFsZXNfMTUzNSIsIlJvbCI6IkEiLCJpYXQiOjE3NTE5NTc4MjEsImV4cCI6MTc1MTk3NTgyMX0.FSZYVPE2HVfaLO8oFUofD-vmSzECk6vBQqQQHKaTPHM 
01:57:10.542 [pool-2-thread-3] INFO  com.intuit.karate - [print] A 
01:57:10.542 [pool-2-thread-3] DEBUG com.intuit.karate - request:
1 > POST https://siasis-dev.vercel.app/api/auth/login
1 > Content-Type: application/json; charset=UTF-8
1 > Content-Length: 453
1 > Host: siasis-dev.vercel.app
1 > Connection: Keep-Alive
1 > User-Agent: Apache-HttpClient/4.5.14 (Java/17.0.12)
1 > Accept-Encoding: gzip,deflate
{
  "Nombres": "Brigida",
  "Apellidos": "Gonzales Morales",
  "token": "eyJhbGciOiJIUzI1NiIsInR5cCI6IkpXVCJ9.eyJJRF9Vc3VhcmlvIjoiMTUzNTcyNzgiLCJSRFAwMl9JTlNUQU5DRSI6IlJEUDAyX0lOUzEiLCJSRFAwM19JTlNUQU5DRSI6IlJEUDAzX0lOUzEiLCJOb21icmVfVXN1YXJpbyI6ImJyaWdpZGFfZ29uemFsZXNfMTUzNSIsIlJvbCI6IkEiLCJpYXQiOjE3NTE5NTc4MjEsImV4cCI6MTc1MTk3NTgyMX0.FSZYVPE2HVfaLO8oFUofD-vmSzECk6vBQqQQHKaTPHM",
  "Genero": "F",
  "Google_Drive_Foto_ID": "12CrZ2Z8qd2FGzo0UeOURh3turASgkZ-8",
  "Rol": "A"
}


01:57:10.610 [pool-2-thread-4] DEBUG com.intuit.karate - response time in milliseconds: 431
1 < 201
1 < Cache-Control: public, max-age=0, must-revalidate
1 < Content-Length: 0
1 < Date: Tue, 08 Jul 2025 06:57:01 GMT
1 < Server: Vercel
1 < Set-Cookie: Nombres=Elena%20Serafina; Max-Age=18000; Path=/; HttpOnly; Secure; SameSite=Lax
1 < Set-Cookie: Apellidos=Cullanco%20Espilco; Max-Age=18000; Path=/; HttpOnly; Secure; SameSite=Lax
1 < Set-Cookie: Rol=D; Max-Age=18000; Path=/; HttpOnly; Secure; SameSite=Lax
1 < Set-Cookie: token=eyJhbGciOiJIUzI1NiIsInR5cCI6IkpXVCJ9.eyJJRF9Vc3VhcmlvIjoiMSIsIk5vbWJyZV9Vc3VhcmlvIjoiZGlyZWN0b3IuYXN1bmNpb244IiwiUkRQMDJfSU5TVEFOQ0UiOiJSRFAwMl9JTlMxIiwiUkRQMDNfSU5TVEFOQ0UiOiJSRFAwM19JTlMyIiwiUm9sIjoiRCIsImlhdCI6MTc1MTk1NzgyMCwiZXhwIjoxNzUxOTc1ODIwfQ.xGigI9GlSQFa2eRYcpMh3BLS_hK_kX-35QKNK13KoX4; Max-Age=18000; Path=/; HttpOnly; Secure; SameSite=Lax
1 < Set-Cookie: Genero=F; Max-Age=18000; Path=/; HttpOnly; Secure; SameSite=Lax
1 < Set-Cookie: Google_Drive_Foto_ID=1pMkv-ba_T2mBKxjp_zBTZtgWEjwxPxdu; Max-Age=18000; Path=/; HttpOnly; Secure; SameSite=Lax
1 < Strict-Transport-Security: max-age=63072000; includeSubDomains; preload
1 < Vary: RSC, Next-Router-State-Tree, Next-Router-Prefetch, Next-Router-Segment-Prefetch
1 < X-Matched-Path: /api/auth/login
1 < X-Vercel-Cache: MISS
1 < X-Vercel-Id: gru1::iad1::cmdlq-1751957820974-8484da50c3db


01:57:10.610 [pool-2-thread-4] DEBUG com.intuit.karate - request:
1 > POST https://siasis-dev.vercel.app/api/asistencia-hoy/marcar
1 > Cookie: Apellidos=Cullanco%20Espilco; Google_Drive_Foto_ID=1pMkv-ba_T2mBKxjp_zBTZtgWEjwxPxdu; Nombres=Elena%20Serafina; Genero=F; Rol=D; token=eyJhbGciOiJIUzI1NiIsInR5cCI6IkpXVCJ9.eyJJRF9Vc3VhcmlvIjoiMSIsIk5vbWJyZV9Vc3VhcmlvIjoiZGlyZWN0b3IuYXN1bmNpb244IiwiUkRQMDJfSU5TVEFOQ0UiOiJSRFAwMl9JTlMxIiwiUkRQMDNfSU5TVEFOQ0UiOiJSRFAwM19JTlMyIiwiUm9sIjoiRCIsImlhdCI6MTc1MTk1NzgyMCwiZXhwIjoxNzUxOTc1ODIwfQ.xGigI9GlSQFa2eRYcpMh3BLS_hK_kX-35QKNK13KoX4
1 > Content-Type: application/json; charset=UTF-8
1 > Content-Length: 133
1 > Host: siasis-dev.vercel.app
1 > Connection: Keep-Alive
1 > User-Agent: Apache-HttpClient/4.5.14 (Java/17.0.12)
1 > Accept-Encoding: gzip,deflate
{
  "ID_o_DNI": "15371028",
  "TipoAsistencia": "personal",
  "Actor": "PS",
  "ModoRegistro": "E",
  "FechaHoraEsperadaISO": "2025-07-08T05:57:10.607Z"
}


01:57:10.828 [pool-2-thread-2] DEBUG com.intuit.karate - response time in milliseconds: 529
1 < 200
1 < Access-Control-Allow-Origin: *
1 < Cache-Control: public, max-age=0, must-revalidate
1 < Content-Length: 509
1 < Content-Type: application/json; charset=utf-8
1 < Date: Tue, 08 Jul 2025 06:57:01 GMT
1 < Etag: W/"1fd-xohCgEMwlbC85UNg7KUUFbnN1pA"
1 < Server: Vercel
1 < Strict-Transport-Security: max-age=63072000; includeSubDomains; preload
1 < X-Powered-By: Express
1 < X-Vercel-Cache: MISS
1 < X-Vercel-Id: gru1::iad1::kpjfh-1751957821098-1b6c7cebb7bb
{
  "success": true,
  "message": "Inicio de sesión exitoso",
  "data": {
    "Apellidos": "Cullanco Espilco",
    "Nombres": "Elena Serafina",
    "Rol": "D",
    "token": "eyJhbGciOiJIUzI1NiIsInR5cCI6IkpXVCJ9.eyJJRF9Vc3VhcmlvIjoiMSIsIk5vbWJyZV9Vc3VhcmlvIjoiZGlyZWN0b3IuYXN1bmNpb244IiwiUkRQMDJfSU5TVEFOQ0UiOiJSRFAwMl9JTlMyIiwiUkRQMDNfSU5TVEFOQ0UiOiJSRFAwM19JTlMyIiwiUm9sIjoiRCIsImlhdCI6MTc1MTk1NzgyMSwiZXhwIjoxNzUxOTc1ODIxfQ.PuCBpbqCtYFrxXcWmKEm2v_JrBmBidJ2AtPuSdOyJOc",
    "Google_Drive_Foto_ID": "1pMkv-ba_T2mBKxjp_zBTZtgWEjwxPxdu",
    "Genero": "F"
  }
}


01:57:10.828 [pool-2-thread-2] INFO  com.intuit.karate - [print] eyJhbGciOiJIUzI1NiIsInR5cCI6IkpXVCJ9.eyJJRF9Vc3VhcmlvIjoiMSIsIk5vbWJyZV9Vc3VhcmlvIjoiZGlyZWN0b3IuYXN1bmNpb244IiwiUkRQMDJfSU5TVEFOQ0UiOiJSRFAwMl9JTlMyIiwiUkRQMDNfSU5TVEFOQ0UiOiJSRFAwM19JTlMyIiwiUm9sIjoiRCIsImlhdCI6MTc1MTk1NzgyMSwiZXhwIjoxNzUxOTc1ODIxfQ.PuCBpbqCtYFrxXcWmKEm2v_JrBmBidJ2AtPuSdOyJOc 
01:57:10.828 [pool-2-thread-2] INFO  com.intuit.karate - [print] D 
01:57:10.830 [pool-2-thread-2] DEBUG com.intuit.karate - request:
1 > POST https://siasis-dev.vercel.app/api/auth/login
1 > Content-Type: application/json; charset=UTF-8
1 > Content-Length: 447
1 > Host: siasis-dev.vercel.app
1 > Connection: Keep-Alive
1 > User-Agent: Apache-HttpClient/4.5.14 (Java/17.0.12)
1 > Accept-Encoding: gzip,deflate
{
  "Nombres": "Elena Serafina",
  "Apellidos": "Cullanco Espilco",
  "token": "eyJhbGciOiJIUzI1NiIsInR5cCI6IkpXVCJ9.eyJJRF9Vc3VhcmlvIjoiMSIsIk5vbWJyZV9Vc3VhcmlvIjoiZGlyZWN0b3IuYXN1bmNpb244IiwiUkRQMDJfSU5TVEFOQ0UiOiJSRFAwMl9JTlMyIiwiUkRQMDNfSU5TVEFOQ0UiOiJSRFAwM19JTlMyIiwiUm9sIjoiRCIsImlhdCI6MTc1MTk1NzgyMSwiZXhwIjoxNzUxOTc1ODIxfQ.PuCBpbqCtYFrxXcWmKEm2v_JrBmBidJ2AtPuSdOyJOc",
  "Genero": "F",
  "Google_Drive_Foto_ID": "1pMkv-ba_T2mBKxjp_zBTZtgWEjwxPxdu",
  "Rol": "D"
}


01:57:10.870 [pool-2-thread-1] DEBUG com.intuit.karate - response time in milliseconds: 407
1 < 201
1 < Cache-Control: public, max-age=0, must-revalidate
1 < Content-Length: 0
1 < Date: Tue, 08 Jul 2025 06:57:01 GMT
1 < Server: Vercel
1 < Set-Cookie: Nombres=Marisol%20Ceferina; Max-Age=18000; Path=/; HttpOnly; Secure; SameSite=Lax
1 < Set-Cookie: Apellidos=Godoy%20Villarubia; Max-Age=18000; Path=/; HttpOnly; Secure; SameSite=Lax
1 < Set-Cookie: Rol=PP; Max-Age=18000; Path=/; HttpOnly; Secure; SameSite=Lax
1 < Set-Cookie: token=eyJhbGciOiJIUzI1NiIsInR5cCI6IkpXVCJ9.eyJJRF9Vc3VhcmlvIjoiMTUzNzgzMTciLCJOb21icmVfVXN1YXJpbyI6Im1hcmlzb2xfZ29kb3lfMTUzNyIsIlJEUDAyX0lOU1RBTkNFIjoiUkRQMDJfSU5TMSIsIlJEUDAzX0lOU1RBTkNFIjoiUkRQMDNfSU5TMSIsIlJvbCI6IlBQIiwiaWF0IjoxNzUxOTU3ODIwLCJleHAiOjE3NTE5NzU4MjB9.9E4IEM9Dw8nKVCesnxvs0M4ZAYR5HlDQORxb6FoQc8I; Max-Age=18000; Path=/; HttpOnly; Secure; SameSite=Lax
1 < Set-Cookie: Genero=F; Max-Age=18000; Path=/; HttpOnly; Secure; SameSite=Lax
1 < Set-Cookie: Google_Drive_Foto_ID=1p8FC3py693IjnMTa4uINq5lVSb9P3LBc; Max-Age=18000; Path=/; HttpOnly; Secure; SameSite=Lax
1 < Strict-Transport-Security: max-age=63072000; includeSubDomains; preload
1 < Vary: RSC, Next-Router-State-Tree, Next-Router-Prefetch, Next-Router-Segment-Prefetch
1 < X-Matched-Path: /api/auth/login
1 < X-Vercel-Cache: MISS
1 < X-Vercel-Id: gru1::iad1::bsmv9-1751957821264-ba96ceafafd5


01:57:10.878 [pool-2-thread-1] DEBUG com.intuit.karate - request:
1 > POST https://siasis-dev.vercel.app/api/asistencia-hoy/marcar
1 > Cookie: Apellidos=Godoy%20Villarubia; Google_Drive_Foto_ID=1p8FC3py693IjnMTa4uINq5lVSb9P3LBc; Nombres=Marisol%20Ceferina; Genero=F; Rol=PP; token=eyJhbGciOiJIUzI1NiIsInR5cCI6IkpXVCJ9.eyJJRF9Vc3VhcmlvIjoiMTUzNzgzMTciLCJOb21icmVfVXN1YXJpbyI6Im1hcmlzb2xfZ29kb3lfMTUzNyIsIlJEUDAyX0lOU1RBTkNFIjoiUkRQMDJfSU5TMSIsIlJEUDAzX0lOU1RBTkNFIjoiUkRQMDNfSU5TMSIsIlJvbCI6IlBQIiwiaWF0IjoxNzUxOTU3ODIwLCJleHAiOjE3NTE5NzU4MjB9.9E4IEM9Dw8nKVCesnxvs0M4ZAYR5HlDQORxb6FoQc8I
1 > Content-Type: application/json; charset=UTF-8
1 > Content-Length: 181
1 > Host: siasis-dev.vercel.app
1 > Connection: Keep-Alive
1 > User-Agent: Apache-HttpClient/4.5.14 (Java/17.0.12)
1 > Accept-Encoding: gzip,deflate
{
  "ID_o_DNI": "15357278",
  "TipoAsistencia": "primaria",
  "Actor": "E",
  "ModoRegistro": "E",
  "FechaHoraEsperadaISO": "2025-07-08T05:57:10.871Z",
  "NivelDelEstudiante": "P",
  "Grado": 1,
  "Seccion": "A"
}


01:57:10.951 [pool-2-thread-5] DEBUG com.intuit.karate - response time in milliseconds: 588
1 < 200
1 < Cache-Control: public, max-age=0, must-revalidate
1 < Content-Type: application/json
1 < Date: Tue, 08 Jul 2025 06:57:01 GMT
1 < Server: Vercel
1 < Strict-Transport-Security: max-age=63072000; includeSubDomains; preload
1 < Vary: RSC, Next-Router-State-Tree, Next-Router-Prefetch, Next-Router-Segment-Prefetch
1 < X-Matched-Path: /api/asistencia-hoy/marcar
1 < X-Vercel-Cache: MISS
1 < X-Vercel-Id: gru1::iad1::6p887-1751957821156-ac45604fac2a
1 < Transfer-Encoding: chunked
{
  "success": true,
  "message": "La asistencia ya había sido registrada anteriormente",
  "data": {
    "timestamp": 1751957821279,
    "desfaseSegundos": 3590,
    "esNuevoRegistro": false,
    "esRegistroPropio": false,
    "actorRegistrado": "PS",
    "tipoAsistencia": "personal"
  }
}


01:57:10.955 [pool-2-thread-3] DEBUG com.intuit.karate - response time in milliseconds: 413
1 < 201
1 < Cache-Control: public, max-age=0, must-revalidate
1 < Content-Length: 0
1 < Date: Tue, 08 Jul 2025 06:57:01 GMT
1 < Server: Vercel
1 < Set-Cookie: Nombres=Brigida; Max-Age=18000; Path=/; HttpOnly; Secure; SameSite=Lax
1 < Set-Cookie: Apellidos=Gonzales%20Morales; Max-Age=18000; Path=/; HttpOnly; Secure; SameSite=Lax
1 < Set-Cookie: Rol=A; Max-Age=18000; Path=/; HttpOnly; Secure; SameSite=Lax
1 < Set-Cookie: token=eyJhbGciOiJIUzI1NiIsInR5cCI6IkpXVCJ9.eyJJRF9Vc3VhcmlvIjoiMTUzNTcyNzgiLCJSRFAwMl9JTlNUQU5DRSI6IlJEUDAyX0lOUzEiLCJSRFAwM19JTlNUQU5DRSI6IlJEUDAzX0lOUzEiLCJOb21icmVfVXN1YXJpbyI6ImJyaWdpZGFfZ29uemFsZXNfMTUzNSIsIlJvbCI6IkEiLCJpYXQiOjE3NTE5NTc4MjEsImV4cCI6MTc1MTk3NTgyMX0.FSZYVPE2HVfaLO8oFUofD-vmSzECk6vBQqQQHKaTPHM; Max-Age=18000; Path=/; HttpOnly; Secure; SameSite=Lax
1 < Set-Cookie: Genero=F; Max-Age=18000; Path=/; HttpOnly; Secure; SameSite=Lax
1 < Set-Cookie: Google_Drive_Foto_ID=12CrZ2Z8qd2FGzo0UeOURh3turASgkZ-8; Max-Age=18000; Path=/; HttpOnly; Secure; SameSite=Lax
1 < Strict-Transport-Security: max-age=63072000; includeSubDomains; preload
1 < Vary: RSC, Next-Router-State-Tree, Next-Router-Prefetch, Next-Router-Segment-Prefetch
1 < X-Matched-Path: /api/auth/login
1 < X-Vercel-Cache: MISS
1 < X-Vercel-Id: gru1::iad1::hxpww-1751957821342-f3b81bc0b738


01:57:10.955 [pool-2-thread-5] DEBUG c.intuit.karate.core.ScenarioEngine - over-writing existing variable 'loginFeature' with new value: 'classpath:resources/features/login/ProfesorPrimaria.feature'
01:57:10.959 [pool-2-thread-3] DEBUG com.intuit.karate - request:
1 > POST https://siasis-dev.vercel.app/api/asistencia-hoy/marcar
1 > Cookie: Apellidos=Gonzales%20Morales; Google_Drive_Foto_ID=12CrZ2Z8qd2FGzo0UeOURh3turASgkZ-8; Nombres=Brigida; Genero=F; Rol=A; token=eyJhbGciOiJIUzI1NiIsInR5cCI6IkpXVCJ9.eyJJRF9Vc3VhcmlvIjoiMTUzNTcyNzgiLCJSRFAwMl9JTlNUQU5DRSI6IlJEUDAyX0lOUzEiLCJSRFAwM19JTlNUQU5DRSI6IlJEUDAzX0lOUzEiLCJOb21icmVfVXN1YXJpbyI6ImJyaWdpZGFfZ29uemFsZXNfMTUzNSIsIlJvbCI6IkEiLCJpYXQiOjE3NTE5NTc4MjEsImV4cCI6MTc1MTk3NTgyMX0.FSZYVPE2HVfaLO8oFUofD-vmSzECk6vBQqQQHKaTPHM
1 > Content-Type: application/json; charset=UTF-8
1 > Content-Length: 183
1 > Host: siasis-dev.vercel.app
1 > Connection: Keep-Alive
1 > User-Agent: Apache-HttpClient/4.5.14 (Java/17.0.12)
1 > Accept-Encoding: gzip,deflate
{
  "ID_o_DNI": "11234534",
  "TipoAsistencia": "secundaria",
  "Actor": "E",
  "ModoRegistro": "E",
  "FechaHoraEsperadaISO": "2025-07-08T05:57:10.956Z",
  "NivelDelEstudiante": "S",
  "Grado": 1,
  "Seccion": "A"
}


01:57:10.959 [pool-2-thread-5] DEBUG c.intuit.karate.core.ScenarioEngine - over-writing existing variable 'loginResponse' with new value: call read(loginFeature)
01:57:10.968 [pool-2-thread-5] DEBUG com.intuit.karate - request:
1 > POST https://api01-siasis-dev.vercel.app/api/login/profesor-primaria
1 > Cookie: Apellidos=Apolinario%20Quispe; Google_Drive_Foto_ID=1zGZuWnkBA59hSHlTgGVXrduC8eBgrKi1; Nombres=David%20Julian; Genero=M; Rol=PS; token=eyJhbGciOiJIUzI1NiIsInR5cCI6IkpXVCJ9.eyJJRF9Vc3VhcmlvIjoiMTUzNzEwMjgiLCJOb21icmVfVXN1YXJpbyI6ImRhdmlkX2Fwb2xpbmFyaW9fMTUzNyIsIlJEUDAyX0lOU1RBTkNFIjoiUkRQMDJfSU5TMyIsIlJEUDAzX0lOU1RBTkNFIjoiUkRQMDNfSU5TMiIsIlJvbCI6IlBTIiwiaWF0IjoxNzUxOTU3ODIwLCJleHAiOjE3NTE5NzU4MjB9.JThdYkpSrkSYaLvne_t0gacMWPshg41KBe1cOCjyYT8
1 > Content-Type: application/json; charset=UTF-8
1 > Content-Length: 64
1 > Host: api01-siasis-dev.vercel.app
1 > Connection: Keep-Alive
1 > User-Agent: Apache-HttpClient/4.5.14 (Java/17.0.12)
1 > Accept-Encoding: gzip,deflate
{
  "Nombre_Usuario": "marisol_godoy_1537",
  "Contraseña": "15378317"
}


01:57:11.198 [pool-2-thread-4] DEBUG com.intuit.karate - response time in milliseconds: 588
1 < 200
1 < Cache-Control: public, max-age=0, must-revalidate
1 < Content-Type: application/json
1 < Date: Tue, 08 Jul 2025 06:57:01 GMT
1 < Server: Vercel
1 < Strict-Transport-Security: max-age=63072000; includeSubDomains; preload
1 < Vary: RSC, Next-Router-State-Tree, Next-Router-Prefetch, Next-Router-Segment-Prefetch
1 < X-Matched-Path: /api/asistencia-hoy/marcar
1 < X-Vercel-Cache: MISS
1 < X-Vercel-Id: gru1::iad1::cmdlq-1751957821414-6d06516427fc
1 < Transfer-Encoding: chunked
{
  "success": true,
  "message": "La asistencia ya había sido registrada anteriormente",
  "data": {
    "timestamp": 1751957821526,
    "desfaseSegundos": 3590,
    "esNuevoRegistro": false,
    "esRegistroPropio": false,
    "actorRegistrado": "PS",
    "tipoAsistencia": "personal"
  }
}


01:57:11.212 [pool-2-thread-4] DEBUG com.intuit.karate - request:
1 > POST https://api01-siasis-dev.vercel.app/api/login/profesor-tutor-secundaria
1 > Content-Type: application/json; charset=UTF-8
1 > Content-Length: 67
1 > Host: api01-siasis-dev.vercel.app
1 > Connection: Keep-Alive
1 > User-Agent: Apache-HttpClient/4.5.14 (Java/17.0.12)
1 > Accept-Encoding: gzip,deflate
{
  "Nombre_Usuario": "david_apolinario_1537",
  "Contraseña": "15371028"
}


01:57:11.238 [pool-2-thread-2] DEBUG com.intuit.karate - response time in milliseconds: 408
1 < 201
1 < Cache-Control: public, max-age=0, must-revalidate
1 < Content-Length: 0
1 < Date: Tue, 08 Jul 2025 06:57:01 GMT
1 < Server: Vercel
1 < Set-Cookie: Nombres=Elena%20Serafina; Max-Age=18000; Path=/; HttpOnly; Secure; SameSite=Lax
1 < Set-Cookie: Apellidos=Cullanco%20Espilco; Max-Age=18000; Path=/; HttpOnly; Secure; SameSite=Lax
1 < Set-Cookie: Rol=D; Max-Age=18000; Path=/; HttpOnly; Secure; SameSite=Lax
1 < Set-Cookie: token=eyJhbGciOiJIUzI1NiIsInR5cCI6IkpXVCJ9.eyJJRF9Vc3VhcmlvIjoiMSIsIk5vbWJyZV9Vc3VhcmlvIjoiZGlyZWN0b3IuYXN1bmNpb244IiwiUkRQMDJfSU5TVEFOQ0UiOiJSRFAwMl9JTlMyIiwiUkRQMDNfSU5TVEFOQ0UiOiJSRFAwM19JTlMyIiwiUm9sIjoiRCIsImlhdCI6MTc1MTk1NzgyMSwiZXhwIjoxNzUxOTc1ODIxfQ.PuCBpbqCtYFrxXcWmKEm2v_JrBmBidJ2AtPuSdOyJOc; Max-Age=18000; Path=/; HttpOnly; Secure; SameSite=Lax
1 < Set-Cookie: Genero=F; Max-Age=18000; Path=/; HttpOnly; Secure; SameSite=Lax
1 < Set-Cookie: Google_Drive_Foto_ID=1pMkv-ba_T2mBKxjp_zBTZtgWEjwxPxdu; Max-Age=18000; Path=/; HttpOnly; Secure; SameSite=Lax
1 < Strict-Transport-Security: max-age=63072000; includeSubDomains; preload
1 < Vary: RSC, Next-Router-State-Tree, Next-Router-Prefetch, Next-Router-Segment-Prefetch
1 < X-Matched-Path: /api/auth/login
1 < X-Vercel-Cache: MISS
1 < X-Vercel-Id: gru1::iad1::lw4h4-1751957821625-96699275c7cd


01:57:11.248 [pool-2-thread-2] DEBUG com.intuit.karate - request:
1 > GET https://siasis-dev.vercel.app/api/datos-asistencia-hoy
1 > Cookie: Apellidos=Cullanco%20Espilco; Google_Drive_Foto_ID=1pMkv-ba_T2mBKxjp_zBTZtgWEjwxPxdu; Nombres=Elena%20Serafina; Genero=F; Rol=D; token=eyJhbGciOiJIUzI1NiIsInR5cCI6IkpXVCJ9.eyJJRF9Vc3VhcmlvIjoiMSIsIk5vbWJyZV9Vc3VhcmlvIjoiZGlyZWN0b3IuYXN1bmNpb244IiwiUkRQMDJfSU5TVEFOQ0UiOiJSRFAwMl9JTlMyIiwiUkRQMDNfSU5TVEFOQ0UiOiJSRFAwM19JTlMyIiwiUm9sIjoiRCIsImlhdCI6MTc1MTk1NzgyMSwiZXhwIjoxNzUxOTc1ODIxfQ.PuCBpbqCtYFrxXcWmKEm2v_JrBmBidJ2AtPuSdOyJOc
1 > Host: siasis-dev.vercel.app
1 > Connection: Keep-Alive
1 > User-Agent: Apache-HttpClient/4.5.14 (Java/17.0.12)
1 > Accept-Encoding: gzip,deflate


01:57:11.470 [pool-2-thread-1] DEBUG com.intuit.karate - response time in milliseconds: 590
1 < 200
1 < Cache-Control: public, max-age=0, must-revalidate
1 < Content-Type: application/json
1 < Date: Tue, 08 Jul 2025 06:57:01 GMT
1 < Server: Vercel
1 < Strict-Transport-Security: max-age=63072000; includeSubDomains; preload
1 < Vary: RSC, Next-Router-State-Tree, Next-Router-Prefetch, Next-Router-Segment-Prefetch
1 < X-Matched-Path: /api/asistencia-hoy/marcar
1 < X-Vercel-Cache: MISS
1 < X-Vercel-Id: gru1::iad1::cq8gr-1751957821678-acc620085a19
1 < Transfer-Encoding: chunked
{
  "success": true,
  "message": "La asistencia ya había sido registrada anteriormente",
  "data": {
    "timestamp": 1751957821799,
    "desfaseSegundos": 3590,
    "esNuevoRegistro": false,
    "esRegistroPropio": false,
    "actorRegistrado": "E",
    "tipoAsistencia": "primaria"
  }
}


01:57:11.484 [pool-2-thread-1] DEBUG com.intuit.karate - request:
1 > POST https://api01-siasis-dev.vercel.app/api/login/profesor-tutor-secundaria
1 > Content-Type: application/json; charset=UTF-8
1 > Content-Length: 65
1 > Host: api01-siasis-dev.vercel.app
1 > Connection: Keep-Alive
1 > User-Agent: Apache-HttpClient/4.5.14 (Java/17.0.12)
1 > Accept-Encoding: gzip,deflate
{
  "Nombre_Usuario": "daniel_sanchez_1542",
  "Contraseña": "15420745"
}


01:57:11.498 [pool-2-thread-5] DEBUG com.intuit.karate - response time in milliseconds: 530
1 < 200
1 < Access-Control-Allow-Origin: *
1 < Cache-Control: public, max-age=0, must-revalidate
1 < Content-Length: 522
1 < Content-Type: application/json; charset=utf-8
1 < Date: Tue, 08 Jul 2025 06:57:01 GMT
1 < Etag: W/"20a-15txmQO8ue6kuh8sunRT5H6h+xk"
1 < Server: Vercel
1 < Strict-Transport-Security: max-age=63072000; includeSubDomains; preload
1 < X-Powered-By: Express
1 < X-Vercel-Cache: MISS
1 < X-Vercel-Id: gru1::iad1::bsmv9-1751957821765-c3526ffbe70f
{
  "success": true,
  "message": "Inicio de sesión exitoso",
  "data": {
    "Apellidos": "Godoy Villarubia",
    "Nombres": "Marisol Ceferina",
    "Rol": "PP",
    "token": "eyJhbGciOiJIUzI1NiIsInR5cCI6IkpXVCJ9.eyJJRF9Vc3VhcmlvIjoiMTUzNzgzMTciLCJOb21icmVfVXN1YXJpbyI6Im1hcmlzb2xfZ29kb3lfMTUzNyIsIlJEUDAyX0lOU1RBTkNFIjoiUkRQMDJfSU5TMiIsIlJEUDAzX0lOU1RBTkNFIjoiUkRQMDNfSU5TNCIsIlJvbCI6IlBQIiwiaWF0IjoxNzUxOTU3ODIxLCJleHAiOjE3NTE5NzU4MjF9.W_mbazwK15y7IG9--E3Qf2_8rrYB1yaq8dmE0Wdz-ws",
    "Google_Drive_Foto_ID": "1p8FC3py693IjnMTa4uINq5lVSb9P3LBc",
    "Genero": "F"
  }
}


01:57:11.500 [pool-2-thread-5] INFO  com.intuit.karate - [print] eyJhbGciOiJIUzI1NiIsInR5cCI6IkpXVCJ9.eyJJRF9Vc3VhcmlvIjoiMTUzNzgzMTciLCJOb21icmVfVXN1YXJpbyI6Im1hcmlzb2xfZ29kb3lfMTUzNyIsIlJEUDAyX0lOU1RBTkNFIjoiUkRQMDJfSU5TMiIsIlJEUDAzX0lOU1RBTkNFIjoiUkRQMDNfSU5TNCIsIlJvbCI6IlBQIiwiaWF0IjoxNzUxOTU3ODIxLCJleHAiOjE3NTE5NzU4MjF9.W_mbazwK15y7IG9--E3Qf2_8rrYB1yaq8dmE0Wdz-ws 
01:57:11.500 [pool-2-thread-5] INFO  com.intuit.karate - [print] PP 
01:57:11.502 [pool-2-thread-5] DEBUG com.intuit.karate - request:
1 > POST https://siasis-dev.vercel.app/api/auth/login
1 > Cookie: Apellidos=Apolinario%20Quispe; Google_Drive_Foto_ID=1zGZuWnkBA59hSHlTgGVXrduC8eBgrKi1; Nombres=David%20Julian; Genero=M; Rol=PS; token=eyJhbGciOiJIUzI1NiIsInR5cCI6IkpXVCJ9.eyJJRF9Vc3VhcmlvIjoiMTUzNzEwMjgiLCJOb21icmVfVXN1YXJpbyI6ImRhdmlkX2Fwb2xpbmFyaW9fMTUzNyIsIlJEUDAyX0lOU1RBTkNFIjoiUkRQMDJfSU5TMyIsIlJEUDAzX0lOU1RBTkNFIjoiUkRQMDNfSU5TMiIsIlJvbCI6IlBTIiwiaWF0IjoxNzUxOTU3ODIwLCJleHAiOjE3NTE5NzU4MjB9.JThdYkpSrkSYaLvne_t0gacMWPshg41KBe1cOCjyYT8
1 > Content-Type: application/json; charset=UTF-8
1 > Content-Length: 460
1 > Host: siasis-dev.vercel.app
1 > Connection: Keep-Alive
1 > User-Agent: Apache-HttpClient/4.5.14 (Java/17.0.12)
1 > Accept-Encoding: gzip,deflate
{
  "Nombres": "Marisol Ceferina",
  "Apellidos": "Godoy Villarubia",
  "token": "eyJhbGciOiJIUzI1NiIsInR5cCI6IkpXVCJ9.eyJJRF9Vc3VhcmlvIjoiMTUzNzgzMTciLCJOb21icmVfVXN1YXJpbyI6Im1hcmlzb2xfZ29kb3lfMTUzNyIsIlJEUDAyX0lOU1RBTkNFIjoiUkRQMDJfSU5TMiIsIlJEUDAzX0lOU1RBTkNFIjoiUkRQMDNfSU5TNCIsIlJvbCI6IlBQIiwiaWF0IjoxNzUxOTU3ODIxLCJleHAiOjE3NTE5NzU4MjF9.W_mbazwK15y7IG9--E3Qf2_8rrYB1yaq8dmE0Wdz-ws",
  "Genero": "F",
  "Google_Drive_Foto_ID": "1p8FC3py693IjnMTa4uINq5lVSb9P3LBc",
  "Rol": "PP"
}


01:57:11.558 [pool-2-thread-3] DEBUG com.intuit.karate - response time in milliseconds: 599
1 < 200
1 < Cache-Control: public, max-age=0, must-revalidate
1 < Content-Type: application/json
1 < Date: Tue, 08 Jul 2025 06:57:02 GMT
1 < Server: Vercel
1 < Strict-Transport-Security: max-age=63072000; includeSubDomains; preload
1 < Vary: RSC, Next-Router-State-Tree, Next-Router-Prefetch, Next-Router-Segment-Prefetch
1 < X-Matched-Path: /api/asistencia-hoy/marcar
1 < X-Vercel-Cache: MISS
1 < X-Vercel-Id: gru1::iad1::cq8gr-1751957821761-de0d95990cec
1 < Transfer-Encoding: chunked
{
  "success": true,
  "message": "La asistencia ya había sido registrada anteriormente",
  "data": {
    "timestamp": 1751957821866,
    "desfaseSegundos": 3590,
    "esNuevoRegistro": false,
    "esRegistroPropio": false,
    "actorRegistrado": "E",
    "tipoAsistencia": "secundaria"
  }
}


01:57:11.580 [pool-2-thread-3] DEBUG com.intuit.karate - request:
1 > POST https://api01-siasis-dev.vercel.app/api/login/profesor-primaria
1 > Content-Type: application/json; charset=UTF-8
1 > Content-Length: 64
1 > Host: api01-siasis-dev.vercel.app
1 > Connection: Keep-Alive
1 > User-Agent: Apache-HttpClient/4.5.14 (Java/17.0.12)
1 > Accept-Encoding: gzip,deflate
{
  "Nombre_Usuario": "marisol_godoy_1537",
  "Contraseña": "15378317"
}


01:57:11.694 [pool-2-thread-2] DEBUG com.intuit.karate - response time in milliseconds: 445
1 < 200
1 < Age: 0
1 < Cache-Control: public, max-age=0, must-revalidate
1 < Content-Type: application/json
1 < Date: Tue, 08 Jul 2025 06:57:02 GMT
1 < Server: Vercel
1 < Strict-Transport-Security: max-age=63072000; includeSubDomains; preload
1 < Vary: RSC, Next-Router-State-Tree, Next-Router-Prefetch, Next-Router-Segment-Prefetch
1 < X-Matched-Path: /api/datos-asistencia-hoy
1 < X-Vercel-Cache: MISS
1 < X-Vercel-Id: gru1::iad1::bsmv9-1751957822050-0e18db55bcb7
1 < Transfer-Encoding: chunked
{
  "DiaEvento": false,
  "FechaUTC": "2025-07-07T09:30:38.358Z",
  "FechaLocalPeru": "2025-07-07T04:30:38.358Z",
  "FueraAñoEscolar": false,
  "Semana_De_Gestion": false,
  "Vacaciones_Interescolares": [
    {
      "Id_Vacacion_Interescolar": 1,
      "Fecha_Inicio": "2025-05-19T00:00:00.000Z",
      "Fecha_Conclusion": "2025-05-23T00:00:00.000Z"
    },
    {
      "Id_Vacacion_Interescolar": 2,
      "Fecha_Inicio": "2025-07-28T00:00:00.000Z",
      "Fecha_Conclusion": "2025-08-08T00:00:00.000Z"
    },
    {
      "Id_Vacacion_Interescolar": 3,
      "Fecha_Inicio": "2025-10-13T00:00:00.000Z",
      "Fecha_Conclusion": "2025-10-17T00:00:00.000Z"
    }
  ],
  "ComunicadosParaMostrarHoy": [
  ],
  "ListaDePersonalesAdministrativos": [
    {
      "DNI_Personal_Administrativo": "40348795",
      "Genero": "M",
      "Nombres": "Jorge Teodardo",
      "Apellidos": "Vivas Vilca",
      "Cargo": "Personal de Limpieza",
      "Google_Drive_Foto_ID": null,
      "Hora_Entrada_Dia_Actual": "2025-07-07T08:00:00.000Z",
      "Hora_Salida_Dia_Actual": "2025-07-07T16:00:00.000Z"
    },
    {
      "DNI_Personal_Administrativo": "15403469",
      "Genero": "F",
      "Nombres": "Carmen",
      "Apellidos": "Cueto Peves",
      "Cargo": "Personal de Limpieza",
      "Google_Drive_Foto_ID": null,
      "Hora_Entrada_Dia_Actual": "2025-07-07T08:00:00.000Z",
      "Hora_Salida_Dia_Actual": "2025-07-07T16:00:00.000Z"
    },
    {
      "DNI_Personal_Administrativo": "44797870",
      "Genero": "F",
      "Nombres": "Jackelin Melissa",
      "Apellidos": "Sairitupac Quispe",
      "Cargo": "Profesora ExpresArte",
      "Google_Drive_Foto_ID": null,
      "Hora_Entrada_Dia_Actual": "2025-07-07T14:00:00.000Z",
      "Hora_Salida_Dia_Actual": "2025-07-07T17:45:00.000Z"
    },
    {
      "DNI_Personal_Administrativo": "40251254",
      "Genero": "F",
      "Nombres": "Yolanda",
      "Apellidos": "Bernardo Caramendi",
      "Cargo": "Profesora de Inicial",
      "Google_Drive_Foto_ID": null,
      "Hora_Entrada_Dia_Actual": "2025-07-07T08:00:00.000Z",
      "Hora_Salida_Dia_Actual": "2025-07-07T13:00:00.000Z"
    },
    {
      "DNI_Personal_Administrativo": "41809910",
      "Genero": "M",
      "Nombres": "Jose",
      "Apellidos": "Centeno Diaz",
      "Cargo": "Personal de Limpieza",
      "Google_Drive_Foto_ID": "1sU6Vjh0xUDJ3oT2Za_t41Q1QqUte2bHy",
      "Hora_Entrada_Dia_Actual": "2025-07-07T08:00:00.000Z",
      "Hora_Salida_Dia_Actual": "2025-07-07T16:00:00.000Z"
    }
  ],
  "ListaDeDirectivos": [
    {
      "Id_Directivo": 2,
      "DNI": "15430192",
      "Genero": "F",
      "Nombres": "Maria Luisa",
      "Apellidos": "Martinez Quispe",
      "Google_Drive_Foto_ID": null,
      "Hora_Entrada_Dia_Actual": "2025-07-07T10:30:00.000Z",
      "Hora_Salida_Dia_Actual": "2025-07-07T18:30:00.000Z"
    },
    {
      "Id_Directivo": 1,
      "DNI": "15430124",
      "Genero": "F",
      "Nombres": "Elena Serafina",
      "Apellidos": "Cullanco Espilco",
      "Google_Drive_Foto_ID": "1pMkv-ba_T2mBKxjp_zBTZtgWEjwxPxdu",
      "Hora_Entrada_Dia_Actual": "2025-07-07T07:30:00.000Z",
      "Hora_Salida_Dia_Actual": "2025-07-07T15:30:00.000Z"
    }
  ],
  "ListaDeProfesoresPrimaria": [
    {
      "DNI_Profesor_Primaria": "41612389",
      "Genero": "M",
      "Nombres": "Walter Humberto",
      "Apellidos": "Zurita Mamani",
      "Google_Drive_Foto_ID": null
    },
    {
      "DNI_Profesor_Primaria": "15431326",
      "Genero": "F",
      "Nombres": "Carmen Dalina",
      "Apellidos": "Crisostomo Toribio",
      "Google_Drive_Foto_ID": null
    },
    {
      "DNI_Profesor_Primaria": "41632436",
      "Genero": "F",
      "Nombres": "Antonia Alejandrina",
      "Apellidos": "Carbonero Salazar",
      "Google_Drive_Foto_ID": null
    },
    {
      "DNI_Profesor_Primaria": "15378930",
      "Genero": "F",
      "Nombres": "Monica Agustina",
      "Apellidos": "Zavala Quiñonez",
      "Google_Drive_Foto_ID": null
    },
    {
      "DNI_Profesor_Primaria": "15346176",
      "Genero": "F",
      "Nombres": "Dora Elisa",
      "Apellidos": "Vargas Parvina",
      "Google_Drive_Foto_ID": null
    },
    {
      "DNI_Profesor_Primaria": "15371134",
      "Genero": "M",
      "Nombres": "Fidel Esmil",
      "Apellidos": "Luyo Sanchez",
      "Google_Drive_Foto_ID": null
    },
    {
      "DNI_Profesor_Primaria": "15379331",
      "Genero": "F",
      "Nombres": "Rubila Seberiana",
      "Apellidos": "Quispe Molleda",
      "Google_Drive_Foto_ID": null
    },
    {
      "DNI_Profesor_Primaria": "15418438",
      "Genero": "F",
      "Nombres": "Bety Anita",
      "Apellidos": "Galvan Castillo",
      "Google_Drive_Foto_ID": null
    },
    {
      "DNI_Profesor_Primaria": "15381971",
      "Genero": "F",
      "Nombres": "Gladys Aurelia",
      "Apellidos": "Abarca Rosales",
      "Google_Drive_Foto_ID": null
    },
    {
      "DNI_Profesor_Primaria": "15413781",
      "Genero": "F",
      "Nombres": "Margarita",
      "Apellidos": "Ocares Yaya",
      "Google_Drive_Foto_ID": null
    },
    {
      "DNI_Profesor_Primaria": "15378868",
      "Genero": "F",
      "Nombres": "Lurdes Elena",
      "Apellidos": "Vicente Rodriguez",
      "Google_Drive_Foto_ID": null
    },
    {
      "DNI_Profesor_Primaria": "15428132",
      "Genero": "M",
      "Nombres": "Richard David",
      "Apellidos": "Francia Laura",
      "Google_Drive_Foto_ID": null
    },
    {
      "DNI_Profesor_Primaria": "15374058",
      "Genero": "M",
      "Nombres": "Grimaldo",
      "Apellidos": "Lozano Lozano",
      "Google_Drive_Foto_ID": null
    },
    {
      "DNI_Profesor_Primaria": "40154206",
      "Genero": "F",
      "Nombres": "Zaida Cristina",
      "Apellidos": "Trejo Perez",
      "Google_Drive_Foto_ID": null
    },
    {
      "DNI_Profesor_Primaria": "15378317",
      "Genero": "F",
      "Nombres": "Marisol Ceferina",
      "Apellidos": "Godoy Villarubia",
      "Google_Drive_Foto_ID": "1p8FC3py693IjnMTa4uINq5lVSb9P3LBc"
    }
  ],
  "ListaDeProfesoresSecundaria": [
    {
      "DNI_Profesor_Secundaria": "43166950",
      "Nombres": "Carmen Rosa",
      "Apellidos": "Valenzuela Huamán",
      "Genero": "F",
      "Google_Drive_Foto_ID": null,
      "Hora_Entrada_Dia_Actual": "2025-07-07T13:00:00.000Z",
      "Hora_Salida_Dia_Actual": "2025-07-07T17:45:00.000Z"
    },
    {
      "DNI_Profesor_Secundaria": "40358441",
      "Nombres": "Enrique",
      "Apellidos": "Caceres Becerra",
      "Genero": "M",
      "Google_Drive_Foto_ID": null,
      "Hora_Entrada_Dia_Actual": "2025-07-07T14:30:00.000Z",
      "Hora_Salida_Dia_Actual": "2025-07-07T18:30:00.000Z"
    },
    {
      "DNI_Profesor_Secundaria": "15369977",
      "Nombres": "Cariel Fausto",
      "Apellidos": "Rodriguez Gutierrez",
      "Genero": "M",
      "Google_Drive_Foto_ID": null,
      "Hora_Entrada_Dia_Actual": "2025-07-07T13:00:00.000Z",
      "Hora_Salida_Dia_Actual": "2025-07-07T16:00:00.000Z"
    },
    {
      "DNI_Profesor_Secundaria": "40418786",
      "Nombres": "Maribel",
      "Apellidos": "Goycochea Huari",
      "Genero": "F",
      "Google_Drive_Foto_ID": null,
      "Hora_Entrada_Dia_Actual": "2025-07-07T13:00:00.000Z",
      "Hora_Salida_Dia_Actual": "2025-07-07T18:30:00.000Z"
    },
    {
      "DNI_Profesor_Secundaria": "15452973",
      "Nombres": "Carmen Rosa",
      "Apellidos": "Pariona Villaverde",
      "Genero": "F",
      "Google_Drive_Foto_ID": null,
      "Hora_Entrada_Dia_Actual": "2025-07-07T13:00:00.000Z",
      "Hora_Salida_Dia_Actual": "2025-07-07T18:30:00.000Z"
    },
    {
      "DNI_Profesor_Secundaria": "45425446",
      "Nombres": "Chuquispuma",
      "Apellidos": "Farizada Sandoval",
      "Genero": "M",
      "Google_Drive_Foto_ID": null,
      "Hora_Entrada_Dia_Actual": "2025-07-07T13:00:00.000Z",
      "Hora_Salida_Dia_Actual": "2025-07-07T18:30:00.000Z"
    },
    {
      "DNI_Profesor_Secundaria": "21524095",
      "Nombres": "Renee Sabina",
      "Apellidos": "Infancion Morales",
      "Genero": "M",
      "Google_Drive_Foto_ID": null,
      "Hora_Entrada_Dia_Actual": "2025-07-07T13:00:00.000Z",
      "Hora_Salida_Dia_Actual": "2025-07-07T18:30:00.000Z"
    },
    {
      "DNI_Profesor_Secundaria": "15371028",
      "Nombres": "David Julian",
      "Apellidos": "Apolinario Quispe",
      "Genero": "M",
      "Google_Drive_Foto_ID": "1Kvyn3lWOxzuURkPFBSGCPHmTshBUXAZg",
      "Hora_Entrada_Dia_Actual": "2025-07-07T13:00:00.000Z",
      "Hora_Salida_Dia_Actual": "2025-07-07T18:30:00.000Z"
    },
    {
      "DNI_Profesor_Secundaria": "15420745",
      "Nombres": "Daniel Enrique",
      "Apellidos": "Sanchez Gonzales",
      "Genero": "M",
      "Google_Drive_Foto_ID": "11vFEZVR5o-6mSwWCCy4L6tRuzVilr0i9",
      "Hora_Entrada_Dia_Actual": "2025-07-07T15:15:00.000Z",
      "Hora_Salida_Dia_Actual": "2025-07-07T18:30:00.000Z"
    },
    {
      "DNI_Profesor_Secundaria": "44526115",
      "Nombres": "Cynthia",
      "Apellidos": "Anicama Cruz",
      "Genero": "F",
      "Google_Drive_Foto_ID": null,
      "Hora_Entrada_Dia_Actual": "2025-07-07T14:30:00.000Z",
      "Hora_Salida_Dia_Actual": "2025-07-07T18:30:00.000Z"
    },
    {
      "DNI_Profesor_Secundaria": "45393010",
      "Nombres": "Alonso Fidel",
      "Apellidos": "Aburto Sanchez",
      "Genero": "M",
      "Google_Drive_Foto_ID": null,
      "Hora_Entrada_Dia_Actual": "2025-07-07T13:00:00.000Z",
      "Hora_Salida_Dia_Actual": "2025-07-07T15:15:00.000Z"
    },
    {
      "DNI_Profesor_Secundaria": "08909720",
      "Nombres": "Alejandrina",
      "Apellidos": "Mayta Chuquispuma",
      "Genero": "F",
      "Google_Drive_Foto_ID": null,
      "Hora_Entrada_Dia_Actual": "2025-07-07T14:30:00.000Z",
      "Hora_Salida_Dia_Actual": "2025-07-07T18:30:00.000Z"
    },
    {
      "DNI_Profesor_Secundaria": "41899196",
      "Nombres": "Roberto Ricardo",
      "Apellidos": "Grecco Carbonel",
      "Genero": "M",
      "Google_Drive_Foto_ID": null,
      "Hora_Entrada_Dia_Actual": "2025-07-07T13:00:00.000Z",
      "Hora_Salida_Dia_Actual": "2025-07-07T17:45:00.000Z"
    }
  ],
  "HorariosLaboraresGenerales": {
    "TomaAsistenciaRangoTotalPersonales": {
      "Inicio": "2025-07-07T06:30:00.000Z",
      "Fin": "2025-07-07T19:30:00.000Z"
    },
    "TomaAsistenciaProfesorPrimaria": {
      "Inicio": "2025-07-07T07:45:00.000Z",
      "Fin": "2025-07-07T12:45:00.000Z"
    },
    "TomaAsistenciaAuxiliares": {
      "Inicio": "2025-07-07T12:30:00.000Z",
      "Fin": "2025-07-07T18:30:00.000Z"
    }
  },
  "HorariosEscolares": {
    "P": {
      "Inicio": "2025-07-07T07:45:00.000Z",
      "Fin": "2025-07-07T12:45:00.000Z"
    },
    "S": {
      "Inicio": "2025-07-07T13:00:00.000Z",
      "Fin": "2025-07-07T18:30:00.000Z"
    }
  },
  "ListaDeAuxiliares": [
  ],
  "_debug": "Datos obtenidos desde fuente principal"
}


01:57:11.712 [pool-2-thread-2] DEBUG com.intuit.karate - request:
1 > POST https://api01-siasis-dev.vercel.app/api/login/personal-administrativo
1 > Content-Type: application/json; charset=UTF-8
1 > Content-Length: 63
1 > Host: api01-siasis-dev.vercel.app
1 > Connection: Keep-Alive
1 > User-Agent: Apache-HttpClient/4.5.14 (Java/17.0.12)
1 > Accept-Encoding: gzip,deflate
{
  "Nombre_Usuario": "jose_centeno_4180",
  "Contraseña": "41809910"
}


01:57:11.908 [pool-2-thread-4] DEBUG com.intuit.karate - response time in milliseconds: 696
1 < 200
1 < Access-Control-Allow-Origin: *
1 < Cache-Control: public, max-age=0, must-revalidate
1 < Content-Length: 523
1 < Content-Type: application/json; charset=utf-8
1 < Date: Tue, 08 Jul 2025 06:57:02 GMT
1 < Etag: W/"20b-hCesnIFi2v8VheA4S6bI1yWLTQw"
1 < Server: Vercel
1 < Strict-Transport-Security: max-age=63072000; includeSubDomains; preload
1 < X-Powered-By: Express
1 < X-Vercel-Cache: MISS
1 < X-Vercel-Id: gru1::iad1::lw4h4-1751957822050-3aa0caa151f8
{
  "success": true,
  "message": "Inicio de sesión exitoso",
  "data": {
    "Apellidos": "Apolinario Quispe",
    "Nombres": "David Julian",
    "Rol": "PS",
    "token": "eyJhbGciOiJIUzI1NiIsInR5cCI6IkpXVCJ9.eyJJRF9Vc3VhcmlvIjoiMTUzNzEwMjgiLCJOb21icmVfVXN1YXJpbyI6ImRhdmlkX2Fwb2xpbmFyaW9fMTUzNyIsIlJEUDAyX0lOU1RBTkNFIjoiUkRQMDJfSU5TMSIsIlJEUDAzX0lOU1RBTkNFIjoiUkRQMDNfSU5TMSIsIlJvbCI6IlBTIiwiaWF0IjoxNzUxOTU3ODIyLCJleHAiOjE3NTE5NzU4MjJ9.4BLQHiDKj4TjhfzOy2UNIqouuDj3KGHqCQs78uV77Pc",
    "Google_Drive_Foto_ID": "1Kvyn3lWOxzuURkPFBSGCPHmTshBUXAZg",
    "Genero": "M"
  }
}


01:57:11.911 [pool-2-thread-4] INFO  com.intuit.karate - [print] eyJhbGciOiJIUzI1NiIsInR5cCI6IkpXVCJ9.eyJJRF9Vc3VhcmlvIjoiMTUzNzEwMjgiLCJOb21icmVfVXN1YXJpbyI6ImRhdmlkX2Fwb2xpbmFyaW9fMTUzNyIsIlJEUDAyX0lOU1RBTkNFIjoiUkRQMDJfSU5TMSIsIlJEUDAzX0lOU1RBTkNFIjoiUkRQMDNfSU5TMSIsIlJvbCI6IlBTIiwiaWF0IjoxNzUxOTU3ODIyLCJleHAiOjE3NTE5NzU4MjJ9.4BLQHiDKj4TjhfzOy2UNIqouuDj3KGHqCQs78uV77Pc 
01:57:11.911 [pool-2-thread-4] INFO  com.intuit.karate - [print] PS 
01:57:11.911 [pool-2-thread-4] DEBUG com.intuit.karate - request:
1 > POST https://siasis-dev.vercel.app/api/auth/login
1 > Content-Type: application/json; charset=UTF-8
1 > Content-Length: 461
1 > Host: siasis-dev.vercel.app
1 > Connection: Keep-Alive
1 > User-Agent: Apache-HttpClient/4.5.14 (Java/17.0.12)
1 > Accept-Encoding: gzip,deflate
{
  "Nombres": "David Julian",
  "Apellidos": "Apolinario Quispe",
  "token": "eyJhbGciOiJIUzI1NiIsInR5cCI6IkpXVCJ9.eyJJRF9Vc3VhcmlvIjoiMTUzNzEwMjgiLCJOb21icmVfVXN1YXJpbyI6ImRhdmlkX2Fwb2xpbmFyaW9fMTUzNyIsIlJEUDAyX0lOU1RBTkNFIjoiUkRQMDJfSU5TMSIsIlJEUDAzX0lOU1RBTkNFIjoiUkRQMDNfSU5TMSIsIlJvbCI6IlBTIiwiaWF0IjoxNzUxOTU3ODIyLCJleHAiOjE3NTE5NzU4MjJ9.4BLQHiDKj4TjhfzOy2UNIqouuDj3KGHqCQs78uV77Pc",
  "Genero": "M",
  "Google_Drive_Foto_ID": "1Kvyn3lWOxzuURkPFBSGCPHmTshBUXAZg",
  "Rol": "PS"
}


01:57:11.927 [pool-2-thread-5] DEBUG com.intuit.karate - response time in milliseconds: 423
1 < 201
1 < Cache-Control: public, max-age=0, must-revalidate
1 < Content-Length: 0
1 < Date: Tue, 08 Jul 2025 06:57:02 GMT
1 < Server: Vercel
1 < Set-Cookie: Nombres=Marisol%20Ceferina; Max-Age=18000; Path=/; HttpOnly; Secure; SameSite=Lax
1 < Set-Cookie: Apellidos=Godoy%20Villarubia; Max-Age=18000; Path=/; HttpOnly; Secure; SameSite=Lax
1 < Set-Cookie: Rol=PP; Max-Age=18000; Path=/; HttpOnly; Secure; SameSite=Lax
1 < Set-Cookie: token=eyJhbGciOiJIUzI1NiIsInR5cCI6IkpXVCJ9.eyJJRF9Vc3VhcmlvIjoiMTUzNzgzMTciLCJOb21icmVfVXN1YXJpbyI6Im1hcmlzb2xfZ29kb3lfMTUzNyIsIlJEUDAyX0lOU1RBTkNFIjoiUkRQMDJfSU5TMiIsIlJEUDAzX0lOU1RBTkNFIjoiUkRQMDNfSU5TNCIsIlJvbCI6IlBQIiwiaWF0IjoxNzUxOTU3ODIxLCJleHAiOjE3NTE5NzU4MjF9.W_mbazwK15y7IG9--E3Qf2_8rrYB1yaq8dmE0Wdz-ws; Max-Age=18000; Path=/; HttpOnly; Secure; SameSite=Lax
1 < Set-Cookie: Genero=F; Max-Age=18000; Path=/; HttpOnly; Secure; SameSite=Lax
1 < Set-Cookie: Google_Drive_Foto_ID=1p8FC3py693IjnMTa4uINq5lVSb9P3LBc; Max-Age=18000; Path=/; HttpOnly; Secure; SameSite=Lax
1 < Strict-Transport-Security: max-age=63072000; includeSubDomains; preload
1 < Vary: RSC, Next-Router-State-Tree, Next-Router-Prefetch, Next-Router-Segment-Prefetch
1 < X-Matched-Path: /api/auth/login
1 < X-Vercel-Cache: MISS
1 < X-Vercel-Id: gru1::iad1::bsmv9-1751957822298-65a8a918e893


01:57:11.928 [pool-2-thread-5] DEBUG c.intuit.karate.core.ScenarioEngine - over-writing existing variable 'fechaHoraEsperadaISO' with new value: getAdjustedTime()
01:57:11.928 [pool-2-thread-5] DEBUG com.intuit.karate - request:
1 > POST https://siasis-dev.vercel.app/api/asistencia-hoy/marcar
1 > Cookie: Apellidos=Godoy%20Villarubia; Google_Drive_Foto_ID=1p8FC3py693IjnMTa4uINq5lVSb9P3LBc; Nombres=Marisol%20Ceferina; Genero=F; Rol=PP; token=eyJhbGciOiJIUzI1NiIsInR5cCI6IkpXVCJ9.eyJJRF9Vc3VhcmlvIjoiMTUzNzgzMTciLCJOb21icmVfVXN1YXJpbyI6Im1hcmlzb2xfZ29kb3lfMTUzNyIsIlJEUDAyX0lOU1RBTkNFIjoiUkRQMDJfSU5TMiIsIlJEUDAzX0lOU1RBTkNFIjoiUkRQMDNfSU5TNCIsIlJvbCI6IlBQIiwiaWF0IjoxNzUxOTU3ODIxLCJleHAiOjE3NTE5NzU4MjF9.W_mbazwK15y7IG9--E3Qf2_8rrYB1yaq8dmE0Wdz-ws
1 > Content-Type: application/json; charset=UTF-8
1 > Content-Length: 70
1 > Host: siasis-dev.vercel.app
1 > Connection: Keep-Alive
1 > User-Agent: Apache-HttpClient/4.5.14 (Java/17.0.12)
1 > Accept-Encoding: gzip,deflate
{
  "ModoRegistro": "E",
  "FechaHoraEsperadaISO": "2025-07-08T05:57:11.927Z"
}


01:57:12.148 [pool-2-thread-1] DEBUG com.intuit.karate - response time in milliseconds: 664
1 < 200
1 < Access-Control-Allow-Origin: *
1 < Cache-Control: public, max-age=0, must-revalidate
1 < Content-Length: 519
1 < Content-Type: application/json; charset=utf-8
1 < Date: Tue, 08 Jul 2025 06:57:02 GMT
1 < Etag: W/"207-wsYYuH7z9hzvdyO548gDuE67vw4"
1 < Server: Vercel
1 < Strict-Transport-Security: max-age=63072000; includeSubDomains; preload
1 < X-Powered-By: Express
1 < X-Vercel-Cache: MISS
1 < X-Vercel-Id: gru1::iad1::z422j-1751957822282-fd50c7bd530b
{
  "success": true,
  "message": "Inicio de sesión exitoso",
  "data": {
    "Apellidos": "Sanchez Gonzales",
    "Nombres": "Daniel Enrique",
    "Rol": "T",
    "token": "eyJhbGciOiJIUzI1NiIsInR5cCI6IkpXVCJ9.eyJJRF9Vc3VhcmlvIjoiMTU0MjA3NDUiLCJOb21icmVfVXN1YXJpbyI6ImRhbmllbF9zYW5jaGV6XzE1NDIiLCJSRFAwMl9JTlNUQU5DRSI6IlJEUDAyX0lOUzEiLCJSRFAwM19JTlNUQU5DRSI6IlJEUDAzX0lOUzUiLCJSb2wiOiJUIiwiaWF0IjoxNzUxOTU3ODIyLCJleHAiOjE3NTE5NzU4MjJ9.OWPWHJ748i-6GVpvMAmjxHs4E0mgb-aFBtnRObJA4e0",
    "Google_Drive_Foto_ID": "14aAaksU7TNE6kOiFsRt4m5y2LSvnat1b",
    "Genero": "M"
  }
}


01:57:12.148 [pool-2-thread-3] DEBUG com.intuit.karate - response time in milliseconds: 568
1 < 200
1 < Access-Control-Allow-Origin: *
1 < Cache-Control: public, max-age=0, must-revalidate
1 < Content-Length: 522
1 < Content-Type: application/json; charset=utf-8
1 < Date: Tue, 08 Jul 2025 06:57:02 GMT
1 < Etag: W/"20a-qTDY4QTEp5EauUADn44Ny8skaR8"
1 < Server: Vercel
1 < Strict-Transport-Security: max-age=63072000; includeSubDomains; preload
1 < X-Powered-By: Express
1 < X-Vercel-Cache: MISS
1 < X-Vercel-Id: gru1::iad1::kpjfh-1751957822381-f895ea3f36b5
{
  "success": true,
  "message": "Inicio de sesión exitoso",
  "data": {
    "Apellidos": "Godoy Villarubia",
    "Nombres": "Marisol Ceferina",
    "Rol": "PP",
    "token": "eyJhbGciOiJIUzI1NiIsInR5cCI6IkpXVCJ9.eyJJRF9Vc3VhcmlvIjoiMTUzNzgzMTciLCJOb21icmVfVXN1YXJpbyI6Im1hcmlzb2xfZ29kb3lfMTUzNyIsIlJEUDAyX0lOU1RBTkNFIjoiUkRQMDJfSU5TMiIsIlJEUDAzX0lOU1RBTkNFIjoiUkRQMDNfSU5TMiIsIlJvbCI6IlBQIiwiaWF0IjoxNzUxOTU3ODIyLCJleHAiOjE3NTE5NzU4MjJ9.p6NYhjk1iH6UxyhxQd3ovT3VgUiEOpk6RpAVmx6elJk",
    "Google_Drive_Foto_ID": "1p8FC3py693IjnMTa4uINq5lVSb9P3LBc",
    "Genero": "F"
  }
}


01:57:12.150 [pool-2-thread-1] INFO  com.intuit.karate - [print] eyJhbGciOiJIUzI1NiIsInR5cCI6IkpXVCJ9.eyJJRF9Vc3VhcmlvIjoiMTU0MjA3NDUiLCJOb21icmVfVXN1YXJpbyI6ImRhbmllbF9zYW5jaGV6XzE1NDIiLCJSRFAwMl9JTlNUQU5DRSI6IlJEUDAyX0lOUzEiLCJSRFAwM19JTlNUQU5DRSI6IlJEUDAzX0lOUzUiLCJSb2wiOiJUIiwiaWF0IjoxNzUxOTU3ODIyLCJleHAiOjE3NTE5NzU4MjJ9.OWPWHJ748i-6GVpvMAmjxHs4E0mgb-aFBtnRObJA4e0 
01:57:12.150 [pool-2-thread-3] INFO  com.intuit.karate - [print] eyJhbGciOiJIUzI1NiIsInR5cCI6IkpXVCJ9.eyJJRF9Vc3VhcmlvIjoiMTUzNzgzMTciLCJOb21icmVfVXN1YXJpbyI6Im1hcmlzb2xfZ29kb3lfMTUzNyIsIlJEUDAyX0lOU1RBTkNFIjoiUkRQMDJfSU5TMiIsIlJEUDAzX0lOU1RBTkNFIjoiUkRQMDNfSU5TMiIsIlJvbCI6IlBQIiwiaWF0IjoxNzUxOTU3ODIyLCJleHAiOjE3NTE5NzU4MjJ9.p6NYhjk1iH6UxyhxQd3ovT3VgUiEOpk6RpAVmx6elJk 
01:57:12.150 [pool-2-thread-1] INFO  com.intuit.karate - [print] T 
01:57:12.150 [pool-2-thread-3] INFO  com.intuit.karate - [print] PP 
01:57:12.152 [pool-2-thread-1] DEBUG com.intuit.karate - request:
1 > POST https://siasis-dev.vercel.app/api/auth/login
1 > Content-Type: application/json; charset=UTF-8
1 > Content-Length: 457
1 > Host: siasis-dev.vercel.app
1 > Connection: Keep-Alive
1 > User-Agent: Apache-HttpClient/4.5.14 (Java/17.0.12)
1 > Accept-Encoding: gzip,deflate
{
  "Nombres": "Daniel Enrique",
  "Apellidos": "Sanchez Gonzales",
  "token": "eyJhbGciOiJIUzI1NiIsInR5cCI6IkpXVCJ9.eyJJRF9Vc3VhcmlvIjoiMTU0MjA3NDUiLCJOb21icmVfVXN1YXJpbyI6ImRhbmllbF9zYW5jaGV6XzE1NDIiLCJSRFAwMl9JTlNUQU5DRSI6IlJEUDAyX0lOUzEiLCJSRFAwM19JTlNUQU5DRSI6IlJEUDAzX0lOUzUiLCJSb2wiOiJUIiwiaWF0IjoxNzUxOTU3ODIyLCJleHAiOjE3NTE5NzU4MjJ9.OWPWHJ748i-6GVpvMAmjxHs4E0mgb-aFBtnRObJA4e0",
  "Genero": "M",
  "Google_Drive_Foto_ID": "14aAaksU7TNE6kOiFsRt4m5y2LSvnat1b",
  "Rol": "T"
}


01:57:12.152 [pool-2-thread-3] DEBUG com.intuit.karate - request:
1 > POST https://siasis-dev.vercel.app/api/auth/login
1 > Content-Type: application/json; charset=UTF-8
1 > Content-Length: 460
1 > Host: siasis-dev.vercel.app
1 > Connection: Keep-Alive
1 > User-Agent: Apache-HttpClient/4.5.14 (Java/17.0.12)
1 > Accept-Encoding: gzip,deflate
{
  "Nombres": "Marisol Ceferina",
  "Apellidos": "Godoy Villarubia",
  "token": "eyJhbGciOiJIUzI1NiIsInR5cCI6IkpXVCJ9.eyJJRF9Vc3VhcmlvIjoiMTUzNzgzMTciLCJOb21icmVfVXN1YXJpbyI6Im1hcmlzb2xfZ29kb3lfMTUzNyIsIlJEUDAyX0lOU1RBTkNFIjoiUkRQMDJfSU5TMiIsIlJEUDAzX0lOU1RBTkNFIjoiUkRQMDNfSU5TMiIsIlJvbCI6IlBQIiwiaWF0IjoxNzUxOTU3ODIyLCJleHAiOjE3NTE5NzU4MjJ9.p6NYhjk1iH6UxyhxQd3ovT3VgUiEOpk6RpAVmx6elJk",
  "Genero": "F",
  "Google_Drive_Foto_ID": "1p8FC3py693IjnMTa4uINq5lVSb9P3LBc",
  "Rol": "PP"
}


01:57:12.388 [pool-2-thread-4] DEBUG com.intuit.karate - response time in milliseconds: 477
1 < 201
1 < Cache-Control: public, max-age=0, must-revalidate
1 < Content-Length: 0
1 < Date: Tue, 08 Jul 2025 06:57:02 GMT
1 < Server: Vercel
1 < Set-Cookie: Nombres=David%20Julian; Max-Age=18000; Path=/; HttpOnly; Secure; SameSite=Lax
1 < Set-Cookie: Apellidos=Apolinario%20Quispe; Max-Age=18000; Path=/; HttpOnly; Secure; SameSite=Lax
1 < Set-Cookie: Rol=PS; Max-Age=18000; Path=/; HttpOnly; Secure; SameSite=Lax
1 < Set-Cookie: token=eyJhbGciOiJIUzI1NiIsInR5cCI6IkpXVCJ9.eyJJRF9Vc3VhcmlvIjoiMTUzNzEwMjgiLCJOb21icmVfVXN1YXJpbyI6ImRhdmlkX2Fwb2xpbmFyaW9fMTUzNyIsIlJEUDAyX0lOU1RBTkNFIjoiUkRQMDJfSU5TMSIsIlJEUDAzX0lOU1RBTkNFIjoiUkRQMDNfSU5TMSIsIlJvbCI6IlBTIiwiaWF0IjoxNzUxOTU3ODIyLCJleHAiOjE3NTE5NzU4MjJ9.4BLQHiDKj4TjhfzOy2UNIqouuDj3KGHqCQs78uV77Pc; Max-Age=18000; Path=/; HttpOnly; Secure; SameSite=Lax
1 < Set-Cookie: Genero=M; Max-Age=18000; Path=/; HttpOnly; Secure; SameSite=Lax
1 < Set-Cookie: Google_Drive_Foto_ID=1Kvyn3lWOxzuURkPFBSGCPHmTshBUXAZg; Max-Age=18000; Path=/; HttpOnly; Secure; SameSite=Lax
1 < Strict-Transport-Security: max-age=63072000; includeSubDomains; preload
1 < Vary: RSC, Next-Router-State-Tree, Next-Router-Prefetch, Next-Router-Segment-Prefetch
1 < X-Matched-Path: /api/auth/login
1 < X-Vercel-Cache: MISS
1 < X-Vercel-Id: gru1::iad1::hxpww-1751957822769-7c5b7f26d82f


01:57:12.388 [pool-2-thread-4] DEBUG com.intuit.karate - request:
1 > GET https://siasis-dev.vercel.app/api/datos-asistencia-hoy
1 > Cookie: Apellidos=Apolinario%20Quispe; Google_Drive_Foto_ID=1Kvyn3lWOxzuURkPFBSGCPHmTshBUXAZg; Nombres=David%20Julian; Genero=M; Rol=PS; token=eyJhbGciOiJIUzI1NiIsInR5cCI6IkpXVCJ9.eyJJRF9Vc3VhcmlvIjoiMTUzNzEwMjgiLCJOb21icmVfVXN1YXJpbyI6ImRhdmlkX2Fwb2xpbmFyaW9fMTUzNyIsIlJEUDAyX0lOU1RBTkNFIjoiUkRQMDJfSU5TMSIsIlJEUDAzX0lOU1RBTkNFIjoiUkRQMDNfSU5TMSIsIlJvbCI6IlBTIiwiaWF0IjoxNzUxOTU3ODIyLCJleHAiOjE3NTE5NzU4MjJ9.4BLQHiDKj4TjhfzOy2UNIqouuDj3KGHqCQs78uV77Pc
1 > Host: siasis-dev.vercel.app
1 > Connection: Keep-Alive
1 > User-Agent: Apache-HttpClient/4.5.14 (Java/17.0.12)
1 > Accept-Encoding: gzip,deflate


01:57:12.618 [pool-2-thread-3] DEBUG com.intuit.karate - response time in milliseconds: 466
1 < 201
1 < Cache-Control: public, max-age=0, must-revalidate
1 < Content-Length: 0
1 < Date: Tue, 08 Jul 2025 06:57:03 GMT
1 < Server: Vercel
1 < Set-Cookie: Nombres=Marisol%20Ceferina; Max-Age=18000; Path=/; HttpOnly; Secure; SameSite=Lax
1 < Set-Cookie: Apellidos=Godoy%20Villarubia; Max-Age=18000; Path=/; HttpOnly; Secure; SameSite=Lax
1 < Set-Cookie: Rol=PP; Max-Age=18000; Path=/; HttpOnly; Secure; SameSite=Lax
1 < Set-Cookie: token=eyJhbGciOiJIUzI1NiIsInR5cCI6IkpXVCJ9.eyJJRF9Vc3VhcmlvIjoiMTUzNzgzMTciLCJOb21icmVfVXN1YXJpbyI6Im1hcmlzb2xfZ29kb3lfMTUzNyIsIlJEUDAyX0lOU1RBTkNFIjoiUkRQMDJfSU5TMiIsIlJEUDAzX0lOU1RBTkNFIjoiUkRQMDNfSU5TMiIsIlJvbCI6IlBQIiwiaWF0IjoxNzUxOTU3ODIyLCJleHAiOjE3NTE5NzU4MjJ9.p6NYhjk1iH6UxyhxQd3ovT3VgUiEOpk6RpAVmx6elJk; Max-Age=18000; Path=/; HttpOnly; Secure; SameSite=Lax
1 < Set-Cookie: Genero=F; Max-Age=18000; Path=/; HttpOnly; Secure; SameSite=Lax
1 < Set-Cookie: Google_Drive_Foto_ID=1p8FC3py693IjnMTa4uINq5lVSb9P3LBc; Max-Age=18000; Path=/; HttpOnly; Secure; SameSite=Lax
1 < Strict-Transport-Security: max-age=63072000; includeSubDomains; preload
1 < Vary: RSC, Next-Router-State-Tree, Next-Router-Prefetch, Next-Router-Segment-Prefetch
1 < X-Matched-Path: /api/auth/login
1 < X-Vercel-Cache: MISS
1 < X-Vercel-Id: gru1::iad1::z422j-1751957822973-d49a34a867b2


01:57:12.623 [pool-2-thread-1] DEBUG com.intuit.karate - response time in milliseconds: 466
1 < 201
1 < Cache-Control: public, max-age=0, must-revalidate
1 < Content-Length: 0
1 < Date: Tue, 08 Jul 2025 06:57:03 GMT
1 < Server: Vercel
1 < Set-Cookie: Nombres=Daniel%20Enrique; Max-Age=18000; Path=/; HttpOnly; Secure; SameSite=Lax
1 < Set-Cookie: Apellidos=Sanchez%20Gonzales; Max-Age=18000; Path=/; HttpOnly; Secure; SameSite=Lax
1 < Set-Cookie: Rol=T; Max-Age=18000; Path=/; HttpOnly; Secure; SameSite=Lax
1 < Set-Cookie: token=eyJhbGciOiJIUzI1NiIsInR5cCI6IkpXVCJ9.eyJJRF9Vc3VhcmlvIjoiMTU0MjA3NDUiLCJOb21icmVfVXN1YXJpbyI6ImRhbmllbF9zYW5jaGV6XzE1NDIiLCJSRFAwMl9JTlNUQU5DRSI6IlJEUDAyX0lOUzEiLCJSRFAwM19JTlNUQU5DRSI6IlJEUDAzX0lOUzUiLCJSb2wiOiJUIiwiaWF0IjoxNzUxOTU3ODIyLCJleHAiOjE3NTE5NzU4MjJ9.OWPWHJ748i-6GVpvMAmjxHs4E0mgb-aFBtnRObJA4e0; Max-Age=18000; Path=/; HttpOnly; Secure; SameSite=Lax
1 < Set-Cookie: Genero=M; Max-Age=18000; Path=/; HttpOnly; Secure; SameSite=Lax
1 < Set-Cookie: Google_Drive_Foto_ID=14aAaksU7TNE6kOiFsRt4m5y2LSvnat1b; Max-Age=18000; Path=/; HttpOnly; Secure; SameSite=Lax
1 < Strict-Transport-Security: max-age=63072000; includeSubDomains; preload
1 < Vary: RSC, Next-Router-State-Tree, Next-Router-Prefetch, Next-Router-Segment-Prefetch
1 < X-Matched-Path: /api/auth/login
1 < X-Vercel-Cache: MISS
1 < X-Vercel-Id: gru1::iad1::cq8gr-1751957822972-81b113892ad5


01:57:12.623 [pool-2-thread-5] DEBUG com.intuit.karate - response time in milliseconds: 690
1 < 200
1 < Cache-Control: public, max-age=0, must-revalidate
1 < Content-Type: application/json
1 < Date: Tue, 08 Jul 2025 06:57:03 GMT
1 < Server: Vercel
1 < Strict-Transport-Security: max-age=63072000; includeSubDomains; preload
1 < Vary: RSC, Next-Router-State-Tree, Next-Router-Prefetch, Next-Router-Segment-Prefetch
1 < X-Matched-Path: /api/asistencia-hoy/marcar
1 < X-Vercel-Cache: MISS
1 < X-Vercel-Id: gru1::iad1::bsmv9-1751957822772-069233c709d4
1 < Transfer-Encoding: chunked
{
  "success": true,
  "message": "La asistencia ya había sido registrada anteriormente",
  "data": {
    "timestamp": 1751957822903,
    "desfaseSegundos": 3590,
    "esNuevoRegistro": false,
    "esRegistroPropio": false,
    "actorRegistrado": "PP",
    "tipoAsistencia": "personal"
  }
}


01:57:12.625 [pool-2-thread-3] DEBUG com.intuit.karate - request:
1 > GET https://siasis-dev.vercel.app/api/datos-asistencia-hoy
1 > Cookie: Apellidos=Godoy%20Villarubia; Google_Drive_Foto_ID=1p8FC3py693IjnMTa4uINq5lVSb9P3LBc; Nombres=Marisol%20Ceferina; Genero=F; Rol=PP; token=eyJhbGciOiJIUzI1NiIsInR5cCI6IkpXVCJ9.eyJJRF9Vc3VhcmlvIjoiMTUzNzgzMTciLCJOb21icmVfVXN1YXJpbyI6Im1hcmlzb2xfZ29kb3lfMTUzNyIsIlJEUDAyX0lOU1RBTkNFIjoiUkRQMDJfSU5TMiIsIlJEUDAzX0lOU1RBTkNFIjoiUkRQMDNfSU5TMiIsIlJvbCI6IlBQIiwiaWF0IjoxNzUxOTU3ODIyLCJleHAiOjE3NTE5NzU4MjJ9.p6NYhjk1iH6UxyhxQd3ovT3VgUiEOpk6RpAVmx6elJk
1 > Host: siasis-dev.vercel.app
1 > Connection: Keep-Alive
1 > User-Agent: Apache-HttpClient/4.5.14 (Java/17.0.12)
1 > Accept-Encoding: gzip,deflate


01:57:12.625 [pool-2-thread-1] DEBUG com.intuit.karate - request:
1 > GET https://siasis-dev.vercel.app/api/datos-asistencia-hoy
1 > Cookie: Apellidos=Sanchez%20Gonzales; Google_Drive_Foto_ID=14aAaksU7TNE6kOiFsRt4m5y2LSvnat1b; Nombres=Daniel%20Enrique; Genero=M; Rol=T; token=eyJhbGciOiJIUzI1NiIsInR5cCI6IkpXVCJ9.eyJJRF9Vc3VhcmlvIjoiMTU0MjA3NDUiLCJOb21icmVfVXN1YXJpbyI6ImRhbmllbF9zYW5jaGV6XzE1NDIiLCJSRFAwMl9JTlNUQU5DRSI6IlJEUDAyX0lOUzEiLCJSRFAwM19JTlNUQU5DRSI6IlJEUDAzX0lOUzUiLCJSb2wiOiJUIiwiaWF0IjoxNzUxOTU3ODIyLCJleHAiOjE3NTE5NzU4MjJ9.OWPWHJ748i-6GVpvMAmjxHs4E0mgb-aFBtnRObJA4e0
1 > Host: siasis-dev.vercel.app
1 > Connection: Keep-Alive
1 > User-Agent: Apache-HttpClient/4.5.14 (Java/17.0.12)
1 > Accept-Encoding: gzip,deflate


01:57:12.625 [pool-2-thread-5] DEBUG c.intuit.karate.core.ScenarioEngine - over-writing existing variable 'loginFeature' with new value: 'classpath:resources/features/login/PersonalAdmin.feature'
01:57:12.632 [pool-2-thread-5] DEBUG c.intuit.karate.core.ScenarioEngine - over-writing existing variable 'loginResponse' with new value: call read(loginFeature)
01:57:12.640 [pool-2-thread-5] DEBUG com.intuit.karate - request:
1 > POST https://api01-siasis-dev.vercel.app/api/login/personal-administrativo
1 > Cookie: Apellidos=Godoy%20Villarubia; Google_Drive_Foto_ID=1p8FC3py693IjnMTa4uINq5lVSb9P3LBc; Nombres=Marisol%20Ceferina; Genero=F; Rol=PP; token=eyJhbGciOiJIUzI1NiIsInR5cCI6IkpXVCJ9.eyJJRF9Vc3VhcmlvIjoiMTUzNzgzMTciLCJOb21icmVfVXN1YXJpbyI6Im1hcmlzb2xfZ29kb3lfMTUzNyIsIlJEUDAyX0lOU1RBTkNFIjoiUkRQMDJfSU5TMiIsIlJEUDAzX0lOU1RBTkNFIjoiUkRQMDNfSU5TNCIsIlJvbCI6IlBQIiwiaWF0IjoxNzUxOTU3ODIxLCJleHAiOjE3NTE5NzU4MjF9.W_mbazwK15y7IG9--E3Qf2_8rrYB1yaq8dmE0Wdz-ws
1 > Content-Type: application/json; charset=UTF-8
1 > Content-Length: 63
1 > Host: api01-siasis-dev.vercel.app
1 > Connection: Keep-Alive
1 > User-Agent: Apache-HttpClient/4.5.14 (Java/17.0.12)
1 > Accept-Encoding: gzip,deflate
{
  "Nombre_Usuario": "jose_centeno_4180",
  "Contraseña": "41809910"
}


01:57:12.649 [pool-2-thread-2] DEBUG com.intuit.karate - response time in milliseconds: 937
1 < 200
1 < Access-Control-Allow-Origin: *
1 < Cache-Control: public, max-age=0, must-revalidate
1 < Content-Length: 505
1 < Content-Type: application/json; charset=utf-8
1 < Date: Tue, 08 Jul 2025 06:57:03 GMT
1 < Etag: W/"1f9-PWfaua43FZS4Sid3X6k+HfS6Wqc"
1 < Server: Vercel
1 < Strict-Transport-Security: max-age=63072000; includeSubDomains; preload
1 < X-Powered-By: Express
1 < X-Vercel-Cache: MISS
1 < X-Vercel-Id: gru1::iad1::hxpww-1751957822509-f1cd2e60cb74
{
  "success": true,
  "message": "Inicio de sesión exitoso",
  "data": {
    "Apellidos": "Centeno Diaz",
    "Nombres": "Jose",
    "Rol": "PA",
    "token": "eyJhbGciOiJIUzI1NiIsInR5cCI6IkpXVCJ9.eyJJRF9Vc3VhcmlvIjoiNDE4MDk5MTAiLCJOb21icmVfVXN1YXJpbyI6Impvc2VfY2VudGVub180MTgwIiwiUkRQMDJfSU5TVEFOQ0UiOiJSRFAwMl9JTlMxIiwiUkRQMDNfSU5TVEFOQ0UiOiJSRFAwM19JTlMyIiwiUm9sIjoiUEEiLCJpYXQiOjE3NTE5NTc4MjMsImV4cCI6MTc1MTk3NTgyM30.-fNx7dRAkaQlAm79d53AJIJ5a0c_jTgQZYpNNiMqgVQ",
    "Google_Drive_Foto_ID": "1Jv0B596JMyZMRO7MFcdXW0nN8AI7hFIe",
    "Genero": "M"
  }
}


01:57:12.649 [pool-2-thread-2] INFO  com.intuit.karate - [print] eyJhbGciOiJIUzI1NiIsInR5cCI6IkpXVCJ9.eyJJRF9Vc3VhcmlvIjoiNDE4MDk5MTAiLCJOb21icmVfVXN1YXJpbyI6Impvc2VfY2VudGVub180MTgwIiwiUkRQMDJfSU5TVEFOQ0UiOiJSRFAwMl9JTlMxIiwiUkRQMDNfSU5TVEFOQ0UiOiJSRFAwM19JTlMyIiwiUm9sIjoiUEEiLCJpYXQiOjE3NTE5NTc4MjMsImV4cCI6MTc1MTk3NTgyM30.-fNx7dRAkaQlAm79d53AJIJ5a0c_jTgQZYpNNiMqgVQ 
01:57:12.649 [pool-2-thread-2] INFO  com.intuit.karate - [print] PA 
01:57:12.651 [pool-2-thread-2] DEBUG com.intuit.karate - request:
1 > POST https://siasis-dev.vercel.app/api/auth/login
1 > Content-Type: application/json; charset=UTF-8
1 > Content-Length: 443
1 > Host: siasis-dev.vercel.app
1 > Connection: Keep-Alive
1 > User-Agent: Apache-HttpClient/4.5.14 (Java/17.0.12)
1 > Accept-Encoding: gzip,deflate
{
  "Nombres": "Jose",
  "Apellidos": "Centeno Diaz",
  "token": "eyJhbGciOiJIUzI1NiIsInR5cCI6IkpXVCJ9.eyJJRF9Vc3VhcmlvIjoiNDE4MDk5MTAiLCJOb21icmVfVXN1YXJpbyI6Impvc2VfY2VudGVub180MTgwIiwiUkRQMDJfSU5TVEFOQ0UiOiJSRFAwMl9JTlMxIiwiUkRQMDNfSU5TVEFOQ0UiOiJSRFAwM19JTlMyIiwiUm9sIjoiUEEiLCJpYXQiOjE3NTE5NTc4MjMsImV4cCI6MTc1MTk3NTgyM30.-fNx7dRAkaQlAm79d53AJIJ5a0c_jTgQZYpNNiMqgVQ",
  "Genero": "M",
  "Google_Drive_Foto_ID": "1Jv0B596JMyZMRO7MFcdXW0nN8AI7hFIe",
  "Rol": "PA"
}


01:57:12.888 [pool-2-thread-4] DEBUG com.intuit.karate - response time in milliseconds: 492
1 < 200
1 < Age: 0
1 < Cache-Control: public, max-age=0, must-revalidate
1 < Content-Type: application/json
1 < Date: Tue, 08 Jul 2025 06:57:03 GMT
1 < Server: Vercel
1 < Strict-Transport-Security: max-age=63072000; includeSubDomains; preload
1 < Vary: RSC, Next-Router-State-Tree, Next-Router-Prefetch, Next-Router-Segment-Prefetch
1 < X-Matched-Path: /api/datos-asistencia-hoy
1 < X-Vercel-Cache: MISS
1 < X-Vercel-Id: gru1::iad1::zpjsk-1751957823244-5c186dfa5449
1 < Transfer-Encoding: chunked
{
  "DiaEvento": false,
  "FechaUTC": "2025-07-07T09:30:38.358Z",
  "FechaLocalPeru": "2025-07-07T04:30:38.358Z",
  "FueraAñoEscolar": false,
  "Semana_De_Gestion": false,
  "Vacaciones_Interescolares": [
    {
      "Id_Vacacion_Interescolar": 1,
      "Fecha_Inicio": "2025-05-19T00:00:00.000Z",
      "Fecha_Conclusion": "2025-05-23T00:00:00.000Z"
    },
    {
      "Id_Vacacion_Interescolar": 2,
      "Fecha_Inicio": "2025-07-28T00:00:00.000Z",
      "Fecha_Conclusion": "2025-08-08T00:00:00.000Z"
    },
    {
      "Id_Vacacion_Interescolar": 3,
      "Fecha_Inicio": "2025-10-13T00:00:00.000Z",
      "Fecha_Conclusion": "2025-10-17T00:00:00.000Z"
    }
  ],
  "ComunicadosParaMostrarHoy": [
  ],
  "HorarioProfesor": {
    "Hora_Entrada_Dia_Actual": "2025-07-07T13:00:00.000Z",
    "Hora_Salida_Dia_Actual": "2025-07-07T18:30:00.000Z"
  },
  "HorarioEscolarSecundaria": {
    "Inicio": "2025-07-07T13:00:00.000Z",
    "Fin": "2025-07-07T18:30:00.000Z"
  },
  "Mi_DNI": "15371028",
  "_debug": "Datos obtenidos desde fuente principal"
}


01:57:12.898 [pool-2-thread-4] DEBUG com.intuit.karate - request:
1 > POST https://api01-siasis-dev.vercel.app/api/login/auxiliar
1 > Content-Type: application/json; charset=UTF-8
1 > Content-Length: 67
1 > Host: api01-siasis-dev.vercel.app
1 > Connection: Keep-Alive
1 > User-Agent: Apache-HttpClient/4.5.14 (Java/17.0.12)
1 > Accept-Encoding: gzip,deflate
{
  "Nombre_Usuario": "brigida_gonzales_1535",
  "Contraseña": "15357278"
}


01:57:13.065 [pool-2-thread-2] DEBUG com.intuit.karate - response time in milliseconds: 414
1 < 201
1 < Cache-Control: public, max-age=0, must-revalidate
1 < Content-Length: 0
1 < Date: Tue, 08 Jul 2025 06:57:03 GMT
1 < Server: Vercel
1 < Set-Cookie: Nombres=Jose; Max-Age=18000; Path=/; HttpOnly; Secure; SameSite=Lax
1 < Set-Cookie: Apellidos=Centeno%20Diaz; Max-Age=18000; Path=/; HttpOnly; Secure; SameSite=Lax
1 < Set-Cookie: Rol=PA; Max-Age=18000; Path=/; HttpOnly; Secure; SameSite=Lax
1 < Set-Cookie: token=eyJhbGciOiJIUzI1NiIsInR5cCI6IkpXVCJ9.eyJJRF9Vc3VhcmlvIjoiNDE4MDk5MTAiLCJOb21icmVfVXN1YXJpbyI6Impvc2VfY2VudGVub180MTgwIiwiUkRQMDJfSU5TVEFOQ0UiOiJSRFAwMl9JTlMxIiwiUkRQMDNfSU5TVEFOQ0UiOiJSRFAwM19JTlMyIiwiUm9sIjoiUEEiLCJpYXQiOjE3NTE5NTc4MjMsImV4cCI6MTc1MTk3NTgyM30.-fNx7dRAkaQlAm79d53AJIJ5a0c_jTgQZYpNNiMqgVQ; Max-Age=18000; Path=/; HttpOnly; Secure; SameSite=Lax
1 < Set-Cookie: Genero=M; Max-Age=18000; Path=/; HttpOnly; Secure; SameSite=Lax
1 < Set-Cookie: Google_Drive_Foto_ID=1Jv0B596JMyZMRO7MFcdXW0nN8AI7hFIe; Max-Age=18000; Path=/; HttpOnly; Secure; SameSite=Lax
1 < Strict-Transport-Security: max-age=63072000; includeSubDomains; preload
1 < Vary: RSC, Next-Router-State-Tree, Next-Router-Prefetch, Next-Router-Segment-Prefetch
1 < X-Matched-Path: /api/auth/login
1 < X-Vercel-Cache: MISS
1 < X-Vercel-Id: gru1::iad1::bsmv9-1751957823448-7c9f5f5c50dd


01:57:13.065 [pool-2-thread-3] DEBUG com.intuit.karate - response time in milliseconds: 440
1 < 200
1 < Age: 0
1 < Cache-Control: public, max-age=0, must-revalidate
1 < Content-Type: application/json
1 < Date: Tue, 08 Jul 2025 06:57:03 GMT
1 < Server: Vercel
1 < Strict-Transport-Security: max-age=63072000; includeSubDomains; preload
1 < Vary: RSC, Next-Router-State-Tree, Next-Router-Prefetch, Next-Router-Segment-Prefetch
1 < X-Matched-Path: /api/datos-asistencia-hoy
1 < X-Vercel-Cache: MISS
1 < X-Vercel-Id: gru1::iad1::z422j-1751957823420-fe8d8180777e
1 < Transfer-Encoding: chunked
{
  "DiaEvento": false,
  "FechaUTC": "2025-07-07T09:30:38.358Z",
  "FechaLocalPeru": "2025-07-07T04:30:38.358Z",
  "FueraAñoEscolar": false,
  "Semana_De_Gestion": false,
  "Vacaciones_Interescolares": [
    {
      "Id_Vacacion_Interescolar": 1,
      "Fecha_Inicio": "2025-05-19T00:00:00.000Z",
      "Fecha_Conclusion": "2025-05-23T00:00:00.000Z"
    },
    {
      "Id_Vacacion_Interescolar": 2,
      "Fecha_Inicio": "2025-07-28T00:00:00.000Z",
      "Fecha_Conclusion": "2025-08-08T00:00:00.000Z"
    },
    {
      "Id_Vacacion_Interescolar": 3,
      "Fecha_Inicio": "2025-10-13T00:00:00.000Z",
      "Fecha_Conclusion": "2025-10-17T00:00:00.000Z"
    }
  ],
  "ComunicadosParaMostrarHoy": [
  ],
  "HorarioTomaAsistenciaProfesorPrimaria": {
    "Inicio": "2025-07-07T07:45:00.000Z",
    "Fin": "2025-07-07T12:45:00.000Z"
  },
  "HorarioEscolarPrimaria": {
    "Inicio": "2025-07-07T07:45:00.000Z",
    "Fin": "2025-07-07T12:45:00.000Z"
  },
  "Mi_DNI": "15378317",
  "_debug": "Datos obtenidos desde fuente principal"
}


01:57:13.065 [pool-2-thread-1] DEBUG com.intuit.karate - response time in milliseconds: 440
1 < 200
1 < Age: 0
1 < Cache-Control: public, max-age=0, must-revalidate
1 < Content-Type: application/json
1 < Date: Tue, 08 Jul 2025 06:57:03 GMT
1 < Server: Vercel
1 < Strict-Transport-Security: max-age=63072000; includeSubDomains; preload
1 < Vary: RSC, Next-Router-State-Tree, Next-Router-Prefetch, Next-Router-Segment-Prefetch
1 < X-Matched-Path: /api/datos-asistencia-hoy
1 < X-Vercel-Cache: MISS
1 < X-Vercel-Id: gru1::iad1::cmdlq-1751957823423-b10ceaef2e56
1 < Transfer-Encoding: chunked
{
  "DiaEvento": false,
  "FechaUTC": "2025-07-07T09:30:38.358Z",
  "FechaLocalPeru": "2025-07-07T04:30:38.358Z",
  "FueraAñoEscolar": false,
  "Semana_De_Gestion": false,
  "Vacaciones_Interescolares": [
    {
      "Id_Vacacion_Interescolar": 1,
      "Fecha_Inicio": "2025-05-19T00:00:00.000Z",
      "Fecha_Conclusion": "2025-05-23T00:00:00.000Z"
    },
    {
      "Id_Vacacion_Interescolar": 2,
      "Fecha_Inicio": "2025-07-28T00:00:00.000Z",
      "Fecha_Conclusion": "2025-08-08T00:00:00.000Z"
    },
    {
      "Id_Vacacion_Interescolar": 3,
      "Fecha_Inicio": "2025-10-13T00:00:00.000Z",
      "Fecha_Conclusion": "2025-10-17T00:00:00.000Z"
    }
  ],
  "ComunicadosParaMostrarHoy": [
  ],
  "HorarioProfesor": {
    "Hora_Entrada_Dia_Actual": "2025-07-07T15:15:00.000Z",
    "Hora_Salida_Dia_Actual": "2025-07-07T18:30:00.000Z"
  },
  "HorarioEscolarSecundaria": {
    "Inicio": "2025-07-07T13:00:00.000Z",
    "Fin": "2025-07-07T18:30:00.000Z"
  },
  "Mi_DNI": "15420745",
  "_debug": "Datos obtenidos desde fuente principal"
}


01:57:13.068 [pool-2-thread-2] DEBUG com.intuit.karate - request:
1 > GET https://siasis-dev.vercel.app/api/datos-asistencia-hoy
1 > Cookie: Apellidos=Centeno%20Diaz; Google_Drive_Foto_ID=1Jv0B596JMyZMRO7MFcdXW0nN8AI7hFIe; Nombres=Jose; Genero=M; Rol=PA; token=eyJhbGciOiJIUzI1NiIsInR5cCI6IkpXVCJ9.eyJJRF9Vc3VhcmlvIjoiNDE4MDk5MTAiLCJOb21icmVfVXN1YXJpbyI6Impvc2VfY2VudGVub180MTgwIiwiUkRQMDJfSU5TVEFOQ0UiOiJSRFAwMl9JTlMxIiwiUkRQMDNfSU5TVEFOQ0UiOiJSRFAwM19JTlMyIiwiUm9sIjoiUEEiLCJpYXQiOjE3NTE5NTc4MjMsImV4cCI6MTc1MTk3NTgyM30.-fNx7dRAkaQlAm79d53AJIJ5a0c_jTgQZYpNNiMqgVQ
1 > Host: siasis-dev.vercel.app
1 > Connection: Keep-Alive
1 > User-Agent: Apache-HttpClient/4.5.14 (Java/17.0.12)
1 > Accept-Encoding: gzip,deflate


01:57:13.074 [pool-2-thread-1] DEBUG com.intuit.karate - request:
1 > POST https://api01-siasis-dev.vercel.app/api/login/profesor-tutor-secundaria
1 > Content-Type: application/json; charset=UTF-8
1 > Content-Length: 67
1 > Host: api01-siasis-dev.vercel.app
1 > Connection: Keep-Alive
1 > User-Agent: Apache-HttpClient/4.5.14 (Java/17.0.12)
1 > Accept-Encoding: gzip,deflate
{
  "Nombre_Usuario": "david_apolinario_1537",
  "Contraseña": "15371028"
}


01:57:13.074 [pool-2-thread-3] DEBUG com.intuit.karate - request:
1 > POST https://api01-siasis-dev.vercel.app/api/login/profesor-tutor-secundaria
1 > Content-Type: application/json; charset=UTF-8
1 > Content-Length: 65
1 > Host: api01-siasis-dev.vercel.app
1 > Connection: Keep-Alive
1 > User-Agent: Apache-HttpClient/4.5.14 (Java/17.0.12)
1 > Accept-Encoding: gzip,deflate
{
  "Nombre_Usuario": "daniel_sanchez_1542",
  "Contraseña": "15420745"
}


01:57:13.168 [pool-2-thread-5] DEBUG com.intuit.karate - response time in milliseconds: 526
1 < 200
1 < Access-Control-Allow-Origin: *
1 < Cache-Control: public, max-age=0, must-revalidate
1 < Content-Length: 505
1 < Content-Type: application/json; charset=utf-8
1 < Date: Tue, 08 Jul 2025 06:57:03 GMT
1 < Etag: W/"1f9-LWgUCQ9J4cEpfEobBCbCRadt2Sc"
1 < Server: Vercel
1 < Strict-Transport-Security: max-age=63072000; includeSubDomains; preload
1 < X-Powered-By: Express
1 < X-Vercel-Cache: MISS
1 < X-Vercel-Id: gru1::iad1::zdj87-1751957823436-233de0bef953
{
  "success": true,
  "message": "Inicio de sesión exitoso",
  "data": {
    "Apellidos": "Centeno Diaz",
    "Nombres": "Jose",
    "Rol": "PA",
    "token": "eyJhbGciOiJIUzI1NiIsInR5cCI6IkpXVCJ9.eyJJRF9Vc3VhcmlvIjoiNDE4MDk5MTAiLCJOb21icmVfVXN1YXJpbyI6Impvc2VfY2VudGVub180MTgwIiwiUkRQMDJfSU5TVEFOQ0UiOiJSRFAwMl9JTlMyIiwiUkRQMDNfSU5TVEFOQ0UiOiJSRFAwM19JTlM1IiwiUm9sIjoiUEEiLCJpYXQiOjE3NTE5NTc4MjMsImV4cCI6MTc1MTk3NTgyM30.O-xAEyxp3hs_Yfprat74WjNSym82yF3jLMAXTH7qTaI",
    "Google_Drive_Foto_ID": "1Jv0B596JMyZMRO7MFcdXW0nN8AI7hFIe",
    "Genero": "M"
  }
}


01:57:13.170 [pool-2-thread-5] INFO  com.intuit.karate - [print] eyJhbGciOiJIUzI1NiIsInR5cCI6IkpXVCJ9.eyJJRF9Vc3VhcmlvIjoiNDE4MDk5MTAiLCJOb21icmVfVXN1YXJpbyI6Impvc2VfY2VudGVub180MTgwIiwiUkRQMDJfSU5TVEFOQ0UiOiJSRFAwMl9JTlMyIiwiUkRQMDNfSU5TVEFOQ0UiOiJSRFAwM19JTlM1IiwiUm9sIjoiUEEiLCJpYXQiOjE3NTE5NTc4MjMsImV4cCI6MTc1MTk3NTgyM30.O-xAEyxp3hs_Yfprat74WjNSym82yF3jLMAXTH7qTaI 
01:57:13.170 [pool-2-thread-5] INFO  com.intuit.karate - [print] PA 
01:57:13.172 [pool-2-thread-5] DEBUG com.intuit.karate - request:
1 > POST https://siasis-dev.vercel.app/api/auth/login
1 > Cookie: Apellidos=Godoy%20Villarubia; Google_Drive_Foto_ID=1p8FC3py693IjnMTa4uINq5lVSb9P3LBc; Nombres=Marisol%20Ceferina; Genero=F; Rol=PP; token=eyJhbGciOiJIUzI1NiIsInR5cCI6IkpXVCJ9.eyJJRF9Vc3VhcmlvIjoiMTUzNzgzMTciLCJOb21icmVfVXN1YXJpbyI6Im1hcmlzb2xfZ29kb3lfMTUzNyIsIlJEUDAyX0lOU1RBTkNFIjoiUkRQMDJfSU5TMiIsIlJEUDAzX0lOU1RBTkNFIjoiUkRQMDNfSU5TNCIsIlJvbCI6IlBQIiwiaWF0IjoxNzUxOTU3ODIxLCJleHAiOjE3NTE5NzU4MjF9.W_mbazwK15y7IG9--E3Qf2_8rrYB1yaq8dmE0Wdz-ws
1 > Content-Type: application/json; charset=UTF-8
1 > Content-Length: 443
1 > Host: siasis-dev.vercel.app
1 > Connection: Keep-Alive
1 > User-Agent: Apache-HttpClient/4.5.14 (Java/17.0.12)
1 > Accept-Encoding: gzip,deflate
{
  "Nombres": "Jose",
  "Apellidos": "Centeno Diaz",
  "token": "eyJhbGciOiJIUzI1NiIsInR5cCI6IkpXVCJ9.eyJJRF9Vc3VhcmlvIjoiNDE4MDk5MTAiLCJOb21icmVfVXN1YXJpbyI6Impvc2VfY2VudGVub180MTgwIiwiUkRQMDJfSU5TVEFOQ0UiOiJSRFAwMl9JTlMyIiwiUkRQMDNfSU5TVEFOQ0UiOiJSRFAwM19JTlM1IiwiUm9sIjoiUEEiLCJpYXQiOjE3NTE5NTc4MjMsImV4cCI6MTc1MTk3NTgyM30.O-xAEyxp3hs_Yfprat74WjNSym82yF3jLMAXTH7qTaI",
  "Genero": "M",
  "Google_Drive_Foto_ID": "1Jv0B596JMyZMRO7MFcdXW0nN8AI7hFIe",
  "Rol": "PA"
}


01:57:13.434 [pool-2-thread-4] DEBUG com.intuit.karate - response time in milliseconds: 530
1 < 200
1 < Access-Control-Allow-Origin: *
1 < Cache-Control: public, max-age=0, must-revalidate
1 < Content-Length: 515
1 < Content-Type: application/json; charset=utf-8
1 < Date: Tue, 08 Jul 2025 06:57:03 GMT
1 < Etag: W/"203-TPTHQe81CedcAXj9PjECNjlhaBc"
1 < Server: Vercel
1 < Strict-Transport-Security: max-age=63072000; includeSubDomains; preload
1 < X-Powered-By: Express
1 < X-Vercel-Cache: MISS
1 < X-Vercel-Id: gru1::iad1::hxpww-1751957823700-e889b8a43add
{
  "success": true,
  "message": "Inicio de sesión exitoso",
  "data": {
    "Apellidos": "Gonzales Morales",
    "Nombres": "Brigida",
    "Rol": "A",
    "token": "eyJhbGciOiJIUzI1NiIsInR5cCI6IkpXVCJ9.eyJJRF9Vc3VhcmlvIjoiMTUzNTcyNzgiLCJSRFAwMl9JTlNUQU5DRSI6IlJEUDAyX0lOUzMiLCJSRFAwM19JTlNUQU5DRSI6IlJEUDAzX0lOUzQiLCJOb21icmVfVXN1YXJpbyI6ImJyaWdpZGFfZ29uemFsZXNfMTUzNSIsIlJvbCI6IkEiLCJpYXQiOjE3NTE5NTc4MjMsImV4cCI6MTc1MTk3NTgyM30.jvysWjIEcakzv6uhNPK0VsL_wLiXAp1kZ2s_eNEQRsE",
    "Google_Drive_Foto_ID": "1zMyKrzbyqYhCZX-7usVpUfzuwOvRpQtA",
    "Genero": "F"
  }
}


01:57:13.438 [pool-2-thread-4] INFO  com.intuit.karate - [print] eyJhbGciOiJIUzI1NiIsInR5cCI6IkpXVCJ9.eyJJRF9Vc3VhcmlvIjoiMTUzNTcyNzgiLCJSRFAwMl9JTlNUQU5DRSI6IlJEUDAyX0lOUzMiLCJSRFAwM19JTlNUQU5DRSI6IlJEUDAzX0lOUzQiLCJOb21icmVfVXN1YXJpbyI6ImJyaWdpZGFfZ29uemFsZXNfMTUzNSIsIlJvbCI6IkEiLCJpYXQiOjE3NTE5NTc4MjMsImV4cCI6MTc1MTk3NTgyM30.jvysWjIEcakzv6uhNPK0VsL_wLiXAp1kZ2s_eNEQRsE 
01:57:13.438 [pool-2-thread-4] INFO  com.intuit.karate - [print] A 
01:57:13.440 [pool-2-thread-4] DEBUG com.intuit.karate - request:
1 > POST https://api01-siasis-dev.vercel.app/api/login/directivo
1 > Content-Type: application/json; charset=UTF-8
1 > Content-Length: 64
1 > Host: api01-siasis-dev.vercel.app
1 > Connection: Keep-Alive
1 > User-Agent: Apache-HttpClient/4.5.14 (Java/17.0.12)
1 > Accept-Encoding: gzip,deflate
{
  "Nombre_Usuario": "director.asuncion8",
  "Contraseña": "15430124"
}


01:57:13.488 [pool-2-thread-2] DEBUG com.intuit.karate - response time in milliseconds: 420
1 < 200
1 < Age: 0
1 < Cache-Control: public, max-age=0, must-revalidate
1 < Content-Type: application/json
1 < Date: Tue, 08 Jul 2025 06:57:03 GMT
1 < Server: Vercel
1 < Strict-Transport-Security: max-age=63072000; includeSubDomains; preload
1 < Vary: RSC, Next-Router-State-Tree, Next-Router-Prefetch, Next-Router-Segment-Prefetch
1 < X-Matched-Path: /api/datos-asistencia-hoy
1 < X-Vercel-Cache: MISS
1 < X-Vercel-Id: gru1::iad1::hxpww-1751957823866-ba9262fdb6c2
1 < Transfer-Encoding: chunked
{
  "DiaEvento": false,
  "FechaUTC": "2025-07-07T09:30:38.358Z",
  "FechaLocalPeru": "2025-07-07T04:30:38.358Z",
  "FueraAñoEscolar": false,
  "Semana_De_Gestion": false,
  "Vacaciones_Interescolares": [
    {
      "Id_Vacacion_Interescolar": 1,
      "Fecha_Inicio": "2025-05-19T00:00:00.000Z",
      "Fecha_Conclusion": "2025-05-23T00:00:00.000Z"
    },
    {
      "Id_Vacacion_Interescolar": 2,
      "Fecha_Inicio": "2025-07-28T00:00:00.000Z",
      "Fecha_Conclusion": "2025-08-08T00:00:00.000Z"
    },
    {
      "Id_Vacacion_Interescolar": 3,
      "Fecha_Inicio": "2025-10-13T00:00:00.000Z",
      "Fecha_Conclusion": "2025-10-17T00:00:00.000Z"
    }
  ],
  "ComunicadosParaMostrarHoy": [
  ],
  "HorarioPersonal": {
    "Horario_Laboral_Entrada": "2025-07-07T08:00:00.000Z",
    "Horario_Laboral_Salida": "2025-07-07T16:00:00.000Z"
  },
  "Mi_DNI": "41809910",
  "_debug": "Datos obtenidos desde fuente principal"
}


01:57:13.498 [pool-2-thread-2] DEBUG com.intuit.karate - request:
1 > POST https://api01-siasis-dev.vercel.app/api/login/personal-administrativo
1 > Content-Type: application/json; charset=UTF-8
1 > Content-Length: 63
1 > Host: api01-siasis-dev.vercel.app
1 > Connection: Keep-Alive
1 > User-Agent: Apache-HttpClient/4.5.14 (Java/17.0.12)
1 > Accept-Encoding: gzip,deflate
{
  "Nombre_Usuario": "jose_centeno_4180",
  "Contraseña": "41809910"
}


01:57:13.604 [pool-2-thread-5] DEBUG com.intuit.karate - response time in milliseconds: 431
1 < 201
1 < Cache-Control: public, max-age=0, must-revalidate
1 < Content-Length: 0
1 < Date: Tue, 08 Jul 2025 06:57:04 GMT
1 < Server: Vercel
1 < Set-Cookie: Nombres=Jose; Max-Age=18000; Path=/; HttpOnly; Secure; SameSite=Lax
1 < Set-Cookie: Apellidos=Centeno%20Diaz; Max-Age=18000; Path=/; HttpOnly; Secure; SameSite=Lax
1 < Set-Cookie: Rol=PA; Max-Age=18000; Path=/; HttpOnly; Secure; SameSite=Lax
1 < Set-Cookie: token=eyJhbGciOiJIUzI1NiIsInR5cCI6IkpXVCJ9.eyJJRF9Vc3VhcmlvIjoiNDE4MDk5MTAiLCJOb21icmVfVXN1YXJpbyI6Impvc2VfY2VudGVub180MTgwIiwiUkRQMDJfSU5TVEFOQ0UiOiJSRFAwMl9JTlMyIiwiUkRQMDNfSU5TVEFOQ0UiOiJSRFAwM19JTlM1IiwiUm9sIjoiUEEiLCJpYXQiOjE3NTE5NTc4MjMsImV4cCI6MTc1MTk3NTgyM30.O-xAEyxp3hs_Yfprat74WjNSym82yF3jLMAXTH7qTaI; Max-Age=18000; Path=/; HttpOnly; Secure; SameSite=Lax
1 < Set-Cookie: Genero=M; Max-Age=18000; Path=/; HttpOnly; Secure; SameSite=Lax
1 < Set-Cookie: Google_Drive_Foto_ID=1Jv0B596JMyZMRO7MFcdXW0nN8AI7hFIe; Max-Age=18000; Path=/; HttpOnly; Secure; SameSite=Lax
1 < Strict-Transport-Security: max-age=63072000; includeSubDomains; preload
1 < Vary: RSC, Next-Router-State-Tree, Next-Router-Prefetch, Next-Router-Segment-Prefetch
1 < X-Matched-Path: /api/auth/login
1 < X-Vercel-Cache: MISS
1 < X-Vercel-Id: gru1::iad1::zpjsk-1751957823976-c6b5970f7dcf


01:57:13.604 [pool-2-thread-5] DEBUG c.intuit.karate.core.ScenarioEngine - over-writing existing variable 'fechaHoraEsperadaISO' with new value: getAdjustedTime()
01:57:13.608 [pool-2-thread-5] DEBUG com.intuit.karate - request:
1 > POST https://siasis-dev.vercel.app/api/asistencia-hoy/marcar
1 > Cookie: Apellidos=Centeno%20Diaz; Google_Drive_Foto_ID=1Jv0B596JMyZMRO7MFcdXW0nN8AI7hFIe; Nombres=Jose; Genero=M; Rol=PA; token=eyJhbGciOiJIUzI1NiIsInR5cCI6IkpXVCJ9.eyJJRF9Vc3VhcmlvIjoiNDE4MDk5MTAiLCJOb21icmVfVXN1YXJpbyI6Impvc2VfY2VudGVub180MTgwIiwiUkRQMDJfSU5TVEFOQ0UiOiJSRFAwMl9JTlMyIiwiUkRQMDNfSU5TVEFOQ0UiOiJSRFAwM19JTlM1IiwiUm9sIjoiUEEiLCJpYXQiOjE3NTE5NTc4MjMsImV4cCI6MTc1MTk3NTgyM30.O-xAEyxp3hs_Yfprat74WjNSym82yF3jLMAXTH7qTaI
1 > Content-Type: application/json; charset=UTF-8
1 > Content-Length: 70
1 > Host: siasis-dev.vercel.app
1 > Connection: Keep-Alive
1 > User-Agent: Apache-HttpClient/4.5.14 (Java/17.0.12)
1 > Accept-Encoding: gzip,deflate
{
  "ModoRegistro": "E",
  "FechaHoraEsperadaISO": "2025-07-08T05:57:13.605Z"
}


01:57:13.738 [pool-2-thread-1] DEBUG com.intuit.karate - response time in milliseconds: 664
1 < 200
1 < Access-Control-Allow-Origin: *
1 < Cache-Control: public, max-age=0, must-revalidate
1 < Content-Length: 523
1 < Content-Type: application/json; charset=utf-8
1 < Date: Tue, 08 Jul 2025 06:57:04 GMT
1 < Etag: W/"20b-VEJUEDv0/4GWQKOTLuIHC6qCdro"
1 < Server: Vercel
1 < Strict-Transport-Security: max-age=63072000; includeSubDomains; preload
1 < X-Powered-By: Express
1 < X-Vercel-Cache: MISS
1 < X-Vercel-Id: gru1::iad1::bsmv9-1751957823874-bd916bbc1a80
{
  "success": true,
  "message": "Inicio de sesión exitoso",
  "data": {
    "Apellidos": "Apolinario Quispe",
    "Nombres": "David Julian",
    "Rol": "PS",
    "token": "eyJhbGciOiJIUzI1NiIsInR5cCI6IkpXVCJ9.eyJJRF9Vc3VhcmlvIjoiMTUzNzEwMjgiLCJOb21icmVfVXN1YXJpbyI6ImRhdmlkX2Fwb2xpbmFyaW9fMTUzNyIsIlJEUDAyX0lOU1RBTkNFIjoiUkRQMDJfSU5TMyIsIlJEUDAzX0lOU1RBTkNFIjoiUkRQMDNfSU5TMSIsIlJvbCI6IlBTIiwiaWF0IjoxNzUxOTU3ODI0LCJleHAiOjE3NTE5NzU4MjR9.3Pmt-KnCjxlbeHJZsHmzQp49m8m1tWcvWSaA8EE_YGU",
    "Google_Drive_Foto_ID": "1Kvyn3lWOxzuURkPFBSGCPHmTshBUXAZg",
    "Genero": "M"
  }
}


01:57:13.738 [pool-2-thread-1] INFO  com.intuit.karate - [print] eyJhbGciOiJIUzI1NiIsInR5cCI6IkpXVCJ9.eyJJRF9Vc3VhcmlvIjoiMTUzNzEwMjgiLCJOb21icmVfVXN1YXJpbyI6ImRhdmlkX2Fwb2xpbmFyaW9fMTUzNyIsIlJEUDAyX0lOU1RBTkNFIjoiUkRQMDJfSU5TMyIsIlJEUDAzX0lOU1RBTkNFIjoiUkRQMDNfSU5TMSIsIlJvbCI6IlBTIiwiaWF0IjoxNzUxOTU3ODI0LCJleHAiOjE3NTE5NzU4MjR9.3Pmt-KnCjxlbeHJZsHmzQp49m8m1tWcvWSaA8EE_YGU 
01:57:13.738 [pool-2-thread-1] INFO  com.intuit.karate - [print] PS 
01:57:13.748 [pool-2-thread-1] DEBUG com.intuit.karate - request:
1 > POST https://api01-siasis-dev.vercel.app/api/login/profesor-primaria
1 > Content-Type: application/json; charset=UTF-8
1 > Content-Length: 64
1 > Host: api01-siasis-dev.vercel.app
1 > Connection: Keep-Alive
1 > User-Agent: Apache-HttpClient/4.5.14 (Java/17.0.12)
1 > Accept-Encoding: gzip,deflate
{
  "Nombre_Usuario": "marisol_godoy_1537",
  "Contraseña": "15378317"
}


01:57:14.298 [pool-2-thread-5] DEBUG com.intuit.karate - response time in milliseconds: 688
1 < 200
1 < Cache-Control: public, max-age=0, must-revalidate
1 < Content-Type: application/json
1 < Date: Tue, 08 Jul 2025 06:57:04 GMT
1 < Server: Vercel
1 < Strict-Transport-Security: max-age=63072000; includeSubDomains; preload
1 < Vary: RSC, Next-Router-State-Tree, Next-Router-Prefetch, Next-Router-Segment-Prefetch
1 < X-Matched-Path: /api/asistencia-hoy/marcar
1 < X-Vercel-Cache: MISS
1 < X-Vercel-Id: gru1::iad1::zpjsk-1751957824404-1ce52d4cd694
1 < Transfer-Encoding: chunked
{
  "success": true,
  "message": "La asistencia ya había sido registrada anteriormente",
  "data": {
    "timestamp": 1751957824520,
    "desfaseSegundos": 3590,
    "esNuevoRegistro": false,
    "esRegistroPropio": false,
    "actorRegistrado": "PA",
    "tipoAsistencia": "personal"
  }
}


01:57:14.298 [pool-2-thread-5] DEBUG c.intuit.karate.core.ScenarioEngine - over-writing existing variable 'loginFeature' with new value: 'classpath:resources/features/login/Directivo.feature'
01:57:14.298 [pool-2-thread-5] DEBUG c.intuit.karate.core.ScenarioEngine - over-writing existing variable 'loginResponse' with new value: call read(loginFeature)
01:57:14.308 [pool-2-thread-5] DEBUG com.intuit.karate - request:
1 > POST https://api01-siasis-dev.vercel.app/api/login/directivo
1 > Cookie: Apellidos=Centeno%20Diaz; Google_Drive_Foto_ID=1Jv0B596JMyZMRO7MFcdXW0nN8AI7hFIe; Nombres=Jose; Genero=M; Rol=PA; token=eyJhbGciOiJIUzI1NiIsInR5cCI6IkpXVCJ9.eyJJRF9Vc3VhcmlvIjoiNDE4MDk5MTAiLCJOb21icmVfVXN1YXJpbyI6Impvc2VfY2VudGVub180MTgwIiwiUkRQMDJfSU5TVEFOQ0UiOiJSRFAwMl9JTlMyIiwiUkRQMDNfSU5TVEFOQ0UiOiJSRFAwM19JTlM1IiwiUm9sIjoiUEEiLCJpYXQiOjE3NTE5NTc4MjMsImV4cCI6MTc1MTk3NTgyM30.O-xAEyxp3hs_Yfprat74WjNSym82yF3jLMAXTH7qTaI
1 > Content-Type: application/json; charset=UTF-8
1 > Content-Length: 64
1 > Host: api01-siasis-dev.vercel.app
1 > Connection: Keep-Alive
1 > User-Agent: Apache-HttpClient/4.5.14 (Java/17.0.12)
1 > Accept-Encoding: gzip,deflate
{
  "Nombre_Usuario": "director.asuncion8",
  "Contraseña": "15430124"
}


01:57:14.418 [pool-2-thread-2] DEBUG com.intuit.karate - response time in milliseconds: 920
1 < 200
1 < Access-Control-Allow-Origin: *
1 < Cache-Control: public, max-age=0, must-revalidate
1 < Content-Length: 505
1 < Content-Type: application/json; charset=utf-8
1 < Date: Tue, 08 Jul 2025 06:57:04 GMT
1 < Etag: W/"1f9-CAER+ug+vcM57Iy4RVoJV3UNafg"
1 < Server: Vercel
1 < Strict-Transport-Security: max-age=63072000; includeSubDomains; preload
1 < X-Powered-By: Express
1 < X-Vercel-Cache: MISS
1 < X-Vercel-Id: gru1::iad1::kr4zd-1751957824299-413b7ff3516f
{
  "success": true,
  "message": "Inicio de sesión exitoso",
  "data": {
    "Apellidos": "Centeno Diaz",
    "Nombres": "Jose",
    "Rol": "PA",
    "token": "eyJhbGciOiJIUzI1NiIsInR5cCI6IkpXVCJ9.eyJJRF9Vc3VhcmlvIjoiNDE4MDk5MTAiLCJOb21icmVfVXN1YXJpbyI6Impvc2VfY2VudGVub180MTgwIiwiUkRQMDJfSU5TVEFOQ0UiOiJSRFAwMl9JTlMzIiwiUkRQMDNfSU5TVEFOQ0UiOiJSRFAwM19JTlMxIiwiUm9sIjoiUEEiLCJpYXQiOjE3NTE5NTc4MjQsImV4cCI6MTc1MTk3NTgyNH0.gAHv6CKeoBWed7KYq7RfEV4MZNib5BK0AV_pkzrGlSs",
    "Google_Drive_Foto_ID": "1Jv0B596JMyZMRO7MFcdXW0nN8AI7hFIe",
    "Genero": "M"
  }
}


01:57:14.418 [pool-2-thread-2] INFO  com.intuit.karate - [print] eyJhbGciOiJIUzI1NiIsInR5cCI6IkpXVCJ9.eyJJRF9Vc3VhcmlvIjoiNDE4MDk5MTAiLCJOb21icmVfVXN1YXJpbyI6Impvc2VfY2VudGVub180MTgwIiwiUkRQMDJfSU5TVEFOQ0UiOiJSRFAwMl9JTlMzIiwiUkRQMDNfSU5TVEFOQ0UiOiJSRFAwM19JTlMxIiwiUm9sIjoiUEEiLCJpYXQiOjE3NTE5NTc4MjQsImV4cCI6MTc1MTk3NTgyNH0.gAHv6CKeoBWed7KYq7RfEV4MZNib5BK0AV_pkzrGlSs 
01:57:14.418 [pool-2-thread-2] INFO  com.intuit.karate - [print] PA 
01:57:14.436 [pool-2-thread-2] DEBUG com.intuit.karate - request:
1 > POST https://api01-siasis-dev.vercel.app/api/login/directivo
1 > Content-Type: application/json; charset=UTF-8
1 > Content-Length: 64
1 > Host: api01-siasis-dev.vercel.app
1 > Connection: Keep-Alive
1 > User-Agent: Apache-HttpClient/4.5.14 (Java/17.0.12)
1 > Accept-Encoding: gzip,deflate
{
  "Nombre_Usuario": "director.asuncion8",
  "Contraseña": "15430124"
}


01:57:14.748 [pool-2-thread-1] DEBUG com.intuit.karate - response time in milliseconds: 992
1 < 200
1 < Access-Control-Allow-Origin: *
1 < Cache-Control: public, max-age=0, must-revalidate
1 < Content-Length: 522
1 < Content-Type: application/json; charset=utf-8
1 < Date: Tue, 08 Jul 2025 06:57:05 GMT
1 < Etag: W/"20a-QMAwEB+tqzvi3FVa+437QyDWWSE"
1 < Server: Vercel
1 < Strict-Transport-Security: max-age=63072000; includeSubDomains; preload
1 < X-Powered-By: Express
1 < X-Vercel-Cache: MISS
1 < X-Vercel-Id: gru1::iad1::lf27c-1751957824610-2708a4680b34
{
  "success": true,
  "message": "Inicio de sesión exitoso",
  "data": {
    "Apellidos": "Godoy Villarubia",
    "Nombres": "Marisol Ceferina",
    "Rol": "PP",
    "token": "eyJhbGciOiJIUzI1NiIsInR5cCI6IkpXVCJ9.eyJJRF9Vc3VhcmlvIjoiMTUzNzgzMTciLCJOb21icmVfVXN1YXJpbyI6Im1hcmlzb2xfZ29kb3lfMTUzNyIsIlJEUDAyX0lOU1RBTkNFIjoiUkRQMDJfSU5TMSIsIlJEUDAzX0lOU1RBTkNFIjoiUkRQMDNfSU5TMyIsIlJvbCI6IlBQIiwiaWF0IjoxNzUxOTU3ODI1LCJleHAiOjE3NTE5NzU4MjV9.StbJ-c9Iz8jLyu13esBdyraHGfHWMff8Hcc8DNfyynk",
    "Google_Drive_Foto_ID": "1p8FC3py693IjnMTa4uINq5lVSb9P3LBc",
    "Genero": "F"
  }
}


01:57:14.748 [pool-2-thread-1] INFO  com.intuit.karate - [print] eyJhbGciOiJIUzI1NiIsInR5cCI6IkpXVCJ9.eyJJRF9Vc3VhcmlvIjoiMTUzNzgzMTciLCJOb21icmVfVXN1YXJpbyI6Im1hcmlzb2xfZ29kb3lfMTUzNyIsIlJEUDAyX0lOU1RBTkNFIjoiUkRQMDJfSU5TMSIsIlJEUDAzX0lOU1RBTkNFIjoiUkRQMDNfSU5TMyIsIlJvbCI6IlBQIiwiaWF0IjoxNzUxOTU3ODI1LCJleHAiOjE3NTE5NzU4MjV9.StbJ-c9Iz8jLyu13esBdyraHGfHWMff8Hcc8DNfyynk 
01:57:14.748 [pool-2-thread-1] INFO  com.intuit.karate - [print] PP 
01:57:14.748 [pool-2-thread-4] DEBUG com.intuit.karate - response time in milliseconds: 1308
1 < 200
1 < Access-Control-Allow-Origin: *
1 < Cache-Control: public, max-age=0, must-revalidate
1 < Content-Length: 509
1 < Content-Type: application/json; charset=utf-8
1 < Date: Tue, 08 Jul 2025 06:57:05 GMT
1 < Etag: W/"1fd-cqaSJnOmPHc7zvR7afy/w9pz2nM"
1 < Server: Vercel
1 < Strict-Transport-Security: max-age=63072000; includeSubDomains; preload
1 < X-Powered-By: Express
1 < X-Vercel-Cache: MISS
1 < X-Vercel-Id: gru1::iad1::hxpww-1751957824242-5489b89e3906
{
  "success": true,
  "message": "Inicio de sesión exitoso",
  "data": {
    "Apellidos": "Cullanco Espilco",
    "Nombres": "Elena Serafina",
    "Rol": "D",
    "token": "eyJhbGciOiJIUzI1NiIsInR5cCI6IkpXVCJ9.eyJJRF9Vc3VhcmlvIjoiMSIsIk5vbWJyZV9Vc3VhcmlvIjoiZGlyZWN0b3IuYXN1bmNpb244IiwiUkRQMDJfSU5TVEFOQ0UiOiJSRFAwMl9JTlMyIiwiUkRQMDNfSU5TVEFOQ0UiOiJSRFAwM19JTlMzIiwiUm9sIjoiRCIsImlhdCI6MTc1MTk1NzgyNSwiZXhwIjoxNzUxOTc1ODI1fQ.rr2gAiYx5hqXRu2U4zv0ePm8YYH-W_ND3V14lg84D_8",
    "Google_Drive_Foto_ID": "1pMkv-ba_T2mBKxjp_zBTZtgWEjwxPxdu",
    "Genero": "F"
  }
}


01:57:14.748 [pool-2-thread-4] INFO  com.intuit.karate - [print] eyJhbGciOiJIUzI1NiIsInR5cCI6IkpXVCJ9.eyJJRF9Vc3VhcmlvIjoiMSIsIk5vbWJyZV9Vc3VhcmlvIjoiZGlyZWN0b3IuYXN1bmNpb244IiwiUkRQMDJfSU5TVEFOQ0UiOiJSRFAwMl9JTlMyIiwiUkRQMDNfSU5TVEFOQ0UiOiJSRFAwM19JTlMzIiwiUm9sIjoiRCIsImlhdCI6MTc1MTk1NzgyNSwiZXhwIjoxNzUxOTc1ODI1fQ.rr2gAiYx5hqXRu2U4zv0ePm8YYH-W_ND3V14lg84D_8 
01:57:14.748 [pool-2-thread-4] INFO  com.intuit.karate - [print] D 
01:57:14.766 [pool-2-thread-1] DEBUG com.intuit.karate - request:
1 > POST https://api01-siasis-dev.vercel.app/api/login/profesor-tutor-secundaria
1 > Content-Type: application/json; charset=UTF-8
1 > Content-Length: 67
1 > Host: api01-siasis-dev.vercel.app
1 > Connection: Keep-Alive
1 > User-Agent: Apache-HttpClient/4.5.14 (Java/17.0.12)
1 > Accept-Encoding: gzip,deflate
{
  "Nombre_Usuario": "david_apolinario_1537",
  "Contraseña": "15371028"
}


01:57:14.766 [pool-2-thread-4] DEBUG com.intuit.karate - request:
1 > POST https://api01-siasis-dev.vercel.app/api/login/profesor-tutor-secundaria
1 > Content-Type: application/json; charset=UTF-8
1 > Content-Length: 65
1 > Host: api01-siasis-dev.vercel.app
1 > Connection: Keep-Alive
1 > User-Agent: Apache-HttpClient/4.5.14 (Java/17.0.12)
1 > Accept-Encoding: gzip,deflate
{
  "Nombre_Usuario": "daniel_sanchez_1542",
  "Contraseña": "15420745"
}


01:57:14.828 [pool-2-thread-5] DEBUG com.intuit.karate - response time in milliseconds: 520
1 < 200
1 < Access-Control-Allow-Origin: *
1 < Cache-Control: public, max-age=0, must-revalidate
1 < Content-Length: 509
1 < Content-Type: application/json; charset=utf-8
1 < Date: Tue, 08 Jul 2025 06:57:05 GMT
1 < Etag: W/"1fd-Rp716B9FiKNl+cC1eVwFtPBz/kg"
1 < Server: Vercel
1 < Strict-Transport-Security: max-age=63072000; includeSubDomains; preload
1 < X-Powered-By: Express
1 < X-Vercel-Cache: MISS
1 < X-Vercel-Id: gru1::iad1::lrpdm-1751957825106-33228a361682
{
  "success": true,
  "message": "Inicio de sesión exitoso",
  "data": {
    "Apellidos": "Cullanco Espilco",
    "Nombres": "Elena Serafina",
    "Rol": "D",
    "token": "eyJhbGciOiJIUzI1NiIsInR5cCI6IkpXVCJ9.eyJJRF9Vc3VhcmlvIjoiMSIsIk5vbWJyZV9Vc3VhcmlvIjoiZGlyZWN0b3IuYXN1bmNpb244IiwiUkRQMDJfSU5TVEFOQ0UiOiJSRFAwMl9JTlMyIiwiUkRQMDNfSU5TVEFOQ0UiOiJSRFAwM19JTlM1IiwiUm9sIjoiRCIsImlhdCI6MTc1MTk1NzgyNSwiZXhwIjoxNzUxOTc1ODI1fQ.6LVRxKx5-x2SCAHHJUO3gWZTm-gzlheQMFGZFpQT0RM",
    "Google_Drive_Foto_ID": "1pMkv-ba_T2mBKxjp_zBTZtgWEjwxPxdu",
    "Genero": "F"
  }
}


01:57:14.831 [pool-2-thread-5] INFO  com.intuit.karate - [print] eyJhbGciOiJIUzI1NiIsInR5cCI6IkpXVCJ9.eyJJRF9Vc3VhcmlvIjoiMSIsIk5vbWJyZV9Vc3VhcmlvIjoiZGlyZWN0b3IuYXN1bmNpb244IiwiUkRQMDJfSU5TVEFOQ0UiOiJSRFAwMl9JTlMyIiwiUkRQMDNfSU5TVEFOQ0UiOiJSRFAwM19JTlM1IiwiUm9sIjoiRCIsImlhdCI6MTc1MTk1NzgyNSwiZXhwIjoxNzUxOTc1ODI1fQ.6LVRxKx5-x2SCAHHJUO3gWZTm-gzlheQMFGZFpQT0RM 
01:57:14.831 [pool-2-thread-5] INFO  com.intuit.karate - [print] D 
01:57:14.831 [pool-2-thread-5] DEBUG com.intuit.karate - request:
1 > POST https://siasis-dev.vercel.app/api/auth/login
1 > Cookie: Apellidos=Centeno%20Diaz; Google_Drive_Foto_ID=1Jv0B596JMyZMRO7MFcdXW0nN8AI7hFIe; Nombres=Jose; Genero=M; Rol=PA; token=eyJhbGciOiJIUzI1NiIsInR5cCI6IkpXVCJ9.eyJJRF9Vc3VhcmlvIjoiNDE4MDk5MTAiLCJOb21icmVfVXN1YXJpbyI6Impvc2VfY2VudGVub180MTgwIiwiUkRQMDJfSU5TVEFOQ0UiOiJSRFAwMl9JTlMyIiwiUkRQMDNfSU5TVEFOQ0UiOiJSRFAwM19JTlM1IiwiUm9sIjoiUEEiLCJpYXQiOjE3NTE5NTc4MjMsImV4cCI6MTc1MTk3NTgyM30.O-xAEyxp3hs_Yfprat74WjNSym82yF3jLMAXTH7qTaI
1 > Content-Type: application/json; charset=UTF-8
1 > Content-Length: 447
1 > Host: siasis-dev.vercel.app
1 > Connection: Keep-Alive
1 > User-Agent: Apache-HttpClient/4.5.14 (Java/17.0.12)
1 > Accept-Encoding: gzip,deflate
{
  "Nombres": "Elena Serafina",
  "Apellidos": "Cullanco Espilco",
  "token": "eyJhbGciOiJIUzI1NiIsInR5cCI6IkpXVCJ9.eyJJRF9Vc3VhcmlvIjoiMSIsIk5vbWJyZV9Vc3VhcmlvIjoiZGlyZWN0b3IuYXN1bmNpb244IiwiUkRQMDJfSU5TVEFOQ0UiOiJSRFAwMl9JTlMyIiwiUkRQMDNfSU5TVEFOQ0UiOiJSRFAwM19JTlM1IiwiUm9sIjoiRCIsImlhdCI6MTc1MTk1NzgyNSwiZXhwIjoxNzUxOTc1ODI1fQ.6LVRxKx5-x2SCAHHJUO3gWZTm-gzlheQMFGZFpQT0RM",
  "Genero": "F",
  "Google_Drive_Foto_ID": "1pMkv-ba_T2mBKxjp_zBTZtgWEjwxPxdu",
  "Rol": "D"
}


01:57:14.952 [pool-2-thread-3] DEBUG com.intuit.karate - response time in milliseconds: 1878
1 < 200
1 < Access-Control-Allow-Origin: *
1 < Cache-Control: public, max-age=0, must-revalidate
1 < Content-Length: 519
1 < Content-Type: application/json; charset=utf-8
1 < Date: Tue, 08 Jul 2025 06:57:05 GMT
1 < Etag: W/"207-bG/i6LNJXCgXQGZqbdrDa68bbwQ"
1 < Server: Vercel
1 < Strict-Transport-Security: max-age=63072000; includeSubDomains; preload
1 < X-Powered-By: Express
1 < X-Vercel-Cache: MISS
1 < X-Vercel-Id: gru1::iad1::zdj87-1751957823877-2b74d0e01e95
{
  "success": true,
  "message": "Inicio de sesión exitoso",
  "data": {
    "Apellidos": "Sanchez Gonzales",
    "Nombres": "Daniel Enrique",
    "Rol": "T",
    "token": "eyJhbGciOiJIUzI1NiIsInR5cCI6IkpXVCJ9.eyJJRF9Vc3VhcmlvIjoiMTU0MjA3NDUiLCJOb21icmVfVXN1YXJpbyI6ImRhbmllbF9zYW5jaGV6XzE1NDIiLCJSRFAwMl9JTlNUQU5DRSI6IlJEUDAyX0lOUzIiLCJSRFAwM19JTlNUQU5DRSI6IlJEUDAzX0lOUzMiLCJSb2wiOiJUIiwiaWF0IjoxNzUxOTU3ODI1LCJleHAiOjE3NTE5NzU4MjV9.bzdqwfeQXqk4Dx01g9ASzevjqkbIt_KjILJvuDLqUd0",
    "Google_Drive_Foto_ID": "14aAaksU7TNE6kOiFsRt4m5y2LSvnat1b",
    "Genero": "M"
  }
}


01:57:14.952 [pool-2-thread-3] INFO  com.intuit.karate - [print] eyJhbGciOiJIUzI1NiIsInR5cCI6IkpXVCJ9.eyJJRF9Vc3VhcmlvIjoiMTU0MjA3NDUiLCJOb21icmVfVXN1YXJpbyI6ImRhbmllbF9zYW5jaGV6XzE1NDIiLCJSRFAwMl9JTlNUQU5DRSI6IlJEUDAyX0lOUzIiLCJSRFAwM19JTlNUQU5DRSI6IlJEUDAzX0lOUzMiLCJSb2wiOiJUIiwiaWF0IjoxNzUxOTU3ODI1LCJleHAiOjE3NTE5NzU4MjV9.bzdqwfeQXqk4Dx01g9ASzevjqkbIt_KjILJvuDLqUd0 
01:57:14.952 [pool-2-thread-3] INFO  com.intuit.karate - [print] T 
01:57:14.972 [pool-2-thread-3] DEBUG com.intuit.karate - request:
1 > POST https://api01-siasis-dev.vercel.app/api/login/profesor-primaria
1 > Content-Type: application/json; charset=UTF-8
1 > Content-Length: 64
1 > Host: api01-siasis-dev.vercel.app
1 > Connection: Keep-Alive
1 > User-Agent: Apache-HttpClient/4.5.14 (Java/17.0.12)
1 > Accept-Encoding: gzip,deflate
{
  "Nombre_Usuario": "marisol_godoy_1537",
  "Contraseña": "15378317"
}


01:57:14.993 [pool-2-thread-2] DEBUG com.intuit.karate - response time in milliseconds: 557
1 < 200
1 < Access-Control-Allow-Origin: *
1 < Cache-Control: public, max-age=0, must-revalidate
1 < Content-Length: 509
1 < Content-Type: application/json; charset=utf-8
1 < Date: Tue, 08 Jul 2025 06:57:05 GMT
1 < Etag: W/"1fd-Rp716B9FiKNl+cC1eVwFtPBz/kg"
1 < Server: Vercel
1 < Strict-Transport-Security: max-age=63072000; includeSubDomains; preload
1 < X-Powered-By: Express
1 < X-Vercel-Cache: MISS
1 < X-Vercel-Id: gru1::iad1::bdvft-1751957825274-3fe097e04dea
{
  "success": true,
  "message": "Inicio de sesión exitoso",
  "data": {
    "Apellidos": "Cullanco Espilco",
    "Nombres": "Elena Serafina",
    "Rol": "D",
    "token": "eyJhbGciOiJIUzI1NiIsInR5cCI6IkpXVCJ9.eyJJRF9Vc3VhcmlvIjoiMSIsIk5vbWJyZV9Vc3VhcmlvIjoiZGlyZWN0b3IuYXN1bmNpb244IiwiUkRQMDJfSU5TVEFOQ0UiOiJSRFAwMl9JTlMyIiwiUkRQMDNfSU5TVEFOQ0UiOiJSRFAwM19JTlM1IiwiUm9sIjoiRCIsImlhdCI6MTc1MTk1NzgyNSwiZXhwIjoxNzUxOTc1ODI1fQ.6LVRxKx5-x2SCAHHJUO3gWZTm-gzlheQMFGZFpQT0RM",
    "Google_Drive_Foto_ID": "1pMkv-ba_T2mBKxjp_zBTZtgWEjwxPxdu",
    "Genero": "F"
  }
}


01:57:14.998 [pool-2-thread-2] INFO  com.intuit.karate - [print] eyJhbGciOiJIUzI1NiIsInR5cCI6IkpXVCJ9.eyJJRF9Vc3VhcmlvIjoiMSIsIk5vbWJyZV9Vc3VhcmlvIjoiZGlyZWN0b3IuYXN1bmNpb244IiwiUkRQMDJfSU5TVEFOQ0UiOiJSRFAwMl9JTlMyIiwiUkRQMDNfSU5TVEFOQ0UiOiJSRFAwM19JTlM1IiwiUm9sIjoiRCIsImlhdCI6MTc1MTk1NzgyNSwiZXhwIjoxNzUxOTc1ODI1fQ.6LVRxKx5-x2SCAHHJUO3gWZTm-gzlheQMFGZFpQT0RM 
01:57:14.998 [pool-2-thread-2] INFO  com.intuit.karate - [print] D 
01:57:14.999 [pool-2-thread-2] DEBUG com.intuit.karate - request:
1 > POST https://siasis-dev.vercel.app/api/auth/login
1 > Content-Type: application/json; charset=UTF-8
1 > Content-Length: 447
1 > Host: siasis-dev.vercel.app
1 > Connection: Keep-Alive
1 > User-Agent: Apache-HttpClient/4.5.14 (Java/17.0.12)
1 > Accept-Encoding: gzip,deflate
{
  "Nombres": "Elena Serafina",
  "Apellidos": "Cullanco Espilco",
  "token": "eyJhbGciOiJIUzI1NiIsInR5cCI6IkpXVCJ9.eyJJRF9Vc3VhcmlvIjoiMSIsIk5vbWJyZV9Vc3VhcmlvIjoiZGlyZWN0b3IuYXN1bmNpb244IiwiUkRQMDJfSU5TVEFOQ0UiOiJSRFAwMl9JTlMyIiwiUkRQMDNfSU5TVEFOQ0UiOiJSRFAwM19JTlM1IiwiUm9sIjoiRCIsImlhdCI6MTc1MTk1NzgyNSwiZXhwIjoxNzUxOTc1ODI1fQ.6LVRxKx5-x2SCAHHJUO3gWZTm-gzlheQMFGZFpQT0RM",
  "Genero": "F",
  "Google_Drive_Foto_ID": "1pMkv-ba_T2mBKxjp_zBTZtgWEjwxPxdu",
  "Rol": "D"
}


01:57:15.248 [pool-2-thread-5] DEBUG com.intuit.karate - response time in milliseconds: 417
1 < 201
1 < Cache-Control: public, max-age=0, must-revalidate
1 < Content-Length: 0
1 < Date: Tue, 08 Jul 2025 06:57:05 GMT
1 < Server: Vercel
1 < Set-Cookie: Nombres=Elena%20Serafina; Max-Age=18000; Path=/; HttpOnly; Secure; SameSite=Lax
1 < Set-Cookie: Apellidos=Cullanco%20Espilco; Max-Age=18000; Path=/; HttpOnly; Secure; SameSite=Lax
1 < Set-Cookie: Rol=D; Max-Age=18000; Path=/; HttpOnly; Secure; SameSite=Lax
1 < Set-Cookie: token=eyJhbGciOiJIUzI1NiIsInR5cCI6IkpXVCJ9.eyJJRF9Vc3VhcmlvIjoiMSIsIk5vbWJyZV9Vc3VhcmlvIjoiZGlyZWN0b3IuYXN1bmNpb244IiwiUkRQMDJfSU5TVEFOQ0UiOiJSRFAwMl9JTlMyIiwiUkRQMDNfSU5TVEFOQ0UiOiJSRFAwM19JTlM1IiwiUm9sIjoiRCIsImlhdCI6MTc1MTk1NzgyNSwiZXhwIjoxNzUxOTc1ODI1fQ.6LVRxKx5-x2SCAHHJUO3gWZTm-gzlheQMFGZFpQT0RM; Max-Age=18000; Path=/; HttpOnly; Secure; SameSite=Lax
1 < Set-Cookie: Genero=F; Max-Age=18000; Path=/; HttpOnly; Secure; SameSite=Lax
1 < Set-Cookie: Google_Drive_Foto_ID=1pMkv-ba_T2mBKxjp_zBTZtgWEjwxPxdu; Max-Age=18000; Path=/; HttpOnly; Secure; SameSite=Lax
1 < Strict-Transport-Security: max-age=63072000; includeSubDomains; preload
1 < Vary: RSC, Next-Router-State-Tree, Next-Router-Prefetch, Next-Router-Segment-Prefetch
1 < X-Matched-Path: /api/auth/login
1 < X-Vercel-Cache: MISS
1 < X-Vercel-Id: gru1::iad1::cq8gr-1751957825628-3b56a90d730e


01:57:15.248 [pool-2-thread-5] DEBUG com.intuit.karate - request:
1 > GET https://siasis-dev.vercel.app/api/asistencia-hoy/consultar-asistencias-tomadas?Actor=PA&TipoAsistencia=personal&ModoRegistro=E
1 > Cookie: Apellidos=Cullanco%20Espilco; Google_Drive_Foto_ID=1pMkv-ba_T2mBKxjp_zBTZtgWEjwxPxdu; Nombres=Elena%20Serafina; Genero=F; Rol=D; token=eyJhbGciOiJIUzI1NiIsInR5cCI6IkpXVCJ9.eyJJRF9Vc3VhcmlvIjoiMSIsIk5vbWJyZV9Vc3VhcmlvIjoiZGlyZWN0b3IuYXN1bmNpb244IiwiUkRQMDJfSU5TVEFOQ0UiOiJSRFAwMl9JTlMyIiwiUkRQMDNfSU5TVEFOQ0UiOiJSRFAwM19JTlM1IiwiUm9sIjoiRCIsImlhdCI6MTc1MTk1NzgyNSwiZXhwIjoxNzUxOTc1ODI1fQ.6LVRxKx5-x2SCAHHJUO3gWZTm-gzlheQMFGZFpQT0RM
1 > Host: siasis-dev.vercel.app
1 > Connection: Keep-Alive
1 > User-Agent: Apache-HttpClient/4.5.14 (Java/17.0.12)
1 > Accept-Encoding: gzip,deflate


01:57:15.523 [pool-2-thread-4] DEBUG com.intuit.karate - response time in milliseconds: 757
1 < 200
1 < Access-Control-Allow-Origin: *
1 < Cache-Control: public, max-age=0, must-revalidate
1 < Content-Length: 519
1 < Content-Type: application/json; charset=utf-8
1 < Date: Tue, 08 Jul 2025 06:57:05 GMT
1 < Etag: W/"207-er8mrNpoY/jj1Pp5HgsPHoWZw60"
1 < Server: Vercel
1 < Strict-Transport-Security: max-age=63072000; includeSubDomains; preload
1 < X-Powered-By: Express
1 < X-Vercel-Cache: MISS
1 < X-Vercel-Id: gru1::iad1::zpjsk-1751957825563-c402347d31f8
{
  "success": true,
  "message": "Inicio de sesión exitoso",
  "data": {
    "Apellidos": "Sanchez Gonzales",
    "Nombres": "Daniel Enrique",
    "Rol": "T",
    "token": "eyJhbGciOiJIUzI1NiIsInR5cCI6IkpXVCJ9.eyJJRF9Vc3VhcmlvIjoiMTU0MjA3NDUiLCJOb21icmVfVXN1YXJpbyI6ImRhbmllbF9zYW5jaGV6XzE1NDIiLCJSRFAwMl9JTlNUQU5DRSI6IlJEUDAyX0lOUzMiLCJSRFAwM19JTlNUQU5DRSI6IlJEUDAzX0lOUzQiLCJSb2wiOiJUIiwiaWF0IjoxNzUxOTU3ODI1LCJleHAiOjE3NTE5NzU4MjV9.c-3LxOxMxpuov1SiIkcZKYpIAPNd32fGG5DITowHV_Y",
    "Google_Drive_Foto_ID": "11vFEZVR5o-6mSwWCCy4L6tRuzVilr0i9",
    "Genero": "M"
  }
}


01:57:15.523 [pool-2-thread-1] DEBUG com.intuit.karate - response time in milliseconds: 757
1 < 200
1 < Access-Control-Allow-Origin: *
1 < Cache-Control: public, max-age=0, must-revalidate
1 < Content-Length: 523
1 < Content-Type: application/json; charset=utf-8
1 < Date: Tue, 08 Jul 2025 06:57:05 GMT
1 < Etag: W/"20b-x5HEWuOXcq6Ph+SAwCy9vmuCDSE"
1 < Server: Vercel
1 < Strict-Transport-Security: max-age=63072000; includeSubDomains; preload
1 < X-Powered-By: Express
1 < X-Vercel-Cache: MISS
1 < X-Vercel-Id: gru1::iad1::hxpww-1751957825569-142b18bcff25
{
  "success": true,
  "message": "Inicio de sesión exitoso",
  "data": {
    "Apellidos": "Apolinario Quispe",
    "Nombres": "David Julian",
    "Rol": "PS",
    "token": "eyJhbGciOiJIUzI1NiIsInR5cCI6IkpXVCJ9.eyJJRF9Vc3VhcmlvIjoiMTUzNzEwMjgiLCJOb21icmVfVXN1YXJpbyI6ImRhdmlkX2Fwb2xpbmFyaW9fMTUzNyIsIlJEUDAyX0lOU1RBTkNFIjoiUkRQMDJfSU5TMiIsIlJEUDAzX0lOU1RBTkNFIjoiUkRQMDNfSU5TNCIsIlJvbCI6IlBTIiwiaWF0IjoxNzUxOTU3ODI1LCJleHAiOjE3NTE5NzU4MjV9.eZb0qsXNFxxaCbrOObeNqreLyv8VdIzzC1KS0vSv1VY",
    "Google_Drive_Foto_ID": "1Kvyn3lWOxzuURkPFBSGCPHmTshBUXAZg",
    "Genero": "M"
  }
}


01:57:15.523 [pool-2-thread-2] DEBUG com.intuit.karate - response time in milliseconds: 524
1 < 201
1 < Cache-Control: public, max-age=0, must-revalidate
1 < Content-Length: 0
1 < Date: Tue, 08 Jul 2025 06:57:05 GMT
1 < Server: Vercel
1 < Set-Cookie: Nombres=Elena%20Serafina; Max-Age=18000; Path=/; HttpOnly; Secure; SameSite=Lax
1 < Set-Cookie: Apellidos=Cullanco%20Espilco; Max-Age=18000; Path=/; HttpOnly; Secure; SameSite=Lax
1 < Set-Cookie: Rol=D; Max-Age=18000; Path=/; HttpOnly; Secure; SameSite=Lax
1 < Set-Cookie: token=eyJhbGciOiJIUzI1NiIsInR5cCI6IkpXVCJ9.eyJJRF9Vc3VhcmlvIjoiMSIsIk5vbWJyZV9Vc3VhcmlvIjoiZGlyZWN0b3IuYXN1bmNpb244IiwiUkRQMDJfSU5TVEFOQ0UiOiJSRFAwMl9JTlMyIiwiUkRQMDNfSU5TVEFOQ0UiOiJSRFAwM19JTlM1IiwiUm9sIjoiRCIsImlhdCI6MTc1MTk1NzgyNSwiZXhwIjoxNzUxOTc1ODI1fQ.6LVRxKx5-x2SCAHHJUO3gWZTm-gzlheQMFGZFpQT0RM; Max-Age=18000; Path=/; HttpOnly; Secure; SameSite=Lax
1 < Set-Cookie: Genero=F; Max-Age=18000; Path=/; HttpOnly; Secure; SameSite=Lax
1 < Set-Cookie: Google_Drive_Foto_ID=1pMkv-ba_T2mBKxjp_zBTZtgWEjwxPxdu; Max-Age=18000; Path=/; HttpOnly; Secure; SameSite=Lax
1 < Strict-Transport-Security: max-age=63072000; includeSubDomains; preload
1 < Vary: RSC, Next-Router-State-Tree, Next-Router-Prefetch, Next-Router-Segment-Prefetch
1 < X-Matched-Path: /api/auth/login
1 < X-Vercel-Cache: MISS
1 < X-Vercel-Id: gru1::iad1::zpjsk-1751957825841-b73c1143b60c


01:57:15.523 [pool-2-thread-1] INFO  com.intuit.karate - [print] eyJhbGciOiJIUzI1NiIsInR5cCI6IkpXVCJ9.eyJJRF9Vc3VhcmlvIjoiMTUzNzEwMjgiLCJOb21icmVfVXN1YXJpbyI6ImRhdmlkX2Fwb2xpbmFyaW9fMTUzNyIsIlJEUDAyX0lOU1RBTkNFIjoiUkRQMDJfSU5TMiIsIlJEUDAzX0lOU1RBTkNFIjoiUkRQMDNfSU5TNCIsIlJvbCI6IlBTIiwiaWF0IjoxNzUxOTU3ODI1LCJleHAiOjE3NTE5NzU4MjV9.eZb0qsXNFxxaCbrOObeNqreLyv8VdIzzC1KS0vSv1VY 
01:57:15.526 [pool-2-thread-4] INFO  com.intuit.karate - [print] eyJhbGciOiJIUzI1NiIsInR5cCI6IkpXVCJ9.eyJJRF9Vc3VhcmlvIjoiMTU0MjA3NDUiLCJOb21icmVfVXN1YXJpbyI6ImRhbmllbF9zYW5jaGV6XzE1NDIiLCJSRFAwMl9JTlNUQU5DRSI6IlJEUDAyX0lOUzMiLCJSRFAwM19JTlNUQU5DRSI6IlJEUDAzX0lOUzQiLCJSb2wiOiJUIiwiaWF0IjoxNzUxOTU3ODI1LCJleHAiOjE3NTE5NzU4MjV9.c-3LxOxMxpuov1SiIkcZKYpIAPNd32fGG5DITowHV_Y 
01:57:15.526 [pool-2-thread-1] INFO  com.intuit.karate - [print] PS 
01:57:15.526 [pool-2-thread-4] INFO  com.intuit.karate - [print] T 
01:57:15.528 [pool-2-thread-4] DEBUG com.intuit.karate - request:
1 > POST https://siasis-dev.vercel.app/api/auth/login
1 > Content-Type: application/json; charset=UTF-8
1 > Content-Length: 457
1 > Host: siasis-dev.vercel.app
1 > Connection: Keep-Alive
1 > User-Agent: Apache-HttpClient/4.5.14 (Java/17.0.12)
1 > Accept-Encoding: gzip,deflate
{
  "Nombres": "Daniel Enrique",
  "Apellidos": "Sanchez Gonzales",
  "token": "eyJhbGciOiJIUzI1NiIsInR5cCI6IkpXVCJ9.eyJJRF9Vc3VhcmlvIjoiMTU0MjA3NDUiLCJOb21icmVfVXN1YXJpbyI6ImRhbmllbF9zYW5jaGV6XzE1NDIiLCJSRFAwMl9JTlNUQU5DRSI6IlJEUDAyX0lOUzMiLCJSRFAwM19JTlNUQU5DRSI6IlJEUDAzX0lOUzQiLCJSb2wiOiJUIiwiaWF0IjoxNzUxOTU3ODI1LCJleHAiOjE3NTE5NzU4MjV9.c-3LxOxMxpuov1SiIkcZKYpIAPNd32fGG5DITowHV_Y",
  "Genero": "M",
  "Google_Drive_Foto_ID": "11vFEZVR5o-6mSwWCCy4L6tRuzVilr0i9",
  "Rol": "T"
}


01:57:15.528 [pool-2-thread-1] DEBUG com.intuit.karate - request:
1 > POST https://siasis-dev.vercel.app/api/auth/login
1 > Content-Type: application/json; charset=UTF-8
1 > Content-Length: 461
1 > Host: siasis-dev.vercel.app
1 > Connection: Keep-Alive
1 > User-Agent: Apache-HttpClient/4.5.14 (Java/17.0.12)
1 > Accept-Encoding: gzip,deflate
{
  "Nombres": "David Julian",
  "Apellidos": "Apolinario Quispe",
  "token": "eyJhbGciOiJIUzI1NiIsInR5cCI6IkpXVCJ9.eyJJRF9Vc3VhcmlvIjoiMTUzNzEwMjgiLCJOb21icmVfVXN1YXJpbyI6ImRhdmlkX2Fwb2xpbmFyaW9fMTUzNyIsIlJEUDAyX0lOU1RBTkNFIjoiUkRQMDJfSU5TMiIsIlJEUDAzX0lOU1RBTkNFIjoiUkRQMDNfSU5TNCIsIlJvbCI6IlBTIiwiaWF0IjoxNzUxOTU3ODI1LCJleHAiOjE3NTE5NzU4MjV9.eZb0qsXNFxxaCbrOObeNqreLyv8VdIzzC1KS0vSv1VY",
  "Genero": "M",
  "Google_Drive_Foto_ID": "1Kvyn3lWOxzuURkPFBSGCPHmTshBUXAZg",
  "Rol": "PS"
}


01:57:15.542 [pool-2-thread-2] DEBUG com.intuit.karate - request:
1 > POST https://api01-siasis-dev.vercel.app/api/login/personal-administrativo
1 > Content-Type: application/json; charset=UTF-8
1 > Content-Length: 63
1 > Host: api01-siasis-dev.vercel.app
1 > Connection: Keep-Alive
1 > User-Agent: Apache-HttpClient/4.5.14 (Java/17.0.12)
1 > Accept-Encoding: gzip,deflate
{
  "Nombre_Usuario": "jose_centeno_4180",
  "Contraseña": "41809910"
}


01:57:15.573 [pool-2-thread-3] DEBUG com.intuit.karate - response time in milliseconds: 601
1 < 200
1 < Access-Control-Allow-Origin: *
1 < Cache-Control: public, max-age=0, must-revalidate
1 < Content-Length: 522
1 < Content-Type: application/json; charset=utf-8
1 < Date: Tue, 08 Jul 2025 06:57:06 GMT
1 < Etag: W/"20a-b05g7+POeEHDBkmr9D6L+rg8opw"
1 < Server: Vercel
1 < Strict-Transport-Security: max-age=63072000; includeSubDomains; preload
1 < X-Powered-By: Express
1 < X-Vercel-Cache: MISS
1 < X-Vercel-Id: gru1::iad1::bdvft-1751957825843-c4cf06b30691
{
  "success": true,
  "message": "Inicio de sesión exitoso",
  "data": {
    "Apellidos": "Godoy Villarubia",
    "Nombres": "Marisol Ceferina",
    "Rol": "PP",
    "token": "eyJhbGciOiJIUzI1NiIsInR5cCI6IkpXVCJ9.eyJJRF9Vc3VhcmlvIjoiMTUzNzgzMTciLCJOb21icmVfVXN1YXJpbyI6Im1hcmlzb2xfZ29kb3lfMTUzNyIsIlJEUDAyX0lOU1RBTkNFIjoiUkRQMDJfSU5TMSIsIlJEUDAzX0lOU1RBTkNFIjoiUkRQMDNfSU5TMiIsIlJvbCI6IlBQIiwiaWF0IjoxNzUxOTU3ODI2LCJleHAiOjE3NTE5NzU4MjZ9.1kKdIMIavzXm6gB5lbqhl7rThvHFKT1AOwTZsK8pp9M",
    "Google_Drive_Foto_ID": "1p8FC3py693IjnMTa4uINq5lVSb9P3LBc",
    "Genero": "F"
  }
}


01:57:15.578 [pool-2-thread-3] INFO  com.intuit.karate - [print] eyJhbGciOiJIUzI1NiIsInR5cCI6IkpXVCJ9.eyJJRF9Vc3VhcmlvIjoiMTUzNzgzMTciLCJOb21icmVfVXN1YXJpbyI6Im1hcmlzb2xfZ29kb3lfMTUzNyIsIlJEUDAyX0lOU1RBTkNFIjoiUkRQMDJfSU5TMSIsIlJEUDAzX0lOU1RBTkNFIjoiUkRQMDNfSU5TMiIsIlJvbCI6IlBQIiwiaWF0IjoxNzUxOTU3ODI2LCJleHAiOjE3NTE5NzU4MjZ9.1kKdIMIavzXm6gB5lbqhl7rThvHFKT1AOwTZsK8pp9M 
01:57:15.578 [pool-2-thread-3] INFO  com.intuit.karate - [print] PP 
01:57:15.578 [pool-2-thread-3] DEBUG com.intuit.karate - request:
1 > POST https://siasis-dev.vercel.app/api/auth/login
1 > Content-Type: application/json; charset=UTF-8
1 > Content-Length: 460
1 > Host: siasis-dev.vercel.app
1 > Connection: Keep-Alive
1 > User-Agent: Apache-HttpClient/4.5.14 (Java/17.0.12)
1 > Accept-Encoding: gzip,deflate
{
  "Nombres": "Marisol Ceferina",
  "Apellidos": "Godoy Villarubia",
  "token": "eyJhbGciOiJIUzI1NiIsInR5cCI6IkpXVCJ9.eyJJRF9Vc3VhcmlvIjoiMTUzNzgzMTciLCJOb21icmVfVXN1YXJpbyI6Im1hcmlzb2xfZ29kb3lfMTUzNyIsIlJEUDAyX0lOU1RBTkNFIjoiUkRQMDJfSU5TMSIsIlJEUDAzX0lOU1RBTkNFIjoiUkRQMDNfSU5TMiIsIlJvbCI6IlBQIiwiaWF0IjoxNzUxOTU3ODI2LCJleHAiOjE3NTE5NzU4MjZ9.1kKdIMIavzXm6gB5lbqhl7rThvHFKT1AOwTZsK8pp9M",
  "Genero": "F",
  "Google_Drive_Foto_ID": "1p8FC3py693IjnMTa4uINq5lVSb9P3LBc",
  "Rol": "PP"
}


01:57:16.028 [pool-2-thread-1] DEBUG com.intuit.karate - response time in milliseconds: 500
1 < 201
1 < Cache-Control: public, max-age=0, must-revalidate
1 < Content-Length: 0
1 < Date: Tue, 08 Jul 2025 06:57:06 GMT
1 < Server: Vercel
1 < Set-Cookie: Nombres=David%20Julian; Max-Age=18000; Path=/; HttpOnly; Secure; SameSite=Lax
1 < Set-Cookie: Apellidos=Apolinario%20Quispe; Max-Age=18000; Path=/; HttpOnly; Secure; SameSite=Lax
1 < Set-Cookie: Rol=PS; Max-Age=18000; Path=/; HttpOnly; Secure; SameSite=Lax
1 < Set-Cookie: token=eyJhbGciOiJIUzI1NiIsInR5cCI6IkpXVCJ9.eyJJRF9Vc3VhcmlvIjoiMTUzNzEwMjgiLCJOb21icmVfVXN1YXJpbyI6ImRhdmlkX2Fwb2xpbmFyaW9fMTUzNyIsIlJEUDAyX0lOU1RBTkNFIjoiUkRQMDJfSU5TMiIsIlJEUDAzX0lOU1RBTkNFIjoiUkRQMDNfSU5TNCIsIlJvbCI6IlBTIiwiaWF0IjoxNzUxOTU3ODI1LCJleHAiOjE3NTE5NzU4MjV9.eZb0qsXNFxxaCbrOObeNqreLyv8VdIzzC1KS0vSv1VY; Max-Age=18000; Path=/; HttpOnly; Secure; SameSite=Lax
1 < Set-Cookie: Genero=M; Max-Age=18000; Path=/; HttpOnly; Secure; SameSite=Lax
1 < Set-Cookie: Google_Drive_Foto_ID=1Kvyn3lWOxzuURkPFBSGCPHmTshBUXAZg; Max-Age=18000; Path=/; HttpOnly; Secure; SameSite=Lax
1 < Strict-Transport-Security: max-age=63072000; includeSubDomains; preload
1 < Vary: RSC, Next-Router-State-Tree, Next-Router-Prefetch, Next-Router-Segment-Prefetch
1 < X-Matched-Path: /api/auth/login
1 < X-Vercel-Cache: MISS
1 < X-Vercel-Id: gru1::iad1::bsmv9-1751957826334-01cd8dcf4d89


01:57:16.028 [pool-2-thread-4] DEBUG com.intuit.karate - response time in milliseconds: 500
1 < 201
1 < Cache-Control: public, max-age=0, must-revalidate
1 < Content-Length: 0
1 < Date: Tue, 08 Jul 2025 06:57:06 GMT
1 < Server: Vercel
1 < Set-Cookie: Nombres=Daniel%20Enrique; Max-Age=18000; Path=/; HttpOnly; Secure; SameSite=Lax
1 < Set-Cookie: Apellidos=Sanchez%20Gonzales; Max-Age=18000; Path=/; HttpOnly; Secure; SameSite=Lax
1 < Set-Cookie: Rol=T; Max-Age=18000; Path=/; HttpOnly; Secure; SameSite=Lax
1 < Set-Cookie: token=eyJhbGciOiJIUzI1NiIsInR5cCI6IkpXVCJ9.eyJJRF9Vc3VhcmlvIjoiMTU0MjA3NDUiLCJOb21icmVfVXN1YXJpbyI6ImRhbmllbF9zYW5jaGV6XzE1NDIiLCJSRFAwMl9JTlNUQU5DRSI6IlJEUDAyX0lOUzMiLCJSRFAwM19JTlNUQU5DRSI6IlJEUDAzX0lOUzQiLCJSb2wiOiJUIiwiaWF0IjoxNzUxOTU3ODI1LCJleHAiOjE3NTE5NzU4MjV9.c-3LxOxMxpuov1SiIkcZKYpIAPNd32fGG5DITowHV_Y; Max-Age=18000; Path=/; HttpOnly; Secure; SameSite=Lax
1 < Set-Cookie: Genero=M; Max-Age=18000; Path=/; HttpOnly; Secure; SameSite=Lax
1 < Set-Cookie: Google_Drive_Foto_ID=11vFEZVR5o-6mSwWCCy4L6tRuzVilr0i9; Max-Age=18000; Path=/; HttpOnly; Secure; SameSite=Lax
1 < Strict-Transport-Security: max-age=63072000; includeSubDomains; preload
1 < Vary: RSC, Next-Router-State-Tree, Next-Router-Prefetch, Next-Router-Segment-Prefetch
1 < X-Matched-Path: /api/auth/login
1 < X-Vercel-Cache: MISS
1 < X-Vercel-Id: gru1::iad1::hxpww-1751957826336-570a4912193c


01:57:16.028 [pool-2-thread-3] DEBUG com.intuit.karate - response time in milliseconds: 450
1 < 201
1 < Cache-Control: public, max-age=0, must-revalidate
1 < Content-Length: 0
1 < Date: Tue, 08 Jul 2025 06:57:06 GMT
1 < Server: Vercel
1 < Set-Cookie: Nombres=Marisol%20Ceferina; Max-Age=18000; Path=/; HttpOnly; Secure; SameSite=Lax
1 < Set-Cookie: Apellidos=Godoy%20Villarubia; Max-Age=18000; Path=/; HttpOnly; Secure; SameSite=Lax
1 < Set-Cookie: Rol=PP; Max-Age=18000; Path=/; HttpOnly; Secure; SameSite=Lax
1 < Set-Cookie: token=eyJhbGciOiJIUzI1NiIsInR5cCI6IkpXVCJ9.eyJJRF9Vc3VhcmlvIjoiMTUzNzgzMTciLCJOb21icmVfVXN1YXJpbyI6Im1hcmlzb2xfZ29kb3lfMTUzNyIsIlJEUDAyX0lOU1RBTkNFIjoiUkRQMDJfSU5TMSIsIlJEUDAzX0lOU1RBTkNFIjoiUkRQMDNfSU5TMiIsIlJvbCI6IlBQIiwiaWF0IjoxNzUxOTU3ODI2LCJleHAiOjE3NTE5NzU4MjZ9.1kKdIMIavzXm6gB5lbqhl7rThvHFKT1AOwTZsK8pp9M; Max-Age=18000; Path=/; HttpOnly; Secure; SameSite=Lax
1 < Set-Cookie: Genero=F; Max-Age=18000; Path=/; HttpOnly; Secure; SameSite=Lax
1 < Set-Cookie: Google_Drive_Foto_ID=1p8FC3py693IjnMTa4uINq5lVSb9P3LBc; Max-Age=18000; Path=/; HttpOnly; Secure; SameSite=Lax
1 < Strict-Transport-Security: max-age=63072000; includeSubDomains; preload
1 < Vary: RSC, Next-Router-State-Tree, Next-Router-Prefetch, Next-Router-Segment-Prefetch
1 < X-Matched-Path: /api/auth/login
1 < X-Vercel-Cache: MISS
1 < X-Vercel-Id: gru1::iad1::cmdlq-1751957826378-b5ba430ae20c


01:57:16.088 [pool-2-thread-2] DEBUG com.intuit.karate - response time in milliseconds: 546
1 < 200
1 < Access-Control-Allow-Origin: *
1 < Cache-Control: public, max-age=0, must-revalidate
1 < Content-Length: 505
1 < Content-Type: application/json; charset=utf-8
1 < Date: Tue, 08 Jul 2025 06:57:06 GMT
1 < Etag: W/"1f9-KvzD46to8+T2ZogWSKD5RyldE/g"
1 < Server: Vercel
1 < Strict-Transport-Security: max-age=63072000; includeSubDomains; preload
1 < X-Powered-By: Express
1 < X-Vercel-Cache: MISS
1 < X-Vercel-Id: gru1::iad1::lrpdm-1751957826336-f355cbc4d513
{
  "success": true,
  "message": "Inicio de sesión exitoso",
  "data": {
    "Apellidos": "Centeno Diaz",
    "Nombres": "Jose",
    "Rol": "PA",
    "token": "eyJhbGciOiJIUzI1NiIsInR5cCI6IkpXVCJ9.eyJJRF9Vc3VhcmlvIjoiNDE4MDk5MTAiLCJOb21icmVfVXN1YXJpbyI6Impvc2VfY2VudGVub180MTgwIiwiUkRQMDJfSU5TVEFOQ0UiOiJSRFAwMl9JTlMxIiwiUkRQMDNfSU5TVEFOQ0UiOiJSRFAwM19JTlM1IiwiUm9sIjoiUEEiLCJpYXQiOjE3NTE5NTc4MjYsImV4cCI6MTc1MTk3NTgyNn0.5hzoAgActHdJfo4bpO8v7RLbegcuJ798rlfHNiqpZEs",
    "Google_Drive_Foto_ID": "1sU6Vjh0xUDJ3oT2Za_t41Q1QqUte2bHy",
    "Genero": "M"
  }
}


01:57:16.091 [pool-2-thread-2] INFO  com.intuit.karate - [print] eyJhbGciOiJIUzI1NiIsInR5cCI6IkpXVCJ9.eyJJRF9Vc3VhcmlvIjoiNDE4MDk5MTAiLCJOb21icmVfVXN1YXJpbyI6Impvc2VfY2VudGVub180MTgwIiwiUkRQMDJfSU5TVEFOQ0UiOiJSRFAwMl9JTlMxIiwiUkRQMDNfSU5TVEFOQ0UiOiJSRFAwM19JTlM1IiwiUm9sIjoiUEEiLCJpYXQiOjE3NTE5NTc4MjYsImV4cCI6MTc1MTk3NTgyNn0.5hzoAgActHdJfo4bpO8v7RLbegcuJ798rlfHNiqpZEs 
01:57:16.091 [pool-2-thread-2] INFO  com.intuit.karate - [print] PA 
01:57:16.093 [pool-2-thread-2] DEBUG com.intuit.karate - request:
1 > POST https://siasis-dev.vercel.app/api/auth/login
1 > Content-Type: application/json; charset=UTF-8
1 > Content-Length: 443
1 > Host: siasis-dev.vercel.app
1 > Connection: Keep-Alive
1 > User-Agent: Apache-HttpClient/4.5.14 (Java/17.0.12)
1 > Accept-Encoding: gzip,deflate
{
  "Nombres": "Jose",
  "Apellidos": "Centeno Diaz",
  "token": "eyJhbGciOiJIUzI1NiIsInR5cCI6IkpXVCJ9.eyJJRF9Vc3VhcmlvIjoiNDE4MDk5MTAiLCJOb21icmVfVXN1YXJpbyI6Impvc2VfY2VudGVub180MTgwIiwiUkRQMDJfSU5TVEFOQ0UiOiJSRFAwMl9JTlMxIiwiUkRQMDNfSU5TVEFOQ0UiOiJSRFAwM19JTlM1IiwiUm9sIjoiUEEiLCJpYXQiOjE3NTE5NTc4MjYsImV4cCI6MTc1MTk3NTgyNn0.5hzoAgActHdJfo4bpO8v7RLbegcuJ798rlfHNiqpZEs",
  "Genero": "M",
  "Google_Drive_Foto_ID": "1sU6Vjh0xUDJ3oT2Za_t41Q1QqUte2bHy",
  "Rol": "PA"
}


01:57:16.158 [pool-2-thread-5] DEBUG com.intuit.karate - response time in milliseconds: 910
1 < 200
1 < Age: 0
1 < Cache-Control: public, max-age=0, must-revalidate
1 < Content-Type: application/json
1 < Date: Tue, 08 Jul 2025 06:57:06 GMT
1 < Server: Vercel
1 < Strict-Transport-Security: max-age=63072000; includeSubDomains; preload
1 < Vary: RSC, Next-Router-State-Tree, Next-Router-Prefetch, Next-Router-Segment-Prefetch
1 < X-Matched-Path: /api/asistencia-hoy/consultar-asistencias-tomadas
1 < X-Vercel-Cache: MISS
1 < X-Vercel-Id: gru1::iad1::9l8f7-1751957826146-0e8c26a91016
1 < Transfer-Encoding: chunked
{
  "Actor": "PA",
  "Dia": 8,
  "Mes": 7,
  "ModoRegistro": "E",
  "TipoAsistencia": "personal",
  "Resultados": [
    {
      "ID_o_DNI": "41809910",
      "AsistenciaMarcada": true,
      "Detalles": {
        "Timestamp": 1751952320275,
        "DesfaseSegundos": 3590
      }
    }
  ]
}


01:57:16.511 [pool-2-thread-2] DEBUG com.intuit.karate - response time in milliseconds: 417
1 < 201
1 < Cache-Control: public, max-age=0, must-revalidate
1 < Content-Length: 0
1 < Date: Tue, 08 Jul 2025 06:57:06 GMT
1 < Server: Vercel
1 < Set-Cookie: Nombres=Jose; Max-Age=18000; Path=/; HttpOnly; Secure; SameSite=Lax
1 < Set-Cookie: Apellidos=Centeno%20Diaz; Max-Age=18000; Path=/; HttpOnly; Secure; SameSite=Lax
1 < Set-Cookie: Rol=PA; Max-Age=18000; Path=/; HttpOnly; Secure; SameSite=Lax
1 < Set-Cookie: token=eyJhbGciOiJIUzI1NiIsInR5cCI6IkpXVCJ9.eyJJRF9Vc3VhcmlvIjoiNDE4MDk5MTAiLCJOb21icmVfVXN1YXJpbyI6Impvc2VfY2VudGVub180MTgwIiwiUkRQMDJfSU5TVEFOQ0UiOiJSRFAwMl9JTlMxIiwiUkRQMDNfSU5TVEFOQ0UiOiJSRFAwM19JTlM1IiwiUm9sIjoiUEEiLCJpYXQiOjE3NTE5NTc4MjYsImV4cCI6MTc1MTk3NTgyNn0.5hzoAgActHdJfo4bpO8v7RLbegcuJ798rlfHNiqpZEs; Max-Age=18000; Path=/; HttpOnly; Secure; SameSite=Lax
1 < Set-Cookie: Genero=M; Max-Age=18000; Path=/; HttpOnly; Secure; SameSite=Lax
1 < Set-Cookie: Google_Drive_Foto_ID=1sU6Vjh0xUDJ3oT2Za_t41Q1QqUte2bHy; Max-Age=18000; Path=/; HttpOnly; Secure; SameSite=Lax
1 < Strict-Transport-Security: max-age=63072000; includeSubDomains; preload
1 < Vary: RSC, Next-Router-State-Tree, Next-Router-Prefetch, Next-Router-Segment-Prefetch
1 < X-Matched-Path: /api/auth/login
1 < X-Vercel-Cache: MISS
1 < X-Vercel-Id: gru1::iad1::kr4zd-1751957826887-6be3bcbff9cd


---------------------------------------------------------
feature: classpath:resources/features/AsistenciaHoy/ConsultarAsistencias/PorRoles/ObtenerAsistenciaRol.feature
scenarios:  5 | passed:  5 | failed:  0 | time: 60.5460
---------------------------------------------------------

01:57:16.840 [pool-3-thread-1] INFO  com.intuit.karate.Suite - <<pass>> feature 3 of 20 (17 remaining) classpath:resources/features/AsistenciaHoy/ConsultarAsistencias/PorRoles/ObtenerAsistenciaRol.feature
---------------------------------------------------------
feature: classpath:resources/features/AsistenciaHoy/MarcarAsistenciaDNI/AsistenciaPropia/MarcarAsistencia.feature
scenarios:  6 | passed:  6 | failed:  0 | time: 10.7976
---------------------------------------------------------

01:57:16.956 [pool-3-thread-1] INFO  com.intuit.karate.Suite - <<pass>> feature 4 of 20 (16 remaining) classpath:resources/features/AsistenciaHoy/MarcarAsistenciaDNI/AsistenciaPropia/MarcarAsistencia.feature
---------------------------------------------------------
feature: classpath:resources/features/AsistenciaHoy/MarcarAsistenciaDNI/DNIespecifico/Personal/Auxiliar.feature
scenarios:  1 | passed:  1 | failed:  0 | time: 1.6269
---------------------------------------------------------

01:57:17.026 [pool-3-thread-1] INFO  com.intuit.karate.Suite - <<pass>> feature 5 of 20 (15 remaining) classpath:resources/features/AsistenciaHoy/MarcarAsistenciaDNI/DNIespecifico/Personal/Auxiliar.feature
---------------------------------------------------------
feature: classpath:resources/features/AsistenciaHoy/MarcarAsistenciaDNI/DNIespecifico/Personal/Directivo.feature
scenarios:  1 | passed:  1 | failed:  0 | time: 1.9318
---------------------------------------------------------

01:57:17.078 [pool-3-thread-1] INFO  com.intuit.karate.Suite - <<pass>> feature 6 of 20 (14 remaining) classpath:resources/features/AsistenciaHoy/MarcarAsistenciaDNI/DNIespecifico/Personal/Directivo.feature
---------------------------------------------------------
feature: classpath:resources/features/AsistenciaHoy/MarcarAsistenciaDNI/DNIespecifico/Personal/PersonalAdmin.feature
scenarios:  1 | passed:  1 | failed:  0 | time: 1.5973
---------------------------------------------------------

01:57:17.120 [pool-3-thread-1] INFO  com.intuit.karate.Suite - <<pass>> feature 7 of 20 (13 remaining) classpath:resources/features/AsistenciaHoy/MarcarAsistenciaDNI/DNIespecifico/Personal/PersonalAdmin.feature
---------------------------------------------------------
feature: classpath:resources/features/AsistenciaHoy/MarcarAsistenciaDNI/DNIespecifico/Personal/ProfesorPrimaria.feature
scenarios:  1 | passed:  1 | failed:  0 | time: 1.5708
---------------------------------------------------------

01:57:17.166 [pool-3-thread-1] INFO  com.intuit.karate.Suite - <<pass>> feature 8 of 20 (12 remaining) classpath:resources/features/AsistenciaHoy/MarcarAsistenciaDNI/DNIespecifico/Personal/ProfesorPrimaria.feature
---------------------------------------------------------
feature: classpath:resources/features/AsistenciaHoy/MarcarAsistenciaDNI/DNIespecifico/Personal/ProfesorSecundariaTutor.feature
scenarios:  1 | passed:  1 | failed:  0 | time: 1.6137
---------------------------------------------------------

01:57:17.214 [pool-3-thread-1] INFO  com.intuit.karate.Suite - <<pass>> feature 9 of 20 (11 remaining) classpath:resources/features/AsistenciaHoy/MarcarAsistenciaDNI/DNIespecifico/Personal/ProfesorSecundariaTutor.feature
---------------------------------------------------------
feature: classpath:resources/features/AsistenciaHoy/MarcarAsistenciaDNI/DNIespecifico/Primaria/MarcarEstudiante.feature
scenarios:  1 | passed:  1 | failed:  0 | time: 1.5515
---------------------------------------------------------

01:57:17.273 [pool-3-thread-1] INFO  com.intuit.karate.Suite - <<pass>> feature 10 of 20 (10 remaining) classpath:resources/features/AsistenciaHoy/MarcarAsistenciaDNI/DNIespecifico/Primaria/MarcarEstudiante.feature
---------------------------------------------------------
feature: classpath:resources/features/AsistenciaHoy/MarcarAsistenciaDNI/DNIespecifico/Secundaria/MarcarEstudiantes.feature
scenarios:  1 | passed:  1 | failed:  0 | time: 1.5499
---------------------------------------------------------

01:57:17.299 [pool-3-thread-1] INFO  com.intuit.karate.Suite - <<pass>> feature 11 of 20 (9 remaining) classpath:resources/features/AsistenciaHoy/MarcarAsistenciaDNI/DNIespecifico/Secundaria/MarcarEstudiantes.feature
---------------------------------------------------------
feature: classpath:resources/features/DatosAsistenciaHoy/DatosAsistenciaHoy.feature
scenarios:  5 | passed:  5 | failed:  0 | time: 7.9828
---------------------------------------------------------

01:57:17.383 [pool-3-thread-1] INFO  com.intuit.karate.Suite - <<pass>> feature 12 of 20 (8 remaining) classpath:resources/features/DatosAsistenciaHoy/DatosAsistenciaHoy.feature
---------------------------------------------------------
feature: classpath:resources/features/login/Auxiliar.feature
scenarios:  1 | passed:  1 | failed:  0 | time: 0.5377
---------------------------------------------------------

01:57:17.407 [pool-3-thread-1] INFO  com.intuit.karate.Suite - <<pass>> feature 13 of 20 (7 remaining) classpath:resources/features/login/Auxiliar.feature
---------------------------------------------------------
feature: classpath:resources/features/login/CasoNoTutor.feature
scenarios:  1 | passed:  1 | failed:  0 | time: 0.6694
---------------------------------------------------------

01:57:17.442 [pool-3-thread-1] INFO  com.intuit.karate.Suite - <<pass>> feature 14 of 20 (6 remaining) classpath:resources/features/login/CasoNoTutor.feature
---------------------------------------------------------
feature: classpath:resources/features/login/CasoTutorSecundaria.feature
scenarios:  1 | passed:  1 | failed:  0 | time: 1.8821
---------------------------------------------------------

01:57:17.465 [pool-3-thread-1] INFO  com.intuit.karate.Suite - <<pass>> feature 15 of 20 (5 remaining) classpath:resources/features/login/CasoTutorSecundaria.feature
---------------------------------------------------------
feature: classpath:resources/features/login/Directivo.feature
scenarios:  1 | passed:  1 | failed:  0 | time: 1.3076
---------------------------------------------------------

01:57:17.483 [pool-3-thread-1] INFO  com.intuit.karate.Suite - <<pass>> feature 16 of 20 (4 remaining) classpath:resources/features/login/Directivo.feature
---------------------------------------------------------
feature: classpath:resources/features/login/PersonalAdmin.feature
scenarios:  1 | passed:  1 | failed:  0 | time: 0.9238
---------------------------------------------------------

01:57:17.503 [pool-3-thread-1] INFO  com.intuit.karate.Suite - <<pass>> feature 17 of 20 (3 remaining) classpath:resources/features/login/PersonalAdmin.feature
---------------------------------------------------------
feature: classpath:resources/features/login/ProfesorPrimaria.feature
scenarios:  1 | passed:  1 | failed:  0 | time: 1.0029
---------------------------------------------------------

01:57:17.519 [pool-3-thread-1] INFO  com.intuit.karate.Suite - <<pass>> feature 18 of 20 (2 remaining) classpath:resources/features/login/ProfesorPrimaria.feature
---------------------------------------------------------
feature: classpath:resources/features/SetCookies/SetCookies.feature
scenarios:  5 | passed:  5 | failed:  0 | time: 5.7231
---------------------------------------------------------

01:57:17.599 [pool-3-thread-1] INFO  com.intuit.karate.Suite - <<pass>> feature 20 of 20 (0 remaining) classpath:resources/features/SetCookies/SetCookies.feature
Karate version: 1.4.1 | env: desa
======================================================
elapsed:  55.04 | threads:    5 | thread time: 254.45 
features:    19 | skipped:    1 | efficiency: 0.92
scenarios:   45 | passed:    45 | failed: 0
======================================================

HTML report: (paste into browser to view) | Karate version: 1.4.1 | env: desa
file:///C:/Users/USER/Documents/framework-Karate/myproject-Karate-Cookies/target/karate-reports/karate-summary.html
===================================================================

]]></system-out>
  </testcase>
</testsuite>